Found 1 CUDA device(s)

Device 0: NVIDIA A100-SXM4-40GB
  Total memory bytes: 42296475648
  MultiProcessor count: 108
  Major.Minor: 8.0
  Max threads per block: 2048
  Memory reserved bytes: 0
  Memory allocated bytes: 0
  Free inside reserved bytes: 0
  Active allocations: 0
========================================
MODEL ID: MSRVTT = FEAT newBlip2ClsKF+newMViTv2+newImgCapBlip2KF fsl-13 mcl-20 = Transformer d-512 N_enc-0 N_dec-3 h-4 h_big-4 dp-0.1 = OPTIM lr-0.0001 warmup-3 gamma-0.5 pat-3 wd-5e-06 rg-0.7 = bs-64-gc-5.0-ls-0.15 = 1764734384
Enter the load_video_feats method.
Enter the load_video_feats method.
Enter the load_video_feats method.
#vocabs: 10444 (23046), #words: 1178850 (1194458). Trim words which appear less than 3 times.
{'Total': 53114776, 'Trainable': 53114776}


[EPOCH 1 TRAIN]
time: 191.65 seconds | lr: 0.000033
loss:3.922532 = (1-reg):0.30 * r2l_loss:3.942534 + (reg):0.70 * l2r_loss:3.913959
{'testlen': 2863, 'reflen': 3176, 'guess': [2863, 2366, 1869, 1383], 'correct': [2438, 1410, 693, 279]}
ratio: 0.9014483627201192
{'testlen': 2903, 'reflen': 3156, 'guess': [2903, 2406, 1909, 1412], 'correct': [2526, 1498, 762, 329]}
ratio: 0.9198352344737263
[EPOCH 1 VAL]
time: 73.95 seconds
loss:3.535123 = (1-reg):0.30 * r2l_loss:3.504422 + (reg):0.70 * l2r_loss:3.548280
r2l_scores: {'Bleu_1': 0.7633658475239088, 'Bleu_2': 0.6385997373101515, 'Bleu_3': 0.5136893860761528, 'Bleu_4': 0.39568632684840616, 'METEOR': 0.27765345155465204, 'ROUGE_L': 0.6021344028741556, 'CIDEr': 0.4421730360925951}
l2r_scores: {'Bleu_1': 0.7975116119519903, 'Bleu_2': 0.6746087271509957, 'Bleu_3': 0.5501332393426712, 'Bleu_4': 0.4342390651853131, 'METEOR': 0.28976986758056295, 'ROUGE_L': 0.6214060739445044, 'CIDEr': 0.44249872289675474}
>> Saving checkpoint to 1.ckpt
>> New best model at epoch 1 | CIDEr: 0.44249872289675474


[EPOCH 2 TRAIN]
time: 194.62 seconds | lr: 0.000056
loss:3.247761 = (1-reg):0.30 * r2l_loss:3.249370 + (reg):0.70 * l2r_loss:3.247072
{'testlen': 2885, 'reflen': 3141, 'guess': [2885, 2388, 1891, 1396], 'correct': [2557, 1548, 787, 326]}
ratio: 0.9184972938551677
{'testlen': 2988, 'reflen': 3204, 'guess': [2988, 2491, 1994, 1497], 'correct': [2641, 1642, 864, 389]}
ratio: 0.9325842696626303
[EPOCH 2 VAL]
time: 76.48 seconds
loss:3.205575 = (1-reg):0.30 * r2l_loss:3.163882 + (reg):0.70 * l2r_loss:3.223443
r2l_scores: {'Bleu_1': 0.8110504343003762, 'Bleu_2': 0.6936233789816382, 'Bleu_3': 0.5679775891425335, 'Bleu_4': 0.4448331896063312, 'METEOR': 0.2941717369878222, 'ROUGE_L': 0.6334756732426523, 'CIDEr': 0.5642633091164172}
l2r_scores: {'Bleu_1': 0.8222294467451557, 'Bleu_2': 0.7100661912141965, 'Bleu_3': 0.5879365939782377, 'Bleu_4': 0.470794221689374, 'METEOR': 0.30478536626750047, 'ROUGE_L': 0.6376928197845059, 'CIDEr': 0.5319808487896297}
>> Saving checkpoint to 2.ckpt
>> New best model at epoch 2 | CIDEr: 0.5319808487896297


[EPOCH 3 TRAIN]
time: 196.77 seconds | lr: 0.000078
loss:2.965030 = (1-reg):0.30 * r2l_loss:2.964895 + (reg):0.70 * l2r_loss:2.965088
{'testlen': 2980, 'reflen': 3222, 'guess': [2980, 2483, 1986, 1489], 'correct': [2606, 1600, 820, 345]}
ratio: 0.924891371818459
{'testlen': 3108, 'reflen': 3305, 'guess': [3108, 2611, 2114, 1617], 'correct': [2733, 1683, 877, 401]}
ratio: 0.9403933434187774
[EPOCH 3 VAL]
time: 78.00 seconds
loss:2.995889 = (1-reg):0.30 * r2l_loss:2.995343 + (reg):0.70 * l2r_loss:2.996122
r2l_scores: {'Bleu_1': 0.8062875200114706, 'Bleu_2': 0.6921217474351054, 'Bleu_3': 0.5670793026206183, 'Bleu_4': 0.4442699043926268, 'METEOR': 0.30136070062040704, 'ROUGE_L': 0.6385463853695161, 'CIDEr': 0.5976097024772123}
l2r_scores: {'Bleu_1': 0.825336300330154, 'Bleu_2': 0.7066270496163397, 'Bleu_3': 0.5793163921735178, 'Bleu_4': 0.46122573595593785, 'METEOR': 0.3082442368460522, 'ROUGE_L': 0.6387367975106423, 'CIDEr': 0.5848371681278143}
>> Saving checkpoint to 3.ckpt
>> New best model at epoch 3 | CIDEr: 0.5848371681278143


[EPOCH 4 TRAIN]
time: 191.42 seconds | lr: 0.000100
loss:2.779407 = (1-reg):0.30 * r2l_loss:2.777604 + (reg):0.70 * l2r_loss:2.780180
{'testlen': 3103, 'reflen': 3299, 'guess': [3103, 2606, 2109, 1615], 'correct': [2668, 1581, 804, 337]}
ratio: 0.9405880569866807
{'testlen': 3113, 'reflen': 3306, 'guess': [3113, 2616, 2119, 1622], 'correct': [2753, 1743, 945, 453]}
ratio: 0.9416212946155651
[EPOCH 4 VAL]
time: 79.27 seconds
loss:2.918323 = (1-reg):0.30 * r2l_loss:2.925030 + (reg):0.70 * l2r_loss:2.915449
r2l_scores: {'Bleu_1': 0.807182946616411, 'Bleu_2': 0.6780296446755536, 'Bleu_3': 0.5479592392455573, 'Bleu_4': 0.42370883143349275, 'METEOR': 0.2911843821603005, 'ROUGE_L': 0.615750852220241, 'CIDEr': 0.5783711688607481}
l2r_scores: {'Bleu_1': 0.8311926034323868, 'Bleu_2': 0.7214694537729457, 'Bleu_3': 0.6020100976495819, 'Bleu_4': 0.48919647018467227, 'METEOR': 0.3175307807145032, 'ROUGE_L': 0.6432933878904248, 'CIDEr': 0.6141249922775305}
>> Saving checkpoint to 4.ckpt
>> New best model at epoch 4 | CIDEr: 0.6141249922775305


[EPOCH 5 TRAIN]
time: 193.43 seconds | lr: 0.000100
loss:2.634399 = (1-reg):0.30 * r2l_loss:2.630826 + (reg):0.70 * l2r_loss:2.635931
{'testlen': 3110, 'reflen': 3318, 'guess': [3110, 2613, 2116, 1621], 'correct': [2682, 1621, 830, 361]}
ratio: 0.9373116335138827
{'testlen': 3210, 'reflen': 3360, 'guess': [3210, 2713, 2216, 1719], 'correct': [2830, 1773, 942, 420]}
ratio: 0.9553571428568586
[EPOCH 5 VAL]
time: 79.76 seconds
loss:2.852715 = (1-reg):0.30 * r2l_loss:2.848329 + (reg):0.70 * l2r_loss:2.854595
r2l_scores: {'Bleu_1': 0.8065890515050298, 'Bleu_2': 0.6841084156565739, 'Bleu_3': 0.5558045243968216, 'Bleu_4': 0.434871643384005, 'METEOR': 0.29388609532323773, 'ROUGE_L': 0.6223757019984569, 'CIDEr': 0.5967745563388098}
l2r_scores: {'Bleu_1': 0.8413704761081069, 'Bleu_2': 0.7243959904381603, 'Bleu_3': 0.5970990257396622, 'Bleu_4': 0.47201368657771886, 'METEOR': 0.311681853326043, 'ROUGE_L': 0.6435502029870152, 'CIDEr': 0.602960647368958}


[EPOCH 6 TRAIN]
time: 190.32 seconds | lr: 0.000100
loss:2.527993 = (1-reg):0.30 * r2l_loss:2.523979 + (reg):0.70 * l2r_loss:2.529713
{'testlen': 3096, 'reflen': 3328, 'guess': [3096, 2599, 2102, 1607], 'correct': [2692, 1642, 871, 386]}
ratio: 0.930288461538182
{'testlen': 3272, 'reflen': 3408, 'guess': [3272, 2775, 2278, 1781], 'correct': [2889, 1831, 1009, 481]}
ratio: 0.9600938967133333
[EPOCH 6 VAL]
time: 78.83 seconds
loss:2.831229 = (1-reg):0.30 * r2l_loss:2.839752 + (reg):0.70 * l2r_loss:2.827577
r2l_scores: {'Bleu_1': 0.8067334646887742, 'Bleu_2': 0.6876642665590951, 'Bleu_3': 0.566497645410181, 'Bleu_4': 0.4486476849103745, 'METEOR': 0.2976449155386022, 'ROUGE_L': 0.6323205053685703, 'CIDEr': 0.6289046884740457}
l2r_scores: {'Bleu_1': 0.8469989792783994, 'Bleu_2': 0.7321978376248374, 'Bleu_3': 0.6107277543630164, 'Bleu_4': 0.49288226537981805, 'METEOR': 0.319762006364827, 'ROUGE_L': 0.6526332775826408, 'CIDEr': 0.6437288676193732}
>> Saving checkpoint to 6.ckpt
>> New best model at epoch 6 | CIDEr: 0.6437288676193732


[EPOCH 7 TRAIN]
time: 193.78 seconds | lr: 0.000100
loss:2.443759 = (1-reg):0.30 * r2l_loss:2.440968 + (reg):0.70 * l2r_loss:2.444955
{'testlen': 3238, 'reflen': 3414, 'guess': [3238, 2741, 2244, 1747], 'correct': [2803, 1725, 932, 425]}
ratio: 0.9484475688339342
{'testlen': 3277, 'reflen': 3396, 'guess': [3277, 2780, 2283, 1788], 'correct': [2876, 1838, 995, 454]}
ratio: 0.9649587750291623
[EPOCH 7 VAL]
time: 81.98 seconds
loss:2.800519 = (1-reg):0.30 * r2l_loss:2.816691 + (reg):0.70 * l2r_loss:2.793588
r2l_scores: {'Bleu_1': 0.8198612806999246, 'Bleu_2': 0.69904845772487, 'Bleu_3': 0.5771214936064497, 'Bleu_4': 0.4587467217860618, 'METEOR': 0.3068209791186146, 'ROUGE_L': 0.6398038397788786, 'CIDEr': 0.633103014452933}
l2r_scores: {'Bleu_1': 0.8463336333846027, 'Bleu_2': 0.7345743094495799, 'Bleu_3': 0.6098259954367241, 'Bleu_4': 0.48543806120136, 'METEOR': 0.32137307178480945, 'ROUGE_L': 0.6510770038960454, 'CIDEr': 0.6414347942852189}


[EPOCH 8 TRAIN]
time: 193.44 seconds | lr: 0.000100
loss:2.373696 = (1-reg):0.30 * r2l_loss:2.371321 + (reg):0.70 * l2r_loss:2.374714
{'testlen': 3282, 'reflen': 3443, 'guess': [3282, 2785, 2288, 1791], 'correct': [2833, 1711, 892, 399]}
ratio: 0.9532384548356221
{'testlen': 3297, 'reflen': 3410, 'guess': [3297, 2800, 2303, 1806], 'correct': [2869, 1820, 975, 445]}
ratio: 0.966862170087693
[EPOCH 8 VAL]
time: 88.79 seconds
loss:2.788073 = (1-reg):0.30 * r2l_loss:2.794368 + (reg):0.70 * l2r_loss:2.785375
r2l_scores: {'Bleu_1': 0.8218706751443785, 'Bleu_2': 0.6933649610221289, 'Bleu_3': 0.5630012611856939, 'Bleu_4': 0.4410879819682278, 'METEOR': 0.30085825777825026, 'ROUGE_L': 0.6356916330683344, 'CIDEr': 0.618822659285884}
l2r_scores: {'Bleu_1': 0.8408659635863023, 'Bleu_2': 0.7267376351129744, 'Bleu_3': 0.6000586735001217, 'Bleu_4': 0.47624962592584164, 'METEOR': 0.31714462634027446, 'ROUGE_L': 0.6431775526653097, 'CIDEr': 0.6147083058610943}


[EPOCH 9 TRAIN]
time: 195.06 seconds | lr: 0.000100
loss:2.313546 = (1-reg):0.30 * r2l_loss:2.312304 + (reg):0.70 * l2r_loss:2.314079
{'testlen': 3270, 'reflen': 3426, 'guess': [3270, 2773, 2276, 1779], 'correct': [2786, 1666, 856, 373]}
ratio: 0.9544658493867617
{'testlen': 3249, 'reflen': 3387, 'guess': [3249, 2752, 2255, 1758], 'correct': [2888, 1872, 1037, 502]}
ratio: 0.9592559787419666
[EPOCH 9 VAL]
time: 81.83 seconds
loss:2.782748 = (1-reg):0.30 * r2l_loss:2.792447 + (reg):0.70 * l2r_loss:2.778592
r2l_scores: {'Bleu_1': 0.8122967649036816, 'Bleu_2': 0.6821197239448414, 'Bleu_3': 0.5505135701493514, 'Bleu_4': 0.4273459412452471, 'METEOR': 0.3032111030526973, 'ROUGE_L': 0.6354130158167792, 'CIDEr': 0.6032035465588231}
l2r_scores: {'Bleu_1': 0.8519242681694629, 'Bleu_2': 0.7452568190804068, 'Bleu_3': 0.6255555475187953, 'Bleu_4': 0.5087553620852996, 'METEOR': 0.32866707162567843, 'ROUGE_L': 0.6647300748460644, 'CIDEr': 0.6594804385492231}
>> Saving checkpoint to 9.ckpt
>> New best model at epoch 9 | CIDEr: 0.6594804385492231


[EPOCH 10 TRAIN]
time: 196.15 seconds | lr: 0.000100
loss:2.261920 = (1-reg):0.30 * r2l_loss:2.260412 + (reg):0.70 * l2r_loss:2.262567
{'testlen': 3275, 'reflen': 3451, 'guess': [3275, 2778, 2281, 1784], 'correct': [2840, 1709, 891, 405]}
ratio: 0.9490002897708059
{'testlen': 3279, 'reflen': 3413, 'guess': [3279, 2782, 2285, 1788], 'correct': [2854, 1754, 931, 436]}
ratio: 0.9607383533545383
[EPOCH 10 VAL]
time: 81.27 seconds
loss:2.784173 = (1-reg):0.30 * r2l_loss:2.798556 + (reg):0.70 * l2r_loss:2.778009
r2l_scores: {'Bleu_1': 0.8218032441464248, 'Bleu_2': 0.692180314948496, 'Bleu_3': 0.5618459322039596, 'Bleu_4': 0.44197039335575844, 'METEOR': 0.2975674186522001, 'ROUGE_L': 0.6303418284949343, 'CIDEr': 0.6034424454004967}
l2r_scores: {'Bleu_1': 0.8355349533885272, 'Bleu_2': 0.7111227592574082, 'Bleu_3': 0.5826417051273154, 'Bleu_4': 0.46386749116916615, 'METEOR': 0.31376461434327935, 'ROUGE_L': 0.6401784593391027, 'CIDEr': 0.600486334172233}


[EPOCH 11 TRAIN]
time: 193.62 seconds | lr: 0.000100
loss:2.214860 = (1-reg):0.30 * r2l_loss:2.214958 + (reg):0.70 * l2r_loss:2.214818
{'testlen': 3129, 'reflen': 3315, 'guess': [3129, 2632, 2135, 1639], 'correct': [2724, 1693, 896, 410]}
ratio: 0.9438914027146474
{'testlen': 3305, 'reflen': 3406, 'guess': [3305, 2808, 2311, 1814], 'correct': [2929, 1850, 997, 467]}
ratio: 0.9703464474453992
[EPOCH 11 VAL]
time: 80.80 seconds
loss:2.772553 = (1-reg):0.30 * r2l_loss:2.794776 + (reg):0.70 * l2r_loss:2.763028
r2l_scores: {'Bleu_1': 0.8203239233979166, 'Bleu_2': 0.7051315448403113, 'Bleu_3': 0.5814933488972618, 'Bleu_4': 0.4639869317868989, 'METEOR': 0.29978292210317825, 'ROUGE_L': 0.6274940495594653, 'CIDEr': 0.6221788112544101}
l2r_scores: {'Bleu_1': 0.859559557469923, 'Bleu_2': 0.7411213631201323, 'Bleu_3': 0.6125393325453389, 'Bleu_4': 0.4894433155628505, 'METEOR': 0.32019933215474045, 'ROUGE_L': 0.6460271781070799, 'CIDEr': 0.622343041648861}


[EPOCH 12 TRAIN]
time: 191.39 seconds | lr: 0.000100
loss:2.172007 = (1-reg):0.30 * r2l_loss:2.173180 + (reg):0.70 * l2r_loss:2.171505
{'testlen': 3160, 'reflen': 3342, 'guess': [3160, 2663, 2166, 1669], 'correct': [2691, 1611, 833, 372]}
ratio: 0.945541591860878
{'testlen': 3317, 'reflen': 3441, 'guess': [3317, 2820, 2323, 1826], 'correct': [2927, 1856, 1022, 479]}
ratio: 0.9639639639636838
[EPOCH 12 VAL]
time: 81.23 seconds
loss:2.782829 = (1-reg):0.30 * r2l_loss:2.795129 + (reg):0.70 * l2r_loss:2.777557
r2l_scores: {'Bleu_1': 0.8039211453278637, 'Bleu_2': 0.6775827347614082, 'Bleu_3': 0.5503420318196887, 'Bleu_4': 0.43275577504303714, 'METEOR': 0.2937378356457411, 'ROUGE_L': 0.6187514360848388, 'CIDEr': 0.6142878746746907}
l2r_scores: {'Bleu_1': 0.8500450509149564, 'Bleu_2': 0.7341211723909818, 'Bleu_3': 0.6112712345864442, 'Bleu_4': 0.4901458472489761, 'METEOR': 0.32502119743076263, 'ROUGE_L': 0.6588572998676873, 'CIDEr': 0.6469835590285071}


[EPOCH 13 TRAIN]
time: 204.01 seconds | lr: 0.000100
loss:2.133422 = (1-reg):0.30 * r2l_loss:2.136514 + (reg):0.70 * l2r_loss:2.132097
{'testlen': 3312, 'reflen': 3459, 'guess': [3312, 2815, 2318, 1822], 'correct': [2824, 1716, 890, 406]}
ratio: 0.9575021682564447
{'testlen': 3373, 'reflen': 3460, 'guess': [3373, 2876, 2379, 1882], 'correct': [2947, 1895, 1049, 485]}
ratio: 0.974855491329198
[EPOCH 13 VAL]
time: 80.65 seconds
loss:2.775006 = (1-reg):0.30 * r2l_loss:2.793316 + (reg):0.70 * l2r_loss:2.767159
r2l_scores: {'Bleu_1': 0.8156401818648648, 'Bleu_2': 0.6896533860380982, 'Bleu_3': 0.55901164688161, 'Bleu_4': 0.43927968540420503, 'METEOR': 0.2963451945172237, 'ROUGE_L': 0.6265124177964455, 'CIDEr': 0.6213413646391097}
l2r_scores: {'Bleu_1': 0.8514556073526051, 'Bleu_2': 0.7394184431575737, 'Bleu_3': 0.6170494076374444, 'Bleu_4': 0.4928559892105504, 'METEOR': 0.32412618259477816, 'ROUGE_L': 0.6607773269939313, 'CIDEr': 0.6496276920684957}


[EPOCH 14 TRAIN]
time: 196.17 seconds | lr: 0.000100
loss:2.097138 = (1-reg):0.30 * r2l_loss:2.101382 + (reg):0.70 * l2r_loss:2.095319
{'testlen': 3287, 'reflen': 3422, 'guess': [3287, 2790, 2293, 1796], 'correct': [2845, 1718, 915, 412]}
ratio: 0.9605493863235066
{'testlen': 3384, 'reflen': 3468, 'guess': [3384, 2887, 2390, 1893], 'correct': [2957, 1840, 999, 465]}
ratio: 0.9757785467125214
[EPOCH 14 VAL]
time: 82.10 seconds
loss:2.776515 = (1-reg):0.30 * r2l_loss:2.792648 + (reg):0.70 * l2r_loss:2.769601
r2l_scores: {'Bleu_1': 0.8307028640317267, 'Bleu_2': 0.7006706122855481, 'Bleu_3': 0.5728874765096872, 'Bleu_4': 0.4510664259413482, 'METEOR': 0.29868489495605044, 'ROUGE_L': 0.6262503911368705, 'CIDEr': 0.6297567639854326}
l2r_scores: {'Bleu_1': 0.8523944447977256, 'Bleu_2': 0.7279736256075, 'Bleu_3': 0.600075882793914, 'Bleu_4': 0.4770183923295483, 'METEOR': 0.3230761952405109, 'ROUGE_L': 0.6485146863698765, 'CIDEr': 0.6332083873100358}


[EPOCH 15 TRAIN]
time: 201.37 seconds | lr: 0.000100
loss:2.063092 = (1-reg):0.30 * r2l_loss:2.069383 + (reg):0.70 * l2r_loss:2.060397
{'testlen': 3302, 'reflen': 3447, 'guess': [3302, 2805, 2308, 1811], 'correct': [2827, 1690, 888, 392]}
ratio: 0.9579344357409464
{'testlen': 3664, 'reflen': 3713, 'guess': [3664, 3167, 2670, 2173], 'correct': [3148, 1963, 1063, 496]}
ratio: 0.9868031241580968
[EPOCH 15 VAL]
time: 84.58 seconds
loss:2.789219 = (1-reg):0.30 * r2l_loss:2.798312 + (reg):0.70 * l2r_loss:2.785322
r2l_scores: {'Bleu_1': 0.8193654769053179, 'Bleu_2': 0.6873535993298944, 'Bleu_3': 0.5582415635891251, 'Bleu_4': 0.4357032114850988, 'METEOR': 0.2945617820251967, 'ROUGE_L': 0.6227447070638691, 'CIDEr': 0.5912735658927897}
l2r_scores: {'Bleu_1': 0.8477567983665393, 'Bleu_2': 0.7200584809668404, 'Bleu_3': 0.5883690984073564, 'Bleu_4': 0.46279737243309976, 'METEOR': 0.3183617785902637, 'ROUGE_L': 0.6466324631517307, 'CIDEr': 0.6051240074316495}


[EPOCH 16 TRAIN]
time: 202.16 seconds | lr: 0.000050
loss:1.984524 = (1-reg):0.30 * r2l_loss:1.994239 + (reg):0.70 * l2r_loss:1.980360
{'testlen': 3261, 'reflen': 3418, 'guess': [3261, 2764, 2267, 1770], 'correct': [2848, 1705, 888, 384]}
ratio: 0.9540667056755547
{'testlen': 3444, 'reflen': 3540, 'guess': [3444, 2947, 2450, 1953], 'correct': [2980, 1836, 994, 477]}
ratio: 0.9728813559319286
[EPOCH 16 VAL]
time: 81.82 seconds
loss:2.786929 = (1-reg):0.30 * r2l_loss:2.803662 + (reg):0.70 * l2r_loss:2.779758
r2l_scores: {'Bleu_1': 0.8323005677078539, 'Bleu_2': 0.6994855868007631, 'Bleu_3': 0.5673747401499962, 'Bleu_4': 0.44082349991019676, 'METEOR': 0.29519250067120417, 'ROUGE_L': 0.6280247808551586, 'CIDEr': 0.6091618995299997}
l2r_scores: {'Bleu_1': 0.8414868851922412, 'Bleu_2': 0.7140309906853669, 'Bleu_3': 0.5859351490829567, 'Bleu_4': 0.4675356749648599, 'METEOR': 0.3147058345689526, 'ROUGE_L': 0.6371879788845021, 'CIDEr': 0.6040269550620202}



[BEST: 9 | SEED: 904666 | VAL-CIDEr: 0.6594804385492231]
{'testlen': 19734, 'reflen': 20759, 'guess': [19734, 16744, 13754, 10768], 'correct': [16843, 10329, 5492, 2553]}
ratio: 0.950623825810446
{'testlen': 19625, 'reflen': 20569, 'guess': [19625, 16635, 13645, 10655], 'correct': [17254, 11014, 6041, 2867]}
ratio: 0.954105693033159
time: 574.48 seconds
r2l_scores: {'Bleu_1': 0.8103016372016641, 'Bleu_2': 0.6888808071024621, 'Bleu_3': 0.5645174313547284, 'Bleu_4': 0.4485879025840305, 'METEOR': 0.3005467685535092, 'ROUGE_L': 0.6318339506605943, 'CIDEr': 0.6202486178146365}
l2r_scores: {'Bleu_1': 0.8378952604493856, 'Bleu_2': 0.7271278904010317, 'Bleu_3': 0.6064879397990268, 'Bleu_4': 0.489060500550843, 'METEOR': 0.31483216068429587, 'ROUGE_L': 0.6532844622647138, 'CIDEr': 0.6383348933138548}
----------------------------------------
>> [Train time] Total: 3125.36 seconds => Per epoch: 195.33 seconds
>> [Val time] Total: 1291.33 seconds => Per epoch: 80.71 seconds
