Found 1 CUDA device(s)

Device 0: NVIDIA A100-SXM4-40GB
  Total memory bytes: 42296475648
  MultiProcessor count: 108
  Major.Minor: 8.0
  Max threads per block: 2048
  Memory reserved bytes: 0
  Memory allocated bytes: 0
  Free inside reserved bytes: 0
  Active allocations: 0
========================================
MODEL ID: MSRVTT = FEAT newBlip2ClsKF+newMViTv2+newImgCapBlip2KF fsl-13 mcl-20 = Transformer d-512 N_enc-0 N_dec-6 h-8 h_big-8 dp-0.1 = OPTIM lr-0.0001 warmup-3 gamma-0.5 pat-3 wd-5e-06 rg-0.5 = bs-64-gc-5.0-ls-0.15 = 1764642783
Enter the load_video_feats method.
Enter the load_video_feats method.
Enter the load_video_feats method.
#vocabs: 10444 (23046), #words: 1178850 (1194458). Trim words which appear less than 3 times.
{'Total': 81515416, 'Trainable': 81515416}


[EPOCH 1 TRAIN]
time: 328.75 seconds | lr: 0.000033
loss:4.067228 = (1-reg):0.50 * r2l_loss:4.035649 + (reg):0.50 * l2r_loss:4.098807
{'testlen': 3064, 'reflen': 3334, 'guess': [3064, 2567, 2070, 1581], 'correct': [2534, 1443, 692, 270]}
ratio: 0.9190161967603723
{'testlen': 3195, 'reflen': 3384, 'guess': [3195, 2698, 2201, 1704], 'correct': [2727, 1586, 781, 340]}
ratio: 0.9441489361699338
[EPOCH 1 VAL]
time: 111.75 seconds
loss:3.843490 = (1-reg):0.50 * r2l_loss:3.744434 + (reg):0.50 * l2r_loss:3.942546
r2l_scores: {'Bleu_1': 0.7572648079081115, 'Bleu_2': 0.6243226353038162, 'Bleu_3': 0.4922978569599847, 'Bleu_4': 0.3695825126207353, 'METEOR': 0.2672750854224943, 'ROUGE_L': 0.5818052992343753, 'CIDEr': 0.41761291347593277}
l2r_scores: {'Bleu_1': 0.8044954940125935, 'Bleu_2': 0.6676473000319085, 'Bleu_3': 0.5302469453537603, 'Bleu_4': 0.4092025187668485, 'METEOR': 0.2771291366564328, 'ROUGE_L': 0.6081237851227641, 'CIDEr': 0.3936168106661881}
>> Saving checkpoint to 1.ckpt
>> New best model at epoch 1 | CIDEr: 0.3936168106661881


[EPOCH 2 TRAIN]
time: 328.02 seconds | lr: 0.000056
loss:3.362224 = (1-reg):0.50 * r2l_loss:3.323354 + (reg):0.50 * l2r_loss:3.401094
{'testlen': 3012, 'reflen': 3248, 'guess': [3012, 2515, 2018, 1521], 'correct': [2562, 1553, 780, 309]}
ratio: 0.927339901477547
{'testlen': 3220, 'reflen': 3393, 'guess': [3220, 2723, 2226, 1729], 'correct': [2815, 1768, 952, 443]}
ratio: 0.9490126731503244
[EPOCH 2 VAL]
time: 117.77 seconds
loss:3.472006 = (1-reg):0.50 * r2l_loss:3.405526 + (reg):0.50 * l2r_loss:3.538487
r2l_scores: {'Bleu_1': 0.7864946489616175, 'Bleu_2': 0.6701166772717748, 'Bleu_3': 0.543436289089282, 'Bleu_4': 0.4166886747858368, 'METEOR': 0.28504529327962386, 'ROUGE_L': 0.622906640136134, 'CIDEr': 0.5385540394213506}
l2r_scores: {'Bleu_1': 0.8284938990111819, 'Bleu_2': 0.7139953124961109, 'Bleu_3': 0.591184581573776, 'Bleu_4': 0.47327242822122595, 'METEOR': 0.30451776470242, 'ROUGE_L': 0.6390392382445041, 'CIDEr': 0.5239335778316064}
>> Saving checkpoint to 2.ckpt
>> New best model at epoch 2 | CIDEr: 0.5239335778316064


[EPOCH 3 TRAIN]
time: 327.06 seconds | lr: 0.000078
loss:3.065569 = (1-reg):0.50 * r2l_loss:3.029364 + (reg):0.50 * l2r_loss:3.101774
{'testlen': 3003, 'reflen': 3227, 'guess': [3003, 2506, 2009, 1512], 'correct': [2601, 1576, 822, 352]}
ratio: 0.9305856832968916
{'testlen': 3251, 'reflen': 3414, 'guess': [3251, 2754, 2257, 1760], 'correct': [2775, 1737, 937, 440]}
ratio: 0.9522554188632243
[EPOCH 3 VAL]
time: 116.59 seconds
loss:3.238389 = (1-reg):0.50 * r2l_loss:3.191548 + (reg):0.50 * l2r_loss:3.285229
r2l_scores: {'Bleu_1': 0.8038779079424357, 'Bleu_2': 0.6849914597066212, 'Bleu_3': 0.5627157739247665, 'Bleu_4': 0.44296131880741124, 'METEOR': 0.2951020597030376, 'ROUGE_L': 0.6337610414079206, 'CIDEr': 0.5881567648484012}
l2r_scores: {'Bleu_1': 0.8118413716042041, 'Bleu_2': 0.6978564736309397, 'Bleu_3': 0.5771939966993104, 'Bleu_4': 0.46241578057453714, 'METEOR': 0.3095162569489563, 'ROUGE_L': 0.6394840469685186, 'CIDEr': 0.5602524203935481}
>> Saving checkpoint to 3.ckpt
>> New best model at epoch 3 | CIDEr: 0.5602524203935481


[EPOCH 4 TRAIN]
time: 322.91 seconds | lr: 0.000100
loss:2.871063 = (1-reg):0.50 * r2l_loss:2.837930 + (reg):0.50 * l2r_loss:2.904196
{'testlen': 2972, 'reflen': 3210, 'guess': [2972, 2475, 1978, 1481], 'correct': [2626, 1636, 859, 368]}
ratio: 0.9258566978190262
{'testlen': 3387, 'reflen': 3496, 'guess': [3387, 2890, 2393, 1896], 'correct': [2918, 1857, 991, 456]}
ratio: 0.9688215102972058
[EPOCH 4 VAL]
time: 119.14 seconds
loss:3.125307 = (1-reg):0.50 * r2l_loss:3.082158 + (reg):0.50 * l2r_loss:3.168456
r2l_scores: {'Bleu_1': 0.8155813520126625, 'Bleu_2': 0.7054209881283461, 'Bleu_3': 0.5842898387502462, 'Bleu_4': 0.46248726965437653, 'METEOR': 0.30314686987265504, 'ROUGE_L': 0.6476684578407259, 'CIDEr': 0.6370619810276698}
l2r_scores: {'Bleu_1': 0.8342451327928182, 'Bleu_2': 0.7204696099037632, 'Bleu_3': 0.5926459122525484, 'Bleu_4': 0.46922808140327016, 'METEOR': 0.3092497454153613, 'ROUGE_L': 0.6426699310841769, 'CIDEr': 0.5816880235043439}
>> Saving checkpoint to 4.ckpt
>> New best model at epoch 4 | CIDEr: 0.5816880235043439


[EPOCH 5 TRAIN]
time: 326.08 seconds | lr: 0.000100
loss:2.718632 = (1-reg):0.50 * r2l_loss:2.687362 + (reg):0.50 * l2r_loss:2.749901
{'testlen': 3090, 'reflen': 3293, 'guess': [3090, 2593, 2096, 1599], 'correct': [2675, 1634, 848, 356]}
ratio: 0.9383540844212152
{'testlen': 3283, 'reflen': 3434, 'guess': [3283, 2786, 2289, 1792], 'correct': [2865, 1822, 1011, 477]}
ratio: 0.9560279557364717
[EPOCH 5 VAL]
time: 118.68 seconds
loss:3.042788 = (1-reg):0.50 * r2l_loss:3.008362 + (reg):0.50 * l2r_loss:3.077214
r2l_scores: {'Bleu_1': 0.8106511191383352, 'Bleu_2': 0.6916336277594263, 'Bleu_3': 0.5659027683006517, 'Bleu_4': 0.4408835726627545, 'METEOR': 0.29914616167335506, 'ROUGE_L': 0.6357078886496256, 'CIDEr': 0.6270620160137111}
l2r_scores: {'Bleu_1': 0.8334481339323834, 'Bleu_2': 0.7214983413610009, 'Bleu_3': 0.6033004149036189, 'Bleu_4': 0.48607302492421345, 'METEOR': 0.31605199879202145, 'ROUGE_L': 0.6459181158684976, 'CIDEr': 0.6001710577227095}
>> Saving checkpoint to 5.ckpt
>> New best model at epoch 5 | CIDEr: 0.6001710577227095


[EPOCH 6 TRAIN]
time: 326.18 seconds | lr: 0.000100
loss:2.606734 = (1-reg):0.50 * r2l_loss:2.575928 + (reg):0.50 * l2r_loss:2.637539
{'testlen': 3250, 'reflen': 3422, 'guess': [3250, 2753, 2256, 1760], 'correct': [2801, 1718, 914, 416]}
ratio: 0.9497369959085478
{'testlen': 3309, 'reflen': 3432, 'guess': [3309, 2812, 2315, 1818], 'correct': [2902, 1850, 1020, 488]}
ratio: 0.9641608391605583
[EPOCH 6 VAL]
time: 121.86 seconds
loss:2.972212 = (1-reg):0.50 * r2l_loss:2.945907 + (reg):0.50 * l2r_loss:2.998517
r2l_scores: {'Bleu_1': 0.8174205422268394, 'Bleu_2': 0.6955672854821026, 'Bleu_3': 0.5707339823390098, 'Bleu_4': 0.4518293250872407, 'METEOR': 0.3022175133972005, 'ROUGE_L': 0.6363321864920939, 'CIDEr': 0.6119642703481559}
l2r_scores: {'Bleu_1': 0.845001205212185, 'Bleu_2': 0.7318721377159557, 'Bleu_3': 0.6103684787145627, 'Bleu_4': 0.4924529354485057, 'METEOR': 0.31764843920653263, 'ROUGE_L': 0.6461397944307162, 'CIDEr': 0.6156634114859225}
>> Saving checkpoint to 6.ckpt
>> New best model at epoch 6 | CIDEr: 0.6156634114859225


[EPOCH 7 TRAIN]
time: 328.17 seconds | lr: 0.000100
loss:2.518021 = (1-reg):0.50 * r2l_loss:2.487539 + (reg):0.50 * l2r_loss:2.548502
{'testlen': 3215, 'reflen': 3357, 'guess': [3215, 2718, 2221, 1724], 'correct': [2687, 1600, 829, 372]}
ratio: 0.9577003276732328
{'testlen': 3380, 'reflen': 3486, 'guess': [3380, 2883, 2386, 1889], 'correct': [2953, 1910, 1036, 475]}
ratio: 0.9695926563393662
[EPOCH 7 VAL]
time: 121.52 seconds
loss:2.942325 = (1-reg):0.50 * r2l_loss:2.922817 + (reg):0.50 * l2r_loss:2.961834
r2l_scores: {'Bleu_1': 0.7996589211958105, 'Bleu_2': 0.6711146313962035, 'Bleu_3': 0.5438416873165174, 'Bleu_4': 0.4268844301652576, 'METEOR': 0.290389473158141, 'ROUGE_L': 0.6151755491013797, 'CIDEr': 0.6089431359925851}
l2r_scores: {'Bleu_1': 0.8466947376527513, 'Bleu_2': 0.7373061384719406, 'Bleu_3': 0.6115824904227092, 'Bleu_4': 0.485905397973248, 'METEOR': 0.3211627900136011, 'ROUGE_L': 0.6555739543209695, 'CIDEr': 0.6189552265728027}
>> Saving checkpoint to 7.ckpt
>> New best model at epoch 7 | CIDEr: 0.6189552265728027


[EPOCH 8 TRAIN]
time: 325.01 seconds | lr: 0.000100
loss:2.443777 = (1-reg):0.50 * r2l_loss:2.413827 + (reg):0.50 * l2r_loss:2.473728
{'testlen': 3204, 'reflen': 3377, 'guess': [3204, 2707, 2210, 1713], 'correct': [2734, 1638, 855, 372]}
ratio: 0.9487710986079512
{'testlen': 3214, 'reflen': 3345, 'guess': [3214, 2717, 2220, 1723], 'correct': [2848, 1831, 1010, 476]}
ratio: 0.9608370702538234
[EPOCH 8 VAL]
time: 120.02 seconds
loss:2.913780 = (1-reg):0.50 * r2l_loss:2.888118 + (reg):0.50 * l2r_loss:2.939443
r2l_scores: {'Bleu_1': 0.8084557785375962, 'Bleu_2': 0.6807945791020892, 'Bleu_3': 0.5538414155112057, 'Bleu_4': 0.432387402443541, 'METEOR': 0.2942991270701637, 'ROUGE_L': 0.6282215077654201, 'CIDEr': 0.6080661062273489}
l2r_scores: {'Bleu_1': 0.8507317203363841, 'Bleu_2': 0.741899234310362, 'Bleu_3': 0.6218021980131989, 'Bleu_4': 0.5025094541205555, 'METEOR': 0.31975065285193455, 'ROUGE_L': 0.653325099635082, 'CIDEr': 0.6383650593457271}
>> Saving checkpoint to 8.ckpt
>> New best model at epoch 8 | CIDEr: 0.6383650593457271


[EPOCH 9 TRAIN]
time: 325.98 seconds | lr: 0.000100
loss:2.379627 = (1-reg):0.50 * r2l_loss:2.349745 + (reg):0.50 * l2r_loss:2.409509
{'testlen': 3321, 'reflen': 3474, 'guess': [3321, 2824, 2327, 1830], 'correct': [2819, 1683, 890, 386]}
ratio: 0.9559585492225228
{'testlen': 3538, 'reflen': 3610, 'guess': [3538, 3041, 2544, 2047], 'correct': [3057, 1938, 1057, 487]}
ratio: 0.9800554016617784
[EPOCH 9 VAL]
time: 125.12 seconds
loss:2.886583 = (1-reg):0.50 * r2l_loss:2.876028 + (reg):0.50 * l2r_loss:2.897137
r2l_scores: {'Bleu_1': 0.8106213789004819, 'Bleu_2': 0.6792265680642169, 'Bleu_3': 0.552338015905232, 'Bleu_4': 0.42922570109909974, 'METEOR': 0.29758396498521084, 'ROUGE_L': 0.6236458449085065, 'CIDEr': 0.613445126138406}
l2r_scores: {'Bleu_1': 0.8466414146263473, 'Bleu_2': 0.7271087650981336, 'Bleu_3': 0.5992934249987939, 'Bleu_4': 0.4732851619301044, 'METEOR': 0.3170929760553979, 'ROUGE_L': 0.6482036362918138, 'CIDEr': 0.6086358247514418}


[EPOCH 10 TRAIN]
time: 327.49 seconds | lr: 0.000100
loss:2.324329 = (1-reg):0.50 * r2l_loss:2.294551 + (reg):0.50 * l2r_loss:2.354107
{'testlen': 3242, 'reflen': 3383, 'guess': [3242, 2745, 2248, 1751], 'correct': [2766, 1673, 877, 375]}
ratio: 0.9583210168486673
{'testlen': 3458, 'reflen': 3551, 'guess': [3458, 2961, 2464, 1967], 'correct': [2989, 1913, 1030, 472]}
ratio: 0.9738101943111873
[EPOCH 10 VAL]
time: 125.08 seconds
loss:2.884154 = (1-reg):0.50 * r2l_loss:2.871337 + (reg):0.50 * l2r_loss:2.896972
r2l_scores: {'Bleu_1': 0.8168662862158754, 'Bleu_2': 0.6904117685833701, 'Bleu_3': 0.5625707590033245, 'Bleu_4': 0.4371163973746903, 'METEOR': 0.2998654856047164, 'ROUGE_L': 0.6252569805560435, 'CIDEr': 0.6228284192653705}
l2r_scores: {'Bleu_1': 0.8414357143113953, 'Bleu_2': 0.7274593994688819, 'Bleu_3': 0.599392565653367, 'Bleu_4': 0.47358498817172634, 'METEOR': 0.32268899549136226, 'ROUGE_L': 0.6456701492533221, 'CIDEr': 0.622366249347428}


[EPOCH 11 TRAIN]
time: 324.62 seconds | lr: 0.000100
loss:2.273357 = (1-reg):0.50 * r2l_loss:2.243932 + (reg):0.50 * l2r_loss:2.302781
{'testlen': 3308, 'reflen': 3440, 'guess': [3308, 2811, 2314, 1817], 'correct': [2750, 1650, 850, 373]}
ratio: 0.9616279069764646
{'testlen': 3580, 'reflen': 3652, 'guess': [3580, 3083, 2586, 2089], 'correct': [3109, 1983, 1087, 502]}
ratio: 0.98028477546523
[EPOCH 11 VAL]
time: 125.55 seconds
loss:2.869519 = (1-reg):0.50 * r2l_loss:2.863048 + (reg):0.50 * l2r_loss:2.875990
r2l_scores: {'Bleu_1': 0.7987988394597353, 'Bleu_2': 0.6712207566899573, 'Bleu_3': 0.5417748657206086, 'Bleu_4': 0.4208430641891281, 'METEOR': 0.29127063134356007, 'ROUGE_L': 0.6105675112661468, 'CIDEr': 0.5877352558857604}
l2r_scores: {'Bleu_1': 0.8511444688549614, 'Bleu_2': 0.7325023600423178, 'Bleu_3': 0.6046372351281564, 'Bleu_4': 0.4776710073787643, 'METEOR': 0.3247951553207353, 'ROUGE_L': 0.654203320990701, 'CIDEr': 0.623876542348752}


[EPOCH 12 TRAIN]
time: 326.93 seconds | lr: 0.000100
loss:2.228771 = (1-reg):0.50 * r2l_loss:2.199627 + (reg):0.50 * l2r_loss:2.257916
{'testlen': 3353, 'reflen': 3478, 'guess': [3353, 2856, 2359, 1862], 'correct': [2812, 1673, 880, 396]}
ratio: 0.9640598044850592
{'testlen': 3418, 'reflen': 3518, 'guess': [3418, 2921, 2424, 1927], 'correct': [2924, 1849, 1010, 489]}
ratio: 0.9715747583851702
[EPOCH 12 VAL]
time: 123.64 seconds
loss:2.860433 = (1-reg):0.50 * r2l_loss:2.860132 + (reg):0.50 * l2r_loss:2.860734
r2l_scores: {'Bleu_1': 0.8079625736655148, 'Bleu_2': 0.6752572121043237, 'Bleu_3': 0.5472270518509185, 'Bleu_4': 0.4280622366017877, 'METEOR': 0.293344861084764, 'ROUGE_L': 0.6110421194554516, 'CIDEr': 0.5714334413233293}
l2r_scores: {'Bleu_1': 0.8308052081420247, 'Bleu_2': 0.7146596009280428, 'Bleu_3': 0.5912353254100369, 'Bleu_4': 0.4750622728083085, 'METEOR': 0.31971557442704307, 'ROUGE_L': 0.6393135651318235, 'CIDEr': 0.6032786997906727}


[EPOCH 13 TRAIN]
time: 328.36 seconds | lr: 0.000100
loss:2.187355 = (1-reg):0.50 * r2l_loss:2.158924 + (reg):0.50 * l2r_loss:2.215786
{'testlen': 3389, 'reflen': 3499, 'guess': [3389, 2892, 2395, 1898], 'correct': [2811, 1664, 863, 380]}
ratio: 0.9685624464129842
{'testlen': 3534, 'reflen': 3627, 'guess': [3534, 3037, 2540, 2043], 'correct': [2978, 1853, 1001, 453]}
ratio: 0.9743589743587058
[EPOCH 13 VAL]
time: 126.35 seconds
loss:2.855872 = (1-reg):0.50 * r2l_loss:2.842345 + (reg):0.50 * l2r_loss:2.869398
r2l_scores: {'Bleu_1': 0.8029582548303204, 'Bleu_2': 0.6687685562469332, 'Bleu_3': 0.5383361610306314, 'Bleu_4': 0.41700180479328847, 'METEOR': 0.29627098347026515, 'ROUGE_L': 0.6154983527786586, 'CIDEr': 0.6035116103939882}
l2r_scores: {'Bleu_1': 0.820784877273349, 'Bleu_2': 0.6984182604545639, 'Bleu_3': 0.5720942419581585, 'Bleu_4': 0.4484364860896758, 'METEOR': 0.3150779363192403, 'ROUGE_L': 0.6330594645449638, 'CIDEr': 0.5681168902984373}


[EPOCH 14 TRAIN]
time: 325.92 seconds | lr: 0.000100
loss:2.148410 = (1-reg):0.50 * r2l_loss:2.119774 + (reg):0.50 * l2r_loss:2.177047
{'testlen': 3319, 'reflen': 3442, 'guess': [3319, 2822, 2325, 1828], 'correct': [2818, 1685, 899, 422]}
ratio: 0.9642649622309808
{'testlen': 3526, 'reflen': 3586, 'guess': [3526, 3029, 2532, 2035], 'correct': [2991, 1887, 1032, 492]}
ratio: 0.9832682654765802
[EPOCH 14 VAL]
time: 123.45 seconds
loss:2.850097 = (1-reg):0.50 * r2l_loss:2.847966 + (reg):0.50 * l2r_loss:2.852228
r2l_scores: {'Bleu_1': 0.8181615446834064, 'Bleu_2': 0.6861098316181689, 'Bleu_3': 0.5597702096512017, 'Bleu_4': 0.44444470150418525, 'METEOR': 0.29928266359410755, 'ROUGE_L': 0.6196746489863817, 'CIDEr': 0.6094174527570236}
l2r_scores: {'Bleu_1': 0.833957569711991, 'Bleu_2': 0.714682611937938, 'Bleu_3': 0.5893194288539623, 'Bleu_4': 0.4696406757358161, 'METEOR': 0.31996376285572176, 'ROUGE_L': 0.6467219075945992, 'CIDEr': 0.6053141179336946}


[EPOCH 15 TRAIN]
time: 324.81 seconds | lr: 0.000100
loss:2.112335 = (1-reg):0.50 * r2l_loss:2.083960 + (reg):0.50 * l2r_loss:2.140710
{'testlen': 3339, 'reflen': 3452, 'guess': [3339, 2842, 2345, 1848], 'correct': [2847, 1717, 909, 422]}
ratio: 0.967265353418028
{'testlen': 3579, 'reflen': 3627, 'guess': [3579, 3082, 2585, 2088], 'correct': [3097, 1958, 1068, 530]}
ratio: 0.9867659222495212
[EPOCH 15 VAL]
time: 124.64 seconds
loss:2.857271 = (1-reg):0.50 * r2l_loss:2.849824 + (reg):0.50 * l2r_loss:2.864719
r2l_scores: {'Bleu_1': 0.8242775110881533, 'Bleu_2': 0.6938427230414714, 'Bleu_3': 0.565043441311289, 'Bleu_4': 0.4467243241451435, 'METEOR': 0.30468484089786213, 'ROUGE_L': 0.6303365159484527, 'CIDEr': 0.6255101635453483}
l2r_scores: {'Bleu_1': 0.8537976148173589, 'Bleu_2': 0.7315688587894883, 'Bleu_3': 0.6020032723971068, 'Bleu_4': 0.4834809206183469, 'METEOR': 0.3192357865172458, 'ROUGE_L': 0.6436060507458704, 'CIDEr': 0.6170294766646462}


[EPOCH 16 TRAIN]
time: 325.00 seconds | lr: 0.000100
loss:2.079358 = (1-reg):0.50 * r2l_loss:2.051307 + (reg):0.50 * l2r_loss:2.107409
{'testlen': 3354, 'reflen': 3461, 'guess': [3354, 2857, 2360, 1863], 'correct': [2823, 1679, 877, 400]}
ratio: 0.9690840797454582
{'testlen': 3624, 'reflen': 3674, 'guess': [3624, 3127, 2630, 2133], 'correct': [3116, 1968, 1059, 503]}
ratio: 0.9863908546540592
[EPOCH 16 VAL]
time: 124.98 seconds
loss:2.855526 = (1-reg):0.50 * r2l_loss:2.851689 + (reg):0.50 * l2r_loss:2.859363
r2l_scores: {'Bleu_1': 0.8152538674423724, 'Bleu_2': 0.6812228166520788, 'Bleu_3': 0.5507278044887106, 'Bleu_4': 0.43171863818349454, 'METEOR': 0.3003145799814666, 'ROUGE_L': 0.6216209797860123, 'CIDEr': 0.6146104412476121}
l2r_scores: {'Bleu_1': 0.8480419545871624, 'Bleu_2': 0.7255399233001806, 'Bleu_3': 0.5935039857082023, 'Bleu_4': 0.46958480116549267, 'METEOR': 0.31744696227099684, 'ROUGE_L': 0.6451215413576527, 'CIDEr': 0.6049240750855279}



[BEST: 8 | SEED: 904666 | VAL-CIDEr: 0.6383650593457271]
{'testlen': 19658, 'reflen': 20673, 'guess': [19658, 16668, 13678, 10689], 'correct': [16769, 10181, 5299, 2395]}
ratio: 0.9509021428916484
{'testlen': 19324, 'reflen': 20295, 'guess': [19324, 16334, 13344, 10354], 'correct': [16984, 10995, 6013, 2827]}
ratio: 0.9521557033751686
time: 637.92 seconds
r2l_scores: {'Bleu_1': 0.8101099017371148, 'Bleu_2': 0.6855095292629796, 'Bleu_3': 0.5570892863154916, 'Bleu_4': 0.43795525479111214, 'METEOR': 0.2963099191277665, 'ROUGE_L': 0.6297792962522117, 'CIDEr': 0.6144184406239599}
l2r_scores: {'Bleu_1': 0.8358346119466548, 'Bleu_2': 0.7314762274660295, 'Bleu_3': 0.6120604737483499, 'Bleu_4': 0.49396310544646765, 'METEOR': 0.31501257306712044, 'ROUGE_L': 0.6560652059985257, 'CIDEr': 0.6251140822895034}
----------------------------------------
>> [Train time] Total: 5221.30 seconds => Per epoch: 326.33 seconds
>> [Val time] Total: 1946.16 seconds => Per epoch: 121.63 seconds
