Found 1 CUDA device(s)

Device 0: NVIDIA A100-SXM4-40GB
  Total memory bytes: 42296475648
  MultiProcessor count: 108
  Major.Minor: 8.0
  Max threads per block: 2048
  Memory reserved bytes: 0
  Memory allocated bytes: 0
  Free inside reserved bytes: 0
  Active allocations: 0
========================================
MODEL ID: MSRVTT = FEAT newBlip2ClsKF+newMViTv2 fsl-13 mcl-20 = Transformer d-512 N_enc-0 N_dec-3 h-4 h_big-4 dp-0.1 = OPTIM lr-0.0001 warmup-3 gamma-0.5 pat-3 wd-5e-06 rg-0.6 = bs-64-gc-5.0-ls-0.15 = 1764788696
Enter the load_video_feats method.
Enter the load_video_feats method.
Enter the load_video_feats method.
#vocabs: 10444 (23046), #words: 1178850 (1194458). Trim words which appear less than 3 times.
{'Total': 52058008, 'Trainable': 52058008}


[EPOCH 1 TRAIN]
time: 183.08 seconds | lr: 0.000033
loss:3.933877 = (1-reg):0.40 * r2l_loss:3.930173 + (reg):0.60 * l2r_loss:3.936347
{'testlen': 2761, 'reflen': 3096, 'guess': [2761, 2264, 1767, 1281], 'correct': [2395, 1413, 691, 274]}
ratio: 0.8917958656327869
{'testlen': 3062, 'reflen': 3279, 'guess': [3062, 2565, 2068, 1571], 'correct': [2646, 1591, 797, 337]}
ratio: 0.9338212869774524
[EPOCH 1 VAL]
time: 77.75 seconds
loss:3.538033 = (1-reg):0.40 * r2l_loss:3.492435 + (reg):0.60 * l2r_loss:3.568431
r2l_scores: {'Bleu_1': 0.7683249275953002, 'Bleu_2': 0.6517157816700945, 'Bleu_3': 0.5279035656122879, 'Bleu_4': 0.40859472724923546, 'METEOR': 0.2722448660571693, 'ROUGE_L': 0.5966974307458701, 'CIDEr': 0.4487634557303691}
l2r_scores: {'Bleu_1': 0.8050201709452205, 'Bleu_2': 0.6820337103702182, 'Bleu_3': 0.5506984563373956, 'Bleu_4': 0.4274195182860512, 'METEOR': 0.2909592491869876, 'ROUGE_L': 0.6211646505999697, 'CIDEr': 0.4568456942882788}
>> New best model at epoch 1 | N_Metrics: 4 | CIDEr: 0.4568456942882788


[EPOCH 2 TRAIN]
time: 183.14 seconds | lr: 0.000056
loss:3.253165 = (1-reg):0.40 * r2l_loss:3.237923 + (reg):0.60 * l2r_loss:3.263326
{'testlen': 2895, 'reflen': 3162, 'guess': [2895, 2398, 1901, 1404], 'correct': [2561, 1572, 820, 348]}
ratio: 0.9155597722957256
{'testlen': 3124, 'reflen': 3318, 'guess': [3124, 2627, 2130, 1633], 'correct': [2764, 1710, 898, 401]}
ratio: 0.9415310427965818
[EPOCH 2 VAL]
time: 78.73 seconds
loss:3.179062 = (1-reg):0.40 * r2l_loss:3.138678 + (reg):0.60 * l2r_loss:3.205984
r2l_scores: {'Bleu_1': 0.806690435786273, 'Bleu_2': 0.6944293759340633, 'Bleu_3': 0.5745721882803079, 'Bleu_4': 0.45503830687668306, 'METEOR': 0.29438593683805725, 'ROUGE_L': 0.637209179072077, 'CIDEr': 0.5611214089844422}
l2r_scores: {'Bleu_1': 0.8314906725492938, 'Bleu_2': 0.7132009185330319, 'Bleu_3': 0.5862960429758755, 'Bleu_4': 0.4643921408474848, 'METEOR': 0.30854283100903346, 'ROUGE_L': 0.6408404254540633, 'CIDEr': 0.5434334864191315}
>> New best model at epoch 2 | N_Metrics: 4 | CIDEr: 0.5434334864191315


[EPOCH 3 TRAIN]
time: 183.66 seconds | lr: 0.000078
loss:2.970867 = (1-reg):0.40 * r2l_loss:2.954160 + (reg):0.60 * l2r_loss:2.982004
{'testlen': 2862, 'reflen': 3132, 'guess': [2862, 2365, 1868, 1371], 'correct': [2487, 1529, 788, 333]}
ratio: 0.9137931034479841
{'testlen': 3218, 'reflen': 3377, 'guess': [3218, 2721, 2224, 1727], 'correct': [2820, 1742, 925, 422]}
ratio: 0.9529167900500584
[EPOCH 3 VAL]
time: 78.75 seconds
loss:3.009169 = (1-reg):0.40 * r2l_loss:2.969576 + (reg):0.60 * l2r_loss:3.035565
r2l_scores: {'Bleu_1': 0.7907423122402832, 'Bleu_2': 0.6820560578216124, 'Bleu_3': 0.5631266788078055, 'Bleu_4': 0.44572139140862704, 'METEOR': 0.2911409911579396, 'ROUGE_L': 0.6220305807702637, 'CIDEr': 0.5740637079853745}
l2r_scores: {'Bleu_1': 0.8340743476085748, 'Bleu_2': 0.712907255362948, 'Bleu_3': 0.5859648590004721, 'Bleu_4': 0.4650976349023834, 'METEOR': 0.308570952693115, 'ROUGE_L': 0.6408341140539369, 'CIDEr': 0.5705173708423102}
>> New best model at epoch 3 | N_Metrics: 3 | CIDEr: 0.5705173708423102


[EPOCH 4 TRAIN]
time: 182.55 seconds | lr: 0.000100
loss:2.785751 = (1-reg):0.40 * r2l_loss:2.767916 + (reg):0.60 * l2r_loss:2.797642
{'testlen': 2903, 'reflen': 3170, 'guess': [2903, 2406, 1909, 1412], 'correct': [2590, 1589, 828, 353]}
ratio: 0.9157728706621717
{'testlen': 3069, 'reflen': 3268, 'guess': [3069, 2572, 2075, 1579], 'correct': [2725, 1707, 878, 382]}
ratio: 0.9391064871478154
[EPOCH 4 VAL]
time: 79.40 seconds
loss:2.914283 = (1-reg):0.40 * r2l_loss:2.894028 + (reg):0.60 * l2r_loss:2.927785
r2l_scores: {'Bleu_1': 0.8137837354717468, 'Bleu_2': 0.7001591659540909, 'Bleu_3': 0.5788393951332061, 'Bleu_4': 0.4585826633785114, 'METEOR': 0.29820164006766914, 'ROUGE_L': 0.6351645207631055, 'CIDEr': 0.6117012410372289}
l2r_scores: {'Bleu_1': 0.8321643550097094, 'Bleu_2': 0.7194582195196846, 'Bleu_3': 0.5898963211195256, 'Bleu_4': 0.46447457580924617, 'METEOR': 0.30945217388078244, 'ROUGE_L': 0.642540867540581, 'CIDEr': 0.58926515711494}
>> New best model at epoch 4 | N_Metrics: 3 | CIDEr: 0.58926515711494


[EPOCH 5 TRAIN]
time: 181.75 seconds | lr: 0.000100
loss:2.641599 = (1-reg):0.40 * r2l_loss:2.622647 + (reg):0.60 * l2r_loss:2.654234
{'testlen': 2949, 'reflen': 3215, 'guess': [2949, 2452, 1955, 1458], 'correct': [2567, 1562, 804, 347]}
ratio: 0.9172628304818298
{'testlen': 3120, 'reflen': 3305, 'guess': [3120, 2623, 2126, 1629], 'correct': [2788, 1792, 952, 419]}
ratio: 0.9440242057485797
[EPOCH 5 VAL]
time: 81.74 seconds
loss:2.859775 = (1-reg):0.40 * r2l_loss:2.836776 + (reg):0.60 * l2r_loss:2.875107
r2l_scores: {'Bleu_1': 0.7953855639742674, 'Bleu_2': 0.6804284095655029, 'Bleu_3': 0.558256245639812, 'Bleu_4': 0.4410368043524238, 'METEOR': 0.29330957749506, 'ROUGE_L': 0.6263288534900199, 'CIDEr': 0.6010829147490981}
l2r_scores: {'Bleu_1': 0.8421447387846228, 'Bleu_2': 0.7363554566585876, 'Bleu_3': 0.6116445220290743, 'Bleu_4': 0.4852993321131002, 'METEOR': 0.3203908653610458, 'ROUGE_L': 0.6527684412764438, 'CIDEr': 0.6193500743526564}
>> New best model at epoch 5 | N_Metrics: 4 | CIDEr: 0.6193500743526564


[EPOCH 6 TRAIN]
time: 182.29 seconds | lr: 0.000100
loss:2.536044 = (1-reg):0.40 * r2l_loss:2.516159 + (reg):0.60 * l2r_loss:2.549301
{'testlen': 3005, 'reflen': 3258, 'guess': [3005, 2508, 2011, 1515], 'correct': [2607, 1608, 829, 353]}
ratio: 0.9223449969303492
{'testlen': 3175, 'reflen': 3336, 'guess': [3175, 2678, 2181, 1684], 'correct': [2848, 1830, 1005, 465]}
ratio: 0.9517386091124246
[EPOCH 6 VAL]
time: 82.53 seconds
loss:2.827457 = (1-reg):0.40 * r2l_loss:2.808392 + (reg):0.60 * l2r_loss:2.840166
r2l_scores: {'Bleu_1': 0.7975023922160183, 'Bleu_2': 0.685587630191253, 'Bleu_3': 0.5626451962512191, 'Bleu_4': 0.4419522400967872, 'METEOR': 0.29531645411899365, 'ROUGE_L': 0.6260557848229307, 'CIDEr': 0.6229920354369113}
l2r_scores: {'Bleu_1': 0.8526558253335119, 'Bleu_2': 0.744210673427429, 'Bleu_3': 0.6236772430942922, 'Bleu_4': 0.502333355472265, 'METEOR': 0.3255762657063268, 'ROUGE_L': 0.6618918995687773, 'CIDEr': 0.6308117658886389}
>> New best model at epoch 6 | N_Metrics: 4 | CIDEr: 0.6308117658886389


[EPOCH 7 TRAIN]
time: 181.65 seconds | lr: 0.000100
loss:2.453733 = (1-reg):0.40 * r2l_loss:2.432877 + (reg):0.60 * l2r_loss:2.467637
{'testlen': 2988, 'reflen': 3240, 'guess': [2988, 2491, 1994, 1499], 'correct': [2650, 1648, 863, 365]}
ratio: 0.9222222222219376
{'testlen': 3215, 'reflen': 3357, 'guess': [3215, 2718, 2221, 1724], 'correct': [2834, 1783, 937, 415]}
ratio: 0.9577003276732328
[EPOCH 7 VAL]
time: 80.75 seconds
loss:2.807769 = (1-reg):0.40 * r2l_loss:2.791981 + (reg):0.60 * l2r_loss:2.818294
r2l_scores: {'Bleu_1': 0.8151509430685903, 'Bleu_2': 0.7040396767228405, 'Bleu_3': 0.5820373954877265, 'Bleu_4': 0.4583309266978948, 'METEOR': 0.29732052524843, 'ROUGE_L': 0.6311378385666007, 'CIDEr': 0.6234166273103854}
l2r_scores: {'Bleu_1': 0.843406543605853, 'Bleu_2': 0.727576188244845, 'Bleu_3': 0.5978451285183675, 'Bleu_4': 0.4710030877968777, 'METEOR': 0.3132356323775962, 'ROUGE_L': 0.6437018547019252, 'CIDEr': 0.5885437376246371}


[EPOCH 8 TRAIN]
time: 181.61 seconds | lr: 0.000100
loss:2.384152 = (1-reg):0.40 * r2l_loss:2.363141 + (reg):0.60 * l2r_loss:2.398159
{'testlen': 3205, 'reflen': 3381, 'guess': [3205, 2708, 2211, 1714], 'correct': [2762, 1675, 873, 365]}
ratio: 0.9479443951490837
{'testlen': 3392, 'reflen': 3481, 'guess': [3392, 2895, 2398, 1901], 'correct': [2987, 1880, 999, 452]}
ratio: 0.9744326343002084
[EPOCH 8 VAL]
time: 83.63 seconds
loss:2.778991 = (1-reg):0.40 * r2l_loss:2.774502 + (reg):0.60 * l2r_loss:2.781984
r2l_scores: {'Bleu_1': 0.8157305132334913, 'Bleu_2': 0.6910857902572313, 'Bleu_3': 0.5630498300781559, 'Bleu_4': 0.43553032804919606, 'METEOR': 0.299187845840188, 'ROUGE_L': 0.6231922963223772, 'CIDEr': 0.6181287375162953}
l2r_scores: {'Bleu_1': 0.8577965007457801, 'Bleu_2': 0.7366296936692973, 'Bleu_3': 0.6038650312859148, 'Bleu_4': 0.4752205505954087, 'METEOR': 0.31597702247322135, 'ROUGE_L': 0.649194819276424, 'CIDEr': 0.6338881419673867}


[EPOCH 9 TRAIN]
time: 181.95 seconds | lr: 0.000100
loss:2.325029 = (1-reg):0.40 * r2l_loss:2.304128 + (reg):0.60 * l2r_loss:2.338963
{'testlen': 3097, 'reflen': 3290, 'guess': [3097, 2600, 2103, 1607], 'correct': [2744, 1695, 882, 383]}
ratio: 0.9413373860179509
{'testlen': 3293, 'reflen': 3428, 'guess': [3293, 2796, 2299, 1802], 'correct': [2912, 1827, 977, 442]}
ratio: 0.9606184364057875
[EPOCH 9 VAL]
time: 82.61 seconds
loss:2.779807 = (1-reg):0.40 * r2l_loss:2.778019 + (reg):0.60 * l2r_loss:2.780999
r2l_scores: {'Bleu_1': 0.8324887558154533, 'Bleu_2': 0.7140935375288635, 'Bleu_3': 0.5857221720507341, 'Bleu_4': 0.46057285814023935, 'METEOR': 0.3064333888867804, 'ROUGE_L': 0.6388319935918655, 'CIDEr': 0.6224071682776844}
l2r_scores: {'Bleu_1': 0.8487802795408887, 'Bleu_2': 0.7296190267361916, 'Bleu_3': 0.601055411526288, 'Bleu_4': 0.47550125178029096, 'METEOR': 0.3158816996463869, 'ROUGE_L': 0.6469964024398346, 'CIDEr': 0.5947467671784943}


[EPOCH 10 TRAIN]
time: 181.84 seconds | lr: 0.000100
loss:2.272775 = (1-reg):0.40 * r2l_loss:2.251966 + (reg):0.60 * l2r_loss:2.286647
{'testlen': 3177, 'reflen': 3351, 'guess': [3177, 2680, 2183, 1686], 'correct': [2748, 1680, 874, 374]}
ratio: 0.9480752014321253
{'testlen': 3509, 'reflen': 3593, 'guess': [3509, 3012, 2515, 2019], 'correct': [3044, 1919, 1051, 491]}
ratio: 0.9766212079039864
[EPOCH 10 VAL]
time: 83.46 seconds
loss:2.772471 = (1-reg):0.40 * r2l_loss:2.771408 + (reg):0.60 * l2r_loss:2.773180
r2l_scores: {'Bleu_1': 0.8188677950230049, 'Bleu_2': 0.6971099447616407, 'Bleu_3': 0.568972806741513, 'Bleu_4': 0.44348170668666004, 'METEOR': 0.2995311859150967, 'ROUGE_L': 0.6248657748616196, 'CIDEr': 0.5985808715492128}
l2r_scores: {'Bleu_1': 0.8469639894820656, 'Bleu_2': 0.7258457017584712, 'Bleu_3': 0.5990351921687808, 'Bleu_4': 0.4753094649513869, 'METEOR': 0.32604315525549366, 'ROUGE_L': 0.6520075448556337, 'CIDEr': 0.6347939285723514}


[EPOCH 11 TRAIN]
time: 181.67 seconds | lr: 0.000100
loss:2.225976 = (1-reg):0.40 * r2l_loss:2.205424 + (reg):0.60 * l2r_loss:2.239678
{'testlen': 3127, 'reflen': 3315, 'guess': [3127, 2630, 2133, 1636], 'correct': [2673, 1596, 831, 349]}
ratio: 0.9432880844642705
{'testlen': 3293, 'reflen': 3420, 'guess': [3293, 2796, 2299, 1802], 'correct': [2898, 1812, 984, 451]}
ratio: 0.9628654970757419
[EPOCH 11 VAL]
time: 84.06 seconds
loss:2.770527 = (1-reg):0.40 * r2l_loss:2.764977 + (reg):0.60 * l2r_loss:2.774226
r2l_scores: {'Bleu_1': 0.8049346672559835, 'Bleu_2': 0.6782091780231112, 'Bleu_3': 0.5525976276384241, 'Bleu_4': 0.42908139376655763, 'METEOR': 0.29587645052047307, 'ROUGE_L': 0.6155358644158548, 'CIDEr': 0.6163126388677745}
l2r_scores: {'Bleu_1': 0.8467542094110891, 'Bleu_2': 0.7266320543223147, 'Bleu_3': 0.6013287687277491, 'Bleu_4': 0.4783569670545549, 'METEOR': 0.313894228163238, 'ROUGE_L': 0.6456527032677668, 'CIDEr': 0.6096451229900269}


[EPOCH 12 TRAIN]
time: 183.76 seconds | lr: 0.000100
loss:2.183999 = (1-reg):0.40 * r2l_loss:2.162681 + (reg):0.60 * l2r_loss:2.198210
{'testlen': 3208, 'reflen': 3364, 'guess': [3208, 2711, 2214, 1717], 'correct': [2736, 1647, 849, 372]}
ratio: 0.9536266349580994
{'testlen': 3312, 'reflen': 3435, 'guess': [3312, 2815, 2318, 1822], 'correct': [2885, 1810, 954, 452]}
ratio: 0.9641921397377106
[EPOCH 12 VAL]
time: 83.12 seconds
loss:2.771996 = (1-reg):0.40 * r2l_loss:2.764915 + (reg):0.60 * l2r_loss:2.776717
r2l_scores: {'Bleu_1': 0.8123864574890729, 'Bleu_2': 0.685652161052523, 'Bleu_3': 0.5558269128050839, 'Bleu_4': 0.4338784450181114, 'METEOR': 0.2989464182963604, 'ROUGE_L': 0.6229228110513543, 'CIDEr': 0.6025356966604211}
l2r_scores: {'Bleu_1': 0.8393185069120401, 'Bleu_2': 0.7211060554345072, 'Bleu_3': 0.5907923267721604, 'Bleu_4': 0.47118502298376386, 'METEOR': 0.31507978029528344, 'ROUGE_L': 0.6419696900232864, 'CIDEr': 0.6274079955792702}


[EPOCH 13 TRAIN]
time: 181.95 seconds | lr: 0.000100
loss:2.144978 = (1-reg):0.40 * r2l_loss:2.125307 + (reg):0.60 * l2r_loss:2.158091
{'testlen': 3190, 'reflen': 3339, 'guess': [3190, 2693, 2196, 1699], 'correct': [2735, 1664, 884, 420]}
ratio: 0.9553758610359523
{'testlen': 3448, 'reflen': 3515, 'guess': [3448, 2951, 2454, 1957], 'correct': [2983, 1855, 1007, 482]}
ratio: 0.9809388335701335
[EPOCH 13 VAL]
time: 83.70 seconds
loss:2.779375 = (1-reg):0.40 * r2l_loss:2.781166 + (reg):0.60 * l2r_loss:2.778180
r2l_scores: {'Bleu_1': 0.8182413435561223, 'Bleu_2': 0.6946348687845568, 'Bleu_3': 0.570185217436182, 'Bleu_4': 0.4573036166548779, 'METEOR': 0.30239236046330037, 'ROUGE_L': 0.6238368966821429, 'CIDEr': 0.6123659812680017}
l2r_scores: {'Bleu_1': 0.8484904905014848, 'Bleu_2': 0.7232548147027079, 'Bleu_3': 0.5948847749324749, 'Bleu_4': 0.47487459857992986, 'METEOR': 0.3197521547005117, 'ROUGE_L': 0.6486521305601645, 'CIDEr': 0.6419886225514305}


[EPOCH 14 TRAIN]
time: 181.78 seconds | lr: 0.000100
loss:2.108641 = (1-reg):0.40 * r2l_loss:2.089034 + (reg):0.60 * l2r_loss:2.121712
{'testlen': 3190, 'reflen': 3357, 'guess': [3190, 2693, 2196, 1699], 'correct': [2731, 1632, 844, 369]}
ratio: 0.9502532022636431
{'testlen': 3407, 'reflen': 3478, 'guess': [3407, 2910, 2413, 1916], 'correct': [2951, 1860, 1009, 476]}
ratio: 0.9795859689473895
[EPOCH 14 VAL]
time: 83.84 seconds
loss:2.782813 = (1-reg):0.40 * r2l_loss:2.777756 + (reg):0.60 * l2r_loss:2.786183
r2l_scores: {'Bleu_1': 0.8124473462573473, 'Bleu_2': 0.6835520914122131, 'Bleu_3': 0.5544203768207078, 'Bleu_4': 0.4329160492166722, 'METEOR': 0.2965662951745816, 'ROUGE_L': 0.6155990999650023, 'CIDEr': 0.6120585597517589}
l2r_scores: {'Bleu_1': 0.848294436234812, 'Bleu_2': 0.7287155856184759, 'Bleu_3': 0.601358103775478, 'Bleu_4': 0.4796120914422205, 'METEOR': 0.31878970549563806, 'ROUGE_L': 0.6439390585775423, 'CIDEr': 0.6273926531698493}


[EPOCH 15 TRAIN]
time: 181.12 seconds | lr: 0.000100
loss:2.075152 = (1-reg):0.40 * r2l_loss:2.055269 + (reg):0.60 * l2r_loss:2.088406
{'testlen': 3187, 'reflen': 3337, 'guess': [3187, 2690, 2193, 1697], 'correct': [2724, 1642, 873, 423]}
ratio: 0.955049445609543
{'testlen': 3425, 'reflen': 3516, 'guess': [3425, 2928, 2431, 1934], 'correct': [2930, 1835, 993, 482]}
ratio: 0.9741183162682099
[EPOCH 15 VAL]
time: 84.96 seconds
loss:2.780636 = (1-reg):0.40 * r2l_loss:2.784776 + (reg):0.60 * l2r_loss:2.777876
r2l_scores: {'Bleu_1': 0.8154257955745142, 'Bleu_2': 0.6891001786759607, 'Bleu_3': 0.5649802256857995, 'Bleu_4': 0.45507127061251446, 'METEOR': 0.2953790027536589, 'ROUGE_L': 0.618255727144756, 'CIDEr': 0.6162208763925604}
l2r_scores: {'Bleu_1': 0.8330443543189627, 'Bleu_2': 0.7130124304524366, 'Bleu_3': 0.5869573217040107, 'Bleu_4': 0.47067139578569955, 'METEOR': 0.3170811652163848, 'ROUGE_L': 0.637717882484477, 'CIDEr': 0.6073089376322149}


[EPOCH 16 TRAIN]
time: 187.27 seconds | lr: 0.000050
loss:1.997289 = (1-reg):0.40 * r2l_loss:1.978105 + (reg):0.60 * l2r_loss:2.010078
{'testlen': 3149, 'reflen': 3312, 'guess': [3149, 2652, 2155, 1658], 'correct': [2657, 1553, 779, 354]}
ratio: 0.9507850241543023
{'testlen': 3428, 'reflen': 3492, 'guess': [3428, 2931, 2434, 1937], 'correct': [2960, 1839, 993, 474]}
ratio: 0.9816723940432469
[EPOCH 16 VAL]
time: 84.98 seconds
loss:2.775454 = (1-reg):0.40 * r2l_loss:2.772632 + (reg):0.60 * l2r_loss:2.777335
r2l_scores: {'Bleu_1': 0.8011959423923677, 'Bleu_2': 0.6674646385779587, 'Bleu_3': 0.5347558181238178, 'Bleu_4': 0.4196152705721886, 'METEOR': 0.28420086428515173, 'ROUGE_L': 0.5966033366920254, 'CIDEr': 0.5709684476008653}
l2r_scores: {'Bleu_1': 0.8475058723741183, 'Bleu_2': 0.7224374027437308, 'Bleu_3': 0.5934356684622483, 'Bleu_4': 0.4733314583821994, 'METEOR': 0.32234761273267737, 'ROUGE_L': 0.6462133803532554, 'CIDEr': 0.6356258572690591}



[BEST: 6 | SEED: 904666 | VAL-CIDEr: 0.6308117658886389]
{'testlen': 18503, 'reflen': 19887, 'guess': [18503, 15513, 12523, 9538], 'correct': [16042, 9917, 5254, 2383]}
ratio: 0.9304067984109755
{'testlen': 19044, 'reflen': 20189, 'guess': [19044, 16054, 13064, 10074], 'correct': [16961, 10883, 5898, 2712]}
ratio: 0.9432859477933061
time: 407.50 seconds
r2l_scores: {'Bleu_1': 0.804510485197132, 'Bleu_2': 0.6908214078078779, 'Bleu_3': 0.5706145866950971, 'Bleu_4': 0.4555674321818014, 'METEOR': 0.29635011693806423, 'ROUGE_L': 0.6325527034361421, 'CIDEr': 0.6115605316547723}
l2r_scores: {'Bleu_1': 0.8386520118006693, 'Bleu_2': 0.7316743622866858, 'Bleu_3': 0.6105448813248151, 'Bleu_4': 0.4900972419854148, 'METEOR': 0.31354858599223834, 'ROUGE_L': 0.6561889534774632, 'CIDEr': 0.6220796311962539}
----------------------------------------
>> [Train time] Total: 2921.06 seconds => Per epoch: 182.57 seconds
>> [Val time] Total: 1314.00 seconds => Per epoch: 82.13 seconds
