Found 1 CUDA device(s)

Device 0: NVIDIA A100-SXM4-40GB
  Total memory bytes: 42296475648
  MultiProcessor count: 108
  Major.Minor: 8.0
  Max threads per block: 2048
  Memory reserved bytes: 0
  Memory allocated bytes: 0
  Free inside reserved bytes: 0
  Active allocations: 0
========================================
MODEL ID: MSVD = FEAT newBlip2ClsKF+newMViTv2+newImgCapBlip2KF fsl-10 mcl-20 = Transformer d-512 N_enc-0 N_dec-2 h-8 h_big-8 dp-0.1 = OPTIM lr-0.0001 warmup-3 gamma-0.5 pat-3 wd-5e-06 rg-0.5 = bs-64-gc-5.0-ls-0.15 = 1764631631
Enter the load_video_feats method.
Enter the load_video_feats method.
Enter the load_video_feats method.
#vocabs: 4116 (9614), #words: 339057 (345799). Trim words which appear less than 3 times.
{'Total': 30675496, 'Trainable': 30675496}


[EPOCH 1 TRAIN]
time: 59.45 seconds | lr: 0.000033
loss:3.351062 = (1-reg):0.50 * r2l_loss:3.346595 + (reg):0.50 * l2r_loss:3.355528
{'testlen': 520, 'reflen': 527, 'guess': [520, 420, 320, 235], 'correct': [423, 273, 154, 77]}
ratio: 0.9867172675503099
{'testlen': 513, 'reflen': 513, 'guess': [513, 413, 313, 213], 'correct': [442, 301, 179, 86]}
ratio: 0.9999999999980507
[EPOCH 1 VAL]
time: 27.13 seconds
loss:2.881674 = (1-reg):0.50 * r2l_loss:2.834513 + (reg):0.50 * l2r_loss:2.928835
r2l_scores: {'Bleu_1': 0.8025844699644475, 'Bleu_2': 0.7174289843400282, 'Bleu_3': 0.6252121881645704, 'Bleu_4': 0.5301694815524902, 'METEOR': 0.36132556594349985, 'ROUGE_L': 0.7344023487132628, 'CIDEr': 1.1435328821477477}
l2r_scores: {'Bleu_1': 0.8615984405424499, 'Bleu_2': 0.7924295717319694, 'Bleu_3': 0.7107933355910281, 'Bleu_4': 0.6170739634248329, 'METEOR': 0.3892532855595401, 'ROUGE_L': 0.7736538887831328, 'CIDEr': 1.0537774408855882}
>> Saving checkpoint to 1.ckpt
>> New best model at epoch 1 | CIDEr: 1.0537774408855882


[EPOCH 2 TRAIN]
time: 55.19 seconds | lr: 0.000056
loss:2.503773 = (1-reg):0.50 * r2l_loss:2.487256 + (reg):0.50 * l2r_loss:2.520289
{'testlen': 551, 'reflen': 549, 'guess': [551, 451, 351, 254], 'correct': [485, 337, 206, 102]}
ratio: 1.0036429872477166
{'testlen': 516, 'reflen': 516, 'guess': [516, 416, 316, 216], 'correct': [461, 328, 208, 111]}
ratio: 0.999999999998062
[EPOCH 2 VAL]
time: 28.88 seconds
loss:2.578912 = (1-reg):0.50 * r2l_loss:2.542993 + (reg):0.50 * l2r_loss:2.614831
r2l_scores: {'Bleu_1': 0.8802177858423227, 'Bleu_2': 0.8110016716201902, 'Bleu_3': 0.728117050043427, 'Bleu_4': 0.6274693467646867, 'METEOR': 0.42760269917013555, 'ROUGE_L': 0.8084472099325248, 'CIDEr': 1.4429789397596706}
l2r_scores: {'Bleu_1': 0.8934108527097155, 'Bleu_2': 0.8392973819825001, 'Bleu_3': 0.7739911526929663, 'Bleu_4': 0.69866550936086, 'METEOR': 0.43160200639073004, 'ROUGE_L': 0.8117457871480783, 'CIDEr': 1.38604887699432}
>> Saving checkpoint to 2.ckpt
>> New best model at epoch 2 | CIDEr: 1.38604887699432


[EPOCH 3 TRAIN]
time: 53.96 seconds | lr: 0.000078
loss:2.139117 = (1-reg):0.50 * r2l_loss:2.122037 + (reg):0.50 * l2r_loss:2.156197
{'testlen': 582, 'reflen': 575, 'guess': [582, 482, 382, 282], 'correct': [512, 362, 231, 123]}
ratio: 1.012173913041718
{'testlen': 548, 'reflen': 545, 'guess': [548, 448, 348, 248], 'correct': [505, 366, 233, 128]}
ratio: 1.0055045871541184
[EPOCH 3 VAL]
time: 28.42 seconds
loss:2.447145 = (1-reg):0.50 * r2l_loss:2.424234 + (reg):0.50 * l2r_loss:2.470056
r2l_scores: {'Bleu_1': 0.8797250859091413, 'Bleu_2': 0.8128384786170205, 'Bleu_3': 0.736521974107366, 'Bleu_4': 0.6461052681746775, 'METEOR': 0.43507363986594105, 'ROUGE_L': 0.8244197177980529, 'CIDEr': 1.5606746732696244}
l2r_scores: {'Bleu_1': 0.9215328467136469, 'Bleu_2': 0.8676747223908199, 'Bleu_3': 0.7958481102343583, 'Bleu_4': 0.7141874498550124, 'METEOR': 0.455914396777837, 'ROUGE_L': 0.8394804429165632, 'CIDEr': 1.581701344771269}
>> Saving checkpoint to 3.ckpt
>> New best model at epoch 3 | CIDEr: 1.581701344771269


[EPOCH 4 TRAIN]
time: 56.92 seconds | lr: 0.000100
loss:1.916344 = (1-reg):0.50 * r2l_loss:1.901739 + (reg):0.50 * l2r_loss:1.930948
{'testlen': 573, 'reflen': 573, 'guess': [573, 473, 373, 276], 'correct': [514, 361, 229, 125]}
ratio: 0.9999999999982548
{'testlen': 567, 'reflen': 566, 'guess': [567, 467, 367, 267], 'correct': [514, 375, 244, 138]}
ratio: 1.001766784450527
[EPOCH 4 VAL]
time: 28.03 seconds
loss:2.362021 = (1-reg):0.50 * r2l_loss:2.353484 + (reg):0.50 * l2r_loss:2.370559
r2l_scores: {'Bleu_1': 0.8970331588101325, 'Bleu_2': 0.8274224098051715, 'Bleu_3': 0.74907804708844, 'Bleu_4': 0.6605345440854693, 'METEOR': 0.4219133190682853, 'ROUGE_L': 0.8051263312915741, 'CIDEr': 1.5489525391854366}
l2r_scores: {'Bleu_1': 0.9065255731906411, 'Bleu_2': 0.8531928821211973, 'Bleu_3': 0.7851260787320558, 'Bleu_4': 0.7072069314159026, 'METEOR': 0.45549916328175705, 'ROUGE_L': 0.8372390120694014, 'CIDEr': 1.5641649520660978}


[EPOCH 5 TRAIN]
time: 55.99 seconds | lr: 0.000100
loss:1.762280 = (1-reg):0.50 * r2l_loss:1.747437 + (reg):0.50 * l2r_loss:1.777123
{'testlen': 565, 'reflen': 564, 'guess': [565, 465, 365, 266], 'correct': [519, 368, 232, 127]}
ratio: 1.001773049643614
{'testlen': 569, 'reflen': 566, 'guess': [569, 469, 369, 269], 'correct': [525, 382, 248, 132]}
ratio: 1.0053003533551144
[EPOCH 5 VAL]
time: 29.03 seconds
loss:2.310380 = (1-reg):0.50 * r2l_loss:2.318500 + (reg):0.50 * l2r_loss:2.302260
r2l_scores: {'Bleu_1': 0.9185840707948344, 'Bleu_2': 0.8526226939132303, 'Bleu_3': 0.7731011134310968, 'Bleu_4': 0.6853426273134077, 'METEOR': 0.4631168893278087, 'ROUGE_L': 0.8381927011774962, 'CIDEr': 1.6319330508810292}
l2r_scores: {'Bleu_1': 0.9226713532496965, 'Bleu_2': 0.8668995521755195, 'Bleu_3': 0.7963811231863038, 'Bleu_4': 0.705579786769198, 'METEOR': 0.46263866224592265, 'ROUGE_L': 0.8406695039597797, 'CIDEr': 1.6462575202663186}
>> Saving checkpoint to 5.ckpt
>> New best model at epoch 5 | CIDEr: 1.6462575202663186


[EPOCH 6 TRAIN]
time: 55.73 seconds | lr: 0.000100
loss:1.658705 = (1-reg):0.50 * r2l_loss:1.645044 + (reg):0.50 * l2r_loss:1.672366
{'testlen': 569, 'reflen': 567, 'guess': [569, 469, 369, 269], 'correct': [519, 372, 229, 121]}
ratio: 1.0035273368589004
{'testlen': 557, 'reflen': 554, 'guess': [557, 457, 357, 257], 'correct': [515, 376, 246, 136]}
ratio: 1.0054151624530587
[EPOCH 6 VAL]
time: 27.86 seconds
loss:2.292781 = (1-reg):0.50 * r2l_loss:2.288974 + (reg):0.50 * l2r_loss:2.296589
r2l_scores: {'Bleu_1': 0.9121265377839858, 'Bleu_2': 0.8505749617614669, 'Bleu_3': 0.7657343008007081, 'Bleu_4': 0.6703735163077337, 'METEOR': 0.4469834242082507, 'ROUGE_L': 0.8310158769475838, 'CIDEr': 1.58745158221528}
l2r_scores: {'Bleu_1': 0.9245960502676399, 'Bleu_2': 0.8721914788112066, 'Bleu_3': 0.8063003653215945, 'Bleu_4': 0.7257283498441185, 'METEOR': 0.4512127449614298, 'ROUGE_L': 0.8412628900140746, 'CIDEr': 1.6126457916809136}


[EPOCH 7 TRAIN]
time: 54.94 seconds | lr: 0.000100
loss:1.582466 = (1-reg):0.50 * r2l_loss:1.567104 + (reg):0.50 * l2r_loss:1.597827
{'testlen': 581, 'reflen': 580, 'guess': [581, 481, 381, 282], 'correct': [535, 382, 242, 131]}
ratio: 1.0017241379293074
{'testlen': 566, 'reflen': 564, 'guess': [566, 466, 366, 266], 'correct': [526, 387, 259, 145]}
ratio: 1.0035460992890008
[EPOCH 7 VAL]
time: 28.80 seconds
loss:2.269382 = (1-reg):0.50 * r2l_loss:2.264384 + (reg):0.50 * l2r_loss:2.274379
r2l_scores: {'Bleu_1': 0.9208261617884324, 'Bleu_2': 0.8551611607269732, 'Bleu_3': 0.774453670006839, 'Bleu_4': 0.6815569149884063, 'METEOR': 0.451075886567807, 'ROUGE_L': 0.8306388645427021, 'CIDEr': 1.6353137974837089}
l2r_scores: {'Bleu_1': 0.9293286219064854, 'Bleu_2': 0.8785109532698515, 'Bleu_3': 0.8174057341590574, 'Bleu_4': 0.7386689629074583, 'METEOR': 0.47747646426693474, 'ROUGE_L': 0.8545271137081838, 'CIDEr': 1.7233320425708616}
>> Saving checkpoint to 7.ckpt
>> New best model at epoch 7 | CIDEr: 1.7233320425708616


[EPOCH 8 TRAIN]
time: 55.73 seconds | lr: 0.000100
loss:1.521229 = (1-reg):0.50 * r2l_loss:1.505393 + (reg):0.50 * l2r_loss:1.537065
{'testlen': 566, 'reflen': 564, 'guess': [566, 466, 366, 266], 'correct': [516, 369, 236, 130]}
ratio: 1.0035460992890008
{'testlen': 552, 'reflen': 549, 'guess': [552, 452, 352, 252], 'correct': [514, 370, 241, 133]}
ratio: 1.0054644808724855
[EPOCH 8 VAL]
time: 27.45 seconds
loss:2.236034 = (1-reg):0.50 * r2l_loss:2.240529 + (reg):0.50 * l2r_loss:2.231538
r2l_scores: {'Bleu_1': 0.9116607773835483, 'Bleu_2': 0.8496437360606236, 'Bleu_3': 0.7749997204051683, 'Bleu_4': 0.6906238755917736, 'METEOR': 0.44382415538749614, 'ROUGE_L': 0.8219077415136755, 'CIDEr': 1.663274306243072}
l2r_scores: {'Bleu_1': 0.9311594202881682, 'Bleu_2': 0.8730591439405891, 'Bleu_3': 0.8051075572135377, 'Bleu_4': 0.7244413020225795, 'METEOR': 0.454266003393142, 'ROUGE_L': 0.8309382477730846, 'CIDEr': 1.6398898787311358}


[EPOCH 9 TRAIN]
time: 56.28 seconds | lr: 0.000100
loss:1.469592 = (1-reg):0.50 * r2l_loss:1.452665 + (reg):0.50 * l2r_loss:1.486519
{'testlen': 550, 'reflen': 549, 'guess': [550, 450, 350, 253], 'correct': [502, 351, 221, 126]}
ratio: 1.0018214936229475
{'testlen': 557, 'reflen': 554, 'guess': [557, 457, 357, 257], 'correct': [513, 370, 240, 128]}
ratio: 1.0054151624530587
[EPOCH 9 VAL]
time: 29.50 seconds
loss:2.255331 = (1-reg):0.50 * r2l_loss:2.247344 + (reg):0.50 * l2r_loss:2.263318
r2l_scores: {'Bleu_1': 0.9127272727256133, 'Bleu_2': 0.8437578282448088, 'Bleu_3': 0.766043243687178, 'Bleu_4': 0.6878638258748786, 'METEOR': 0.45418019298357115, 'ROUGE_L': 0.8180631516265419, 'CIDEr': 1.6040523711678543}
l2r_scores: {'Bleu_1': 0.9210053859947558, 'Bleu_2': 0.8635228756158385, 'Bleu_3': 0.7943835455769633, 'Bleu_4': 0.7068738105089737, 'METEOR': 0.45527515897575443, 'ROUGE_L': 0.8331137888436353, 'CIDEr': 1.6645393556432857}


[EPOCH 10 TRAIN]
time: 56.24 seconds | lr: 0.000100
loss:1.424639 = (1-reg):0.50 * r2l_loss:1.407695 + (reg):0.50 * l2r_loss:1.441583
{'testlen': 570, 'reflen': 567, 'guess': [570, 470, 370, 270], 'correct': [513, 365, 229, 123]}
ratio: 1.0052910052892323
{'testlen': 548, 'reflen': 545, 'guess': [548, 448, 348, 248], 'correct': [505, 364, 234, 127]}
ratio: 1.0055045871541184
[EPOCH 10 VAL]
time: 28.02 seconds
loss:2.247129 = (1-reg):0.50 * r2l_loss:2.231780 + (reg):0.50 * l2r_loss:2.262478
r2l_scores: {'Bleu_1': 0.8999999999984211, 'Bleu_2': 0.836024024900034, 'Bleu_3': 0.7562935990796184, 'Bleu_4': 0.6662744437465457, 'METEOR': 0.4506329534024342, 'ROUGE_L': 0.8290713138859301, 'CIDEr': 1.6236512522617221}
l2r_scores: {'Bleu_1': 0.9215328467136469, 'Bleu_2': 0.8653007788931932, 'Bleu_3': 0.7955306821617864, 'Bleu_4': 0.7125752120445069, 'METEOR': 0.45173493668415304, 'ROUGE_L': 0.8365048012692643, 'CIDEr': 1.5610288915524486}


[EPOCH 11 TRAIN]
time: 54.39 seconds | lr: 0.000100
loss:1.386038 = (1-reg):0.50 * r2l_loss:1.369482 + (reg):0.50 * l2r_loss:1.402593
{'testlen': 567, 'reflen': 564, 'guess': [567, 467, 367, 267], 'correct': [514, 361, 228, 122]}
ratio: 1.0053191489343878
{'testlen': 558, 'reflen': 556, 'guess': [558, 458, 358, 258], 'correct': [515, 380, 252, 146]}
ratio: 1.0035971223003533
[EPOCH 11 VAL]
time: 28.62 seconds
loss:2.250914 = (1-reg):0.50 * r2l_loss:2.250403 + (reg):0.50 * l2r_loss:2.251424
r2l_scores: {'Bleu_1': 0.9065255731906411, 'Bleu_2': 0.8371151286347198, 'Bleu_3': 0.7579020028234006, 'Bleu_4': 0.6678392403302789, 'METEOR': 0.43270664476905457, 'ROUGE_L': 0.8123204114869247, 'CIDEr': 1.5143828085646505}
l2r_scores: {'Bleu_1': 0.9229390680987044, 'Bleu_2': 0.8750755998242286, 'Bleu_3': 0.8138347332467504, 'Bleu_4': 0.7431653510967947, 'METEOR': 0.4723800500447536, 'ROUGE_L': 0.8497858518886252, 'CIDEr': 1.6930747421788588}


[EPOCH 12 TRAIN]
time: 56.16 seconds | lr: 0.000100
loss:1.350134 = (1-reg):0.50 * r2l_loss:1.332142 + (reg):0.50 * l2r_loss:1.368126
{'testlen': 573, 'reflen': 568, 'guess': [573, 473, 373, 274], 'correct': [521, 371, 236, 128]}
ratio: 1.0088028168996324
{'testlen': 566, 'reflen': 563, 'guess': [566, 466, 366, 266], 'correct': [528, 382, 243, 133]}
ratio: 1.0053285968010564
[EPOCH 12 VAL]
time: 28.40 seconds
loss:2.262874 = (1-reg):0.50 * r2l_loss:2.247826 + (reg):0.50 * l2r_loss:2.277922
r2l_scores: {'Bleu_1': 0.9092495636982387, 'Bleu_2': 0.8444966577369168, 'Bleu_3': 0.7670076233465107, 'Bleu_4': 0.677586293075714, 'METEOR': 0.44578072347602754, 'ROUGE_L': 0.8301572656357102, 'CIDEr': 1.6026894477079419}
l2r_scores: {'Bleu_1': 0.9328621908110727, 'Bleu_2': 0.8744751422653784, 'Bleu_3': 0.7977620544626391, 'Bleu_4': 0.7098188568738995, 'METEOR': 0.45676250061484913, 'ROUGE_L': 0.8239931681357064, 'CIDEr': 1.7099333089220377}


[EPOCH 13 TRAIN]
time: 54.35 seconds | lr: 0.000050
loss:1.280704 = (1-reg):0.50 * r2l_loss:1.262616 + (reg):0.50 * l2r_loss:1.298791
{'testlen': 562, 'reflen': 559, 'guess': [562, 462, 362, 262], 'correct': [508, 348, 213, 109]}
ratio: 1.0053667262951604
{'testlen': 544, 'reflen': 539, 'guess': [544, 444, 344, 244], 'correct': [508, 373, 241, 130]}
ratio: 1.009276437845994
[EPOCH 13 VAL]
time: 28.28 seconds
loss:2.268768 = (1-reg):0.50 * r2l_loss:2.270047 + (reg):0.50 * l2r_loss:2.267488
r2l_scores: {'Bleu_1': 0.9039145907457226, 'Bleu_2': 0.8251489142513062, 'Bleu_3': 0.7371885242969174, 'Bleu_4': 0.6389475749383091, 'METEOR': 0.4261877215700345, 'ROUGE_L': 0.8015342550313161, 'CIDEr': 1.5398606204240886}
l2r_scores: {'Bleu_1': 0.9338235294100481, 'Bleu_2': 0.8857177275794847, 'Bleu_3': 0.8191242024216026, 'Bleu_4': 0.7356152094615565, 'METEOR': 0.45786340529455044, 'ROUGE_L': 0.8403486125927836, 'CIDEr': 1.6222095815569273}


[EPOCH 14 TRAIN]
time: 55.73 seconds | lr: 0.000050
loss:1.257117 = (1-reg):0.50 * r2l_loss:1.238805 + (reg):0.50 * l2r_loss:1.275428
{'testlen': 575, 'reflen': 571, 'guess': [575, 475, 375, 275], 'correct': [517, 354, 228, 126]}
ratio: 1.0070052539386918
{'testlen': 563, 'reflen': 560, 'guess': [563, 463, 363, 263], 'correct': [524, 380, 244, 129]}
ratio: 1.0053571428553476
[EPOCH 14 VAL]
time: 29.25 seconds
loss:2.269594 = (1-reg):0.50 * r2l_loss:2.272588 + (reg):0.50 * l2r_loss:2.266600
r2l_scores: {'Bleu_1': 0.899130434781045, 'Bleu_2': 0.8185895107944999, 'Bleu_3': 0.7413306849561266, 'Bleu_4': 0.6573072845543753, 'METEOR': 0.4318791166990035, 'ROUGE_L': 0.8089944862512369, 'CIDEr': 1.5186291347505714}
l2r_scores: {'Bleu_1': 0.9307282415614019, 'Bleu_2': 0.8740026488641387, 'Bleu_3': 0.8007609749720904, 'Bleu_4': 0.7084116019711103, 'METEOR': 0.4535524828747316, 'ROUGE_L': 0.8244693091153623, 'CIDEr': 1.564260579606719}


[EPOCH 15 TRAIN]
time: 57.02 seconds | lr: 0.000050
loss:1.238289 = (1-reg):0.50 * r2l_loss:1.219563 + (reg):0.50 * l2r_loss:1.257015
{'testlen': 569, 'reflen': 566, 'guess': [569, 469, 369, 269], 'correct': [516, 355, 223, 117]}
ratio: 1.0053003533551144
{'testlen': 556, 'reflen': 553, 'guess': [556, 456, 356, 256], 'correct': [514, 367, 238, 129]}
ratio: 1.0054249547902252
[EPOCH 15 VAL]
time: 28.26 seconds
loss:2.289003 = (1-reg):0.50 * r2l_loss:2.292225 + (reg):0.50 * l2r_loss:2.285780
r2l_scores: {'Bleu_1': 0.9068541300511304, 'Bleu_2': 0.8285075545507634, 'Bleu_3': 0.745802464502561, 'Bleu_4': 0.6517428209584871, 'METEOR': 0.431269753956866, 'ROUGE_L': 0.8051800586627003, 'CIDEr': 1.4840597986659352}
l2r_scores: {'Bleu_1': 0.9244604316530136, 'Bleu_2': 0.8625708443011527, 'Bleu_3': 0.7923289103898262, 'Bleu_4': 0.7075653601522156, 'METEOR': 0.4519157885706172, 'ROUGE_L': 0.821332563361074, 'CIDEr': 1.5849837018164956}


[EPOCH 16 TRAIN]
time: 54.37 seconds | lr: 0.000050
loss:1.221752 = (1-reg):0.50 * r2l_loss:1.203014 + (reg):0.50 * l2r_loss:1.240490
{'testlen': 555, 'reflen': 553, 'guess': [555, 455, 355, 255], 'correct': [502, 353, 223, 118]}
ratio: 1.003616636526214
{'testlen': 566, 'reflen': 564, 'guess': [566, 466, 366, 266], 'correct': [530, 388, 256, 146]}
ratio: 1.0035460992890008
[EPOCH 16 VAL]
time: 32.88 seconds
loss:2.277556 = (1-reg):0.50 * r2l_loss:2.273766 + (reg):0.50 * l2r_loss:2.281347
r2l_scores: {'Bleu_1': 0.9045045045028748, 'Bleu_2': 0.8376971181361764, 'Bleu_3': 0.7610564148350154, 'Bleu_4': 0.6720445985993969, 'METEOR': 0.4319263975008082, 'ROUGE_L': 0.7975545941758115, 'CIDEr': 1.4343577580223539}
l2r_scores: {'Bleu_1': 0.9363957597156601, 'Bleu_2': 0.8829835721996508, 'Bleu_3': 0.8169987192932, 'Bleu_4': 0.7396629011637385, 'METEOR': 0.46741363757576676, 'ROUGE_L': 0.8482743783809492, 'CIDEr': 1.6789514145462214}


[EPOCH 17 TRAIN]
time: 55.58 seconds | lr: 0.000025
loss:1.184081 = (1-reg):0.50 * r2l_loss:1.165542 + (reg):0.50 * l2r_loss:1.202620
{'testlen': 559, 'reflen': 556, 'guess': [559, 459, 359, 259], 'correct': [508, 352, 225, 121]}
ratio: 1.0053956834514293
{'testlen': 549, 'reflen': 545, 'guess': [549, 449, 349, 249], 'correct': [504, 363, 232, 123]}
ratio: 1.007339449539436
[EPOCH 17 VAL]
time: 29.07 seconds
loss:2.299326 = (1-reg):0.50 * r2l_loss:2.290196 + (reg):0.50 * l2r_loss:2.308457
r2l_scores: {'Bleu_1': 0.9087656529500738, 'Bleu_2': 0.8348163403327439, 'Bleu_3': 0.7587347653370458, 'Bleu_4': 0.6721077287892514, 'METEOR': 0.43045380369051084, 'ROUGE_L': 0.8034923093215663, 'CIDEr': 1.5024022375482438}
l2r_scores: {'Bleu_1': 0.9180327868835737, 'Bleu_2': 0.8615078479168142, 'Bleu_3': 0.7901817796614999, 'Bleu_4': 0.7026219281450913, 'METEOR': 0.44606058647994473, 'ROUGE_L': 0.8119831593741742, 'CIDEr': 1.5642626942979436}


[EPOCH 18 TRAIN]
time: 53.15 seconds | lr: 0.000025
loss:1.172379 = (1-reg):0.50 * r2l_loss:1.153762 + (reg):0.50 * l2r_loss:1.190997
{'testlen': 564, 'reflen': 561, 'guess': [564, 464, 364, 264], 'correct': [508, 350, 218, 113]}
ratio: 1.0053475935810956
{'testlen': 543, 'reflen': 538, 'guess': [543, 443, 343, 243], 'correct': [499, 357, 225, 121]}
ratio: 1.0092936802955217
[EPOCH 18 VAL]
time: 28.38 seconds
loss:2.303186 = (1-reg):0.50 * r2l_loss:2.299870 + (reg):0.50 * l2r_loss:2.306502
r2l_scores: {'Bleu_1': 0.900709219856559, 'Bleu_2': 0.8242659050439506, 'Bleu_3': 0.7410199960415321, 'Bleu_4': 0.6460127279151391, 'METEOR': 0.424324419709539, 'ROUGE_L': 0.7948085914527523, 'CIDEr': 1.4763830003539749}
l2r_scores: {'Bleu_1': 0.9189686924476631, 'Bleu_2': 0.8605628679349007, 'Bleu_3': 0.7861121969944711, 'Bleu_4': 0.701307002268726, 'METEOR': 0.44728708959765395, 'ROUGE_L': 0.8151815386314505, 'CIDEr': 1.5343293168444703}


[EPOCH 19 TRAIN]
time: 54.61 seconds | lr: 0.000025
loss:1.163323 = (1-reg):0.50 * r2l_loss:1.145200 + (reg):0.50 * l2r_loss:1.181447
{'testlen': 567, 'reflen': 564, 'guess': [567, 467, 367, 267], 'correct': [513, 354, 223, 120]}
ratio: 1.0053191489343878
{'testlen': 554, 'reflen': 549, 'guess': [554, 454, 354, 254], 'correct': [508, 365, 243, 134]}
ratio: 1.0091074681220236
[EPOCH 19 VAL]
time: 28.93 seconds
loss:2.304672 = (1-reg):0.50 * r2l_loss:2.296450 + (reg):0.50 * l2r_loss:2.312893
r2l_scores: {'Bleu_1': 0.904761904760309, 'Bleu_2': 0.8281525507357155, 'Bleu_3': 0.7469413383652972, 'Bleu_4': 0.6578583141854983, 'METEOR': 0.43012894611065994, 'ROUGE_L': 0.8003720860224942, 'CIDEr': 1.502899277380239}
l2r_scores: {'Bleu_1': 0.9169675090236156, 'Bleu_2': 0.8586090852173665, 'Bleu_3': 0.796889290348937, 'Bleu_4': 0.7188135631277207, 'METEOR': 0.45803776615687813, 'ROUGE_L': 0.8280037642310846, 'CIDEr': 1.6012332485042358}


[EPOCH 20 TRAIN]
time: 54.95 seconds | lr: 0.000025
loss:1.153660 = (1-reg):0.50 * r2l_loss:1.135355 + (reg):0.50 * l2r_loss:1.171965
{'testlen': 569, 'reflen': 565, 'guess': [569, 469, 369, 269], 'correct': [515, 354, 222, 115]}
ratio: 1.0070796460159166
{'testlen': 561, 'reflen': 558, 'guess': [561, 461, 361, 261], 'correct': [509, 369, 241, 127]}
ratio: 1.0053763440842198
[EPOCH 20 VAL]
time: 29.13 seconds
loss:2.313614 = (1-reg):0.50 * r2l_loss:2.304217 + (reg):0.50 * l2r_loss:2.323011
r2l_scores: {'Bleu_1': 0.9050966608068451, 'Bleu_2': 0.8265377449113854, 'Bleu_3': 0.743505176834007, 'Bleu_4': 0.6474397916840299, 'METEOR': 0.42914690887152845, 'ROUGE_L': 0.799434322140498, 'CIDEr': 1.4620518428987157}
l2r_scores: {'Bleu_1': 0.9073083778949959, 'Bleu_2': 0.852197353028473, 'Bleu_3': 0.7855914247117436, 'Bleu_4': 0.6969287073841222, 'METEOR': 0.45174958123332126, 'ROUGE_L': 0.820130929754824, 'CIDEr': 1.525911392204754}



[BEST: 7 | SEED: 904666 | VAL-CIDEr: 1.7233320425708616]
{'testlen': 3907, 'reflen': 3910, 'guess': [3907, 3237, 2567, 1905], 'correct': [3510, 2419, 1494, 797]}
ratio: 0.9992327365726345
{'testlen': 3804, 'reflen': 3801, 'guess': [3804, 3134, 2464, 1794], 'correct': [3439, 2423, 1562, 851]}
ratio: 1.000789265982373
time: 94.18 seconds
r2l_scores: {'Bleu_1': 0.8976979452132986, 'Bleu_2': 0.818738028737786, 'Bleu_3': 0.730511505116361, 'Bleu_4': 0.6353715462233824, 'METEOR': 0.4400971531284463, 'ROUGE_L': 0.8108477870272169, 'CIDEr': 1.3315260888333043}
l2r_scores: {'Bleu_1': 0.9040483701364606, 'Bleu_2': 0.8360322771041234, 'Bleu_3': 0.7623635760256513, 'Bleu_4': 0.6770930940094605, 'METEOR': 0.46015598919643375, 'ROUGE_L': 0.8350955639000921, 'CIDEr': 1.4021248621179676}
----------------------------------------
>> [Train time] Total: 1110.74 seconds => Per epoch: 55.54 seconds
>> [Val time] Total: 574.33 seconds => Per epoch: 28.72 seconds
