Found 1 CUDA device(s)

Device 0: NVIDIA A100-SXM4-40GB
  Total memory bytes: 42296475648
  MultiProcessor count: 108
  Major.Minor: 8.0
  Max threads per block: 2048
  Memory reserved bytes: 0
  Memory allocated bytes: 0
  Free inside reserved bytes: 0
  Active allocations: 0
========================================
MODEL ID: MSRVTT = FEAT newBlip2ClsKF fsl-13 mcl-20 = Transformer d-512 N_enc-0 N_dec-3 h-4 h_big-4 dp-0.1 = OPTIM lr-0.0001 warmup-3 gamma-0.5 pat-3 wd-5e-06 rg-0.6 = bs-64-gc-5.0-ls-0.15 = 1764850288
Enter the load_video_feats method.
Enter the load_video_feats method.
Enter the load_video_feats method.
#vocabs: 10444 (23046), #words: 1178850 (1194458). Trim words which appear less than 3 times.
{'Total': 51263384, 'Trainable': 51263384}


[EPOCH 1 TRAIN]
time: 172.01 seconds | lr: 0.000033
loss:3.946911 = (1-reg):0.40 * r2l_loss:3.948808 + (reg):0.60 * l2r_loss:3.945646
{'testlen': 2802, 'reflen': 3133, 'guess': [2802, 2305, 1808, 1322], 'correct': [2417, 1422, 704, 289]}
ratio: 0.8943504628149076
{'testlen': 3011, 'reflen': 3256, 'guess': [3011, 2514, 2017, 1520], 'correct': [2602, 1529, 743, 293]}
ratio: 0.9247542997540158
[EPOCH 1 VAL]
time: 73.11 seconds
loss:3.546971 = (1-reg):0.40 * r2l_loss:3.477501 + (reg):0.60 * l2r_loss:3.593283
r2l_scores: {'Bleu_1': 0.7664879869442551, 'Bleu_2': 0.6482095515788769, 'Bleu_3': 0.5258162128327261, 'Bleu_4': 0.4099362130563613, 'METEOR': 0.275653246363652, 'ROUGE_L': 0.6069494602809464, 'CIDEr': 0.44801611128964886}
l2r_scores: {'Bleu_1': 0.7966337946003049, 'Bleu_2': 0.6683155461588295, 'Bleu_3': 0.5332973316820014, 'Bleu_4': 0.40518057224420945, 'METEOR': 0.2832168777667379, 'ROUGE_L': 0.614819946296354, 'CIDEr': 0.42791205867249427}
>> New best model at epoch 1 | N_Metrics: 4 | CIDEr: 0.42791205867249427


[EPOCH 2 TRAIN]
time: 171.74 seconds | lr: 0.000056
loss:3.260482 = (1-reg):0.40 * r2l_loss:3.247586 + (reg):0.60 * l2r_loss:3.269079
{'testlen': 3026, 'reflen': 3283, 'guess': [3026, 2529, 2032, 1535], 'correct': [2649, 1631, 850, 364]}
ratio: 0.9217179409074256
{'testlen': 3016, 'reflen': 3232, 'guess': [3016, 2519, 2022, 1525], 'correct': [2669, 1668, 872, 400]}
ratio: 0.9331683168313945
[EPOCH 2 VAL]
time: 73.95 seconds
loss:3.196576 = (1-reg):0.40 * r2l_loss:3.159267 + (reg):0.60 * l2r_loss:3.221449
r2l_scores: {'Bleu_1': 0.8041334777094215, 'Bleu_2': 0.6901987868371368, 'Bleu_3': 0.5677880369824458, 'Bleu_4': 0.4468550872012442, 'METEOR': 0.2989727663776818, 'ROUGE_L': 0.6306642405406739, 'CIDEr': 0.559558301266588}
l2r_scores: {'Bleu_1': 0.8237850729788295, 'Bleu_2': 0.7125892056852277, 'Bleu_3': 0.5885321126941857, 'Bleu_4': 0.4723341330571331, 'METEOR': 0.30513101255957453, 'ROUGE_L': 0.6391221120571327, 'CIDEr': 0.5522689211887981}
>> New best model at epoch 2 | N_Metrics: 4 | CIDEr: 0.5522689211887981


[EPOCH 3 TRAIN]
time: 171.89 seconds | lr: 0.000078
loss:2.976517 = (1-reg):0.40 * r2l_loss:2.962925 + (reg):0.60 * l2r_loss:2.985579
{'testlen': 2945, 'reflen': 3204, 'guess': [2945, 2448, 1951, 1455], 'correct': [2521, 1528, 777, 319]}
ratio: 0.919163545567753
{'testlen': 3045, 'reflen': 3252, 'guess': [3045, 2548, 2051, 1554], 'correct': [2699, 1663, 849, 368]}
ratio: 0.9363468634683467
[EPOCH 3 VAL]
time: 76.47 seconds
loss:3.020710 = (1-reg):0.40 * r2l_loss:3.008048 + (reg):0.60 * l2r_loss:3.029152
r2l_scores: {'Bleu_1': 0.7839587776621613, 'Bleu_2': 0.6694303902276714, 'Bleu_3': 0.5467558344605168, 'Bleu_4': 0.4256262572893467, 'METEOR': 0.29204420369823897, 'ROUGE_L': 0.6252036729652349, 'CIDEr': 0.5826136620435935}
l2r_scores: {'Bleu_1': 0.8281178012353999, 'Bleu_2': 0.7106090584422217, 'Bleu_3': 0.5801763396937132, 'Bleu_4': 0.4559196856897245, 'METEOR': 0.3073714811185865, 'ROUGE_L': 0.643292708718851, 'CIDEr': 0.5561341788342653}
>> New best model at epoch 3 | N_Metrics: 3 | CIDEr: 0.5561341788342653


[EPOCH 4 TRAIN]
time: 171.65 seconds | lr: 0.000100
loss:2.792918 = (1-reg):0.40 * r2l_loss:2.778402 + (reg):0.60 * l2r_loss:2.802595
{'testlen': 3050, 'reflen': 3286, 'guess': [3050, 2553, 2056, 1561], 'correct': [2665, 1631, 836, 359]}
ratio: 0.9281801582468265
{'testlen': 3211, 'reflen': 3375, 'guess': [3211, 2714, 2217, 1721], 'correct': [2840, 1781, 955, 439]}
ratio: 0.9514074074071255
[EPOCH 4 VAL]
time: 77.40 seconds
loss:2.928305 = (1-reg):0.40 * r2l_loss:2.902995 + (reg):0.60 * l2r_loss:2.945179
r2l_scores: {'Bleu_1': 0.8087102517105419, 'Bleu_2': 0.6915058120026216, 'Bleu_3': 0.5645773752060461, 'Bleu_4': 0.44239925071130365, 'METEOR': 0.3006795542248773, 'ROUGE_L': 0.6343876784326828, 'CIDEr': 0.5919424510266754}
l2r_scores: {'Bleu_1': 0.8404206030242647, 'Bleu_2': 0.7239102258991524, 'Bleu_3': 0.5986071765765816, 'Bleu_4': 0.47750949964257877, 'METEOR': 0.31624838444425146, 'ROUGE_L': 0.6485819397435768, 'CIDEr': 0.6046807624902923}
>> New best model at epoch 4 | N_Metrics: 4 | CIDEr: 0.6046807624902923


[EPOCH 5 TRAIN]
time: 170.75 seconds | lr: 0.000100
loss:2.651894 = (1-reg):0.40 * r2l_loss:2.635336 + (reg):0.60 * l2r_loss:2.662933
{'testlen': 3031, 'reflen': 3275, 'guess': [3031, 2534, 2037, 1541], 'correct': [2662, 1630, 852, 376]}
ratio: 0.9254961832058243
{'testlen': 3282, 'reflen': 3421, 'guess': [3282, 2785, 2288, 1791], 'correct': [2921, 1850, 975, 452]}
ratio: 0.959368605670576
[EPOCH 5 VAL]
time: 77.65 seconds
loss:2.861794 = (1-reg):0.40 * r2l_loss:2.852946 + (reg):0.60 * l2r_loss:2.867692
r2l_scores: {'Bleu_1': 0.810327847858897, 'Bleu_2': 0.6934900011727976, 'Bleu_3': 0.5704127278741721, 'Bleu_4': 0.45211391060518724, 'METEOR': 0.29677639850539095, 'ROUGE_L': 0.6236681683724418, 'CIDEr': 0.6026469930524151}
l2r_scores: {'Bleu_1': 0.853099412684428, 'Bleu_2': 0.7370151534381175, 'Bleu_3': 0.6053910985398797, 'Bleu_4': 0.48132608793632775, 'METEOR': 0.32178509037441777, 'ROUGE_L': 0.6519973223324887, 'CIDEr': 0.6256599131943972}
>> New best model at epoch 5 | N_Metrics: 4 | CIDEr: 0.6256599131943972


[EPOCH 6 TRAIN]
time: 170.96 seconds | lr: 0.000100
loss:2.548949 = (1-reg):0.40 * r2l_loss:2.530926 + (reg):0.60 * l2r_loss:2.560964
{'testlen': 3100, 'reflen': 3317, 'guess': [3100, 2603, 2106, 1609], 'correct': [2696, 1644, 859, 394]}
ratio: 0.9345794392520547
{'testlen': 3229, 'reflen': 3380, 'guess': [3229, 2732, 2235, 1738], 'correct': [2879, 1844, 975, 445]}
ratio: 0.9553254437866996
[EPOCH 6 VAL]
time: 78.42 seconds
loss:2.822342 = (1-reg):0.40 * r2l_loss:2.814233 + (reg):0.60 * l2r_loss:2.827748
r2l_scores: {'Bleu_1': 0.8108818511176822, 'Bleu_2': 0.6910226868035161, 'Bleu_3': 0.5662909202178983, 'Bleu_4': 0.4512472723276104, 'METEOR': 0.2925219868425732, 'ROUGE_L': 0.6235045937738765, 'CIDEr': 0.6098272275032123}
l2r_scores: {'Bleu_1': 0.8508723309234958, 'Bleu_2': 0.7403169658265915, 'Bleu_3': 0.6110608005514535, 'Bleu_4': 0.4859186562598604, 'METEOR': 0.31978263360853454, 'ROUGE_L': 0.6559313772087795, 'CIDEr': 0.6280061834007918}
>> New best model at epoch 6 | N_Metrics: 3 | CIDEr: 0.6280061834007918


[EPOCH 7 TRAIN]
time: 170.64 seconds | lr: 0.000100
loss:2.469092 = (1-reg):0.40 * r2l_loss:2.450051 + (reg):0.60 * l2r_loss:2.481787
{'testlen': 3051, 'reflen': 3268, 'guess': [3051, 2554, 2057, 1561], 'correct': [2604, 1576, 816, 361]}
ratio: 0.9335985312114646
{'testlen': 3272, 'reflen': 3404, 'guess': [3272, 2775, 2278, 1781], 'correct': [2893, 1840, 976, 446]}
ratio: 0.9612220916565919
[EPOCH 7 VAL]
time: 77.81 seconds
loss:2.799447 = (1-reg):0.40 * r2l_loss:2.805782 + (reg):0.60 * l2r_loss:2.795223
r2l_scores: {'Bleu_1': 0.794895274689267, 'Bleu_2': 0.675893374540977, 'Bleu_3': 0.5526384903954334, 'Bleu_4': 0.4366512498889827, 'METEOR': 0.2927195436555796, 'ROUGE_L': 0.6126117991897951, 'CIDEr': 0.6281856109603386}
l2r_scores: {'Bleu_1': 0.8492092207633676, 'Bleu_2': 0.7354015646856341, 'Bleu_3': 0.606003203314948, 'Bleu_4': 0.480998603317631, 'METEOR': 0.3202040369245275, 'ROUGE_L': 0.6548045536130728, 'CIDEr': 0.641575710224352}
>> New best model at epoch 7 | N_Metrics: 2 | CIDEr: 0.641575710224352


[EPOCH 8 TRAIN]
time: 170.93 seconds | lr: 0.000100
loss:2.403178 = (1-reg):0.40 * r2l_loss:2.383817 + (reg):0.60 * l2r_loss:2.416085
{'testlen': 3212, 'reflen': 3383, 'guess': [3212, 2715, 2218, 1723], 'correct': [2681, 1571, 777, 326]}
ratio: 0.9494531480931275
{'testlen': 3265, 'reflen': 3390, 'guess': [3265, 2768, 2271, 1774], 'correct': [2866, 1803, 924, 413]}
ratio: 0.963126843657533
[EPOCH 8 VAL]
time: 79.80 seconds
loss:2.771641 = (1-reg):0.40 * r2l_loss:2.780905 + (reg):0.60 * l2r_loss:2.765465
r2l_scores: {'Bleu_1': 0.7914078785584739, 'Bleu_2': 0.6589355008791624, 'Bleu_3': 0.5244146237434016, 'Bleu_4': 0.40105963021819147, 'METEOR': 0.28544971135371683, 'ROUGE_L': 0.6055509025669596, 'CIDEr': 0.5896445771467981}
l2r_scores: {'Bleu_1': 0.8448237337250845, 'Bleu_2': 0.7277537069669078, 'Bleu_3': 0.5919235219662325, 'Bleu_4': 0.4642924101242166, 'METEOR': 0.31764454096429856, 'ROUGE_L': 0.6430579917218694, 'CIDEr': 0.6352019225353323}


[EPOCH 9 TRAIN]
time: 171.12 seconds | lr: 0.000100
loss:2.346588 = (1-reg):0.40 * r2l_loss:2.326823 + (reg):0.60 * l2r_loss:2.359764
{'testlen': 3243, 'reflen': 3400, 'guess': [3243, 2746, 2249, 1753], 'correct': [2763, 1657, 855, 378]}
ratio: 0.9538235294114842
{'testlen': 3364, 'reflen': 3459, 'guess': [3364, 2867, 2370, 1873], 'correct': [2950, 1870, 992, 458]}
ratio: 0.9725354148595049
[EPOCH 9 VAL]
time: 79.44 seconds
loss:2.766012 = (1-reg):0.40 * r2l_loss:2.764072 + (reg):0.60 * l2r_loss:2.767306
r2l_scores: {'Bleu_1': 0.8117249354821907, 'Bleu_2': 0.6831292905012302, 'Bleu_3': 0.552907492014015, 'Bleu_4': 0.43167864499270964, 'METEOR': 0.29487276195498724, 'ROUGE_L': 0.6159639926866914, 'CIDEr': 0.5958668112989284}
l2r_scores: {'Bleu_1': 0.8525139025258132, 'Bleu_2': 0.7352337124818842, 'Bleu_3': 0.6036472095784142, 'Bleu_4': 0.4781929659523516, 'METEOR': 0.31962387969095096, 'ROUGE_L': 0.6520956210011886, 'CIDEr': 0.6387086155919895}


[EPOCH 10 TRAIN]
time: 169.65 seconds | lr: 0.000100
loss:2.297556 = (1-reg):0.40 * r2l_loss:2.277039 + (reg):0.60 * l2r_loss:2.311233
{'testlen': 3289, 'reflen': 3429, 'guess': [3289, 2792, 2295, 1798], 'correct': [2791, 1636, 843, 378]}
ratio: 0.9591717701951126
{'testlen': 3600, 'reflen': 3643, 'guess': [3600, 3103, 2606, 2109], 'correct': [3073, 1881, 990, 463]}
ratio: 0.9881965413118341
[EPOCH 10 VAL]
time: 80.73 seconds
loss:2.759565 = (1-reg):0.40 * r2l_loss:2.772683 + (reg):0.60 * l2r_loss:2.750819
r2l_scores: {'Bleu_1': 0.8132231399774699, 'Bleu_2': 0.675764991420646, 'Bleu_3': 0.5437300587517762, 'Bleu_4': 0.42422032879117216, 'METEOR': 0.2943786128507856, 'ROUGE_L': 0.6108316574964411, 'CIDEr': 0.5942877192518273}
l2r_scores: {'Bleu_1': 0.8434758511409343, 'Bleu_2': 0.7107978956982561, 'Bleu_3': 0.5745421314926376, 'Bleu_4': 0.4503712532857682, 'METEOR': 0.31633758174126214, 'ROUGE_L': 0.6380219795558548, 'CIDEr': 0.6284412786398776}



[BEST: 7 | SEED: 904666 | VAL-CIDEr: 0.641575710224352]
{'testlen': 18825, 'reflen': 20181, 'guess': [18825, 15835, 12845, 9859], 'correct': [16088, 9670, 5058, 2345]}
ratio: 0.9328080868142841
{'testlen': 19721, 'reflen': 20660, 'guess': [19721, 16731, 13741, 10751], 'correct': [17229, 10805, 5729, 2667]}
ratio: 0.9545498547918221
time: 390.42 seconds
r2l_scores: {'Bleu_1': 0.7952140194312727, 'Bleu_2': 0.6722095757659612, 'Bleu_3': 0.5491070509480643, 'Bleu_4': 0.43752160066814044, 'METEOR': 0.2928706973388339, 'ROUGE_L': 0.6197596647663046, 'CIDEr': 0.5913031008575277}
l2r_scores: {'Bleu_1': 0.8330144703282895, 'Bleu_2': 0.7162067547823442, 'Bleu_3': 0.5885990704429309, 'Bleu_4': 0.46863915288779545, 'METEOR': 0.3098332687266813, 'ROUGE_L': 0.6455142565733445, 'CIDEr': 0.6179212631266149}
----------------------------------------
>> [Train time] Total: 1711.36 seconds => Per epoch: 171.14 seconds
>> [Val time] Total: 774.77 seconds => Per epoch: 77.48 seconds
