Found 1 CUDA device(s)

Device 0: NVIDIA A100-SXM4-40GB
  Total memory bytes: 42296475648
  MultiProcessor count: 108
  Major.Minor: 8.0
  Max threads per block: 2048
  Memory reserved bytes: 0
  Memory allocated bytes: 0
  Free inside reserved bytes: 0
  Active allocations: 0
========================================
MODEL ID: MSRVTT = FEAT newBlip2ClsKF+newMViTv2+newImgCapBlip2KF fsl-13 mcl-20 = Transformer d-512 N_enc-0 N_dec-3 h-4 h_big-4 dp-0.1 = OPTIM lr-0.0001 warmup-3 gamma-0.5 pat-3 wd-5e-06 rg-0.3 = bs-64-gc-5.0-ls-0.15 = 1764745106
Enter the load_video_feats method.
Enter the load_video_feats method.
Enter the load_video_feats method.
#vocabs: 10444 (23046), #words: 1178850 (1194458). Trim words which appear less than 3 times.
{'Total': 53114776, 'Trainable': 53114776}


[EPOCH 1 TRAIN]
time: 201.94 seconds | lr: 0.000033
loss:3.906506 = (1-reg):0.70 * r2l_loss:3.899773 + (reg):0.30 * l2r_loss:3.922215
{'testlen': 2800, 'reflen': 3103, 'guess': [2800, 2303, 1806, 1319], 'correct': [2408, 1403, 683, 276]}
ratio: 0.9023525620364479
{'testlen': 2905, 'reflen': 3166, 'guess': [2905, 2408, 1911, 1414], 'correct': [2529, 1525, 774, 336]}
ratio: 0.9175615919137974
[EPOCH 1 VAL]
time: 76.57 seconds
loss:3.476993 = (1-reg):0.70 * r2l_loss:3.449921 + (reg):0.30 * l2r_loss:3.540160
r2l_scores: {'Bleu_1': 0.7717943307091514, 'Bleu_2': 0.6495823634001404, 'Bleu_3': 0.5231884889441366, 'Bleu_4': 0.40495847279965685, 'METEOR': 0.27727336410609604, 'ROUGE_L': 0.6014329112492849, 'CIDEr': 0.45767758806416575}
l2r_scores: {'Bleu_1': 0.7957624898230394, 'Bleu_2': 0.6787171106537764, 'Bleu_3': 0.5545570280683261, 'Bleu_4': 0.43870978393419485, 'METEOR': 0.2887574239655103, 'ROUGE_L': 0.620675338428325, 'CIDEr': 0.4494742119330558}
>> Saving checkpoint to 1.ckpt
>> New best model at epoch 1 | CIDEr: 0.4494742119330558


[EPOCH 2 TRAIN]
time: 197.15 seconds | lr: 0.000056
loss:3.228513 = (1-reg):0.70 * r2l_loss:3.216997 + (reg):0.30 * l2r_loss:3.255386
{'testlen': 2925, 'reflen': 3166, 'guess': [2925, 2428, 1931, 1434], 'correct': [2573, 1557, 797, 331]}
ratio: 0.9238787113073519
{'testlen': 2918, 'reflen': 3168, 'guess': [2918, 2421, 1924, 1427], 'correct': [2601, 1636, 878, 402]}
ratio: 0.9210858585855678
[EPOCH 2 VAL]
time: 78.88 seconds
loss:3.162245 = (1-reg):0.70 * r2l_loss:3.131691 + (reg):0.30 * l2r_loss:3.233535
r2l_scores: {'Bleu_1': 0.810085800989457, 'Bleu_2': 0.6916621768839182, 'Bleu_3': 0.5665354218961354, 'Bleu_4': 0.4433985700897723, 'METEOR': 0.2929743955029002, 'ROUGE_L': 0.6333359972053155, 'CIDEr': 0.5660741972446055}
l2r_scores: {'Bleu_1': 0.8181761824684975, 'Bleu_2': 0.7123830136770846, 'Bleu_3': 0.5968100242234436, 'Bleu_4': 0.4842008459309315, 'METEOR': 0.3046901906894251, 'ROUGE_L': 0.6401116809734534, 'CIDEr': 0.535298235965334}
>> Saving checkpoint to 2.ckpt
>> New best model at epoch 2 | CIDEr: 0.535298235965334


[EPOCH 3 TRAIN]
time: 196.45 seconds | lr: 0.000078
loss:2.947811 = (1-reg):0.70 * r2l_loss:2.936641 + (reg):0.30 * l2r_loss:2.973875
{'testlen': 2922, 'reflen': 3170, 'guess': [2922, 2425, 1928, 1433], 'correct': [2562, 1594, 834, 339]}
ratio: 0.9217665615139048
{'testlen': 3105, 'reflen': 3304, 'guess': [3105, 2608, 2111, 1614], 'correct': [2743, 1710, 897, 405]}
ratio: 0.9397699757866405
[EPOCH 3 VAL]
time: 80.06 seconds
loss:2.977945 = (1-reg):0.70 * r2l_loss:2.967398 + (reg):0.30 * l2r_loss:3.002556
r2l_scores: {'Bleu_1': 0.8054505374628026, 'Bleu_2': 0.6973931957811044, 'Bleu_3': 0.57816455710004, 'Bleu_4': 0.45270153391071727, 'METEOR': 0.30286688287090036, 'ROUGE_L': 0.6407369081111068, 'CIDEr': 0.6097958557342422}
l2r_scores: {'Bleu_1': 0.8285718850635904, 'Bleu_2': 0.7138259844359971, 'Bleu_3': 0.5877847332334992, 'Bleu_4': 0.467566187255389, 'METEOR': 0.3080581975899093, 'ROUGE_L': 0.6381514312138814, 'CIDEr': 0.5789649104750249}
>> Saving checkpoint to 3.ckpt
>> New best model at epoch 3 | CIDEr: 0.5789649104750249


[EPOCH 4 TRAIN]
time: 196.10 seconds | lr: 0.000100
loss:2.763395 = (1-reg):0.70 * r2l_loss:2.751721 + (reg):0.30 * l2r_loss:2.790634
{'testlen': 3122, 'reflen': 3339, 'guess': [3122, 2625, 2128, 1633], 'correct': [2668, 1589, 811, 361]}
ratio: 0.9350104821800135
{'testlen': 3138, 'reflen': 3331, 'guess': [3138, 2641, 2144, 1647], 'correct': [2771, 1751, 943, 453]}
ratio: 0.9420594416088436
[EPOCH 4 VAL]
time: 82.30 seconds
loss:2.895974 = (1-reg):0.70 * r2l_loss:2.885579 + (reg):0.30 * l2r_loss:2.920232
r2l_scores: {'Bleu_1': 0.7971986209612608, 'Bleu_2': 0.6709456943348776, 'Bleu_3': 0.5429325271924558, 'Bleu_4': 0.4262290569543947, 'METEOR': 0.2958410921025883, 'ROUGE_L': 0.6206736868163699, 'CIDEr': 0.6010540067934399}
l2r_scores: {'Bleu_1': 0.8303719623277328, 'Bleu_2': 0.7195148403206778, 'Bleu_3': 0.5982533941375401, 'Bleu_4': 0.48510673216304595, 'METEOR': 0.3150072889737573, 'ROUGE_L': 0.6414022074289548, 'CIDEr': 0.6160679108100711}
>> Saving checkpoint to 4.ckpt
>> New best model at epoch 4 | CIDEr: 0.6160679108100711


[EPOCH 5 TRAIN]
time: 198.27 seconds | lr: 0.000100
loss:2.618347 = (1-reg):0.70 * r2l_loss:2.605269 + (reg):0.30 * l2r_loss:2.648862
{'testlen': 3122, 'reflen': 3327, 'guess': [3122, 2625, 2128, 1632], 'correct': [2669, 1624, 811, 337]}
ratio: 0.9383829275620864
{'testlen': 3066, 'reflen': 3257, 'guess': [3066, 2569, 2072, 1575], 'correct': [2717, 1689, 894, 398]}
ratio: 0.9413570770644946
[EPOCH 5 VAL]
time: 80.77 seconds
loss:2.832127 = (1-reg):0.70 * r2l_loss:2.821002 + (reg):0.30 * l2r_loss:2.858086
r2l_scores: {'Bleu_1': 0.8005686525099561, 'Bleu_2': 0.6810344821703027, 'Bleu_3': 0.5490646029012843, 'Bleu_4': 0.4229760214639756, 'METEOR': 0.2931003953119074, 'ROUGE_L': 0.6171548809498902, 'CIDEr': 0.5833388463790748}
l2r_scores: {'Bleu_1': 0.8326502429960702, 'Bleu_2': 0.7171939904338774, 'Bleu_3': 0.5930009542219663, 'Bleu_4': 0.47171366121082736, 'METEOR': 0.3104603704617138, 'ROUGE_L': 0.6459345870678671, 'CIDEr': 0.6145477408255039}


[EPOCH 6 TRAIN]
time: 197.92 seconds | lr: 0.000100
loss:2.511538 = (1-reg):0.70 * r2l_loss:2.497060 + (reg):0.30 * l2r_loss:2.545322
{'testlen': 3101, 'reflen': 3308, 'guess': [3101, 2604, 2107, 1611], 'correct': [2702, 1675, 860, 355]}
ratio: 0.9374244256345413
{'testlen': 3269, 'reflen': 3398, 'guess': [3269, 2772, 2275, 1778], 'correct': [2903, 1837, 1001, 464]}
ratio: 0.9620364920538664
[EPOCH 6 VAL]
time: 83.17 seconds
loss:2.812584 = (1-reg):0.70 * r2l_loss:2.807409 + (reg):0.30 * l2r_loss:2.824661
r2l_scores: {'Bleu_1': 0.8150669181005965, 'Bleu_2': 0.700306879825163, 'Bleu_3': 0.5721019961782778, 'Bleu_4': 0.4432418128571568, 'METEOR': 0.29742205211304, 'ROUGE_L': 0.6299097372222898, 'CIDEr': 0.6183840509792247}
l2r_scores: {'Bleu_1': 0.8536781312272735, 'Bleu_2': 0.7374559156441683, 'Bleu_3': 0.6127203176161621, 'Bleu_4': 0.4901271692422954, 'METEOR': 0.3193670489572865, 'ROUGE_L': 0.6515286100844904, 'CIDEr': 0.6326609559703015}
>> Saving checkpoint to 6.ckpt
>> New best model at epoch 6 | CIDEr: 0.6326609559703015


[EPOCH 7 TRAIN]
time: 198.18 seconds | lr: 0.000100
loss:2.428129 = (1-reg):0.70 * r2l_loss:2.413108 + (reg):0.30 * l2r_loss:2.463177
{'testlen': 3229, 'reflen': 3399, 'guess': [3229, 2732, 2235, 1738], 'correct': [2813, 1725, 910, 424]}
ratio: 0.9499852897908355
{'testlen': 3280, 'reflen': 3408, 'guess': [3280, 2783, 2286, 1789], 'correct': [2840, 1776, 939, 426]}
ratio: 0.9624413145537082
[EPOCH 7 VAL]
time: 82.88 seconds
loss:2.787334 = (1-reg):0.70 * r2l_loss:2.786743 + (reg):0.30 * l2r_loss:2.788714
r2l_scores: {'Bleu_1': 0.8264888595591233, 'Bleu_2': 0.7036235433924206, 'Bleu_3': 0.5761381525060968, 'Bleu_4': 0.4586779122333647, 'METEOR': 0.30885455664684636, 'ROUGE_L': 0.6411313140007221, 'CIDEr': 0.6263961916460049}
l2r_scores: {'Bleu_1': 0.8327150597429344, 'Bleu_2': 0.7148897139973127, 'Bleu_3': 0.5866419674985986, 'Bleu_4': 0.4637059213451282, 'METEOR': 0.3148918080605975, 'ROUGE_L': 0.6428236879632289, 'CIDEr': 0.625719324462605}


[EPOCH 8 TRAIN]
time: 195.10 seconds | lr: 0.000100
loss:2.357641 = (1-reg):0.70 * r2l_loss:2.341529 + (reg):0.30 * l2r_loss:2.395235
{'testlen': 3203, 'reflen': 3363, 'guess': [3203, 2706, 2209, 1712], 'correct': [2760, 1673, 872, 384]}
ratio: 0.9524234314597227
{'testlen': 3224, 'reflen': 3380, 'guess': [3224, 2727, 2230, 1733], 'correct': [2799, 1730, 919, 421]}
ratio: 0.9538461538458717
[EPOCH 8 VAL]
time: 81.74 seconds
loss:2.773463 = (1-reg):0.70 * r2l_loss:2.772413 + (reg):0.30 * l2r_loss:2.775912
r2l_scores: {'Bleu_1': 0.8197053276741961, 'Bleu_2': 0.6943297284775714, 'Bleu_3': 0.5656997256415147, 'Bleu_4': 0.4433255338221215, 'METEOR': 0.30095466537498766, 'ROUGE_L': 0.6255468866409182, 'CIDEr': 0.6194722459307052}
l2r_scores: {'Bleu_1': 0.8271677930507829, 'Bleu_2': 0.7070826259636697, 'Bleu_3': 0.5811821186826135, 'Bleu_4': 0.4616911011853714, 'METEOR': 0.311995727816672, 'ROUGE_L': 0.6346096359592861, 'CIDEr': 0.6022415873761521}


[EPOCH 9 TRAIN]
time: 197.31 seconds | lr: 0.000100
loss:2.297175 = (1-reg):0.70 * r2l_loss:2.280206 + (reg):0.30 * l2r_loss:2.336772
{'testlen': 3208, 'reflen': 3386, 'guess': [3208, 2711, 2214, 1718], 'correct': [2769, 1704, 892, 400]}
ratio: 0.947430596573849
{'testlen': 3189, 'reflen': 3345, 'guess': [3189, 2692, 2195, 1698], 'correct': [2817, 1800, 970, 455]}
ratio: 0.9533632286992666
[EPOCH 9 VAL]
time: 81.56 seconds
loss:2.772487 = (1-reg):0.70 * r2l_loss:2.773460 + (reg):0.30 * l2r_loss:2.770217
r2l_scores: {'Bleu_1': 0.8165658423293234, 'Bleu_2': 0.6968141278966536, 'Bleu_3': 0.569868408457793, 'Bleu_4': 0.4493303950963618, 'METEOR': 0.3021682686344768, 'ROUGE_L': 0.6300935370355409, 'CIDEr': 0.6225391679391904}
l2r_scores: {'Bleu_1': 0.8411771027277422, 'Bleu_2': 0.7318465053387443, 'Bleu_3': 0.6085703326993255, 'Bleu_4': 0.4897114846401617, 'METEOR': 0.3212046581670229, 'ROUGE_L': 0.6543457867769248, 'CIDEr': 0.6186894032599326}


[EPOCH 10 TRAIN]
time: 193.84 seconds | lr: 0.000100
loss:2.244141 = (1-reg):0.70 * r2l_loss:2.225893 + (reg):0.30 * l2r_loss:2.286718
{'testlen': 3234, 'reflen': 3422, 'guess': [3234, 2737, 2240, 1743], 'correct': [2772, 1672, 870, 388]}
ratio: 0.9450613676209979
{'testlen': 3298, 'reflen': 3433, 'guess': [3298, 2801, 2304, 1807], 'correct': [2848, 1756, 930, 423]}
ratio: 0.9606757937661052
[EPOCH 10 VAL]
time: 82.62 seconds
loss:2.769111 = (1-reg):0.70 * r2l_loss:2.769194 + (reg):0.30 * l2r_loss:2.768916
r2l_scores: {'Bleu_1': 0.8087357738021993, 'Bleu_2': 0.6827485506389471, 'Bleu_3': 0.5548582962053021, 'Bleu_4': 0.4352196632210208, 'METEOR': 0.29600419719284526, 'ROUGE_L': 0.6234716880973108, 'CIDEr': 0.599466891230292}
l2r_scores: {'Bleu_1': 0.8289187569455677, 'Bleu_2': 0.7062736466074611, 'Bleu_3': 0.5781710874228608, 'Bleu_4': 0.45650284623920784, 'METEOR': 0.3110606536618569, 'ROUGE_L': 0.6338149157425669, 'CIDEr': 0.5841690895296753}


[EPOCH 11 TRAIN]
time: 193.85 seconds | lr: 0.000100
loss:2.196754 = (1-reg):0.70 * r2l_loss:2.177924 + (reg):0.30 * l2r_loss:2.240690
{'testlen': 3131, 'reflen': 3307, 'guess': [3131, 2634, 2137, 1640], 'correct': [2702, 1628, 837, 377]}
ratio: 0.9467795585119605
{'testlen': 3218, 'reflen': 3369, 'guess': [3218, 2721, 2224, 1727], 'correct': [2845, 1779, 956, 431]}
ratio: 0.9551795785096601
[EPOCH 11 VAL]
time: 84.01 seconds
loss:2.769058 = (1-reg):0.70 * r2l_loss:2.777935 + (reg):0.30 * l2r_loss:2.748345
r2l_scores: {'Bleu_1': 0.815811238922942, 'Bleu_2': 0.6904112516223405, 'Bleu_3': 0.5609291648591929, 'Bleu_4': 0.44253970621180955, 'METEOR': 0.29340081794913275, 'ROUGE_L': 0.620570302954033, 'CIDEr': 0.5999894817785149}
l2r_scores: {'Bleu_1': 0.8435631307462661, 'Bleu_2': 0.7254261011413202, 'Bleu_3': 0.5998513047999052, 'Bleu_4': 0.4761395737244768, 'METEOR': 0.30982147203478094, 'ROUGE_L': 0.6393303520012608, 'CIDEr': 0.5887848782837825}


[EPOCH 12 TRAIN]
time: 198.72 seconds | lr: 0.000100
loss:2.153854 = (1-reg):0.70 * r2l_loss:2.134399 + (reg):0.30 * l2r_loss:2.199251
{'testlen': 3123, 'reflen': 3320, 'guess': [3123, 2626, 2129, 1632], 'correct': [2699, 1613, 828, 354]}
ratio: 0.9406626506021263
{'testlen': 3278, 'reflen': 3391, 'guess': [3278, 2781, 2284, 1787], 'correct': [2877, 1790, 944, 424]}
ratio: 0.966676496608385
[EPOCH 12 VAL]
time: 80.53 seconds
loss:2.770351 = (1-reg):0.70 * r2l_loss:2.774923 + (reg):0.30 * l2r_loss:2.759682
r2l_scores: {'Bleu_1': 0.811400821548073, 'Bleu_2': 0.6840531005842635, 'Bleu_3': 0.5548977321514046, 'Bleu_4': 0.4318984296583874, 'METEOR': 0.29736113941179604, 'ROUGE_L': 0.6255330936284209, 'CIDEr': 0.6075446210888296}
l2r_scores: {'Bleu_1': 0.8479296259308345, 'Bleu_2': 0.7261400221733907, 'Bleu_3': 0.5949062248818171, 'Bleu_4': 0.4687096932639419, 'METEOR': 0.3157479061742682, 'ROUGE_L': 0.6424348572722687, 'CIDEr': 0.6179434546520332}


[EPOCH 13 TRAIN]
time: 194.31 seconds | lr: 0.000100
loss:2.114493 = (1-reg):0.70 * r2l_loss:2.094414 + (reg):0.30 * l2r_loss:2.161343
{'testlen': 3186, 'reflen': 3347, 'guess': [3186, 2689, 2192, 1695], 'correct': [2742, 1658, 853, 371]}
ratio: 0.9518972213920072
{'testlen': 3352, 'reflen': 3469, 'guess': [3352, 2855, 2358, 1861], 'correct': [2909, 1801, 963, 424]}
ratio: 0.9662727010663112
[EPOCH 13 VAL]
time: 84.51 seconds
loss:2.770105 = (1-reg):0.70 * r2l_loss:2.779944 + (reg):0.30 * l2r_loss:2.747147
r2l_scores: {'Bleu_1': 0.8182296674115775, 'Bleu_2': 0.6925661237682192, 'Bleu_3': 0.561946328279069, 'Bleu_4': 0.43836469125656513, 'METEOR': 0.2957344823816486, 'ROUGE_L': 0.6145817079979845, 'CIDEr': 0.5994708387557905}
l2r_scores: {'Bleu_1': 0.8380710995951004, 'Bleu_2': 0.7145206900724327, 'Bleu_3': 0.5861171365169997, 'Bleu_4': 0.4587789399288548, 'METEOR': 0.30839938654337656, 'ROUGE_L': 0.6374763486090025, 'CIDEr': 0.6179089049157732}


[EPOCH 14 TRAIN]
time: 196.92 seconds | lr: 0.000100
loss:2.077350 = (1-reg):0.70 * r2l_loss:2.056460 + (reg):0.30 * l2r_loss:2.126093
{'testlen': 3323, 'reflen': 3463, 'guess': [3323, 2826, 2329, 1832], 'correct': [2835, 1690, 870, 379]}
ratio: 0.9595726248914352
{'testlen': 3339, 'reflen': 3445, 'guess': [3339, 2842, 2345, 1848], 'correct': [2907, 1829, 996, 479]}
ratio: 0.9692307692304879
[EPOCH 14 VAL]
time: 82.54 seconds
loss:2.776107 = (1-reg):0.70 * r2l_loss:2.786376 + (reg):0.30 * l2r_loss:2.752146
r2l_scores: {'Bleu_1': 0.817947883044669, 'Bleu_2': 0.6848122892015529, 'Bleu_3': 0.5517367620491511, 'Bleu_4': 0.42722150364612527, 'METEOR': 0.29967051059855265, 'ROUGE_L': 0.6155154305433523, 'CIDEr': 0.5904593237770069}
l2r_scores: {'Bleu_1': 0.8434153217975471, 'Bleu_2': 0.7251402231612321, 'Bleu_3': 0.6003314821555369, 'Bleu_4': 0.4827863072994679, 'METEOR': 0.3196988515662196, 'ROUGE_L': 0.6466713089573546, 'CIDEr': 0.624361497357266}


[EPOCH 15 TRAIN]
time: 195.44 seconds | lr: 0.000050
loss:1.995405 = (1-reg):0.70 * r2l_loss:1.973382 + (reg):0.30 * l2r_loss:2.046791
{'testlen': 3211, 'reflen': 3364, 'guess': [3211, 2714, 2217, 1720], 'correct': [2743, 1651, 875, 405]}
ratio: 0.9545184304396687
{'testlen': 3433, 'reflen': 3532, 'guess': [3433, 2936, 2439, 1942], 'correct': [2985, 1866, 1011, 471]}
ratio: 0.9719705549261122
[EPOCH 15 VAL]
time: 85.57 seconds
loss:2.777224 = (1-reg):0.70 * r2l_loss:2.788032 + (reg):0.30 * l2r_loss:2.752006
r2l_scores: {'Bleu_1': 0.8145015803105339, 'Bleu_2': 0.6873339489723402, 'Bleu_3': 0.5622914241397081, 'Bleu_4': 0.4469709997611497, 'METEOR': 0.2995692683153321, 'ROUGE_L': 0.622057452334355, 'CIDEr': 0.6006417497270963}
l2r_scores: {'Bleu_1': 0.8447855094055389, 'Bleu_2': 0.7222523837309407, 'Bleu_3': 0.594471559737772, 'Bleu_4': 0.4716938490514224, 'METEOR': 0.31508694701031065, 'ROUGE_L': 0.6461055677148838, 'CIDEr': 0.620198918432383}


[EPOCH 16 TRAIN]
time: 196.64 seconds | lr: 0.000050
loss:1.966470 = (1-reg):0.70 * r2l_loss:1.943768 + (reg):0.30 * l2r_loss:2.019440
{'testlen': 3207, 'reflen': 3365, 'guess': [3207, 2710, 2213, 1717], 'correct': [2745, 1629, 846, 366]}
ratio: 0.953046062406849
{'testlen': 3432, 'reflen': 3525, 'guess': [3432, 2935, 2438, 1941], 'correct': [2969, 1826, 998, 481]}
ratio: 0.9736170212763195
[EPOCH 16 VAL]
time: 84.86 seconds
loss:2.783744 = (1-reg):0.70 * r2l_loss:2.794952 + (reg):0.30 * l2r_loss:2.757592
r2l_scores: {'Bleu_1': 0.8147922764988886, 'Bleu_2': 0.6828119385972412, 'Bleu_3': 0.5536027327149773, 'Bleu_4': 0.4307519430719443, 'METEOR': 0.29567872958635244, 'ROUGE_L': 0.6182587932539837, 'CIDEr': 0.5858751531779066}
l2r_scores: {'Bleu_1': 0.8419657959580134, 'Bleu_2': 0.7140182686865165, 'Bleu_3': 0.5878262905337108, 'Bleu_4': 0.4704619695738919, 'METEOR': 0.31717815000357025, 'ROUGE_L': 0.6443210339490518, 'CIDEr': 0.6197872648525593}



[BEST: 6 | SEED: 904666 | VAL-CIDEr: 0.6326609559703015]
{'testlen': 19146, 'reflen': 20376, 'guess': [19146, 16156, 13166, 10186], 'correct': [16356, 9947, 5194, 2352]}
ratio: 0.9396348645464792
{'testlen': 19831, 'reflen': 20741, 'guess': [19831, 16841, 13851, 10861], 'correct': [17438, 11126, 6062, 2813]}
ratio: 0.9561255484305985
time: 409.78 seconds
r2l_scores: {'Bleu_1': 0.8011218685535012, 'Bleu_2': 0.6801084959093517, 'Bleu_3': 0.5551811065223439, 'Bleu_4': 0.4387420952445711, 'METEOR': 0.29504453429033767, 'ROUGE_L': 0.6253970629240269, 'CIDEr': 0.6157406121196314}
l2r_scores: {'Bleu_1': 0.8398916459360571, 'Bleu_2': 0.7280024183659457, 'Bleu_3': 0.6050954442766305, 'Bleu_4': 0.48384994127913844, 'METEOR': 0.3133026372455115, 'ROUGE_L': 0.6525974420017612, 'CIDEr': 0.6442002311519088}
----------------------------------------
>> [Train time] Total: 3148.13 seconds => Per epoch: 196.76 seconds
>> [Val time] Total: 1312.59 seconds => Per epoch: 82.04 seconds
