Found 1 CUDA device(s)

Device 0: NVIDIA A100-SXM4-40GB
  Total memory bytes: 42296475648
  MultiProcessor count: 108
  Major.Minor: 8.0
  Max threads per block: 2048
  Memory reserved bytes: 0
  Memory allocated bytes: 0
  Free inside reserved bytes: 0
  Active allocations: 0
========================================
MODEL ID: MSRVTT = FEAT newBlip2ClsKF+newMViTv2+newImgCapBlip2KF fsl-13 mcl-20 = Transformer d-512 N_enc-0 N_dec-3 h-4 h_big-4 dp-0.1 = OPTIM lr-0.0001 warmup-3 gamma-0.5 pat-3 wd-5e-06 rg-0.8 = bs-64-gc-5.0-ls-0.15 = 1764734564
Enter the load_video_feats method.
Enter the load_video_feats method.
Enter the load_video_feats method.
#vocabs: 10444 (23046), #words: 1178850 (1194458). Trim words which appear less than 3 times.
{'Total': 53114776, 'Trainable': 53114776}


[EPOCH 1 TRAIN]
time: 195.02 seconds | lr: 0.000033
loss:3.926997 = (1-reg):0.20 * r2l_loss:3.989541 + (reg):0.80 * l2r_loss:3.911361
{'testlen': 2827, 'reflen': 3157, 'guess': [2827, 2330, 1833, 1349], 'correct': [2399, 1405, 702, 290]}
ratio: 0.8954703832749776
{'testlen': 2898, 'reflen': 3170, 'guess': [2898, 2401, 1904, 1407], 'correct': [2513, 1501, 767, 326]}
ratio: 0.9141955835959261
[EPOCH 1 VAL]
time: 77.80 seconds
loss:3.550694 = (1-reg):0.20 * r2l_loss:3.558942 + (reg):0.80 * l2r_loss:3.548632
r2l_scores: {'Bleu_1': 0.7551071552168434, 'Bleu_2': 0.6365266149454858, 'Bleu_3': 0.5168572858983016, 'Bleu_4': 0.40313502372686916, 'METEOR': 0.27363973280743775, 'ROUGE_L': 0.5976200669953973, 'CIDEr': 0.42520714762785417}
l2r_scores: {'Bleu_1': 0.7894637051195722, 'Bleu_2': 0.6703156836395477, 'Bleu_3': 0.5482455065936532, 'Bleu_4': 0.43178912654852114, 'METEOR': 0.2878357336763208, 'ROUGE_L': 0.6189600178069777, 'CIDEr': 0.439113705097029}
>> Saving checkpoint to 1.ckpt
>> New best model at epoch 1 | CIDEr: 0.439113705097029


[EPOCH 2 TRAIN]
time: 194.83 seconds | lr: 0.000056
loss:3.254310 = (1-reg):0.20 * r2l_loss:3.294214 + (reg):0.80 * l2r_loss:3.244333
{'testlen': 2918, 'reflen': 3167, 'guess': [2918, 2421, 1924, 1428], 'correct': [2566, 1551, 805, 335]}
ratio: 0.9213766971894786
{'testlen': 3002, 'reflen': 3221, 'guess': [3002, 2505, 2008, 1511], 'correct': [2642, 1651, 882, 401]}
ratio: 0.9320086929522099
[EPOCH 2 VAL]
time: 75.89 seconds
loss:3.218380 = (1-reg):0.20 * r2l_loss:3.206349 + (reg):0.80 * l2r_loss:3.221387
r2l_scores: {'Bleu_1': 0.8074431705633605, 'Bleu_2': 0.6891833670671529, 'Bleu_3': 0.5671966575793604, 'Bleu_4': 0.4452608872563538, 'METEOR': 0.2928025727806579, 'ROUGE_L': 0.6347627490617512, 'CIDEr': 0.5606113938736031}
l2r_scores: {'Bleu_1': 0.8181628387062901, 'Bleu_2': 0.7080246184210137, 'Bleu_3': 0.5893497081034953, 'Bleu_4': 0.47405549794098245, 'METEOR': 0.3038844204377033, 'ROUGE_L': 0.6352796433003153, 'CIDEr': 0.5387029166209911}
>> Saving checkpoint to 2.ckpt
>> New best model at epoch 2 | CIDEr: 0.5387029166209911


[EPOCH 3 TRAIN]
time: 191.67 seconds | lr: 0.000078
loss:2.971587 = (1-reg):0.20 * r2l_loss:3.008228 + (reg):0.80 * l2r_loss:2.962426
{'testlen': 3050, 'reflen': 3259, 'guess': [3050, 2553, 2056, 1560], 'correct': [2585, 1563, 801, 331]}
ratio: 0.9358698987416583
{'testlen': 3065, 'reflen': 3262, 'guess': [3065, 2568, 2071, 1574], 'correct': [2721, 1697, 892, 409]}
ratio: 0.9396076026974434
[EPOCH 3 VAL]
time: 78.50 seconds
loss:3.003115 = (1-reg):0.20 * r2l_loss:3.037283 + (reg):0.80 * l2r_loss:2.994573
r2l_scores: {'Bleu_1': 0.7914087665504078, 'Bleu_2': 0.6726274458495224, 'Bleu_3': 0.5480239950017338, 'Bleu_4': 0.4249477819409077, 'METEOR': 0.2946610460807857, 'ROUGE_L': 0.6312849878858265, 'CIDEr': 0.5928961515072779}
l2r_scores: {'Bleu_1': 0.8324999047200541, 'Bleu_2': 0.7182548586548274, 'Bleu_3': 0.5928470684199422, 'Bleu_4': 0.4746879255446444, 'METEOR': 0.30889259731731256, 'ROUGE_L': 0.6409739269818185, 'CIDEr': 0.5890368809559908}
>> Saving checkpoint to 3.ckpt
>> New best model at epoch 3 | CIDEr: 0.5890368809559908


[EPOCH 4 TRAIN]
time: 197.05 seconds | lr: 0.000100
loss:2.785784 = (1-reg):0.20 * r2l_loss:2.819626 + (reg):0.80 * l2r_loss:2.777324
{'testlen': 3024, 'reflen': 3249, 'guess': [3024, 2527, 2030, 1537], 'correct': [2607, 1566, 788, 322]}
ratio: 0.9307479224373867
{'testlen': 3124, 'reflen': 3320, 'guess': [3124, 2627, 2130, 1633], 'correct': [2771, 1733, 928, 448]}
ratio: 0.9409638554214034
[EPOCH 4 VAL]
time: 79.82 seconds
loss:2.926594 = (1-reg):0.20 * r2l_loss:2.967071 + (reg):0.80 * l2r_loss:2.916475
r2l_scores: {'Bleu_1': 0.8002868242395955, 'Bleu_2': 0.6785147647956455, 'Bleu_3': 0.5494713705718356, 'Bleu_4': 0.42381459492674084, 'METEOR': 0.2903116287403726, 'ROUGE_L': 0.6198255648826112, 'CIDEr': 0.5780944726696832}
l2r_scores: {'Bleu_1': 0.8330629720933851, 'Bleu_2': 0.7184297798314488, 'Bleu_3': 0.5955201377884696, 'Bleu_4': 0.48298470622555456, 'METEOR': 0.3144437569128115, 'ROUGE_L': 0.6411619775255356, 'CIDEr': 0.6184440610654531}
>> Saving checkpoint to 4.ckpt
>> New best model at epoch 4 | CIDEr: 0.6184440610654531


[EPOCH 5 TRAIN]
time: 187.10 seconds | lr: 0.000100
loss:2.640943 = (1-reg):0.20 * r2l_loss:2.674436 + (reg):0.80 * l2r_loss:2.632569
{'testlen': 3048, 'reflen': 3275, 'guess': [3048, 2551, 2054, 1559], 'correct': [2626, 1599, 825, 354]}
ratio: 0.9306870229004792
{'testlen': 3248, 'reflen': 3378, 'guess': [3248, 2751, 2254, 1757], 'correct': [2867, 1805, 952, 415]}
ratio: 0.9615156897569682
[EPOCH 5 VAL]
time: 82.22 seconds
loss:2.861913 = (1-reg):0.20 * r2l_loss:2.884468 + (reg):0.80 * l2r_loss:2.856274
r2l_scores: {'Bleu_1': 0.7997157495132955, 'Bleu_2': 0.6821262648194681, 'Bleu_3': 0.5577158423444988, 'Bleu_4': 0.4372834039548758, 'METEOR': 0.2970077518835499, 'ROUGE_L': 0.6284183967279073, 'CIDEr': 0.5942513979653299}
l2r_scores: {'Bleu_1': 0.8480651096070526, 'Bleu_2': 0.731167144647704, 'Bleu_3': 0.6008664638926293, 'Bleu_4': 0.4710390786508734, 'METEOR': 0.3168467456075917, 'ROUGE_L': 0.6497999109965013, 'CIDEr': 0.622592684559814}
>> Saving checkpoint to 5.ckpt
>> New best model at epoch 5 | CIDEr: 0.622592684559814


[EPOCH 6 TRAIN]
time: 196.73 seconds | lr: 0.000100
loss:2.534618 = (1-reg):0.20 * r2l_loss:2.570017 + (reg):0.80 * l2r_loss:2.525768
{'testlen': 3082, 'reflen': 3305, 'guess': [3082, 2585, 2088, 1596], 'correct': [2662, 1634, 863, 384]}
ratio: 0.9325264750375394
{'testlen': 3309, 'reflen': 3429, 'guess': [3309, 2812, 2315, 1818], 'correct': [2919, 1866, 1039, 500]}
ratio: 0.965004374452912
[EPOCH 6 VAL]
time: 78.87 seconds
loss:2.840433 = (1-reg):0.20 * r2l_loss:2.875447 + (reg):0.80 * l2r_loss:2.831680
r2l_scores: {'Bleu_1': 0.8034368985132634, 'Bleu_2': 0.6873213227080354, 'Bleu_3': 0.5663159116497379, 'Bleu_4': 0.4490169613194974, 'METEOR': 0.29955604896570076, 'ROUGE_L': 0.6326641522745892, 'CIDEr': 0.6126860068027206}
l2r_scores: {'Bleu_1': 0.8507221775145545, 'Bleu_2': 0.7378485908768636, 'Bleu_3': 0.6176604987683089, 'Bleu_4': 0.4999988539662434, 'METEOR': 0.32598825688145844, 'ROUGE_L': 0.6597739934995949, 'CIDEr': 0.654438005691131}
>> Saving checkpoint to 6.ckpt
>> New best model at epoch 6 | CIDEr: 0.654438005691131


[EPOCH 7 TRAIN]
time: 193.71 seconds | lr: 0.000100
loss:2.450613 = (1-reg):0.20 * r2l_loss:2.489567 + (reg):0.80 * l2r_loss:2.440874
{'testlen': 3204, 'reflen': 3389, 'guess': [3204, 2707, 2210, 1715], 'correct': [2759, 1700, 902, 419]}
ratio: 0.9454116258480538
{'testlen': 3291, 'reflen': 3424, 'guess': [3291, 2794, 2297, 1802], 'correct': [2858, 1791, 961, 437]}
ratio: 0.961156542055794
[EPOCH 7 VAL]
time: 80.16 seconds
loss:2.807658 = (1-reg):0.20 * r2l_loss:2.847481 + (reg):0.80 * l2r_loss:2.797702
r2l_scores: {'Bleu_1': 0.8127984911130387, 'Bleu_2': 0.6941185086115146, 'Bleu_3': 0.5704291839071296, 'Bleu_4': 0.4548515729659263, 'METEOR': 0.3037586175652633, 'ROUGE_L': 0.6354754131373165, 'CIDEr': 0.6219036054691292}
l2r_scores: {'Bleu_1': 0.8340327250643423, 'Bleu_2': 0.716556619605283, 'Bleu_3': 0.5908864833569935, 'Bleu_4': 0.46818973923857904, 'METEOR': 0.314714675757198, 'ROUGE_L': 0.6398273370548316, 'CIDEr': 0.6183605127537547}


[EPOCH 8 TRAIN]
time: 201.89 seconds | lr: 0.000100
loss:2.380852 = (1-reg):0.20 * r2l_loss:2.422453 + (reg):0.80 * l2r_loss:2.370452
{'testlen': 3318, 'reflen': 3444, 'guess': [3318, 2821, 2324, 1827], 'correct': [2782, 1672, 892, 414]}
ratio: 0.9634146341460618
{'testlen': 3348, 'reflen': 3452, 'guess': [3348, 2851, 2354, 1857], 'correct': [2911, 1856, 1008, 449]}
ratio: 0.969872537659047
[EPOCH 8 VAL]
time: 85.14 seconds
loss:2.796812 = (1-reg):0.20 * r2l_loss:2.825248 + (reg):0.80 * l2r_loss:2.789702
r2l_scores: {'Bleu_1': 0.8072137452242332, 'Bleu_2': 0.678679560521105, 'Bleu_3': 0.5541857550278904, 'Bleu_4': 0.4389690676000332, 'METEOR': 0.3009104887518545, 'ROUGE_L': 0.6329657513396839, 'CIDEr': 0.6101724767547778}
l2r_scores: {'Bleu_1': 0.8428807338260046, 'Bleu_2': 0.7293367984091289, 'Bleu_3': 0.6044214926389861, 'Bleu_4': 0.47696979381039645, 'METEOR': 0.3191176669871258, 'ROUGE_L': 0.6468554879930766, 'CIDEr': 0.6053509814667826}


[EPOCH 9 TRAIN]
time: 192.29 seconds | lr: 0.000100
loss:2.320921 = (1-reg):0.20 * r2l_loss:2.366838 + (reg):0.80 * l2r_loss:2.309442
{'testlen': 3242, 'reflen': 3406, 'guess': [3242, 2745, 2248, 1751], 'correct': [2799, 1675, 875, 387]}
ratio: 0.9518496770402373
{'testlen': 3305, 'reflen': 3430, 'guess': [3305, 2808, 2311, 1814], 'correct': [2928, 1888, 1023, 479]}
ratio: 0.9635568513116725
[EPOCH 9 VAL]
time: 83.76 seconds
loss:2.788264 = (1-reg):0.20 * r2l_loss:2.816671 + (reg):0.80 * l2r_loss:2.781163
r2l_scores: {'Bleu_1': 0.8207684275469571, 'Bleu_2': 0.690020398198099, 'Bleu_3': 0.5606030458723442, 'Bleu_4': 0.43863722267302335, 'METEOR': 0.29730077330865023, 'ROUGE_L': 0.6314693572819554, 'CIDEr': 0.608858056175212}
l2r_scores: {'Bleu_1': 0.8530489394495832, 'Bleu_2': 0.7431501783278286, 'Bleu_3': 0.6174489644299817, 'Bleu_4': 0.4946168898812871, 'METEOR': 0.3272441826925431, 'ROUGE_L': 0.6616467364538359, 'CIDEr': 0.6503446302669417}


[EPOCH 10 TRAIN]
time: 196.65 seconds | lr: 0.000100
loss:2.269806 = (1-reg):0.20 * r2l_loss:2.317681 + (reg):0.80 * l2r_loss:2.257838
{'testlen': 3240, 'reflen': 3411, 'guess': [3240, 2743, 2246, 1750], 'correct': [2848, 1784, 938, 415]}
ratio: 0.9498680738783495
{'testlen': 3359, 'reflen': 3478, 'guess': [3359, 2862, 2365, 1868], 'correct': [2909, 1796, 948, 431]}
ratio: 0.9657849338697626
[EPOCH 10 VAL]
time: 83.80 seconds
loss:2.790200 = (1-reg):0.20 * r2l_loss:2.820159 + (reg):0.80 * l2r_loss:2.782710
r2l_scores: {'Bleu_1': 0.8338230127827845, 'Bleu_2': 0.7172340695639302, 'Bleu_3': 0.5884794074046348, 'Bleu_4': 0.46272257731847205, 'METEOR': 0.30823461868621344, 'ROUGE_L': 0.6455765943119014, 'CIDEr': 0.628785026595818}
l2r_scores: {'Bleu_1': 0.8358875858738211, 'Bleu_2': 0.7115400797720178, 'Bleu_3': 0.5807599985708862, 'Bleu_4': 0.45701048149566353, 'METEOR': 0.31607530481271834, 'ROUGE_L': 0.6343308522208225, 'CIDEr': 0.6024904740662383}


[EPOCH 11 TRAIN]
time: 195.91 seconds | lr: 0.000100
loss:2.222784 = (1-reg):0.20 * r2l_loss:2.275560 + (reg):0.80 * l2r_loss:2.209590
{'testlen': 3137, 'reflen': 3318, 'guess': [3137, 2640, 2143, 1646], 'correct': [2755, 1695, 885, 400]}
ratio: 0.9454490657019453
{'testlen': 3324, 'reflen': 3435, 'guess': [3324, 2827, 2330, 1833], 'correct': [2951, 1872, 1023, 476]}
ratio: 0.9676855895193689
[EPOCH 11 VAL]
time: 83.53 seconds
loss:2.777684 = (1-reg):0.20 * r2l_loss:2.815179 + (reg):0.80 * l2r_loss:2.768310
r2l_scores: {'Bleu_1': 0.8289893882415718, 'Bleu_2': 0.7088075205693434, 'Bleu_3': 0.5807285890333292, 'Bleu_4': 0.46038685680558694, 'METEOR': 0.30325426457048293, 'ROUGE_L': 0.6375650371234929, 'CIDEr': 0.6119926461471212}
l2r_scores: {'Bleu_1': 0.8586290558192462, 'Bleu_2': 0.7415518139404923, 'Bleu_3': 0.6157910427946532, 'Bleu_4': 0.49210807804932266, 'METEOR': 0.31490350227123864, 'ROUGE_L': 0.6444282845422545, 'CIDEr': 0.6205686177051681}


[EPOCH 12 TRAIN]
time: 199.56 seconds | lr: 0.000100
loss:2.180042 = (1-reg):0.20 * r2l_loss:2.237224 + (reg):0.80 * l2r_loss:2.165747
{'testlen': 3219, 'reflen': 3385, 'guess': [3219, 2722, 2225, 1729], 'correct': [2729, 1622, 842, 356]}
ratio: 0.950960118168109
{'testlen': 3342, 'reflen': 3450, 'guess': [3342, 2845, 2348, 1851], 'correct': [2937, 1878, 1024, 475]}
ratio: 0.9686956521736323
[EPOCH 12 VAL]
time: 85.95 seconds
loss:2.791651 = (1-reg):0.20 * r2l_loss:2.820605 + (reg):0.80 * l2r_loss:2.784412
r2l_scores: {'Bleu_1': 0.8051680055594572, 'Bleu_2': 0.6750354710723976, 'Bleu_3': 0.5471164066228015, 'Bleu_4': 0.42303328767320836, 'METEOR': 0.29227557142928007, 'ROUGE_L': 0.6182823451760088, 'CIDEr': 0.5976032907425175}
l2r_scores: {'Bleu_1': 0.8508692913291873, 'Bleu_2': 0.7374299260328451, 'Bleu_3': 0.612354494272982, 'Bleu_4': 0.48872585735643254, 'METEOR': 0.3227316379465628, 'ROUGE_L': 0.6566206786468946, 'CIDEr': 0.6406793771938956}


[EPOCH 13 TRAIN]
time: 196.74 seconds | lr: 0.000100
loss:2.141633 = (1-reg):0.20 * r2l_loss:2.203761 + (reg):0.80 * l2r_loss:2.126101
{'testlen': 3200, 'reflen': 3380, 'guess': [3200, 2703, 2206, 1709], 'correct': [2751, 1674, 885, 397]}
ratio: 0.9467455621298975
{'testlen': 3344, 'reflen': 3456, 'guess': [3344, 2847, 2350, 1853], 'correct': [2945, 1880, 1019, 468]}
ratio: 0.9675925925923127
[EPOCH 13 VAL]
time: 83.03 seconds
loss:2.782758 = (1-reg):0.20 * r2l_loss:2.817013 + (reg):0.80 * l2r_loss:2.774194
r2l_scores: {'Bleu_1': 0.8126649842413094, 'Bleu_2': 0.6897567280881065, 'Bleu_3': 0.5650673267008213, 'Bleu_4': 0.44614907002546955, 'METEOR': 0.29501524811880236, 'ROUGE_L': 0.6228506981305659, 'CIDEr': 0.6211418370324612}
l2r_scores: {'Bleu_1': 0.8516737899738003, 'Bleu_2': 0.7374778111820347, 'Bleu_3': 0.6109694521978258, 'Bleu_4': 0.4858148588976896, 'METEOR': 0.32074310653525445, 'ROUGE_L': 0.6504811793350818, 'CIDEr': 0.6427233412975767}


[EPOCH 14 TRAIN]
time: 190.98 seconds | lr: 0.000100
loss:2.105324 = (1-reg):0.20 * r2l_loss:2.171701 + (reg):0.80 * l2r_loss:2.088730
{'testlen': 3281, 'reflen': 3426, 'guess': [3281, 2784, 2287, 1790], 'correct': [2826, 1711, 910, 413]}
ratio: 0.9576765907761361
{'testlen': 3363, 'reflen': 3449, 'guess': [3363, 2866, 2369, 1872], 'correct': [2950, 1863, 1025, 495]}
ratio: 0.9750652363000942
[EPOCH 14 VAL]
time: 84.25 seconds
loss:2.787344 = (1-reg):0.20 * r2l_loss:2.818391 + (reg):0.80 * l2r_loss:2.779582
r2l_scores: {'Bleu_1': 0.8240864718132694, 'Bleu_2': 0.6961137472942636, 'Bleu_3': 0.5692645882240162, 'Bleu_4': 0.44922259908403117, 'METEOR': 0.3012886974642448, 'ROUGE_L': 0.6268207282154663, 'CIDEr': 0.6148754934829699}
l2r_scores: {'Bleu_1': 0.8550454376584666, 'Bleu_2': 0.7360544693759887, 'Bleu_3': 0.6113514117359211, 'Bleu_4': 0.4926251039754191, 'METEOR': 0.3223758326148795, 'ROUGE_L': 0.6513579373307542, 'CIDEr': 0.6312294286086751}


[EPOCH 15 TRAIN]
time: 190.36 seconds | lr: 0.000100
loss:2.071300 = (1-reg):0.20 * r2l_loss:2.143438 + (reg):0.80 * l2r_loss:2.053266
{'testlen': 3231, 'reflen': 3385, 'guess': [3231, 2734, 2237, 1740], 'correct': [2802, 1698, 904, 407]}
ratio: 0.9545051698667786
{'testlen': 3707, 'reflen': 3730, 'guess': [3707, 3210, 2713, 2216], 'correct': [3171, 1981, 1082, 516]}
ratio: 0.9938337801605914
[EPOCH 15 VAL]
time: 84.03 seconds
loss:2.798819 = (1-reg):0.20 * r2l_loss:2.817014 + (reg):0.80 * l2r_loss:2.794270
r2l_scores: {'Bleu_1': 0.8268586636224415, 'Bleu_2': 0.6997377151344341, 'Bleu_3': 0.5735320691726307, 'Bleu_4': 0.4529023740945591, 'METEOR': 0.29947886404099333, 'ROUGE_L': 0.6329858072363926, 'CIDEr': 0.5994516726472359}
l2r_scores: {'Bleu_1': 0.8501177525952662, 'Bleu_2': 0.7220744514642731, 'Bleu_3': 0.5912197745338061, 'Bleu_4': 0.4676361295511555, 'METEOR': 0.3235234862171347, 'ROUGE_L': 0.6482769836030602, 'CIDEr': 0.6111649637726403}


[EPOCH 16 TRAIN]
time: 191.40 seconds | lr: 0.000050
loss:1.991819 = (1-reg):0.20 * r2l_loss:2.076168 + (reg):0.80 * l2r_loss:1.970732
{'testlen': 3271, 'reflen': 3439, 'guess': [3271, 2774, 2277, 1780], 'correct': [2855, 1728, 899, 391]}
ratio: 0.9511485897060334
{'testlen': 3473, 'reflen': 3552, 'guess': [3473, 2976, 2479, 1982], 'correct': [3019, 1876, 1018, 493]}
ratio: 0.9777590090087337
[EPOCH 16 VAL]
time: 82.43 seconds
loss:2.794115 = (1-reg):0.20 * r2l_loss:2.814752 + (reg):0.80 * l2r_loss:2.788955
r2l_scores: {'Bleu_1': 0.8291250045230324, 'Bleu_2': 0.7004479509258337, 'Bleu_3': 0.5687843188227962, 'Bleu_4': 0.44266329330180715, 'METEOR': 0.2996029205455948, 'ROUGE_L': 0.6239875517869695, 'CIDEr': 0.6029735372010401}
l2r_scores: {'Bleu_1': 0.8497271103161653, 'Bleu_2': 0.7236028408989925, 'Bleu_3': 0.5945626735361073, 'Bleu_4': 0.47546038109037053, 'METEOR': 0.3182361374595101, 'ROUGE_L': 0.6454524630931283, 'CIDEr': 0.6188515253024228}



[BEST: 6 | SEED: 904666 | VAL-CIDEr: 0.654438005691131]
{'testlen': 18574, 'reflen': 19868, 'guess': [18574, 15584, 12594, 9616], 'correct': [15893, 9671, 4996, 2197]}
ratio: 0.9348701429433796
{'testlen': 20034, 'reflen': 20881, 'guess': [20034, 17044, 14054, 11064], 'correct': [17606, 11293, 6152, 2911]}
ratio: 0.9594368085819185
time: 560.36 seconds
r2l_scores: {'Bleu_1': 0.7980761424518831, 'Bleu_2': 0.6796578370621021, 'Bleu_3': 0.5549592505439399, 'Bleu_4': 0.43685840251914365, 'METEOR': 0.29054992887017006, 'ROUGE_L': 0.624126896004921, 'CIDEr': 0.6037449616694835}
l2r_scores: {'Bleu_1': 0.8424262106961473, 'Bleu_2': 0.7314830347473442, 'Bleu_3': 0.6077914392647518, 'Bleu_4': 0.48781837404681677, 'METEOR': 0.31426912422141634, 'ROUGE_L': 0.6510476709886968, 'CIDEr': 0.6427811537677597}
----------------------------------------
>> [Train time] Total: 3111.89 seconds => Per epoch: 194.49 seconds
>> [Val time] Total: 1309.19 seconds => Per epoch: 81.82 seconds
