Found 1 CUDA device(s)

Device 0: NVIDIA A100-SXM4-40GB
  Total memory bytes: 42296475648
  MultiProcessor count: 108
  Major.Minor: 8.0
  Max threads per block: 2048
  Memory reserved bytes: 0
  Memory allocated bytes: 0
  Free inside reserved bytes: 0
  Active allocations: 0
========================================
MODEL ID: MSRVTT = FEAT newBlip2ClsKF+newMViTv2+newImgCapBlip2KF fsl-20 mcl-20 = Transformer d-512 N_enc-0 N_dec-3 h-4 h_big-4 dp-0.1 = OPTIM lr-0.0001 warmup-3 gamma-0.5 pat-3 wd-5e-06 rg-0.6 = bs-64-gc-5.0-ls-0.15 = 1764768541
Enter the load_video_feats method.
Enter the load_video_feats method.
Enter the load_video_feats method.
#vocabs: 10444 (23046), #words: 1178850 (1194458). Trim words which appear less than 3 times.
{'Total': 53114776, 'Trainable': 53114776}


[EPOCH 1 TRAIN]
time: 198.41 seconds | lr: 0.000033
loss:3.917286 = (1-reg):0.40 * r2l_loss:3.918650 + (reg):0.60 * l2r_loss:3.916377
{'testlen': 2779, 'reflen': 3083, 'guess': [2779, 2282, 1785, 1292], 'correct': [2386, 1400, 702, 291]}
ratio: 0.9013947453775863
{'testlen': 3061, 'reflen': 3274, 'guess': [3061, 2564, 2067, 1570], 'correct': [2641, 1579, 787, 336]}
ratio: 0.9349419670125427
[EPOCH 1 VAL]
time: 76.31 seconds
loss:3.519916 = (1-reg):0.40 * r2l_loss:3.471948 + (reg):0.60 * l2r_loss:3.551894
r2l_scores: {'Bleu_1': 0.7696151496997232, 'Bleu_2': 0.6505622509489588, 'Bleu_3': 0.5303828127554027, 'Bleu_4': 0.41660322668803373, 'METEOR': 0.28335203425869615, 'ROUGE_L': 0.6124443978108678, 'CIDEr': 0.46175144373763427}
l2r_scores: {'Bleu_1': 0.8047938433680794, 'Bleu_2': 0.6799299382368144, 'Bleu_3': 0.5475797585739619, 'Bleu_4': 0.425490961642526, 'METEOR': 0.2905504509633984, 'ROUGE_L': 0.6198844297397117, 'CIDEr': 0.45614169656611336}
>> Saving checkpoint to 1.ckpt
>> New best model at epoch 1 | CIDEr: 0.45614169656611336


[EPOCH 2 TRAIN]
time: 202.52 seconds | lr: 0.000056
loss:3.240742 = (1-reg):0.40 * r2l_loss:3.229126 + (reg):0.60 * l2r_loss:3.248485
{'testlen': 2937, 'reflen': 3189, 'guess': [2937, 2440, 1943, 1449], 'correct': [2576, 1556, 804, 337]}
ratio: 0.9209783631229473
{'testlen': 2996, 'reflen': 3209, 'guess': [2996, 2499, 2002, 1505], 'correct': [2656, 1677, 917, 436]}
ratio: 0.9336241819878673
[EPOCH 2 VAL]
time: 77.90 seconds
loss:3.187992 = (1-reg):0.40 * r2l_loss:3.134760 + (reg):0.60 * l2r_loss:3.223479
r2l_scores: {'Bleu_1': 0.8049680574108016, 'Bleu_2': 0.6863846683531489, 'Bleu_3': 0.5634884827318828, 'Bleu_4': 0.4420672535907042, 'METEOR': 0.2925517313749276, 'ROUGE_L': 0.6282744490249266, 'CIDEr': 0.5605413421396337}
l2r_scores: {'Bleu_1': 0.8256769966981642, 'Bleu_2': 0.7183737554665734, 'Bleu_3': 0.6038235316077225, 'Bleu_4': 0.4936862183262095, 'METEOR': 0.30817298114975505, 'ROUGE_L': 0.6481388083338139, 'CIDEr': 0.5575607863292009}
>> Saving checkpoint to 2.ckpt
>> New best model at epoch 2 | CIDEr: 0.5575607863292009


[EPOCH 3 TRAIN]
time: 198.04 seconds | lr: 0.000078
loss:2.958457 = (1-reg):0.40 * r2l_loss:2.946124 + (reg):0.60 * l2r_loss:2.966680
{'testlen': 2885, 'reflen': 3165, 'guess': [2885, 2388, 1891, 1399], 'correct': [2514, 1529, 789, 323]}
ratio: 0.9115323854657468
{'testlen': 3194, 'reflen': 3374, 'guess': [3194, 2697, 2200, 1703], 'correct': [2825, 1762, 929, 415]}
ratio: 0.9466508595136495
[EPOCH 3 VAL]
time: 80.43 seconds
loss:2.991747 = (1-reg):0.40 * r2l_loss:2.975336 + (reg):0.60 * l2r_loss:3.002687
r2l_scores: {'Bleu_1': 0.7908052760162517, 'Bleu_2': 0.6778699962588163, 'Bleu_3': 0.5582680838871822, 'Bleu_4': 0.43695913948605386, 'METEOR': 0.2967043328653754, 'ROUGE_L': 0.6289254217895154, 'CIDEr': 0.6014964153637617}
l2r_scores: {'Bleu_1': 0.8360044423711763, 'Bleu_2': 0.718504171384567, 'Bleu_3': 0.5906436717633328, 'Bleu_4': 0.4667494230896665, 'METEOR': 0.31236755496954416, 'ROUGE_L': 0.6450617578948891, 'CIDEr': 0.5966896659379842}
>> Saving checkpoint to 3.ckpt
>> New best model at epoch 3 | CIDEr: 0.5966896659379842


[EPOCH 4 TRAIN]
time: 207.80 seconds | lr: 0.000100
loss:2.773267 = (1-reg):0.40 * r2l_loss:2.760999 + (reg):0.60 * l2r_loss:2.781446
{'testlen': 3092, 'reflen': 3324, 'guess': [3092, 2595, 2098, 1603], 'correct': [2630, 1583, 820, 370]}
ratio: 0.9302045728035709
{'testlen': 3292, 'reflen': 3439, 'guess': [3292, 2795, 2298, 1801], 'correct': [2880, 1797, 968, 457]}
ratio: 0.9572550159927429
[EPOCH 4 VAL]
time: 82.18 seconds
loss:2.911189 = (1-reg):0.40 * r2l_loss:2.895979 + (reg):0.60 * l2r_loss:2.921329
r2l_scores: {'Bleu_1': 0.7890965259100523, 'Bleu_2': 0.668257399111232, 'Bleu_3': 0.5450503166176692, 'Bleu_4': 0.43151705449013117, 'METEOR': 0.29360066816056574, 'ROUGE_L': 0.6201513231376607, 'CIDEr': 0.5887532945231405}
l2r_scores: {'Bleu_1': 0.8366422705778735, 'Bleu_2': 0.7172269583049589, 'Bleu_3': 0.5917640276583807, 'Bleu_4': 0.47354780563777427, 'METEOR': 0.31640154057071995, 'ROUGE_L': 0.6465944935666538, 'CIDEr': 0.6001639505790222}
>> Saving checkpoint to 4.ckpt
>> New best model at epoch 4 | CIDEr: 0.6001639505790222


[EPOCH 5 TRAIN]
time: 203.76 seconds | lr: 0.000100
loss:2.627628 = (1-reg):0.40 * r2l_loss:2.613634 + (reg):0.60 * l2r_loss:2.636957
{'testlen': 3128, 'reflen': 3336, 'guess': [3128, 2631, 2134, 1638], 'correct': [2679, 1602, 817, 340]}
ratio: 0.9376498800956422
{'testlen': 3214, 'reflen': 3360, 'guess': [3214, 2717, 2220, 1724], 'correct': [2839, 1780, 962, 435]}
ratio: 0.9565476190473343
[EPOCH 5 VAL]
time: 82.12 seconds
loss:2.846235 = (1-reg):0.40 * r2l_loss:2.834129 + (reg):0.60 * l2r_loss:2.854306
r2l_scores: {'Bleu_1': 0.801358877194881, 'Bleu_2': 0.6756859671906731, 'Bleu_3': 0.5468642179234888, 'Bleu_4': 0.42216396151180574, 'METEOR': 0.2904600661432712, 'ROUGE_L': 0.6161210169547311, 'CIDEr': 0.5785269371551303}
l2r_scores: {'Bleu_1': 0.8440946467814906, 'Bleu_2': 0.7269366544179717, 'Bleu_3': 0.6025997582277676, 'Bleu_4': 0.47926710323693855, 'METEOR': 0.3202388925511663, 'ROUGE_L': 0.6547219299824658, 'CIDEr': 0.6245027694330616}
>> Saving checkpoint to 5.ckpt
>> New best model at epoch 5 | CIDEr: 0.6245027694330616


[EPOCH 6 TRAIN]
time: 201.37 seconds | lr: 0.000100
loss:2.521971 = (1-reg):0.40 * r2l_loss:2.507295 + (reg):0.60 * l2r_loss:2.531754
{'testlen': 3101, 'reflen': 3302, 'guess': [3101, 2604, 2107, 1610], 'correct': [2672, 1629, 840, 354]}
ratio: 0.9391278013322414
{'testlen': 3353, 'reflen': 3472, 'guess': [3353, 2856, 2359, 1862], 'correct': [2972, 1913, 1063, 510]}
ratio: 0.9657258064513348
[EPOCH 6 VAL]
time: 83.65 seconds
loss:2.822804 = (1-reg):0.40 * r2l_loss:2.819915 + (reg):0.60 * l2r_loss:2.824731
r2l_scores: {'Bleu_1': 0.8075783625775813, 'Bleu_2': 0.6881092291882903, 'Bleu_3': 0.5613837461886587, 'Bleu_4': 0.43697009784762114, 'METEOR': 0.2946973502620438, 'ROUGE_L': 0.6215338567113388, 'CIDEr': 0.6102909531436856}
l2r_scores: {'Bleu_1': 0.8554642747175443, 'Bleu_2': 0.7436569399162435, 'Bleu_3': 0.6218883292475094, 'Bleu_4': 0.5021443567475214, 'METEOR': 0.32624590420115585, 'ROUGE_L': 0.6576423132429254, 'CIDEr': 0.64519458705727}
>> Saving checkpoint to 6.ckpt
>> New best model at epoch 6 | CIDEr: 0.64519458705727


[EPOCH 7 TRAIN]
time: 211.02 seconds | lr: 0.000100
loss:2.437701 = (1-reg):0.40 * r2l_loss:2.421498 + (reg):0.60 * l2r_loss:2.448502
{'testlen': 3235, 'reflen': 3407, 'guess': [3235, 2738, 2241, 1744], 'correct': [2797, 1725, 905, 394]}
ratio: 0.9495157029642062
{'testlen': 3290, 'reflen': 3412, 'guess': [3290, 2793, 2296, 1799], 'correct': [2886, 1788, 931, 395]}
ratio: 0.964243845251769
[EPOCH 7 VAL]
time: 82.49 seconds
loss:2.804877 = (1-reg):0.40 * r2l_loss:2.809651 + (reg):0.60 * l2r_loss:2.801695
r2l_scores: {'Bleu_1': 0.8198367994486666, 'Bleu_2': 0.6998357845783864, 'Bleu_3': 0.5724041144446494, 'Bleu_4': 0.447704853106211, 'METEOR': 0.30307175187276714, 'ROUGE_L': 0.6363383233993671, 'CIDEr': 0.6266925008287285}
l2r_scores: {'Bleu_1': 0.8452708492770025, 'Bleu_2': 0.7220943830488651, 'Bleu_3': 0.5884195107564211, 'Bleu_4': 0.455649236881529, 'METEOR': 0.31602874062553366, 'ROUGE_L': 0.6386992921195581, 'CIDEr': 0.6138646889229489}


[EPOCH 8 TRAIN]
time: 205.65 seconds | lr: 0.000100
loss:2.368446 = (1-reg):0.40 * r2l_loss:2.351337 + (reg):0.60 * l2r_loss:2.379852
{'testlen': 3300, 'reflen': 3451, 'guess': [3300, 2803, 2306, 1809], 'correct': [2761, 1640, 866, 386]}
ratio: 0.956244566791957
{'testlen': 3277, 'reflen': 3416, 'guess': [3277, 2780, 2283, 1786], 'correct': [2827, 1755, 931, 420]}
ratio: 0.9593091334891806
[EPOCH 8 VAL]
time: 83.16 seconds
loss:2.782945 = (1-reg):0.40 * r2l_loss:2.787634 + (reg):0.60 * l2r_loss:2.779820
r2l_scores: {'Bleu_1': 0.799245508035473, 'Bleu_2': 0.6683659950573551, 'Bleu_3': 0.5431732069225782, 'Bleu_4': 0.42513109692267415, 'METEOR': 0.29425079268839816, 'ROUGE_L': 0.6174424089610729, 'CIDEr': 0.6001479564360211}
l2r_scores: {'Bleu_1': 0.8268523509074703, 'Bleu_2': 0.7073257103763771, 'Bleu_3': 0.5804352137130464, 'Bleu_4': 0.4581966638518002, 'METEOR': 0.31329589537257796, 'ROUGE_L': 0.6312932714198944, 'CIDEr': 0.5911868962844543}


[EPOCH 9 TRAIN]
time: 198.31 seconds | lr: 0.000100
loss:2.308449 = (1-reg):0.40 * r2l_loss:2.291475 + (reg):0.60 * l2r_loss:2.319764
{'testlen': 3202, 'reflen': 3393, 'guess': [3202, 2705, 2208, 1712], 'correct': [2743, 1681, 872, 388]}
ratio: 0.9437076333625276
{'testlen': 3153, 'reflen': 3326, 'guess': [3153, 2656, 2159, 1662], 'correct': [2820, 1825, 1022, 485]}
ratio: 0.9479855682498654
[EPOCH 9 VAL]
time: 81.78 seconds
loss:2.782123 = (1-reg):0.40 * r2l_loss:2.783703 + (reg):0.60 * l2r_loss:2.781069
r2l_scores: {'Bleu_1': 0.8070467988665739, 'Bleu_2': 0.6873796984267015, 'Bleu_3': 0.560189570787799, 'Bleu_4': 0.44015619172020054, 'METEOR': 0.3004343574085111, 'ROUGE_L': 0.6277151767901676, 'CIDEr': 0.6167893251503602}
l2r_scores: {'Bleu_1': 0.8466347756223725, 'Bleu_2': 0.7420803528566808, 'Bleu_3': 0.6272254840568091, 'Bleu_4': 0.510961517196465, 'METEOR': 0.32331183143951053, 'ROUGE_L': 0.6571295079070847, 'CIDEr': 0.6355333176503453}


[EPOCH 10 TRAIN]
time: 202.95 seconds | lr: 0.000100
loss:2.255892 = (1-reg):0.40 * r2l_loss:2.238329 + (reg):0.60 * l2r_loss:2.267601
{'testlen': 3244, 'reflen': 3418, 'guess': [3244, 2747, 2250, 1754], 'correct': [2832, 1742, 916, 417]}
ratio: 0.9490930368633853
{'testlen': 3305, 'reflen': 3440, 'guess': [3305, 2808, 2311, 1814], 'correct': [2911, 1858, 1023, 481]}
ratio: 0.9607558139532091
[EPOCH 10 VAL]
time: 81.95 seconds
loss:2.776616 = (1-reg):0.40 * r2l_loss:2.777736 + (reg):0.60 * l2r_loss:2.775869
r2l_scores: {'Bleu_1': 0.8274046168598591, 'Bleu_2': 0.7051905499027875, 'Bleu_3': 0.5767803902182159, 'Bleu_4': 0.4559958240575541, 'METEOR': 0.30274038067233505, 'ROUGE_L': 0.6307232343090385, 'CIDEr': 0.6177643201744455}
l2r_scores: {'Bleu_1': 0.8455339059843886, 'Bleu_2': 0.7328582139327988, 'Bleu_3': 0.6111183126958132, 'Bleu_4': 0.4909485631656406, 'METEOR': 0.31939133952731774, 'ROUGE_L': 0.6484879764267913, 'CIDEr': 0.6214071573841702}


[EPOCH 11 TRAIN]
time: 205.85 seconds | lr: 0.000100
loss:2.208427 = (1-reg):0.40 * r2l_loss:2.189706 + (reg):0.60 * l2r_loss:2.220908
{'testlen': 3265, 'reflen': 3428, 'guess': [3265, 2768, 2271, 1774], 'correct': [2812, 1721, 907, 410]}
ratio: 0.9524504084011224
{'testlen': 3343, 'reflen': 3441, 'guess': [3343, 2846, 2349, 1852], 'correct': [2956, 1862, 1019, 471]}
ratio: 0.9715199070034957
[EPOCH 11 VAL]
time: 82.95 seconds
loss:2.768183 = (1-reg):0.40 * r2l_loss:2.780863 + (reg):0.60 * l2r_loss:2.759730
r2l_scores: {'Bleu_1': 0.8193145367494412, 'Bleu_2': 0.696132624070325, 'Bleu_3': 0.5688933874128554, 'Bleu_4': 0.4485494794749061, 'METEOR': 0.3071534680888425, 'ROUGE_L': 0.6324677179223451, 'CIDEr': 0.6030845942194438}
l2r_scores: {'Bleu_1': 0.8586906148141213, 'Bleu_2': 0.7386268319357434, 'Bleu_3': 0.6125431161008758, 'Bleu_4': 0.48810656015768705, 'METEOR': 0.32057380923822204, 'ROUGE_L': 0.6532910305273568, 'CIDEr': 0.6240686274511758}


[EPOCH 12 TRAIN]
time: 208.01 seconds | lr: 0.000100
loss:2.165608 = (1-reg):0.40 * r2l_loss:2.147003 + (reg):0.60 * l2r_loss:2.178011
{'testlen': 3153, 'reflen': 3329, 'guess': [3153, 2656, 2159, 1662], 'correct': [2731, 1655, 853, 375]}
ratio: 0.9471312706515629
{'testlen': 3317, 'reflen': 3431, 'guess': [3317, 2820, 2323, 1826], 'correct': [2914, 1836, 1006, 464]}
ratio: 0.9667735354121344
[EPOCH 12 VAL]
time: 82.69 seconds
loss:2.772855 = (1-reg):0.40 * r2l_loss:2.782583 + (reg):0.60 * l2r_loss:2.766370
r2l_scores: {'Bleu_1': 0.8191349847385863, 'Bleu_2': 0.6947708260154456, 'Bleu_3': 0.5649965040363529, 'Bleu_4': 0.442918498376679, 'METEOR': 0.29599675949837667, 'ROUGE_L': 0.6246409418599753, 'CIDEr': 0.6049188176349808}
l2r_scores: {'Bleu_1': 0.8488248144403318, 'Bleu_2': 0.7307314737733847, 'Bleu_3': 0.6068007791136403, 'Bleu_4': 0.4839576920617208, 'METEOR': 0.3226357600067557, 'ROUGE_L': 0.653193331713409, 'CIDEr': 0.642958859247646}


[EPOCH 13 TRAIN]
time: 198.58 seconds | lr: 0.000100
loss:2.126650 = (1-reg):0.40 * r2l_loss:2.108580 + (reg):0.60 * l2r_loss:2.138696
{'testlen': 3243, 'reflen': 3374, 'guess': [3243, 2746, 2249, 1752], 'correct': [2763, 1639, 844, 369]}
ratio: 0.9611736810904087
{'testlen': 3423, 'reflen': 3496, 'guess': [3423, 2926, 2429, 1932], 'correct': [2969, 1897, 1027, 479]}
ratio: 0.9791189931347314
[EPOCH 13 VAL]
time: 83.48 seconds
loss:2.770782 = (1-reg):0.40 * r2l_loss:2.782683 + (reg):0.60 * l2r_loss:2.762848
r2l_scores: {'Bleu_1': 0.8182589091114953, 'Bleu_2': 0.6848776356574969, 'Bleu_3': 0.552940739499914, 'Bleu_4': 0.4300274802766549, 'METEOR': 0.29407832652937604, 'ROUGE_L': 0.6143642765142494, 'CIDEr': 0.604013716066718}
l2r_scores: {'Bleu_1': 0.8490658908691651, 'Bleu_2': 0.7340679280325526, 'Bleu_3': 0.6064353488251416, 'Bleu_4': 0.48234191465824233, 'METEOR': 0.3171301050916614, 'ROUGE_L': 0.6489598223700258, 'CIDEr': 0.6334096866170328}


[EPOCH 14 TRAIN]
time: 204.65 seconds | lr: 0.000100
loss:2.090259 = (1-reg):0.40 * r2l_loss:2.071855 + (reg):0.60 * l2r_loss:2.102527
{'testlen': 3333, 'reflen': 3481, 'guess': [3333, 2836, 2339, 1842], 'correct': [2803, 1672, 875, 399]}
ratio: 0.9574834817578405
{'testlen': 3458, 'reflen': 3552, 'guess': [3458, 2961, 2464, 1967], 'correct': [3000, 1880, 1021, 474]}
ratio: 0.973536036035762
[EPOCH 14 VAL]
time: 85.14 seconds
loss:2.775306 = (1-reg):0.40 * r2l_loss:2.788518 + (reg):0.60 * l2r_loss:2.766498
r2l_scores: {'Bleu_1': 0.804457640137252, 'Bleu_2': 0.6735569347837304, 'Bleu_3': 0.5455241113448327, 'Bleu_4': 0.4282625804600308, 'METEOR': 0.29884990637363507, 'ROUGE_L': 0.6093287913734291, 'CIDEr': 0.5913418116395365}
l2r_scores: {'Bleu_1': 0.8442881425147991, 'Bleu_2': 0.722274492799047, 'Bleu_3': 0.5947411745935303, 'Bleu_4': 0.4712898711958243, 'METEOR': 0.31895913748884724, 'ROUGE_L': 0.6470350694813262, 'CIDEr': 0.6314425643514496}


[EPOCH 15 TRAIN]
time: 205.66 seconds | lr: 0.000100
loss:2.055823 = (1-reg):0.40 * r2l_loss:2.037941 + (reg):0.60 * l2r_loss:2.067744
{'testlen': 3231, 'reflen': 3387, 'guess': [3231, 2734, 2237, 1740], 'correct': [2783, 1683, 879, 397]}
ratio: 0.9539415411866095
{'testlen': 3471, 'reflen': 3563, 'guess': [3471, 2974, 2477, 1980], 'correct': [3005, 1871, 999, 468]}
ratio: 0.9741790625874336
[EPOCH 15 VAL]
time: 84.85 seconds
loss:2.782253 = (1-reg):0.40 * r2l_loss:2.798112 + (reg):0.60 * l2r_loss:2.771680
r2l_scores: {'Bleu_1': 0.8207436414681656, 'Bleu_2': 0.6938445886267808, 'Bleu_3': 0.5648843291563709, 'Bleu_4': 0.44492599401400834, 'METEOR': 0.2995505180768814, 'ROUGE_L': 0.6219457428335609, 'CIDEr': 0.5870935803673291}
l2r_scores: {'Bleu_1': 0.8430993299754902, 'Bleu_2': 0.718704268955404, 'Bleu_3': 0.587592536340001, 'Bleu_4': 0.4648625809361544, 'METEOR': 0.31585948659642954, 'ROUGE_L': 0.642879648199105, 'CIDEr': 0.6067140630809418}


[EPOCH 16 TRAIN]
time: 203.53 seconds | lr: 0.000050
loss:1.976336 = (1-reg):0.40 * r2l_loss:1.958089 + (reg):0.60 * l2r_loss:1.988500
{'testlen': 3196, 'reflen': 3362, 'guess': [3196, 2699, 2202, 1705], 'correct': [2725, 1627, 822, 362]}
ratio: 0.9506246281972187
{'testlen': 3466, 'reflen': 3540, 'guess': [3466, 2969, 2472, 1975], 'correct': [2985, 1824, 967, 460]}
ratio: 0.9790960451974635
[EPOCH 16 VAL]
time: 84.20 seconds
loss:2.783463 = (1-reg):0.40 * r2l_loss:2.795475 + (reg):0.60 * l2r_loss:2.775454
r2l_scores: {'Bleu_1': 0.8094732716974696, 'Bleu_2': 0.6806360994468259, 'Bleu_3': 0.5475734884360699, 'Bleu_4': 0.4265191655139083, 'METEOR': 0.28929106681452443, 'ROUGE_L': 0.6106058857585897, 'CIDEr': 0.5886358630964407}
l2r_scores: {'Bleu_1': 0.8430308685827983, 'Bleu_2': 0.712021170648671, 'Bleu_3': 0.5790248113622957, 'Bleu_4': 0.4586722737185222, 'METEOR': 0.31282409401062866, 'ROUGE_L': 0.6362146586393982, 'CIDEr': 0.5968824042355563}



[BEST: 6 | SEED: 904666 | VAL-CIDEr: 0.64519458705727]
{'testlen': 18806, 'reflen': 20090, 'guess': [18806, 15816, 12826, 9846], 'correct': [16051, 9734, 5038, 2249]}
ratio: 0.9360876057739703
{'testlen': 20049, 'reflen': 20895, 'guess': [20049, 17059, 14069, 11079], 'correct': [17642, 11221, 6056, 2812]}
ratio: 0.9595118449389347
time: 412.04 seconds
r2l_scores: {'Bleu_1': 0.7971751226605407, 'Bleu_2': 0.6769369940531644, 'Bleu_3': 0.5519128423341, 'Bleu_4': 0.43518337837776755, 'METEOR': 0.2939377710588048, 'ROUGE_L': 0.6238636148140629, 'CIDEr': 0.605628765451397}
l2r_scores: {'Bleu_1': 0.8435859606993266, 'Bleu_2': 0.7293580640857511, 'Bleu_3': 0.603243733057121, 'Bleu_4': 0.480747310173482, 'METEOR': 0.3128781497723153, 'ROUGE_L': 0.6519130874733415, 'CIDEr': 0.6377194909245565}
----------------------------------------
>> [Train time] Total: 3256.10 seconds => Per epoch: 203.51 seconds
>> [Val time] Total: 1315.29 seconds => Per epoch: 82.21 seconds
