Found 1 CUDA device(s)

Device 0: NVIDIA A100-SXM4-40GB
  Total memory bytes: 42296475648
  MultiProcessor count: 108
  Major.Minor: 8.0
  Max threads per block: 2048
  Memory reserved bytes: 0
  Memory allocated bytes: 0
  Free inside reserved bytes: 0
  Active allocations: 0
========================================
MODEL ID: MSRVTT = FEAT newBlip2ClsKF+newMViTv2+newImgCapBlip2KF fsl-13 mcl-20 = Transformer d-512 N_enc-0 N_dec-3 h-4 h_big-4 dp-0.1 = OPTIM lr-0.0001 warmup-3 gamma-0.5 pat-3 wd-5e-06 rg-0.6 = bs-64-gc-5.0-ls-0.25 = 1764756657
Enter the load_video_feats method.
Enter the load_video_feats method.
Enter the load_video_feats method.
#vocabs: 10444 (23046), #words: 1178850 (1194458). Trim words which appear less than 3 times.
{'Total': 53114776, 'Trainable': 53114776}


[EPOCH 1 TRAIN]
time: 196.85 seconds | lr: 0.000033
loss:3.392877 = (1-reg):0.40 * r2l_loss:3.395652 + (reg):0.60 * l2r_loss:3.391026
{'testlen': 2832, 'reflen': 3142, 'guess': [2832, 2335, 1838, 1352], 'correct': [2425, 1407, 690, 284]}
ratio: 0.9013367281983128
{'testlen': 2872, 'reflen': 3144, 'guess': [2872, 2375, 1878, 1381], 'correct': [2507, 1508, 770, 331]}
ratio: 0.913486005088768
[EPOCH 1 VAL]
time: 74.97 seconds
loss:3.107154 = (1-reg):0.40 * r2l_loss:3.064222 + (reg):0.60 * l2r_loss:3.135774
r2l_scores: {'Bleu_1': 0.7675014361794971, 'Bleu_2': 0.6438334791562503, 'Bleu_3': 0.5186055174781747, 'Bleu_4': 0.4025579775532704, 'METEOR': 0.2796097790933458, 'ROUGE_L': 0.6013483784552488, 'CIDEr': 0.454237141562482}
l2r_scores: {'Bleu_1': 0.7940337177934013, 'Bleu_2': 0.6772092153161434, 'Bleu_3': 0.5550983895370538, 'Bleu_4': 0.43944377407620866, 'METEOR': 0.287869172998034, 'ROUGE_L': 0.6205478187171201, 'CIDEr': 0.44857609618462174}
>> Saving checkpoint to 1.ckpt
>> New best model at epoch 1 | CIDEr: 0.44857609618462174


[EPOCH 2 TRAIN]
time: 194.57 seconds | lr: 0.000056
loss:2.826027 = (1-reg):0.40 * r2l_loss:2.816497 + (reg):0.60 * l2r_loss:2.832381
{'testlen': 2924, 'reflen': 3173, 'guess': [2924, 2427, 1930, 1434], 'correct': [2567, 1558, 801, 330]}
ratio: 0.9215253703117171
{'testlen': 2954, 'reflen': 3189, 'guess': [2954, 2457, 1960, 1463], 'correct': [2617, 1648, 876, 389]}
ratio: 0.9263091878328861
[EPOCH 2 VAL]
time: 76.10 seconds
loss:2.827378 = (1-reg):0.40 * r2l_loss:2.779629 + (reg):0.60 * l2r_loss:2.859211
r2l_scores: {'Bleu_1': 0.8062414958258661, 'Bleu_2': 0.6894292977165046, 'Bleu_3': 0.5658358257027281, 'Bleu_4': 0.44234710531727284, 'METEOR': 0.2930529525940026, 'ROUGE_L': 0.6321729813971078, 'CIDEr': 0.5699237784465974}
l2r_scores: {'Bleu_1': 0.8181703527749626, 'Bleu_2': 0.7119068109874713, 'Bleu_3': 0.5936287769737519, 'Bleu_4': 0.4760747574575632, 'METEOR': 0.3030767620179144, 'ROUGE_L': 0.6393017670453902, 'CIDEr': 0.5337470633269715}
>> Saving checkpoint to 2.ckpt
>> New best model at epoch 2 | CIDEr: 0.5337470633269715


[EPOCH 3 TRAIN]
time: 198.09 seconds | lr: 0.000078
loss:2.590525 = (1-reg):0.40 * r2l_loss:2.579656 + (reg):0.60 * l2r_loss:2.597771
{'testlen': 2939, 'reflen': 3177, 'guess': [2939, 2442, 1945, 1448], 'correct': [2554, 1544, 781, 317]}
ratio: 0.925086559647175
{'testlen': 3077, 'reflen': 3289, 'guess': [3077, 2580, 2083, 1586], 'correct': [2716, 1689, 886, 401]}
ratio: 0.9355427181511293
[EPOCH 3 VAL]
time: 79.25 seconds
loss:2.650018 = (1-reg):0.40 * r2l_loss:2.634985 + (reg):0.60 * l2r_loss:2.660041
r2l_scores: {'Bleu_1': 0.801405229799894, 'Bleu_2': 0.6835847050580639, 'Bleu_3': 0.5572486040138115, 'Bleu_4': 0.43233175246181904, 'METEOR': 0.2988700200165625, 'ROUGE_L': 0.6350791227453989, 'CIDEr': 0.5950784472090402}
l2r_scores: {'Bleu_1': 0.823910670788057, 'Bleu_2': 0.7095515690170119, 'Bleu_3': 0.5846959422668242, 'Bleu_4': 0.4660444300867026, 'METEOR': 0.308549006627837, 'ROUGE_L': 0.6400711061941382, 'CIDEr': 0.5880678744898886}
>> Saving checkpoint to 3.ckpt
>> New best model at epoch 3 | CIDEr: 0.5880678744898886


[EPOCH 4 TRAIN]
time: 189.50 seconds | lr: 0.000100
loss:2.436493 = (1-reg):0.40 * r2l_loss:2.424148 + (reg):0.60 * l2r_loss:2.444723
{'testlen': 3106, 'reflen': 3307, 'guess': [3106, 2609, 2112, 1616], 'correct': [2662, 1579, 802, 334]}
ratio: 0.9392198367097251
{'testlen': 3152, 'reflen': 3334, 'guess': [3152, 2655, 2158, 1661], 'correct': [2769, 1741, 934, 441]}
ratio: 0.9454109178161532
[EPOCH 4 VAL]
time: 80.61 seconds
loss:2.583267 = (1-reg):0.40 * r2l_loss:2.569994 + (reg):0.60 * l2r_loss:2.592115
r2l_scores: {'Bleu_1': 0.8033446432117801, 'Bleu_2': 0.6750759366869958, 'Bleu_3': 0.5453730469334421, 'Bleu_4': 0.421037090807904, 'METEOR': 0.28864039838745, 'ROUGE_L': 0.6117598569817432, 'CIDEr': 0.5892737114639487}
l2r_scores: {'Bleu_1': 0.8292015372236304, 'Bleu_2': 0.7164053953621949, 'Bleu_3': 0.5940807695519852, 'Bleu_4': 0.47877580812974524, 'METEOR': 0.312892638938972, 'ROUGE_L': 0.6439005906178163, 'CIDEr': 0.6109672867363588}
>> Saving checkpoint to 4.ckpt
>> New best model at epoch 4 | CIDEr: 0.6109672867363588


[EPOCH 5 TRAIN]
time: 194.31 seconds | lr: 0.000100
loss:2.315288 = (1-reg):0.40 * r2l_loss:2.300803 + (reg):0.60 * l2r_loss:2.324944
{'testlen': 3085, 'reflen': 3292, 'guess': [3085, 2588, 2091, 1596], 'correct': [2627, 1551, 784, 327]}
ratio: 0.9371202916157542
{'testlen': 3177, 'reflen': 3348, 'guess': [3177, 2680, 2183, 1686], 'correct': [2791, 1742, 927, 412]}
ratio: 0.9489247311825123
[EPOCH 5 VAL]
time: 80.00 seconds
loss:2.525370 = (1-reg):0.40 * r2l_loss:2.507949 + (reg):0.60 * l2r_loss:2.536985
r2l_scores: {'Bleu_1': 0.7962771207074391, 'Bleu_2': 0.668013974985132, 'Bleu_3': 0.5388453668448129, 'Bleu_4': 0.41609420218293064, 'METEOR': 0.2891832444981577, 'ROUGE_L': 0.6149885394439938, 'CIDEr': 0.5884459183513603}
l2r_scores: {'Bleu_1': 0.8324669452343232, 'Bleu_2': 0.7160648660953698, 'Bleu_3': 0.5909059575352404, 'Bleu_4': 0.46752493870040224, 'METEOR': 0.31165343530107853, 'ROUGE_L': 0.6442584620609297, 'CIDEr': 0.6161225874397802}
>> Saving checkpoint to 5.ckpt
>> New best model at epoch 5 | CIDEr: 0.6161225874397802


[EPOCH 6 TRAIN]
time: 191.67 seconds | lr: 0.000100
loss:2.226106 = (1-reg):0.40 * r2l_loss:2.210285 + (reg):0.60 * l2r_loss:2.236654
{'testlen': 3088, 'reflen': 3306, 'guess': [3088, 2591, 2094, 1598], 'correct': [2658, 1610, 845, 376]}
ratio: 0.934059286146118
{'testlen': 3260, 'reflen': 3397, 'guess': [3260, 2763, 2266, 1769], 'correct': [2883, 1823, 992, 467]}
ratio: 0.9596702973208833
[EPOCH 6 VAL]
time: 81.74 seconds
loss:2.506987 = (1-reg):0.40 * r2l_loss:2.502213 + (reg):0.60 * l2r_loss:2.510169
r2l_scores: {'Bleu_1': 0.8020811218480556, 'Bleu_2': 0.6814887387792204, 'Bleu_3': 0.5589582059120306, 'Bleu_4': 0.4423565091235275, 'METEOR': 0.2969740684985872, 'ROUGE_L': 0.6265546343329473, 'CIDEr': 0.6085222726875359}
l2r_scores: {'Bleu_1': 0.8479612698327696, 'Bleu_2': 0.7324287566541086, 'Bleu_3': 0.6083831424606083, 'Bleu_4': 0.48861566273456286, 'METEOR': 0.3189461391230212, 'ROUGE_L': 0.6483313913250397, 'CIDEr': 0.6397964829494489}
>> Saving checkpoint to 6.ckpt
>> New best model at epoch 6 | CIDEr: 0.6397964829494489


[EPOCH 7 TRAIN]
time: 187.62 seconds | lr: 0.000100
loss:2.155503 = (1-reg):0.40 * r2l_loss:2.139826 + (reg):0.60 * l2r_loss:2.165954
{'testlen': 3249, 'reflen': 3426, 'guess': [3249, 2752, 2255, 1758], 'correct': [2803, 1724, 936, 450]}
ratio: 0.9483362521888651
{'testlen': 3297, 'reflen': 3413, 'guess': [3297, 2800, 2303, 1806], 'correct': [2863, 1792, 970, 457]}
ratio: 0.9660123058889639
[EPOCH 7 VAL]
time: 82.83 seconds
loss:2.477798 = (1-reg):0.40 * r2l_loss:2.480668 + (reg):0.60 * l2r_loss:2.475884
r2l_scores: {'Bleu_1': 0.8169843943064791, 'Bleu_2': 0.6961799054666528, 'Bleu_3': 0.575401356555403, 'Bleu_4': 0.4635660961697957, 'METEOR': 0.3068331136014732, 'ROUGE_L': 0.6336407127372861, 'CIDEr': 0.637050589246167}
l2r_scores: {'Bleu_1': 0.8383442711317481, 'Bleu_2': 0.7197160494998002, 'Bleu_3': 0.5949859682660305, 'Bleu_4': 0.4762770514762353, 'METEOR': 0.31811363186906716, 'ROUGE_L': 0.6431261163634179, 'CIDEr': 0.6347643906232782}


[EPOCH 8 TRAIN]
time: 186.53 seconds | lr: 0.000100
loss:2.096323 = (1-reg):0.40 * r2l_loss:2.080124 + (reg):0.60 * l2r_loss:2.107123
{'testlen': 3207, 'reflen': 3377, 'guess': [3207, 2710, 2213, 1716], 'correct': [2782, 1701, 915, 430]}
ratio: 0.9496594610598313
{'testlen': 3246, 'reflen': 3405, 'guess': [3246, 2749, 2252, 1755], 'correct': [2822, 1756, 937, 423]}
ratio: 0.9533039647574293
[EPOCH 8 VAL]
time: 84.58 seconds
loss:2.463720 = (1-reg):0.40 * r2l_loss:2.460319 + (reg):0.60 * l2r_loss:2.465986
r2l_scores: {'Bleu_1': 0.8226907815976211, 'Bleu_2': 0.6998018068754491, 'Bleu_3': 0.5769295114080765, 'Bleu_4': 0.46219418311842847, 'METEOR': 0.3085937837697059, 'ROUGE_L': 0.6379368063861599, 'CIDEr': 0.6360520569429524}
l2r_scores: {'Bleu_1': 0.8278188077175952, 'Bleu_2': 0.709587453694364, 'Bleu_3': 0.5843009853621375, 'Bleu_4': 0.4625673493024126, 'METEOR': 0.3139211634278616, 'ROUGE_L': 0.6387781704163857, 'CIDEr': 0.6082931105246572}


[EPOCH 9 TRAIN]
time: 193.97 seconds | lr: 0.000100
loss:2.045460 = (1-reg):0.40 * r2l_loss:2.029086 + (reg):0.60 * l2r_loss:2.056376
{'testlen': 3209, 'reflen': 3393, 'guess': [3209, 2712, 2215, 1719], 'correct': [2739, 1663, 862, 392]}
ratio: 0.9457707043911153
{'testlen': 3161, 'reflen': 3321, 'guess': [3161, 2664, 2167, 1670], 'correct': [2825, 1810, 1006, 474]}
ratio: 0.95182174043934
[EPOCH 9 VAL]
time: 80.62 seconds
loss:2.457990 = (1-reg):0.40 * r2l_loss:2.456021 + (reg):0.60 * l2r_loss:2.459302
r2l_scores: {'Bleu_1': 0.8059728622915912, 'Bleu_2': 0.6831413025527067, 'Bleu_3': 0.5555855076128574, 'Bleu_4': 0.43836942431410614, 'METEOR': 0.30359499781542537, 'ROUGE_L': 0.6277882609100202, 'CIDEr': 0.6095054739156658}
l2r_scores: {'Bleu_1': 0.8495937694562552, 'Bleu_2': 0.7407753423220319, 'Bleu_3': 0.6233182210753917, 'Bleu_4': 0.5055943070284292, 'METEOR': 0.326861754787297, 'ROUGE_L': 0.6601087912279692, 'CIDEr': 0.6443091305897962}
>> Saving checkpoint to 9.ckpt
>> New best model at epoch 9 | CIDEr: 0.6443091305897962


[EPOCH 10 TRAIN]
time: 189.07 seconds | lr: 0.000100
loss:2.001591 = (1-reg):0.40 * r2l_loss:1.984363 + (reg):0.60 * l2r_loss:2.013076
{'testlen': 3228, 'reflen': 3418, 'guess': [3228, 2731, 2234, 1737], 'correct': [2770, 1658, 856, 387]}
ratio: 0.9444119368048729
{'testlen': 3308, 'reflen': 3462, 'guess': [3308, 2811, 2314, 1817], 'correct': [2873, 1768, 958, 455]}
ratio: 0.9555170421718788
[EPOCH 10 VAL]
time: 81.98 seconds
loss:2.455346 = (1-reg):0.40 * r2l_loss:2.457709 + (reg):0.60 * l2r_loss:2.453771
r2l_scores: {'Bleu_1': 0.8090654964578, 'Bleu_2': 0.6805216903846804, 'Bleu_3': 0.5510241828849215, 'Bleu_4': 0.43297731251613863, 'METEOR': 0.2948516450724197, 'ROUGE_L': 0.6220731549716861, 'CIDEr': 0.6047263113363368}
l2r_scores: {'Bleu_1': 0.8289952894148199, 'Bleu_2': 0.7054686315598657, 'Bleu_3': 0.58154032640121, 'Bleu_4': 0.4656337793836088, 'METEOR': 0.3139427705306616, 'ROUGE_L': 0.6339110365795091, 'CIDEr': 0.5855351640156558}


[EPOCH 11 TRAIN]
time: 192.42 seconds | lr: 0.000100
loss:1.961896 = (1-reg):0.40 * r2l_loss:1.944649 + (reg):0.60 * l2r_loss:1.973394
{'testlen': 3132, 'reflen': 3320, 'guess': [3132, 2635, 2138, 1641], 'correct': [2719, 1650, 855, 390]}
ratio: 0.9433734939756194
{'testlen': 3306, 'reflen': 3415, 'guess': [3306, 2809, 2312, 1815], 'correct': [2912, 1856, 1013, 469]}
ratio: 0.9680819912149434
[EPOCH 11 VAL]
time: 81.91 seconds
loss:2.443994 = (1-reg):0.40 * r2l_loss:2.454896 + (reg):0.60 * l2r_loss:2.436726
r2l_scores: {'Bleu_1': 0.8175582251981498, 'Bleu_2': 0.6943471023254524, 'Bleu_3': 0.5662579368030086, 'Bleu_4': 0.4489857346711477, 'METEOR': 0.29466644099866346, 'ROUGE_L': 0.6196524512424435, 'CIDEr': 0.6191113407092}
l2r_scores: {'Bleu_1': 0.8522552345119906, 'Bleu_2': 0.7381396472703621, 'Bleu_3': 0.6135641070122233, 'Bleu_4': 0.4902180540582217, 'METEOR': 0.3204604791016227, 'ROUGE_L': 0.6497538594358779, 'CIDEr': 0.613155364364072}


[EPOCH 12 TRAIN]
time: 190.76 seconds | lr: 0.000100
loss:1.925799 = (1-reg):0.40 * r2l_loss:1.908660 + (reg):0.60 * l2r_loss:1.937225
{'testlen': 3114, 'reflen': 3310, 'guess': [3114, 2617, 2120, 1623], 'correct': [2671, 1644, 870, 385]}
ratio: 0.9407854984891417
{'testlen': 3275, 'reflen': 3399, 'guess': [3275, 2778, 2281, 1784], 'correct': [2906, 1835, 1001, 470]}
ratio: 0.9635186819650005
[EPOCH 12 VAL]
time: 82.38 seconds
loss:2.449042 = (1-reg):0.40 * r2l_loss:2.451458 + (reg):0.60 * l2r_loss:2.447432
r2l_scores: {'Bleu_1': 0.8054157352608581, 'Bleu_2': 0.6892733947189359, 'Bleu_3': 0.5678196499673219, 'Bleu_4': 0.449375688611302, 'METEOR': 0.2967022923883736, 'ROUGE_L': 0.6244739272983815, 'CIDEr': 0.6222882709410575}
l2r_scores: {'Bleu_1': 0.8543597684615947, 'Bleu_2': 0.7371409706190376, 'Bleu_3': 0.6123345888853174, 'Bleu_4': 0.49125441553973587, 'METEOR': 0.326962025253562, 'ROUGE_L': 0.6564580526761259, 'CIDEr': 0.6374197205991305}


[EPOCH 13 TRAIN]
time: 192.00 seconds | lr: 0.000100
loss:1.893152 = (1-reg):0.40 * r2l_loss:1.876307 + (reg):0.60 * l2r_loss:1.904383
{'testlen': 3245, 'reflen': 3384, 'guess': [3245, 2748, 2251, 1754], 'correct': [2762, 1703, 889, 399]}
ratio: 0.9589243498815133
{'testlen': 3283, 'reflen': 3396, 'guess': [3283, 2786, 2289, 1792], 'correct': [2851, 1827, 1019, 474]}
ratio: 0.9667255594814586
[EPOCH 13 VAL]
time: 82.18 seconds
loss:2.440818 = (1-reg):0.40 * r2l_loss:2.447597 + (reg):0.60 * l2r_loss:2.436298
r2l_scores: {'Bleu_1': 0.8154661010063042, 'Bleu_2': 0.6958255720722252, 'Bleu_3': 0.5679472380201598, 'Bleu_4': 0.4470087818823325, 'METEOR': 0.2973001468621795, 'ROUGE_L': 0.6214545776940339, 'CIDEr': 0.6187766290393624}
l2r_scores: {'Bleu_1': 0.8390310485085849, 'Bleu_2': 0.7291108861635031, 'Bleu_3': 0.6114896135872043, 'Bleu_4': 0.4916599380336464, 'METEOR': 0.3177767247711854, 'ROUGE_L': 0.6512201210804621, 'CIDEr': 0.6339442260708525}


[EPOCH 14 TRAIN]
time: 198.10 seconds | lr: 0.000100
loss:1.862295 = (1-reg):0.40 * r2l_loss:1.845300 + (reg):0.60 * l2r_loss:1.873626
{'testlen': 3303, 'reflen': 3435, 'guess': [3303, 2806, 2309, 1812], 'correct': [2832, 1670, 862, 388]}
ratio: 0.9615720524014668
{'testlen': 3369, 'reflen': 3457, 'guess': [3369, 2872, 2375, 1878], 'correct': [2945, 1861, 1033, 495]}
ratio: 0.9745444026609851
[EPOCH 14 VAL]
time: 83.31 seconds
loss:2.442467 = (1-reg):0.40 * r2l_loss:2.450975 + (reg):0.60 * l2r_loss:2.436795
r2l_scores: {'Bleu_1': 0.8238130631091579, 'Bleu_2': 0.6863580612129768, 'Bleu_3': 0.5528529141325887, 'Bleu_4': 0.4318039244901872, 'METEOR': 0.2973323269397498, 'ROUGE_L': 0.621044722781042, 'CIDEr': 0.6197826008269612}
l2r_scores: {'Bleu_1': 0.8516091020380948, 'Bleu_2': 0.733211248881274, 'Bleu_3': 0.6107314959240729, 'Bleu_4': 0.4917893759134157, 'METEOR': 0.3257207247189138, 'ROUGE_L': 0.6518308684685958, 'CIDEr': 0.6328777414341759}


[EPOCH 15 TRAIN]
time: 193.75 seconds | lr: 0.000100
loss:1.833501 = (1-reg):0.40 * r2l_loss:1.817236 + (reg):0.60 * l2r_loss:1.844345
{'testlen': 3320, 'reflen': 3463, 'guess': [3320, 2823, 2326, 1829], 'correct': [2819, 1673, 856, 363]}
ratio: 0.958706323996258
{'testlen': 3607, 'reflen': 3646, 'guess': [3607, 3110, 2613, 2116], 'correct': [3112, 1954, 1050, 482]}
ratio: 0.9893033461324768
[EPOCH 15 VAL]
time: 85.13 seconds
loss:2.451858 = (1-reg):0.40 * r2l_loss:2.458087 + (reg):0.60 * l2r_loss:2.447706
r2l_scores: {'Bleu_1': 0.813300304056944, 'Bleu_2': 0.6794616821742888, 'Bleu_3': 0.5459622885800531, 'Bleu_4': 0.4193906072544403, 'METEOR': 0.2884764776884126, 'ROUGE_L': 0.6127949489784021, 'CIDEr': 0.5770376584053062}
l2r_scores: {'Bleu_1': 0.8534885902692889, 'Bleu_2': 0.728338188881051, 'Bleu_3': 0.5952144174359607, 'Bleu_4': 0.4668893782569915, 'METEOR': 0.31970965854293604, 'ROUGE_L': 0.643611973197874, 'CIDEr': 0.610380261906763}


[EPOCH 16 TRAIN]
time: 196.18 seconds | lr: 0.000100
loss:1.807864 = (1-reg):0.40 * r2l_loss:1.791300 + (reg):0.60 * l2r_loss:1.818907
{'testlen': 3228, 'reflen': 3383, 'guess': [3228, 2731, 2234, 1737], 'correct': [2719, 1607, 817, 346]}
ratio: 0.9541826780960821
{'testlen': 3471, 'reflen': 3553, 'guess': [3471, 2974, 2477, 1980], 'correct': [2962, 1804, 968, 457]}
ratio: 0.9769209119051571
[EPOCH 16 VAL]
time: 83.07 seconds
loss:2.444221 = (1-reg):0.40 * r2l_loss:2.455132 + (reg):0.60 * l2r_loss:2.436947
r2l_scores: {'Bleu_1': 0.8028270781771304, 'Bleu_2': 0.6710135030444935, 'Bleu_3': 0.5394061734602545, 'Bleu_4': 0.41547279078115895, 'METEOR': 0.28973188636121416, 'ROUGE_L': 0.6085732824308216, 'CIDEr': 0.581535193159024}
l2r_scores: {'Bleu_1': 0.8334326892559797, 'Bleu_2': 0.7026727226348876, 'Bleu_3': 0.5733219158203353, 'Bleu_4': 0.4539904136965743, 'METEOR': 0.31561721214757094, 'ROUGE_L': 0.6326053958024859, 'CIDEr': 0.6022687962539748}



[BEST: 9 | SEED: 904666 | VAL-CIDEr: 0.6443091305897962]
{'testlen': 19266, 'reflen': 20357, 'guess': [19266, 16276, 13286, 10301], 'correct': [16534, 10148, 5398, 2496]}
ratio: 0.9464066414500689
{'testlen': 19188, 'reflen': 20275, 'guess': [19188, 16198, 13208, 10218], 'correct': [16934, 10801, 5893, 2781]}
ratio: 0.9463871763254773
time: 413.85 seconds
r2l_scores: {'Bleu_1': 0.8109480573799313, 'Bleu_2': 0.6912199078872122, 'Bleu_3': 0.5681886961582768, 'Bleu_4': 0.45270199211967105, 'METEOR': 0.3001581685146564, 'ROUGE_L': 0.6324744498082018, 'CIDEr': 0.6218702163503818}
l2r_scores: {'Bleu_1': 0.8339251423744088, 'Bleu_2': 0.7248755156063136, 'Bleu_3': 0.6050730661378471, 'Bleu_4': 0.4885555421219136, 'METEOR': 0.31320592213233395, 'ROUGE_L': 0.6515894018432311, 'CIDEr': 0.6292348643866017}
----------------------------------------
>> [Train time] Total: 3085.38 seconds => Per epoch: 192.84 seconds
>> [Val time] Total: 1300.66 seconds => Per epoch: 81.29 seconds
