Found 1 CUDA device(s)

Device 0: NVIDIA A100-SXM4-40GB
  Total memory bytes: 42296475648
  MultiProcessor count: 108
  Major.Minor: 8.0
  Max threads per block: 2048
  Memory reserved bytes: 0
  Memory allocated bytes: 0
  Free inside reserved bytes: 0
  Active allocations: 0
========================================
MODEL ID: MSVD = FEAT newBlip2ClsKF+newMViTv2+newImgCapBlip2KF fsl-10 mcl-20 = Transformer d-512 N_enc-0 N_dec-5 h-8 h_big-8 dp-0.1 = OPTIM lr-0.0001 warmup-3 gamma-0.5 pat-3 wd-5e-06 rg-0.5 = bs-64-gc-5.0-ls-0.15 = 1764633879
Enter the load_video_feats method.
Enter the load_video_feats method.
Enter the load_video_feats method.
#vocabs: 4116 (9614), #words: 339057 (345799). Trim words which appear less than 3 times.
{'Total': 59076136, 'Trainable': 59076136}


[EPOCH 1 TRAIN]
time: 109.90 seconds | lr: 0.000033
loss:3.530879 = (1-reg):0.50 * r2l_loss:3.499444 + (reg):0.50 * l2r_loss:3.562314
{'testlen': 558, 'reflen': 550, 'guess': [558, 458, 358, 259], 'correct': [425, 266, 146, 63]}
ratio: 1.01454545454361
{'testlen': 498, 'reflen': 497, 'guess': [498, 398, 298, 198], 'correct': [413, 264, 153, 63]}
ratio: 1.0020120724325916
[EPOCH 1 VAL]
time: 32.11 seconds
loss:3.285668 = (1-reg):0.50 * r2l_loss:3.122012 + (reg):0.50 * l2r_loss:3.449324
r2l_scores: {'Bleu_1': 0.7616487455183483, 'Bleu_2': 0.665097698289143, 'Bleu_3': 0.5650413614007097, 'Bleu_4': 0.45768889593104134, 'METEOR': 0.3487243156026226, 'ROUGE_L': 0.727705992950824, 'CIDEr': 0.9804302185628201}
l2r_scores: {'Bleu_1': 0.82931726907464, 'Bleu_2': 0.7416871962446524, 'Bleu_3': 0.6561033322466117, 'Bleu_4': 0.5475175221330244, 'METEOR': 0.3481937921183603, 'ROUGE_L': 0.731070710025578, 'CIDEr': 0.7243662952012524}
>> Saving checkpoint to 1.ckpt
>> New best model at epoch 1 | CIDEr: 0.7243662952012524


[EPOCH 2 TRAIN]
time: 106.11 seconds | lr: 0.000056
loss:2.676418 = (1-reg):0.50 * r2l_loss:2.631813 + (reg):0.50 * l2r_loss:2.721024
{'testlen': 571, 'reflen': 572, 'guess': [571, 471, 371, 274], 'correct': [475, 325, 193, 95]}
ratio: 0.9982517482500031
{'testlen': 512, 'reflen': 512, 'guess': [512, 412, 312, 212], 'correct': [458, 322, 195, 96]}
ratio: 0.9999999999980469
[EPOCH 2 VAL]
time: 33.08 seconds
loss:2.924484 = (1-reg):0.50 * r2l_loss:2.831602 + (reg):0.50 * l2r_loss:3.017366
r2l_scores: {'Bleu_1': 0.8304183084130482, 'Bleu_2': 0.7563092147981881, 'Bleu_3': 0.6672273896414912, 'Bleu_4': 0.566250389153148, 'METEOR': 0.39943518202736217, 'ROUGE_L': 0.7698588816992905, 'CIDEr': 1.2922943815537824}
l2r_scores: {'Bleu_1': 0.8945312499965057, 'Bleu_2': 0.8361363155018462, 'Bleu_3': 0.7588304155328586, 'Bleu_4': 0.6669486388197774, 'METEOR': 0.4121794720498943, 'ROUGE_L': 0.7996097172538527, 'CIDEr': 1.2327468736040077}
>> Saving checkpoint to 2.ckpt
>> New best model at epoch 2 | CIDEr: 1.2327468736040077


[EPOCH 3 TRAIN]
time: 106.42 seconds | lr: 0.000078
loss:2.292806 = (1-reg):0.50 * r2l_loss:2.248052 + (reg):0.50 * l2r_loss:2.337561
{'testlen': 564, 'reflen': 563, 'guess': [564, 464, 364, 267], 'correct': [506, 359, 221, 114]}
ratio: 1.0017761989325014
{'testlen': 560, 'reflen': 560, 'guess': [560, 460, 360, 260], 'correct': [502, 356, 226, 120]}
ratio: 0.9999999999982143
[EPOCH 3 VAL]
time: 32.96 seconds
loss:2.758646 = (1-reg):0.50 * r2l_loss:2.687486 + (reg):0.50 * l2r_loss:2.829805
r2l_scores: {'Bleu_1': 0.8971631205657852, 'Bleu_2': 0.8331514230391244, 'Bleu_3': 0.7497438700652662, 'Bleu_4': 0.6513030174205224, 'METEOR': 0.4396268584808812, 'ROUGE_L': 0.8216556188004592, 'CIDEr': 1.4771789706812448}
l2r_scores: {'Bleu_1': 0.8964285714253699, 'Bleu_2': 0.832921223147742, 'Bleu_3': 0.7580035942324724, 'Bleu_4': 0.6695845485104136, 'METEOR': 0.4317252438758397, 'ROUGE_L': 0.8207459190307896, 'CIDEr': 1.3909165646918213}
>> Saving checkpoint to 3.ckpt
>> New best model at epoch 3 | CIDEr: 1.3909165646918213


[EPOCH 4 TRAIN]
time: 105.72 seconds | lr: 0.000100
loss:2.047799 = (1-reg):0.50 * r2l_loss:2.006994 + (reg):0.50 * l2r_loss:2.088605
{'testlen': 561, 'reflen': 555, 'guess': [561, 461, 361, 261], 'correct': [510, 366, 230, 120]}
ratio: 1.0108108108089895
{'testlen': 554, 'reflen': 552, 'guess': [554, 454, 354, 254], 'correct': [511, 369, 236, 131]}
ratio: 1.003623188403979
[EPOCH 4 VAL]
time: 33.79 seconds
loss:2.610959 = (1-reg):0.50 * r2l_loss:2.556638 + (reg):0.50 * l2r_loss:2.665280
r2l_scores: {'Bleu_1': 0.9090909090892886, 'Bleu_2': 0.8495593763215066, 'Bleu_3': 0.7718555589472272, 'Bleu_4': 0.6780898004031576, 'METEOR': 0.4431955565666527, 'ROUGE_L': 0.8272910055395798, 'CIDEr': 1.5019677826795594}
l2r_scores: {'Bleu_1': 0.9223826714784795, 'Bleu_2': 0.8658463377304624, 'Bleu_3': 0.7935911144742837, 'Bleu_4': 0.7125362965431328, 'METEOR': 0.45261381167941483, 'ROUGE_L': 0.8443886691436012, 'CIDEr': 1.5786132680183258}
>> Saving checkpoint to 4.ckpt
>> New best model at epoch 4 | CIDEr: 1.5786132680183258


[EPOCH 5 TRAIN]
time: 104.09 seconds | lr: 0.000100
loss:1.878223 = (1-reg):0.50 * r2l_loss:1.840300 + (reg):0.50 * l2r_loss:1.916145
{'testlen': 568, 'reflen': 567, 'guess': [568, 468, 368, 268], 'correct': [512, 366, 226, 121]}
ratio: 1.0017636684285682
{'testlen': 577, 'reflen': 576, 'guess': [577, 477, 377, 277], 'correct': [524, 384, 254, 149]}
ratio: 1.001736111109372
[EPOCH 5 VAL]
time: 33.12 seconds
loss:2.558096 = (1-reg):0.50 * r2l_loss:2.525050 + (reg):0.50 * l2r_loss:2.591143
r2l_scores: {'Bleu_1': 0.9014084507026384, 'Bleu_2': 0.8396115974201118, 'Bleu_3': 0.7564945890673634, 'Bleu_4': 0.664916352132632, 'METEOR': 0.4421581294849968, 'ROUGE_L': 0.8227341677946894, 'CIDEr': 1.573858307404871}
l2r_scores: {'Bleu_1': 0.9081455805876809, 'Bleu_2': 0.8550355258167206, 'Bleu_3': 0.7897450185296954, 'Bleu_4': 0.7174502582070315, 'METEOR': 0.45318623368135025, 'ROUGE_L': 0.8425059451244394, 'CIDEr': 1.605954036874233}
>> Saving checkpoint to 5.ckpt
>> New best model at epoch 5 | CIDEr: 1.605954036874233


[EPOCH 6 TRAIN]
time: 104.01 seconds | lr: 0.000100
loss:1.766619 = (1-reg):0.50 * r2l_loss:1.732117 + (reg):0.50 * l2r_loss:1.801120
{'testlen': 566, 'reflen': 564, 'guess': [566, 466, 366, 266], 'correct': [512, 365, 233, 127]}
ratio: 1.0035460992890008
{'testlen': 554, 'reflen': 552, 'guess': [554, 454, 354, 254], 'correct': [510, 372, 246, 138]}
ratio: 1.003623188403979
[EPOCH 6 VAL]
time: 34.55 seconds
loss:2.526522 = (1-reg):0.50 * r2l_loss:2.492363 + (reg):0.50 * l2r_loss:2.560681
r2l_scores: {'Bleu_1': 0.9045936395743736, 'Bleu_2': 0.841744405820128, 'Bleu_3': 0.7669112426024586, 'Bleu_4': 0.68122307346896, 'METEOR': 0.4526581570120184, 'ROUGE_L': 0.8245826031765807, 'CIDEr': 1.6227198668495049}
l2r_scores: {'Bleu_1': 0.9205776173268582, 'Bleu_2': 0.8685078520575067, 'Bleu_3': 0.8062934178957556, 'Bleu_4': 0.7305184320797684, 'METEOR': 0.45829854782200274, 'ROUGE_L': 0.8429429638486023, 'CIDEr': 1.6370851442331986}
>> Saving checkpoint to 6.ckpt
>> New best model at epoch 6 | CIDEr: 1.6370851442331986


[EPOCH 7 TRAIN]
time: 111.63 seconds | lr: 0.000100
loss:1.688218 = (1-reg):0.50 * r2l_loss:1.654684 + (reg):0.50 * l2r_loss:1.721752
{'testlen': 580, 'reflen': 581, 'guess': [580, 480, 380, 281], 'correct': [535, 385, 241, 134]}
ratio: 0.9982788296024127
{'testlen': 589, 'reflen': 589, 'guess': [589, 489, 389, 289], 'correct': [536, 388, 255, 147]}
ratio: 0.9999999999983022
[EPOCH 7 VAL]
time: 34.07 seconds
loss:2.472734 = (1-reg):0.50 * r2l_loss:2.454166 + (reg):0.50 * l2r_loss:2.491303
r2l_scores: {'Bleu_1': 0.9208247947112995, 'Bleu_2': 0.8586651892134716, 'Bleu_3': 0.7757303654129268, 'Bleu_4': 0.6865869075591722, 'METEOR': 0.44797617516755156, 'ROUGE_L': 0.8184553136062269, 'CIDEr': 1.536325128691807}
l2r_scores: {'Bleu_1': 0.9100169779256027, 'Bleu_2': 0.8497402314883303, 'Bleu_3': 0.7793292563787949, 'Bleu_4': 0.7004797874652751, 'METEOR': 0.4521205328559137, 'ROUGE_L': 0.8342225180872389, 'CIDEr': 1.5887355736053292}


[EPOCH 8 TRAIN]
time: 104.62 seconds | lr: 0.000100
loss:1.624315 = (1-reg):0.50 * r2l_loss:1.591186 + (reg):0.50 * l2r_loss:1.657444
{'testlen': 547, 'reflen': 548, 'guess': [547, 447, 347, 249], 'correct': [500, 353, 221, 116]}
ratio: 0.9981751824799303
{'testlen': 596, 'reflen': 594, 'guess': [596, 496, 396, 296], 'correct': [541, 392, 253, 145]}
ratio: 1.0033670033653141
[EPOCH 8 VAL]
time: 33.82 seconds
loss:2.448126 = (1-reg):0.50 * r2l_loss:2.436942 + (reg):0.50 * l2r_loss:2.459311
r2l_scores: {'Bleu_1': 0.9124072362763425, 'Bleu_2': 0.8480685794995965, 'Bleu_3': 0.7703893363712062, 'Bleu_4': 0.6790454887433997, 'METEOR': 0.4460980078479402, 'ROUGE_L': 0.8185387286153357, 'CIDEr': 1.4241822248178457}
l2r_scores: {'Bleu_1': 0.9077181208038462, 'Bleu_2': 0.8469888592718475, 'Bleu_3': 0.7710104133427891, 'Bleu_4': 0.6883578280122268, 'METEOR': 0.45290587431271134, 'ROUGE_L': 0.833794843145888, 'CIDEr': 1.5499769818690978}


[EPOCH 9 TRAIN]
time: 102.11 seconds | lr: 0.000100
loss:1.572143 = (1-reg):0.50 * r2l_loss:1.539629 + (reg):0.50 * l2r_loss:1.604658
{'testlen': 570, 'reflen': 570, 'guess': [570, 470, 370, 271], 'correct': [521, 371, 237, 133]}
ratio: 0.9999999999982456
{'testlen': 573, 'reflen': 572, 'guess': [573, 473, 373, 273], 'correct': [521, 383, 253, 149]}
ratio: 1.0017482517465004
[EPOCH 9 VAL]
time: 34.24 seconds
loss:2.436223 = (1-reg):0.50 * r2l_loss:2.423459 + (reg):0.50 * l2r_loss:2.448987
r2l_scores: {'Bleu_1': 0.9140350877160911, 'Bleu_2': 0.8494140878518425, 'Bleu_3': 0.7731465941516584, 'Bleu_4': 0.6901078583983977, 'METEOR': 0.46012569361735683, 'ROUGE_L': 0.8212148400143103, 'CIDEr': 1.5552106327555493}
l2r_scores: {'Bleu_1': 0.9092495636982387, 'Bleu_2': 0.85804559735294, 'Bleu_3': 0.7933731061820237, 'Bleu_4': 0.7225435213770524, 'METEOR': 0.45041243098816336, 'ROUGE_L': 0.8369089341017903, 'CIDEr': 1.6087958885895168}


[EPOCH 10 TRAIN]
time: 103.48 seconds | lr: 0.000100
loss:1.529988 = (1-reg):0.50 * r2l_loss:1.497659 + (reg):0.50 * l2r_loss:1.562318
{'testlen': 573, 'reflen': 571, 'guess': [573, 473, 373, 273], 'correct': [523, 363, 225, 111]}
ratio: 1.0035026269684701
{'testlen': 572, 'reflen': 570, 'guess': [572, 472, 372, 272], 'correct': [519, 370, 236, 126]}
ratio: 1.003508771928064
[EPOCH 10 VAL]
time: 33.10 seconds
loss:2.421705 = (1-reg):0.50 * r2l_loss:2.390798 + (reg):0.50 * l2r_loss:2.452611
r2l_scores: {'Bleu_1': 0.9127399650943931, 'Bleu_2': 0.8369437597183131, 'Bleu_3': 0.750392951162596, 'Bleu_4': 0.6438084052293195, 'METEOR': 0.4406347213059718, 'ROUGE_L': 0.8116601556141266, 'CIDEr': 1.4573363605635064}
l2r_scores: {'Bleu_1': 0.9073426573410711, 'Bleu_2': 0.8433649098813918, 'Bleu_3': 0.7670082569092155, 'Bleu_4': 0.6761615013227015, 'METEOR': 0.4433190155757865, 'ROUGE_L': 0.8229750462038663, 'CIDEr': 1.521693497842428}


[EPOCH 11 TRAIN]
time: 104.32 seconds | lr: 0.000100
loss:1.490914 = (1-reg):0.50 * r2l_loss:1.458408 + (reg):0.50 * l2r_loss:1.523420
{'testlen': 565, 'reflen': 564, 'guess': [565, 465, 365, 266], 'correct': [516, 357, 223, 119]}
ratio: 1.001773049643614
{'testlen': 604, 'reflen': 602, 'guess': [604, 504, 404, 304], 'correct': [548, 395, 263, 148]}
ratio: 1.003322259134546
[EPOCH 11 VAL]
time: 34.07 seconds
loss:2.416050 = (1-reg):0.50 * r2l_loss:2.409162 + (reg):0.50 * l2r_loss:2.422938
r2l_scores: {'Bleu_1': 0.9132743362815694, 'Bleu_2': 0.8373523789678106, 'Bleu_3': 0.7538347818494515, 'Bleu_4': 0.6616426007724959, 'METEOR': 0.44748076890529753, 'ROUGE_L': 0.8120749913732201, 'CIDEr': 1.4679231054328505}
l2r_scores: {'Bleu_1': 0.9072847682104184, 'Bleu_2': 0.84324755285835, 'Bleu_3': 0.7735615129604437, 'Bleu_4': 0.6889983368045769, 'METEOR': 0.44917209967453675, 'ROUGE_L': 0.8270547050826461, 'CIDEr': 1.5239140457167255}


[EPOCH 12 TRAIN]
time: 104.47 seconds | lr: 0.000100
loss:1.457336 = (1-reg):0.50 * r2l_loss:1.425247 + (reg):0.50 * l2r_loss:1.489424
{'testlen': 583, 'reflen': 581, 'guess': [583, 483, 383, 283], 'correct': [531, 379, 242, 131]}
ratio: 1.0034423407900113
{'testlen': 585, 'reflen': 584, 'guess': [585, 485, 385, 285], 'correct': [537, 389, 254, 139]}
ratio: 1.001712328765408
[EPOCH 12 VAL]
time: 33.79 seconds
loss:2.427234 = (1-reg):0.50 * r2l_loss:2.406665 + (reg):0.50 * l2r_loss:2.447802
r2l_scores: {'Bleu_1': 0.910806174955556, 'Bleu_2': 0.8453937305437834, 'Bleu_3': 0.767205214300107, 'Bleu_4': 0.6761684059149974, 'METEOR': 0.4526915688925247, 'ROUGE_L': 0.8147900947940174, 'CIDEr': 1.52540680196913}
l2r_scores: {'Bleu_1': 0.9179487179471488, 'Bleu_2': 0.8580510778066561, 'Bleu_3': 0.7860794142049524, 'Bleu_4': 0.697657556308403, 'METEOR': 0.45898590383891313, 'ROUGE_L': 0.8391349724878937, 'CIDEr': 1.6268431997758896}


[EPOCH 13 TRAIN]
time: 100.87 seconds | lr: 0.000100
loss:1.426681 = (1-reg):0.50 * r2l_loss:1.394070 + (reg):0.50 * l2r_loss:1.459292
{'testlen': 561, 'reflen': 559, 'guess': [561, 461, 361, 263], 'correct': [513, 357, 222, 115]}
ratio: 1.0035778175295107
{'testlen': 587, 'reflen': 586, 'guess': [587, 487, 387, 287], 'correct': [530, 370, 230, 121]}
ratio: 1.0017064846399288
[EPOCH 13 VAL]
time: 33.54 seconds
loss:2.402440 = (1-reg):0.50 * r2l_loss:2.380417 + (reg):0.50 * l2r_loss:2.424463
r2l_scores: {'Bleu_1': 0.9144385026721668, 'Bleu_2': 0.8415131313437606, 'Bleu_3': 0.7579766999391633, 'Bleu_4': 0.6605830330780214, 'METEOR': 0.4449195087146483, 'ROUGE_L': 0.8092329965707193, 'CIDEr': 1.4698453871837283}
l2r_scores: {'Bleu_1': 0.9028960817701824, 'Bleu_2': 0.8282382161048804, 'Bleu_3': 0.7414965489121255, 'Bleu_4': 0.6438841268930121, 'METEOR': 0.45206392695755976, 'ROUGE_L': 0.8181362545507805, 'CIDEr': 1.4950137658155953}


[EPOCH 14 TRAIN]
time: 105.44 seconds | lr: 0.000100
loss:1.397493 = (1-reg):0.50 * r2l_loss:1.364906 + (reg):0.50 * l2r_loss:1.430080
{'testlen': 562, 'reflen': 559, 'guess': [562, 462, 362, 262], 'correct': [510, 358, 227, 119]}
ratio: 1.0053667262951604
{'testlen': 580, 'reflen': 577, 'guess': [580, 480, 380, 280], 'correct': [520, 372, 244, 133]}
ratio: 1.0051993067573568
[EPOCH 14 VAL]
time: 33.62 seconds
loss:2.397130 = (1-reg):0.50 * r2l_loss:2.373941 + (reg):0.50 * l2r_loss:2.420318
r2l_scores: {'Bleu_1': 0.9074733096069262, 'Bleu_2': 0.8385663978163579, 'Bleu_3': 0.7611391590743802, 'Bleu_4': 0.6689743512917271, 'METEOR': 0.44003253502502837, 'ROUGE_L': 0.8146679061299903, 'CIDEr': 1.4905999348291132}
l2r_scores: {'Bleu_1': 0.8965517241363853, 'Bleu_2': 0.833563186689678, 'Bleu_3': 0.7641191679330197, 'Bleu_4': 0.6784912058234801, 'METEOR': 0.4486975404022194, 'ROUGE_L': 0.814017366593147, 'CIDEr': 1.4857747634336347}


[EPOCH 15 TRAIN]
time: 104.05 seconds | lr: 0.000100
loss:1.373167 = (1-reg):0.50 * r2l_loss:1.340855 + (reg):0.50 * l2r_loss:1.405478
{'testlen': 551, 'reflen': 547, 'guess': [551, 451, 351, 253], 'correct': [509, 357, 216, 116]}
ratio: 1.0073126142577562
{'testlen': 578, 'reflen': 575, 'guess': [578, 478, 378, 278], 'correct': [528, 383, 253, 137]}
ratio: 1.0052173913025997
[EPOCH 15 VAL]
time: 33.29 seconds
loss:2.418784 = (1-reg):0.50 * r2l_loss:2.388615 + (reg):0.50 * l2r_loss:2.448953
r2l_scores: {'Bleu_1': 0.9237749546262727, 'Bleu_2': 0.8551236717663617, 'Bleu_3': 0.7663047145228412, 'Bleu_4': 0.673962123703317, 'METEOR': 0.4430277294222432, 'ROUGE_L': 0.8201354730881785, 'CIDEr': 1.5403240595758467}
l2r_scores: {'Bleu_1': 0.9134948096870009, 'Bleu_2': 0.8555363779248066, 'Bleu_3': 0.7883188189356541, 'Bleu_4': 0.7009634341209114, 'METEOR': 0.4459796521002401, 'ROUGE_L': 0.8274296309306604, 'CIDEr': 1.542124485162097}


[EPOCH 16 TRAIN]
time: 105.11 seconds | lr: 0.000100
loss:1.347357 = (1-reg):0.50 * r2l_loss:1.314854 + (reg):0.50 * l2r_loss:1.379861
{'testlen': 576, 'reflen': 574, 'guess': [576, 476, 376, 276], 'correct': [532, 375, 233, 128]}
ratio: 1.003484320555743
{'testlen': 560, 'reflen': 557, 'guess': [560, 460, 360, 260], 'correct': [512, 370, 241, 132]}
ratio: 1.0053859964075307
[EPOCH 16 VAL]
time: 34.03 seconds
loss:2.406652 = (1-reg):0.50 * r2l_loss:2.402455 + (reg):0.50 * l2r_loss:2.410849
r2l_scores: {'Bleu_1': 0.9236111111095077, 'Bleu_2': 0.8530151252579152, 'Bleu_3': 0.766820733015109, 'Bleu_4': 0.676231826708235, 'METEOR': 0.4485716765027426, 'ROUGE_L': 0.8239789773273065, 'CIDEr': 1.6009646776336834}
l2r_scores: {'Bleu_1': 0.9142857142840817, 'Bleu_2': 0.8575568358453932, 'Bleu_3': 0.7896114840490209, 'Bleu_4': 0.7070664617261255, 'METEOR': 0.45302895191261056, 'ROUGE_L': 0.824819082859682, 'CIDEr': 1.5511943570804574}


[EPOCH 17 TRAIN]
time: 106.18 seconds | lr: 0.000100
loss:1.324877 = (1-reg):0.50 * r2l_loss:1.292762 + (reg):0.50 * l2r_loss:1.356993
{'testlen': 573, 'reflen': 572, 'guess': [573, 473, 373, 273], 'correct': [524, 362, 229, 122]}
ratio: 1.0017482517465004
{'testlen': 609, 'reflen': 608, 'guess': [609, 509, 409, 309], 'correct': [559, 400, 258, 145]}
ratio: 1.0016447368404577
[EPOCH 17 VAL]
time: 34.13 seconds
loss:2.418271 = (1-reg):0.50 * r2l_loss:2.401887 + (reg):0.50 * l2r_loss:2.434654
r2l_scores: {'Bleu_1': 0.9144851657924704, 'Bleu_2': 0.8365888025538641, 'Bleu_3': 0.7546001985100839, 'Bleu_4': 0.6619679792666396, 'METEOR': 0.4391369926560711, 'ROUGE_L': 0.818313008880198, 'CIDEr': 1.5568058694248486}
l2r_scores: {'Bleu_1': 0.9178981937587555, 'Bleu_2': 0.849314154717961, 'Bleu_3': 0.7691499935433848, 'Bleu_4': 0.6797679137342246, 'METEOR': 0.45038078570828094, 'ROUGE_L': 0.8281905798856151, 'CIDEr': 1.5058955019056135}


[EPOCH 18 TRAIN]
time: 104.64 seconds | lr: 0.000100
loss:1.303135 = (1-reg):0.50 * r2l_loss:1.271046 + (reg):0.50 * l2r_loss:1.335223
{'testlen': 561, 'reflen': 562, 'guess': [561, 461, 361, 263], 'correct': [514, 370, 240, 127]}
ratio: 0.9982206405676188
{'testlen': 593, 'reflen': 590, 'guess': [593, 493, 393, 293], 'correct': [534, 379, 245, 137]}
ratio: 1.0050847457610084
[EPOCH 18 VAL]
time: 33.75 seconds
loss:2.412911 = (1-reg):0.50 * r2l_loss:2.375277 + (reg):0.50 * l2r_loss:2.450546
r2l_scores: {'Bleu_1': 0.9145892960349429, 'Bleu_2': 0.8560051642031319, 'Bleu_3': 0.7863711198424181, 'Bleu_4': 0.6958075289666159, 'METEOR': 0.4436161799389676, 'ROUGE_L': 0.8119282692652974, 'CIDEr': 1.5798504528388368}
l2r_scores: {'Bleu_1': 0.9005059021907242, 'Bleu_2': 0.8320308458570456, 'Bleu_3': 0.7557023906702535, 'Bleu_4': 0.6702338126431047, 'METEOR': 0.4496445029603124, 'ROUGE_L': 0.8178527230903556, 'CIDEr': 1.5185932642344522}


[EPOCH 19 TRAIN]
time: 103.37 seconds | lr: 0.000050
loss:1.246241 = (1-reg):0.50 * r2l_loss:1.213072 + (reg):0.50 * l2r_loss:1.279409
{'testlen': 579, 'reflen': 576, 'guess': [579, 479, 379, 279], 'correct': [529, 374, 235, 126]}
ratio: 1.0052083333315882
{'testlen': 590, 'reflen': 589, 'guess': [590, 490, 390, 290], 'correct': [534, 380, 235, 127]}
ratio: 1.0016977928675692
[EPOCH 19 VAL]
time: 34.50 seconds
loss:2.395609 = (1-reg):0.50 * r2l_loss:2.381392 + (reg):0.50 * l2r_loss:2.409827
r2l_scores: {'Bleu_1': 0.9136442141607709, 'Bleu_2': 0.8446107379958049, 'Bleu_3': 0.7619280282397118, 'Bleu_4': 0.6685394624241168, 'METEOR': 0.44758241199972004, 'ROUGE_L': 0.816634182505274, 'CIDEr': 1.5744599093943394}
l2r_scores: {'Bleu_1': 0.9050847457611778, 'Bleu_2': 0.837796189950152, 'Bleu_3': 0.7506313045593849, 'Bleu_4': 0.6560265787584394, 'METEOR': 0.446680715053284, 'ROUGE_L': 0.8034642951309747, 'CIDEr': 1.5373387979313673}


[EPOCH 20 TRAIN]
time: 105.04 seconds | lr: 0.000050
loss:1.225759 = (1-reg):0.50 * r2l_loss:1.191708 + (reg):0.50 * l2r_loss:1.259811
{'testlen': 577, 'reflen': 573, 'guess': [577, 477, 377, 277], 'correct': [529, 375, 237, 130]}
ratio: 1.0069808027905638
{'testlen': 576, 'reflen': 572, 'guess': [576, 476, 376, 276], 'correct': [518, 369, 231, 127]}
ratio: 1.0069930069912465
[EPOCH 20 VAL]
time: 33.50 seconds
loss:2.411862 = (1-reg):0.50 * r2l_loss:2.407170 + (reg):0.50 * l2r_loss:2.416555
r2l_scores: {'Bleu_1': 0.9168110918528305, 'Bleu_2': 0.8489778777975949, 'Bleu_3': 0.7680684297021758, 'Bleu_4': 0.679072012459534, 'METEOR': 0.45254546993145217, 'ROUGE_L': 0.827164810740947, 'CIDEr': 1.5849464914046698}
l2r_scores: {'Bleu_1': 0.8993055555539943, 'Bleu_2': 0.8349555289303993, 'Bleu_3': 0.7537898320466607, 'Bleu_4': 0.6662870400730762, 'METEOR': 0.44454034140997195, 'ROUGE_L': 0.8011042639135114, 'CIDEr': 1.5157608094177126}



[BEST: 6 | SEED: 904666 | VAL-CIDEr: 1.6370851442331986]
{'testlen': 3768, 'reflen': 3766, 'guess': [3768, 3098, 2428, 1762], 'correct': [3364, 2321, 1432, 732]}
ratio: 1.0005310674452998
{'testlen': 3782, 'reflen': 3781, 'guess': [3782, 3112, 2442, 1772], 'correct': [3409, 2376, 1527, 828]}
ratio: 1.0002644802959535
time: 133.11 seconds
r2l_scores: {'Bleu_1': 0.8927813163479584, 'Bleu_2': 0.8178420003410997, 'Bleu_3': 0.733405876041243, 'Bleu_4': 0.6362599443421003, 'METEOR': 0.4400230598094307, 'ROUGE_L': 0.8085579898422752, 'CIDEr': 1.2971954211206014}
l2r_scores: {'Bleu_1': 0.9013749338971705, 'Bleu_2': 0.8295759677639226, 'Bleu_3': 0.7549796298337383, 'Bleu_4': 0.6696426098614652, 'METEOR': 0.4535039102785814, 'ROUGE_L': 0.8237787091901506, 'CIDEr': 1.3351678360353134}
----------------------------------------
>> [Train time] Total: 2101.58 seconds => Per epoch: 105.08 seconds
>> [Val time] Total: 673.05 seconds => Per epoch: 33.65 seconds
