Found 1 CUDA device(s)

Device 0: NVIDIA A100-SXM4-40GB
  Total memory bytes: 42296475648
  MultiProcessor count: 108
  Major.Minor: 8.0
  Max threads per block: 2048
  Memory reserved bytes: 0
  Memory allocated bytes: 0
  Free inside reserved bytes: 0
  Active allocations: 0
========================================
MODEL ID: MSRVTT = FEAT newBlip2ClsKF+newMViTv2+newImgCapBlip2KF fsl-13 mcl-20 = Transformer d-512 N_enc-0 N_dec-5 h-8 h_big-8 dp-0.1 = OPTIM lr-0.0001 warmup-3 gamma-0.5 pat-3 wd-5e-06 rg-0.5 = bs-64-gc-5.0-ls-0.15 = 1764642645
Enter the load_video_feats method.
Enter the load_video_feats method.
Enter the load_video_feats method.
#vocabs: 10444 (23046), #words: 1178850 (1194458). Trim words which appear less than 3 times.
{'Total': 72048536, 'Trainable': 72048536}


[EPOCH 1 TRAIN]
time: 283.89 seconds | lr: 0.000033
loss:4.001504 = (1-reg):0.50 * r2l_loss:3.971887 + (reg):0.50 * l2r_loss:4.031121
{'testlen': 2785, 'reflen': 3093, 'guess': [2785, 2288, 1791, 1299], 'correct': [2409, 1424, 705, 283]}
ratio: 0.9004203039117684
{'testlen': 3129, 'reflen': 3341, 'guess': [3129, 2632, 2135, 1638], 'correct': [2679, 1591, 797, 337]}
ratio: 0.9365459443277652
[EPOCH 1 VAL]
time: 103.53 seconds
loss:3.729783 = (1-reg):0.50 * r2l_loss:3.636330 + (reg):0.50 * l2r_loss:3.823236
r2l_scores: {'Bleu_1': 0.7744295312751854, 'Bleu_2': 0.6569057901659802, 'Bleu_3': 0.5337730860723627, 'Bleu_4': 0.4150060246020496, 'METEOR': 0.28130246252347907, 'ROUGE_L': 0.6061072557579105, 'CIDEr': 0.4492501551607239}
l2r_scores: {'Bleu_1': 0.8000963269046939, 'Bleu_2': 0.6722810175975854, 'Bleu_3': 0.5402304862087564, 'Bleu_4': 0.4172603315889192, 'METEOR': 0.2820615240266789, 'ROUGE_L': 0.6104473160081195, 'CIDEr': 0.4106913586852469}
>> Saving checkpoint to 1.ckpt
>> New best model at epoch 1 | CIDEr: 0.4106913586852469


[EPOCH 2 TRAIN]
time: 282.46 seconds | lr: 0.000056
loss:3.315602 = (1-reg):0.50 * r2l_loss:3.280094 + (reg):0.50 * l2r_loss:3.351109
{'testlen': 3004, 'reflen': 3250, 'guess': [3004, 2507, 2010, 1514], 'correct': [2594, 1566, 795, 333]}
ratio: 0.924307692307408
{'testlen': 3193, 'reflen': 3368, 'guess': [3193, 2696, 2199, 1702], 'correct': [2767, 1732, 952, 459]}
ratio: 0.9480403800472245
[EPOCH 2 VAL]
time: 109.69 seconds
loss:3.363706 = (1-reg):0.50 * r2l_loss:3.300350 + (reg):0.50 * l2r_loss:3.427061
r2l_scores: {'Bleu_1': 0.7956193108336288, 'Bleu_2': 0.6766888268856079, 'Bleu_3': 0.5505474873873679, 'Bleu_4': 0.42882934463135486, 'METEOR': 0.29535186054153495, 'ROUGE_L': 0.630423651270009, 'CIDEr': 0.5477559112394866}
l2r_scores: {'Bleu_1': 0.8203660760844228, 'Bleu_2': 0.7063445078229147, 'Bleu_3': 0.5891340246996426, 'Bleu_4': 0.4779948580159321, 'METEOR': 0.30864441906304607, 'ROUGE_L': 0.6417431163363444, 'CIDEr': 0.5408394789575968}
>> Saving checkpoint to 2.ckpt
>> New best model at epoch 2 | CIDEr: 0.5408394789575968


[EPOCH 3 TRAIN]
time: 282.99 seconds | lr: 0.000078
loss:3.024388 = (1-reg):0.50 * r2l_loss:2.991008 + (reg):0.50 * l2r_loss:3.057768
{'testlen': 2981, 'reflen': 3231, 'guess': [2981, 2484, 1987, 1490], 'correct': [2614, 1604, 832, 347]}
ratio: 0.9226245744348739
{'testlen': 3241, 'reflen': 3375, 'guess': [3241, 2744, 2247, 1750], 'correct': [2819, 1782, 973, 466]}
ratio: 0.9602962962960118
[EPOCH 3 VAL]
time: 105.81 seconds
loss:3.140698 = (1-reg):0.50 * r2l_loss:3.098550 + (reg):0.50 * l2r_loss:3.182847
r2l_scores: {'Bleu_1': 0.8063465432274145, 'Bleu_2': 0.6919525451633333, 'Bleu_3': 0.5691395081492009, 'Bleu_4': 0.4457531106855513, 'METEOR': 0.29947157831386667, 'ROUGE_L': 0.6404730954971106, 'CIDEr': 0.5953215796236146}
l2r_scores: {'Bleu_1': 0.8345647263673834, 'Bleu_2': 0.7211303912773862, 'Bleu_3': 0.6000587622836667, 'Bleu_4': 0.4847226328262536, 'METEOR': 0.3153646179748498, 'ROUGE_L': 0.6465046500082617, 'CIDEr': 0.5776139902272197}
>> Saving checkpoint to 3.ckpt
>> New best model at epoch 3 | CIDEr: 0.5776139902272197


[EPOCH 4 TRAIN]
time: 284.33 seconds | lr: 0.000100
loss:2.833856 = (1-reg):0.50 * r2l_loss:2.802081 + (reg):0.50 * l2r_loss:2.865631
{'testlen': 3101, 'reflen': 3309, 'guess': [3101, 2604, 2107, 1610], 'correct': [2667, 1627, 863, 378]}
ratio: 0.9371411302505479
{'testlen': 3278, 'reflen': 3395, 'guess': [3278, 2781, 2284, 1787], 'correct': [2875, 1840, 1016, 487]}
ratio: 0.9655375552279925
[EPOCH 4 VAL]
time: 113.06 seconds
loss:3.028908 = (1-reg):0.50 * r2l_loss:2.987917 + (reg):0.50 * l2r_loss:3.069898
r2l_scores: {'Bleu_1': 0.8042496629319453, 'Bleu_2': 0.6854938287541161, 'Bleu_3': 0.5646001627139393, 'Bleu_4': 0.44585089184402193, 'METEOR': 0.3016459692810851, 'ROUGE_L': 0.6318962495406513, 'CIDEr': 0.6100280899998846}
l2r_scores: {'Bleu_1': 0.8463068303533074, 'Bleu_2': 0.7350583462430683, 'Bleu_3': 0.6143936620525114, 'Bleu_4': 0.496947927742187, 'METEOR': 0.3203514362821231, 'ROUGE_L': 0.6521677549141592, 'CIDEr': 0.6159774034126687}
>> Saving checkpoint to 4.ckpt
>> New best model at epoch 4 | CIDEr: 0.6159774034126687


[EPOCH 5 TRAIN]
time: 292.48 seconds | lr: 0.000100
loss:2.684658 = (1-reg):0.50 * r2l_loss:2.653644 + (reg):0.50 * l2r_loss:2.715672
{'testlen': 3052, 'reflen': 3268, 'guess': [3052, 2555, 2058, 1562], 'correct': [2661, 1657, 867, 367]}
ratio: 0.9339045287634841
{'testlen': 3070, 'reflen': 3261, 'guess': [3070, 2573, 2076, 1579], 'correct': [2736, 1753, 955, 446]}
ratio: 0.9414290095059977
[EPOCH 5 VAL]
time: 112.32 seconds
loss:2.975219 = (1-reg):0.50 * r2l_loss:2.950188 + (reg):0.50 * l2r_loss:3.000249
r2l_scores: {'Bleu_1': 0.812313942488924, 'Bleu_2': 0.7005829065951166, 'Bleu_3': 0.5775445025563006, 'Bleu_4': 0.4531596575893259, 'METEOR': 0.3035527887221024, 'ROUGE_L': 0.63426286971618, 'CIDEr': 0.6201500236613657}
l2r_scores: {'Bleu_1': 0.8374484699843091, 'Bleu_2': 0.732217829274116, 'Bleu_3': 0.6142507081479284, 'Bleu_4': 0.49801511673724286, 'METEOR': 0.3196300428638141, 'ROUGE_L': 0.6506194377353912, 'CIDEr': 0.6224589639119785}
>> Saving checkpoint to 5.ckpt
>> New best model at epoch 5 | CIDEr: 0.6224589639119785


[EPOCH 6 TRAIN]
time: 290.38 seconds | lr: 0.000100
loss:2.575351 = (1-reg):0.50 * r2l_loss:2.544296 + (reg):0.50 * l2r_loss:2.606406
{'testlen': 3079, 'reflen': 3303, 'guess': [3079, 2582, 2085, 1590], 'correct': [2670, 1601, 821, 338]}
ratio: 0.9321828640626908
{'testlen': 3147, 'reflen': 3326, 'guess': [3147, 2650, 2153, 1656], 'correct': [2734, 1744, 972, 451]}
ratio: 0.9461815995186572
[EPOCH 6 VAL]
time: 107.83 seconds
loss:2.930304 = (1-reg):0.50 * r2l_loss:2.909383 + (reg):0.50 * l2r_loss:2.951224
r2l_scores: {'Bleu_1': 0.8063178255655468, 'Bleu_2': 0.681825157970866, 'Bleu_3': 0.5541950086193798, 'Bleu_4': 0.4282802264236482, 'METEOR': 0.293185124187556, 'ROUGE_L': 0.6239241901012113, 'CIDEr': 0.6028451717490513}
l2r_scores: {'Bleu_1': 0.8207280657303871, 'Bleu_2': 0.7143296953770016, 'Bleu_3': 0.6015047398340934, 'Bleu_4': 0.4864438557170564, 'METEOR': 0.3148872111419132, 'ROUGE_L': 0.6454644326064893, 'CIDEr': 0.6213783998511208}


[EPOCH 7 TRAIN]
time: 283.65 seconds | lr: 0.000100
loss:2.488070 = (1-reg):0.50 * r2l_loss:2.457257 + (reg):0.50 * l2r_loss:2.518883
{'testlen': 3244, 'reflen': 3388, 'guess': [3244, 2747, 2250, 1753], 'correct': [2713, 1627, 865, 393]}
ratio: 0.9574970484058567
{'testlen': 3399, 'reflen': 3485, 'guess': [3399, 2902, 2405, 1908], 'correct': [2961, 1906, 1054, 496]}
ratio: 0.9753228120513701
[EPOCH 7 VAL]
time: 119.39 seconds
loss:2.892134 = (1-reg):0.50 * r2l_loss:2.874928 + (reg):0.50 * l2r_loss:2.909341
r2l_scores: {'Bleu_1': 0.8000014450576667, 'Bleu_2': 0.6732412909931025, 'Bleu_3': 0.5503415469763218, 'Bleu_4': 0.4348178252630356, 'METEOR': 0.2986434921658199, 'ROUGE_L': 0.6254713324898444, 'CIDEr': 0.6028559231190376}
l2r_scores: {'Bleu_1': 0.8493739070245065, 'Bleu_2': 0.7375102115496441, 'Bleu_3': 0.6148338353919125, 'Bleu_4': 0.49265972970904365, 'METEOR': 0.31961956222823334, 'ROUGE_L': 0.6551797113897075, 'CIDEr': 0.6328076025430875}
>> Saving checkpoint to 7.ckpt
>> New best model at epoch 7 | CIDEr: 0.6328076025430875


[EPOCH 8 TRAIN]
time: 297.35 seconds | lr: 0.000100
loss:2.415108 = (1-reg):0.50 * r2l_loss:2.383862 + (reg):0.50 * l2r_loss:2.446354
{'testlen': 3423, 'reflen': 3538, 'guess': [3423, 2926, 2429, 1932], 'correct': [2854, 1728, 901, 397]}
ratio: 0.9674957603162896
{'testlen': 3581, 'reflen': 3652, 'guess': [3581, 3084, 2587, 2090], 'correct': [3110, 2012, 1115, 519]}
ratio: 0.9805585980282091
[EPOCH 8 VAL]
time: 115.71 seconds
loss:2.863764 = (1-reg):0.50 * r2l_loss:2.849128 + (reg):0.50 * l2r_loss:2.878401
r2l_scores: {'Bleu_1': 0.8062252563963036, 'Bleu_2': 0.6785276852386555, 'Bleu_3': 0.5486313031971749, 'Bleu_4': 0.42560685681884275, 'METEOR': 0.3012399459922335, 'ROUGE_L': 0.6192384666091929, 'CIDEr': 0.6292070383713959}
l2r_scores: {'Bleu_1': 0.8514229853499445, 'Bleu_2': 0.7379452470305857, 'Bleu_3': 0.6127810694851399, 'Bleu_4': 0.4864986043588158, 'METEOR': 0.32462549601456, 'ROUGE_L': 0.6556756032091433, 'CIDEr': 0.6350419712040885}
>> Saving checkpoint to 8.ckpt
>> New best model at epoch 8 | CIDEr: 0.6350419712040885


[EPOCH 9 TRAIN]
time: 286.49 seconds | lr: 0.000100
loss:2.353040 = (1-reg):0.50 * r2l_loss:2.321867 + (reg):0.50 * l2r_loss:2.384213
{'testlen': 3294, 'reflen': 3423, 'guess': [3294, 2797, 2300, 1803], 'correct': [2763, 1649, 861, 395]}
ratio: 0.962313759859491
{'testlen': 3436, 'reflen': 3526, 'guess': [3436, 2939, 2442, 1945], 'correct': [2964, 1898, 1066, 517]}
ratio: 0.974475326148334
[EPOCH 9 VAL]
time: 112.73 seconds
loss:2.858281 = (1-reg):0.50 * r2l_loss:2.846933 + (reg):0.50 * l2r_loss:2.869629
r2l_scores: {'Bleu_1': 0.8065836244080717, 'Bleu_2': 0.6762150777692765, 'Bleu_3': 0.5480401485637678, 'Bleu_4': 0.43152667937515354, 'METEOR': 0.29828181050796426, 'ROUGE_L': 0.6158367464508963, 'CIDEr': 0.6030843245204621}
l2r_scores: {'Bleu_1': 0.8403292121898054, 'Bleu_2': 0.7270851087039896, 'Bleu_3': 0.6080446720649041, 'Bleu_4': 0.49119106040306665, 'METEOR': 0.3236841146503388, 'ROUGE_L': 0.6518182255603949, 'CIDEr': 0.6301316368180164}


[EPOCH 10 TRAIN]
time: 284.27 seconds | lr: 0.000100
loss:2.297885 = (1-reg):0.50 * r2l_loss:2.267432 + (reg):0.50 * l2r_loss:2.328337
{'testlen': 3324, 'reflen': 3457, 'guess': [3324, 2827, 2330, 1833], 'correct': [2794, 1674, 898, 422]}
ratio: 0.9615273358400458
{'testlen': 3446, 'reflen': 3524, 'guess': [3446, 2949, 2452, 1955], 'correct': [3001, 1942, 1076, 517]}
ratio: 0.9778660612937067
[EPOCH 10 VAL]
time: 117.27 seconds
loss:2.854326 = (1-reg):0.50 * r2l_loss:2.838587 + (reg):0.50 * l2r_loss:2.870065
r2l_scores: {'Bleu_1': 0.8075852555311038, 'Bleu_2': 0.6778295694753876, 'Bleu_3': 0.5541084975915503, 'Bleu_4': 0.4404426357443128, 'METEOR': 0.3015538942461844, 'ROUGE_L': 0.6195640877134516, 'CIDEr': 0.5910814305315459}
l2r_scores: {'Bleu_1': 0.8513742156394604, 'Bleu_2': 0.7403419500414694, 'Bleu_3': 0.6172229953155017, 'Bleu_4': 0.49654654159496187, 'METEOR': 0.326328519029747, 'ROUGE_L': 0.6596788131961593, 'CIDEr': 0.6490606576744623}
>> Saving checkpoint to 10.ckpt
>> New best model at epoch 10 | CIDEr: 0.6490606576744623


[EPOCH 11 TRAIN]
time: 274.17 seconds | lr: 0.000100
loss:2.249191 = (1-reg):0.50 * r2l_loss:2.217832 + (reg):0.50 * l2r_loss:2.280550
{'testlen': 3409, 'reflen': 3531, 'guess': [3409, 2912, 2415, 1919], 'correct': [2861, 1705, 906, 415]}
ratio: 0.9654488813364583
{'testlen': 3410, 'reflen': 3498, 'guess': [3410, 2913, 2416, 1919], 'correct': [2926, 1885, 1021, 486]}
ratio: 0.9748427672953188
[EPOCH 11 VAL]
time: 119.81 seconds
loss:2.837222 = (1-reg):0.50 * r2l_loss:2.826902 + (reg):0.50 * l2r_loss:2.847542
r2l_scores: {'Bleu_1': 0.809745401312513, 'Bleu_2': 0.6763470004618466, 'Bleu_3': 0.5491225487694079, 'Bleu_4': 0.43113139280957613, 'METEOR': 0.2971733194571959, 'ROUGE_L': 0.6106065957054478, 'CIDEr': 0.5890086145468416}
l2r_scores: {'Bleu_1': 0.8362041975243898, 'Bleu_2': 0.7261691701972472, 'Bleu_3': 0.6010799967878963, 'Bleu_4': 0.4811579105911311, 'METEOR': 0.318565222512017, 'ROUGE_L': 0.6462537027790929, 'CIDEr': 0.6137308632915729}


[EPOCH 12 TRAIN]
time: 279.31 seconds | lr: 0.000100
loss:2.205414 = (1-reg):0.50 * r2l_loss:2.174365 + (reg):0.50 * l2r_loss:2.236463
{'testlen': 3351, 'reflen': 3467, 'guess': [3351, 2854, 2357, 1860], 'correct': [2865, 1751, 920, 415]}
ratio: 0.9665416786844631
{'testlen': 3485, 'reflen': 3555, 'guess': [3485, 2988, 2491, 1994], 'correct': [2997, 1889, 990, 450]}
ratio: 0.9803094233471222
[EPOCH 12 VAL]
time: 112.41 seconds
loss:2.841075 = (1-reg):0.50 * r2l_loss:2.835995 + (reg):0.50 * l2r_loss:2.846155
r2l_scores: {'Bleu_1': 0.8258790118335168, 'Bleu_2': 0.6996122719933983, 'Bleu_3': 0.5693374753500448, 'Bleu_4': 0.4465835012348287, 'METEOR': 0.3051660831799771, 'ROUGE_L': 0.6303195145991769, 'CIDEr': 0.60923732609057}
l2r_scores: {'Bleu_1': 0.8428701727296937, 'Bleu_2': 0.7226772571075635, 'Bleu_3': 0.5881331454938646, 'Bleu_4': 0.4605722449656186, 'METEOR': 0.31239217293277766, 'ROUGE_L': 0.6399513960558013, 'CIDEr': 0.5975670947936377}


[EPOCH 13 TRAIN]
time: 282.37 seconds | lr: 0.000100
loss:2.163904 = (1-reg):0.50 * r2l_loss:2.132375 + (reg):0.50 * l2r_loss:2.195433
{'testlen': 3178, 'reflen': 3357, 'guess': [3178, 2681, 2184, 1688], 'correct': [2709, 1634, 858, 381]}
ratio: 0.94667858206704
{'testlen': 3418, 'reflen': 3490, 'guess': [3418, 2921, 2424, 1927], 'correct': [2963, 1888, 1015, 477]}
ratio: 0.9793696275068827
[EPOCH 13 VAL]
time: 109.42 seconds
loss:2.834068 = (1-reg):0.50 * r2l_loss:2.839789 + (reg):0.50 * l2r_loss:2.828348
r2l_scores: {'Bleu_1': 0.8057375276813427, 'Bleu_2': 0.6813082606435358, 'Bleu_3': 0.5565277370193448, 'Bleu_4': 0.437913026111403, 'METEOR': 0.2999378291190407, 'ROUGE_L': 0.6238415031166515, 'CIDEr': 0.6108173095910635}
l2r_scores: {'Bleu_1': 0.8488113954851354, 'Bleu_2': 0.7329369580697302, 'Bleu_3': 0.6039107484518617, 'Bleu_4': 0.4806751136334286, 'METEOR': 0.3170463086722582, 'ROUGE_L': 0.6484698709013367, 'CIDEr': 0.6132214259386011}


[EPOCH 14 TRAIN]
time: 286.24 seconds | lr: 0.000100
loss:2.126495 = (1-reg):0.50 * r2l_loss:2.096016 + (reg):0.50 * l2r_loss:2.156973
{'testlen': 3320, 'reflen': 3435, 'guess': [3320, 2823, 2326, 1829], 'correct': [2845, 1736, 900, 406]}
ratio: 0.9665211062588162
{'testlen': 3518, 'reflen': 3590, 'guess': [3518, 3021, 2524, 2027], 'correct': [3020, 1849, 992, 452]}
ratio: 0.9799442896933204
[EPOCH 14 VAL]
time: 111.76 seconds
loss:2.838025 = (1-reg):0.50 * r2l_loss:2.834907 + (reg):0.50 * l2r_loss:2.841143
r2l_scores: {'Bleu_1': 0.8277531727612424, 'Bleu_2': 0.7012101306783514, 'Bleu_3': 0.5685412019357329, 'Bleu_4': 0.44554205768497235, 'METEOR': 0.3005897354647666, 'ROUGE_L': 0.6250934397399552, 'CIDEr': 0.6100768505753916}
l2r_scores: {'Bleu_1': 0.8410518325260685, 'Bleu_2': 0.7101666938540784, 'Bleu_3': 0.5790972803708545, 'Bleu_4': 0.4538504066794313, 'METEOR': 0.31503653691793443, 'ROUGE_L': 0.6381132087403735, 'CIDEr': 0.5953476339953809}


[EPOCH 15 TRAIN]
time: 286.32 seconds | lr: 0.000100
loss:2.091470 = (1-reg):0.50 * r2l_loss:2.060515 + (reg):0.50 * l2r_loss:2.122425
{'testlen': 3287, 'reflen': 3412, 'guess': [3287, 2790, 2293, 1796], 'correct': [2773, 1677, 881, 407]}
ratio: 0.9633645955448524
{'testlen': 3513, 'reflen': 3582, 'guess': [3513, 3016, 2519, 2022], 'correct': [2991, 1877, 1008, 481]}
ratio: 0.9807370184251868
[EPOCH 15 VAL]
time: 110.48 seconds
loss:2.842660 = (1-reg):0.50 * r2l_loss:2.843897 + (reg):0.50 * l2r_loss:2.841423
r2l_scores: {'Bleu_1': 0.8121468336463967, 'Bleu_2': 0.6855259548604627, 'Bleu_3': 0.5580862845043888, 'Bleu_4': 0.44128496289475894, 'METEOR': 0.29986294033150324, 'ROUGE_L': 0.6152164918354392, 'CIDEr': 0.5928937064074995}
l2r_scores: {'Bleu_1': 0.8348494032127143, 'Bleu_2': 0.7137653762877406, 'Bleu_3': 0.5847062448080793, 'Bleu_4': 0.4646883128734449, 'METEOR': 0.3173006261669977, 'ROUGE_L': 0.6403942081369456, 'CIDEr': 0.6001097083825984}


[EPOCH 16 TRAIN]
time: 283.22 seconds | lr: 0.000100
loss:2.057405 = (1-reg):0.50 * r2l_loss:2.026293 + (reg):0.50 * l2r_loss:2.088517
{'testlen': 3469, 'reflen': 3561, 'guess': [3469, 2972, 2475, 1978], 'correct': [2871, 1704, 906, 422]}
ratio: 0.9741645605164352
{'testlen': 3691, 'reflen': 3712, 'guess': [3691, 3194, 2697, 2200], 'correct': [3098, 1946, 1044, 488]}
ratio: 0.9943426724135253
[EPOCH 16 VAL]
time: 113.56 seconds
loss:2.836894 = (1-reg):0.50 * r2l_loss:2.833496 + (reg):0.50 * l2r_loss:2.840293
r2l_scores: {'Bleu_1': 0.8059556377711841, 'Bleu_2': 0.6708216707163115, 'Bleu_3': 0.543354334280332, 'Bleu_4': 0.42727202007442905, 'METEOR': 0.2964459165662662, 'ROUGE_L': 0.6135144966745718, 'CIDEr': 0.5957312287291181}
l2r_scores: {'Bleu_1': 0.8345770602779811, 'Bleu_2': 0.7110525875762378, 'Bleu_3': 0.5794963299832929, 'Bleu_4': 0.4551657461527042, 'METEOR': 0.31807173360807883, 'ROUGE_L': 0.6372750217350052, 'CIDEr': 0.5876618039309982}



[BEST: 10 | SEED: 904666 | VAL-CIDEr: 0.6490606576744623]
{'testlen': 19900, 'reflen': 20909, 'guess': [19900, 16910, 13920, 10930], 'correct': [16865, 10335, 5490, 2581]}
ratio: 0.9517432684489477
{'testlen': 20621, 'reflen': 21350, 'guess': [20621, 17631, 14641, 11651], 'correct': [17913, 11511, 6286, 3066]}
ratio: 0.9658548009367229
time: 581.35 seconds
r2l_scores: {'Bleu_1': 0.8055880423850021, 'Bleu_2': 0.684116103308597, 'Bleu_3': 0.5598317080744213, 'Bleu_4': 0.4454818511565971, 'METEOR': 0.2977978824750243, 'ROUGE_L': 0.6280525640548393, 'CIDEr': 0.616588069615622}
l2r_scores: {'Bleu_1': 0.8385042924454599, 'Bleu_2': 0.7269324274886558, 'Bleu_3': 0.6027623756939875, 'Bleu_4': 0.4856501314600117, 'METEOR': 0.3166160113639189, 'ROUGE_L': 0.6522325910268848, 'CIDEr': 0.6264976085495229}
----------------------------------------
>> [Train time] Total: 4559.93 seconds => Per epoch: 285.00 seconds
>> [Val time] Total: 1794.77 seconds => Per epoch: 112.17 seconds
