Found 1 CUDA device(s)

Device 0: NVIDIA A100-SXM4-40GB
  Total memory bytes: 42296475648
  MultiProcessor count: 108
  Major.Minor: 8.0
  Max threads per block: 2048
  Memory reserved bytes: 0
  Memory allocated bytes: 0
  Free inside reserved bytes: 0
  Active allocations: 0
========================================
MODEL ID: MSRVTT = FEAT newBlip2ClsKF+newMViTv2+newImgCapBlip2KF fsl-13 mcl-20 = Transformer d-512 N_enc-0 N_dec-5 h-4 h_big-4 dp-0.1 = OPTIM lr-0.0001 warmup-3 gamma-0.5 pat-3 wd-5e-06 rg-0.5 = bs-64-gc-5.0-ls-0.15 = 1764695939
Enter the load_video_feats method.
Enter the load_video_feats method.
Enter the load_video_feats method.
#vocabs: 10444 (23046), #words: 1178850 (1194458). Trim words which appear less than 3 times.
{'Total': 72048536, 'Trainable': 72048536}


[EPOCH 1 TRAIN]
time: 285.49 seconds | lr: 0.000033
loss:4.001137 = (1-reg):0.50 * r2l_loss:3.970325 + (reg):0.50 * l2r_loss:4.031948
{'testlen': 2778, 'reflen': 3085, 'guess': [2778, 2281, 1784, 1291], 'correct': [2417, 1416, 699, 275]}
ratio: 0.900486223662593
{'testlen': 3107, 'reflen': 3315, 'guess': [3107, 2610, 2113, 1616], 'correct': [2644, 1580, 794, 327]}
ratio: 0.9372549019605015
[EPOCH 1 VAL]
time: 100.86 seconds
loss:3.729790 = (1-reg):0.50 * r2l_loss:3.630579 + (reg):0.50 * l2r_loss:3.829001
r2l_scores: {'Bleu_1': 0.7790225378808534, 'Bleu_2': 0.658031679006599, 'Bleu_3': 0.5335730030611647, 'Bleu_4': 0.4125707190459843, 'METEOR': 0.2809384922792953, 'ROUGE_L': 0.6091245286889118, 'CIDEr': 0.4519538861962325}
l2r_scores: {'Bleu_1': 0.795877248770491, 'Bleu_2': 0.671265428929202, 'Bleu_3': 0.5410181312398703, 'Bleu_4': 0.4160705118217419, 'METEOR': 0.2784509870918283, 'ROUGE_L': 0.606158848568726, 'CIDEr': 0.4115149187527151}
>> Saving checkpoint to 1.ckpt
>> New best model at epoch 1 | CIDEr: 0.4115149187527151


[EPOCH 2 TRAIN]
time: 287.22 seconds | lr: 0.000056
loss:3.317042 = (1-reg):0.50 * r2l_loss:3.281405 + (reg):0.50 * l2r_loss:3.352680
{'testlen': 2993, 'reflen': 3241, 'guess': [2993, 2496, 1999, 1503], 'correct': [2568, 1561, 788, 320]}
ratio: 0.9234804072814182
{'testlen': 3176, 'reflen': 3358, 'guess': [3176, 2679, 2182, 1685], 'correct': [2739, 1705, 924, 447]}
ratio: 0.9458010720664247
[EPOCH 2 VAL]
time: 104.12 seconds
loss:3.361884 = (1-reg):0.50 * r2l_loss:3.300795 + (reg):0.50 * l2r_loss:3.422973
r2l_scores: {'Bleu_1': 0.7897736846213438, 'Bleu_2': 0.674275948519004, 'Bleu_3': 0.5484466300896966, 'Bleu_4': 0.4240354031088593, 'METEOR': 0.2903700731967672, 'ROUGE_L': 0.6259062433157561, 'CIDEr': 0.5356816957068951}
l2r_scores: {'Bleu_1': 0.8143749121323977, 'Bleu_2': 0.6995913834138205, 'Bleu_3': 0.5805945998273244, 'Bleu_4': 0.47055442357598126, 'METEOR': 0.30674862350717813, 'ROUGE_L': 0.6369181770314596, 'CIDEr': 0.5522060027563213}
>> Saving checkpoint to 2.ckpt
>> New best model at epoch 2 | CIDEr: 0.5522060027563213


[EPOCH 3 TRAIN]
time: 273.52 seconds | lr: 0.000078
loss:3.029397 = (1-reg):0.50 * r2l_loss:2.995718 + (reg):0.50 * l2r_loss:3.063077
{'testlen': 2959, 'reflen': 3216, 'guess': [2959, 2462, 1965, 1468], 'correct': [2593, 1576, 820, 340]}
ratio: 0.9200870646763308
{'testlen': 3214, 'reflen': 3368, 'guess': [3214, 2717, 2220, 1723], 'correct': [2788, 1735, 927, 432]}
ratio: 0.9542755344415219
[EPOCH 3 VAL]
time: 103.46 seconds
loss:3.151118 = (1-reg):0.50 * r2l_loss:3.108106 + (reg):0.50 * l2r_loss:3.194131
r2l_scores: {'Bleu_1': 0.8034104630800781, 'Bleu_2': 0.686661645429898, 'Bleu_3': 0.5650309922174955, 'Bleu_4': 0.4423972315997549, 'METEOR': 0.2961138437374067, 'ROUGE_L': 0.6371478433980442, 'CIDEr': 0.6000490285045195}
l2r_scores: {'Bleu_1': 0.8268705344241055, 'Bleu_2': 0.7094454177069137, 'Bleu_3': 0.5851292180946018, 'Bleu_4': 0.4677740342253825, 'METEOR': 0.30920558957619015, 'ROUGE_L': 0.6427050738522634, 'CIDEr': 0.560710576011594}
>> Saving checkpoint to 3.ckpt
>> New best model at epoch 3 | CIDEr: 0.560710576011594


[EPOCH 4 TRAIN]
time: 286.76 seconds | lr: 0.000100
loss:2.841936 = (1-reg):0.50 * r2l_loss:2.809194 + (reg):0.50 * l2r_loss:2.874679
{'testlen': 3131, 'reflen': 3347, 'guess': [3131, 2634, 2137, 1642], 'correct': [2671, 1620, 867, 382]}
ratio: 0.9354645951595651
{'testlen': 3295, 'reflen': 3439, 'guess': [3295, 2798, 2301, 1804], 'correct': [2879, 1802, 977, 471]}
ratio: 0.95812736260513
[EPOCH 4 VAL]
time: 108.83 seconds
loss:3.039164 = (1-reg):0.50 * r2l_loss:2.999019 + (reg):0.50 * l2r_loss:3.079308
r2l_scores: {'Bleu_1': 0.7962141854510134, 'Bleu_2': 0.676058258754584, 'Bleu_3': 0.5572806584289975, 'Bleu_4': 0.4402889669883698, 'METEOR': 0.29832642427532874, 'ROUGE_L': 0.6306826112816578, 'CIDEr': 0.6138796208047443}
l2r_scores: {'Bleu_1': 0.8363854262220256, 'Bleu_2': 0.7180701474142255, 'Bleu_3': 0.5939874921714886, 'Bleu_4': 0.47839223428374117, 'METEOR': 0.3117798155774644, 'ROUGE_L': 0.646208271604467, 'CIDEr': 0.5970601416461614}
>> Saving checkpoint to 4.ckpt
>> New best model at epoch 4 | CIDEr: 0.5970601416461614


[EPOCH 5 TRAIN]
time: 285.64 seconds | lr: 0.000100
loss:2.695883 = (1-reg):0.50 * r2l_loss:2.663917 + (reg):0.50 * l2r_loss:2.727848
{'testlen': 3045, 'reflen': 3283, 'guess': [3045, 2548, 2051, 1558], 'correct': [2674, 1687, 882, 361]}
ratio: 0.9275053304901226
{'testlen': 3085, 'reflen': 3262, 'guess': [3085, 2588, 2091, 1594], 'correct': [2754, 1759, 968, 458]}
ratio: 0.9457388105453876
[EPOCH 5 VAL]
time: 104.76 seconds
loss:2.993479 = (1-reg):0.50 * r2l_loss:2.959341 + (reg):0.50 * l2r_loss:3.027617
r2l_scores: {'Bleu_1': 0.8121369121406902, 'Bleu_2': 0.7051800647033025, 'Bleu_3': 0.5826208741655812, 'Bleu_4': 0.4537203448510947, 'METEOR': 0.299070997208031, 'ROUGE_L': 0.6354994122491906, 'CIDEr': 0.6221102177395155}
l2r_scores: {'Bleu_1': 0.8429297571767649, 'Bleu_2': 0.7355086515553346, 'Bleu_3': 0.6183862692765859, 'Bleu_4': 0.503280174974696, 'METEOR': 0.31718448982175723, 'ROUGE_L': 0.658598097638525, 'CIDEr': 0.6201786929636517}
>> Saving checkpoint to 5.ckpt
>> New best model at epoch 5 | CIDEr: 0.6201786929636517


[EPOCH 6 TRAIN]
time: 287.20 seconds | lr: 0.000100
loss:2.588662 = (1-reg):0.50 * r2l_loss:2.556284 + (reg):0.50 * l2r_loss:2.621039
{'testlen': 3177, 'reflen': 3362, 'guess': [3177, 2680, 2183, 1686], 'correct': [2748, 1661, 848, 347]}
ratio: 0.944973230219826
{'testlen': 3184, 'reflen': 3339, 'guess': [3184, 2687, 2190, 1693], 'correct': [2769, 1758, 949, 438]}
ratio: 0.9535789158427812
[EPOCH 6 VAL]
time: 107.78 seconds
loss:2.940371 = (1-reg):0.50 * r2l_loss:2.913800 + (reg):0.50 * l2r_loss:2.966941
r2l_scores: {'Bleu_1': 0.8160374613978078, 'Bleu_2': 0.6907609189099504, 'Bleu_3': 0.5592028876983909, 'Bleu_4': 0.42926222847119494, 'METEOR': 0.29060694335655785, 'ROUGE_L': 0.629044012548211, 'CIDEr': 0.6082866966404209}
l2r_scores: {'Bleu_1': 0.8283388838503856, 'Bleu_2': 0.7184701051718734, 'Bleu_3': 0.5972633758411365, 'Bleu_4': 0.4786777484014235, 'METEOR': 0.31721521865946206, 'ROUGE_L': 0.6531955819187116, 'CIDEr': 0.6130729086423938}


[EPOCH 7 TRAIN]
time: 276.06 seconds | lr: 0.000100
loss:2.503596 = (1-reg):0.50 * r2l_loss:2.471605 + (reg):0.50 * l2r_loss:2.535588
{'testlen': 3235, 'reflen': 3402, 'guess': [3235, 2738, 2241, 1744], 'correct': [2732, 1640, 869, 394]}
ratio: 0.9509112286887269
{'testlen': 3375, 'reflen': 3498, 'guess': [3375, 2878, 2381, 1884], 'correct': [2935, 1858, 1015, 482]}
ratio: 0.9648370497424343
[EPOCH 7 VAL]
time: 110.73 seconds
loss:2.903958 = (1-reg):0.50 * r2l_loss:2.878026 + (reg):0.50 * l2r_loss:2.929889
r2l_scores: {'Bleu_1': 0.8020231060040757, 'Bleu_2': 0.675443267905645, 'Bleu_3': 0.5517962123408915, 'Bleu_4': 0.4357291241660584, 'METEOR': 0.2967028242281767, 'ROUGE_L': 0.6244620844669648, 'CIDEr': 0.6112892058747534}
l2r_scores: {'Bleu_1': 0.8385070285288119, 'Bleu_2': 0.7224653172138433, 'Bleu_3': 0.5986472759478765, 'Bleu_4': 0.4796372316324391, 'METEOR': 0.3216986797872964, 'ROUGE_L': 0.6540112577127413, 'CIDEr': 0.6503237079212731}
>> Saving checkpoint to 7.ckpt
>> New best model at epoch 7 | CIDEr: 0.6503237079212731


[EPOCH 8 TRAIN]
time: 286.03 seconds | lr: 0.000100
loss:2.432274 = (1-reg):0.50 * r2l_loss:2.400041 + (reg):0.50 * l2r_loss:2.464508
{'testlen': 3345, 'reflen': 3479, 'guess': [3345, 2848, 2351, 1854], 'correct': [2805, 1681, 866, 364]}
ratio: 0.9614831848229487
{'testlen': 3443, 'reflen': 3557, 'guess': [3443, 2946, 2449, 1952], 'correct': [2970, 1881, 1013, 472]}
ratio: 0.9679505201009367
[EPOCH 8 VAL]
time: 111.99 seconds
loss:2.875866 = (1-reg):0.50 * r2l_loss:2.852450 + (reg):0.50 * l2r_loss:2.899283
r2l_scores: {'Bleu_1': 0.8056362465633149, 'Bleu_2': 0.675903180305137, 'Bleu_3': 0.5447687233005448, 'Bleu_4': 0.4178857877745366, 'METEOR': 0.2939967233647575, 'ROUGE_L': 0.6137333758646684, 'CIDEr': 0.6145926629205213}
l2r_scores: {'Bleu_1': 0.8345255736686729, 'Bleu_2': 0.7179727531299036, 'Bleu_3': 0.5908613784618101, 'Bleu_4': 0.46868904726772553, 'METEOR': 0.31837243733949594, 'ROUGE_L': 0.6481619694976695, 'CIDEr': 0.6089501924958717}


[EPOCH 9 TRAIN]
time: 282.89 seconds | lr: 0.000100
loss:2.371772 = (1-reg):0.50 * r2l_loss:2.339560 + (reg):0.50 * l2r_loss:2.403985
{'testlen': 3168, 'reflen': 3332, 'guess': [3168, 2671, 2174, 1677], 'correct': [2674, 1580, 825, 368]}
ratio: 0.9507803121245646
{'testlen': 3304, 'reflen': 3411, 'guess': [3304, 2807, 2310, 1813], 'correct': [2870, 1826, 999, 469]}
ratio: 0.968630900029033
[EPOCH 9 VAL]
time: 108.32 seconds
loss:2.865349 = (1-reg):0.50 * r2l_loss:2.846175 + (reg):0.50 * l2r_loss:2.884523
r2l_scores: {'Bleu_1': 0.8014820745662252, 'Bleu_2': 0.6709610321767766, 'Bleu_3': 0.545383753084867, 'Bleu_4': 0.42878020945710477, 'METEOR': 0.29403376188176245, 'ROUGE_L': 0.6140230320322726, 'CIDEr': 0.6038564390346455}
l2r_scores: {'Bleu_1': 0.8409636739812328, 'Bleu_2': 0.7277554857384801, 'Bleu_3': 0.6052757680278578, 'Bleu_4': 0.48544783645334877, 'METEOR': 0.3159201318402566, 'ROUGE_L': 0.6518141823436109, 'CIDEr': 0.6238194647126595}


[EPOCH 10 TRAIN]
time: 282.76 seconds | lr: 0.000100
loss:2.317857 = (1-reg):0.50 * r2l_loss:2.286663 + (reg):0.50 * l2r_loss:2.349052
{'testlen': 3212, 'reflen': 3376, 'guess': [3212, 2715, 2218, 1721], 'correct': [2720, 1612, 822, 365]}
ratio: 0.9514218009475854
{'testlen': 3357, 'reflen': 3455, 'guess': [3357, 2860, 2363, 1866], 'correct': [2949, 1897, 1042, 485]}
ratio: 0.9716353111429894
[EPOCH 10 VAL]
time: 108.33 seconds
loss:2.855462 = (1-reg):0.50 * r2l_loss:2.842121 + (reg):0.50 * l2r_loss:2.868804
r2l_scores: {'Bleu_1': 0.8046720738074191, 'Bleu_2': 0.6737826869040834, 'Bleu_3': 0.5427400173281767, 'Bleu_4': 0.42367054569556994, 'METEOR': 0.29769532385215824, 'ROUGE_L': 0.6242592776408247, 'CIDEr': 0.5948844597580405}
l2r_scores: {'Bleu_1': 0.8531888851066527, 'Bleu_2': 0.7413684879353191, 'Bleu_3': 0.6174446044406423, 'Bleu_4': 0.4937265298127515, 'METEOR': 0.3186128717240295, 'ROUGE_L': 0.6558931796637786, 'CIDEr': 0.6535662174773872}
>> Saving checkpoint to 10.ckpt
>> New best model at epoch 10 | CIDEr: 0.6535662174773872


[EPOCH 11 TRAIN]
time: 275.65 seconds | lr: 0.000100
loss:2.270611 = (1-reg):0.50 * r2l_loss:2.239043 + (reg):0.50 * l2r_loss:2.302180
{'testlen': 3347, 'reflen': 3477, 'guess': [3347, 2850, 2353, 1857], 'correct': [2798, 1674, 887, 404]}
ratio: 0.9626114466491336
{'testlen': 3333, 'reflen': 3452, 'guess': [3333, 2836, 2339, 1842], 'correct': [2872, 1838, 1012, 481]}
ratio: 0.965527230590682
[EPOCH 11 VAL]
time: 111.76 seconds
loss:2.837908 = (1-reg):0.50 * r2l_loss:2.823423 + (reg):0.50 * l2r_loss:2.852392
r2l_scores: {'Bleu_1': 0.8041252013138596, 'Bleu_2': 0.6740358112834601, 'Bleu_3': 0.54819251748329, 'Bleu_4': 0.4308986284235497, 'METEOR': 0.29317336250996684, 'ROUGE_L': 0.6083431012194976, 'CIDEr': 0.6075226306177847}
l2r_scores: {'Bleu_1': 0.8314636325251786, 'Bleu_2': 0.7210881151179364, 'Bleu_3': 0.6009989327561504, 'Bleu_4': 0.4836071045246083, 'METEOR': 0.31670760522801733, 'ROUGE_L': 0.6439585856598772, 'CIDEr': 0.620110988612996}


[EPOCH 12 TRAIN]
time: 284.80 seconds | lr: 0.000100
loss:2.228436 = (1-reg):0.50 * r2l_loss:2.196901 + (reg):0.50 * l2r_loss:2.259971
{'testlen': 3377, 'reflen': 3505, 'guess': [3377, 2880, 2383, 1886], 'correct': [2906, 1768, 938, 429]}
ratio: 0.9634807417971574
{'testlen': 3501, 'reflen': 3591, 'guess': [3501, 3004, 2507, 2010], 'correct': [3031, 1938, 1046, 478]}
ratio: 0.9749373433581245
[EPOCH 12 VAL]
time: 111.24 seconds
loss:2.837335 = (1-reg):0.50 * r2l_loss:2.829865 + (reg):0.50 * l2r_loss:2.844805
r2l_scores: {'Bleu_1': 0.8285205480871399, 'Bleu_2': 0.6997870407620747, 'Bleu_3': 0.5704047156157804, 'Bleu_4': 0.44900472888805953, 'METEOR': 0.30497500052222715, 'ROUGE_L': 0.6335754251474279, 'CIDEr': 0.6401953711295556}
l2r_scores: {'Bleu_1': 0.843780419443527, 'Bleu_2': 0.7283824152442679, 'Bleu_3': 0.5997597142892798, 'Bleu_4': 0.47287878705726527, 'METEOR': 0.3191467321893986, 'ROUGE_L': 0.6489221612075584, 'CIDEr': 0.6286472526967821}


[EPOCH 13 TRAIN]
time: 286.34 seconds | lr: 0.000100
loss:2.187614 = (1-reg):0.50 * r2l_loss:2.155682 + (reg):0.50 * l2r_loss:2.219547
{'testlen': 3188, 'reflen': 3347, 'guess': [3188, 2691, 2194, 1697], 'correct': [2688, 1593, 817, 350]}
ratio: 0.9524947714368233
{'testlen': 3411, 'reflen': 3511, 'guess': [3411, 2914, 2417, 1920], 'correct': [2967, 1917, 1057, 519]}
ratio: 0.9715180860151035
[EPOCH 13 VAL]
time: 109.85 seconds
loss:2.831190 = (1-reg):0.50 * r2l_loss:2.836409 + (reg):0.50 * l2r_loss:2.825971
r2l_scores: {'Bleu_1': 0.8021410066909738, 'Bleu_2': 0.6721191692226939, 'Bleu_3': 0.5429242682980412, 'Bleu_4': 0.420955252966663, 'METEOR': 0.28881996221911366, 'ROUGE_L': 0.6119456602673102, 'CIDEr': 0.5941486599635811}
l2r_scores: {'Bleu_1': 0.8447022521926761, 'Bleu_2': 0.7346018562019977, 'Bleu_3': 0.6119605152695207, 'Bleu_4': 0.4952517739444567, 'METEOR': 0.32253277738146374, 'ROUGE_L': 0.6535058988723659, 'CIDEr': 0.6369361785688539}


[EPOCH 14 TRAIN]
time: 291.21 seconds | lr: 0.000100
loss:2.151329 = (1-reg):0.50 * r2l_loss:2.120090 + (reg):0.50 * l2r_loss:2.182567
{'testlen': 3233, 'reflen': 3373, 'guess': [3233, 2736, 2239, 1742], 'correct': [2794, 1701, 906, 412]}
ratio: 0.9584939223240562
{'testlen': 3408, 'reflen': 3510, 'guess': [3408, 2911, 2414, 1917], 'correct': [2956, 1873, 1012, 469]}
ratio: 0.9709401709398944
[EPOCH 14 VAL]
time: 109.57 seconds
loss:2.833068 = (1-reg):0.50 * r2l_loss:2.829366 + (reg):0.50 * l2r_loss:2.836769
r2l_scores: {'Bleu_1': 0.827588133838718, 'Bleu_2': 0.701936808442418, 'Bleu_3': 0.5758215290977555, 'Bleu_4': 0.4560123237511715, 'METEOR': 0.30032039524646637, 'ROUGE_L': 0.6276229891944843, 'CIDEr': 0.6222371385610115}
l2r_scores: {'Bleu_1': 0.8417954873741429, 'Bleu_2': 0.7250232896003493, 'Bleu_3': 0.5980208194743722, 'Bleu_4': 0.4747066850389532, 'METEOR': 0.3212552359848102, 'ROUGE_L': 0.6440996908311035, 'CIDEr': 0.6045823287723582}


[EPOCH 15 TRAIN]
time: 283.34 seconds | lr: 0.000100
loss:2.117247 = (1-reg):0.50 * r2l_loss:2.085346 + (reg):0.50 * l2r_loss:2.149148
{'testlen': 3264, 'reflen': 3423, 'guess': [3264, 2767, 2270, 1773], 'correct': [2771, 1682, 880, 384]}
ratio: 0.9535495179664173
{'testlen': 3403, 'reflen': 3512, 'guess': [3403, 2906, 2409, 1912], 'correct': [2916, 1821, 980, 459]}
ratio: 0.9689635535304758
[EPOCH 15 VAL]
time: 112.84 seconds
loss:2.833962 = (1-reg):0.50 * r2l_loss:2.829910 + (reg):0.50 * l2r_loss:2.838014
r2l_scores: {'Bleu_1': 0.8085939478616566, 'Bleu_2': 0.6842199213931373, 'Bleu_3': 0.5570541983285779, 'Bleu_4': 0.43454998438342207, 'METEOR': 0.29779257961442285, 'ROUGE_L': 0.6225839178076654, 'CIDEr': 0.6139419826157234}
l2r_scores: {'Bleu_1': 0.8298791902987492, 'Bleu_2': 0.7096745926934919, 'Bleu_3': 0.5832647065826275, 'Bleu_4': 0.4634499065319377, 'METEOR': 0.3147495195929729, 'ROUGE_L': 0.6407331313768826, 'CIDEr': 0.6226255964615872}


[EPOCH 16 TRAIN]
time: 286.92 seconds | lr: 0.000100
loss:2.085011 = (1-reg):0.50 * r2l_loss:2.053020 + (reg):0.50 * l2r_loss:2.117001
{'testlen': 3439, 'reflen': 3532, 'guess': [3439, 2942, 2445, 1948], 'correct': [2856, 1697, 892, 394]}
ratio: 0.9736693091729972
{'testlen': 3690, 'reflen': 3716, 'guess': [3690, 3193, 2696, 2199], 'correct': [3091, 1937, 1056, 493]}
ratio: 0.9930032292785271
[EPOCH 16 VAL]
time: 114.47 seconds
loss:2.828335 = (1-reg):0.50 * r2l_loss:2.824009 + (reg):0.50 * l2r_loss:2.832660
r2l_scores: {'Bleu_1': 0.8083166271323439, 'Bleu_2': 0.673655850234879, 'Bleu_3': 0.544175789210476, 'Bleu_4': 0.4220317263836985, 'METEOR': 0.29653998317366753, 'ROUGE_L': 0.6136646492882385, 'CIDEr': 0.5976741448004688}
l2r_scores: {'Bleu_1': 0.8317878444211633, 'Bleu_2': 0.7078505942935843, 'Bleu_3': 0.5797699756650432, 'Bleu_4': 0.4563858761952376, 'METEOR': 0.31915928197231885, 'ROUGE_L': 0.6441191988216357, 'CIDEr': 0.6043040021348934}



[BEST: 10 | SEED: 904666 | VAL-CIDEr: 0.6535662174773872]
{'testlen': 19711, 'reflen': 20732, 'guess': [19711, 16721, 13731, 10742], 'correct': [16741, 10171, 5354, 2497]}
ratio: 0.9507524599652252
{'testlen': 20028, 'reflen': 20873, 'guess': [20028, 17038, 14048, 11058], 'correct': [17438, 11134, 6014, 2841]}
ratio: 0.9595170794806228
time: 580.26 seconds
r2l_scores: {'Bleu_1': 0.8064490615781297, 'Bleu_2': 0.6824821158643978, 'Bleu_3': 0.5566142461774087, 'Bleu_4': 0.44169769958022026, 'METEOR': 0.2972004848378313, 'ROUGE_L': 0.6272047794396565, 'CIDEr': 0.6133078381456111}
l2r_scores: {'Bleu_1': 0.834710355326594, 'Bleu_2': 0.7231402875152111, 'Bleu_3': 0.5987197489284953, 'Bleu_4': 0.47949659498257485, 'METEOR': 0.3127628023905183, 'ROUGE_L': 0.6506916656931226, 'CIDEr': 0.6190433106277269}
----------------------------------------
>> [Train time] Total: 4541.83 seconds => Per epoch: 283.86 seconds
>> [Val time] Total: 1738.91 seconds => Per epoch: 108.68 seconds
