Found 1 CUDA device(s)

Device 0: NVIDIA A100-SXM4-40GB
  Total memory bytes: 42296475648
  MultiProcessor count: 108
  Major.Minor: 8.0
  Max threads per block: 2048
  Memory reserved bytes: 0
  Memory allocated bytes: 0
  Free inside reserved bytes: 0
  Active allocations: 0
========================================
MODEL ID: MSRVTT = FEAT newBlip2ClsKF+newMViTv2+newImgCapBlip2KF fsl-13 mcl-20 = Transformer d-512 N_enc-0 N_dec-3 h-64 h_big-64 dp-0.1 = OPTIM lr-0.0001 warmup-3 gamma-0.5 pat-3 wd-5e-06 rg-0.5 = bs-64-gc-5.0-ls-0.15 = 1764677510
Enter the load_video_feats method.
Enter the load_video_feats method.
Enter the load_video_feats method.
#vocabs: 10444 (23046), #words: 1178850 (1194458). Trim words which appear less than 3 times.
{'Total': 53114776, 'Trainable': 53114776}


[EPOCH 1 TRAIN]
time: 194.44 seconds | lr: 0.000033
loss:3.920243 = (1-reg):0.50 * r2l_loss:3.915808 + (reg):0.50 * l2r_loss:3.924677
{'testlen': 2843, 'reflen': 3146, 'guess': [2843, 2346, 1849, 1360], 'correct': [2453, 1433, 706, 274]}
ratio: 0.9036872218687528
{'testlen': 3182, 'reflen': 3356, 'guess': [3182, 2685, 2188, 1691], 'correct': [2753, 1645, 835, 369]}
ratio: 0.9481525625742109
[EPOCH 1 VAL]
time: 75.98 seconds
loss:3.510927 = (1-reg):0.50 * r2l_loss:3.467275 + (reg):0.50 * l2r_loss:3.554580
r2l_scores: {'Bleu_1': 0.7755943608685191, 'Bleu_2': 0.6525794444135082, 'Bleu_3': 0.5267641064607519, 'Bleu_4': 0.4033606546020227, 'METEOR': 0.2782887813456069, 'ROUGE_L': 0.6064422991405791, 'CIDEr': 0.4672898485456192}
l2r_scores: {'Bleu_1': 0.8191391614014881, 'Bleu_2': 0.6893114257758886, 'Bleu_3': 0.5557855549699001, 'Bleu_4': 0.4339743329369083, 'METEOR': 0.2923655269617155, 'ROUGE_L': 0.620494710563203, 'CIDEr': 0.45786435964416405}
>> Saving checkpoint to 1.ckpt
>> New best model at epoch 1 | CIDEr: 0.45786435964416405


[EPOCH 2 TRAIN]
time: 192.10 seconds | lr: 0.000056
loss:3.236644 = (1-reg):0.50 * r2l_loss:3.224944 + (reg):0.50 * l2r_loss:3.248345
{'testlen': 2963, 'reflen': 3210, 'guess': [2963, 2466, 1969, 1472], 'correct': [2600, 1589, 815, 335]}
ratio: 0.9230529595012701
{'testlen': 3034, 'reflen': 3247, 'guess': [3034, 2537, 2040, 1543], 'correct': [2696, 1691, 916, 421]}
ratio: 0.9344009855248123
[EPOCH 2 VAL]
time: 77.32 seconds
loss:3.184884 = (1-reg):0.50 * r2l_loss:3.143105 + (reg):0.50 * l2r_loss:3.226663
r2l_scores: {'Bleu_1': 0.8073061767039628, 'Bleu_2': 0.6918036348103196, 'Bleu_3': 0.5669673503708943, 'Bleu_4': 0.44197930185379947, 'METEOR': 0.2947027836026388, 'ROUGE_L': 0.6379057019079484, 'CIDEr': 0.555906467090453}
l2r_scores: {'Bleu_1': 0.8283520460506315, 'Bleu_2': 0.7174214605547203, 'Bleu_3': 0.5994802649295023, 'Bleu_4': 0.48382451489179973, 'METEOR': 0.30868535324651164, 'ROUGE_L': 0.6446768289564733, 'CIDEr': 0.5491847389091387}
>> Saving checkpoint to 2.ckpt
>> New best model at epoch 2 | CIDEr: 0.5491847389091387


[EPOCH 3 TRAIN]
time: 194.71 seconds | lr: 0.000078
loss:2.948606 = (1-reg):0.50 * r2l_loss:2.935458 + (reg):0.50 * l2r_loss:2.961755
{'testlen': 3010, 'reflen': 3256, 'guess': [3010, 2513, 2016, 1519], 'correct': [2623, 1604, 835, 336]}
ratio: 0.9244471744468905
{'testlen': 3088, 'reflen': 3279, 'guess': [3088, 2591, 2094, 1597], 'correct': [2750, 1731, 920, 419]}
ratio: 0.9417505336990114
[EPOCH 3 VAL]
time: 81.18 seconds
loss:2.997457 = (1-reg):0.50 * r2l_loss:2.984366 + (reg):0.50 * l2r_loss:3.010548
r2l_scores: {'Bleu_1': 0.8030414458330399, 'Bleu_2': 0.6872709708524818, 'Bleu_3': 0.5649188130582903, 'Bleu_4': 0.43783597797789525, 'METEOR': 0.2977284993153631, 'ROUGE_L': 0.6353694274830585, 'CIDEr': 0.6051073783128628}
l2r_scores: {'Bleu_1': 0.8371307131138412, 'Bleu_2': 0.7250707776541399, 'Bleu_3': 0.6010398618981612, 'Bleu_4': 0.48104887370948324, 'METEOR': 0.31515136128662674, 'ROUGE_L': 0.6553864420475037, 'CIDEr': 0.584494087080695}
>> Saving checkpoint to 3.ckpt
>> New best model at epoch 3 | CIDEr: 0.584494087080695


[EPOCH 4 TRAIN]
time: 195.55 seconds | lr: 0.000100
loss:2.757792 = (1-reg):0.50 * r2l_loss:2.742853 + (reg):0.50 * l2r_loss:2.772730
{'testlen': 3117, 'reflen': 3329, 'guess': [3117, 2620, 2123, 1627], 'correct': [2657, 1584, 809, 332]}
ratio: 0.9363172123758077
{'testlen': 3320, 'reflen': 3452, 'guess': [3320, 2823, 2326, 1829], 'correct': [2940, 1858, 1004, 479]}
ratio: 0.9617612977980992
[EPOCH 4 VAL]
time: 81.70 seconds
loss:2.906259 = (1-reg):0.50 * r2l_loss:2.886270 + (reg):0.50 * l2r_loss:2.926248
r2l_scores: {'Bleu_1': 0.7963731272467583, 'Bleu_2': 0.6706812478552228, 'Bleu_3': 0.5430388486408791, 'Bleu_4': 0.41799998745389705, 'METEOR': 0.29396351942563154, 'ROUGE_L': 0.6182656042490298, 'CIDEr': 0.599126026572916}
l2r_scores: {'Bleu_1': 0.8510246050512922, 'Bleu_2': 0.7336770075876621, 'Bleu_3': 0.6066742522755176, 'Bleu_4': 0.4868894251737093, 'METEOR': 0.31866057057036346, 'ROUGE_L': 0.6444423768938261, 'CIDEr': 0.6198355819424872}
>> Saving checkpoint to 4.ckpt
>> New best model at epoch 4 | CIDEr: 0.6198355819424872


[EPOCH 5 TRAIN]
time: 195.84 seconds | lr: 0.000100
loss:2.606374 = (1-reg):0.50 * r2l_loss:2.588331 + (reg):0.50 * l2r_loss:2.624417
{'testlen': 3126, 'reflen': 3318, 'guess': [3126, 2629, 2132, 1635], 'correct': [2698, 1633, 838, 361]}
ratio: 0.9421338155512531
{'testlen': 3258, 'reflen': 3381, 'guess': [3258, 2761, 2264, 1767], 'correct': [2873, 1778, 926, 422]}
ratio: 0.963620230700691
[EPOCH 5 VAL]
time: 79.07 seconds
loss:2.838941 = (1-reg):0.50 * r2l_loss:2.822583 + (reg):0.50 * l2r_loss:2.855298
r2l_scores: {'Bleu_1': 0.811668056590006, 'Bleu_2': 0.6885726490764689, 'Bleu_3': 0.5596209259477721, 'Bleu_4': 0.43676636992997636, 'METEOR': 0.29662073952264606, 'ROUGE_L': 0.6171693436525476, 'CIDEr': 0.5939932762585072}
l2r_scores: {'Bleu_1': 0.8491580472729967, 'Bleu_2': 0.7256528940500129, 'Bleu_3': 0.591923347488388, 'Bleu_4': 0.4673250639286734, 'METEOR': 0.31991038056949245, 'ROUGE_L': 0.6446101165522309, 'CIDEr': 0.6119052647039759}


[EPOCH 6 TRAIN]
time: 195.61 seconds | lr: 0.000100
loss:2.493578 = (1-reg):0.50 * r2l_loss:2.473471 + (reg):0.50 * l2r_loss:2.513685
{'testlen': 3132, 'reflen': 3325, 'guess': [3132, 2635, 2138, 1642], 'correct': [2699, 1618, 823, 342]}
ratio: 0.9419548872177618
{'testlen': 3398, 'reflen': 3500, 'guess': [3398, 2901, 2404, 1907], 'correct': [3007, 1922, 1050, 505]}
ratio: 0.9708571428568654
[EPOCH 6 VAL]
time: 82.08 seconds
loss:2.819870 = (1-reg):0.50 * r2l_loss:2.811569 + (reg):0.50 * l2r_loss:2.828172
r2l_scores: {'Bleu_1': 0.8102500211254637, 'Bleu_2': 0.6839548512244739, 'Bleu_3': 0.5532163083609464, 'Bleu_4': 0.42672093405971195, 'METEOR': 0.2947940070816447, 'ROUGE_L': 0.6240372705922143, 'CIDEr': 0.6007386832763687}
l2r_scores: {'Bleu_1': 0.8587634470620698, 'Bleu_2': 0.7430556675716846, 'Bleu_3': 0.616245382702355, 'Bleu_4': 0.4952121644896728, 'METEOR': 0.3257295966060085, 'ROUGE_L': 0.6557791203243244, 'CIDEr': 0.6370601941140492}
>> Saving checkpoint to 6.ckpt
>> New best model at epoch 6 | CIDEr: 0.6370601941140492


[EPOCH 7 TRAIN]
time: 189.60 seconds | lr: 0.000100
loss:2.403499 = (1-reg):0.50 * r2l_loss:2.381837 + (reg):0.50 * l2r_loss:2.425161
{'testlen': 3277, 'reflen': 3429, 'guess': [3277, 2780, 2283, 1786], 'correct': [2836, 1715, 904, 410]}
ratio: 0.9556722076404329
{'testlen': 3380, 'reflen': 3481, 'guess': [3380, 2883, 2386, 1889], 'correct': [2949, 1863, 1016, 475]}
ratio: 0.9709853490373539
[EPOCH 7 VAL]
time: 83.07 seconds
loss:2.793087 = (1-reg):0.50 * r2l_loss:2.790613 + (reg):0.50 * l2r_loss:2.795561
r2l_scores: {'Bleu_1': 0.8262006240042266, 'Bleu_2': 0.6975579461857331, 'Bleu_3': 0.5687127232182584, 'Bleu_4': 0.44808379945485527, 'METEOR': 0.30260903963772395, 'ROUGE_L': 0.6327807378986295, 'CIDEr': 0.6194662922344584}
l2r_scores: {'Bleu_1': 0.846799579355857, 'Bleu_2': 0.7287619743082538, 'Bleu_3': 0.6032153888800746, 'Bleu_4': 0.4810889287174569, 'METEOR': 0.32197530123792684, 'ROUGE_L': 0.6486648405492427, 'CIDEr': 0.6336482982120321}


[EPOCH 8 TRAIN]
time: 189.51 seconds | lr: 0.000100
loss:2.328880 = (1-reg):0.50 * r2l_loss:2.306261 + (reg):0.50 * l2r_loss:2.351499
{'testlen': 3230, 'reflen': 3387, 'guess': [3230, 2733, 2236, 1739], 'correct': [2773, 1673, 887, 401]}
ratio: 0.9536462946557562
{'testlen': 3286, 'reflen': 3412, 'guess': [3286, 2789, 2292, 1795], 'correct': [2852, 1775, 920, 401]}
ratio: 0.9630715123092136
[EPOCH 8 VAL]
time: 81.48 seconds
loss:2.780522 = (1-reg):0.50 * r2l_loss:2.777579 + (reg):0.50 * l2r_loss:2.783465
r2l_scores: {'Bleu_1': 0.817782245185989, 'Bleu_2': 0.6905452756466187, 'Bleu_3': 0.5648183821788593, 'Bleu_4': 0.44603136256359477, 'METEOR': 0.2980423029112056, 'ROUGE_L': 0.624929218445916, 'CIDEr': 0.607286436621726}
l2r_scores: {'Bleu_1': 0.8352743803831321, 'Bleu_2': 0.7152586215878138, 'Bleu_3': 0.582481592262227, 'Bleu_4': 0.45401315171227435, 'METEOR': 0.3142914864058105, 'ROUGE_L': 0.6349656413881879, 'CIDEr': 0.5954314572809228}


[EPOCH 9 TRAIN]
time: 189.77 seconds | lr: 0.000100
loss:2.265167 = (1-reg):0.50 * r2l_loss:2.242064 + (reg):0.50 * l2r_loss:2.288270
{'testlen': 3216, 'reflen': 3387, 'guess': [3216, 2719, 2222, 1725], 'correct': [2754, 1647, 845, 369]}
ratio: 0.9495128432238118
{'testlen': 3297, 'reflen': 3405, 'guess': [3297, 2800, 2303, 1806], 'correct': [2931, 1870, 1027, 484]}
ratio: 0.9682819383257069
[EPOCH 9 VAL]
time: 81.95 seconds
loss:2.773556 = (1-reg):0.50 * r2l_loss:2.777272 + (reg):0.50 * l2r_loss:2.769839
r2l_scores: {'Bleu_1': 0.8119994689672246, 'Bleu_2': 0.6829265438082603, 'Bleu_3': 0.551979349041867, 'Bleu_4': 0.4297623853561402, 'METEOR': 0.2986998282854365, 'ROUGE_L': 0.6220157841037903, 'CIDEr': 0.5980440335877419}
l2r_scores: {'Bleu_1': 0.8603410881590271, 'Bleu_2': 0.745699782426152, 'Bleu_3': 0.621430803955849, 'Bleu_4': 0.4994821070169514, 'METEOR': 0.3251444425922414, 'ROUGE_L': 0.6559503656806518, 'CIDEr': 0.6412470447185652}
>> Saving checkpoint to 9.ckpt
>> New best model at epoch 9 | CIDEr: 0.6412470447185652


[EPOCH 10 TRAIN]
time: 191.14 seconds | lr: 0.000100
loss:2.207890 = (1-reg):0.50 * r2l_loss:2.184137 + (reg):0.50 * l2r_loss:2.231643
{'testlen': 3327, 'reflen': 3467, 'guess': [3327, 2830, 2333, 1836], 'correct': [2858, 1713, 889, 402]}
ratio: 0.95961926737786
{'testlen': 3453, 'reflen': 3543, 'guess': [3453, 2956, 2459, 1962], 'correct': [2959, 1807, 971, 462]}
ratio: 0.9745977984755928
[EPOCH 10 VAL]
time: 84.13 seconds
loss:2.774435 = (1-reg):0.50 * r2l_loss:2.773646 + (reg):0.50 * l2r_loss:2.775223
r2l_scores: {'Bleu_1': 0.8236341260710989, 'Bleu_2': 0.6913772496253038, 'Bleu_3': 0.5589599612708944, 'Bleu_4': 0.43757761459204175, 'METEOR': 0.29898040364353023, 'ROUGE_L': 0.6218355101154043, 'CIDEr': 0.6035225145980065}
l2r_scores: {'Bleu_1': 0.8348891337401378, 'Bleu_2': 0.7051499454851318, 'Bleu_3': 0.5761930631397063, 'Bleu_4': 0.457701006732064, 'METEOR': 0.3107344796768245, 'ROUGE_L': 0.6275180209466862, 'CIDEr': 0.5708796741681688}


[EPOCH 11 TRAIN]
time: 187.97 seconds | lr: 0.000100
loss:2.156730 = (1-reg):0.50 * r2l_loss:2.132135 + (reg):0.50 * l2r_loss:2.181324
{'testlen': 3229, 'reflen': 3370, 'guess': [3229, 2732, 2235, 1738], 'correct': [2780, 1641, 832, 363]}
ratio: 0.9581602373884397
{'testlen': 3464, 'reflen': 3543, 'guess': [3464, 2967, 2470, 1973], 'correct': [3007, 1875, 985, 437]}
ratio: 0.9777025119952081
[EPOCH 11 VAL]
time: 83.32 seconds
loss:2.771819 = (1-reg):0.50 * r2l_loss:2.783664 + (reg):0.50 * l2r_loss:2.759975
r2l_scores: {'Bleu_1': 0.8241618619384817, 'Bleu_2': 0.6883955928148098, 'Bleu_3': 0.5527378964068796, 'Bleu_4': 0.4286596301991782, 'METEOR': 0.29254860366661783, 'ROUGE_L': 0.6150140507978595, 'CIDEr': 0.5835532935042718}
l2r_scores: {'Bleu_1': 0.8484983903923975, 'Bleu_2': 0.7239609033809268, 'Bleu_3': 0.5889634272007078, 'Bleu_4': 0.45859435326978465, 'METEOR': 0.3143166609778266, 'ROUGE_L': 0.6355411048288528, 'CIDEr': 0.6004729299107957}


[EPOCH 12 TRAIN]
time: 190.43 seconds | lr: 0.000100
loss:2.110390 = (1-reg):0.50 * r2l_loss:2.085784 + (reg):0.50 * l2r_loss:2.134997
{'testlen': 3184, 'reflen': 3349, 'guess': [3184, 2687, 2190, 1693], 'correct': [2743, 1641, 850, 374]}
ratio: 0.9507315616599132
{'testlen': 3417, 'reflen': 3505, 'guess': [3417, 2920, 2423, 1926], 'correct': [3003, 1904, 1038, 470]}
ratio: 0.9748930099854565
[EPOCH 12 VAL]
time: 82.77 seconds
loss:2.777880 = (1-reg):0.50 * r2l_loss:2.783586 + (reg):0.50 * l2r_loss:2.772175
r2l_scores: {'Bleu_1': 0.8179879577477679, 'Bleu_2': 0.6887173014732884, 'Bleu_3': 0.5591353962220849, 'Bleu_4': 0.4375875337999769, 'METEOR': 0.29867291782186883, 'ROUGE_L': 0.620631798682881, 'CIDEr': 0.5985299285058657}
l2r_scores: {'Bleu_1': 0.8564967385135819, 'Bleu_2': 0.7377557161983336, 'Bleu_3': 0.6102317808398607, 'Bleu_4': 0.4821535295013753, 'METEOR': 0.32491845456317586, 'ROUGE_L': 0.6600639583692133, 'CIDEr': 0.6355548987106461}


[EPOCH 13 TRAIN]
time: 193.20 seconds | lr: 0.000100
loss:2.067667 = (1-reg):0.50 * r2l_loss:2.043140 + (reg):0.50 * l2r_loss:2.092194
{'testlen': 3215, 'reflen': 3369, 'guess': [3215, 2718, 2221, 1724], 'correct': [2731, 1595, 817, 358]}
ratio: 0.9542891065595268
{'testlen': 3453, 'reflen': 3532, 'guess': [3453, 2956, 2459, 1962], 'correct': [2968, 1843, 989, 477]}
ratio: 0.9776330690823959
[EPOCH 13 VAL]
time: 84.06 seconds
loss:2.780965 = (1-reg):0.50 * r2l_loss:2.792043 + (reg):0.50 * l2r_loss:2.769887
r2l_scores: {'Bleu_1': 0.8097254966629065, 'Bleu_2': 0.673012407157876, 'Bleu_3': 0.5415504366132328, 'Bleu_4': 0.421080274080391, 'METEOR': 0.29070896976904803, 'ROUGE_L': 0.6097563010315235, 'CIDEr': 0.5684772695100005}
l2r_scores: {'Bleu_1': 0.8401005017642281, 'Bleu_2': 0.7154973633827665, 'Bleu_3': 0.5860112066532045, 'Bleu_4': 0.4676277406362657, 'METEOR': 0.312288300569322, 'ROUGE_L': 0.6386084999763053, 'CIDEr': 0.6168903510610191}


[EPOCH 14 TRAIN]
time: 195.57 seconds | lr: 0.000100
loss:2.027977 = (1-reg):0.50 * r2l_loss:2.003837 + (reg):0.50 * l2r_loss:2.052117
{'testlen': 3344, 'reflen': 3466, 'guess': [3344, 2847, 2350, 1853], 'correct': [2816, 1628, 839, 377]}
ratio: 0.9648009232541936
{'testlen': 3544, 'reflen': 3620, 'guess': [3544, 3047, 2550, 2053], 'correct': [3043, 1896, 1018, 494]}
ratio: 0.979005524861608
[EPOCH 14 VAL]
time: 84.90 seconds
loss:2.784956 = (1-reg):0.50 * r2l_loss:2.794804 + (reg):0.50 * l2r_loss:2.775109
r2l_scores: {'Bleu_1': 0.8119362022897842, 'Bleu_2': 0.6690709622140982, 'Bleu_3': 0.5361232753520091, 'Bleu_4': 0.4169690886465548, 'METEOR': 0.2915218495511157, 'ROUGE_L': 0.6062923746092047, 'CIDEr': 0.5643971182330008}
l2r_scores: {'Bleu_1': 0.8404171888123813, 'Bleu_2': 0.7154408704654021, 'Bleu_3': 0.5848088357745356, 'Bleu_4': 0.4658720073238962, 'METEOR': 0.3146627989125808, 'ROUGE_L': 0.637671900840027, 'CIDEr': 0.6084409112987761}


[EPOCH 15 TRAIN]
time: 197.12 seconds | lr: 0.000100
loss:1.990557 = (1-reg):0.50 * r2l_loss:1.965576 + (reg):0.50 * l2r_loss:2.015538
{'testlen': 3254, 'reflen': 3410, 'guess': [3254, 2757, 2260, 1763], 'correct': [2804, 1688, 889, 394]}
ratio: 0.9542521994132099
{'testlen': 3556, 'reflen': 3622, 'guess': [3556, 3059, 2562, 2065], 'correct': [3076, 1918, 1031, 483]}
ratio: 0.9817780231913358
[EPOCH 15 VAL]
time: 85.23 seconds
loss:2.798502 = (1-reg):0.50 * r2l_loss:2.809379 + (reg):0.50 * l2r_loss:2.787624
r2l_scores: {'Bleu_1': 0.8213721074848859, 'Bleu_2': 0.6923529684133499, 'Bleu_3': 0.5643423509275298, 'Bleu_4': 0.44234674122761414, 'METEOR': 0.29888087459663926, 'ROUGE_L': 0.6274204188330534, 'CIDEr': 0.5871161255567575}
l2r_scores: {'Bleu_1': 0.8491100771705258, 'Bleu_2': 0.7229133894174855, 'Bleu_3': 0.5910131777996519, 'Bleu_4': 0.4665943719943934, 'METEOR': 0.3242038612003023, 'ROUGE_L': 0.6483183234798098, 'CIDEr': 0.6244601582087442}


[EPOCH 16 TRAIN]
time: 198.05 seconds | lr: 0.000050
loss:1.905710 = (1-reg):0.50 * r2l_loss:1.880278 + (reg):0.50 * l2r_loss:1.931143
{'testlen': 3283, 'reflen': 3410, 'guess': [3283, 2786, 2289, 1792], 'correct': [2815, 1654, 841, 364]}
ratio: 0.9627565982401869
{'testlen': 3538, 'reflen': 3595, 'guess': [3538, 3041, 2544, 2047], 'correct': [3052, 1861, 992, 470]}
ratio: 0.9841446453404773
[EPOCH 16 VAL]
time: 82.40 seconds
loss:2.802652 = (1-reg):0.50 * r2l_loss:2.812196 + (reg):0.50 * l2r_loss:2.793107
r2l_scores: {'Bleu_1': 0.824911222691101, 'Bleu_2': 0.686405335131469, 'Bleu_3': 0.5501786498489166, 'Bleu_4': 0.42473550678777217, 'METEOR': 0.2894963804606112, 'ROUGE_L': 0.6095805926860031, 'CIDEr': 0.5598965655650038}
l2r_scores: {'Bleu_1': 0.8488478841158867, 'Bleu_2': 0.7149595911664545, 'Bleu_3': 0.5810144176322469, 'Bleu_4': 0.4588132784583268, 'METEOR': 0.3188019838055926, 'ROUGE_L': 0.6407518113096158, 'CIDEr': 0.6106284732974142}



[BEST: 9 | SEED: 904666 | VAL-CIDEr: 0.6412470447185652]
{'testlen': 19811, 'reflen': 20796, 'guess': [19811, 16821, 13831, 10841], 'correct': [16909, 10283, 5454, 2549]}
ratio: 0.9526351221388271
{'testlen': 19770, 'reflen': 20679, 'guess': [19770, 16780, 13790, 10800], 'correct': [17349, 11020, 5981, 2787]}
ratio: 0.9560423618162892
time: 417.43 seconds
r2l_scores: {'Bleu_1': 0.8121167510757403, 'Bleu_2': 0.6873005919360672, 'Bleu_3': 0.5617209782562784, 'Bleu_4': 0.4462388122758058, 'METEOR': 0.2991219239756501, 'ROUGE_L': 0.6283593435459186, 'CIDEr': 0.6185050229963744}
l2r_scores: {'Bleu_1': 0.838106980436914, 'Bleu_2': 0.7250373639179559, 'Bleu_3': 0.6016177818687849, 'Bleu_4': 0.4813120352861054, 'METEOR': 0.3150631706079459, 'ROUGE_L': 0.6553084170553125, 'CIDEr': 0.6329980753497462}
----------------------------------------
>> [Train time] Total: 3090.60 seconds => Per epoch: 193.16 seconds
>> [Val time] Total: 1310.64 seconds => Per epoch: 81.92 seconds
