Found 1 CUDA device(s)

Device 0: NVIDIA A100-SXM4-40GB
  Total memory bytes: 42296475648
  MultiProcessor count: 108
  Major.Minor: 8.0
  Max threads per block: 2048
  Memory reserved bytes: 0
  Memory allocated bytes: 0
  Free inside reserved bytes: 0
  Active allocations: 0
========================================
MODEL ID: MSRVTT = FEAT newBlip2ClsKF+newMViTv2+newImgCapBlip2KF fsl-13 mcl-20 = Transformer d-512 N_enc-0 N_dec-3 h-32 h_big-32 dp-0.1 = OPTIM lr-0.0001 warmup-3 gamma-0.5 pat-3 wd-5e-06 rg-0.5 = bs-64-gc-5.0-ls-0.15 = 1764677439
Enter the load_video_feats method.
Enter the load_video_feats method.
Enter the load_video_feats method.
#vocabs: 10444 (23046), #words: 1178850 (1194458). Trim words which appear less than 3 times.
{'Total': 53114776, 'Trainable': 53114776}


[EPOCH 1 TRAIN]
time: 192.66 seconds | lr: 0.000033
loss:3.916657 = (1-reg):0.50 * r2l_loss:3.911243 + (reg):0.50 * l2r_loss:3.922071
{'testlen': 2841, 'reflen': 3144, 'guess': [2841, 2344, 1847, 1359], 'correct': [2468, 1435, 696, 272]}
ratio: 0.9036259541981859
{'testlen': 3249, 'reflen': 3414, 'guess': [3249, 2752, 2255, 1758], 'correct': [2790, 1676, 837, 365]}
ratio: 0.9516695957817951
[EPOCH 1 VAL]
time: 78.64 seconds
loss:3.504815 = (1-reg):0.50 * r2l_loss:3.462516 + (reg):0.50 * l2r_loss:3.547115
r2l_scores: {'Bleu_1': 0.7808278437748143, 'Bleu_2': 0.6554891050213614, 'Bleu_3': 0.525998965215658, 'Bleu_4': 0.40225029534354345, 'METEOR': 0.28178773346593894, 'ROUGE_L': 0.608621804114056, 'CIDEr': 0.4742964524116357}
l2r_scores: {'Bleu_1': 0.8162043571133886, 'Bleu_2': 0.6873603163435017, 'Bleu_3': 0.5503395778614931, 'Bleu_4': 0.42587060281116923, 'METEOR': 0.2925348856502635, 'ROUGE_L': 0.6207549189152425, 'CIDEr': 0.46057545505464137}
>> Saving checkpoint to 1.ckpt
>> New best model at epoch 1 | CIDEr: 0.46057545505464137


[EPOCH 2 TRAIN]
time: 186.76 seconds | lr: 0.000056
loss:3.233475 = (1-reg):0.50 * r2l_loss:3.220063 + (reg):0.50 * l2r_loss:3.246887
{'testlen': 2998, 'reflen': 3243, 'guess': [2998, 2501, 2004, 1509], 'correct': [2603, 1609, 851, 360]}
ratio: 0.9244526672830945
{'testlen': 3064, 'reflen': 3267, 'guess': [3064, 2567, 2070, 1573], 'correct': [2702, 1702, 911, 421]}
ratio: 0.9378634833177417
[EPOCH 2 VAL]
time: 79.31 seconds
loss:3.179794 = (1-reg):0.50 * r2l_loss:3.140126 + (reg):0.50 * l2r_loss:3.219461
r2l_scores: {'Bleu_1': 0.800113312195181, 'Bleu_2': 0.68873380926612, 'Bleu_3': 0.5704459943783554, 'Bleu_4': 0.44946042237407147, 'METEOR': 0.300080942117991, 'ROUGE_L': 0.6388187457646988, 'CIDEr': 0.5714790338721214}
l2r_scores: {'Bleu_1': 0.8253214963201718, 'Bleu_2': 0.7156352238440098, 'Bleu_3': 0.5952773259044463, 'Bleu_4': 0.47944025099192666, 'METEOR': 0.3076135535794676, 'ROUGE_L': 0.6418711398028725, 'CIDEr': 0.5404492731647137}
>> Saving checkpoint to 2.ckpt
>> New best model at epoch 2 | CIDEr: 0.5404492731647137


[EPOCH 3 TRAIN]
time: 189.91 seconds | lr: 0.000078
loss:2.946301 = (1-reg):0.50 * r2l_loss:2.931011 + (reg):0.50 * l2r_loss:2.961591
{'testlen': 2981, 'reflen': 3233, 'guess': [2981, 2484, 1987, 1490], 'correct': [2603, 1578, 802, 324]}
ratio: 0.9220538199811562
{'testlen': 3089, 'reflen': 3307, 'guess': [3089, 2592, 2095, 1598], 'correct': [2743, 1733, 921, 419]}
ratio: 0.934079225884205
[EPOCH 3 VAL]
time: 80.74 seconds
loss:2.990282 = (1-reg):0.50 * r2l_loss:2.970454 + (reg):0.50 * l2r_loss:3.010111
r2l_scores: {'Bleu_1': 0.8024148147210054, 'Bleu_2': 0.6844166181109054, 'Bleu_3': 0.5580007462991823, 'Bleu_4': 0.4316556768609182, 'METEOR': 0.30024549221834035, 'ROUGE_L': 0.6371190086043184, 'CIDEr': 0.6100642234177109}
l2r_scores: {'Bleu_1': 0.8274817693647043, 'Bleu_2': 0.7180195471650489, 'Bleu_3': 0.5955243965082476, 'Bleu_4': 0.4766192885280833, 'METEOR': 0.3107358415320251, 'ROUGE_L': 0.647532096264372, 'CIDEr': 0.5864832453556047}
>> Saving checkpoint to 3.ckpt
>> New best model at epoch 3 | CIDEr: 0.5864832453556047


[EPOCH 4 TRAIN]
time: 194.68 seconds | lr: 0.000100
loss:2.756887 = (1-reg):0.50 * r2l_loss:2.740767 + (reg):0.50 * l2r_loss:2.773008
{'testlen': 3207, 'reflen': 3398, 'guess': [3207, 2710, 2213, 1722], 'correct': [2687, 1590, 815, 360]}
ratio: 0.9437904649791219
{'testlen': 3339, 'reflen': 3466, 'guess': [3339, 2842, 2345, 1848], 'correct': [2946, 1859, 1007, 477]}
ratio: 0.9633583381416725
[EPOCH 4 VAL]
time: 82.85 seconds
loss:2.903327 = (1-reg):0.50 * r2l_loss:2.888530 + (reg):0.50 * l2r_loss:2.918124
r2l_scores: {'Bleu_1': 0.7894112933088242, 'Bleu_2': 0.6605913743193, 'Bleu_3': 0.5329979518886208, 'Bleu_4': 0.41557092092462194, 'METEOR': 0.29128315295100377, 'ROUGE_L': 0.6083272764712225, 'CIDEr': 0.5880590712152473}
l2r_scores: {'Bleu_1': 0.8493716969848826, 'Bleu_2': 0.7313365548374143, 'Bleu_3': 0.6046919904633243, 'Bleu_4': 0.4841446427495461, 'METEOR': 0.31943715622810837, 'ROUGE_L': 0.6505695263841856, 'CIDEr': 0.6265275780784229}
>> Saving checkpoint to 4.ckpt
>> New best model at epoch 4 | CIDEr: 0.6265275780784229


[EPOCH 5 TRAIN]
time: 183.52 seconds | lr: 0.000100
loss:2.606692 = (1-reg):0.50 * r2l_loss:2.588843 + (reg):0.50 * l2r_loss:2.624541
{'testlen': 3113, 'reflen': 3318, 'guess': [3113, 2616, 2119, 1623], 'correct': [2693, 1628, 844, 369]}
ratio: 0.9382157926458896
{'testlen': 3297, 'reflen': 3423, 'guess': [3297, 2800, 2303, 1806], 'correct': [2920, 1842, 984, 451]}
ratio: 0.9631901840487984
[EPOCH 5 VAL]
time: 82.38 seconds
loss:2.837164 = (1-reg):0.50 * r2l_loss:2.824809 + (reg):0.50 * l2r_loss:2.849519
r2l_scores: {'Bleu_1': 0.8099490353057264, 'Bleu_2': 0.686969422239516, 'Bleu_3': 0.5603967237464752, 'Bleu_4': 0.4399453858954197, 'METEOR': 0.2943546470916277, 'ROUGE_L': 0.6205228970182818, 'CIDEr': 0.5977776245857661}
l2r_scores: {'Bleu_1': 0.8524455794200103, 'Bleu_2': 0.734683875177513, 'Bleu_3': 0.6054825692199192, 'Bleu_4': 0.4806086936854156, 'METEOR': 0.3180751256389062, 'ROUGE_L': 0.6519538107652, 'CIDEr': 0.6188909258677812}


[EPOCH 6 TRAIN]
time: 185.05 seconds | lr: 0.000100
loss:2.495899 = (1-reg):0.50 * r2l_loss:2.475652 + (reg):0.50 * l2r_loss:2.516145
{'testlen': 3280, 'reflen': 3433, 'guess': [3280, 2783, 2286, 1789], 'correct': [2775, 1662, 854, 358]}
ratio: 0.9554325662682914
{'testlen': 3411, 'reflen': 3517, 'guess': [3411, 2914, 2417, 1920], 'correct': [3007, 1918, 1050, 500]}
ratio: 0.969860676712832
[EPOCH 6 VAL]
time: 84.72 seconds
loss:2.809908 = (1-reg):0.50 * r2l_loss:2.798841 + (reg):0.50 * l2r_loss:2.820976
r2l_scores: {'Bleu_1': 0.807478365122925, 'Bleu_2': 0.6784146687854634, 'Bleu_3': 0.5474838153376541, 'Bleu_4': 0.4207577007217501, 'METEOR': 0.2961863452500285, 'ROUGE_L': 0.6233211402837503, 'CIDEr': 0.5934377430070834}
l2r_scores: {'Bleu_1': 0.854585664657686, 'Bleu_2': 0.7384299055174999, 'Bleu_3': 0.6123668873787793, 'Bleu_4': 0.4906840507182283, 'METEOR': 0.32502370092757915, 'ROUGE_L': 0.6563014994157559, 'CIDEr': 0.650563618408321}
>> Saving checkpoint to 6.ckpt
>> New best model at epoch 6 | CIDEr: 0.650563618408321


[EPOCH 7 TRAIN]
time: 192.85 seconds | lr: 0.000100
loss:2.407037 = (1-reg):0.50 * r2l_loss:2.385388 + (reg):0.50 * l2r_loss:2.428686
{'testlen': 3159, 'reflen': 3346, 'guess': [3159, 2662, 2165, 1668], 'correct': [2743, 1658, 858, 392]}
ratio: 0.9441123729823837
{'testlen': 3284, 'reflen': 3407, 'guess': [3284, 2787, 2290, 1793], 'correct': [2861, 1807, 959, 443]}
ratio: 0.9638978573522267
[EPOCH 7 VAL]
time: 81.43 seconds
loss:2.790031 = (1-reg):0.50 * r2l_loss:2.788914 + (reg):0.50 * l2r_loss:2.791148
r2l_scores: {'Bleu_1': 0.8184039335629314, 'Bleu_2': 0.6931350408407961, 'Bleu_3': 0.5640516504999699, 'Bleu_4': 0.44651344712137464, 'METEOR': 0.3021411548320253, 'ROUGE_L': 0.6243323836465572, 'CIDEr': 0.6110121465771963}
l2r_scores: {'Bleu_1': 0.8391672050254735, 'Bleu_2': 0.7239386113085091, 'Bleu_3': 0.5957171911529132, 'Bleu_4': 0.4736084119245618, 'METEOR': 0.31513017672690025, 'ROUGE_L': 0.6451851253588693, 'CIDEr': 0.6120830559185093}


[EPOCH 8 TRAIN]
time: 201.52 seconds | lr: 0.000100
loss:2.333423 = (1-reg):0.50 * r2l_loss:2.310177 + (reg):0.50 * l2r_loss:2.356668
{'testlen': 3355, 'reflen': 3488, 'guess': [3355, 2858, 2361, 1864], 'correct': [2869, 1718, 894, 402]}
ratio: 0.9618692660547701
{'testlen': 3342, 'reflen': 3464, 'guess': [3342, 2845, 2348, 1851], 'correct': [2843, 1752, 928, 426]}
ratio: 0.9647806004616153
[EPOCH 8 VAL]
time: 82.82 seconds
loss:2.777882 = (1-reg):0.50 * r2l_loss:2.773958 + (reg):0.50 * l2r_loss:2.781807
r2l_scores: {'Bleu_1': 0.821904921152853, 'Bleu_2': 0.6891012479923163, 'Bleu_3': 0.5570109342430707, 'Bleu_4': 0.4350495421553789, 'METEOR': 0.3051730122317106, 'ROUGE_L': 0.6289148738570716, 'CIDEr': 0.6136589670589192}
l2r_scores: {'Bleu_1': 0.8201937515309305, 'Bleu_2': 0.6978420975691911, 'Bleu_3': 0.5703876126799063, 'Bleu_4': 0.4504689586462199, 'METEOR': 0.31083432298410235, 'ROUGE_L': 0.6335634866423077, 'CIDEr': 0.5882885043126278}


[EPOCH 9 TRAIN]
time: 199.13 seconds | lr: 0.000100
loss:2.270281 = (1-reg):0.50 * r2l_loss:2.246968 + (reg):0.50 * l2r_loss:2.293594
{'testlen': 3274, 'reflen': 3428, 'guess': [3274, 2777, 2280, 1783], 'correct': [2773, 1659, 864, 380]}
ratio: 0.9550758459740505
{'testlen': 3318, 'reflen': 3445, 'guess': [3318, 2821, 2324, 1827], 'correct': [2926, 1892, 1035, 489]}
ratio: 0.9631349782290383
[EPOCH 9 VAL]
time: 82.41 seconds
loss:2.772865 = (1-reg):0.50 * r2l_loss:2.769860 + (reg):0.50 * l2r_loss:2.775870
r2l_scores: {'Bleu_1': 0.8080591840132081, 'Bleu_2': 0.6786452699855997, 'Bleu_3': 0.5501471171410551, 'Bleu_4': 0.4289534731133611, 'METEOR': 0.3029074026608372, 'ROUGE_L': 0.6240473985398115, 'CIDEr': 0.5954464182440999}
l2r_scores: {'Bleu_1': 0.848740359117653, 'Bleu_2': 0.740175843099361, 'Bleu_3': 0.6169504965036783, 'Bleu_4': 0.4959347554423898, 'METEOR': 0.32586307194529524, 'ROUGE_L': 0.6588566744202271, 'CIDEr': 0.6415438269052426}


[EPOCH 10 TRAIN]
time: 189.42 seconds | lr: 0.000100
loss:2.213766 = (1-reg):0.50 * r2l_loss:2.189516 + (reg):0.50 * l2r_loss:2.238016
{'testlen': 3323, 'reflen': 3472, 'guess': [3323, 2826, 2329, 1832], 'correct': [2842, 1693, 869, 397]}
ratio: 0.9570852534559455
{'testlen': 3288, 'reflen': 3429, 'guess': [3288, 2791, 2294, 1797], 'correct': [2860, 1816, 1006, 482]}
ratio: 0.9588801399822225
[EPOCH 10 VAL]
time: 83.48 seconds
loss:2.774349 = (1-reg):0.50 * r2l_loss:2.773134 + (reg):0.50 * l2r_loss:2.775564
r2l_scores: {'Bleu_1': 0.8177497153925433, 'Bleu_2': 0.684409352839029, 'Bleu_3': 0.5508114288962969, 'Bleu_4': 0.4313701941498414, 'METEOR': 0.29617888992131963, 'ROUGE_L': 0.6190720369942697, 'CIDEr': 0.6015511415105499}
l2r_scores: {'Bleu_1': 0.8333170774521726, 'Bleu_2': 0.7207276336117886, 'Bleu_3': 0.6020616865313265, 'Bleu_4': 0.48663069342269244, 'METEOR': 0.31936095291958944, 'ROUGE_L': 0.6496950886486789, 'CIDEr': 0.6234679412834847}


[EPOCH 11 TRAIN]
time: 196.74 seconds | lr: 0.000100
loss:2.163572 = (1-reg):0.50 * r2l_loss:2.138661 + (reg):0.50 * l2r_loss:2.188483
{'testlen': 3266, 'reflen': 3412, 'guess': [3266, 2769, 2272, 1775], 'correct': [2799, 1680, 872, 398]}
ratio: 0.9572098475964369
{'testlen': 3461, 'reflen': 3558, 'guess': [3461, 2964, 2467, 1970], 'correct': [2996, 1862, 971, 427]}
ratio: 0.9727374929733072
[EPOCH 11 VAL]
time: 85.28 seconds
loss:2.768757 = (1-reg):0.50 * r2l_loss:2.772774 + (reg):0.50 * l2r_loss:2.764740
r2l_scores: {'Bleu_1': 0.8195443330106842, 'Bleu_2': 0.6895603088871213, 'Bleu_3': 0.5588296846613268, 'Bleu_4': 0.439822266939238, 'METEOR': 0.29669474458607636, 'ROUGE_L': 0.6219444812494693, 'CIDEr': 0.5831474087211254}
l2r_scores: {'Bleu_1': 0.8417214988522734, 'Bleu_2': 0.7170493619010541, 'Bleu_3': 0.5816460716660247, 'Bleu_4': 0.45127530064606486, 'METEOR': 0.31475095678614395, 'ROUGE_L': 0.6467092220040326, 'CIDEr': 0.6066869845436322}


[EPOCH 12 TRAIN]
time: 191.89 seconds | lr: 0.000100
loss:2.116731 = (1-reg):0.50 * r2l_loss:2.091892 + (reg):0.50 * l2r_loss:2.141570
{'testlen': 3293, 'reflen': 3441, 'guess': [3293, 2796, 2299, 1802], 'correct': [2779, 1649, 849, 376]}
ratio: 0.9569892473115499
{'testlen': 3400, 'reflen': 3496, 'guess': [3400, 2903, 2406, 1909], 'correct': [2967, 1871, 1007, 454]}
ratio: 0.9725400457663123
[EPOCH 12 VAL]
time: 83.70 seconds
loss:2.776715 = (1-reg):0.50 * r2l_loss:2.783610 + (reg):0.50 * l2r_loss:2.769820
r2l_scores: {'Bleu_1': 0.8068224293863738, 'Bleu_2': 0.6744834522864103, 'Bleu_3': 0.5435808579268163, 'Bleu_4': 0.42308406397043324, 'METEOR': 0.29615362518742944, 'ROUGE_L': 0.61434963730471, 'CIDEr': 0.5869763349071317}
l2r_scores: {'Bleu_1': 0.8483522125518778, 'Bleu_2': 0.7290717289807439, 'Bleu_3': 0.6002571064833337, 'Bleu_4': 0.472878812579278, 'METEOR': 0.31764664698358896, 'ROUGE_L': 0.6545964459801017, 'CIDEr': 0.6392462971820636}


[EPOCH 13 TRAIN]
time: 188.96 seconds | lr: 0.000100
loss:2.075779 = (1-reg):0.50 * r2l_loss:2.050240 + (reg):0.50 * l2r_loss:2.101317
{'testlen': 3151, 'reflen': 3321, 'guess': [3151, 2654, 2157, 1660], 'correct': [2704, 1603, 808, 359]}
ratio: 0.9488105992168175
{'testlen': 3469, 'reflen': 3567, 'guess': [3469, 2972, 2475, 1978], 'correct': [3012, 1931, 1061, 510]}
ratio: 0.9725259321556007
[EPOCH 13 VAL]
time: 83.99 seconds
loss:2.778876 = (1-reg):0.50 * r2l_loss:2.784571 + (reg):0.50 * l2r_loss:2.773180
r2l_scores: {'Bleu_1': 0.8130693829274751, 'Bleu_2': 0.6821262574372727, 'Bleu_3': 0.5486390190647413, 'Bleu_4': 0.428897919381222, 'METEOR': 0.28894951215961273, 'ROUGE_L': 0.607551519463873, 'CIDEr': 0.5798565042044274}
l2r_scores: {'Bleu_1': 0.8440763940111072, 'Bleu_2': 0.7301686041413027, 'Bleu_3': 0.6056743650035045, 'Bleu_4': 0.48578951661455777, 'METEOR': 0.3211152348033807, 'ROUGE_L': 0.6570004620133837, 'CIDEr': 0.6459847111920525}


[EPOCH 14 TRAIN]
time: 188.49 seconds | lr: 0.000100
loss:2.035185 = (1-reg):0.50 * r2l_loss:2.009696 + (reg):0.50 * l2r_loss:2.060674
{'testlen': 3406, 'reflen': 3524, 'guess': [3406, 2909, 2412, 1915], 'correct': [2841, 1681, 874, 400]}
ratio: 0.966515323495753
{'testlen': 3487, 'reflen': 3562, 'guess': [3487, 2990, 2493, 1996], 'correct': [3039, 1924, 1040, 506]}
ratio: 0.9789444132507078
[EPOCH 14 VAL]
time: 86.04 seconds
loss:2.787877 = (1-reg):0.50 * r2l_loss:2.797087 + (reg):0.50 * l2r_loss:2.778668
r2l_scores: {'Bleu_1': 0.8057133668846067, 'Bleu_2': 0.6706242749210695, 'Bleu_3': 0.539944202508129, 'Bleu_4': 0.4221559937321324, 'METEOR': 0.29618369419333695, 'ROUGE_L': 0.6157142995874538, 'CIDEr': 0.5725698654396945}
l2r_scores: {'Bleu_1': 0.8529778374173761, 'Bleu_2': 0.7329347458510781, 'Bleu_3': 0.6030688437108928, 'Bleu_4': 0.4829891922048288, 'METEOR': 0.3217690622629508, 'ROUGE_L': 0.6539827234650332, 'CIDEr': 0.630524563242355}


[EPOCH 15 TRAIN]
time: 194.79 seconds | lr: 0.000100
loss:1.999505 = (1-reg):0.50 * r2l_loss:1.973674 + (reg):0.50 * l2r_loss:2.025336
{'testlen': 3302, 'reflen': 3421, 'guess': [3302, 2805, 2308, 1811], 'correct': [2817, 1698, 875, 399]}
ratio: 0.9652148494589403
{'testlen': 3522, 'reflen': 3589, 'guess': [3522, 3025, 2528, 2031], 'correct': [3052, 1938, 1065, 516]}
ratio: 0.9813318473109554
[EPOCH 15 VAL]
time: 86.12 seconds
loss:2.798242 = (1-reg):0.50 * r2l_loss:2.810459 + (reg):0.50 * l2r_loss:2.786025
r2l_scores: {'Bleu_1': 0.8229213721269081, 'Bleu_2': 0.6931957041906822, 'Bleu_3': 0.5601153987015159, 'Bleu_4': 0.43960121750837394, 'METEOR': 0.29789009190326476, 'ROUGE_L': 0.6210454449246917, 'CIDEr': 0.5802812070850022}
l2r_scores: {'Bleu_1': 0.8502242175939508, 'Bleu_2': 0.7310550461332265, 'Bleu_3': 0.604510241991778, 'Bleu_4': 0.48442022320396316, 'METEOR': 0.32016767671491586, 'ROUGE_L': 0.6469105432200957, 'CIDEr': 0.6242800987890093}


[EPOCH 16 TRAIN]
time: 192.74 seconds | lr: 0.000050
loss:1.914475 = (1-reg):0.50 * r2l_loss:1.887416 + (reg):0.50 * l2r_loss:1.941534
{'testlen': 3313, 'reflen': 3432, 'guess': [3313, 2816, 2319, 1822], 'correct': [2818, 1658, 847, 386]}
ratio: 0.965326340326059
{'testlen': 3613, 'reflen': 3652, 'guess': [3613, 3116, 2619, 2122], 'correct': [3075, 1899, 1029, 490]}
ratio: 0.9893209200435407
[EPOCH 16 VAL]
time: 85.20 seconds
loss:2.802463 = (1-reg):0.50 * r2l_loss:2.807978 + (reg):0.50 * l2r_loss:2.796948
r2l_scores: {'Bleu_1': 0.8205784042111457, 'Bleu_2': 0.6827099690598111, 'Bleu_3': 0.5476274725077998, 'Bleu_4': 0.4280295827790454, 'METEOR': 0.2926795649504904, 'ROUGE_L': 0.6083687283315522, 'CIDEr': 0.5678032967855579}
l2r_scores: {'Bleu_1': 0.841955678378808, 'Bleu_2': 0.7124664346116938, 'Bleu_3': 0.5821571761235439, 'Bleu_4': 0.4607558781716487, 'METEOR': 0.31887809779967535, 'ROUGE_L': 0.6382346305628169, 'CIDEr': 0.6228062709652493}



[BEST: 6 | SEED: 904666 | VAL-CIDEr: 0.650563618408321]
{'testlen': 19795, 'reflen': 20795, 'guess': [19795, 16805, 13815, 10826], 'correct': [16650, 10029, 5310, 2447]}
ratio: 0.9519115171915868
{'testlen': 20567, 'reflen': 21302, 'guess': [20567, 17577, 14587, 11597], 'correct': [17928, 11421, 6142, 2877]}
ratio: 0.9654961975400917
time: 422.05 seconds
r2l_scores: {'Bleu_1': 0.79968532562796, 'Bleu_2': 0.6735957185617841, 'Bleu_3': 0.5493733073273461, 'Bleu_4': 0.43446745616504273, 'METEOR': 0.2964426620463212, 'ROUGE_L': 0.6254767911081088, 'CIDEr': 0.610064061103623}
l2r_scores: {'Bleu_1': 0.8410863296509512, 'Bleu_2': 0.7261725297299959, 'Bleu_3': 0.5983671091684514, 'Bleu_4': 0.47587649690546924, 'METEOR': 0.3148733317088903, 'ROUGE_L': 0.6504264870322699, 'CIDEr': 0.6340326970876531}
----------------------------------------
>> [Train time] Total: 3069.09 seconds => Per epoch: 191.82 seconds
>> [Val time] Total: 1329.11 seconds => Per epoch: 83.07 seconds
