Found 1 CUDA device(s)

Device 0: NVIDIA A100-SXM4-40GB
  Total memory bytes: 42296475648
  MultiProcessor count: 108
  Major.Minor: 8.0
  Max threads per block: 2048
  Memory reserved bytes: 0
  Memory allocated bytes: 0
  Free inside reserved bytes: 0
  Active allocations: 0
========================================
MODEL ID: MSRVTT = FEAT newBlip2ClsKF+newMViTv2+newImgCapBlip2KF fsl-13 mcl-20 = Transformer d-512 N_enc-0 N_dec-4 h-4 h_big-4 dp-0.1 = OPTIM lr-0.0001 warmup-3 gamma-0.5 pat-3 wd-5e-06 rg-0.5 = bs-64-gc-5.0-ls-0.15 = 1764692698
Enter the load_video_feats method.
Enter the load_video_feats method.
Enter the load_video_feats method.
#vocabs: 10444 (23046), #words: 1178850 (1194458). Trim words which appear less than 3 times.
{'Total': 62581656, 'Trainable': 62581656}


[EPOCH 1 TRAIN]
time: 245.19 seconds | lr: 0.000033
loss:3.959016 = (1-reg):0.50 * r2l_loss:3.942933 + (reg):0.50 * l2r_loss:3.975100
{'testlen': 2999, 'reflen': 3268, 'guess': [2999, 2502, 2005, 1515], 'correct': [2530, 1494, 752, 320]}
ratio: 0.9176866585064511
{'testlen': 3156, 'reflen': 3351, 'guess': [3156, 2659, 2162, 1665], 'correct': [2669, 1608, 831, 374]}
ratio: 0.9418084153981074
[EPOCH 1 VAL]
time: 93.19 seconds
loss:3.606951 = (1-reg):0.50 * r2l_loss:3.556404 + (reg):0.50 * l2r_loss:3.657498
r2l_scores: {'Bleu_1': 0.7712396199800605, 'Bleu_2': 0.6488569343590266, 'Bleu_3': 0.5245846119464306, 'Bleu_4': 0.4086084237846169, 'METEOR': 0.2784941518498058, 'ROUGE_L': 0.6001249708055617, 'CIDEr': 0.4551135699787415}
l2r_scores: {'Bleu_1': 0.795019525060217, 'Bleu_2': 0.6722887728386856, 'Bleu_3': 0.5466060349206221, 'Bleu_4': 0.43093494375017405, 'METEOR': 0.28823258171353205, 'ROUGE_L': 0.6157335103471973, 'CIDEr': 0.43990869748726774}
>> Saving checkpoint to 1.ckpt
>> New best model at epoch 1 | CIDEr: 0.43990869748726774


[EPOCH 2 TRAIN]
time: 243.06 seconds | lr: 0.000056
loss:3.273942 = (1-reg):0.50 * r2l_loss:3.247775 + (reg):0.50 * l2r_loss:3.300108
{'testlen': 2884, 'reflen': 3154, 'guess': [2884, 2387, 1890, 1393], 'correct': [2527, 1527, 774, 315]}
ratio: 0.9143944197841108
{'testlen': 3096, 'reflen': 3286, 'guess': [3096, 2599, 2102, 1605], 'correct': [2722, 1701, 898, 409]}
ratio: 0.9421789409613688
[EPOCH 2 VAL]
time: 89.68 seconds
loss:3.263290 = (1-reg):0.50 * r2l_loss:3.210682 + (reg):0.50 * l2r_loss:3.315899
r2l_scores: {'Bleu_1': 0.7979052975867188, 'Bleu_2': 0.6817727905515978, 'Bleu_3': 0.5575707072947296, 'Bleu_4': 0.4346604868430477, 'METEOR': 0.29496297838920893, 'ROUGE_L': 0.635531935559876, 'CIDEr': 0.5508617160584043}
l2r_scores: {'Bleu_1': 0.8268652293472843, 'Bleu_2': 0.7134115929446571, 'Bleu_3': 0.5891472255923295, 'Bleu_4': 0.47050780886486526, 'METEOR': 0.30648326421917904, 'ROUGE_L': 0.6405539668136364, 'CIDEr': 0.5345299443612311}
>> Saving checkpoint to 2.ckpt
>> New best model at epoch 2 | CIDEr: 0.5345299443612311


[EPOCH 3 TRAIN]
time: 243.03 seconds | lr: 0.000078
loss:2.990247 = (1-reg):0.50 * r2l_loss:2.964499 + (reg):0.50 * l2r_loss:3.015995
{'testlen': 3001, 'reflen': 3212, 'guess': [3001, 2504, 2007, 1510], 'correct': [2606, 1594, 818, 345]}
ratio: 0.9343088418427975
{'testlen': 3244, 'reflen': 3403, 'guess': [3244, 2747, 2250, 1753], 'correct': [2785, 1705, 894, 407]}
ratio: 0.9532765207167343
[EPOCH 3 VAL]
time: 94.80 seconds
loss:3.083432 = (1-reg):0.50 * r2l_loss:3.071031 + (reg):0.50 * l2r_loss:3.095834
r2l_scores: {'Bleu_1': 0.8094186666652491, 'Bleu_2': 0.6930203764245285, 'Bleu_3': 0.5671800062438657, 'Bleu_4': 0.44398410439583674, 'METEOR': 0.29933895537293814, 'ROUGE_L': 0.6386919585590148, 'CIDEr': 0.6054362291167888}
l2r_scores: {'Bleu_1': 0.8174440439046996, 'Bleu_2': 0.6950542748700413, 'Bleu_3': 0.5675037112910569, 'Bleu_4': 0.4483406042035735, 'METEOR': 0.3093890368143783, 'ROUGE_L': 0.6368177736039299, 'CIDEr': 0.5638407558460105}
>> Saving checkpoint to 3.ckpt
>> New best model at epoch 3 | CIDEr: 0.5638407558460105


[EPOCH 4 TRAIN]
time: 242.43 seconds | lr: 0.000100
loss:2.803866 = (1-reg):0.50 * r2l_loss:2.779092 + (reg):0.50 * l2r_loss:2.828639
{'testlen': 3161, 'reflen': 3337, 'guess': [3161, 2664, 2167, 1670], 'correct': [2730, 1682, 892, 379]}
ratio: 0.9472580161819157
{'testlen': 3180, 'reflen': 3340, 'guess': [3180, 2683, 2186, 1689], 'correct': [2828, 1792, 971, 449]}
ratio: 0.9520958083829485
[EPOCH 4 VAL]
time: 95.25 seconds
loss:2.960852 = (1-reg):0.50 * r2l_loss:2.924963 + (reg):0.50 * l2r_loss:2.996741
r2l_scores: {'Bleu_1': 0.8168780941971868, 'Bleu_2': 0.6984479706557261, 'Bleu_3': 0.5748189192839938, 'Bleu_4': 0.44934896920928324, 'METEOR': 0.30337103811372673, 'ROUGE_L': 0.6411803004118982, 'CIDEr': 0.6250268181852349}
l2r_scores: {'Bleu_1': 0.8456701287347964, 'Bleu_2': 0.7328810868922363, 'Bleu_3': 0.6099041690298169, 'Bleu_4': 0.4893702349972791, 'METEOR': 0.3210066335182174, 'ROUGE_L': 0.6538238924584613, 'CIDEr': 0.6243075510046913}
>> Saving checkpoint to 4.ckpt
>> New best model at epoch 4 | CIDEr: 0.6243075510046913


[EPOCH 5 TRAIN]
time: 239.66 seconds | lr: 0.000100
loss:2.659567 = (1-reg):0.50 * r2l_loss:2.633965 + (reg):0.50 * l2r_loss:2.685168
{'testlen': 3018, 'reflen': 3251, 'guess': [3018, 2521, 2024, 1529], 'correct': [2634, 1629, 845, 357]}
ratio: 0.9283297446936548
{'testlen': 3260, 'reflen': 3415, 'guess': [3260, 2763, 2266, 1769], 'correct': [2897, 1864, 1012, 481]}
ratio: 0.9546120058562358
[EPOCH 5 VAL]
time: 93.84 seconds
loss:2.910299 = (1-reg):0.50 * r2l_loss:2.892258 + (reg):0.50 * l2r_loss:2.928341
r2l_scores: {'Bleu_1': 0.8079184102152737, 'Bleu_2': 0.695173736698197, 'Bleu_3': 0.5716119431626577, 'Bleu_4': 0.448238231262378, 'METEOR': 0.30081806914690096, 'ROUGE_L': 0.6316474032235877, 'CIDEr': 0.6222921860641636}
l2r_scores: {'Bleu_1': 0.8473872483594966, 'Bleu_2': 0.7383274043675467, 'Bleu_3': 0.6145962003569696, 'Bleu_4': 0.4953184114363224, 'METEOR': 0.325749668345816, 'ROUGE_L': 0.6572997205321538, 'CIDEr': 0.6258346235437022}
>> Saving checkpoint to 5.ckpt
>> New best model at epoch 5 | CIDEr: 0.6258346235437022


[EPOCH 6 TRAIN]
time: 241.52 seconds | lr: 0.000100
loss:2.553521 = (1-reg):0.50 * r2l_loss:2.527655 + (reg):0.50 * l2r_loss:2.579388
{'testlen': 3175, 'reflen': 3373, 'guess': [3175, 2678, 2181, 1685], 'correct': [2759, 1681, 877, 375]}
ratio: 0.9412985472870022
{'testlen': 3286, 'reflen': 3424, 'guess': [3286, 2789, 2292, 1795], 'correct': [2873, 1789, 941, 436]}
ratio: 0.9596962616819628
[EPOCH 6 VAL]
time: 96.22 seconds
loss:2.862328 = (1-reg):0.50 * r2l_loss:2.843967 + (reg):0.50 * l2r_loss:2.880690
r2l_scores: {'Bleu_1': 0.8164402545837891, 'Bleu_2': 0.6939033663776677, 'Bleu_3': 0.5666124571779722, 'Bleu_4': 0.44162285301361326, 'METEOR': 0.29931138457973766, 'ROUGE_L': 0.6273814471153848, 'CIDEr': 0.6158985101960298}
l2r_scores: {'Bleu_1': 0.8383575592986651, 'Bleu_2': 0.7180855116551738, 'Bleu_3': 0.5877096911885933, 'Bleu_4': 0.46630272419489327, 'METEOR': 0.3149804272981568, 'ROUGE_L': 0.6393622767948371, 'CIDEr': 0.6233191586260808}


[EPOCH 7 TRAIN]
time: 242.13 seconds | lr: 0.000100
loss:2.469266 = (1-reg):0.50 * r2l_loss:2.441948 + (reg):0.50 * l2r_loss:2.496584
{'testlen': 3255, 'reflen': 3423, 'guess': [3255, 2758, 2261, 1764], 'correct': [2833, 1762, 946, 410]}
ratio: 0.9509202453984952
{'testlen': 3400, 'reflen': 3513, 'guess': [3400, 2903, 2406, 1909], 'correct': [2912, 1797, 947, 447]}
ratio: 0.9678337603185403
[EPOCH 7 VAL]
time: 97.54 seconds
loss:2.846075 = (1-reg):0.50 * r2l_loss:2.835257 + (reg):0.50 * l2r_loss:2.856894
r2l_scores: {'Bleu_1': 0.8265714157288198, 'Bleu_2': 0.7081714478943429, 'Bleu_3': 0.5840957777963864, 'Bleu_4': 0.4579631874168388, 'METEOR': 0.31002469903459096, 'ROUGE_L': 0.6477560044839531, 'CIDEr': 0.6412640916375153}
l2r_scores: {'Bleu_1': 0.8284733614271713, 'Bleu_2': 0.7043245761660198, 'Bleu_3': 0.5737491371934816, 'Bleu_4': 0.4547874341587722, 'METEOR': 0.3153762482282396, 'ROUGE_L': 0.638827128362356, 'CIDEr': 0.6162151154542979}


[EPOCH 8 TRAIN]
time: 241.26 seconds | lr: 0.000100
loss:2.399974 = (1-reg):0.50 * r2l_loss:2.372790 + (reg):0.50 * l2r_loss:2.427158
{'testlen': 3276, 'reflen': 3432, 'guess': [3276, 2779, 2282, 1785], 'correct': [2760, 1671, 870, 380]}
ratio: 0.9545454545451764
{'testlen': 3294, 'reflen': 3424, 'guess': [3294, 2797, 2300, 1803], 'correct': [2868, 1843, 990, 458]}
ratio: 0.9620327102800929
[EPOCH 8 VAL]
time: 97.12 seconds
loss:2.821559 = (1-reg):0.50 * r2l_loss:2.813326 + (reg):0.50 * l2r_loss:2.829791
r2l_scores: {'Bleu_1': 0.803312452789618, 'Bleu_2': 0.6786500046922134, 'Bleu_3': 0.5511521999521353, 'Bleu_4': 0.4293582682120921, 'METEOR': 0.29519696934093115, 'ROUGE_L': 0.6220581818814582, 'CIDEr': 0.6214742151888956}
l2r_scores: {'Bleu_1': 0.8369814223806478, 'Bleu_2': 0.7281225423994634, 'Bleu_3': 0.6031039777842093, 'Bleu_4': 0.48109035378461856, 'METEOR': 0.31705917770641867, 'ROUGE_L': 0.6422445489944635, 'CIDEr': 0.6287626968907001}
>> Saving checkpoint to 8.ckpt
>> New best model at epoch 8 | CIDEr: 0.6287626968907001


[EPOCH 9 TRAIN]
time: 233.05 seconds | lr: 0.000100
loss:2.340045 = (1-reg):0.50 * r2l_loss:2.312168 + (reg):0.50 * l2r_loss:2.367922
{'testlen': 3137, 'reflen': 3326, 'guess': [3137, 2640, 2143, 1646], 'correct': [2749, 1662, 861, 361]}
ratio: 0.9431749849666436
{'testlen': 3300, 'reflen': 3440, 'guess': [3300, 2803, 2306, 1809], 'correct': [2899, 1815, 975, 430]}
ratio: 0.9593023255811165
[EPOCH 9 VAL]
time: 96.67 seconds
loss:2.821469 = (1-reg):0.50 * r2l_loss:2.815488 + (reg):0.50 * l2r_loss:2.827450
r2l_scores: {'Bleu_1': 0.8250771637290507, 'Bleu_2': 0.699323307144128, 'Bleu_3': 0.5698017480255014, 'Bleu_4': 0.4421002516750724, 'METEOR': 0.2963395887843129, 'ROUGE_L': 0.6302415946604568, 'CIDEr': 0.6028586191096249}
l2r_scores: {'Bleu_1': 0.8419952879976674, 'Bleu_2': 0.7228851265228371, 'Bleu_3': 0.5960551237373096, 'Bleu_4': 0.46866890243240417, 'METEOR': 0.3142640974344612, 'ROUGE_L': 0.6487191731437417, 'CIDEr': 0.5979297884677244}


[EPOCH 10 TRAIN]
time: 241.03 seconds | lr: 0.000100
loss:2.287131 = (1-reg):0.50 * r2l_loss:2.258445 + (reg):0.50 * l2r_loss:2.315816
{'testlen': 3319, 'reflen': 3463, 'guess': [3319, 2822, 2325, 1828], 'correct': [2877, 1764, 950, 446]}
ratio: 0.9584175570311988
{'testlen': 3308, 'reflen': 3410, 'guess': [3308, 2811, 2314, 1817], 'correct': [2922, 1859, 1029, 493]}
ratio: 0.970087976539305
[EPOCH 10 VAL]
time: 97.53 seconds
loss:2.800364 = (1-reg):0.50 * r2l_loss:2.790039 + (reg):0.50 * l2r_loss:2.810689
r2l_scores: {'Bleu_1': 0.830022881593487, 'Bleu_2': 0.7048464972846907, 'Bleu_3': 0.5792718155282537, 'Bleu_4': 0.46162660379528403, 'METEOR': 0.3013231413733333, 'ROUGE_L': 0.6335183453062023, 'CIDEr': 0.6419520625789275}
l2r_scores: {'Bleu_1': 0.8564924254839992, 'Bleu_2': 0.7410976622212602, 'Bleu_3': 0.6186864067785307, 'Bleu_4': 0.49960656049835633, 'METEOR': 0.3206343302541324, 'ROUGE_L': 0.6575512363772825, 'CIDEr': 0.6584690638744605}
>> Saving checkpoint to 10.ckpt
>> New best model at epoch 10 | CIDEr: 0.6584690638744605


[EPOCH 11 TRAIN]
time: 240.30 seconds | lr: 0.000100
loss:2.240575 = (1-reg):0.50 * r2l_loss:2.212328 + (reg):0.50 * l2r_loss:2.268822
{'testlen': 3300, 'reflen': 3449, 'guess': [3300, 2803, 2306, 1809], 'correct': [2850, 1740, 930, 430]}
ratio: 0.9567990721945617
{'testlen': 3355, 'reflen': 3478, 'guess': [3355, 2858, 2361, 1864], 'correct': [2951, 1846, 962, 438]}
ratio: 0.9646348476132937
[EPOCH 11 VAL]
time: 97.83 seconds
loss:2.802134 = (1-reg):0.50 * r2l_loss:2.801259 + (reg):0.50 * l2r_loss:2.803010
r2l_scores: {'Bleu_1': 0.8255091022426362, 'Bleu_2': 0.6998733900002246, 'Bleu_3': 0.5736995618533524, 'Bleu_4': 0.4551123254913586, 'METEOR': 0.3033775451731235, 'ROUGE_L': 0.6283711939655243, 'CIDEr': 0.6327614834209904}
l2r_scores: {'Bleu_1': 0.8479196725697502, 'Bleu_2': 0.726609555792114, 'Bleu_3': 0.591906497257719, 'Bleu_4': 0.4655500607055958, 'METEOR': 0.3217437255611079, 'ROUGE_L': 0.653471040134257, 'CIDEr': 0.6159721036271124}


[EPOCH 12 TRAIN]
time: 241.56 seconds | lr: 0.000100
loss:2.196969 = (1-reg):0.50 * r2l_loss:2.168589 + (reg):0.50 * l2r_loss:2.225349
{'testlen': 3287, 'reflen': 3453, 'guess': [3287, 2790, 2293, 1796], 'correct': [2799, 1673, 863, 382]}
ratio: 0.9519258615693739
{'testlen': 3507, 'reflen': 3580, 'guess': [3507, 3010, 2513, 2016], 'correct': [3051, 1963, 1071, 509]}
ratio: 0.9796089385472124
[EPOCH 12 VAL]
time: 101.16 seconds
loss:2.801588 = (1-reg):0.50 * r2l_loss:2.801465 + (reg):0.50 * l2r_loss:2.801711
r2l_scores: {'Bleu_1': 0.8095999342705956, 'Bleu_2': 0.6793830945501687, 'Bleu_3': 0.5486572986335947, 'Bleu_4': 0.4274958920079425, 'METEOR': 0.2965169600202063, 'ROUGE_L': 0.6166627883137198, 'CIDEr': 0.6006457686515992}
l2r_scores: {'Bleu_1': 0.8520525486312163, 'Bleu_2': 0.7377174577389882, 'Bleu_3': 0.6101627359412728, 'Bleu_4': 0.48683417644745053, 'METEOR': 0.32620452357194135, 'ROUGE_L': 0.660767669939807, 'CIDEr': 0.6307805370542504}


[EPOCH 13 TRAIN]
time: 241.55 seconds | lr: 0.000100
loss:2.157606 = (1-reg):0.50 * r2l_loss:2.128802 + (reg):0.50 * l2r_loss:2.186411
{'testlen': 3296, 'reflen': 3459, 'guess': [3296, 2799, 2302, 1806], 'correct': [2852, 1725, 903, 410]}
ratio: 0.9528765539170416
{'testlen': 3473, 'reflen': 3577, 'guess': [3473, 2976, 2479, 1982], 'correct': [3021, 1914, 1056, 504]}
ratio: 0.9709253564436761
[EPOCH 13 VAL]
time: 99.45 seconds
loss:2.801862 = (1-reg):0.50 * r2l_loss:2.803731 + (reg):0.50 * l2r_loss:2.799992
r2l_scores: {'Bleu_1': 0.8235401353816072, 'Bleu_2': 0.6950190537897218, 'Bleu_3': 0.5649796015347178, 'Bleu_4': 0.4442952973858599, 'METEOR': 0.2998948187014021, 'ROUGE_L': 0.6261842269091848, 'CIDEr': 0.619669574950301}
l2r_scores: {'Bleu_1': 0.8441912896072556, 'Bleu_2': 0.72589265014543, 'Bleu_3': 0.6016940332586037, 'Bleu_4': 0.4815176728272437, 'METEOR': 0.32273046644093095, 'ROUGE_L': 0.6531915123551707, 'CIDEr': 0.6237457541112271}


[EPOCH 14 TRAIN]
time: 243.29 seconds | lr: 0.000100
loss:2.121665 = (1-reg):0.50 * r2l_loss:2.092569 + (reg):0.50 * l2r_loss:2.150761
{'testlen': 3296, 'reflen': 3442, 'guess': [3296, 2799, 2302, 1805], 'correct': [2789, 1645, 856, 373]}
ratio: 0.9575828006969909
{'testlen': 3343, 'reflen': 3453, 'guess': [3343, 2846, 2349, 1852], 'correct': [2948, 1838, 988, 482]}
ratio: 0.9681436432085235
[EPOCH 14 VAL]
time: 98.34 seconds
loss:2.800083 = (1-reg):0.50 * r2l_loss:2.792724 + (reg):0.50 * l2r_loss:2.807441
r2l_scores: {'Bleu_1': 0.8095128597844276, 'Bleu_2': 0.6746439010167835, 'Bleu_3': 0.5450378898227997, 'Bleu_4': 0.4229787384118724, 'METEOR': 0.2907405125885119, 'ROUGE_L': 0.6076190160552898, 'CIDEr': 0.591408810855466}
l2r_scores: {'Bleu_1': 0.8532981940783354, 'Bleu_2': 0.7302315297016978, 'Bleu_3': 0.6009452929392394, 'Bleu_4': 0.48350965227100157, 'METEOR': 0.32214187192801214, 'ROUGE_L': 0.6556629467919238, 'CIDEr': 0.6467253477383909}


[EPOCH 15 TRAIN]
time: 244.17 seconds | lr: 0.000100
loss:2.087787 = (1-reg):0.50 * r2l_loss:2.058559 + (reg):0.50 * l2r_loss:2.117014
{'testlen': 3249, 'reflen': 3386, 'guess': [3249, 2752, 2255, 1758], 'correct': [2781, 1675, 878, 394]}
ratio: 0.9595392793854225
{'testlen': 3350, 'reflen': 3445, 'guess': [3350, 2853, 2356, 1859], 'correct': [2919, 1814, 995, 466]}
ratio: 0.9724238026121996
[EPOCH 15 VAL]
time: 97.85 seconds
loss:2.793660 = (1-reg):0.50 * r2l_loss:2.794332 + (reg):0.50 * l2r_loss:2.792988
r2l_scores: {'Bleu_1': 0.8206131272252496, 'Bleu_2': 0.6919839351912983, 'Bleu_3': 0.5633034254435333, 'Bleu_4': 0.44268818131335635, 'METEOR': 0.29722190107655094, 'ROUGE_L': 0.6187282372187263, 'CIDEr': 0.5843403572515521}
l2r_scores: {'Bleu_1': 0.8469806220553179, 'Bleu_2': 0.7235134114289538, 'Bleu_3': 0.5989745697185168, 'Bleu_4': 0.47835901888348886, 'METEOR': 0.3195780089469408, 'ROUGE_L': 0.6494453282080807, 'CIDEr': 0.6198928124446618}


[EPOCH 16 TRAIN]
time: 243.77 seconds | lr: 0.000100
loss:2.055322 = (1-reg):0.50 * r2l_loss:2.026583 + (reg):0.50 * l2r_loss:2.084062
{'testlen': 3379, 'reflen': 3486, 'guess': [3379, 2882, 2385, 1888], 'correct': [2850, 1686, 876, 404]}
ratio: 0.9693057946067214
{'testlen': 3432, 'reflen': 3513, 'guess': [3432, 2935, 2438, 1941], 'correct': [2959, 1847, 1016, 489]}
ratio: 0.9769427839450677
[EPOCH 16 VAL]
time: 99.70 seconds
loss:2.804442 = (1-reg):0.50 * r2l_loss:2.813142 + (reg):0.50 * l2r_loss:2.795743
r2l_scores: {'Bleu_1': 0.8171545887732904, 'Bleu_2': 0.680546314868965, 'Bleu_3': 0.5482679812396763, 'Bleu_4': 0.42993360827762983, 'METEOR': 0.29276564497373164, 'ROUGE_L': 0.609723867673341, 'CIDEr': 0.6132226990408609}
l2r_scores: {'Bleu_1': 0.842069095612099, 'Bleu_2': 0.7194129989440298, 'Bleu_3': 0.5950071762053958, 'Bleu_4': 0.4771445793920312, 'METEOR': 0.32585752664821804, 'ROUGE_L': 0.655071039620472, 'CIDEr': 0.6549972013978101}



[BEST: 10 | SEED: 904666 | VAL-CIDEr: 0.6584690638744605]
{'testlen': 19757, 'reflen': 20746, 'guess': [19757, 16767, 13777, 10789], 'correct': [16981, 10456, 5595, 2661]}
ratio: 0.9523281596451869
{'testlen': 19786, 'reflen': 20614, 'guess': [19786, 16796, 13806, 10816], 'correct': [17435, 11083, 6039, 2880]}
ratio: 0.959833123120163
time: 502.59 seconds
r2l_scores: {'Bleu_1': 0.8175272902616143, 'Bleu_2': 0.6963638745392903, 'Bleu_3': 0.572171161950774, 'Bleu_4': 0.4578522928463436, 'METEOR': 0.30156789139232365, 'ROUGE_L': 0.6341387583333288, 'CIDEr': 0.6348007512980975}
l2r_scores: {'Bleu_1': 0.8450641748634146, 'Bleu_2': 0.7312795876197886, 'Bleu_3': 0.6076170271287997, 'Bleu_4': 0.4892269127526013, 'METEOR': 0.31625712013928203, 'ROUGE_L': 0.6546711431149298, 'CIDEr': 0.6282660920517261}
----------------------------------------
>> [Train time] Total: 3867.00 seconds => Per epoch: 241.69 seconds
>> [Val time] Total: 1546.17 seconds => Per epoch: 96.64 seconds
