Found 1 CUDA device(s)

Device 0: NVIDIA A100-SXM4-40GB
  Total memory bytes: 42296475648
  MultiProcessor count: 108
  Major.Minor: 8.0
  Max threads per block: 2048
========================================
MODEL ID: MSVD = FEAT newBlip2ClsKF+newMViTv2+newImgCapBlip2KF fsl-9 mcl-20 = Transformer d-512 N_enc-0 N_dec-3 h-4 h_big-4 dp-0.1 = OPTIM lr-0.0001 warmup-3 gamma-0.5 pat-3 wd-5e-06 rg-0.6 = bs-64 gc-5.0 ls-0.15 = 1764863221
Enter the load_video_feats method.
Enter the load_video_feats method.
Enter the load_video_feats method.
#vocabs: 4116 (9614), #words: 339057 (345799). Trim words which appear less than 3 times.
{'Total': 40142376, 'Trainable': 40142376}


[EPOCH 1 TRAIN]
time: 73.65 seconds | lr: 0.000033
loss:3.410814 = (1-reg):0.40 * r2l_loss:3.407313 + (reg):0.60 * l2r_loss:3.413149
{'testlen': 601, 'reflen': 589, 'guess': [601, 501, 401, 305], 'correct': [435, 278, 161, 72]}
ratio: 1.020373514429507
{'testlen': 478, 'reflen': 479, 'guess': [478, 378, 278, 178], 'correct': [410, 277, 167, 75]}
ratio: 0.9979123173256829
[EPOCH 1 VAL]
time: 28.51 seconds
loss:3.007724 = (1-reg):0.40 * r2l_loss:2.937918 + (reg):0.60 * l2r_loss:3.054262
r2l_scores: {'Bleu_1': 0.7237936772034546, 'Bleu_2': 0.6337397198056933, 'Bleu_3': 0.544295135332676, 'Bleu_4': 0.4417067172871956, 'METEOR': 0.3557579347999043, 'ROUGE_L': 0.7339432988510655, 'CIDEr': 1.1141826523409013}
l2r_scores: {'Bleu_1': 0.855948025115799, 'Bleu_2': 0.7911583185831317, 'Bleu_3': 0.7212679519767593, 'Bleu_4': 0.6302395459002716, 'METEOR': 0.38239950344844903, 'ROUGE_L': 0.7580655152923325, 'CIDEr': 0.9776083280462895}
>> New best model at epoch 1 | N_Metrics: 4 | CIDEr: 0.9776083280462895


[EPOCH 2 TRAIN]
time: 71.76 seconds | lr: 0.000056
loss:2.565580 = (1-reg):0.40 * r2l_loss:2.544225 + (reg):0.60 * l2r_loss:2.579816
{'testlen': 542, 'reflen': 540, 'guess': [542, 442, 342, 243], 'correct': [472, 329, 203, 97]}
ratio: 1.003703703701845
{'testlen': 512, 'reflen': 511, 'guess': [512, 412, 312, 212], 'correct': [456, 319, 196, 100]}
ratio: 1.001956947160466
[EPOCH 2 VAL]
time: 29.89 seconds
loss:2.714273 = (1-reg):0.40 * r2l_loss:2.668719 + (reg):0.60 * l2r_loss:2.744642
r2l_scores: {'Bleu_1': 0.8708487084854781, 'Bleu_2': 0.8051154678029996, 'Bleu_3': 0.7273254050983156, 'Bleu_4': 0.6260196037305404, 'METEOR': 0.4286618940788806, 'ROUGE_L': 0.8038883274020787, 'CIDEr': 1.37086914414445}
l2r_scores: {'Bleu_1': 0.8906249999982605, 'Bleu_2': 0.8304130668814556, 'Bleu_3': 0.756652739297627, 'Bleu_4': 0.6723392901354233, 'METEOR': 0.4194763869654671, 'ROUGE_L': 0.7948224891281117, 'CIDEr': 1.2747761463746092}
>> New best model at epoch 2 | N_Metrics: 4 | CIDEr: 1.2747761463746092


[EPOCH 3 TRAIN]
time: 72.68 seconds | lr: 0.000078
loss:2.197733 = (1-reg):0.40 * r2l_loss:2.174622 + (reg):0.60 * l2r_loss:2.213140
{'testlen': 532, 'reflen': 533, 'guess': [532, 432, 332, 235], 'correct': [479, 343, 214, 112]}
ratio: 0.9981238273902474
{'testlen': 575, 'reflen': 574, 'guess': [575, 475, 375, 275], 'correct': [509, 362, 232, 127]}
ratio: 1.0017421602770005
[EPOCH 3 VAL]
time: 29.04 seconds
loss:2.518417 = (1-reg):0.40 * r2l_loss:2.499521 + (reg):0.60 * l2r_loss:2.531014
r2l_scores: {'Bleu_1': 0.8986850935082309, 'Bleu_2': 0.8439190378068793, 'Bleu_3': 0.7709395126929207, 'Bleu_4': 0.6832799594495399, 'METEOR': 0.42530667511721176, 'ROUGE_L': 0.8060952393461701, 'CIDEr': 1.5078473008801314}
l2r_scores: {'Bleu_1': 0.8852173913028083, 'Bleu_2': 0.8213579201233477, 'Bleu_3': 0.7473210326487827, 'Bleu_4': 0.6625950097276363, 'METEOR': 0.4275565398590295, 'ROUGE_L': 0.8130624376619706, 'CIDEr': 1.4325373590798105}
>> New best model at epoch 3 | N_Metrics: 3 | CIDEr: 1.4325373590798105


[EPOCH 4 TRAIN]
time: 72.87 seconds | lr: 0.000100
loss:1.968228 = (1-reg):0.40 * r2l_loss:1.946130 + (reg):0.60 * l2r_loss:1.982959
{'testlen': 571, 'reflen': 568, 'guess': [571, 471, 371, 272], 'correct': [514, 365, 230, 122]}
ratio: 1.0052816901390753
{'testlen': 559, 'reflen': 556, 'guess': [559, 459, 359, 259], 'correct': [510, 371, 243, 134]}
ratio: 1.0053956834514293
[EPOCH 4 VAL]
time: 29.38 seconds
loss:2.429073 = (1-reg):0.40 * r2l_loss:2.429726 + (reg):0.60 * l2r_loss:2.428637
r2l_scores: {'Bleu_1': 0.9001751313469349, 'Bleu_2': 0.8352173051344408, 'Bleu_3': 0.7562248855021655, 'Bleu_4': 0.6636451964768252, 'METEOR': 0.4342162809784942, 'ROUGE_L': 0.8110996391208252, 'CIDEr': 1.5390062434668068}
l2r_scores: {'Bleu_1': 0.9123434704813733, 'Bleu_2': 0.8587362498039468, 'Bleu_3': 0.7932507153828335, 'Bleu_4': 0.7128679882360701, 'METEOR': 0.45835431548282973, 'ROUGE_L': 0.8458397503330081, 'CIDEr': 1.6043221610366425}
>> New best model at epoch 4 | N_Metrics: 4 | CIDEr: 1.6043221610366425


[EPOCH 5 TRAIN]
time: 70.17 seconds | lr: 0.000100
loss:1.807783 = (1-reg):0.40 * r2l_loss:1.787810 + (reg):0.60 * l2r_loss:1.821098
{'testlen': 564, 'reflen': 562, 'guess': [564, 464, 364, 264], 'correct': [515, 364, 227, 119]}
ratio: 1.0035587188594244
{'testlen': 566, 'reflen': 564, 'guess': [566, 466, 366, 266], 'correct': [520, 384, 253, 141]}
ratio: 1.0035460992890008
[EPOCH 5 VAL]
time: 28.70 seconds
loss:2.388242 = (1-reg):0.40 * r2l_loss:2.361049 + (reg):0.60 * l2r_loss:2.406370
r2l_scores: {'Bleu_1': 0.9131205673742675, 'Bleu_2': 0.8463612359066965, 'Bleu_3': 0.7644433973058619, 'Bleu_4': 0.6698765254819603, 'METEOR': 0.4465377314795157, 'ROUGE_L': 0.8267016274398814, 'CIDEr': 1.5558347515235464}
l2r_scores: {'Bleu_1': 0.9187279151927231, 'Bleu_2': 0.8700938721903978, 'Bleu_3': 0.8058555821944253, 'Bleu_4': 0.7257336876922053, 'METEOR': 0.4565679837956376, 'ROUGE_L': 0.8459450430909876, 'CIDEr': 1.6610683508939195}
>> New best model at epoch 5 | N_Metrics: 3 | CIDEr: 1.6610683508939195


[EPOCH 6 TRAIN]
time: 70.70 seconds | lr: 0.000100
loss:1.704777 = (1-reg):0.40 * r2l_loss:1.683510 + (reg):0.60 * l2r_loss:1.718955
{'testlen': 549, 'reflen': 548, 'guess': [549, 449, 349, 250], 'correct': [500, 361, 227, 121]}
ratio: 1.00182481751642
{'testlen': 558, 'reflen': 553, 'guess': [558, 458, 358, 258], 'correct': [510, 372, 239, 130]}
ratio: 1.0090415913182478
[EPOCH 6 VAL]
time: 29.14 seconds
loss:2.342526 = (1-reg):0.40 * r2l_loss:2.353165 + (reg):0.60 * l2r_loss:2.335434
r2l_scores: {'Bleu_1': 0.9107468123844977, 'Bleu_2': 0.8557152275803288, 'Bleu_3': 0.7809435644285708, 'Bleu_4': 0.6929088019474647, 'METEOR': 0.4353230899427052, 'ROUGE_L': 0.8246521833532917, 'CIDEr': 1.506684830871076}
l2r_scores: {'Bleu_1': 0.913978494622018, 'Bleu_2': 0.8616020418961813, 'Bleu_3': 0.7913636621501465, 'Bleu_4': 0.7069081519773459, 'METEOR': 0.4533977786342873, 'ROUGE_L': 0.8367978489069127, 'CIDEr': 1.6091501876070133}


[EPOCH 7 TRAIN]
time: 71.25 seconds | lr: 0.000100
loss:1.627654 = (1-reg):0.40 * r2l_loss:1.609343 + (reg):0.60 * l2r_loss:1.639861
{'testlen': 573, 'reflen': 572, 'guess': [573, 473, 373, 274], 'correct': [525, 370, 237, 130]}
ratio: 1.0017482517465004
{'testlen': 547, 'reflen': 543, 'guess': [547, 447, 347, 247], 'correct': [504, 370, 241, 139]}
ratio: 1.0073664825027489
[EPOCH 7 VAL]
time: 28.49 seconds
loss:2.336065 = (1-reg):0.40 * r2l_loss:2.329149 + (reg):0.60 * l2r_loss:2.340677
r2l_scores: {'Bleu_1': 0.9162303664905476, 'Bleu_2': 0.8465890217052497, 'Bleu_3': 0.7693576201787395, 'Bleu_4': 0.6817802120112023, 'METEOR': 0.4426630067022525, 'ROUGE_L': 0.8194373244739989, 'CIDEr': 1.599072248256662}
l2r_scores: {'Bleu_1': 0.9213893967076392, 'Bleu_2': 0.8733105476915499, 'Bleu_3': 0.8091114112805659, 'Bleu_4': 0.7389000678790043, 'METEOR': 0.4665132839844637, 'ROUGE_L': 0.8513731435335417, 'CIDEr': 1.742046164860181}
>> New best model at epoch 7 | N_Metrics: 4 | CIDEr: 1.742046164860181


[EPOCH 8 TRAIN]
time: 70.72 seconds | lr: 0.000100
loss:1.566698 = (1-reg):0.40 * r2l_loss:1.546089 + (reg):0.60 * l2r_loss:1.580437
{'testlen': 566, 'reflen': 564, 'guess': [566, 466, 366, 266], 'correct': [512, 361, 223, 115]}
ratio: 1.0035460992890008
{'testlen': 561, 'reflen': 557, 'guess': [561, 461, 361, 261], 'correct': [516, 381, 248, 139]}
ratio: 1.0071813285439728
[EPOCH 8 VAL]
time: 29.06 seconds
loss:2.323199 = (1-reg):0.40 * r2l_loss:2.299506 + (reg):0.60 * l2r_loss:2.338994
r2l_scores: {'Bleu_1': 0.9045936395743736, 'Bleu_2': 0.8371194015542062, 'Bleu_3': 0.7530078971646528, 'Bleu_4': 0.6554713277111899, 'METEOR': 0.43228508330684634, 'ROUGE_L': 0.8020393805638727, 'CIDEr': 1.5159357249828247}
l2r_scores: {'Bleu_1': 0.9197860962550449, 'Bleu_2': 0.8718774499851747, 'Bleu_3': 0.805289042748341, 'Bleu_4': 0.7262019581512084, 'METEOR': 0.45473863720518126, 'ROUGE_L': 0.8441739678948867, 'CIDEr': 1.6318416097509958}


[EPOCH 9 TRAIN]
time: 72.45 seconds | lr: 0.000100
loss:1.516690 = (1-reg):0.40 * r2l_loss:1.495301 + (reg):0.60 * l2r_loss:1.530950
{'testlen': 579, 'reflen': 577, 'guess': [579, 479, 379, 280], 'correct': [522, 365, 228, 123]}
ratio: 1.0034662045043268
{'testlen': 558, 'reflen': 555, 'guess': [558, 458, 358, 258], 'correct': [502, 366, 235, 130]}
ratio: 1.005405405403594
[EPOCH 9 VAL]
time: 28.73 seconds
loss:2.323354 = (1-reg):0.40 * r2l_loss:2.315499 + (reg):0.60 * l2r_loss:2.328591
r2l_scores: {'Bleu_1': 0.9015544041435206, 'Bleu_2': 0.8288475253476623, 'Bleu_3': 0.744871988250956, 'Bleu_4': 0.6527516854284551, 'METEOR': 0.4458248231503029, 'ROUGE_L': 0.8132211347267525, 'CIDEr': 1.5785355172952666}
l2r_scores: {'Bleu_1': 0.8996415770593197, 'Bleu_2': 0.8478959538045624, 'Bleu_3': 0.7785562350214648, 'Bleu_4': 0.6983102260472812, 'METEOR': 0.45230820979606934, 'ROUGE_L': 0.8198903723194989, 'CIDEr': 1.5662641950667713}


[EPOCH 10 TRAIN]
time: 70.44 seconds | lr: 0.000100
loss:1.474719 = (1-reg):0.40 * r2l_loss:1.453792 + (reg):0.60 * l2r_loss:1.488671
{'testlen': 578, 'reflen': 576, 'guess': [578, 478, 378, 278], 'correct': [523, 368, 228, 122]}
ratio: 1.0034722222204802
{'testlen': 573, 'reflen': 570, 'guess': [573, 473, 373, 273], 'correct': [526, 388, 256, 146]}
ratio: 1.0052631578929732
[EPOCH 10 VAL]
time: 29.77 seconds
loss:2.301762 = (1-reg):0.40 * r2l_loss:2.298483 + (reg):0.60 * l2r_loss:2.303949
r2l_scores: {'Bleu_1': 0.904844290655874, 'Bleu_2': 0.8346355641969204, 'Bleu_3': 0.7489950368411359, 'Bleu_4': 0.6552966738996381, 'METEOR': 0.43712299979678765, 'ROUGE_L': 0.8094728075466148, 'CIDEr': 1.5212678510562794}
l2r_scores: {'Bleu_1': 0.9179755671886248, 'Bleu_2': 0.8677624504061895, 'Bleu_3': 0.8024985939991405, 'Bleu_4': 0.725071378859643, 'METEOR': 0.46584075520421725, 'ROUGE_L': 0.8436109381175807, 'CIDEr': 1.6634957227073264}


[EPOCH 11 TRAIN]
time: 72.34 seconds | lr: 0.000100
loss:1.438193 = (1-reg):0.40 * r2l_loss:1.416423 + (reg):0.60 * l2r_loss:1.452706
{'testlen': 570, 'reflen': 567, 'guess': [570, 470, 370, 272], 'correct': [522, 374, 240, 135]}
ratio: 1.0052910052892323
{'testlen': 583, 'reflen': 581, 'guess': [583, 483, 383, 283], 'correct': [532, 381, 235, 129]}
ratio: 1.0034423407900113
[EPOCH 11 VAL]
time: 29.09 seconds
loss:2.307515 = (1-reg):0.40 * r2l_loss:2.298534 + (reg):0.60 * l2r_loss:2.313503
r2l_scores: {'Bleu_1': 0.9157894736826039, 'Bleu_2': 0.8536595354476963, 'Bleu_3': 0.7789799921082489, 'Bleu_4': 0.6959626665505936, 'METEOR': 0.44777990510440285, 'ROUGE_L': 0.8217219528795444, 'CIDEr': 1.5476611254536805}
l2r_scores: {'Bleu_1': 0.9125214408217625, 'Bleu_2': 0.8484191473504306, 'Bleu_3': 0.7615469274525749, 'Bleu_4': 0.6698434598131069, 'METEOR': 0.4492700123605186, 'ROUGE_L': 0.8348796740056755, 'CIDEr': 1.5544562802171686}


[EPOCH 12 TRAIN]
time: 71.36 seconds | lr: 0.000100
loss:1.403893 = (1-reg):0.40 * r2l_loss:1.381569 + (reg):0.60 * l2r_loss:1.418775
{'testlen': 574, 'reflen': 571, 'guess': [574, 474, 374, 274], 'correct': [528, 378, 240, 139]}
ratio: 1.005253940453581
{'testlen': 563, 'reflen': 559, 'guess': [563, 463, 363, 263], 'correct': [522, 388, 247, 134]}
ratio: 1.0071556350608102
[EPOCH 12 VAL]
time: 29.22 seconds
loss:2.316876 = (1-reg):0.40 * r2l_loss:2.296149 + (reg):0.60 * l2r_loss:2.330694
r2l_scores: {'Bleu_1': 0.9198606271760978, 'Bleu_2': 0.8564810217733212, 'Bleu_3': 0.7779022767974488, 'Bleu_4': 0.6990525774308195, 'METEOR': 0.4669747650088671, 'ROUGE_L': 0.824848867338604, 'CIDEr': 1.534974853593337}
l2r_scores: {'Bleu_1': 0.927175843692847, 'Bleu_2': 0.8814677374984538, 'Bleu_3': 0.8086012163948278, 'Bleu_4': 0.7204238056740144, 'METEOR': 0.4634053803999152, 'ROUGE_L': 0.8478207674509151, 'CIDEr': 1.6662162931872428}


[EPOCH 13 TRAIN]
time: 68.89 seconds | lr: 0.000100
loss:1.373699 = (1-reg):0.40 * r2l_loss:1.351659 + (reg):0.60 * l2r_loss:1.388391
{'testlen': 567, 'reflen': 565, 'guess': [567, 467, 367, 268], 'correct': [527, 373, 238, 134]}
ratio: 1.0035398230070733
{'testlen': 573, 'reflen': 570, 'guess': [573, 473, 373, 273], 'correct': [520, 380, 241, 129]}
ratio: 1.0052631578929732
[EPOCH 13 VAL]
time: 28.44 seconds
loss:2.304968 = (1-reg):0.40 * r2l_loss:2.314815 + (reg):0.60 * l2r_loss:2.298403
r2l_scores: {'Bleu_1': 0.9294532627849569, 'Bleu_2': 0.8616080616259182, 'Bleu_3': 0.7837486398040541, 'Bleu_4': 0.7004467123047072, 'METEOR': 0.45593761871415583, 'ROUGE_L': 0.8274866028908293, 'CIDEr': 1.5300539830117221}
l2r_scores: {'Bleu_1': 0.9075043630001615, 'Bleu_2': 0.853857876112302, 'Bleu_3': 0.7780839604138111, 'Bleu_4': 0.6868732651962759, 'METEOR': 0.4575771004333882, 'ROUGE_L': 0.8279730829068497, 'CIDEr': 1.618017676211635}


[EPOCH 14 TRAIN]
time: 71.84 seconds | lr: 0.000100
loss:1.346339 = (1-reg):0.40 * r2l_loss:1.323603 + (reg):0.60 * l2r_loss:1.361497
{'testlen': 557, 'reflen': 560, 'guess': [557, 457, 357, 261], 'correct': [513, 356, 227, 127]}
ratio: 0.994642857141081
{'testlen': 566, 'reflen': 563, 'guess': [566, 466, 366, 266], 'correct': [515, 374, 235, 125]}
ratio: 1.0053285968010564
[EPOCH 14 VAL]
time: 29.76 seconds
loss:2.320762 = (1-reg):0.40 * r2l_loss:2.297437 + (reg):0.60 * l2r_loss:2.336311
r2l_scores: {'Bleu_1': 0.916058189043082, 'Bleu_2': 0.8424785948265289, 'Bleu_3': 0.765676693531981, 'Bleu_4': 0.6827160253102221, 'METEOR': 0.4322589314188787, 'ROUGE_L': 0.813651617112863, 'CIDEr': 1.5618399775811462}
l2r_scores: {'Bleu_1': 0.9098939929312546, 'Bleu_2': 0.8545515016681824, 'Bleu_3': 0.7768808567887184, 'Bleu_4': 0.685129881098961, 'METEOR': 0.4561031116353567, 'ROUGE_L': 0.831144463049322, 'CIDEr': 1.5794632859858806}


[EPOCH 15 TRAIN]
time: 70.94 seconds | lr: 0.000050
loss:1.284346 = (1-reg):0.40 * r2l_loss:1.261490 + (reg):0.60 * l2r_loss:1.299583
{'testlen': 572, 'reflen': 570, 'guess': [572, 472, 372, 274], 'correct': [525, 369, 230, 130]}
ratio: 1.003508771928064
{'testlen': 569, 'reflen': 565, 'guess': [569, 469, 369, 269], 'correct': [521, 373, 234, 121]}
ratio: 1.0070796460159166
[EPOCH 15 VAL]
time: 28.66 seconds
loss:2.305789 = (1-reg):0.40 * r2l_loss:2.299387 + (reg):0.60 * l2r_loss:2.310057
r2l_scores: {'Bleu_1': 0.9178321678305632, 'Bleu_2': 0.8470788163066699, 'Bleu_3': 0.7626831988564444, 'Bleu_4': 0.6773393894285001, 'METEOR': 0.44404832223063584, 'ROUGE_L': 0.8163402510815907, 'CIDEr': 1.5030337659827233}
l2r_scores: {'Bleu_1': 0.915641476272556, 'Bleu_2': 0.853356936507315, 'Bleu_3': 0.7729480616382349, 'Bleu_4': 0.6751045062845155, 'METEOR': 0.44589752948125305, 'ROUGE_L': 0.8221121082042288, 'CIDEr': 1.550415788216868}


[EPOCH 16 TRAIN]
time: 71.94 seconds | lr: 0.000050
loss:1.263509 = (1-reg):0.40 * r2l_loss:1.240004 + (reg):0.60 * l2r_loss:1.279178
{'testlen': 574, 'reflen': 573, 'guess': [574, 474, 374, 275], 'correct': [529, 372, 234, 133]}
ratio: 1.001745200696332
{'testlen': 569, 'reflen': 564, 'guess': [569, 469, 369, 269], 'correct': [520, 374, 242, 130]}
ratio: 1.0088652482251617
[EPOCH 16 VAL]
time: 29.03 seconds
loss:2.321954 = (1-reg):0.40 * r2l_loss:2.319994 + (reg):0.60 * l2r_loss:2.323261
r2l_scores: {'Bleu_1': 0.9216027874548405, 'Bleu_2': 0.8504605812614058, 'Bleu_3': 0.7677459680529889, 'Bleu_4': 0.6839792002256679, 'METEOR': 0.4470896403326616, 'ROUGE_L': 0.8186086887748186, 'CIDEr': 1.5692825610791683}
l2r_scores: {'Bleu_1': 0.9138840070282709, 'Bleu_2': 0.853679629401014, 'Bleu_3': 0.7818551098246873, 'Bleu_4': 0.6932541486495288, 'METEOR': 0.4567564055450942, 'ROUGE_L': 0.8302282744212802, 'CIDEr': 1.5777300406436368}



[BEST: 7 | SEED: 904666 | VAL-CIDEr: 1.742046164860181]
{'testlen': 3977, 'reflen': 3977, 'guess': [3977, 3307, 2637, 1969], 'correct': [3552, 2465, 1551, 848]}
ratio: 0.9999999999997485
{'testlen': 3730, 'reflen': 3730, 'guess': [3730, 3060, 2390, 1720], 'correct': [3364, 2371, 1512, 819]}
ratio: 0.9999999999997319
time: 102.91 seconds
r2l_scores: {'Bleu_1': 0.893135529292988, 'Bleu_2': 0.8159246378974907, 'Bleu_3': 0.731589147188882, 'Bleu_4': 0.6408228287920745, 'METEOR': 0.4380976592170337, 'ROUGE_L': 0.8081170880828288, 'CIDEr': 1.345745916306723}
l2r_scores: {'Bleu_1': 0.9018766756027334, 'Bleu_2': 0.8359468034042793, 'Bleu_3': 0.7617931403263405, 'Bleu_4': 0.6773554928654912, 'METEOR': 0.4581867864582614, 'ROUGE_L': 0.8292022861835817, 'CIDEr': 1.3803421442214079}
----------------------------------------
>> [Train time] Total: 1143.99 seconds => Per epoch: 71.50 seconds
>> [Val time] Total: 464.90 seconds => Per epoch: 29.06 seconds
