Found 1 CUDA device(s)

Device 0: NVIDIA A100-SXM4-40GB
  Total memory bytes: 42296475648
  MultiProcessor count: 108
  Major.Minor: 8.0
  Max threads per block: 2048
  Memory reserved bytes: 0
  Memory allocated bytes: 0
  Free inside reserved bytes: 0
  Active allocations: 0
========================================
MODEL ID: VATEX = FEAT newBlip2ClsKF+newMViTv2+newImgCapBlip2KF fsl-9 mcl-20 = Transformer d-512 N_enc-0 N_dec-3 h-8 h_big-8 dp-0.1 = OPTIM lr-0.0001 warmup-3 gamma-0.5 pat-3 wd-5e-06 rg-0.5 = bs-64-gc-5.0-ls-0.15 = 1764621339
Enter the load_video_feats method.
Enter the load_video_feats method.
Enter the load_video_feats method.
#vocabs: 12511 (26446), #words: 3078359 (3095340). Trim words which appear less than 3 times.
{'Total': 57352126, 'Trainable': 57352126}


[EPOCH 1 TRAIN]
time: 349.15 seconds | lr: 0.000033
loss:3.677541 = (1-reg):0.50 * r2l_loss:3.677066 + (reg):0.50 * l2r_loss:3.678017
{'testlen': 27163, 'reflen': 29668, 'guess': [27163, 24599, 22035, 19471], 'correct': [20005, 11094, 5329, 1981]}
ratio: 0.9155655925576069
{'testlen': 31107, 'reflen': 31414, 'guess': [31107, 28543, 25979, 23415], 'correct': [22748, 12531, 6058, 2436]}
ratio: 0.9902272871967597
[EPOCH 1 VAL]
time: 517.78 seconds
loss:3.196603 = (1-reg):0.50 * r2l_loss:3.159978 + (reg):0.50 * l2r_loss:3.233228
r2l_scores: {'Bleu_1': 0.6715985271663314, 'Bleu_2': 0.5255507721863497, 'Bleu_3': 0.3934627700482439, 'Bleu_4': 0.27418204845585026, 'METEOR': 0.202743514439457, 'ROUGE_L': 0.47133851868485344, 'CIDEr': 0.3732731766544498}
l2r_scores: {'Bleu_1': 0.7241007012952254, 'Bleu_2': 0.5610473031541944, 'Bleu_3': 0.41732386896148016, 'Bleu_4': 0.2941569871200546, 'METEOR': 0.22032252932779808, 'ROUGE_L': 0.4876610211929631, 'CIDEr': 0.3955165821575152}
>> Saving checkpoint to 1.ckpt
>> New best model at epoch 1 | CIDEr: 0.3955165821575152


[EPOCH 2 TRAIN]
time: 341.90 seconds | lr: 0.000056
loss:2.927456 = (1-reg):0.50 * r2l_loss:2.924428 + (reg):0.50 * l2r_loss:2.930483
{'testlen': 27110, 'reflen': 29205, 'guess': [27110, 24546, 21982, 19418], 'correct': [21587, 12891, 6768, 2941]}
ratio: 0.928265707926693
{'testlen': 29203, 'reflen': 29789, 'guess': [29203, 26639, 24075, 21511], 'correct': [23188, 14015, 7436, 3317]}
ratio: 0.9803283091073557
[EPOCH 2 VAL]
time: 501.64 seconds
loss:2.778880 = (1-reg):0.50 * r2l_loss:2.769490 + (reg):0.50 * l2r_loss:2.788271
r2l_scores: {'Bleu_1': 0.7370576707741435, 'Bleu_2': 0.5985811312235453, 'Bleu_3': 0.4674042203078798, 'Bleu_4': 0.34590096858397534, 'METEOR': 0.23689102325344488, 'ROUGE_L': 0.5164375870064379, 'CIDEr': 0.6239080209600298}
l2r_scores: {'Bleu_1': 0.7782535004860418, 'Bleu_2': 0.633491458045257, 'Bleu_3': 0.49527524761911296, 'Bleu_4': 0.3681099024963706, 'METEOR': 0.2483125420782923, 'ROUGE_L': 0.5283922506297751, 'CIDEr': 0.6394649825489404}
>> Saving checkpoint to 2.ckpt
>> New best model at epoch 2 | CIDEr: 0.6394649825489404


[EPOCH 3 TRAIN]
time: 349.03 seconds | lr: 0.000078
loss:2.643304 = (1-reg):0.50 * r2l_loss:2.642826 + (reg):0.50 * l2r_loss:2.643782
{'testlen': 25458, 'reflen': 28005, 'guess': [25458, 22894, 20330, 17766], 'correct': [21146, 13137, 7155, 3257]}
ratio: 0.9090519550080018
{'testlen': 30175, 'reflen': 30435, 'guess': [30175, 27611, 25047, 22483], 'correct': [24081, 14818, 8098, 3764]}
ratio: 0.9914572038770826
[EPOCH 3 VAL]
time: 484.41 seconds
loss:2.607554 = (1-reg):0.50 * r2l_loss:2.595402 + (reg):0.50 * l2r_loss:2.619705
r2l_scores: {'Bleu_1': 0.7515433328828679, 'Bleu_2': 0.6246536964215094, 'Bleu_3': 0.4989997441016859, 'Bleu_4': 0.37889579680582663, 'METEOR': 0.2490256405396435, 'ROUGE_L': 0.5331837465051004, 'CIDEr': 0.7055203708724858}
l2r_scores: {'Bleu_1': 0.7911980023802243, 'Bleu_2': 0.6488215854569794, 'Bleu_3': 0.5129127873285996, 'Bleu_4': 0.38685300011740564, 'METEOR': 0.26095547496338234, 'ROUGE_L': 0.5369715583748614, 'CIDEr': 0.7307201361085969}
>> Saving checkpoint to 3.ckpt
>> New best model at epoch 3 | CIDEr: 0.7307201361085969


[EPOCH 4 TRAIN]
time: 337.61 seconds | lr: 0.000100
loss:2.485124 = (1-reg):0.50 * r2l_loss:2.486980 + (reg):0.50 * l2r_loss:2.483269
{'testlen': 27435, 'reflen': 29006, 'guess': [27435, 24871, 22307, 19743], 'correct': [22628, 14068, 7683, 3566]}
ratio: 0.9458387919740417
{'testlen': 29792, 'reflen': 30110, 'guess': [29792, 27228, 24664, 22100], 'correct': [24463, 15411, 8560, 4080]}
ratio: 0.9894387246761545
[EPOCH 4 VAL]
time: 505.65 seconds
loss:2.497741 = (1-reg):0.50 * r2l_loss:2.495096 + (reg):0.50 * l2r_loss:2.500386
r2l_scores: {'Bleu_1': 0.7788832517162896, 'Bleu_2': 0.645017234107861, 'Bleu_3': 0.5133983725645603, 'Bleu_4': 0.3897765471014362, 'METEOR': 0.25772783553613887, 'ROUGE_L': 0.5391998995961723, 'CIDEr': 0.7697129742455571}
l2r_scores: {'Bleu_1': 0.8124083788914211, 'Bleu_2': 0.6744921587178235, 'Bleu_3': 0.538570796370814, 'Bleu_4': 0.4109984245435453, 'METEOR': 0.26780736613752193, 'ROUGE_L': 0.5482795566085066, 'CIDEr': 0.8108883932803367}
>> Saving checkpoint to 4.ckpt
>> New best model at epoch 4 | CIDEr: 0.8108883932803367


[EPOCH 5 TRAIN]
time: 343.54 seconds | lr: 0.000100
loss:2.371177 = (1-reg):0.50 * r2l_loss:2.374755 + (reg):0.50 * l2r_loss:2.367600
{'testlen': 27440, 'reflen': 28818, 'guess': [27440, 24876, 22312, 19748], 'correct': [22845, 14290, 7888, 3717]}
ratio: 0.9521826636129865
{'testlen': 29848, 'reflen': 30141, 'guess': [29848, 27284, 24720, 22156], 'correct': [24729, 15594, 8670, 4189]}
ratio: 0.9902790219302282
[EPOCH 5 VAL]
time: 482.07 seconds
loss:2.428715 = (1-reg):0.50 * r2l_loss:2.435334 + (reg):0.50 * l2r_loss:2.422096
r2l_scores: {'Bleu_1': 0.7917669490380645, 'Bleu_2': 0.657687642072186, 'Bleu_3': 0.525879238985126, 'Bleu_4': 0.4016793063198497, 'METEOR': 0.26138243653097193, 'ROUGE_L': 0.544157370539081, 'CIDEr': 0.7933873960371753}
l2r_scores: {'Bleu_1': 0.8204046416354162, 'Bleu_2': 0.681407946692419, 'Bleu_3': 0.5443028435534069, 'Bleu_4': 0.4168400131478931, 'METEOR': 0.27304882886110643, 'ROUGE_L': 0.5530827611605396, 'CIDEr': 0.8363862862457327}
>> Saving checkpoint to 5.ckpt
>> New best model at epoch 5 | CIDEr: 0.8363862862457327


[EPOCH 6 TRAIN]
time: 342.83 seconds | lr: 0.000100
loss:2.292311 = (1-reg):0.50 * r2l_loss:2.297393 + (reg):0.50 * l2r_loss:2.287229
{'testlen': 26781, 'reflen': 28486, 'guess': [26781, 24217, 21653, 19089], 'correct': [22716, 14478, 8068, 3790]}
ratio: 0.9401460366495492
{'testlen': 29672, 'reflen': 30059, 'guess': [29672, 27108, 24544, 21980], 'correct': [24783, 15846, 9003, 4427]}
ratio: 0.9871253202035667
[EPOCH 6 VAL]
time: 485.43 seconds
loss:2.389212 = (1-reg):0.50 * r2l_loss:2.394400 + (reg):0.50 * l2r_loss:2.384024
r2l_scores: {'Bleu_1': 0.7958952501052886, 'Bleu_2': 0.6681861860022125, 'Bleu_3': 0.5384324351503578, 'Bleu_4': 0.4129525278981806, 'METEOR': 0.26434370477532243, 'ROUGE_L': 0.5523597472483808, 'CIDEr': 0.8164153714036333}
l2r_scores: {'Bleu_1': 0.8244090065727372, 'Bleu_2': 0.6896842157938016, 'Bleu_3': 0.5563644655026198, 'Bleu_4': 0.43015394915774235, 'METEOR': 0.2765688430625722, 'ROUGE_L': 0.5590055119187972, 'CIDEr': 0.8653747048531006}
>> Saving checkpoint to 6.ckpt
>> New best model at epoch 6 | CIDEr: 0.8653747048531006


[EPOCH 7 TRAIN]
time: 330.90 seconds | lr: 0.000100
loss:2.231525 = (1-reg):0.50 * r2l_loss:2.237546 + (reg):0.50 * l2r_loss:2.225504
{'testlen': 28135, 'reflen': 29245, 'guess': [28135, 25571, 23007, 20443], 'correct': [23595, 15049, 8433, 4035]}
ratio: 0.9620447939818443
{'testlen': 30670, 'reflen': 30813, 'guess': [30670, 28106, 25542, 22978], 'correct': [25445, 16199, 9134, 4446]}
ratio: 0.9953591016778309
[EPOCH 7 VAL]
time: 495.97 seconds
loss:2.362129 = (1-reg):0.50 * r2l_loss:2.367752 + (reg):0.50 * l2r_loss:2.356506
r2l_scores: {'Bleu_1': 0.8061929550766235, 'Bleu_2': 0.6753554869224361, 'Bleu_3': 0.5436895301925057, 'Bleu_4': 0.417882745302422, 'METEOR': 0.26894243898075443, 'ROUGE_L': 0.5522717602547496, 'CIDEr': 0.8388651277581626}
l2r_scores: {'Bleu_1': 0.8257788686792153, 'Bleu_2': 0.6882781891400146, 'Bleu_3': 0.5524628368937442, 'Bleu_4': 0.42450751384099666, 'METEOR': 0.27710213173665726, 'ROUGE_L': 0.5555597040810786, 'CIDEr': 0.8670940003075388}
>> Saving checkpoint to 7.ckpt
>> New best model at epoch 7 | CIDEr: 0.8670940003075388


[EPOCH 8 TRAIN]
time: 338.73 seconds | lr: 0.000100
loss:2.182538 = (1-reg):0.50 * r2l_loss:2.188992 + (reg):0.50 * l2r_loss:2.176084
{'testlen': 28072, 'reflen': 29160, 'guess': [28072, 25508, 22944, 20380], 'correct': [23558, 14999, 8406, 4045]}
ratio: 0.9626886145404334
{'testlen': 30347, 'reflen': 30559, 'guess': [30347, 27783, 25219, 22655], 'correct': [25133, 15948, 8878, 4315]}
ratio: 0.9930626002159432
[EPOCH 8 VAL]
time: 501.18 seconds
loss:2.329896 = (1-reg):0.50 * r2l_loss:2.343085 + (reg):0.50 * l2r_loss:2.316707
r2l_scores: {'Bleu_1': 0.8072961888046488, 'Bleu_2': 0.6757613044255243, 'Bleu_3': 0.5439490762350226, 'Bleu_4': 0.418686761613504, 'METEOR': 0.26858400824181206, 'ROUGE_L': 0.5528511903123686, 'CIDEr': 0.8394079930932944}
l2r_scores: {'Bleu_1': 0.8224218585271316, 'Bleu_2': 0.6846898744487988, 'Bleu_3': 0.5472432195090353, 'Bleu_4': 0.41959566706791823, 'METEOR': 0.27769961326100057, 'ROUGE_L': 0.5568585490303397, 'CIDEr': 0.8686083532871857}
>> Saving checkpoint to 8.ckpt
>> New best model at epoch 8 | CIDEr: 0.8686083532871857


[EPOCH 9 TRAIN]
time: 328.27 seconds | lr: 0.000100
loss:2.140726 = (1-reg):0.50 * r2l_loss:2.148132 + (reg):0.50 * l2r_loss:2.133321
{'testlen': 27348, 'reflen': 28688, 'guess': [27348, 24784, 22220, 19656], 'correct': [23281, 14998, 8420, 3993]}
ratio: 0.9532905744561854
{'testlen': 30608, 'reflen': 30785, 'guess': [30608, 28044, 25480, 22916], 'correct': [25477, 16179, 9037, 4350]}
ratio: 0.9942504466460615
[EPOCH 9 VAL]
time: 489.29 seconds
loss:2.314343 = (1-reg):0.50 * r2l_loss:2.328016 + (reg):0.50 * l2r_loss:2.300670
r2l_scores: {'Bleu_1': 0.8105810673791393, 'Bleu_2': 0.6834227008268232, 'Bleu_3': 0.5523602420836093, 'Bleu_4': 0.4249109755685157, 'METEOR': 0.2682397860520887, 'ROUGE_L': 0.5558635082599253, 'CIDEr': 0.8379923453096857}
l2r_scores: {'Bleu_1': 0.8275645818776164, 'Bleu_2': 0.688971229174168, 'Bleu_3': 0.5511103038657282, 'Bleu_4': 0.4215883966327399, 'METEOR': 0.27840525064478344, 'ROUGE_L': 0.5582416925435799, 'CIDEr': 0.8742192500456982}
>> Saving checkpoint to 9.ckpt
>> New best model at epoch 9 | CIDEr: 0.8742192500456982


[EPOCH 10 TRAIN]
time: 343.56 seconds | lr: 0.000100
loss:2.104189 = (1-reg):0.50 * r2l_loss:2.111542 + (reg):0.50 * l2r_loss:2.096837
{'testlen': 27500, 'reflen': 28722, 'guess': [27500, 24936, 22372, 19808], 'correct': [23338, 14853, 8286, 3989]}
ratio: 0.95745421628017
{'testlen': 30384, 'reflen': 30524, 'guess': [30384, 27820, 25256, 22692], 'correct': [25336, 16173, 9059, 4462]}
ratio: 0.9954134451578759
[EPOCH 10 VAL]
time: 494.04 seconds
loss:2.295665 = (1-reg):0.50 * r2l_loss:2.311480 + (reg):0.50 * l2r_loss:2.279851
r2l_scores: {'Bleu_1': 0.8117690220208006, 'Bleu_2': 0.6800810899538478, 'Bleu_3': 0.5472104087735434, 'Bleu_4': 0.4214994358253502, 'METEOR': 0.2696667949642392, 'ROUGE_L': 0.5544015784755475, 'CIDEr': 0.8441599350504343}
l2r_scores: {'Bleu_1': 0.8300265978598761, 'Bleu_2': 0.6930462027687352, 'Bleu_3': 0.5555796433324488, 'Bleu_4': 0.42802946649874873, 'METEOR': 0.27953443851253745, 'ROUGE_L': 0.5577896178483494, 'CIDEr': 0.880958981755159}
>> Saving checkpoint to 10.ckpt
>> New best model at epoch 10 | CIDEr: 0.880958981755159



[BEST: 10 | SEED: 904666 | VAL-CIDEr: 0.880958981755159]
{'testlen': 56631, 'reflen': 59011, 'guess': [56631, 51447, 46263, 41079], 'correct': [46832, 28934, 15878, 7384]}
ratio: 0.9596685363745581
{'testlen': 62212, 'reflen': 62496, 'guess': [62212, 57028, 51844, 46660], 'correct': [50911, 31684, 17628, 8460]}
ratio: 0.9954557091653707
time: 984.55 seconds
r2l_scores: {'Bleu_1': 0.7929332297519153, 'Bleu_2': 0.6539079119446827, 'Bleu_3': 0.5201330431237506, 'Bleu_4': 0.3946306617002708, 'METEOR': 0.2584095250782514, 'ROUGE_L': 0.5387609006960299, 'CIDEr': 0.7377048836742732}
l2r_scores: {'Bleu_1': 0.8146196737470603, 'Bleu_2': 0.6712156813096647, 'Bleu_3': 0.5342551527004044, 'Bleu_4': 0.4073074035973063, 'METEOR': 0.26922815255015875, 'ROUGE_L': 0.5457293570822059, 'CIDEr': 0.7748782118647779}
----------------------------------------
>> [Train time] Total: 3405.52 seconds => Per epoch: 340.55 seconds
>> [Val time] Total: 4957.45 seconds => Per epoch: 495.75 seconds
