Found 1 CUDA device(s)

Device 0: NVIDIA A100-SXM4-40GB
  Total memory bytes: 42296475648
  MultiProcessor count: 108
  Major.Minor: 8.0
  Max threads per block: 2048
  Memory reserved bytes: 0
  Memory allocated bytes: 0
  Free inside reserved bytes: 0
  Active allocations: 0
========================================
MODEL ID: MSRVTT = FEAT newBlip2ClsKF+newMViTv2+newImgCapBlip2KF fsl-13 mcl-20 = Transformer d-512 N_enc-0 N_dec-3 h-4 h_big-4 dp-0.1 = OPTIM lr-0.0001 warmup-3 gamma-0.5 pat-3 wd-5e-06 rg-0.6 = bs-64-gc-5.0-ls-0.05 = 1764751572
Enter the load_video_feats method.
Enter the load_video_feats method.
Enter the load_video_feats method.
#vocabs: 10444 (23046), #words: 1178850 (1194458). Trim words which appear less than 3 times.
{'Total': 53114776, 'Trainable': 53114776}


[EPOCH 1 TRAIN]
time: 195.05 seconds | lr: 0.000033
loss:4.491326 = (1-reg):0.40 * r2l_loss:4.491919 + (reg):0.60 * l2r_loss:4.490931
{'testlen': 2832, 'reflen': 3145, 'guess': [2832, 2335, 1838, 1352], 'correct': [2426, 1412, 692, 284]}
ratio: 0.9004769475354848
{'testlen': 2955, 'reflen': 3198, 'guess': [2955, 2458, 1961, 1464], 'correct': [2558, 1547, 788, 344]}
ratio: 0.9240150093805741
[EPOCH 1 VAL]
time: 75.65 seconds
loss:3.953782 = (1-reg):0.40 * r2l_loss:3.910326 + (reg):0.60 * l2r_loss:3.982753
r2l_scores: {'Bleu_1': 0.767004995820534, 'Bleu_2': 0.6444264016918386, 'Bleu_3': 0.5192413783420788, 'Bleu_4': 0.40282140878150735, 'METEOR': 0.2791141169755616, 'ROUGE_L': 0.6028238382820933, 'CIDEr': 0.45176244118571696}
l2r_scores: {'Bleu_1': 0.7973141994283326, 'Bleu_2': 0.6798485704227792, 'Bleu_3': 0.5551194977948679, 'Bleu_4': 0.4386476565992091, 'METEOR': 0.2900584893473585, 'ROUGE_L': 0.618917351351221, 'CIDEr': 0.452661618167643}
>> Saving checkpoint to 1.ckpt
>> New best model at epoch 1 | CIDEr: 0.452661618167643


[EPOCH 2 TRAIN]
time: 194.96 seconds | lr: 0.000056
loss:3.689596 = (1-reg):0.40 * r2l_loss:3.675446 + (reg):0.60 * l2r_loss:3.699029
{'testlen': 2946, 'reflen': 3195, 'guess': [2946, 2449, 1952, 1458], 'correct': [2604, 1581, 816, 338]}
ratio: 0.9220657276992419
{'testlen': 2967, 'reflen': 3199, 'guess': [2967, 2470, 1973, 1476], 'correct': [2634, 1637, 863, 386]}
ratio: 0.9274773366674187
[EPOCH 2 VAL]
time: 77.14 seconds
loss:3.573547 = (1-reg):0.40 * r2l_loss:3.527493 + (reg):0.60 * l2r_loss:3.604250
r2l_scores: {'Bleu_1': 0.8122712209659041, 'Bleu_2': 0.6941742344861327, 'Bleu_3': 0.5699193268124797, 'Bleu_4': 0.44562858384260295, 'METEOR': 0.29430030815439306, 'ROUGE_L': 0.6339746835947444, 'CIDEr': 0.571228290330811}
l2r_scores: {'Bleu_1': 0.8209925865123433, 'Bleu_2': 0.7093588418867609, 'Bleu_3': 0.5882368556452274, 'Bleu_4': 0.47103118751458634, 'METEOR': 0.3040402564986826, 'ROUGE_L': 0.6371279021746383, 'CIDEr': 0.5250838332865979}
>> Saving checkpoint to 2.ckpt
>> New best model at epoch 2 | CIDEr: 0.5250838332865979


[EPOCH 3 TRAIN]
time: 188.45 seconds | lr: 0.000078
loss:3.351665 = (1-reg):0.40 * r2l_loss:3.338455 + (reg):0.60 * l2r_loss:3.360472
{'testlen': 2974, 'reflen': 3211, 'guess': [2974, 2477, 1980, 1483], 'correct': [2595, 1601, 833, 358]}
ratio: 0.926191217688905
{'testlen': 3115, 'reflen': 3313, 'guess': [3115, 2618, 2121, 1624], 'correct': [2758, 1724, 902, 408]}
ratio: 0.9402354361602957
[EPOCH 3 VAL]
time: 78.33 seconds
loss:3.333925 = (1-reg):0.40 * r2l_loss:3.327260 + (reg):0.60 * l2r_loss:3.338368
r2l_scores: {'Bleu_1': 0.8057256462082506, 'Bleu_2': 0.6934603765878591, 'Bleu_3': 0.5716602140638984, 'Bleu_4': 0.4517380178949007, 'METEOR': 0.3039538688156738, 'ROUGE_L': 0.6413058929397173, 'CIDEr': 0.5979123165108824}
l2r_scores: {'Bleu_1': 0.8308659774628666, 'Bleu_2': 0.7165502963156146, 'Bleu_3': 0.5895464083921454, 'Bleu_4': 0.46881956136741854, 'METEOR': 0.3119574830186148, 'ROUGE_L': 0.645776737897245, 'CIDEr': 0.593749989021504}
>> Saving checkpoint to 3.ckpt
>> New best model at epoch 3 | CIDEr: 0.593749989021504


[EPOCH 4 TRAIN]
time: 189.71 seconds | lr: 0.000100
loss:3.127116 = (1-reg):0.40 * r2l_loss:3.113953 + (reg):0.60 * l2r_loss:3.135891
{'testlen': 3181, 'reflen': 3371, 'guess': [3181, 2684, 2187, 1691], 'correct': [2715, 1607, 811, 351]}
ratio: 0.9436369029958637
{'testlen': 3154, 'reflen': 3333, 'guess': [3154, 2657, 2160, 1663], 'correct': [2780, 1769, 959, 454]}
ratio: 0.9462946294626624
[EPOCH 4 VAL]
time: 81.30 seconds
loss:3.236700 = (1-reg):0.40 * r2l_loss:3.238747 + (reg):0.60 * l2r_loss:3.235336
r2l_scores: {'Bleu_1': 0.8040182555543833, 'Bleu_2': 0.6734099203467362, 'Bleu_3': 0.5410826544886163, 'Bleu_4': 0.4195208233960462, 'METEOR': 0.29131552902932323, 'ROUGE_L': 0.6135656752860192, 'CIDEr': 0.5892227134824639}
l2r_scores: {'Bleu_1': 0.8327898996434452, 'Bleu_2': 0.7237890942450369, 'Bleu_3': 0.6034580561518649, 'Bleu_4': 0.48793762010524644, 'METEOR': 0.31311656471240734, 'ROUGE_L': 0.6427120932424191, 'CIDEr': 0.6205863777319651}
>> Saving checkpoint to 4.ckpt
>> New best model at epoch 4 | CIDEr: 0.6205863777319651


[EPOCH 5 TRAIN]
time: 191.23 seconds | lr: 0.000100
loss:2.951256 = (1-reg):0.40 * r2l_loss:2.936221 + (reg):0.60 * l2r_loss:2.961279
{'testlen': 3120, 'reflen': 3323, 'guess': [3120, 2623, 2126, 1629], 'correct': [2694, 1614, 824, 350]}
ratio: 0.9389106229308039
{'testlen': 3147, 'reflen': 3314, 'guess': [3147, 2650, 2153, 1656], 'correct': [2801, 1769, 950, 433]}
ratio: 0.9496077248035759
[EPOCH 5 VAL]
time: 79.77 seconds
loss:3.161293 = (1-reg):0.40 * r2l_loss:3.156700 + (reg):0.60 * l2r_loss:3.164354
r2l_scores: {'Bleu_1': 0.8090698484554358, 'Bleu_2': 0.6829943921910585, 'Bleu_3': 0.5533251564812588, 'Bleu_4': 0.42974200571831495, 'METEOR': 0.2934362068800309, 'ROUGE_L': 0.6210271499582425, 'CIDEr': 0.5980089904070216}
l2r_scores: {'Bleu_1': 0.8440533847937277, 'Bleu_2': 0.7309753170781802, 'Bleu_3': 0.6069405911642499, 'Bleu_4': 0.485238125054718, 'METEOR': 0.3161506845535844, 'ROUGE_L': 0.6518264093006684, 'CIDEr': 0.6217951116281797}
>> Saving checkpoint to 5.ckpt
>> New best model at epoch 5 | CIDEr: 0.6217951116281797


[EPOCH 6 TRAIN]
time: 191.93 seconds | lr: 0.000100
loss:2.822102 = (1-reg):0.40 * r2l_loss:2.805882 + (reg):0.60 * l2r_loss:2.832914
{'testlen': 3165, 'reflen': 3372, 'guess': [3165, 2668, 2171, 1675], 'correct': [2737, 1681, 894, 404]}
ratio: 0.9386120996438497
{'testlen': 3287, 'reflen': 3425, 'guess': [3287, 2790, 2293, 1796], 'correct': [2911, 1855, 1026, 489]}
ratio: 0.9597080291968001
[EPOCH 6 VAL]
time: 81.43 seconds
loss:3.137801 = (1-reg):0.40 * r2l_loss:3.145833 + (reg):0.60 * l2r_loss:3.132446
r2l_scores: {'Bleu_1': 0.8100223256698478, 'Bleu_2': 0.6914127621931848, 'Bleu_3': 0.5691797773705081, 'Bleu_4': 0.4517807385066372, 'METEOR': 0.29818554971703704, 'ROUGE_L': 0.633861932054802, 'CIDEr': 0.6309476816105081}
l2r_scores: {'Bleu_1': 0.8491985967728497, 'Bleu_2': 0.7357967623537328, 'Bleu_3': 0.614717069113524, 'Bleu_4': 0.49624800943726205, 'METEOR': 0.323488798744503, 'ROUGE_L': 0.6555266327800174, 'CIDEr': 0.6458415990746827}
>> Saving checkpoint to 6.ckpt
>> New best model at epoch 6 | CIDEr: 0.6458415990746827


[EPOCH 7 TRAIN]
time: 193.41 seconds | lr: 0.000100
loss:2.720339 = (1-reg):0.40 * r2l_loss:2.704340 + (reg):0.60 * l2r_loss:2.731005
{'testlen': 3350, 'reflen': 3515, 'guess': [3350, 2853, 2356, 1859], 'correct': [2880, 1781, 966, 471]}
ratio: 0.953058321479103
{'testlen': 3369, 'reflen': 3488, 'guess': [3369, 2872, 2375, 1879], 'correct': [2943, 1883, 1023, 470]}
ratio: 0.9658830275226589
[EPOCH 7 VAL]
time: 83.22 seconds
loss:3.105519 = (1-reg):0.40 * r2l_loss:3.118880 + (reg):0.60 * l2r_loss:3.096611
r2l_scores: {'Bleu_1': 0.8183838623846179, 'Bleu_2': 0.6973716537698957, 'Bleu_3': 0.57470714858481, 'Bleu_4': 0.46256489779664095, 'METEOR': 0.31001152207883054, 'ROUGE_L': 0.641959676517057, 'CIDEr': 0.6323411107661647}
l2r_scores: {'Bleu_1': 0.8432358806092848, 'Bleu_2': 0.7305288885054612, 'Bleu_3': 0.6054090079981718, 'Bleu_4': 0.48111000134374926, 'METEOR': 0.3234596565934132, 'ROUGE_L': 0.6516073458424503, 'CIDEr': 0.6327497749713196}


[EPOCH 8 TRAIN]
time: 194.22 seconds | lr: 0.000100
loss:2.635510 = (1-reg):0.40 * r2l_loss:2.618592 + (reg):0.60 * l2r_loss:2.646789
{'testlen': 3329, 'reflen': 3475, 'guess': [3329, 2832, 2335, 1838], 'correct': [2858, 1714, 895, 417]}
ratio: 0.9579856115105156
{'testlen': 3313, 'reflen': 3439, 'guess': [3313, 2816, 2319, 1822], 'correct': [2882, 1818, 994, 461]}
ratio: 0.9633614422794523
[EPOCH 8 VAL]
time: 82.90 seconds
loss:3.094628 = (1-reg):0.40 * r2l_loss:3.104019 + (reg):0.60 * l2r_loss:3.088367
r2l_scores: {'Bleu_1': 0.8216778315239532, 'Bleu_2': 0.6898999916801816, 'Bleu_3': 0.5589254136104581, 'Bleu_4': 0.44126686255594716, 'METEOR': 0.3029988554754296, 'ROUGE_L': 0.6327018236506095, 'CIDEr': 0.6270570558112357}
l2r_scores: {'Bleu_1': 0.8374433821998625, 'Bleu_2': 0.7214393038090938, 'Bleu_3': 0.5988564285639661, 'Bleu_4': 0.47824551263226234, 'METEOR': 0.31948896851284553, 'ROUGE_L': 0.6440926973230031, 'CIDEr': 0.6146186976119781}


[EPOCH 9 TRAIN]
time: 193.81 seconds | lr: 0.000100
loss:2.562982 = (1-reg):0.40 * r2l_loss:2.545925 + (reg):0.60 * l2r_loss:2.574353
{'testlen': 3280, 'reflen': 3461, 'guess': [3280, 2783, 2286, 1790], 'correct': [2815, 1713, 903, 419]}
ratio: 0.947702976018218
{'testlen': 3223, 'reflen': 3370, 'guess': [3223, 2726, 2229, 1732], 'correct': [2861, 1836, 1008, 483]}
ratio: 0.9563798219581732
[EPOCH 9 VAL]
time: 84.23 seconds
loss:3.090529 = (1-reg):0.40 * r2l_loss:3.101970 + (reg):0.60 * l2r_loss:3.082901
r2l_scores: {'Bleu_1': 0.8121549859523362, 'Bleu_2': 0.687794526613223, 'Bleu_3': 0.5612906031061772, 'Bleu_4': 0.44487670603556434, 'METEOR': 0.30611358904914415, 'ROUGE_L': 0.6358470757027082, 'CIDEr': 0.620980617611084}
l2r_scores: {'Bleu_1': 0.8481047972289395, 'Bleu_2': 0.7387443226678782, 'Bleu_3': 0.6177938507848858, 'Bleu_4': 0.5006456978775569, 'METEOR': 0.3248779142556519, 'ROUGE_L': 0.6594212316086363, 'CIDEr': 0.6461216882304787}
>> Saving checkpoint to 9.ckpt
>> New best model at epoch 9 | CIDEr: 0.6461216882304787


[EPOCH 10 TRAIN]
time: 185.03 seconds | lr: 0.000100
loss:2.500408 = (1-reg):0.40 * r2l_loss:2.481896 + (reg):0.60 * l2r_loss:2.512748
{'testlen': 3252, 'reflen': 3437, 'guess': [3252, 2755, 2258, 1762], 'correct': [2810, 1700, 884, 403]}
ratio: 0.9461739889435711
{'testlen': 3364, 'reflen': 3488, 'guess': [3364, 2867, 2370, 1873], 'correct': [2917, 1802, 963, 450]}
ratio: 0.9644495412841272
[EPOCH 10 VAL]
time: 82.36 seconds
loss:3.097440 = (1-reg):0.40 * r2l_loss:3.114294 + (reg):0.60 * l2r_loss:3.086203
r2l_scores: {'Bleu_1': 0.8162996467900159, 'Bleu_2': 0.6898193558227882, 'Bleu_3': 0.5603993658067321, 'Bleu_4': 0.44159227582637767, 'METEOR': 0.30001350419661443, 'ROUGE_L': 0.630124793497601, 'CIDEr': 0.6101413154602244}
l2r_scores: {'Bleu_1': 0.8357414942405677, 'Bleu_2': 0.7115334000714524, 'Bleu_3': 0.5831138393185653, 'Bleu_4': 0.4628940266850987, 'METEOR': 0.3168748527604918, 'ROUGE_L': 0.639693831761925, 'CIDEr': 0.5991287272648947}


[EPOCH 11 TRAIN]
time: 189.46 seconds | lr: 0.000100
loss:2.443403 = (1-reg):0.40 * r2l_loss:2.424721 + (reg):0.60 * l2r_loss:2.455857
{'testlen': 3228, 'reflen': 3376, 'guess': [3228, 2731, 2234, 1737], 'correct': [2780, 1691, 882, 401]}
ratio: 0.956161137440475
{'testlen': 3357, 'reflen': 3452, 'guess': [3357, 2860, 2363, 1866], 'correct': [2936, 1832, 969, 445]}
ratio: 0.9724797219000659
[EPOCH 11 VAL]
time: 82.58 seconds
loss:3.086332 = (1-reg):0.40 * r2l_loss:3.109853 + (reg):0.60 * l2r_loss:3.070651
r2l_scores: {'Bleu_1': 0.8226202178476437, 'Bleu_2': 0.6975168412329329, 'Bleu_3': 0.5682345554480801, 'Bleu_4': 0.44849116922184756, 'METEOR': 0.3013877615298814, 'ROUGE_L': 0.6303139463098629, 'CIDEr': 0.6304808486973357}
l2r_scores: {'Bleu_1': 0.8501872294583203, 'Bleu_2': 0.7275987433401135, 'Bleu_3': 0.595366783641646, 'Bleu_4': 0.47030328312088754, 'METEOR': 0.31429914707045653, 'ROUGE_L': 0.6406815378003252, 'CIDEr': 0.600443175036679}


[EPOCH 12 TRAIN]
time: 197.13 seconds | lr: 0.000100
loss:2.392399 = (1-reg):0.40 * r2l_loss:2.373553 + (reg):0.60 * l2r_loss:2.404963
{'testlen': 3206, 'reflen': 3367, 'guess': [3206, 2709, 2212, 1717], 'correct': [2743, 1659, 870, 366]}
ratio: 0.9521829521826694
{'testlen': 3353, 'reflen': 3448, 'guess': [3353, 2856, 2359, 1862], 'correct': [2947, 1865, 1017, 467]}
ratio: 0.9724477958233838
[EPOCH 12 VAL]
time: 84.83 seconds
loss:3.098291 = (1-reg):0.40 * r2l_loss:3.113133 + (reg):0.60 * l2r_loss:3.088397
r2l_scores: {'Bleu_1': 0.8136783139110761, 'Bleu_2': 0.6883990892263882, 'Bleu_3': 0.5617396146106449, 'Bleu_4': 0.43538814483572336, 'METEOR': 0.29865249106256847, 'ROUGE_L': 0.6273676628290533, 'CIDEr': 0.6205648794144986}
l2r_scores: {'Bleu_1': 0.8543617329483076, 'Bleu_2': 0.7364254915174376, 'Bleu_3': 0.6102605293154377, 'Bleu_4': 0.485170697709345, 'METEOR': 0.3226887307009175, 'ROUGE_L': 0.6521708814004332, 'CIDEr': 0.6448254520866351}


[EPOCH 13 TRAIN]
time: 185.16 seconds | lr: 0.000100
loss:2.345969 = (1-reg):0.40 * r2l_loss:2.327395 + (reg):0.60 * l2r_loss:2.358352
{'testlen': 3289, 'reflen': 3437, 'guess': [3289, 2792, 2295, 1799], 'correct': [2768, 1657, 834, 359]}
ratio: 0.9569391911547986
{'testlen': 3425, 'reflen': 3517, 'guess': [3425, 2928, 2431, 1934], 'correct': [2979, 1916, 1069, 510]}
ratio: 0.9738413420526091
[EPOCH 13 VAL]
time: 83.21 seconds
loss:3.093708 = (1-reg):0.40 * r2l_loss:3.114445 + (reg):0.60 * l2r_loss:3.079883
r2l_scores: {'Bleu_1': 0.8045621929219575, 'Bleu_2': 0.6756348796375233, 'Bleu_3': 0.5412795645333506, 'Bleu_4': 0.4170579428497604, 'METEOR': 0.2878673635767394, 'ROUGE_L': 0.6075702160392975, 'CIDEr': 0.5869231715885823}
l2r_scores: {'Bleu_1': 0.8467285566935815, 'Bleu_2': 0.7344317771031827, 'Bleu_3': 0.6134935225092183, 'Bleu_4': 0.4934231059635605, 'METEOR': 0.3250155288431188, 'ROUGE_L': 0.655206188025095, 'CIDEr': 0.6451352211382072}


[EPOCH 14 TRAIN]
time: 189.73 seconds | lr: 0.000100
loss:2.302000 = (1-reg):0.40 * r2l_loss:2.282923 + (reg):0.60 * l2r_loss:2.314717
{'testlen': 3305, 'reflen': 3448, 'guess': [3305, 2808, 2311, 1814], 'correct': [2816, 1651, 866, 383]}
ratio: 0.9585266821342928
{'testlen': 3436, 'reflen': 3519, 'guess': [3436, 2939, 2442, 1945], 'correct': [3024, 1938, 1087, 533]}
ratio: 0.9764137539070826
[EPOCH 14 VAL]
time: 83.24 seconds
loss:3.100640 = (1-reg):0.40 * r2l_loss:3.120156 + (reg):0.60 * l2r_loss:3.087630
r2l_scores: {'Bleu_1': 0.8159625569958843, 'Bleu_2': 0.6778203787666511, 'Bleu_3': 0.5483427148695124, 'Bleu_4': 0.42729881867722913, 'METEOR': 0.29808710713394954, 'ROUGE_L': 0.6163851605307133, 'CIDEr': 0.6053189410089751}
l2r_scores: {'Bleu_1': 0.8590883233548665, 'Bleu_2': 0.7436191984415088, 'Bleu_3': 0.621676931164845, 'Bleu_4': 0.5035038098363589, 'METEOR': 0.3323191285229212, 'ROUGE_L': 0.660946558312988, 'CIDEr': 0.6607885120185335}
>> Saving checkpoint to 14.ckpt
>> New best model at epoch 14 | CIDEr: 0.6607885120185335


[EPOCH 15 TRAIN]
time: 192.34 seconds | lr: 0.000100
loss:2.261399 = (1-reg):0.40 * r2l_loss:2.243044 + (reg):0.60 * l2r_loss:2.273636
{'testlen': 3376, 'reflen': 3516, 'guess': [3376, 2879, 2382, 1885], 'correct': [2861, 1691, 894, 399]}
ratio: 0.9601820250281683
{'testlen': 3667, 'reflen': 3698, 'guess': [3667, 3170, 2673, 2176], 'correct': [3164, 1983, 1093, 516]}
ratio: 0.9916170903188233
[EPOCH 15 VAL]
time: 86.54 seconds
loss:3.121997 = (1-reg):0.40 * r2l_loss:3.139922 + (reg):0.60 * l2r_loss:3.110046
r2l_scores: {'Bleu_1': 0.8130281404130794, 'Bleu_2': 0.676859983507746, 'Bleu_3': 0.5484384134420912, 'Bleu_4': 0.42781777438632107, 'METEOR': 0.29745942928829433, 'ROUGE_L': 0.6204820450856202, 'CIDEr': 0.5897604803982239}
l2r_scores: {'Bleu_1': 0.8555672188788558, 'Bleu_2': 0.7284891364335049, 'Bleu_3': 0.5992370325131979, 'Bleu_4': 0.47427346705819223, 'METEOR': 0.32263815502535026, 'ROUGE_L': 0.6499320668889199, 'CIDEr': 0.6023345287507921}


[EPOCH 16 TRAIN]
time: 188.21 seconds | lr: 0.000050
loss:2.168501 = (1-reg):0.40 * r2l_loss:2.149602 + (reg):0.60 * l2r_loss:2.181101
{'testlen': 3305, 'reflen': 3433, 'guess': [3305, 2808, 2311, 1814], 'correct': [2794, 1635, 826, 343]}
ratio: 0.9627148266819218
{'testlen': 3487, 'reflen': 3574, 'guess': [3487, 2990, 2493, 1996], 'correct': [3003, 1841, 996, 478]}
ratio: 0.9756575265805888
[EPOCH 16 VAL]
time: 85.12 seconds
loss:3.122381 = (1-reg):0.40 * r2l_loss:3.143856 + (reg):0.60 * l2r_loss:3.108064
r2l_scores: {'Bleu_1': 0.813270577904452, 'Bleu_2': 0.6749442761786186, 'Bleu_3': 0.53905368682688, 'Bleu_4': 0.4108499662212353, 'METEOR': 0.29161261797077354, 'ROUGE_L': 0.6116532824826867, 'CIDEr': 0.5749558784365096}
l2r_scores: {'Bleu_1': 0.8399778199740054, 'Bleu_2': 0.710243758870259, 'Bleu_3': 0.5814407269473911, 'Bleu_4': 0.4628998443777566, 'METEOR': 0.31481080108948417, 'ROUGE_L': 0.6345533749055924, 'CIDEr': 0.5991239404450741}



[BEST: 14 | SEED: 904666 | VAL-CIDEr: 0.6607885120185335]
{'testlen': 20288, 'reflen': 21212, 'guess': [20288, 17298, 14308, 11319], 'correct': [17086, 10171, 5346, 2563]}
ratio: 0.9564397510842468
{'testlen': 20776, 'reflen': 21460, 'guess': [20776, 17786, 14796, 11806], 'correct': [18065, 11435, 6195, 2963]}
ratio: 0.9681267474370472
time: 420.32 seconds
r2l_scores: {'Bleu_1': 0.8046769973891947, 'Bleu_2': 0.6723646693519229, 'Bleu_3': 0.5444525935863123, 'Bleu_4': 0.43227517473624716, 'METEOR': 0.29678346648540876, 'ROUGE_L': 0.6197363777246213, 'CIDEr': 0.6040091025808847}
l2r_scores: {'Bleu_1': 0.8413523739525345, 'Bleu_2': 0.7234672068578583, 'Bleu_3': 0.5963192940748546, 'Bleu_4': 0.4763671859370991, 'METEOR': 0.3152053790306725, 'ROUGE_L': 0.6517668584171793, 'CIDEr': 0.6363487343127432}
----------------------------------------
>> [Train time] Total: 3059.82 seconds => Per epoch: 191.24 seconds
>> [Val time] Total: 1311.85 seconds => Per epoch: 81.99 seconds
