MODEL ID: 2025-04-12 06:24:28 | Transformer | MSVD | FEAT MSVD_ResNet152 fsl-50 mcl-10 | EMB 512 | Transformer d-640-N-4-h-10-h_big-128-dp-0.1-sn-0 | OPTIM Adam lr-0.0001-dc-12-0.5-5-wd-5e-06-rg-0.6 | bs-32 gc-5.0
#vocabs: 3891 (9158), #words: 323223 (329680). Trim words which appear less than 3 times.
{'Total': 91693747, 'Trainable': 91693747}


loss: 2.7032974827094156 = (1-reg): 0.4 * r2l_loss: 2.741975118918497 + (reg):0.6 * l2r_loos: 2.6775122512754845 
{'testlen': 536, 'reflen': 533, 'guess': [536, 436, 336, 236], 'correct': [406, 231, 122, 51]}
ratio: 1.005628517821753
{'testlen': 506, 'reflen': 506, 'guess': [506, 406, 306, 206], 'correct': [395, 229, 131, 62]}
ratio: 0.9999999999980237
loss: 2.5841225694727012 = (1-reg): 0.4 * r2l_loss: 2.6287973050717954 + (reg):0.6 * l2r_loos: 2.5543392658233643 
r2l_scores: {'Bleu_1': 0.757462686565751, 'Bleu_2': 0.6334952564145537, 'Bleu_3': 0.5262221151763812, 'Bleu_4': 0.42125140775912356, 'METEOR': 0.32436516241946667, 'ROUGE_L': 0.6893569347428827, 'CIDEr': 0.9022055156442395}
l2r_scores: {'Bleu_1': 0.7806324110641081, 'Bleu_2': 0.6635566619943333, 'Bleu_3': 0.5733704395836893, 'Bleu_4': 0.4880424419325496, 'METEOR': 0.3299759258053746, 'ROUGE_L': 0.70625824003272, 'CIDEr': 0.881947661299074}
Saving checkpoint at epoch=1 to ./checkpoints/checkpoints_MSVD_ResNet152/2025-04-12 06:24:28 | Transformer | MSVD | FEAT MSVD_ResNet152 fsl-50 mcl-10 | EMB 512 | Transformer d-640-N-4-h-10-h_big-128-dp-0.1-sn-0 | OPTIM Adam lr-0.0001-dc-12-0.5-5-wd-5e-06-rg-0.6 | bs-32 gc-5.0/1.ckpt


loss: 2.066335274743252 = (1-reg): 0.4 * r2l_loss: 2.0843664142733713 + (reg):0.6 * l2r_loos: 2.0543144152594395 
{'testlen': 509, 'reflen': 513, 'guess': [509, 409, 309, 215], 'correct': [406, 243, 141, 65]}
ratio: 0.9922027290429002
{'testlen': 497, 'reflen': 494, 'guess': [497, 397, 297, 197], 'correct': [393, 229, 137, 66]}
ratio: 1.0060728744918905
loss: 2.51115239461263 = (1-reg): 0.4 * r2l_loss: 2.553751481903924 + (reg):0.6 * l2r_loos: 2.4827528688642713 
r2l_scores: {'Bleu_1': 0.7913986917449709, 'Bleu_2': 0.6830188431457973, 'Bleu_3': 0.5955309818659715, 'Bleu_4': 0.5016996100374064, 'METEOR': 0.3416916990348828, 'ROUGE_L': 0.7046354320755741, 'CIDEr': 1.0606546591082915}
l2r_scores: {'Bleu_1': 0.7907444667992138, 'Bleu_2': 0.6753681389917267, 'Bleu_3': 0.5947691284696388, 'Bleu_4': 0.5152651158258891, 'METEOR': 0.3333055133892974, 'ROUGE_L': 0.706001241859926, 'CIDEr': 1.0553590825808938}
Saving checkpoint at epoch=2 to ./checkpoints/checkpoints_MSVD_ResNet152/2025-04-12 06:24:28 | Transformer | MSVD | FEAT MSVD_ResNet152 fsl-50 mcl-10 | EMB 512 | Transformer d-640-N-4-h-10-h_big-128-dp-0.1-sn-0 | OPTIM Adam lr-0.0001-dc-12-0.5-5-wd-5e-06-rg-0.6 | bs-32 gc-5.0/2.ckpt


loss: 1.8643380884264336 = (1-reg): 0.4 * r2l_loss: 1.8783015026811694 + (reg):0.6 * l2r_loos: 1.8550290499358881 
{'testlen': 552, 'reflen': 550, 'guess': [552, 452, 352, 252], 'correct': [438, 260, 143, 64]}
ratio: 1.003636363634539
{'testlen': 549, 'reflen': 548, 'guess': [549, 449, 349, 249], 'correct': [438, 265, 159, 79]}
ratio: 1.00182481751642
loss: 2.489068803963838 = (1-reg): 0.4 * r2l_loss: 2.5277006211104216 + (reg):0.6 * l2r_loos: 2.4633141252729627 
r2l_scores: {'Bleu_1': 0.7934782608681278, 'Bleu_2': 0.6755927384793048, 'Bleu_3': 0.570235748374237, 'Bleu_4': 0.4658388320934134, 'METEOR': 0.33583957611308723, 'ROUGE_L': 0.705066570907978, 'CIDEr': 0.9174763980022383}
l2r_scores: {'Bleu_1': 0.79781420764882, 'Bleu_2': 0.6861998985187164, 'Bleu_3': 0.5986288807148484, 'Bleu_4': 0.5107697695050017, 'METEOR': 0.35287551669893086, 'ROUGE_L': 0.7203387137087467, 'CIDEr': 0.9393371993283511}
Saving checkpoint at epoch=3 to ./checkpoints/checkpoints_MSVD_ResNet152/2025-04-12 06:24:28 | Transformer | MSVD | FEAT MSVD_ResNet152 fsl-50 mcl-10 | EMB 512 | Transformer d-640-N-4-h-10-h_big-128-dp-0.1-sn-0 | OPTIM Adam lr-0.0001-dc-12-0.5-5-wd-5e-06-rg-0.6 | bs-32 gc-5.0/3.ckpt


loss: 1.7539229818250313 = (1-reg): 0.4 * r2l_loss: 1.7627157501314508 + (reg):0.6 * l2r_loos: 1.74806104151929 
{'testlen': 546, 'reflen': 551, 'guess': [546, 446, 346, 249], 'correct': [427, 243, 133, 64]}
ratio: 0.9909255898348622
{'testlen': 531, 'reflen': 530, 'guess': [531, 431, 331, 231], 'correct': [416, 244, 142, 68]}
ratio: 1.0018867924509398
loss: 2.4792196291464346 = (1-reg): 0.4 * r2l_loss: 2.5075127372035273 + (reg):0.6 * l2r_loos: 2.4603574249479507 
r2l_scores: {'Bleu_1': 0.7749223318043844, 'Bleu_2': 0.6468093182041991, 'Bleu_3': 0.5421469357181427, 'Bleu_4': 0.4488369973777994, 'METEOR': 0.32383903981605144, 'ROUGE_L': 0.6888711558001422, 'CIDEr': 0.9719577208312877}
l2r_scores: {'Bleu_1': 0.7834274952904267, 'Bleu_2': 0.6659715594396013, 'Bleu_3': 0.5751625123989892, 'Bleu_4': 0.4864824328629935, 'METEOR': 0.3380339500976402, 'ROUGE_L': 0.7118501562064411, 'CIDEr': 0.8666658999074514}
Saving checkpoint at epoch=4 to ./checkpoints/checkpoints_MSVD_ResNet152/2025-04-12 06:24:28 | Transformer | MSVD | FEAT MSVD_ResNet152 fsl-50 mcl-10 | EMB 512 | Transformer d-640-N-4-h-10-h_big-128-dp-0.1-sn-0 | OPTIM Adam lr-0.0001-dc-12-0.5-5-wd-5e-06-rg-0.6 | bs-32 gc-5.0/4.ckpt


loss: 1.677785108128532 = (1-reg): 0.4 * r2l_loss: 1.685138997640766 + (reg):0.6 * l2r_loos: 1.6728824286382706 
{'testlen': 521, 'reflen': 518, 'guess': [521, 421, 321, 221], 'correct': [406, 234, 130, 62]}
ratio: 1.005791505789564
{'testlen': 510, 'reflen': 508, 'guess': [510, 410, 310, 210], 'correct': [416, 253, 146, 66]}
ratio: 1.0039370078720395
loss: 2.446674410502116 = (1-reg): 0.4 * r2l_loss: 2.4867315574928566 + (reg):0.6 * l2r_loos: 2.4199695339909306 
r2l_scores: {'Bleu_1': 0.7792706333958171, 'Bleu_2': 0.6581290118458735, 'Bleu_3': 0.5597835481945002, 'Bleu_4': 0.4709935414835732, 'METEOR': 0.33207990809681714, 'ROUGE_L': 0.6838766228485497, 'CIDEr': 0.9347513811968525}
l2r_scores: {'Bleu_1': 0.8156862745082045, 'Bleu_2': 0.7094632589020266, 'Bleu_3': 0.6188950278813563, 'Bleu_4': 0.5224490038332363, 'METEOR': 0.3497832365180768, 'ROUGE_L': 0.7247707559736954, 'CIDEr': 0.996818569024797}
Saving checkpoint at epoch=5 to ./checkpoints/checkpoints_MSVD_ResNet152/2025-04-12 06:24:28 | Transformer | MSVD | FEAT MSVD_ResNet152 fsl-50 mcl-10 | EMB 512 | Transformer d-640-N-4-h-10-h_big-128-dp-0.1-sn-0 | OPTIM Adam lr-0.0001-dc-12-0.5-5-wd-5e-06-rg-0.6 | bs-32 gc-5.0/5.ckpt


loss: 1.621526906998431 = (1-reg): 0.4 * r2l_loss: 1.625977246644067 + (reg):0.6 * l2r_loos: 1.6185599338812906 
{'testlen': 538, 'reflen': 539, 'guess': [538, 438, 338, 239], 'correct': [416, 241, 133, 67]}
ratio: 0.9981447124285749
{'testlen': 521, 'reflen': 520, 'guess': [521, 421, 321, 221], 'correct': [422, 256, 154, 76]}
ratio: 1.0019230769211502
loss: 2.442955439179032 = (1-reg): 0.4 * r2l_loss: 2.477580683319657 + (reg):0.6 * l2r_loos: 2.419871833589342 
r2l_scores: {'Bleu_1': 0.7717982973453983, 'Bleu_2': 0.6510581123619521, 'Bleu_3': 0.5501178501294092, 'Bleu_4': 0.4645786188727333, 'METEOR': 0.321637474345478, 'ROUGE_L': 0.6770866392250938, 'CIDEr': 0.9314210159461411}
l2r_scores: {'Bleu_1': 0.8099808061404798, 'Bleu_2': 0.7018047423388418, 'Bleu_3': 0.6182290787941566, 'Bleu_4': 0.5339091958425308, 'METEOR': 0.35338987102950814, 'ROUGE_L': 0.7247724235115766, 'CIDEr': 1.0506619901533027}
Saving checkpoint at epoch=6 to ./checkpoints/checkpoints_MSVD_ResNet152/2025-04-12 06:24:28 | Transformer | MSVD | FEAT MSVD_ResNet152 fsl-50 mcl-10 | EMB 512 | Transformer d-640-N-4-h-10-h_big-128-dp-0.1-sn-0 | OPTIM Adam lr-0.0001-dc-12-0.5-5-wd-5e-06-rg-0.6 | bs-32 gc-5.0/6.ckpt


loss: 1.575923903183859 = (1-reg): 0.4 * r2l_loss: 1.578877019256842 + (reg):0.6 * l2r_loos: 1.5739550732002883 
{'testlen': 564, 'reflen': 564, 'guess': [564, 464, 364, 264], 'correct': [437, 240, 134, 63]}
ratio: 0.999999999998227
{'testlen': 511, 'reflen': 509, 'guess': [511, 411, 311, 211], 'correct': [407, 245, 146, 73]}
ratio: 1.0039292730825071
loss: 2.438438923270614 = (1-reg): 0.4 * r2l_loss: 2.474658403573213 + (reg):0.6 * l2r_loos: 2.414292471497147 
r2l_scores: {'Bleu_1': 0.7748226950327134, 'Bleu_2': 0.633064261744497, 'Bleu_3': 0.5284042916852834, 'Bleu_4': 0.433170535352827, 'METEOR': 0.32168579194628905, 'ROUGE_L': 0.6773521048552287, 'CIDEr': 0.8287251589127212}
l2r_scores: {'Bleu_1': 0.7964774951060735, 'Bleu_2': 0.6890470627945339, 'Bleu_3': 0.6063128129767308, 'Bleu_4': 0.5269660794507638, 'METEOR': 0.3548963712868442, 'ROUGE_L': 0.7114662309738533, 'CIDEr': 0.9853022659248291}
Saving checkpoint at epoch=7 to ./checkpoints/checkpoints_MSVD_ResNet152/2025-04-12 06:24:28 | Transformer | MSVD | FEAT MSVD_ResNet152 fsl-50 mcl-10 | EMB 512 | Transformer d-640-N-4-h-10-h_big-128-dp-0.1-sn-0 | OPTIM Adam lr-0.0001-dc-12-0.5-5-wd-5e-06-rg-0.6 | bs-32 gc-5.0/7.ckpt


loss: 1.5378913284520634 = (1-reg): 0.4 * r2l_loss: 1.5395861642868793 + (reg):0.6 * l2r_loos: 1.536761356963486 
{'testlen': 541, 'reflen': 540, 'guess': [541, 441, 341, 241], 'correct': [433, 259, 155, 83]}
ratio: 1.0018518518499966
{'testlen': 533, 'reflen': 532, 'guess': [533, 433, 333, 233], 'correct': [423, 254, 154, 76]}
ratio: 1.001879699246237
loss: 2.4475681993696425 = (1-reg): 0.4 * r2l_loss: 2.4836878599943937 + (reg):0.6 * l2r_loos: 2.4234882884555393 
r2l_scores: {'Bleu_1': 0.8003696857656185, 'Bleu_2': 0.6856080417243913, 'Bleu_3': 0.5978281694847501, 'Bleu_4': 0.5208318611346244, 'METEOR': 0.34540511265600327, 'ROUGE_L': 0.7029598093437545, 'CIDEr': 0.9816101606685192}
l2r_scores: {'Bleu_1': 0.7936210131317193, 'Bleu_2': 0.6823064696722152, 'Bleu_3': 0.5993472108932183, 'Bleu_4': 0.5147819187499688, 'METEOR': 0.3344791336759716, 'ROUGE_L': 0.7148823751177443, 'CIDEr': 0.9692639113586188}
Saving checkpoint at epoch=8 to ./checkpoints/checkpoints_MSVD_ResNet152/2025-04-12 06:24:28 | Transformer | MSVD | FEAT MSVD_ResNet152 fsl-50 mcl-10 | EMB 512 | Transformer d-640-N-4-h-10-h_big-128-dp-0.1-sn-0 | OPTIM Adam lr-0.0001-dc-12-0.5-5-wd-5e-06-rg-0.6 | bs-32 gc-5.0/8.ckpt


loss: 1.504312897744726 = (1-reg): 0.4 * r2l_loss: 1.5060690121572526 + (reg):0.6 * l2r_loos: 1.5031420755386353 
{'testlen': 547, 'reflen': 549, 'guess': [547, 447, 347, 248], 'correct': [440, 264, 146, 75]}
ratio: 0.9963570127486405
{'testlen': 525, 'reflen': 524, 'guess': [525, 425, 325, 225], 'correct': [424, 256, 156, 79]}
ratio: 1.001908396944653
loss: 2.446722313209816 = (1-reg): 0.4 * r2l_loss: 2.4744050440964878 + (reg):0.6 * l2r_loos: 2.4282670480233652 
r2l_scores: {'Bleu_1': 0.8014518507642683, 'Bleu_2': 0.6867409784886512, 'Bleu_3': 0.5825597353329084, 'Bleu_4': 0.4940384669058105, 'METEOR': 0.34365860912358626, 'ROUGE_L': 0.6862874275833181, 'CIDEr': 0.9611274536649416}
l2r_scores: {'Bleu_1': 0.8076190476175094, 'Bleu_2': 0.6974752387586259, 'Bleu_3': 0.6157904394883851, 'Bleu_4': 0.5351011073940224, 'METEOR': 0.3445043440882978, 'ROUGE_L': 0.7114897436719697, 'CIDEr': 0.9870712518593555}
Saving checkpoint at epoch=9 to ./checkpoints/checkpoints_MSVD_ResNet152/2025-04-12 06:24:28 | Transformer | MSVD | FEAT MSVD_ResNet152 fsl-50 mcl-10 | EMB 512 | Transformer d-640-N-4-h-10-h_big-128-dp-0.1-sn-0 | OPTIM Adam lr-0.0001-dc-12-0.5-5-wd-5e-06-rg-0.6 | bs-32 gc-5.0/9.ckpt


loss: 1.4754465195390045 = (1-reg): 0.4 * r2l_loss: 1.4771942850800812 + (reg):0.6 * l2r_loos: 1.4742812635859506 
{'testlen': 542, 'reflen': 543, 'guess': [542, 442, 342, 242], 'correct': [443, 273, 153, 74]}
ratio: 0.9981583793720108
{'testlen': 515, 'reflen': 514, 'guess': [515, 415, 315, 215], 'correct': [422, 253, 151, 77]}
ratio: 1.0019455252898795
loss: 2.4118483278486464 = (1-reg): 0.4 * r2l_loss: 2.4384573759856045 + (reg):0.6 * l2r_loos: 2.3941088190785162 
r2l_scores: {'Bleu_1': 0.8158365504945558, 'Bleu_2': 0.7092039198899928, 'Bleu_3': 0.6078579476138065, 'Bleu_4': 0.5116881302270343, 'METEOR': 0.3520172476700636, 'ROUGE_L': 0.7184966208105892, 'CIDEr': 0.9983495034785008}
l2r_scores: {'Bleu_1': 0.8194174757265642, 'Bleu_2': 0.7067874399002674, 'Bleu_3': 0.6209853385694218, 'Bleu_4': 0.5411579915641688, 'METEOR': 0.3593408554520762, 'ROUGE_L': 0.7283482647212235, 'CIDEr': 1.0055921202968998}
Saving checkpoint at epoch=10 to ./checkpoints/checkpoints_MSVD_ResNet152/2025-04-12 06:24:28 | Transformer | MSVD | FEAT MSVD_ResNet152 fsl-50 mcl-10 | EMB 512 | Transformer d-640-N-4-h-10-h_big-128-dp-0.1-sn-0 | OPTIM Adam lr-0.0001-dc-12-0.5-5-wd-5e-06-rg-0.6 | bs-32 gc-5.0/10.ckpt


loss: 1.4483961742432392 = (1-reg): 0.4 * r2l_loss: 1.4490258049574054 + (reg):0.6 * l2r_loos: 1.447976345273315 
{'testlen': 533, 'reflen': 537, 'guess': [533, 433, 333, 235], 'correct': [423, 239, 123, 58]}
ratio: 0.9925512104264571
{'testlen': 519, 'reflen': 517, 'guess': [519, 419, 319, 219], 'correct': [428, 265, 164, 80]}
ratio: 1.0038684719516366
loss: 2.4204712903058088 = (1-reg): 0.4 * r2l_loss: 2.4507084210713703 + (reg):0.6 * l2r_loos: 2.4003130771495678 
r2l_scores: {'Bleu_1': 0.7876874258231471, 'Bleu_2': 0.6569046495894367, 'Bleu_3': 0.5408399549964876, 'Bleu_4': 0.44368709531157247, 'METEOR': 0.32806242887722126, 'ROUGE_L': 0.6681056050116209, 'CIDEr': 0.8597758429628617}
l2r_scores: {'Bleu_1': 0.8246628131005306, 'Bleu_2': 0.7221944241873189, 'Bleu_3': 0.6448427316415096, 'Bleu_4': 0.5594378224834525, 'METEOR': 0.3523396614148861, 'ROUGE_L': 0.7257785413423562, 'CIDEr': 0.9894154319720733}
Saving checkpoint at epoch=11 to ./checkpoints/checkpoints_MSVD_ResNet152/2025-04-12 06:24:28 | Transformer | MSVD | FEAT MSVD_ResNet152 fsl-50 mcl-10 | EMB 512 | Transformer d-640-N-4-h-10-h_big-128-dp-0.1-sn-0 | OPTIM Adam lr-0.0001-dc-12-0.5-5-wd-5e-06-rg-0.6 | bs-32 gc-5.0/11.ckpt


loss: 1.4246454120854863 = (1-reg): 0.4 * r2l_loss: 1.4258202619630782 + (reg):0.6 * l2r_loos: 1.4238621012109225 
{'testlen': 524, 'reflen': 525, 'guess': [524, 424, 324, 224], 'correct': [431, 262, 142, 70]}
ratio: 0.998095238093337
{'testlen': 526, 'reflen': 525, 'guess': [526, 426, 326, 226], 'correct': [423, 266, 157, 78]}
ratio: 1.0019047619028536
loss: 2.425360004990189 = (1-reg): 0.4 * r2l_loss: 2.4657174604910392 + (reg):0.6 * l2r_loos: 2.3984549239829733 
r2l_scores: {'Bleu_1': 0.8209508879042267, 'Bleu_2': 0.7115606164463149, 'Bleu_3': 0.6050335316671138, 'Bleu_4': 0.5126723404887505, 'METEOR': 0.3516125372344768, 'ROUGE_L': 0.704708752837771, 'CIDEr': 0.9540462547689943}
l2r_scores: {'Bleu_1': 0.8041825095041746, 'Bleu_2': 0.7086198771883967, 'Bleu_3': 0.6230213138963382, 'Bleu_4': 0.5374941219495211, 'METEOR': 0.3610450509606194, 'ROUGE_L': 0.724352954276402, 'CIDEr': 1.0387323137925315}
Saving checkpoint at epoch=12 to ./checkpoints/checkpoints_MSVD_ResNet152/2025-04-12 06:24:28 | Transformer | MSVD | FEAT MSVD_ResNet152 fsl-50 mcl-10 | EMB 512 | Transformer d-640-N-4-h-10-h_big-128-dp-0.1-sn-0 | OPTIM Adam lr-0.0001-dc-12-0.5-5-wd-5e-06-rg-0.6 | bs-32 gc-5.0/12.ckpt


loss: 1.4030600486817908 = (1-reg): 0.4 * r2l_loss: 1.4045683017324229 + (reg):0.6 * l2r_loos: 1.4020544670839779 
{'testlen': 517, 'reflen': 524, 'guess': [517, 417, 317, 221], 'correct': [407, 226, 114, 57]}
ratio: 0.9866412213721629
{'testlen': 526, 'reflen': 524, 'guess': [526, 426, 326, 226], 'correct': [403, 237, 133, 63]}
ratio: 1.0038167938912141
loss: 2.4388259357876247 = (1-reg): 0.4 * r2l_loss: 2.482491530312432 + (reg):0.6 * l2r_loos: 2.4097154060999553 
r2l_scores: {'Bleu_1': 0.7766470018579651, 'Bleu_2': 0.6444035571245722, 'Bleu_3': 0.5281538100064899, 'Bleu_4': 0.44001847270438804, 'METEOR': 0.3159862351082788, 'ROUGE_L': 0.6574860952541678, 'CIDEr': 0.8200651742469186}
l2r_scores: {'Bleu_1': 0.7661596958160339, 'Bleu_2': 0.6528734750561271, 'Bleu_3': 0.558166837311346, 'Bleu_4': 0.4692248995619983, 'METEOR': 0.3380110536844191, 'ROUGE_L': 0.6925474866932746, 'CIDEr': 0.9001613705816748}
Saving checkpoint at epoch=13 to ./checkpoints/checkpoints_MSVD_ResNet152/2025-04-12 06:24:28 | Transformer | MSVD | FEAT MSVD_ResNet152 fsl-50 mcl-10 | EMB 512 | Transformer d-640-N-4-h-10-h_big-128-dp-0.1-sn-0 | OPTIM Adam lr-0.0001-dc-12-0.5-5-wd-5e-06-rg-0.6 | bs-32 gc-5.0/13.ckpt


loss: 1.383366494491452 = (1-reg): 0.4 * r2l_loss: 1.3845773836042061 + (reg):0.6 * l2r_loos: 1.382559157942162 
{'testlen': 536, 'reflen': 541, 'guess': [536, 436, 336, 238], 'correct': [413, 235, 127, 63]}
ratio: 0.9907578558207195
{'testlen': 527, 'reflen': 526, 'guess': [527, 427, 327, 227], 'correct': [420, 250, 148, 69]}
ratio: 1.001901140682506
loss: 2.4203978891725892 = (1-reg): 0.4 * r2l_loss: 2.452782898479038 + (reg):0.6 * l2r_loos: 2.398807756106059 
r2l_scores: {'Bleu_1': 0.7633680999734029, 'Bleu_2': 0.6384576028618779, 'Bleu_3': 0.534431980311514, 'Bleu_4': 0.44729847059663735, 'METEOR': 0.3321705805949565, 'ROUGE_L': 0.6668192238138368, 'CIDEr': 0.9052787161054056}
l2r_scores: {'Bleu_1': 0.796963946867558, 'Bleu_2': 0.6830860313810914, 'Bleu_3': 0.5955089009632534, 'Bleu_4': 0.5033522349503755, 'METEOR': 0.3540048815456627, 'ROUGE_L': 0.7103988797896988, 'CIDEr': 1.000244818833661}
Saving checkpoint at epoch=14 to ./checkpoints/checkpoints_MSVD_ResNet152/2025-04-12 06:24:28 | Transformer | MSVD | FEAT MSVD_ResNet152 fsl-50 mcl-10 | EMB 512 | Transformer d-640-N-4-h-10-h_big-128-dp-0.1-sn-0 | OPTIM Adam lr-0.0001-dc-12-0.5-5-wd-5e-06-rg-0.6 | bs-32 gc-5.0/14.ckpt


loss: 1.3641515462124933 = (1-reg): 0.4 * r2l_loss: 1.3652783937532393 + (reg):0.6 * l2r_loos: 1.3634002416641986 
{'testlen': 506, 'reflen': 513, 'guess': [506, 406, 306, 209], 'correct': [408, 236, 133, 66]}
ratio: 0.9863547758265373
{'testlen': 514, 'reflen': 514, 'guess': [514, 414, 314, 214], 'correct': [415, 261, 157, 78]}
ratio: 0.9999999999980544
loss: 2.449238892837807 = (1-reg): 0.4 * r2l_loss: 2.480921728522689 + (reg):0.6 * l2r_loos: 2.428116864628262 
r2l_scores: {'Bleu_1': 0.7952462316140297, 'Bleu_2': 0.6752114237187551, 'Bleu_3': 0.580319615219795, 'Bleu_4': 0.4967042127723398, 'METEOR': 0.32294177274941344, 'ROUGE_L': 0.6689026857983129, 'CIDEr': 0.8298128055064556}
l2r_scores: {'Bleu_1': 0.8073929961058077, 'Bleu_2': 0.7134484059674734, 'Bleu_3': 0.6337214142798824, 'Bleu_4': 0.5518791597536712, 'METEOR': 0.36098814139426993, 'ROUGE_L': 0.7173429011854269, 'CIDEr': 0.9901866405972974}
Saving checkpoint at epoch=15 to ./checkpoints/checkpoints_MSVD_ResNet152/2025-04-12 06:24:28 | Transformer | MSVD | FEAT MSVD_ResNet152 fsl-50 mcl-10 | EMB 512 | Transformer d-640-N-4-h-10-h_big-128-dp-0.1-sn-0 | OPTIM Adam lr-0.0001-dc-12-0.5-5-wd-5e-06-rg-0.6 | bs-32 gc-5.0/15.ckpt


loss: 1.3465043804293773 = (1-reg): 0.4 * r2l_loss: 1.3477237515371354 + (reg):0.6 * l2r_loos: 1.3456913935551877 
{'testlen': 521, 'reflen': 524, 'guess': [521, 421, 321, 223], 'correct': [414, 243, 129, 64]}
ratio: 0.9942748091584079
{'testlen': 514, 'reflen': 513, 'guess': [514, 414, 314, 214], 'correct': [414, 255, 152, 73]}
ratio: 1.0019493177368384
loss: 2.452906674808926 = (1-reg): 0.4 * r2l_loss: 2.481764648578785 + (reg):0.6 * l2r_loos: 2.4336679034762914 
r2l_scores: {'Bleu_1': 0.7900632880125498, 'Bleu_2': 0.6733527867034198, 'Bleu_3': 0.5658349318962161, 'Bleu_4': 0.4768270780271654, 'METEOR': 0.33041404991782514, 'ROUGE_L': 0.6835446191822803, 'CIDEr': 0.9225251825294246}
l2r_scores: {'Bleu_1': 0.8054474708155536, 'Bleu_2': 0.7043500191056851, 'Bleu_3': 0.6215799546390085, 'Bleu_4': 0.5349953681371927, 'METEOR': 0.35928297814770127, 'ROUGE_L': 0.7255459131174967, 'CIDEr': 1.0009258767803841}
Saving checkpoint at epoch=16 to ./checkpoints/checkpoints_MSVD_ResNet152/2025-04-12 06:24:28 | Transformer | MSVD | FEAT MSVD_ResNet152 fsl-50 mcl-10 | EMB 512 | Transformer d-640-N-4-h-10-h_big-128-dp-0.1-sn-0 | OPTIM Adam lr-0.0001-dc-12-0.5-5-wd-5e-06-rg-0.6 | bs-32 gc-5.0/16.ckpt


loss: 1.3305674480219356 = (1-reg): 0.4 * r2l_loss: 1.3315789081229539 + (reg):0.6 * l2r_loos: 1.3298930677038725 
{'testlen': 501, 'reflen': 509, 'guess': [501, 401, 301, 205], 'correct': [413, 252, 149, 77]}
ratio: 0.9842829076601488
{'testlen': 513, 'reflen': 513, 'guess': [513, 413, 313, 213], 'correct': [419, 261, 158, 75]}
ratio: 0.9999999999980507
loss: 2.4198466459910075 = (1-reg): 0.4 * r2l_loss: 2.4522683682265103 + (reg):0.6 * l2r_loos: 2.3982320494121976 
r2l_scores: {'Bleu_1': 0.8112925422247739, 'Bleu_2': 0.7083524574976457, 'Bleu_3': 0.62526086471356, 'Bleu_4': 0.54827247147632, 'METEOR': 0.3483828083032572, 'ROUGE_L': 0.7103348209830529, 'CIDEr': 0.9608206522653597}
l2r_scores: {'Bleu_1': 0.8167641325504219, 'Bleu_2': 0.7184450497954687, 'Bleu_3': 0.6387044681117803, 'Bleu_4': 0.5503581228761437, 'METEOR': 0.36336497889885305, 'ROUGE_L': 0.7332083867885528, 'CIDEr': 1.0002351855464169}
Saving checkpoint at epoch=17 to ./checkpoints/checkpoints_MSVD_ResNet152/2025-04-12 06:24:28 | Transformer | MSVD | FEAT MSVD_ResNet152 fsl-50 mcl-10 | EMB 512 | Transformer d-640-N-4-h-10-h_big-128-dp-0.1-sn-0 | OPTIM Adam lr-0.0001-dc-12-0.5-5-wd-5e-06-rg-0.6 | bs-32 gc-5.0/17.ckpt


loss: 1.3142261613783288 = (1-reg): 0.4 * r2l_loss: 1.315657199367148 + (reg):0.6 * l2r_loos: 1.3132720649437826 
{'testlen': 523, 'reflen': 529, 'guess': [523, 423, 323, 226], 'correct': [419, 240, 132, 65]}
ratio: 0.9886578449886793
{'testlen': 547, 'reflen': 547, 'guess': [547, 447, 347, 247], 'correct': [449, 271, 161, 78]}
ratio: 0.9999999999981719
loss: 2.4355768150753443 = (1-reg): 0.4 * r2l_loss: 2.4693296202906856 + (reg):0.6 * l2r_loos: 2.413074814831769 
r2l_scores: {'Bleu_1': 0.7920087656562108, 'Bleu_2': 0.6665139727198984, 'Bleu_3': 0.5640737113353553, 'Bleu_4': 0.47528875337423776, 'METEOR': 0.3336606997315442, 'ROUGE_L': 0.6844264779008193, 'CIDEr': 0.8523334579497006}
l2r_scores: {'Bleu_1': 0.8208409506368526, 'Bleu_2': 0.7054405030930758, 'Bleu_3': 0.6134875135830592, 'Bleu_4': 0.5196413570527699, 'METEOR': 0.36009479421650226, 'ROUGE_L': 0.72574509382371, 'CIDEr': 0.9788248161579896}
Saving checkpoint at epoch=18 to ./checkpoints/checkpoints_MSVD_ResNet152/2025-04-12 06:24:28 | Transformer | MSVD | FEAT MSVD_ResNet152 fsl-50 mcl-10 | EMB 512 | Transformer d-640-N-4-h-10-h_big-128-dp-0.1-sn-0 | OPTIM Adam lr-0.0001-dc-12-0.5-5-wd-5e-06-rg-0.6 | bs-32 gc-5.0/18.ckpt


loss: 1.2988875137000788 = (1-reg): 0.4 * r2l_loss: 1.3004508990147075 + (reg):0.6 * l2r_loos: 1.29784518816432 
{'testlen': 496, 'reflen': 505, 'guess': [496, 397, 298, 204], 'correct': [394, 232, 132, 68]}
ratio: 0.9821782178198373
{'testlen': 508, 'reflen': 506, 'guess': [508, 408, 308, 208], 'correct': [409, 252, 147, 72]}
ratio: 1.0039525691679765
loss: 2.444238290080318 = (1-reg): 0.4 * r2l_loss: 2.488154285925406 + (reg):0.6 * l2r_loos: 2.414960851492705 
r2l_scores: {'Bleu_1': 0.7800711240926965, 'Bleu_2': 0.6690763334648846, 'Bleu_3': 0.5796193650212842, 'Bleu_4': 0.5024660989734073, 'METEOR': 0.33909800325403094, 'ROUGE_L': 0.6735858994618819, 'CIDEr': 0.8139733607169917}
l2r_scores: {'Bleu_1': 0.8051181102346356, 'Bleu_2': 0.7051800002770654, 'Bleu_3': 0.6191400014959361, 'Bleu_4': 0.5353760489164829, 'METEOR': 0.36470151790424227, 'ROUGE_L': 0.7285069659743109, 'CIDEr': 0.9610608199585401}
Saving checkpoint at epoch=19 to ./checkpoints/checkpoints_MSVD_ResNet152/2025-04-12 06:24:28 | Transformer | MSVD | FEAT MSVD_ResNet152 fsl-50 mcl-10 | EMB 512 | Transformer d-640-N-4-h-10-h_big-128-dp-0.1-sn-0 | OPTIM Adam lr-0.0001-dc-12-0.5-5-wd-5e-06-rg-0.6 | bs-32 gc-5.0/19.ckpt


loss: 1.2843400597572328 = (1-reg): 0.4 * r2l_loss: 1.2856443969538955 + (reg):0.6 * l2r_loos: 1.2834704355724522 
{'testlen': 518, 'reflen': 524, 'guess': [518, 418, 318, 220], 'correct': [403, 228, 123, 60]}
ratio: 0.9885496183187241
{'testlen': 524, 'reflen': 523, 'guess': [524, 424, 324, 224], 'correct': [414, 252, 153, 78]}
ratio: 1.0019120458871857
loss: 2.440125126308865 = (1-reg): 0.4 * r2l_loss: 2.4875685303299515 + (reg):0.6 * l2r_loos: 2.4084960646099516 
r2l_scores: {'Bleu_1': 0.769032773614936, 'Bleu_2': 0.6439267809434408, 'Bleu_3': 0.5412195921560257, 'Bleu_4': 0.45467875814348657, 'METEOR': 0.3151837301033623, 'ROUGE_L': 0.6656260747724332, 'CIDEr': 0.8550015761665024}
l2r_scores: {'Bleu_1': 0.7900763358763548, 'Bleu_2': 0.6852544573526186, 'Bleu_3': 0.6052712601565853, 'Bleu_4': 0.5271378316791245, 'METEOR': 0.35265671177663366, 'ROUGE_L': 0.713394971349723, 'CIDEr': 0.8986258874063886}
Saving checkpoint at epoch=20 to ./checkpoints/checkpoints_MSVD_ResNet152/2025-04-12 06:24:28 | Transformer | MSVD | FEAT MSVD_ResNet152 fsl-50 mcl-10 | EMB 512 | Transformer d-640-N-4-h-10-h_big-128-dp-0.1-sn-0 | OPTIM Adam lr-0.0001-dc-12-0.5-5-wd-5e-06-rg-0.6 | bs-32 gc-5.0/20.ckpt


loss: 1.2704584324946169 = (1-reg): 0.4 * r2l_loss: 1.2727716903608353 + (reg):0.6 * l2r_loos: 1.268916193813574 
{'testlen': 517, 'reflen': 521, 'guess': [517, 417, 317, 219], 'correct': [411, 239, 138, 71]}
ratio: 0.992322456811915
{'testlen': 522, 'reflen': 520, 'guess': [522, 422, 322, 222], 'correct': [424, 258, 147, 71]}
ratio: 1.0038461538442234
loss: 2.4317360798517864 = (1-reg): 0.4 * r2l_loss: 2.470417438613044 + (reg):0.6 * l2r_loos: 2.40594837224042 
r2l_scores: {'Bleu_1': 0.7888440728837675, 'Bleu_2': 0.6698020159476717, 'Bleu_3': 0.5786965202628079, 'Bleu_4': 0.499691179811274, 'METEOR': 0.3427531926881182, 'ROUGE_L': 0.693638643435356, 'CIDEr': 0.8362503275117529}
l2r_scores: {'Bleu_1': 0.8122605363969114, 'Bleu_2': 0.7046951853400765, 'Bleu_3': 0.6097540457290992, 'Bleu_4': 0.5189103839493276, 'METEOR': 0.34015587404047404, 'ROUGE_L': 0.7130034761331986, 'CIDEr': 0.9096797569099911}
Saving checkpoint at epoch=21 to ./checkpoints/checkpoints_MSVD_ResNet152/2025-04-12 06:24:28 | Transformer | MSVD | FEAT MSVD_ResNet152 fsl-50 mcl-10 | EMB 512 | Transformer d-640-N-4-h-10-h_big-128-dp-0.1-sn-0 | OPTIM Adam lr-0.0001-dc-12-0.5-5-wd-5e-06-rg-0.6 | bs-32 gc-5.0/21.ckpt


loss: 1.2559174509908333 = (1-reg): 0.4 * r2l_loss: 1.2596699413706045 + (reg):0.6 * l2r_loos: 1.2534157271854214 
{'testlen': 529, 'reflen': 534, 'guess': [529, 429, 329, 232], 'correct': [427, 250, 130, 59]}
ratio: 0.9906367041179951
{'testlen': 523, 'reflen': 523, 'guess': [523, 423, 323, 223], 'correct': [430, 267, 160, 86]}
ratio: 0.999999999998088
loss: 2.445889843834771 = (1-reg): 0.4 * r2l_loss: 2.4786978650976113 + (reg):0.6 * l2r_loos: 2.4240177110389425 
r2l_scores: {'Bleu_1': 0.7995899745830789, 'Bleu_2': 0.6793953920277386, 'Bleu_3': 0.5653220543586667, 'Bleu_4': 0.4618880617751591, 'METEOR': 0.3315322315277104, 'ROUGE_L': 0.6766573835332216, 'CIDEr': 0.8609754518539952}
l2r_scores: {'Bleu_1': 0.8221797323104314, 'Bleu_2': 0.7203919154749518, 'Bleu_3': 0.6358456536666015, 'Bleu_4': 0.561128306197782, 'METEOR': 0.3699477584573204, 'ROUGE_L': 0.7393132136851394, 'CIDEr': 0.9952597125634177}
Saving checkpoint at epoch=22 to ./checkpoints/checkpoints_MSVD_ResNet152/2025-04-12 06:24:28 | Transformer | MSVD | FEAT MSVD_ResNet152 fsl-50 mcl-10 | EMB 512 | Transformer d-640-N-4-h-10-h_big-128-dp-0.1-sn-0 | OPTIM Adam lr-0.0001-dc-12-0.5-5-wd-5e-06-rg-0.6 | bs-32 gc-5.0/22.ckpt


loss: 1.2435246609468928 = (1-reg): 0.4 * r2l_loss: 1.247695306480908 + (reg):0.6 * l2r_loos: 1.24074416141041 
{'testlen': 535, 'reflen': 539, 'guess': [535, 435, 335, 237], 'correct': [422, 251, 145, 80]}
ratio: 0.9925788497198653
{'testlen': 535, 'reflen': 534, 'guess': [535, 435, 335, 235], 'correct': [434, 265, 156, 82]}
ratio: 1.0018726591741538
loss: 2.4527486783486827 = (1-reg): 0.4 * r2l_loss: 2.490911285082499 + (reg):0.6 * l2r_loos: 2.427306812780875 
r2l_scores: {'Bleu_1': 0.7829095801636201, 'Bleu_2': 0.6696139692608627, 'Bleu_3': 0.5775306639431688, 'Bleu_4': 0.5040283105866731, 'METEOR': 0.3458235277488055, 'ROUGE_L': 0.6945135633419385, 'CIDEr': 1.0087230251139239}
l2r_scores: {'Bleu_1': 0.8112149532695118, 'Bleu_2': 0.702985362441301, 'Bleu_3': 0.6128075659178724, 'Bleu_4': 0.532328338523143, 'METEOR': 0.3524789587604077, 'ROUGE_L': 0.708555054915687, 'CIDEr': 0.9605404245755926}
Saving checkpoint at epoch=23 to ./checkpoints/checkpoints_MSVD_ResNet152/2025-04-12 06:24:28 | Transformer | MSVD | FEAT MSVD_ResNet152 fsl-50 mcl-10 | EMB 512 | Transformer d-640-N-4-h-10-h_big-128-dp-0.1-sn-0 | OPTIM Adam lr-0.0001-dc-12-0.5-5-wd-5e-06-rg-0.6 | bs-32 gc-5.0/23.ckpt
Epoch 00012: reducing learning rate of group 0 to 5.0000e-05.


loss: 1.182699212715274 = (1-reg): 0.4 * r2l_loss: 1.1905438573243188 + (reg):0.6 * l2r_loos: 1.1774693913537948 
{'testlen': 509, 'reflen': 516, 'guess': [509, 409, 309, 211], 'correct': [414, 254, 144, 74]}
ratio: 0.9864341085252201
{'testlen': 523, 'reflen': 522, 'guess': [523, 423, 323, 223], 'correct': [423, 249, 150, 77]}
ratio: 1.0019157088103412
loss: 2.442374813998187 = (1-reg): 0.4 * r2l_loss: 2.483495753782767 + (reg):0.6 * l2r_loos: 2.4149607216870344 
r2l_scores: {'Bleu_1': 0.8022504015000362, 'Bleu_2': 0.7010094427249449, 'Bleu_3': 0.6090127398742735, 'Bleu_4': 0.5287056426359593, 'METEOR': 0.3583741579007368, 'ROUGE_L': 0.7021932298303484, 'CIDEr': 0.9038932971014951}
l2r_scores: {'Bleu_1': 0.8087954110883198, 'Bleu_2': 0.6899995843362497, 'Bleu_3': 0.6046844469884551, 'Bleu_4': 0.5256456373197343, 'METEOR': 0.3523698686995146, 'ROUGE_L': 0.7168088529198205, 'CIDEr': 0.9608453976097667}
Saving checkpoint at epoch=24 to ./checkpoints/checkpoints_MSVD_ResNet152/2025-04-12 06:24:28 | Transformer | MSVD | FEAT MSVD_ResNet152 fsl-50 mcl-10 | EMB 512 | Transformer d-640-N-4-h-10-h_big-128-dp-0.1-sn-0 | OPTIM Adam lr-0.0001-dc-12-0.5-5-wd-5e-06-rg-0.6 | bs-32 gc-5.0/24.ckpt


loss: 1.1649866410552479 = (1-reg): 0.4 * r2l_loss: 1.1739251318134245 + (reg):0.6 * l2r_loos: 1.1590275916115182 
{'testlen': 533, 'reflen': 538, 'guess': [533, 433, 333, 235], 'correct': [426, 251, 142, 71]}
ratio: 0.9907063197007608
{'testlen': 527, 'reflen': 526, 'guess': [527, 427, 327, 227], 'correct': [419, 243, 144, 70]}
ratio: 1.001901140682506
loss: 2.4519179176401207 = (1-reg): 0.4 * r2l_loss: 2.4882065216700235 + (reg):0.6 * l2r_loos: 2.427725374257123 
r2l_scores: {'Bleu_1': 0.7917869380764859, 'Bleu_2': 0.6743106990779931, 'Bleu_3': 0.5769834882550962, 'Bleu_4': 0.4896679125613946, 'METEOR': 0.3511050095131167, 'ROUGE_L': 0.6893837575249211, 'CIDEr': 0.8993900750043626}
l2r_scores: {'Bleu_1': 0.7950664136607304, 'Bleu_2': 0.6726527207367348, 'Bleu_3': 0.5840708276538209, 'Bleu_4': 0.4978714034447726, 'METEOR': 0.3500013868401192, 'ROUGE_L': 0.7061752012336641, 'CIDEr': 0.95407816628279}
Saving checkpoint at epoch=25 to ./checkpoints/checkpoints_MSVD_ResNet152/2025-04-12 06:24:28 | Transformer | MSVD | FEAT MSVD_ResNet152 fsl-50 mcl-10 | EMB 512 | Transformer d-640-N-4-h-10-h_big-128-dp-0.1-sn-0 | OPTIM Adam lr-0.0001-dc-12-0.5-5-wd-5e-06-rg-0.6 | bs-32 gc-5.0/25.ckpt



[BEST: 2 SEED: 904666]
{'testlen': 3581, 'reflen': 3587, 'guess': [3581, 2911, 2241, 1587], 'correct': [2815, 1641, 905, 396]}
ratio: 0.9983272930022308
{'testlen': 3326, 'reflen': 3338, 'guess': [3326, 2656, 1986, 1316], 'correct': [2670, 1591, 923, 415]}
ratio: 0.9964050329535661
r2l scores: {'Bleu_1': 0.7847772659851587, 'Bleu_2': 0.6645728000648754, 'Bleu_3': 0.5625848864591314, 'Bleu_4': 0.4589218063370135, 'METEOR': 0.34213882443630234, 'ROUGE_L': 0.6955945747311117, 'CIDEr': 0.8208959242959967}
l2r scores: {'Bleu_1': 0.7998749741647708, 'Bleu_2': 0.6909532363904526, 'Bleu_3': 0.6046688833418005, 'Bleu_4': 0.5133866132635788, 'METEOR': 0.34794896556159055, 'ROUGE_L': 0.7069550680012358, 'CIDEr': 0.8365516824003058}
./checkpoints/checkpoints_MSVD_ResNet152/2025-04-12 06:24:28 | Transformer | MSVD | FEAT MSVD_ResNet152 fsl-50 mcl-10 | EMB 512 | Transformer d-640-N-4-h-10-h_big-128-dp-0.1-sn-0 | OPTIM Adam lr-0.0001-dc-12-0.5-5-wd-5e-06-rg-0.6 | bs-32 gc-5.0
['19.ckpt', '2.ckpt', 'best.ckpt', '22.ckpt', '4.ckpt', '10.ckpt', '21.ckpt', '11.ckpt', '5.ckpt', '8.ckpt', '3.ckpt', '13.ckpt', '6.ckpt', '9.ckpt', '20.ckpt', '16.ckpt', '15.ckpt', '12.ckpt', '7.ckpt', '23.ckpt', '14.ckpt', '24.ckpt', '17.ckpt', '1.ckpt', '18.ckpt', '25.ckpt']
Build data_loader according to 19.ckpt
#vocabs: 3891 (9158), #words: 323223 (329680). Trim words which appear less than 3 times.
Now is test in the ./checkpoints/checkpoints_MSVD_ResNet152/2025-04-12 06:24:28 | Transformer | MSVD | FEAT MSVD_ResNet152 fsl-50 mcl-10 | EMB 512 | Transformer d-640-N-4-h-10-h_big-128-dp-0.1-sn-0 | OPTIM Adam lr-0.0001-dc-12-0.5-5-wd-5e-06-rg-0.6 | bs-32 gc-5.0/0.ckpt
Now is test in the ./checkpoints/checkpoints_MSVD_ResNet152/2025-04-12 06:24:28 | Transformer | MSVD | FEAT MSVD_ResNet152 fsl-50 mcl-10 | EMB 512 | Transformer d-640-N-4-h-10-h_big-128-dp-0.1-sn-0 | OPTIM Adam lr-0.0001-dc-12-0.5-5-wd-5e-06-rg-0.6 | bs-32 gc-5.0/1.ckpt
Now is test in the ./checkpoints/checkpoints_MSVD_ResNet152/2025-04-12 06:24:28 | Transformer | MSVD | FEAT MSVD_ResNet152 fsl-50 mcl-10 | EMB 512 | Transformer d-640-N-4-h-10-h_big-128-dp-0.1-sn-0 | OPTIM Adam lr-0.0001-dc-12-0.5-5-wd-5e-06-rg-0.6 | bs-32 gc-5.0/2.ckpt
Now is test in the ./checkpoints/checkpoints_MSVD_ResNet152/2025-04-12 06:24:28 | Transformer | MSVD | FEAT MSVD_ResNet152 fsl-50 mcl-10 | EMB 512 | Transformer d-640-N-4-h-10-h_big-128-dp-0.1-sn-0 | OPTIM Adam lr-0.0001-dc-12-0.5-5-wd-5e-06-rg-0.6 | bs-32 gc-5.0/3.ckpt
Finish build data_loader.
Finish the model load in CUDA. Try to enter Test Set.
{'testlen': 3530, 'reflen': 3536, 'guess': [3530, 2860, 2190, 1520], 'correct': [2806, 1682, 986, 476]}
ratio: 0.9983031674205322
[TEST L2R] in 4.ckpt is {'Bleu_1': 0.7935508911961817, 'Bleu_2': 0.682571706490165, 'Bleu_3': 0.5938321806872521, 'Bleu_4': 0.5058294297876965, 'METEOR': 0.3521654789923374, 'ROUGE_L': 0.7095804363572846, 'CIDEr': 0.8345998690765287}
Now is test in the ./checkpoints/checkpoints_MSVD_ResNet152/2025-04-12 06:24:28 | Transformer | MSVD | FEAT MSVD_ResNet152 fsl-50 mcl-10 | EMB 512 | Transformer d-640-N-4-h-10-h_big-128-dp-0.1-sn-0 | OPTIM Adam lr-0.0001-dc-12-0.5-5-wd-5e-06-rg-0.6 | bs-32 gc-5.0/4.ckpt
Finish build data_loader.
Finish the model load in CUDA. Try to enter Test Set.
{'testlen': 3476, 'reflen': 3481, 'guess': [3476, 2806, 2136, 1466], 'correct': [2785, 1649, 949, 432]}
ratio: 0.99856363114019
[TEST L2R] in 5.ckpt is {'Bleu_1': 0.8000566278496991, 'Bleu_2': 0.6851955061205812, 'Bleu_3': 0.5927748334974757, 'Bleu_4': 0.4975635822991408, 'METEOR': 0.35432981718480944, 'ROUGE_L': 0.7115892753905908, 'CIDEr': 0.8492286075866192}
Now is test in the ./checkpoints/checkpoints_MSVD_ResNet152/2025-04-12 06:24:28 | Transformer | MSVD | FEAT MSVD_ResNet152 fsl-50 mcl-10 | EMB 512 | Transformer d-640-N-4-h-10-h_big-128-dp-0.1-sn-0 | OPTIM Adam lr-0.0001-dc-12-0.5-5-wd-5e-06-rg-0.6 | bs-32 gc-5.0/5.ckpt
Finish build data_loader.
Finish the model load in CUDA. Try to enter Test Set.
{'testlen': 3492, 'reflen': 3497, 'guess': [3492, 2822, 2152, 1482], 'correct': [2806, 1697, 969, 451]}
ratio: 0.9985702030308841
[TEST L2R] in 6.ckpt is {'Bleu_1': 0.8024012371584471, 'Bleu_2': 0.6941403496797203, 'Bleu_3': 0.6005992001583255, 'Bleu_4': 0.5065416797117546, 'METEOR': 0.3542064268596983, 'ROUGE_L': 0.7167058924382866, 'CIDEr': 0.8858694796140931}
Now is test in the ./checkpoints/checkpoints_MSVD_ResNet152/2025-04-12 06:24:28 | Transformer | MSVD | FEAT MSVD_ResNet152 fsl-50 mcl-10 | EMB 512 | Transformer d-640-N-4-h-10-h_big-128-dp-0.1-sn-0 | OPTIM Adam lr-0.0001-dc-12-0.5-5-wd-5e-06-rg-0.6 | bs-32 gc-5.0/6.ckpt
Finish build data_loader.
Finish the model load in CUDA. Try to enter Test Set.
{'testlen': 3478, 'reflen': 3477, 'guess': [3478, 2808, 2138, 1468], 'correct': [2803, 1684, 970, 444]}
ratio: 1.0002876042562554
[TEST L2R] in 7.ckpt is {'Bleu_1': 0.8059229442205849, 'Bleu_2': 0.6952151888845371, 'Bleu_3': 0.6030234194840202, 'Bleu_4': 0.507475246192518, 'METEOR': 0.35565145264673936, 'ROUGE_L': 0.7179375480236886, 'CIDEr': 0.8765871357167034}
Now is test in the ./checkpoints/checkpoints_MSVD_ResNet152/2025-04-12 06:24:28 | Transformer | MSVD | FEAT MSVD_ResNet152 fsl-50 mcl-10 | EMB 512 | Transformer d-640-N-4-h-10-h_big-128-dp-0.1-sn-0 | OPTIM Adam lr-0.0001-dc-12-0.5-5-wd-5e-06-rg-0.6 | bs-32 gc-5.0/7.ckpt
Finish build data_loader.
Finish the model load in CUDA. Try to enter Test Set.
{'testlen': 3581, 'reflen': 3577, 'guess': [3581, 2911, 2241, 1571], 'correct': [2886, 1754, 1032, 485]}
ratio: 1.0011182555211067
[TEST L2R] in 8.ckpt is {'Bleu_1': 0.8059201340405456, 'Bleu_2': 0.696850626243524, 'Bleu_3': 0.6069772449129615, 'Bleu_4': 0.5125906686698474, 'METEOR': 0.36019515255194084, 'ROUGE_L': 0.7214153428676878, 'CIDEr': 0.8896250745305575}
Now is test in the ./checkpoints/checkpoints_MSVD_ResNet152/2025-04-12 06:24:28 | Transformer | MSVD | FEAT MSVD_ResNet152 fsl-50 mcl-10 | EMB 512 | Transformer d-640-N-4-h-10-h_big-128-dp-0.1-sn-0 | OPTIM Adam lr-0.0001-dc-12-0.5-5-wd-5e-06-rg-0.6 | bs-32 gc-5.0/8.ckpt
Finish build data_loader.
Finish the model load in CUDA. Try to enter Test Set.
{'testlen': 3482, 'reflen': 3484, 'guess': [3482, 2812, 2142, 1472], 'correct': [2818, 1685, 974, 450]}
ratio: 0.9994259471868544
[TEST L2R] in 9.ckpt is {'Bleu_1': 0.8088402799442266, 'Bleu_2': 0.6959835168978542, 'Bleu_3': 0.6038039955854831, 'Bleu_4': 0.5092555843947791, 'METEOR': 0.3567109801312472, 'ROUGE_L': 0.7167503566073103, 'CIDEr': 0.8787064361953537}
Now is test in the ./checkpoints/checkpoints_MSVD_ResNet152/2025-04-12 06:24:28 | Transformer | MSVD | FEAT MSVD_ResNet152 fsl-50 mcl-10 | EMB 512 | Transformer d-640-N-4-h-10-h_big-128-dp-0.1-sn-0 | OPTIM Adam lr-0.0001-dc-12-0.5-5-wd-5e-06-rg-0.6 | bs-32 gc-5.0/9.ckpt
Finish build data_loader.
Finish the model load in CUDA. Try to enter Test Set.
{'testlen': 3563, 'reflen': 3569, 'guess': [3563, 2893, 2223, 1553], 'correct': [2861, 1698, 991, 465]}
ratio: 0.9983188568223597
[TEST L2R] in 10.ckpt is {'Bleu_1': 0.8016239697343841, 'Bleu_2': 0.6853529763408833, 'Bleu_3': 0.5934860097799789, 'Bleu_4': 0.49997167801023795, 'METEOR': 0.3545313523158093, 'ROUGE_L': 0.7144705340727936, 'CIDEr': 0.8593310759786787}
Now is test in the ./checkpoints/checkpoints_MSVD_ResNet152/2025-04-12 06:24:28 | Transformer | MSVD | FEAT MSVD_ResNet152 fsl-50 mcl-10 | EMB 512 | Transformer d-640-N-4-h-10-h_big-128-dp-0.1-sn-0 | OPTIM Adam lr-0.0001-dc-12-0.5-5-wd-5e-06-rg-0.6 | bs-32 gc-5.0/10.ckpt
Finish build data_loader.
Finish the model load in CUDA. Try to enter Test Set.
{'testlen': 3529, 'reflen': 3536, 'guess': [3529, 2859, 2189, 1519], 'correct': [2906, 1758, 1012, 475]}
ratio: 0.998020361990668
[TEST L2R] in 11.ckpt is {'Bleu_1': 0.8218309645593284, 'Bleu_2': 0.7101709157126036, 'Bleu_3': 0.6150820050526666, 'Bleu_4': 0.5191207184389983, 'METEOR': 0.3639050669796026, 'ROUGE_L': 0.7284379888470149, 'CIDEr': 0.8782403388198932}
Now is test in the ./checkpoints/checkpoints_MSVD_ResNet152/2025-04-12 06:24:28 | Transformer | MSVD | FEAT MSVD_ResNet152 fsl-50 mcl-10 | EMB 512 | Transformer d-640-N-4-h-10-h_big-128-dp-0.1-sn-0 | OPTIM Adam lr-0.0001-dc-12-0.5-5-wd-5e-06-rg-0.6 | bs-32 gc-5.0/11.ckpt
Finish build data_loader.
Finish the model load in CUDA. Try to enter Test Set.
{'testlen': 3486, 'reflen': 3487, 'guess': [3486, 2816, 2146, 1476], 'correct': [2813, 1712, 991, 457]}
ratio: 0.9997132205331231
[TEST L2R] in 12.ckpt is {'Bleu_1': 0.8067106063321251, 'Bleu_2': 0.7002161885626643, 'Bleu_3': 0.609435688537784, 'Bleu_4': 0.5144844194530357, 'METEOR': 0.35754488584650745, 'ROUGE_L': 0.7180250229750718, 'CIDEr': 0.8706037509530239}
Now is test in the ./checkpoints/checkpoints_MSVD_ResNet152/2025-04-12 06:24:28 | Transformer | MSVD | FEAT MSVD_ResNet152 fsl-50 mcl-10 | EMB 512 | Transformer d-640-N-4-h-10-h_big-128-dp-0.1-sn-0 | OPTIM Adam lr-0.0001-dc-12-0.5-5-wd-5e-06-rg-0.6 | bs-32 gc-5.0/12.ckpt
Finish build data_loader.
Finish the model load in CUDA. Try to enter Test Set.
{'testlen': 3501, 'reflen': 3503, 'guess': [3501, 2831, 2161, 1492], 'correct': [2805, 1676, 982, 467]}
ratio: 0.9994290608047389
[TEST L2R] in 13.ckpt is {'Bleu_1': 0.8007420903440099, 'Bleu_2': 0.6883183576811359, 'Bleu_3': 0.5992330745671063, 'Bleu_4': 0.5093564642089151, 'METEOR': 0.35328044114217816, 'ROUGE_L': 0.7095775571346556, 'CIDEr': 0.8715320410696351}
Now is test in the ./checkpoints/checkpoints_MSVD_ResNet152/2025-04-12 06:24:28 | Transformer | MSVD | FEAT MSVD_ResNet152 fsl-50 mcl-10 | EMB 512 | Transformer d-640-N-4-h-10-h_big-128-dp-0.1-sn-0 | OPTIM Adam lr-0.0001-dc-12-0.5-5-wd-5e-06-rg-0.6 | bs-32 gc-5.0/13.ckpt
Finish build data_loader.
Finish the model load in CUDA. Try to enter Test Set.
{'testlen': 3482, 'reflen': 3483, 'guess': [3482, 2812, 2142, 1472], 'correct': [2821, 1703, 1016, 491]}
ratio: 0.9997128911854724
[TEST L2R] in 14.ckpt is {'Bleu_1': 0.8099339315774527, 'Bleu_2': 0.7002644832629159, 'Bleu_3': 0.6149284294917842, 'Bleu_4': 0.5276921918449832, 'METEOR': 0.36458015865279464, 'ROUGE_L': 0.716716754615384, 'CIDEr': 0.8997528576530317}
Now is test in the ./checkpoints/checkpoints_MSVD_ResNet152/2025-04-12 06:24:28 | Transformer | MSVD | FEAT MSVD_ResNet152 fsl-50 mcl-10 | EMB 512 | Transformer d-640-N-4-h-10-h_big-128-dp-0.1-sn-0 | OPTIM Adam lr-0.0001-dc-12-0.5-5-wd-5e-06-rg-0.6 | bs-32 gc-5.0/14.ckpt
Finish build data_loader.
Finish the model load in CUDA. Try to enter Test Set.
{'testlen': 3465, 'reflen': 3473, 'guess': [3465, 2795, 2125, 1455], 'correct': [2797, 1665, 948, 438]}
ratio: 0.9976965159801331
[TEST L2R] in 15.ckpt is {'Bleu_1': 0.8053534571446607, 'Bleu_2': 0.6918439164229475, 'Bleu_3': 0.5972474697955651, 'Bleu_4': 0.5029419290299146, 'METEOR': 0.3540274660013701, 'ROUGE_L': 0.7107516769223027, 'CIDEr': 0.8409879108673155}
Now is test in the ./checkpoints/checkpoints_MSVD_ResNet152/2025-04-12 06:24:28 | Transformer | MSVD | FEAT MSVD_ResNet152 fsl-50 mcl-10 | EMB 512 | Transformer d-640-N-4-h-10-h_big-128-dp-0.1-sn-0 | OPTIM Adam lr-0.0001-dc-12-0.5-5-wd-5e-06-rg-0.6 | bs-32 gc-5.0/15.ckpt
Finish build data_loader.
Finish the model load in CUDA. Try to enter Test Set.
{'testlen': 3492, 'reflen': 3501, 'guess': [3492, 2822, 2152, 1483], 'correct': [2823, 1682, 982, 464]}
ratio: 0.9974293059123115
[TEST L2R] in 16.ckpt is {'Bleu_1': 0.8063383719212787, 'Bleu_2': 0.6923624354101947, 'Bleu_3': 0.6020126719809346, 'Bleu_4': 0.5108208356398308, 'METEOR': 0.3574676961965475, 'ROUGE_L': 0.7182089948728776, 'CIDEr': 0.8841353791307056}
Now is test in the ./checkpoints/checkpoints_MSVD_ResNet152/2025-04-12 06:24:28 | Transformer | MSVD | FEAT MSVD_ResNet152 fsl-50 mcl-10 | EMB 512 | Transformer d-640-N-4-h-10-h_big-128-dp-0.1-sn-0 | OPTIM Adam lr-0.0001-dc-12-0.5-5-wd-5e-06-rg-0.6 | bs-32 gc-5.0/16.ckpt
Finish build data_loader.
Finish the model load in CUDA. Try to enter Test Set.
{'testlen': 3510, 'reflen': 3512, 'guess': [3510, 2840, 2170, 1500], 'correct': [2837, 1728, 1012, 487]}
ratio: 0.9994305239177109
[TEST L2R] in 17.ckpt is {'Bleu_1': 0.8078016912372106, 'Bleu_2': 0.7008762561420604, 'Bleu_3': 0.6117660011702624, 'Bleu_4': 0.5220794071953706, 'METEOR': 0.36104326789882807, 'ROUGE_L': 0.7174824909680846, 'CIDEr': 0.8846381588332711}
Now is test in the ./checkpoints/checkpoints_MSVD_ResNet152/2025-04-12 06:24:28 | Transformer | MSVD | FEAT MSVD_ResNet152 fsl-50 mcl-10 | EMB 512 | Transformer d-640-N-4-h-10-h_big-128-dp-0.1-sn-0 | OPTIM Adam lr-0.0001-dc-12-0.5-5-wd-5e-06-rg-0.6 | bs-32 gc-5.0/17.ckpt
Finish build data_loader.
Finish the model load in CUDA. Try to enter Test Set.
{'testlen': 3601, 'reflen': 3604, 'guess': [3601, 2931, 2261, 1591], 'correct': [2901, 1736, 1006, 464]}
ratio: 0.9991675915646506
[TEST L2R] in 18.ckpt is {'Bleu_1': 0.804938677531926, 'Bleu_2': 0.6901880623298265, 'Bleu_3': 0.5960602553406131, 'Bleu_4': 0.4984127237687071, 'METEOR': 0.3577385006844846, 'ROUGE_L': 0.7165169318474575, 'CIDEr': 0.8561858565718511}
Now is test in the ./checkpoints/checkpoints_MSVD_ResNet152/2025-04-12 06:24:28 | Transformer | MSVD | FEAT MSVD_ResNet152 fsl-50 mcl-10 | EMB 512 | Transformer d-640-N-4-h-10-h_big-128-dp-0.1-sn-0 | OPTIM Adam lr-0.0001-dc-12-0.5-5-wd-5e-06-rg-0.6 | bs-32 gc-5.0/18.ckpt
Finish build data_loader.
Finish the model load in CUDA. Try to enter Test Set.
{'testlen': 3519, 'reflen': 3522, 'guess': [3519, 2849, 2179, 1509], 'correct': [2819, 1675, 983, 469]}
ratio: 0.9991482112433279
[TEST L2R] in 19.ckpt is {'Bleu_1': 0.8003972107273236, 'Bleu_2': 0.6856916218594007, 'Bleu_3': 0.59620357665663, 'Bleu_4': 0.5064939625470463, 'METEOR': 0.35916074291538885, 'ROUGE_L': 0.7125734241936671, 'CIDEr': 0.865131246664169}
Now is test in the ./checkpoints/checkpoints_MSVD_ResNet152/2025-04-12 06:24:28 | Transformer | MSVD | FEAT MSVD_ResNet152 fsl-50 mcl-10 | EMB 512 | Transformer d-640-N-4-h-10-h_big-128-dp-0.1-sn-0 | OPTIM Adam lr-0.0001-dc-12-0.5-5-wd-5e-06-rg-0.6 | bs-32 gc-5.0/19.ckpt
Finish build data_loader.
Finish the model load in CUDA. Try to enter Test Set.
{'testlen': 3611, 'reflen': 3618, 'guess': [3611, 2941, 2271, 1601], 'correct': [2910, 1741, 1006, 482]}
ratio: 0.9980652294082372
[TEST L2R] in 20.ckpt is {'Bleu_1': 0.8043102651649343, 'Bleu_2': 0.6893546898224044, 'Bleu_3': 0.5944857863987417, 'Bleu_4': 0.5012559732328266, 'METEOR': 0.3607831983029916, 'ROUGE_L': 0.7122490318597438, 'CIDEr': 0.8490421317296898}
Now is test in the ./checkpoints/checkpoints_MSVD_ResNet152/2025-04-12 06:24:28 | Transformer | MSVD | FEAT MSVD_ResNet152 fsl-50 mcl-10 | EMB 512 | Transformer d-640-N-4-h-10-h_big-128-dp-0.1-sn-0 | OPTIM Adam lr-0.0001-dc-12-0.5-5-wd-5e-06-rg-0.6 | bs-32 gc-5.0/20.ckpt
Finish build data_loader.
Finish the model load in CUDA. Try to enter Test Set.
{'testlen': 3608, 'reflen': 3610, 'guess': [3608, 2938, 2268, 1598], 'correct': [2942, 1782, 1046, 495]}
ratio: 0.9994459833792245
[TEST L2R] in 21.ckpt is {'Bleu_1': 0.8149583235911777, 'Bleu_2': 0.7028704483944693, 'Bleu_3': 0.6106600200286224, 'Bleu_4': 0.5152838568036248, 'METEOR': 0.3638239164889524, 'ROUGE_L': 0.7222670839671848, 'CIDEr': 0.8900533660304746}
Now is test in the ./checkpoints/checkpoints_MSVD_ResNet152/2025-04-12 06:24:28 | Transformer | MSVD | FEAT MSVD_ResNet152 fsl-50 mcl-10 | EMB 512 | Transformer d-640-N-4-h-10-h_big-128-dp-0.1-sn-0 | OPTIM Adam lr-0.0001-dc-12-0.5-5-wd-5e-06-rg-0.6 | bs-32 gc-5.0/21.ckpt
Finish build data_loader.
Finish the model load in CUDA. Try to enter Test Set.
{'testlen': 3548, 'reflen': 3554, 'guess': [3548, 2878, 2208, 1538], 'correct': [2893, 1745, 1021, 485]}
ratio: 0.9983117613953297
[TEST L2R] in 22.ckpt is {'Bleu_1': 0.8140112177721046, 'Bleu_2': 0.7019404980182331, 'Bleu_3': 0.6104230808436779, 'Bleu_4': 0.5172922268457987, 'METEOR': 0.3615484251668236, 'ROUGE_L': 0.7180604955141606, 'CIDEr': 0.8699607687484399}
Now is test in the ./checkpoints/checkpoints_MSVD_ResNet152/2025-04-12 06:24:28 | Transformer | MSVD | FEAT MSVD_ResNet152 fsl-50 mcl-10 | EMB 512 | Transformer d-640-N-4-h-10-h_big-128-dp-0.1-sn-0 | OPTIM Adam lr-0.0001-dc-12-0.5-5-wd-5e-06-rg-0.6 | bs-32 gc-5.0/22.ckpt
Finish build data_loader.
Finish the model load in CUDA. Try to enter Test Set.
{'testlen': 3588, 'reflen': 3592, 'guess': [3588, 2918, 2248, 1578], 'correct': [2906, 1733, 990, 455]}
ratio: 0.9988864142536195
[TEST L2R] in 23.ckpt is {'Bleu_1': 0.8090195421753584, 'Bleu_2': 0.692777959142905, 'Bleu_3': 0.5954531762174925, 'Bleu_4': 0.4965817684188844, 'METEOR': 0.36074073756497205, 'ROUGE_L': 0.7130487747696193, 'CIDEr': 0.840397776239258}
Now is test in the ./checkpoints/checkpoints_MSVD_ResNet152/2025-04-12 06:24:28 | Transformer | MSVD | FEAT MSVD_ResNet152 fsl-50 mcl-10 | EMB 512 | Transformer d-640-N-4-h-10-h_big-128-dp-0.1-sn-0 | OPTIM Adam lr-0.0001-dc-12-0.5-5-wd-5e-06-rg-0.6 | bs-32 gc-5.0/23.ckpt
Finish build data_loader.
Finish the model load in CUDA. Try to enter Test Set.
{'testlen': 3571, 'reflen': 3580, 'guess': [3571, 2901, 2231, 1561], 'correct': [2912, 1736, 995, 473]}
ratio: 0.9974860335192745
[TEST L2R] in 24.ckpt is {'Bleu_1': 0.8134052422125669, 'Bleu_2': 0.6967984931141218, 'Bleu_3': 0.5999952159259253, 'Bleu_4': 0.5054774218238056, 'METEOR': 0.3646220935842746, 'ROUGE_L': 0.7179137062752502, 'CIDEr': 0.8839109993009675}
Now is test in the ./checkpoints/checkpoints_MSVD_ResNet152/2025-04-12 06:24:28 | Transformer | MSVD | FEAT MSVD_ResNet152 fsl-50 mcl-10 | EMB 512 | Transformer d-640-N-4-h-10-h_big-128-dp-0.1-sn-0 | OPTIM Adam lr-0.0001-dc-12-0.5-5-wd-5e-06-rg-0.6 | bs-32 gc-5.0/24.ckpt
Finish build data_loader.
Finish the model load in CUDA. Try to enter Test Set.
{'testlen': 3586, 'reflen': 3589, 'guess': [3586, 2916, 2246, 1576], 'correct': [2906, 1761, 1044, 525]}
ratio: 0.999164112565896
[TEST L2R] in 25.ckpt is {'Bleu_1': 0.809696011045855, 'Bleu_2': 0.6989808145921956, 'Bleu_3': 0.6099384020042989, 'Bleu_4': 0.5242330827967294, 'METEOR': 0.3665707432333515, 'ROUGE_L': 0.7225350152256597, 'CIDEr': 0.9013760993888497}
