Found 1 CUDA device(s)

Device 0: NVIDIA A100-SXM4-40GB
  Total memory bytes: 42296475648
  MultiProcessor count: 108
  Major.Minor: 8.0
  Max threads per block: 2048
  Memory reserved bytes: 0
  Memory allocated bytes: 0
  Free inside reserved bytes: 0
  Active allocations: 0
========================================
MODEL ID: MSRVTT = FEAT newMViTv2 fsl-13 mcl-20 = Transformer d-512 N_enc-0 N_dec-3 h-4 h_big-4 dp-0.1 = OPTIM lr-0.0001 warmup-3 gamma-0.5 pat-3 wd-5e-06 rg-0.6 = bs-64-gc-5.0-ls-0.15 = 1764773840
Enter the load_video_feats method.
Enter the load_video_feats method.
Enter the load_video_feats method.
#vocabs: 10444 (23046), #words: 1178850 (1194458). Trim words which appear less than 3 times.
{'Total': 50605464, 'Trainable': 50605464}


[EPOCH 1 TRAIN]
time: 167.08 seconds | lr: 0.000033
loss:3.978167 = (1-reg):0.40 * r2l_loss:3.982706 + (reg):0.60 * l2r_loss:3.975140
{'testlen': 2714, 'reflen': 3074, 'guess': [2714, 2217, 1720, 1229], 'correct': [2259, 1216, 585, 235]}
ratio: 0.8828887443068045
{'testlen': 3127, 'reflen': 3336, 'guess': [3127, 2630, 2133, 1637], 'correct': [2512, 1325, 659, 278]}
ratio: 0.9373501199037958
[EPOCH 1 VAL]
time: 73.61 seconds
loss:3.608940 = (1-reg):0.40 * r2l_loss:3.547144 + (reg):0.60 * l2r_loss:3.650138
r2l_scores: {'Bleu_1': 0.7289523843029795, 'Bleu_2': 0.5917386109593764, 'Bleu_3': 0.47071712959022416, 'Bleu_4': 0.3635358040116055, 'METEOR': 0.25960264781087355, 'ROUGE_L': 0.5824206158238211, 'CIDEr': 0.3938879642934727}
l2r_scores: {'Bleu_1': 0.7513887980585268, 'Bleu_2': 0.5950437584734711, 'Bleu_3': 0.46772269485578555, 'Bleu_4': 0.3570537528801828, 'METEOR': 0.25678665570836384, 'ROUGE_L': 0.579293534888323, 'CIDEr': 0.346311329859998}
>> Saving checkpoint to 1.ckpt
>> New best model at epoch 1 | CIDEr: 0.346311329859998


[EPOCH 2 TRAIN]
time: 167.77 seconds | lr: 0.000056
loss:3.324666 = (1-reg):0.40 * r2l_loss:3.318362 + (reg):0.60 * l2r_loss:3.328868
{'testlen': 2923, 'reflen': 3187, 'guess': [2923, 2426, 1929, 1432], 'correct': [2431, 1356, 657, 261]}
ratio: 0.9171634766234964
{'testlen': 3139, 'reflen': 3325, 'guess': [3139, 2642, 2145, 1648], 'correct': [2644, 1498, 742, 316]}
ratio: 0.9440601503756559
[EPOCH 2 VAL]
time: 73.70 seconds
loss:3.277863 = (1-reg):0.40 * r2l_loss:3.244417 + (reg):0.60 * l2r_loss:3.300160
r2l_scores: {'Bleu_1': 0.7598562889543234, 'Bleu_2': 0.6229279779042362, 'Bleu_3': 0.4942667299486559, 'Bleu_4': 0.37656437904789025, 'METEOR': 0.2614583091746888, 'ROUGE_L': 0.591014051160823, 'CIDEr': 0.45341514109414693}
l2r_scores: {'Bleu_1': 0.7938459171806406, 'Bleu_2': 0.6513143517679393, 'Bleu_3': 0.5171398380016188, 'Bleu_4': 0.3976078821197964, 'METEOR': 0.28102072167703496, 'ROUGE_L': 0.6037481054442148, 'CIDEr': 0.46724856954328076}
>> Saving checkpoint to 2.ckpt
>> New best model at epoch 2 | CIDEr: 0.46724856954328076


[EPOCH 3 TRAIN]
time: 165.63 seconds | lr: 0.000078
loss:3.056105 = (1-reg):0.40 * r2l_loss:3.051182 + (reg):0.60 * l2r_loss:3.059386
{'testlen': 3003, 'reflen': 3247, 'guess': [3003, 2506, 2009, 1512], 'correct': [2426, 1337, 653, 272]}
ratio: 0.9248537111176702
{'testlen': 3150, 'reflen': 3334, 'guess': [3150, 2653, 2156, 1659], 'correct': [2639, 1535, 791, 348]}
ratio: 0.9448110377921581
[EPOCH 3 VAL]
time: 74.92 seconds
loss:3.097361 = (1-reg):0.40 * r2l_loss:3.076699 + (reg):0.60 * l2r_loss:3.111135
r2l_scores: {'Bleu_1': 0.7448145187418134, 'Bleu_2': 0.6052789519149679, 'Bleu_3': 0.47883477806543306, 'Bleu_4': 0.36734295060612066, 'METEOR': 0.27343445055930565, 'ROUGE_L': 0.5967758262588808, 'CIDEr': 0.49615303856348203}
l2r_scores: {'Bleu_1': 0.790242756725545, 'Bleu_2': 0.6567221591756859, 'Bleu_3': 0.5304456820301547, 'Bleu_4': 0.41454513734829457, 'METEOR': 0.2835136150017402, 'ROUGE_L': 0.6088986100392159, 'CIDEr': 0.47861135875205985}
>> Saving checkpoint to 3.ckpt
>> New best model at epoch 3 | CIDEr: 0.47861135875205985


[EPOCH 4 TRAIN]
time: 168.11 seconds | lr: 0.000100
loss:2.881197 = (1-reg):0.40 * r2l_loss:2.876069 + (reg):0.60 * l2r_loss:2.884615
{'testlen': 3164, 'reflen': 3360, 'guess': [3164, 2667, 2170, 1674], 'correct': [2469, 1376, 650, 255]}
ratio: 0.9416666666663864
{'testlen': 3275, 'reflen': 3435, 'guess': [3275, 2778, 2281, 1784], 'correct': [2738, 1580, 791, 343]}
ratio: 0.9534206695775973
[EPOCH 4 VAL]
time: 77.44 seconds
loss:3.031448 = (1-reg):0.40 * r2l_loss:3.019346 + (reg):0.60 * l2r_loss:3.039516
r2l_scores: {'Bleu_1': 0.7334684155841368, 'Bleu_2': 0.5963988792583872, 'Bleu_3': 0.4643812619359656, 'Bleu_4': 0.34604007520232627, 'METEOR': 0.26047729854695945, 'ROUGE_L': 0.576753448430413, 'CIDEr': 0.4937848818845135}
l2r_scores: {'Bleu_1': 0.7961679650297337, 'Bleu_2': 0.6566834212893875, 'Bleu_3': 0.5222141324240609, 'Bleu_4': 0.4018434770185502, 'METEOR': 0.28510156822292465, 'ROUGE_L': 0.6031158703712818, 'CIDEr': 0.4836623545375963}
>> Saving checkpoint to 4.ckpt
>> New best model at epoch 4 | CIDEr: 0.4836623545375963


[EPOCH 5 TRAIN]
time: 169.68 seconds | lr: 0.000100
loss:2.744312 = (1-reg):0.40 * r2l_loss:2.738707 + (reg):0.60 * l2r_loss:2.748048
{'testlen': 3085, 'reflen': 3291, 'guess': [3085, 2588, 2091, 1595], 'correct': [2474, 1391, 682, 276]}
ratio: 0.9374050440592715
{'testlen': 3250, 'reflen': 3401, 'guess': [3250, 2753, 2256, 1759], 'correct': [2672, 1506, 751, 347]}
ratio: 0.9556012937368552
[EPOCH 5 VAL]
time: 76.91 seconds
loss:2.974210 = (1-reg):0.40 * r2l_loss:2.959060 + (reg):0.60 * l2r_loss:2.984310
r2l_scores: {'Bleu_1': 0.7501439933418633, 'Bleu_2': 0.6141207923866676, 'Bleu_3': 0.4863840799362233, 'Bleu_4': 0.36942105097103334, 'METEOR': 0.26291240439275443, 'ROUGE_L': 0.5816456292031166, 'CIDEr': 0.4866634968639751}
l2r_scores: {'Bleu_1': 0.784829110028788, 'Bleu_2': 0.6401886008662158, 'Bleu_3': 0.5068890488514882, 'Bleu_4': 0.3957364857581102, 'METEOR': 0.2799147135908875, 'ROUGE_L': 0.5981845138255092, 'CIDEr': 0.48149012943175445}


[EPOCH 6 TRAIN]
time: 169.40 seconds | lr: 0.000100
loss:2.641080 = (1-reg):0.40 * r2l_loss:2.634046 + (reg):0.60 * l2r_loss:2.645769
{'testlen': 3138, 'reflen': 3331, 'guess': [3138, 2641, 2144, 1647], 'correct': [2475, 1356, 638, 253]}
ratio: 0.9420594416088436
{'testlen': 3349, 'reflen': 3486, 'guess': [3349, 2852, 2355, 1858], 'correct': [2737, 1566, 783, 342]}
ratio: 0.9606999426273779
[EPOCH 6 VAL]
time: 78.75 seconds
loss:2.934347 = (1-reg):0.40 * r2l_loss:2.933051 + (reg):0.60 * l2r_loss:2.935211
r2l_scores: {'Bleu_1': 0.7416710959080255, 'Bleu_2': 0.5984058993624327, 'Bleu_3': 0.4644713246604713, 'Bleu_4': 0.34685517878255634, 'METEOR': 0.26119427191968625, 'ROUGE_L': 0.5657282561781194, 'CIDEr': 0.4755147908822597}
l2r_scores: {'Bleu_1': 0.7845012625777408, 'Bleu_2': 0.6430354860424298, 'Bleu_3': 0.509125570031353, 'Bleu_4': 0.39077095869270884, 'METEOR': 0.2838254454158825, 'ROUGE_L': 0.5975493914031114, 'CIDEr': 0.49005391659597175}
>> Saving checkpoint to 6.ckpt
>> New best model at epoch 6 | CIDEr: 0.49005391659597175


[EPOCH 7 TRAIN]
time: 168.21 seconds | lr: 0.000100
loss:2.558229 = (1-reg):0.40 * r2l_loss:2.549435 + (reg):0.60 * l2r_loss:2.564091
{'testlen': 3075, 'reflen': 3275, 'guess': [3075, 2578, 2081, 1586], 'correct': [2431, 1345, 662, 288]}
ratio: 0.938931297709637
{'testlen': 3369, 'reflen': 3492, 'guess': [3369, 2872, 2375, 1878], 'correct': [2784, 1621, 840, 403]}
ratio: 0.9647766323021292
[EPOCH 7 VAL]
time: 78.03 seconds
loss:2.908676 = (1-reg):0.40 * r2l_loss:2.912604 + (reg):0.60 * l2r_loss:2.906056
r2l_scores: {'Bleu_1': 0.7407864726106683, 'Bleu_2': 0.6017870106995137, 'Bleu_3': 0.4761475757614957, 'Bleu_4': 0.3681432232618504, 'METEOR': 0.2609972576508009, 'ROUGE_L': 0.5714526757385205, 'CIDEr': 0.4701675332918889}
l2r_scores: {'Bleu_1': 0.7967322755184817, 'Bleu_2': 0.6584572598973537, 'Bleu_3': 0.5287759342338059, 'Bleu_4': 0.41820784292191665, 'METEOR': 0.29092542466870003, 'ROUGE_L': 0.6076032583633885, 'CIDEr': 0.49050272148082036}
>> Saving checkpoint to 7.ckpt
>> New best model at epoch 7 | CIDEr: 0.49050272148082036


[EPOCH 8 TRAIN]
time: 168.29 seconds | lr: 0.000100
loss:2.488535 = (1-reg):0.40 * r2l_loss:2.479605 + (reg):0.60 * l2r_loss:2.494489
{'testlen': 3276, 'reflen': 3437, 'guess': [3276, 2779, 2282, 1785], 'correct': [2630, 1435, 688, 284]}
ratio: 0.9531568228103133
{'testlen': 3302, 'reflen': 3453, 'guess': [3302, 2805, 2308, 1811], 'correct': [2703, 1553, 762, 332]}
ratio: 0.9562699102227176
[EPOCH 8 VAL]
time: 79.39 seconds
loss:2.901001 = (1-reg):0.40 * r2l_loss:2.912819 + (reg):0.60 * l2r_loss:2.893123
r2l_scores: {'Bleu_1': 0.7643078553523904, 'Bleu_2': 0.6129768494041034, 'Bleu_3': 0.4759987406604652, 'Bleu_4': 0.3575102515414456, 'METEOR': 0.2667443857263941, 'ROUGE_L': 0.5797901422736865, 'CIDEr': 0.4793684403979878}
l2r_scores: {'Bleu_1': 0.7820035968501973, 'Bleu_2': 0.6431222829292023, 'Bleu_3': 0.5071643113754466, 'Bleu_4': 0.3887777174314869, 'METEOR': 0.2813438286943727, 'ROUGE_L': 0.5911474382217925, 'CIDEr': 0.4753037413573216}


[EPOCH 9 TRAIN]
time: 166.74 seconds | lr: 0.000100
loss:2.427762 = (1-reg):0.40 * r2l_loss:2.419540 + (reg):0.60 * l2r_loss:2.433244
{'testlen': 3203, 'reflen': 3374, 'guess': [3203, 2706, 2209, 1712], 'correct': [2570, 1447, 705, 280]}
ratio: 0.9493183165379522
{'testlen': 3431, 'reflen': 3550, 'guess': [3431, 2934, 2437, 1940], 'correct': [2786, 1598, 796, 340]}
ratio: 0.9664788732391644
[EPOCH 9 VAL]
time: 79.86 seconds
loss:2.897686 = (1-reg):0.40 * r2l_loss:2.906489 + (reg):0.60 * l2r_loss:2.891817
r2l_scores: {'Bleu_1': 0.7606595287877785, 'Bleu_2': 0.6209728137566866, 'Bleu_3': 0.48863461987968365, 'Bleu_4': 0.36673746128935375, 'METEOR': 0.2683268996213714, 'ROUGE_L': 0.5852929720439131, 'CIDEr': 0.48172868258828594}
l2r_scores: {'Bleu_1': 0.7843274702577843, 'Bleu_2': 0.64235566965678, 'Bleu_3': 0.5068139550871268, 'Bleu_4': 0.38529198811753684, 'METEOR': 0.2848062494147936, 'ROUGE_L': 0.6004767425130703, 'CIDEr': 0.47211883435172936}


[EPOCH 10 TRAIN]
time: 167.71 seconds | lr: 0.000100
loss:2.375163 = (1-reg):0.40 * r2l_loss:2.365733 + (reg):0.60 * l2r_loss:2.381450
{'testlen': 3339, 'reflen': 3470, 'guess': [3339, 2842, 2345, 1848], 'correct': [2610, 1418, 673, 274]}
ratio: 0.9622478386164374
{'testlen': 3498, 'reflen': 3594, 'guess': [3498, 3001, 2504, 2007], 'correct': [2841, 1632, 828, 376]}
ratio: 0.9732888146908811
[EPOCH 10 VAL]
time: 80.64 seconds
loss:2.886378 = (1-reg):0.40 * r2l_loss:2.895999 + (reg):0.60 * l2r_loss:2.879963
r2l_scores: {'Bleu_1': 0.7515974208372143, 'Bleu_2': 0.6004810626191214, 'Bleu_3': 0.46338717919214084, 'Bleu_4': 0.3451123154352048, 'METEOR': 0.2640251584341296, 'ROUGE_L': 0.5625548383655581, 'CIDEr': 0.4642216098352773}
l2r_scores: {'Bleu_1': 0.7901918399790651, 'Bleu_2': 0.6465973282611245, 'Bleu_3': 0.5123675838384496, 'Bleu_4': 0.3957005282639218, 'METEOR': 0.28904193278868806, 'ROUGE_L': 0.5991826573586162, 'CIDEr': 0.4897136028485565}


[EPOCH 11 TRAIN]
time: 168.51 seconds | lr: 0.000100
loss:2.328142 = (1-reg):0.40 * r2l_loss:2.319142 + (reg):0.60 * l2r_loss:2.334142
{'testlen': 3442, 'reflen': 3561, 'guess': [3442, 2945, 2448, 1951], 'correct': [2629, 1404, 667, 263]}
ratio: 0.9665824206680802
{'testlen': 3638, 'reflen': 3699, 'guess': [3638, 3141, 2644, 2147], 'correct': [2886, 1620, 808, 343]}
ratio: 0.9835090565014913
[EPOCH 11 VAL]
time: 81.39 seconds
loss:2.880999 = (1-reg):0.40 * r2l_loss:2.899412 + (reg):0.60 * l2r_loss:2.868724
r2l_scores: {'Bleu_1': 0.737844578527696, 'Bleu_2': 0.5829293669152624, 'Bleu_3': 0.4472089503512094, 'Bleu_4': 0.32851392078190356, 'METEOR': 0.2596228602089468, 'ROUGE_L': 0.5565272750441378, 'CIDEr': 0.4579826293057305}
l2r_scores: {'Bleu_1': 0.7801024089506932, 'Bleu_2': 0.6290111473043825, 'Bleu_3': 0.49173168555388497, 'Bleu_4': 0.36969294335891306, 'METEOR': 0.2822559572440084, 'ROUGE_L': 0.5908491029311229, 'CIDEr': 0.46404055703688424}


[EPOCH 12 TRAIN]
time: 169.50 seconds | lr: 0.000100
loss:2.285267 = (1-reg):0.40 * r2l_loss:2.276225 + (reg):0.60 * l2r_loss:2.291295
{'testlen': 3389, 'reflen': 3503, 'guess': [3389, 2892, 2395, 1898], 'correct': [2583, 1406, 680, 275]}
ratio: 0.9674564658861069
{'testlen': 3436, 'reflen': 3551, 'guess': [3436, 2939, 2442, 1945], 'correct': [2776, 1571, 785, 333]}
ratio: 0.9676147564063735
[EPOCH 12 VAL]
time: 80.24 seconds
loss:2.885910 = (1-reg):0.40 * r2l_loss:2.902650 + (reg):0.60 * l2r_loss:2.874751
r2l_scores: {'Bleu_1': 0.7369600312978667, 'Bleu_2': 0.5885874965638579, 'Bleu_3': 0.45646293547566447, 'Bleu_4': 0.33975122783551437, 'METEOR': 0.26262258874554323, 'ROUGE_L': 0.5537836219141546, 'CIDEr': 0.45053598971590453}
l2r_scores: {'Bleu_1': 0.7813234146045628, 'Bleu_2': 0.6355298967566066, 'Bleu_3': 0.5007490880105374, 'Bleu_4': 0.37971907600679083, 'METEOR': 0.2792875035659306, 'ROUGE_L': 0.5856009732234335, 'CIDEr': 0.45078368961133536}


[EPOCH 13 TRAIN]
time: 168.89 seconds | lr: 0.000100
loss:2.246855 = (1-reg):0.40 * r2l_loss:2.238110 + (reg):0.60 * l2r_loss:2.252685
{'testlen': 3345, 'reflen': 3489, 'guess': [3345, 2848, 2351, 1854], 'correct': [2616, 1418, 673, 268]}
ratio: 0.9587274290624939
{'testlen': 3409, 'reflen': 3526, 'guess': [3409, 2912, 2415, 1918], 'correct': [2774, 1592, 803, 367]}
ratio: 0.9668179239929192
[EPOCH 13 VAL]
time: 81.35 seconds
loss:2.881287 = (1-reg):0.40 * r2l_loss:2.903321 + (reg):0.60 * l2r_loss:2.866598
r2l_scores: {'Bleu_1': 0.7491098924463504, 'Bleu_2': 0.5977131992053614, 'Bleu_3': 0.4609820492509609, 'Bleu_4': 0.3412677548954434, 'METEOR': 0.2588928615341975, 'ROUGE_L': 0.5605353544237243, 'CIDEr': 0.4660546160137283}
l2r_scores: {'Bleu_1': 0.7862742832968896, 'Bleu_2': 0.64448110630197, 'Bleu_3': 0.5110198875437321, 'Bleu_4': 0.3963294739803324, 'METEOR': 0.2864193819931273, 'ROUGE_L': 0.5972778086675141, 'CIDEr': 0.47368014932641794}


[EPOCH 14 TRAIN]
time: 168.03 seconds | lr: 0.000100
loss:2.210377 = (1-reg):0.40 * r2l_loss:2.202452 + (reg):0.60 * l2r_loss:2.215660
{'testlen': 3373, 'reflen': 3491, 'guess': [3373, 2876, 2379, 1882], 'correct': [2604, 1384, 659, 264]}
ratio: 0.9661987969060538
{'testlen': 3510, 'reflen': 3569, 'guess': [3510, 3013, 2516, 2019], 'correct': [2872, 1657, 857, 393]}
ratio: 0.9834687587556785
[EPOCH 14 VAL]
time: 80.15 seconds
loss:2.882502 = (1-reg):0.40 * r2l_loss:2.898257 + (reg):0.60 * l2r_loss:2.871999
r2l_scores: {'Bleu_1': 0.7454721329873253, 'Bleu_2': 0.588562649772735, 'Bleu_3': 0.4525095139434078, 'Bleu_4': 0.3347098988735265, 'METEOR': 0.2586301847386289, 'ROUGE_L': 0.5519610340408713, 'CIDEr': 0.4431292563087468}
l2r_scores: {'Bleu_1': 0.8045947832841632, 'Bleu_2': 0.6596297601672335, 'Bleu_3': 0.526247671227748, 'Bleu_4': 0.4086783877743605, 'METEOR': 0.29345305204986966, 'ROUGE_L': 0.6060692239362099, 'CIDEr': 0.48063614407483574}


[EPOCH 15 TRAIN]
time: 167.92 seconds | lr: 0.000100
loss:2.177448 = (1-reg):0.40 * r2l_loss:2.169785 + (reg):0.60 * l2r_loss:2.182557
{'testlen': 3343, 'reflen': 3451, 'guess': [3343, 2846, 2349, 1852], 'correct': [2607, 1397, 689, 288]}
ratio: 0.9687047232683371
{'testlen': 3478, 'reflen': 3549, 'guess': [3478, 2981, 2484, 1987], 'correct': [2796, 1598, 798, 349]}
ratio: 0.9799943646094731
[EPOCH 15 VAL]
time: 80.20 seconds
loss:2.883929 = (1-reg):0.40 * r2l_loss:2.913924 + (reg):0.60 * l2r_loss:2.863932
r2l_scores: {'Bleu_1': 0.7550473743763763, 'Bleu_2': 0.5990355955725206, 'Bleu_3': 0.4670933351233495, 'Bleu_4': 0.3519516584213416, 'METEOR': 0.26360351155163647, 'ROUGE_L': 0.5613740303146061, 'CIDEr': 0.4533473753155506}
l2r_scores: {'Bleu_1': 0.7876656173771427, 'Bleu_2': 0.6431991963917368, 'Bleu_3': 0.5068648735264352, 'Bleu_4': 0.3869096939033924, 'METEOR': 0.2874439085376259, 'ROUGE_L': 0.5969813850017799, 'CIDEr': 0.4841553160628658}


[EPOCH 16 TRAIN]
time: 166.55 seconds | lr: 0.000050
loss:2.105657 = (1-reg):0.40 * r2l_loss:2.098935 + (reg):0.60 * l2r_loss:2.110137
{'testlen': 3475, 'reflen': 3563, 'guess': [3475, 2978, 2481, 1984], 'correct': [2666, 1436, 703, 287]}
ratio: 0.9753017120401416
{'testlen': 3565, 'reflen': 3621, 'guess': [3565, 3068, 2571, 2074], 'correct': [2863, 1650, 852, 393]}
ratio: 0.9845346589337243
[EPOCH 16 VAL]
time: 81.65 seconds
loss:2.883169 = (1-reg):0.40 * r2l_loss:2.906647 + (reg):0.60 * l2r_loss:2.867517
r2l_scores: {'Bleu_1': 0.7480099505154437, 'Bleu_2': 0.5930203275158601, 'Bleu_3': 0.45971631852244355, 'Bleu_4': 0.34213933513180067, 'METEOR': 0.26366219134819713, 'ROUGE_L': 0.5574408015740496, 'CIDEr': 0.44527926281784214}
l2r_scores: {'Bleu_1': 0.7905690292263012, 'Bleu_2': 0.6469536751091427, 'Bleu_3': 0.5149368316550436, 'Bleu_4': 0.39949000012298286, 'METEOR': 0.28788005565418395, 'ROUGE_L': 0.5963688011599293, 'CIDEr': 0.46971724427363765}



[BEST: 7 | SEED: 904666 | VAL-CIDEr: 0.49050272148082036]
{'testlen': 18540, 'reflen': 19994, 'guess': [18540, 15550, 12560, 9576], 'correct': [14657, 8241, 4099, 1757]}
ratio: 0.9272781834549901
{'testlen': 20443, 'reflen': 21265, 'guess': [20443, 17453, 14463, 11473], 'correct': [16571, 9618, 4924, 2290]}
ratio: 0.9613449329884335
time: 383.06 seconds
r2l_scores: {'Bleu_1': 0.7309300241134711, 'Bleu_2': 0.5984569059886661, 'Bleu_3': 0.47631928215186453, 'Bleu_4': 0.3679642607358224, 'METEOR': 0.262176645174194, 'ROUGE_L': 0.5758834797062069, 'CIDEr': 0.4913541141274155}
l2r_scores: {'Bleu_1': 0.7786483799950279, 'Bleu_2': 0.6420172278535718, 'Bleu_3': 0.5127394965473617, 'Bleu_4': 0.40095582350837317, 'METEOR': 0.2823896252074805, 'ROUGE_L': 0.5960333048229081, 'CIDEr': 0.5102375497451032}
----------------------------------------
>> [Train time] Total: 2688.00 seconds => Per epoch: 168.00 seconds
>> [Val time] Total: 1258.21 seconds => Per epoch: 78.64 seconds
