Found 1 CUDA device(s)

Device 0: NVIDIA A100-SXM4-40GB
  Total memory bytes: 42296475648
  MultiProcessor count: 108
  Major.Minor: 8.0
  Max threads per block: 2048
  Memory reserved bytes: 0
  Memory allocated bytes: 0
  Free inside reserved bytes: 0
  Active allocations: 0
========================================
MODEL ID: MSRVTT = FEAT newBlip2ClsKF+newMViTv2+newImgCapBlip2KF fsl-13 mcl-20 = Transformer d-512 N_enc-0 N_dec-2 h-8 h_big-8 dp-0.1 = OPTIM lr-0.0001 warmup-3 gamma-0.5 pat-3 wd-5e-06 rg-0.5 = bs-64-gc-5.0-ls-0.15 = 1764636901
Enter the load_video_feats method.
Enter the load_video_feats method.
Enter the load_video_feats method.
#vocabs: 10444 (23046), #words: 1178850 (1194458). Trim words which appear less than 3 times.
{'Total': 43647896, 'Trainable': 43647896}


[EPOCH 1 TRAIN]
time: 153.24 seconds | lr: 0.000033
loss:3.879253 = (1-reg):0.50 * r2l_loss:3.887272 + (reg):0.50 * l2r_loss:3.871235
{'testlen': 2680, 'reflen': 3033, 'guess': [2680, 2183, 1686, 1205], 'correct': [2341, 1386, 678, 268]}
ratio: 0.8836135839100285
{'testlen': 2922, 'reflen': 3189, 'guess': [2922, 2425, 1928, 1431], 'correct': [2572, 1571, 811, 353]}
ratio: 0.9162746942612366
[EPOCH 1 VAL]
time: 63.57 seconds
loss:3.416678 = (1-reg):0.50 * r2l_loss:3.403512 + (reg):0.50 * l2r_loss:3.429843
r2l_scores: {'Bleu_1': 0.7657075092091511, 'Bleu_2': 0.6528063100044093, 'Bleu_3': 0.5315927294025495, 'Bleu_4': 0.4136854847176741, 'METEOR': 0.2686435924515316, 'ROUGE_L': 0.5990443330017228, 'CIDEr': 0.47265100786421904}
l2r_scores: {'Bleu_1': 0.8033536291566361, 'Bleu_2': 0.6891973591785082, 'Bleu_3': 0.5670730574729824, 'Bleu_4': 0.4501342200295121, 'METEOR': 0.292080489668195, 'ROUGE_L': 0.6264748402187518, 'CIDEr': 0.47990486081284933}
>> Saving checkpoint to 1.ckpt
>> New best model at epoch 1 | CIDEr: 0.47990486081284933


[EPOCH 2 TRAIN]
time: 158.97 seconds | lr: 0.000056
loss:3.204942 = (1-reg):0.50 * r2l_loss:3.202412 + (reg):0.50 * l2r_loss:3.207473
{'testlen': 2798, 'reflen': 3094, 'guess': [2798, 2301, 1804, 1307], 'correct': [2483, 1528, 781, 322]}
ratio: 0.9043309631542003
{'testlen': 3176, 'reflen': 3333, 'guess': [3176, 2679, 2182, 1685], 'correct': [2771, 1694, 865, 380]}
ratio: 0.952895289528667
[EPOCH 2 VAL]
time: 65.61 seconds
loss:3.081145 = (1-reg):0.50 * r2l_loss:3.083492 + (reg):0.50 * l2r_loss:3.078797
r2l_scores: {'Bleu_1': 0.7983348008266055, 'Bleu_2': 0.6905957867448697, 'Bleu_3': 0.5705663223024156, 'Bleu_4': 0.4504417990778138, 'METEOR': 0.2936761408461255, 'ROUGE_L': 0.6349333509042457, 'CIDEr': 0.5646729199531922}
l2r_scores: {'Bleu_1': 0.8304001990432153, 'Bleu_2': 0.7069354734967668, 'Bleu_3': 0.5734348823568226, 'Bleu_4': 0.44853037244879507, 'METEOR': 0.30521655638459944, 'ROUGE_L': 0.6350608378509157, 'CIDEr': 0.5411166354390555}
>> Saving checkpoint to 2.ckpt
>> New best model at epoch 2 | CIDEr: 0.5411166354390555


[EPOCH 3 TRAIN]
time: 156.09 seconds | lr: 0.000078
loss:2.925116 = (1-reg):0.50 * r2l_loss:2.921014 + (reg):0.50 * l2r_loss:2.929219
{'testlen': 3038, 'reflen': 3254, 'guess': [3038, 2541, 2044, 1547], 'correct': [2625, 1581, 823, 366]}
ratio: 0.933620159803032
{'testlen': 3315, 'reflen': 3456, 'guess': [3315, 2818, 2321, 1824], 'correct': [2908, 1828, 997, 471]}
ratio: 0.9592013888886114
[EPOCH 3 VAL]
time: 67.14 seconds
loss:2.922984 = (1-reg):0.50 * r2l_loss:2.914556 + (reg):0.50 * l2r_loss:2.931412
r2l_scores: {'Bleu_1': 0.8047545815896917, 'Bleu_2': 0.6828987082201533, 'Bleu_3': 0.5592223007410851, 'Bleu_4': 0.4430640716989705, 'METEOR': 0.2961539593671336, 'ROUGE_L': 0.6306651030468732, 'CIDEr': 0.6034553635496884}
l2r_scores: {'Bleu_1': 0.8406952922799393, 'Bleu_2': 0.7229375484865245, 'Bleu_3': 0.59921559731048, 'Bleu_4': 0.4803616045021004, 'METEOR': 0.31690879553076773, 'ROUGE_L': 0.6496296478975896, 'CIDEr': 0.5999217269932579}
>> Saving checkpoint to 3.ckpt
>> New best model at epoch 3 | CIDEr: 0.5999217269932579


[EPOCH 4 TRAIN]
time: 148.32 seconds | lr: 0.000100
loss:2.737506 = (1-reg):0.50 * r2l_loss:2.730926 + (reg):0.50 * l2r_loss:2.744086
{'testlen': 2971, 'reflen': 3211, 'guess': [2971, 2474, 1977, 1480], 'correct': [2626, 1630, 855, 386]}
ratio: 0.9252569293052242
{'testlen': 3221, 'reflen': 3375, 'guess': [3221, 2724, 2227, 1730], 'correct': [2865, 1808, 950, 430]}
ratio: 0.9543703703700877
[EPOCH 4 VAL]
time: 65.92 seconds
loss:2.851771 = (1-reg):0.50 * r2l_loss:2.856454 + (reg):0.50 * l2r_loss:2.847088
r2l_scores: {'Bleu_1': 0.8152848623470278, 'Bleu_2': 0.7038940567395084, 'Bleu_3': 0.5825015923757004, 'Bleu_4': 0.4669641738977258, 'METEOR': 0.30240636173984653, 'ROUGE_L': 0.6409886291412128, 'CIDEr': 0.6151741283829396}
l2r_scores: {'Bleu_1': 0.8479490233860354, 'Bleu_2': 0.7324845269028051, 'Bleu_3': 0.602021563146912, 'Bleu_4': 0.4768409934467296, 'METEOR': 0.317607424022726, 'ROUGE_L': 0.658940375295929, 'CIDEr': 0.618206368674713}
>> Saving checkpoint to 4.ckpt
>> New best model at epoch 4 | CIDEr: 0.618206368674713


[EPOCH 5 TRAIN]
time: 147.79 seconds | lr: 0.000100
loss:2.590100 = (1-reg):0.50 * r2l_loss:2.581088 + (reg):0.50 * l2r_loss:2.599112
{'testlen': 3070, 'reflen': 3251, 'guess': [3070, 2573, 2076, 1580], 'correct': [2663, 1600, 821, 351]}
ratio: 0.9443248231310537
{'testlen': 3207, 'reflen': 3346, 'guess': [3207, 2710, 2213, 1716], 'correct': [2818, 1788, 956, 435]}
ratio: 0.9584578601312138
[EPOCH 5 VAL]
time: 67.28 seconds
loss:2.798213 = (1-reg):0.50 * r2l_loss:2.796083 + (reg):0.50 * l2r_loss:2.800343
r2l_scores: {'Bleu_1': 0.8177636590516554, 'Bleu_2': 0.6923911522547606, 'Bleu_3': 0.5632976606985038, 'Bleu_4': 0.43986025544536334, 'METEOR': 0.2987511563446462, 'ROUGE_L': 0.6277650367402039, 'CIDEr': 0.6132948822869275}
l2r_scores: {'Bleu_1': 0.8414310589360747, 'Bleu_2': 0.729116012386706, 'Bleu_3': 0.6035993360962878, 'Bleu_4': 0.4806718466474133, 'METEOR': 0.3161104177189599, 'ROUGE_L': 0.6493927087436591, 'CIDEr': 0.5993494710679885}


[EPOCH 6 TRAIN]
time: 144.39 seconds | lr: 0.000100
loss:2.482509 = (1-reg):0.50 * r2l_loss:2.471410 + (reg):0.50 * l2r_loss:2.493607
{'testlen': 3169, 'reflen': 3364, 'guess': [3169, 2672, 2175, 1679], 'correct': [2662, 1595, 826, 377]}
ratio: 0.9420332936976986
{'testlen': 3276, 'reflen': 3424, 'guess': [3276, 2779, 2282, 1785], 'correct': [2890, 1850, 994, 467]}
ratio: 0.9567757009343
[EPOCH 6 VAL]
time: 67.59 seconds
loss:2.765890 = (1-reg):0.50 * r2l_loss:2.768488 + (reg):0.50 * l2r_loss:2.763293
r2l_scores: {'Bleu_1': 0.7898817979588948, 'Bleu_2': 0.6658575322247391, 'Bleu_3': 0.5409866789012732, 'Bleu_4': 0.4275940619870834, 'METEOR': 0.298235665540757, 'ROUGE_L': 0.6266090663976044, 'CIDEr': 0.6189502276161639}
l2r_scores: {'Bleu_1': 0.8432062330846778, 'Bleu_2': 0.732484474933183, 'Bleu_3': 0.6067584274703934, 'Bleu_4': 0.48615694304308826, 'METEOR': 0.31962061709940043, 'ROUGE_L': 0.6465548194898344, 'CIDEr': 0.6487425294193907}
>> Saving checkpoint to 6.ckpt
>> New best model at epoch 6 | CIDEr: 0.6487425294193907


[EPOCH 7 TRAIN]
time: 148.09 seconds | lr: 0.000100
loss:2.396208 = (1-reg):0.50 * r2l_loss:2.384239 + (reg):0.50 * l2r_loss:2.408177
{'testlen': 3123, 'reflen': 3333, 'guess': [3123, 2626, 2129, 1633], 'correct': [2696, 1656, 888, 410]}
ratio: 0.9369936993696558
{'testlen': 3314, 'reflen': 3449, 'guess': [3314, 2817, 2320, 1823], 'correct': [2935, 1903, 1050, 492]}
ratio: 0.9608582197735689
[EPOCH 7 VAL]
time: 67.47 seconds
loss:2.760105 = (1-reg):0.50 * r2l_loss:2.761371 + (reg):0.50 * l2r_loss:2.758839
r2l_scores: {'Bleu_1': 0.8071321085758871, 'Bleu_2': 0.6898481085721857, 'Bleu_3': 0.5704010639768684, 'Bleu_4': 0.45686074473971583, 'METEOR': 0.30657455335307376, 'ROUGE_L': 0.6344534288698361, 'CIDEr': 0.6110719219344222}
l2r_scores: {'Bleu_1': 0.8502841118655278, 'Bleu_2': 0.7426124636936728, 'Bleu_3': 0.621123672503925, 'Bleu_4': 0.49917782605751687, 'METEOR': 0.31982828769441535, 'ROUGE_L': 0.6510500987318749, 'CIDEr': 0.630509761726913}


[EPOCH 8 TRAIN]
time: 145.01 seconds | lr: 0.000100
loss:2.324728 = (1-reg):0.50 * r2l_loss:2.311592 + (reg):0.50 * l2r_loss:2.337864
{'testlen': 3196, 'reflen': 3380, 'guess': [3196, 2699, 2202, 1706], 'correct': [2755, 1669, 856, 365]}
ratio: 0.945562130177235
{'testlen': 3365, 'reflen': 3450, 'guess': [3365, 2868, 2371, 1874], 'correct': [2963, 1886, 1031, 485]}
ratio: 0.975362318840297
[EPOCH 8 VAL]
time: 67.15 seconds
loss:2.752291 = (1-reg):0.50 * r2l_loss:2.760282 + (reg):0.50 * l2r_loss:2.744300
r2l_scores: {'Bleu_1': 0.8137886826911434, 'Bleu_2': 0.6892566352995105, 'Bleu_3': 0.558648184260007, 'Bleu_4': 0.43319302611317, 'METEOR': 0.3016430889948013, 'ROUGE_L': 0.6271503710685283, 'CIDEr': 0.5975747328406535}
l2r_scores: {'Bleu_1': 0.8585711506387297, 'Bleu_2': 0.7419664546272364, 'Bleu_3': 0.6157084591522203, 'Bleu_4': 0.4926424205198688, 'METEOR': 0.32168278025794117, 'ROUGE_L': 0.6547372836784662, 'CIDEr': 0.6230646146015439}


[EPOCH 9 TRAIN]
time: 146.34 seconds | lr: 0.000100
loss:2.263228 = (1-reg):0.50 * r2l_loss:2.249486 + (reg):0.50 * l2r_loss:2.276971
{'testlen': 3206, 'reflen': 3370, 'guess': [3206, 2709, 2212, 1717], 'correct': [2784, 1702, 888, 403]}
ratio: 0.951335311572418
{'testlen': 3228, 'reflen': 3373, 'guess': [3228, 2731, 2234, 1737], 'correct': [2829, 1813, 987, 473]}
ratio: 0.9570115624070687
[EPOCH 9 VAL]
time: 67.41 seconds
loss:2.747454 = (1-reg):0.50 * r2l_loss:2.756016 + (reg):0.50 * l2r_loss:2.738891
r2l_scores: {'Bleu_1': 0.8250680610528291, 'Bleu_2': 0.7017981103430956, 'Bleu_3': 0.5727240646269308, 'Bleu_4': 0.4524168557580563, 'METEOR': 0.3027313403969589, 'ROUGE_L': 0.6321575422684144, 'CIDEr': 0.6285453910718759}
l2r_scores: {'Bleu_1': 0.8378979928156761, 'Bleu_2': 0.7292551274180489, 'Bleu_3': 0.6078945247433734, 'Bleu_4': 0.49176706168688056, 'METEOR': 0.316994120483095, 'ROUGE_L': 0.6449701645637204, 'CIDEr': 0.6269382378159624}


[EPOCH 10 TRAIN]
time: 144.49 seconds | lr: 0.000100
loss:2.208204 = (1-reg):0.50 * r2l_loss:2.193549 + (reg):0.50 * l2r_loss:2.222859
{'testlen': 3253, 'reflen': 3417, 'guess': [3253, 2756, 2259, 1764], 'correct': [2778, 1696, 875, 378]}
ratio: 0.9520046824697244
{'testlen': 3344, 'reflen': 3449, 'guess': [3344, 2847, 2350, 1853], 'correct': [2972, 1924, 1055, 485]}
ratio: 0.9695563931571558
[EPOCH 10 VAL]
time: 69.24 seconds
loss:2.759055 = (1-reg):0.50 * r2l_loss:2.762834 + (reg):0.50 * l2r_loss:2.755277
r2l_scores: {'Bleu_1': 0.8119947497254502, 'Bleu_2': 0.6892907483343302, 'Bleu_3': 0.5593288937740569, 'Bleu_4': 0.4345352438282938, 'METEOR': 0.2990807099222783, 'ROUGE_L': 0.626420227849154, 'CIDEr': 0.6167210898777558}
l2r_scores: {'Bleu_1': 0.8612830440021758, 'Bleu_2': 0.7510406252997086, 'Bleu_3': 0.6260729485669224, 'Bleu_4': 0.49948922545810953, 'METEOR': 0.32628744212687516, 'ROUGE_L': 0.6621686027502874, 'CIDEr': 0.6213389666147152}


[EPOCH 11 TRAIN]
time: 159.45 seconds | lr: 0.000100
loss:2.159711 = (1-reg):0.50 * r2l_loss:2.145670 + (reg):0.50 * l2r_loss:2.173752
{'testlen': 3231, 'reflen': 3373, 'guess': [3231, 2734, 2237, 1742], 'correct': [2814, 1720, 875, 363]}
ratio: 0.9579009783572612
{'testlen': 3364, 'reflen': 3455, 'guess': [3364, 2867, 2370, 1873], 'correct': [2985, 1927, 1062, 489]}
ratio: 0.9736613603470409
[EPOCH 11 VAL]
time: 68.82 seconds
loss:2.747320 = (1-reg):0.50 * r2l_loss:2.756444 + (reg):0.50 * l2r_loss:2.738196
r2l_scores: {'Bleu_1': 0.8334896704315575, 'Bleu_2': 0.7083886965329983, 'Bleu_3': 0.572707407506885, 'Bleu_4': 0.4399390276484707, 'METEOR': 0.29727470280517465, 'ROUGE_L': 0.6307928015947152, 'CIDEr': 0.6036996652682901}
l2r_scores: {'Bleu_1': 0.8636548018801466, 'Bleu_2': 0.7516627502963498, 'Bleu_3': 0.6269381392943623, 'Bleu_4': 0.5002352010240423, 'METEOR': 0.3248669254044849, 'ROUGE_L': 0.6581472101656299, 'CIDEr': 0.6365342390570459}


[EPOCH 12 TRAIN]
time: 152.68 seconds | lr: 0.000100
loss:2.115386 = (1-reg):0.50 * r2l_loss:2.101745 + (reg):0.50 * l2r_loss:2.129026
{'testlen': 3202, 'reflen': 3365, 'guess': [3202, 2705, 2208, 1713], 'correct': [2754, 1637, 836, 364]}
ratio: 0.9515601783058093
{'testlen': 3393, 'reflen': 3501, 'guess': [3393, 2896, 2399, 1902], 'correct': [2994, 1888, 1023, 473]}
ratio: 0.96915167095088
[EPOCH 12 VAL]
time: 67.93 seconds
loss:2.755596 = (1-reg):0.50 * r2l_loss:2.764169 + (reg):0.50 * l2r_loss:2.747024
r2l_scores: {'Bleu_1': 0.8173998443962709, 'Bleu_2': 0.6856523226428526, 'Bleu_3': 0.5530558849565663, 'Bleu_4': 0.4299181242082694, 'METEOR': 0.2956076368214023, 'ROUGE_L': 0.6187568551804719, 'CIDEr': 0.6039622554215098}
l2r_scores: {'Bleu_1': 0.8547600963073856, 'Bleu_2': 0.7347032946417663, 'Bleu_3': 0.6063851462697474, 'Bleu_4': 0.4814133712531997, 'METEOR': 0.32002652018470834, 'ROUGE_L': 0.6518622745329441, 'CIDEr': 0.6467224802680497}


[EPOCH 13 TRAIN]
time: 149.29 seconds | lr: 0.000100
loss:2.073065 = (1-reg):0.50 * r2l_loss:2.058349 + (reg):0.50 * l2r_loss:2.087781
{'testlen': 3215, 'reflen': 3370, 'guess': [3215, 2718, 2221, 1725], 'correct': [2737, 1644, 836, 356]}
ratio: 0.9540059347178178
{'testlen': 3227, 'reflen': 3365, 'guess': [3227, 2730, 2233, 1736], 'correct': [2815, 1771, 950, 448]}
ratio: 0.9589895988110078
[EPOCH 13 VAL]
time: 67.70 seconds
loss:2.764701 = (1-reg):0.50 * r2l_loss:2.774275 + (reg):0.50 * l2r_loss:2.755127
r2l_scores: {'Bleu_1': 0.8112520887917632, 'Bleu_2': 0.6838094500853134, 'Bleu_3': 0.5514802635776073, 'Bleu_4': 0.42616542027048326, 'METEOR': 0.2945204400885308, 'ROUGE_L': 0.6162789538443837, 'CIDEr': 0.6067090215376243}
l2r_scores: {'Bleu_1': 0.8358092776280012, 'Bleu_2': 0.7207678851080065, 'Bleu_3': 0.5960524771033473, 'Bleu_4': 0.4783572765344901, 'METEOR': 0.31469936510456403, 'ROUGE_L': 0.6438661200097566, 'CIDEr': 0.6058839893110288}


[EPOCH 14 TRAIN]
time: 144.93 seconds | lr: 0.000050
loss:1.988778 = (1-reg):0.50 * r2l_loss:1.973581 + (reg):0.50 * l2r_loss:2.003975
{'testlen': 3257, 'reflen': 3385, 'guess': [3257, 2760, 2263, 1766], 'correct': [2794, 1692, 890, 408]}
ratio: 0.962186115213896
{'testlen': 3431, 'reflen': 3517, 'guess': [3431, 2934, 2437, 1940], 'correct': [2988, 1891, 1042, 496]}
ratio: 0.9755473414839422
[EPOCH 14 VAL]
time: 69.40 seconds
loss:2.760750 = (1-reg):0.50 * r2l_loss:2.773909 + (reg):0.50 * l2r_loss:2.747590
r2l_scores: {'Bleu_1': 0.8247852457157634, 'Bleu_2': 0.6972398489330381, 'Bleu_3': 0.5685919381603995, 'Bleu_4': 0.4495219978793156, 'METEOR': 0.2991382713958264, 'ROUGE_L': 0.6259481935175873, 'CIDEr': 0.6249100487354363}
l2r_scores: {'Bleu_1': 0.8493252441541581, 'Bleu_2': 0.730650700099838, 'Bleu_3': 0.6060595778044805, 'Bleu_4': 0.4853835070273757, 'METEOR': 0.3223327220122607, 'ROUGE_L': 0.6509293775584701, 'CIDEr': 0.6321720835498363}


[EPOCH 15 TRAIN]
time: 156.44 seconds | lr: 0.000050
loss:1.958575 = (1-reg):0.50 * r2l_loss:1.943225 + (reg):0.50 * l2r_loss:1.973926
{'testlen': 3329, 'reflen': 3470, 'guess': [3329, 2832, 2335, 1838], 'correct': [2842, 1706, 890, 402]}
ratio: 0.9593659942360347
{'testlen': 3424, 'reflen': 3522, 'guess': [3424, 2927, 2430, 1933], 'correct': [2981, 1862, 984, 456]}
ratio: 0.9721749006243691
[EPOCH 15 VAL]
time: 69.35 seconds
loss:2.772929 = (1-reg):0.50 * r2l_loss:2.781765 + (reg):0.50 * l2r_loss:2.764092
r2l_scores: {'Bleu_1': 0.8183059498401523, 'Bleu_2': 0.6873903937523046, 'Bleu_3': 0.5568076026152241, 'Bleu_4': 0.4361645467975474, 'METEOR': 0.29509825614895374, 'ROUGE_L': 0.6220979121782019, 'CIDEr': 0.6149612645298654}
l2r_scores: {'Bleu_1': 0.8460539599938854, 'Bleu_2': 0.7232066812108184, 'Bleu_3': 0.590420156478763, 'Bleu_4': 0.4660651066932945, 'METEOR': 0.31342171916976236, 'ROUGE_L': 0.6407123009763829, 'CIDEr': 0.6208635816705208}


[EPOCH 16 TRAIN]
time: 152.41 seconds | lr: 0.000050
loss:1.935262 = (1-reg):0.50 * r2l_loss:1.920427 + (reg):0.50 * l2r_loss:1.950096
{'testlen': 3289, 'reflen': 3429, 'guess': [3289, 2792, 2295, 1800], 'correct': [2774, 1654, 863, 376]}
ratio: 0.9591717701951126
{'testlen': 3399, 'reflen': 3494, 'guess': [3399, 2902, 2405, 1908], 'correct': [2967, 1887, 1035, 485]}
ratio: 0.9728105323408779
[EPOCH 16 VAL]
time: 69.83 seconds
loss:2.780745 = (1-reg):0.50 * r2l_loss:2.796318 + (reg):0.50 * l2r_loss:2.765171
r2l_scores: {'Bleu_1': 0.8082697922957726, 'Bleu_2': 0.6773998592828495, 'Bleu_3': 0.5488799392946835, 'Bleu_4': 0.4265454315564259, 'METEOR': 0.29243250684802885, 'ROUGE_L': 0.6171062476765794, 'CIDEr': 0.6177172228546761}
l2r_scores: {'Bleu_1': 0.8488444489110967, 'Bleu_2': 0.732625731572624, 'Bleu_3': 0.6078789604820548, 'Bleu_4': 0.48542161289649777, 'METEOR': 0.32013044506755367, 'ROUGE_L': 0.6445132708932679, 'CIDEr': 0.6287707919663462}



[BEST: 6 | SEED: 904666 | VAL-CIDEr: 0.6487425294193907]
{'testlen': 19406, 'reflen': 20511, 'guess': [19406, 16416, 13426, 10444], 'correct': [16326, 9915, 5190, 2434]}
ratio: 0.9461264687240531
{'testlen': 19889, 'reflen': 20800, 'guess': [19889, 16899, 13909, 10919], 'correct': [17483, 11153, 6023, 2846]}
ratio: 0.9562019230768771
time: 331.64 seconds
r2l_scores: {'Bleu_1': 0.7947207214694652, 'Bleu_2': 0.6733724468800251, 'Bleu_3': 0.5491201623153653, 'Bleu_4': 0.436949919115007, 'METEOR': 0.29670194375435527, 'ROUGE_L': 0.6287886519996366, 'CIDEr': 0.6197757219515927}
l2r_scores: {'Bleu_1': 0.8396735881075418, 'Bleu_2': 0.7275692502633138, 'Bleu_3': 0.6027321676261878, 'Bleu_4': 0.4832069318613937, 'METEOR': 0.31425591433447, 'ROUGE_L': 0.6522933770636855, 'CIDEr': 0.6334686775424409}
----------------------------------------
>> [Train time] Total: 2407.94 seconds => Per epoch: 150.50 seconds
>> [Val time] Total: 1081.44 seconds => Per epoch: 67.59 seconds
