Found 1 CUDA device(s)

Device 0: NVIDIA A100-PCIE-40GB
  Total memory bytes: 42405855232
  MultiProcessor count: 108
  Major.Minor: 8.0
  Max threads per block: 2048
================================================================
MODEL ID: MSRVTT = FEAT newBlip2ClsKF+newMViTv2+newImgCapBlip2KF fsl-13 mcl-20 = Transformer d-512 N_enc-0 N_dec-3 h-4 h_big-4 dp-0.1 = OPTIM lr-0.0001 warmup-3 gamma-0.5 pat-3 wd-5e-06 rg-0.6 = ep-16 bs-64 gc-5.0 bms-4 ls-0.15 = 1772604144
Enter the load_video_feats method.
Enter the load_video_feats method.
Enter the load_video_feats method.
#vocabs: 10444 (23046), #words: 1178850 (1194458). Trim words which appear less than 3 times.
{'Total': 53085080, 'Trainable': 53085080}


[EPOCH 1 TRAIN]
time: 112.71 seconds | lr: 0.000033
loss:3.906812 = (1-reg):0.40 * r2l_loss:3.918249 + (reg):0.60 * l2r_loss:3.899187
{'testlen': 2653, 'reflen': 3016, 'guess': [2653, 2156, 1659, 1166], 'correct': [2284, 1323, 616, 246]}
ratio: 0.8796419098140319
{'testlen': 2986, 'reflen': 3210, 'guess': [2986, 2489, 1992, 1495], 'correct': [2569, 1524, 768, 320]}
ratio: 0.9302180685355358
[EPOCH 1 VAL]
time: 73.74 seconds
loss:3.380899 = (1-reg):0.40 * r2l_loss:3.386311 + (reg):0.60 * l2r_loss:3.377291
r2l_scores: {'Bleu_1': 0.7508202391796712, 'Bleu_2': 0.6338873573720366, 'Bleu_3': 0.5067322471118961, 'Bleu_4': 0.3933574015504036, 'METEOR': 0.27094718698104536, 'ROUGE_L': 0.5943435814570374, 'CIDEr': 0.4262628215056558}
l2r_scores: {'Bleu_1': 0.7981691586016055, 'Bleu_2': 0.67334529109215, 'Bleu_3': 0.5453258195871952, 'Bleu_4': 0.4236179969903557, 'METEOR': 0.2824719181461329, 'ROUGE_L': 0.6164919460985533, 'CIDEr': 0.42401920049152536}
>> New best model at epoch 1 | N_Metrics: 4 | CIDEr: 0.42401920049152536


[EPOCH 2 TRAIN]
time: 116.26 seconds | lr: 0.000056
loss:3.271963 = (1-reg):0.40 * r2l_loss:3.272007 + (reg):0.60 * l2r_loss:3.271933
{'testlen': 2893, 'reflen': 3156, 'guess': [2893, 2396, 1899, 1402], 'correct': [2564, 1553, 796, 339]}
ratio: 0.9166666666663762
{'testlen': 2931, 'reflen': 3174, 'guess': [2931, 2434, 1937, 1440], 'correct': [2625, 1641, 884, 403]}
ratio: 0.9234404536859094
[EPOCH 2 VAL]
time: 75.03 seconds
loss:3.079664 = (1-reg):0.40 * r2l_loss:3.074276 + (reg):0.60 * l2r_loss:3.083256
r2l_scores: {'Bleu_1': 0.8092603652077782, 'Bleu_2': 0.6920632661848098, 'Bleu_3': 0.5680668689077986, 'Bleu_4': 0.44853071411738143, 'METEOR': 0.2897837288568248, 'ROUGE_L': 0.6295581165343358, 'CIDEr': 0.5402621718687314}
l2r_scores: {'Bleu_1': 0.8243421345525818, 'Bleu_2': 0.7152284106849627, 'Bleu_3': 0.5989658421009921, 'Bleu_4': 0.4850490774175678, 'METEOR': 0.30530671347511185, 'ROUGE_L': 0.6480299108036515, 'CIDEr': 0.537131939675101}
>> New best model at epoch 2 | N_Metrics: 4 | CIDEr: 0.537131939675101


[EPOCH 3 TRAIN]
time: 115.16 seconds | lr: 0.000078
loss:3.009483 = (1-reg):0.40 * r2l_loss:3.007992 + (reg):0.60 * l2r_loss:3.010477
{'testlen': 2956, 'reflen': 3188, 'guess': [2956, 2459, 1962, 1465], 'correct': [2503, 1518, 752, 305]}
ratio: 0.9272271016308259
{'testlen': 3092, 'reflen': 3279, 'guess': [3092, 2595, 2098, 1601], 'correct': [2749, 1742, 935, 426]}
ratio: 0.9429704178100204
[EPOCH 3 VAL]
time: 82.81 seconds
loss:2.912512 = (1-reg):0.40 * r2l_loss:2.920164 + (reg):0.60 * l2r_loss:2.907411
r2l_scores: {'Bleu_1': 0.7828364905972568, 'Bleu_2': 0.6684200565662446, 'Bleu_3': 0.5409753479204771, 'Bleu_4': 0.4178085472098269, 'METEOR': 0.2893881920529474, 'ROUGE_L': 0.6271650233267082, 'CIDEr': 0.5625252694725783}
l2r_scores: {'Bleu_1': 0.8368925631790398, 'Bleu_2': 0.7272060369928572, 'Bleu_3': 0.6053666764737222, 'Bleu_4': 0.4855143419431771, 'METEOR': 0.31320642371688273, 'ROUGE_L': 0.6573768142990575, 'CIDEr': 0.5684323705083432}
>> New best model at epoch 3 | N_Metrics: 4 | CIDEr: 0.5684323705083432


[EPOCH 4 TRAIN]
time: 112.79 seconds | lr: 0.000100
loss:2.832692 = (1-reg):0.40 * r2l_loss:2.829413 + (reg):0.60 * l2r_loss:2.834877
{'testlen': 3015, 'reflen': 3218, 'guess': [3015, 2518, 2021, 1527], 'correct': [2578, 1546, 782, 330]}
ratio: 0.9369173399624187
{'testlen': 3216, 'reflen': 3392, 'guess': [3216, 2719, 2222, 1725], 'correct': [2843, 1792, 972, 443]}
ratio: 0.9481132075468903
[EPOCH 4 VAL]
time: 78.46 seconds
loss:2.824389 = (1-reg):0.40 * r2l_loss:2.827492 + (reg):0.60 * l2r_loss:2.822320
r2l_scores: {'Bleu_1': 0.7993823258277893, 'Bleu_2': 0.6773819586765197, 'Bleu_3': 0.5495689808085652, 'Bleu_4': 0.42793235229906545, 'METEOR': 0.2923277576053659, 'ROUGE_L': 0.6182852749704232, 'CIDEr': 0.5756571956241162}
l2r_scores: {'Bleu_1': 0.8369383335220961, 'Bleu_2': 0.7226490714348798, 'Bleu_3': 0.60025610090759, 'Bleu_4': 0.4788662769284389, 'METEOR': 0.314250336110587, 'ROUGE_L': 0.6530700112885947, 'CIDEr': 0.5907974587306293}


[EPOCH 5 TRAIN]
time: 113.38 seconds | lr: 0.000100
loss:2.690271 = (1-reg):0.40 * r2l_loss:2.686402 + (reg):0.60 * l2r_loss:2.692851
{'testlen': 3044, 'reflen': 3261, 'guess': [3044, 2547, 2050, 1554], 'correct': [2582, 1588, 833, 362]}
ratio: 0.9334559950932434
{'testlen': 3085, 'reflen': 3276, 'guess': [3085, 2588, 2091, 1594], 'correct': [2735, 1720, 916, 421]}
ratio: 0.9416971916969042
[EPOCH 5 VAL]
time: 115.40 seconds
loss:2.756796 = (1-reg):0.40 * r2l_loss:2.761407 + (reg):0.60 * l2r_loss:2.753721
r2l_scores: {'Bleu_1': 0.7898628732014782, 'Bleu_2': 0.6771839905791681, 'Bleu_3': 0.5577610786201505, 'Bleu_4': 0.44046415441146874, 'METEOR': 0.291095773908215, 'ROUGE_L': 0.6268552829183817, 'CIDEr': 0.5940004727558862}
l2r_scores: {'Bleu_1': 0.8333240463594316, 'Bleu_2': 0.7215142623045528, 'Bleu_3': 0.5984772934757889, 'Bleu_4': 0.480299507039619, 'METEOR': 0.3120299129811306, 'ROUGE_L': 0.6496771024513396, 'CIDEr': 0.5993207706737956}


[EPOCH 6 TRAIN]
time: 120.07 seconds | lr: 0.000100
loss:2.584811 = (1-reg):0.40 * r2l_loss:2.580370 + (reg):0.60 * l2r_loss:2.587772
{'testlen': 3003, 'reflen': 3222, 'guess': [3003, 2506, 2009, 1514], 'correct': [2623, 1616, 829, 354]}
ratio: 0.9320297951579976
{'testlen': 3235, 'reflen': 3376, 'guess': [3235, 2738, 2241, 1744], 'correct': [2873, 1851, 1019, 483]}
ratio: 0.9582345971561143
[EPOCH 6 VAL]
time: 84.64 seconds
loss:2.728851 = (1-reg):0.40 * r2l_loss:2.733478 + (reg):0.60 * l2r_loss:2.725766
r2l_scores: {'Bleu_1': 0.8120282400453862, 'Bleu_2': 0.6977177935747283, 'Bleu_3': 0.5715937287868792, 'Bleu_4': 0.44886628057529854, 'METEOR': 0.291535599072763, 'ROUGE_L': 0.6263189144687314, 'CIDEr': 0.6169116937765327}
l2r_scores: {'Bleu_1': 0.8502218798177208, 'Bleu_2': 0.7418021607072036, 'Bleu_3': 0.6210498823293441, 'Bleu_4': 0.5020104520539656, 'METEOR': 0.3225300474126234, 'ROUGE_L': 0.6570930194569926, 'CIDEr': 0.6250906069992243}
>> New best model at epoch 6 | N_Metrics: 3 | CIDEr: 0.6250906069992243


[EPOCH 7 TRAIN]
time: 113.68 seconds | lr: 0.000100
loss:2.500579 = (1-reg):0.40 * r2l_loss:2.497015 + (reg):0.60 * l2r_loss:2.502955
{'testlen': 3106, 'reflen': 3297, 'guess': [3106, 2609, 2112, 1616], 'correct': [2697, 1673, 891, 413]}
ratio: 0.9420685471638028
{'testlen': 3197, 'reflen': 3370, 'guess': [3197, 2700, 2203, 1706], 'correct': [2788, 1741, 928, 419]}
ratio: 0.9486646884270182
[EPOCH 7 VAL]
time: 82.54 seconds
loss:2.701227 = (1-reg):0.40 * r2l_loss:2.712283 + (reg):0.60 * l2r_loss:2.693856
r2l_scores: {'Bleu_1': 0.8165316834230971, 'Bleu_2': 0.7016882827999182, 'Bleu_3': 0.5802145228557695, 'Bleu_4': 0.46547033342390737, 'METEOR': 0.30670118964694837, 'ROUGE_L': 0.6421020225279331, 'CIDEr': 0.6268234871317502}
l2r_scores: {'Bleu_1': 0.8261312594549179, 'Bleu_2': 0.7103812538196376, 'Bleu_3': 0.5861450864244782, 'Bleu_4': 0.4652510116488438, 'METEOR': 0.31221773378830475, 'ROUGE_L': 0.6494692336005717, 'CIDEr': 0.615805932473251}


[EPOCH 8 TRAIN]
time: 113.30 seconds | lr: 0.000100
loss:2.430154 = (1-reg):0.40 * r2l_loss:2.426686 + (reg):0.60 * l2r_loss:2.432466
{'testlen': 3257, 'reflen': 3420, 'guess': [3257, 2760, 2263, 1766], 'correct': [2757, 1672, 896, 408]}
ratio: 0.9523391812862713
{'testlen': 3122, 'reflen': 3290, 'guess': [3122, 2625, 2128, 1631], 'correct': [2732, 1739, 942, 434]}
ratio: 0.9489361702124776
[EPOCH 8 VAL]
time: 94.88 seconds
loss:2.683954 = (1-reg):0.40 * r2l_loss:2.692857 + (reg):0.60 * l2r_loss:2.678019
r2l_scores: {'Bleu_1': 0.8051638765686873, 'Bleu_2': 0.6811431193697005, 'Bleu_3': 0.559055802453313, 'Bleu_4': 0.44266486646773967, 'METEOR': 0.30052118284758245, 'ROUGE_L': 0.63130255002631, 'CIDEr': 0.6223040483198004}
l2r_scores: {'Bleu_1': 0.8292351246959921, 'Bleu_2': 0.7215043081230174, 'Bleu_3': 0.6021837195988651, 'Bleu_4': 0.48441008131376045, 'METEOR': 0.31014504492338507, 'ROUGE_L': 0.6484412935740528, 'CIDEr': 0.6164007288025416}


[EPOCH 9 TRAIN]
time: 121.31 seconds | lr: 0.000100
loss:2.368627 = (1-reg):0.40 * r2l_loss:2.364651 + (reg):0.60 * l2r_loss:2.371278
{'testlen': 3052, 'reflen': 3264, 'guess': [3052, 2555, 2058, 1561], 'correct': [2651, 1639, 851, 368]}
ratio: 0.9350490196075567
{'testlen': 3001, 'reflen': 3218, 'guess': [3001, 2504, 2007, 1510], 'correct': [2704, 1767, 955, 431]}
ratio: 0.9325668116839861
[EPOCH 9 VAL]
time: 117.34 seconds
loss:2.675204 = (1-reg):0.40 * r2l_loss:2.684719 + (reg):0.60 * l2r_loss:2.668860
r2l_scores: {'Bleu_1': 0.8103226044077676, 'Bleu_2': 0.6963689194134189, 'Bleu_3': 0.5719155452191569, 'Bleu_4': 0.4503688490115223, 'METEOR': 0.3013879123607096, 'ROUGE_L': 0.6382366526317311, 'CIDEr': 0.6255133037237474}
l2r_scores: {'Bleu_1': 0.8381798037777749, 'Bleu_2': 0.7417677691790142, 'Bleu_3': 0.6244957286394698, 'Bleu_4': 0.5042794958775983, 'METEOR': 0.3203372518224342, 'ROUGE_L': 0.6604992827911185, 'CIDEr': 0.6094590463344131}


[EPOCH 10 TRAIN]
time: 119.55 seconds | lr: 0.000100
loss:2.315682 = (1-reg):0.40 * r2l_loss:2.312465 + (reg):0.60 * l2r_loss:2.317826
{'testlen': 3223, 'reflen': 3395, 'guess': [3223, 2726, 2229, 1732], 'correct': [2797, 1698, 891, 403]}
ratio: 0.9493372606771873
{'testlen': 3097, 'reflen': 3287, 'guess': [3097, 2600, 2103, 1606], 'correct': [2702, 1682, 899, 410]}
ratio: 0.9421965317916209
[EPOCH 10 VAL]
time: 80.12 seconds
loss:2.668395 = (1-reg):0.40 * r2l_loss:2.677860 + (reg):0.60 * l2r_loss:2.662085
r2l_scores: {'Bleu_1': 0.8227263658185412, 'Bleu_2': 0.6970200198202298, 'Bleu_3': 0.5688884695343966, 'Bleu_4': 0.44891637959508285, 'METEOR': 0.3004145608218332, 'ROUGE_L': 0.6365803423739055, 'CIDEr': 0.607765887375459}
l2r_scores: {'Bleu_1': 0.8205410373054172, 'Bleu_2': 0.7065689656365982, 'Bleu_3': 0.5855022486981646, 'Bleu_4': 0.4685382446579559, 'METEOR': 0.30631675283003984, 'ROUGE_L': 0.6353069139461581, 'CIDEr': 0.5875660041970606}


[EPOCH 11 TRAIN]
time: 113.32 seconds | lr: 0.000100
loss:2.267462 = (1-reg):0.40 * r2l_loss:2.264758 + (reg):0.60 * l2r_loss:2.269265
{'testlen': 3045, 'reflen': 3231, 'guess': [3045, 2548, 2051, 1554], 'correct': [2684, 1656, 866, 369]}
ratio: 0.942432683379467
{'testlen': 3240, 'reflen': 3382, 'guess': [3240, 2743, 2246, 1749], 'correct': [2831, 1780, 930, 412]}
ratio: 0.9580130100529397
[EPOCH 11 VAL]
time: 114.65 seconds
loss:2.663146 = (1-reg):0.40 * r2l_loss:2.677866 + (reg):0.60 * l2r_loss:2.653333
r2l_scores: {'Bleu_1': 0.8292144883443585, 'Bleu_2': 0.712032355316296, 'Bleu_3': 0.5861486720893065, 'Bleu_4': 0.4605402514827421, 'METEOR': 0.30236500401029465, 'ROUGE_L': 0.6340923123679061, 'CIDEr': 0.615035484501205}
l2r_scores: {'Bleu_1': 0.8362978209610827, 'Bleu_2': 0.7207101409648647, 'Bleu_3': 0.590455070185211, 'Bleu_4': 0.4641501768899703, 'METEOR': 0.30839004170763595, 'ROUGE_L': 0.6413508729922952, 'CIDEr': 0.5946993757094199}


[EPOCH 12 TRAIN]
time: 115.57 seconds | lr: 0.000100
loss:2.224077 = (1-reg):0.40 * r2l_loss:2.222481 + (reg):0.60 * l2r_loss:2.225141
{'testlen': 3051, 'reflen': 3242, 'guess': [3051, 2554, 2057, 1560], 'correct': [2663, 1623, 864, 388]}
ratio: 0.9410857495370324
{'testlen': 3184, 'reflen': 3330, 'guess': [3184, 2687, 2190, 1693], 'correct': [2823, 1812, 994, 453]}
ratio: 0.956156156155869
[EPOCH 12 VAL]
time: 81.51 seconds
loss:2.666494 = (1-reg):0.40 * r2l_loss:2.677151 + (reg):0.60 * l2r_loss:2.659390
r2l_scores: {'Bleu_1': 0.8198625913108337, 'Bleu_2': 0.6995607020618808, 'Bleu_3': 0.577981748164627, 'Bleu_4': 0.46085616655755757, 'METEOR': 0.29573017706121163, 'ROUGE_L': 0.6312270707294195, 'CIDEr': 0.6166382563206507}
l2r_scores: {'Bleu_1': 0.8468832865818918, 'Bleu_2': 0.7385840352187316, 'Bleu_3': 0.6184092089055886, 'Bleu_4': 0.4958367449218944, 'METEOR': 0.3224253050746079, 'ROUGE_L': 0.6557560254780501, 'CIDEr': 0.6363492893739334}


[EPOCH 13 TRAIN]
time: 116.33 seconds | lr: 0.000100
loss:2.184540 = (1-reg):0.40 * r2l_loss:2.184229 + (reg):0.60 * l2r_loss:2.184747
{'testlen': 3120, 'reflen': 3266, 'guess': [3120, 2623, 2126, 1629], 'correct': [2671, 1615, 849, 366]}
ratio: 0.9552969993873376
{'testlen': 3148, 'reflen': 3313, 'guess': [3148, 2651, 2154, 1657], 'correct': [2820, 1836, 1017, 477]}
ratio: 0.9501961968001962
[EPOCH 13 VAL]
time: 89.83 seconds
loss:2.659989 = (1-reg):0.40 * r2l_loss:2.670831 + (reg):0.60 * l2r_loss:2.652762
r2l_scores: {'Bleu_1': 0.8169519982753985, 'Bleu_2': 0.6928257338317911, 'Bleu_3': 0.5676620990652794, 'Bleu_4': 0.4450171373229341, 'METEOR': 0.29714056802266003, 'ROUGE_L': 0.6256626915971151, 'CIDEr': 0.5981720729268164}
l2r_scores: {'Bleu_1': 0.8500631170822297, 'Bleu_2': 0.7474384848524338, 'Bleu_3': 0.630213426095956, 'Bleu_4': 0.511356644137198, 'METEOR': 0.3204881649704378, 'ROUGE_L': 0.664411570420619, 'CIDEr': 0.6403007873924926}
>> New best model at epoch 13 | N_Metrics: 3 | CIDEr: 0.6403007873924926


[EPOCH 14 TRAIN]
time: 115.62 seconds | lr: 0.000100
loss:2.147406 = (1-reg):0.40 * r2l_loss:2.148130 + (reg):0.60 * l2r_loss:2.146923
{'testlen': 3180, 'reflen': 3355, 'guess': [3180, 2683, 2186, 1689], 'correct': [2762, 1661, 877, 403]}
ratio: 0.9478390461994194
{'testlen': 3247, 'reflen': 3390, 'guess': [3247, 2750, 2253, 1756], 'correct': [2873, 1816, 997, 482]}
ratio: 0.9578171091442602
[EPOCH 14 VAL]
time: 88.36 seconds
loss:2.661557 = (1-reg):0.40 * r2l_loss:2.671167 + (reg):0.60 * l2r_loss:2.655149
r2l_scores: {'Bleu_1': 0.8220470983155681, 'Bleu_2': 0.6940214661858245, 'Bleu_3': 0.5676297245679646, 'Bleu_4': 0.45080916116692843, 'METEOR': 0.30540682568872507, 'ROUGE_L': 0.6324481902873397, 'CIDEr': 0.6202034522214022}
l2r_scores: {'Bleu_1': 0.8466944730139027, 'Bleu_2': 0.7314617679077023, 'Bleu_3': 0.6096260812784433, 'Bleu_4': 0.4939086505934943, 'METEOR': 0.315570663999392, 'ROUGE_L': 0.6482188706214674, 'CIDEr': 0.6330623004749695}


[EPOCH 15 TRAIN]
time: 112.66 seconds | lr: 0.000100
loss:2.112641 = (1-reg):0.40 * r2l_loss:2.115042 + (reg):0.60 * l2r_loss:2.111041
{'testlen': 3145, 'reflen': 3312, 'guess': [3145, 2648, 2151, 1654], 'correct': [2719, 1616, 833, 348]}
ratio: 0.9495772946857036
{'testlen': 3284, 'reflen': 3410, 'guess': [3284, 2787, 2290, 1793], 'correct': [2844, 1783, 961, 440]}
ratio: 0.9630498533721517
[EPOCH 15 VAL]
time: 83.56 seconds
loss:2.667250 = (1-reg):0.40 * r2l_loss:2.679657 + (reg):0.60 * l2r_loss:2.658979
r2l_scores: {'Bleu_1': 0.81983688152199, 'Bleu_2': 0.6888027315427075, 'Bleu_3': 0.55852729547237, 'Bleu_4': 0.4317963429161155, 'METEOR': 0.28822347449166236, 'ROUGE_L': 0.6215071891846355, 'CIDEr': 0.5976409670288606}
l2r_scores: {'Bleu_1': 0.8334191986330629, 'Bleu_2': 0.7163206416527224, 'Bleu_3': 0.5917613977351932, 'Bleu_4': 0.47034045461932106, 'METEOR': 0.3110995002107027, 'ROUGE_L': 0.6471500536260534, 'CIDEr': 0.6097844170869061}


[EPOCH 16 TRAIN]
time: 113.23 seconds | lr: 0.000100
loss:2.081291 = (1-reg):0.40 * r2l_loss:2.084664 + (reg):0.60 * l2r_loss:2.079042
{'testlen': 3185, 'reflen': 3325, 'guess': [3185, 2688, 2191, 1694], 'correct': [2722, 1637, 844, 351]}
ratio: 0.9578947368418171
{'testlen': 3242, 'reflen': 3374, 'guess': [3242, 2745, 2248, 1751], 'correct': [2853, 1811, 976, 466]}
ratio: 0.9608772969765973
[EPOCH 16 VAL]
time: 105.80 seconds
loss:2.667123 = (1-reg):0.40 * r2l_loss:2.673937 + (reg):0.60 * l2r_loss:2.662580
r2l_scores: {'Bleu_1': 0.8178785471648627, 'Bleu_2': 0.6904133529641756, 'Bleu_3': 0.5601136915061314, 'Bleu_4': 0.43204909757155646, 'METEOR': 0.29437603011136854, 'ROUGE_L': 0.6196911512069133, 'CIDEr': 0.5798852081239269}
l2r_scores: {'Bleu_1': 0.84490172620935, 'Bleu_2': 0.7315598591193703, 'Bleu_3': 0.6064898830781837, 'Bleu_4': 0.4886208245916042, 'METEOR': 0.3152687394323992, 'ROUGE_L': 0.6500244293503801, 'CIDEr': 0.6157559094807968}



[BEST: 13 | SEED: 904666 | VAL-CIDEr: 0.6403007873924926]
{'testlen': 18721, 'reflen': 19993, 'guess': [18721, 15731, 12741, 9754], 'correct': [16192, 9945, 5243, 2382]}
ratio: 0.9363777322062253
{'testlen': 19300, 'reflen': 20266, 'guess': [19300, 16310, 13320, 10330], 'correct': [16922, 10696, 5757, 2650]}
ratio: 0.9523339583538462
time: 417.31 seconds
r2l_scores: {'Bleu_1': 0.8080965914560595, 'Bleu_2': 0.690878658191046, 'Bleu_3': 0.5682732847620298, 'Bleu_4': 0.45235629368074526, 'METEOR': 0.29840189570278064, 'ROUGE_L': 0.6350878345044636, 'CIDEr': 0.6104417103507608}
l2r_scores: {'Bleu_1': 0.8339829179728132, 'Bleu_2': 0.721263045054643, 'Bleu_3': 0.5980177116307978, 'Bleu_4': 0.4779556684261178, 'METEOR': 0.30847997934768034, 'ROUGE_L': 0.650285879612732, 'CIDEr': 0.6137711918920398}
----------------------------------------------------------------
>> [Train time] Total: 1844.94 seconds => Per epoch: 115.31 seconds
>> [Val time] Total: 1448.67 seconds => Per epoch: 90.54 seconds
Finish!
