Found 1 CUDA device(s)

Device 0: NVIDIA A100-SXM4-40GB
  Total memory bytes: 42296475648
  MultiProcessor count: 108
  Major.Minor: 8.0
  Max threads per block: 2048
  Memory reserved bytes: 0
  Memory allocated bytes: 0
  Free inside reserved bytes: 0
  Active allocations: 0
========================================
MODEL ID: MSRVTT = FEAT newBlip2ClsKF+newMViTv2+newImgCapBlip2KF fsl-13 mcl-20 = Transformer d-512 N_enc-0 N_dec-3 h-4 h_big-4 dp-0.1 = OPTIM lr-0.0001 warmup-3 gamma-0.5 pat-3 wd-5e-06 rg-0.6 = bs-64-gc-5.0-ls-0.1 = 1764751726
Enter the load_video_feats method.
Enter the load_video_feats method.
Enter the load_video_feats method.
#vocabs: 10444 (23046), #words: 1178850 (1194458). Trim words which appear less than 3 times.
{'Total': 53114776, 'Trainable': 53114776}


[EPOCH 1 TRAIN]
time: 200.07 seconds | lr: 0.000033
loss:4.195213 = (1-reg):0.40 * r2l_loss:4.196842 + (reg):0.60 * l2r_loss:4.194127
{'testlen': 2835, 'reflen': 3147, 'guess': [2835, 2338, 1841, 1355], 'correct': [2421, 1400, 682, 277]}
ratio: 0.9008579599615822
{'testlen': 2923, 'reflen': 3175, 'guess': [2923, 2426, 1929, 1432], 'correct': [2538, 1527, 778, 339]}
ratio: 0.9206299212595526
[EPOCH 1 VAL]
time: 76.80 seconds
loss:3.731650 = (1-reg):0.40 * r2l_loss:3.688764 + (reg):0.60 * l2r_loss:3.760240
r2l_scores: {'Bleu_1': 0.7649734365080163, 'Bleu_2': 0.6405709743843586, 'Bleu_3': 0.5144658781059771, 'Bleu_4': 0.3973778971346942, 'METEOR': 0.27853924221494136, 'ROUGE_L': 0.601724202698902, 'CIDEr': 0.4505382549402547}
l2r_scores: {'Bleu_1': 0.7965647084730314, 'Bleu_2': 0.6782093617035605, 'Bleu_3': 0.5541717669239172, 'Bleu_4': 0.43846712013402467, 'METEOR': 0.2903148848059765, 'ROUGE_L': 0.6217915641377063, 'CIDEr': 0.45307370178627976}
>> Saving checkpoint to 1.ckpt
>> New best model at epoch 1 | CIDEr: 0.45307370178627976


[EPOCH 2 TRAIN]
time: 197.25 seconds | lr: 0.000056
loss:3.459286 = (1-reg):0.40 * r2l_loss:3.446739 + (reg):0.60 * l2r_loss:3.467650
{'testlen': 2944, 'reflen': 3190, 'guess': [2944, 2447, 1950, 1456], 'correct': [2586, 1564, 801, 331]}
ratio: 0.9228840125388956
{'testlen': 2968, 'reflen': 3201, 'guess': [2968, 2471, 1974, 1477], 'correct': [2625, 1639, 864, 382]}
ratio: 0.927210246797586
[EPOCH 2 VAL]
time: 77.97 seconds
loss:3.381028 = (1-reg):0.40 * r2l_loss:3.333858 + (reg):0.60 * l2r_loss:3.412475
r2l_scores: {'Bleu_1': 0.8079810262292179, 'Bleu_2': 0.6892189258929373, 'Bleu_3': 0.5640802755610211, 'Bleu_4': 0.4401492355854924, 'METEOR': 0.2921041083352547, 'ROUGE_L': 0.6302746749400274, 'CIDEr': 0.570613500280379}
l2r_scores: {'Bleu_1': 0.8176577140856762, 'Bleu_2': 0.7080956671095987, 'Bleu_3': 0.5876050664988828, 'Bleu_4': 0.46931171746401784, 'METEOR': 0.3036542996966362, 'ROUGE_L': 0.6374726917321882, 'CIDEr': 0.5256538565217747}
>> Saving checkpoint to 2.ckpt
>> New best model at epoch 2 | CIDEr: 0.5256538565217747


[EPOCH 3 TRAIN]
time: 196.82 seconds | lr: 0.000078
loss:3.150712 = (1-reg):0.40 * r2l_loss:3.138286 + (reg):0.60 * l2r_loss:3.158996
{'testlen': 2960, 'reflen': 3200, 'guess': [2960, 2463, 1966, 1469], 'correct': [2579, 1583, 818, 345]}
ratio: 0.9249999999997109
{'testlen': 3128, 'reflen': 3323, 'guess': [3128, 2631, 2134, 1637], 'correct': [2761, 1713, 892, 403]}
ratio: 0.9413180860665238
[EPOCH 3 VAL]
time: 80.74 seconds
loss:3.160133 = (1-reg):0.40 * r2l_loss:3.150508 + (reg):0.60 * l2r_loss:3.166549
r2l_scores: {'Bleu_1': 0.8034272634707645, 'Bleu_2': 0.6900411669529272, 'Bleu_3': 0.5674168676901997, 'Bleu_4': 0.445987554610267, 'METEOR': 0.3020859578536534, 'ROUGE_L': 0.6405221827988647, 'CIDEr': 0.6001054089150684}
l2r_scores: {'Bleu_1': 0.829326757245998, 'Bleu_2': 0.7122690998987806, 'Bleu_3': 0.5840655005127033, 'Bleu_4': 0.46333142963157065, 'METEOR': 0.30881425147142993, 'ROUGE_L': 0.6399910977899886, 'CIDEr': 0.5882339404333731}
>> Saving checkpoint to 3.ckpt
>> New best model at epoch 3 | CIDEr: 0.5882339404333731


[EPOCH 4 TRAIN]
time: 199.69 seconds | lr: 0.000100
loss:2.947156 = (1-reg):0.40 * r2l_loss:2.934102 + (reg):0.60 * l2r_loss:2.955858
{'testlen': 3173, 'reflen': 3360, 'guess': [3173, 2676, 2179, 1684], 'correct': [2714, 1603, 811, 349]}
ratio: 0.9443452380949571
{'testlen': 3159, 'reflen': 3338, 'guess': [3159, 2662, 2165, 1668], 'correct': [2778, 1767, 962, 457]}
ratio: 0.9463750748948633
[EPOCH 4 VAL]
time: 82.71 seconds
loss:3.073483 = (1-reg):0.40 * r2l_loss:3.070337 + (reg):0.60 * l2r_loss:3.075579
r2l_scores: {'Bleu_1': 0.8063892494865034, 'Bleu_2': 0.6748364782050752, 'Bleu_3': 0.5426526075204744, 'Bleu_4': 0.4203523649088856, 'METEOR': 0.2908988667904493, 'ROUGE_L': 0.6152767462294854, 'CIDEr': 0.5903030808504199}
l2r_scores: {'Bleu_1': 0.8309482349080471, 'Bleu_2': 0.7219330281619127, 'Bleu_3': 0.6026069218323389, 'Bleu_4': 0.48786927037745453, 'METEOR': 0.3138189772711064, 'ROUGE_L': 0.6436791239967251, 'CIDEr': 0.6186002532145238}
>> Saving checkpoint to 4.ckpt
>> New best model at epoch 4 | CIDEr: 0.6186002532145238


[EPOCH 5 TRAIN]
time: 196.50 seconds | lr: 0.000100
loss:2.787881 = (1-reg):0.40 * r2l_loss:2.772716 + (reg):0.60 * l2r_loss:2.797991
{'testlen': 3110, 'reflen': 3323, 'guess': [3110, 2613, 2116, 1620], 'correct': [2671, 1595, 812, 339]}
ratio: 0.9359012940111539
{'testlen': 3179, 'reflen': 3354, 'guess': [3179, 2682, 2185, 1688], 'correct': [2817, 1770, 951, 428]}
ratio: 0.9478234943348397
[EPOCH 5 VAL]
time: 81.85 seconds
loss:3.004267 = (1-reg):0.40 * r2l_loss:2.995234 + (reg):0.60 * l2r_loss:3.010289
r2l_scores: {'Bleu_1': 0.8019904827793747, 'Bleu_2': 0.6761189430469637, 'Bleu_3': 0.5471596919776266, 'Bleu_4': 0.42298081736276777, 'METEOR': 0.29215882526673936, 'ROUGE_L': 0.6195696724116551, 'CIDEr': 0.5942039385622067}
l2r_scores: {'Bleu_1': 0.8386658274334423, 'Bleu_2': 0.7237657612531331, 'Bleu_3': 0.5997992581067211, 'Bleu_4': 0.4770297140451314, 'METEOR': 0.3159556883718834, 'ROUGE_L': 0.6480909962041803, 'CIDEr': 0.6215914637648763}
>> Saving checkpoint to 5.ckpt
>> New best model at epoch 5 | CIDEr: 0.6215914637648763


[EPOCH 6 TRAIN]
time: 199.60 seconds | lr: 0.000100
loss:2.671019 = (1-reg):0.40 * r2l_loss:2.654493 + (reg):0.60 * l2r_loss:2.682036
{'testlen': 3152, 'reflen': 3365, 'guess': [3152, 2655, 2158, 1663], 'correct': [2721, 1662, 879, 397]}
ratio: 0.9367013372954126
{'testlen': 3291, 'reflen': 3427, 'guess': [3291, 2794, 2297, 1800], 'correct': [2921, 1867, 1038, 496]}
ratio: 0.960315144440922
[EPOCH 6 VAL]
time: 82.56 seconds
loss:2.983205 = (1-reg):0.40 * r2l_loss:2.986905 + (reg):0.60 * l2r_loss:2.980738
r2l_scores: {'Bleu_1': 0.8068529428032605, 'Bleu_2': 0.6870786724617794, 'Bleu_3': 0.5643313039125277, 'Bleu_4': 0.44749499691578215, 'METEOR': 0.2976465983967776, 'ROUGE_L': 0.6309803387332497, 'CIDEr': 0.6277191047225414}
l2r_scores: {'Bleu_1': 0.8516409409093981, 'Bleu_2': 0.7389476151346928, 'Bleu_3': 0.6186411998338134, 'Bleu_4': 0.5002010931975421, 'METEOR': 0.3239322609046098, 'ROUGE_L': 0.6567045923707313, 'CIDEr': 0.651435409107607}
>> Saving checkpoint to 6.ckpt
>> New best model at epoch 6 | CIDEr: 0.651435409107607


[EPOCH 7 TRAIN]
time: 199.77 seconds | lr: 0.000100
loss:2.578880 = (1-reg):0.40 * r2l_loss:2.562446 + (reg):0.60 * l2r_loss:2.589836
{'testlen': 3296, 'reflen': 3471, 'guess': [3296, 2799, 2302, 1805], 'correct': [2832, 1734, 931, 444]}
ratio: 0.9495822529527659
{'testlen': 3345, 'reflen': 3461, 'guess': [3345, 2848, 2351, 1856], 'correct': [2923, 1847, 997, 447]}
ratio: 0.9664836752380912
[EPOCH 7 VAL]
time: 83.66 seconds
loss:2.951694 = (1-reg):0.40 * r2l_loss:2.961143 + (reg):0.60 * l2r_loss:2.945394
r2l_scores: {'Bleu_1': 0.8147930727782496, 'Bleu_2': 0.6918586934795878, 'Bleu_3': 0.5683381590376524, 'Bleu_4': 0.4549009812334272, 'METEOR': 0.30654543444428084, 'ROUGE_L': 0.6391676849078429, 'CIDEr': 0.6338334006406027}
l2r_scores: {'Bleu_1': 0.8440573535390405, 'Bleu_2': 0.7271417255547518, 'Bleu_3': 0.6005372841172569, 'Bleu_4': 0.47377504948190563, 'METEOR': 0.3193460009888136, 'ROUGE_L': 0.646070269178169, 'CIDEr': 0.6271931581426867}


[EPOCH 8 TRAIN]
time: 198.96 seconds | lr: 0.000100
loss:2.501960 = (1-reg):0.40 * r2l_loss:2.484701 + (reg):0.60 * l2r_loss:2.513466
{'testlen': 3336, 'reflen': 3483, 'guess': [3336, 2839, 2342, 1845], 'correct': [2859, 1714, 906, 426]}
ratio: 0.9577950043063572
{'testlen': 3276, 'reflen': 3423, 'guess': [3276, 2779, 2282, 1785], 'correct': [2864, 1800, 979, 448]}
ratio: 0.9570552147236467
[EPOCH 8 VAL]
time: 83.57 seconds
loss:2.940789 = (1-reg):0.40 * r2l_loss:2.945502 + (reg):0.60 * l2r_loss:2.937648
r2l_scores: {'Bleu_1': 0.8200702108853517, 'Bleu_2': 0.6883030472071853, 'Bleu_3': 0.5597419693835545, 'Bleu_4': 0.4436698752113204, 'METEOR': 0.30269377701159034, 'ROUGE_L': 0.6332598951149347, 'CIDEr': 0.6334795217096079}
l2r_scores: {'Bleu_1': 0.8358754069401297, 'Bleu_2': 0.7194803985018065, 'Bleu_3': 0.5965851936545393, 'Bleu_4': 0.47510807097542734, 'METEOR': 0.3171520989438515, 'ROUGE_L': 0.6399462670266012, 'CIDEr': 0.6022288167927548}


[EPOCH 9 TRAIN]
time: 199.38 seconds | lr: 0.000100
loss:2.436058 = (1-reg):0.40 * r2l_loss:2.418596 + (reg):0.60 * l2r_loss:2.447700
{'testlen': 3284, 'reflen': 3463, 'guess': [3284, 2787, 2290, 1794], 'correct': [2809, 1699, 880, 404]}
ratio: 0.9483107132541299
{'testlen': 3184, 'reflen': 3346, 'guess': [3184, 2687, 2190, 1693], 'correct': [2834, 1807, 977, 469]}
ratio: 0.9515839808723994
[EPOCH 9 VAL]
time: 82.66 seconds
loss:2.936266 = (1-reg):0.40 * r2l_loss:2.943270 + (reg):0.60 * l2r_loss:2.931597
r2l_scores: {'Bleu_1': 0.8099843579976999, 'Bleu_2': 0.683802275683262, 'Bleu_3': 0.5541305638035708, 'Bleu_4': 0.4364463045497405, 'METEOR': 0.30240579159477315, 'ROUGE_L': 0.6283948946351702, 'CIDEr': 0.6070494161679226}
l2r_scores: {'Bleu_1': 0.8459216603698495, 'Bleu_2': 0.7352956473500643, 'Bleu_3': 0.6120110534211889, 'Bleu_4': 0.4956490296271322, 'METEOR': 0.3219653358070143, 'ROUGE_L': 0.6561341099200554, 'CIDEr': 0.6423492423162588}


[EPOCH 10 TRAIN]
time: 197.98 seconds | lr: 0.000100
loss:2.379233 = (1-reg):0.40 * r2l_loss:2.360460 + (reg):0.60 * l2r_loss:2.391749
{'testlen': 3252, 'reflen': 3448, 'guess': [3252, 2755, 2258, 1762], 'correct': [2815, 1697, 881, 390]}
ratio: 0.9431554524359214
{'testlen': 3344, 'reflen': 3465, 'guess': [3344, 2847, 2350, 1853], 'correct': [2900, 1782, 949, 430]}
ratio: 0.9650793650790865
[EPOCH 10 VAL]
time: 84.04 seconds
loss:2.940327 = (1-reg):0.40 * r2l_loss:2.951198 + (reg):0.60 * l2r_loss:2.933079
r2l_scores: {'Bleu_1': 0.8149907358993411, 'Bleu_2': 0.6874939180659835, 'Bleu_3': 0.5578766280225569, 'Bleu_4': 0.43613857836152586, 'METEOR': 0.30030303015170456, 'ROUGE_L': 0.627667064731208, 'CIDEr': 0.6056414266252379}
l2r_scores: {'Bleu_1': 0.836405974151124, 'Bleu_2': 0.7105773792117603, 'Bleu_3': 0.5815255949918708, 'Bleu_4': 0.458032435994085, 'METEOR': 0.31660203407860765, 'ROUGE_L': 0.6372416924577704, 'CIDEr': 0.594806196464934}


[EPOCH 11 TRAIN]
time: 199.99 seconds | lr: 0.000100
loss:2.327463 = (1-reg):0.40 * r2l_loss:2.308573 + (reg):0.60 * l2r_loss:2.340056
{'testlen': 3215, 'reflen': 3379, 'guess': [3215, 2718, 2221, 1724], 'correct': [2772, 1678, 871, 394]}
ratio: 0.9514649304525151
{'testlen': 3347, 'reflen': 3443, 'guess': [3347, 2850, 2353, 1856], 'correct': [2929, 1820, 971, 452]}
ratio: 0.9721173395291978
[EPOCH 11 VAL]
time: 84.02 seconds
loss:2.929116 = (1-reg):0.40 * r2l_loss:2.947247 + (reg):0.60 * l2r_loss:2.917028
r2l_scores: {'Bleu_1': 0.8193293306474594, 'Bleu_2': 0.6933038787057344, 'Bleu_3': 0.5637082227866255, 'Bleu_4': 0.4441115631646013, 'METEOR': 0.2974143345651537, 'ROUGE_L': 0.6243084895943364, 'CIDEr': 0.6232168672084841}
l2r_scores: {'Bleu_1': 0.850368276776056, 'Bleu_2': 0.7264211572569229, 'Bleu_3': 0.5958988596909457, 'Bleu_4': 0.4730481836326696, 'METEOR': 0.31301899380878917, 'ROUGE_L': 0.6428818642761034, 'CIDEr': 0.5992141942764194}


[EPOCH 12 TRAIN]
time: 200.08 seconds | lr: 0.000100
loss:2.280964 = (1-reg):0.40 * r2l_loss:2.262039 + (reg):0.60 * l2r_loss:2.293581
{'testlen': 3198, 'reflen': 3366, 'guess': [3198, 2701, 2204, 1707], 'correct': [2726, 1652, 858, 361]}
ratio: 0.9500891265594326
{'testlen': 3303, 'reflen': 3415, 'guess': [3303, 2806, 2309, 1812], 'correct': [2922, 1853, 1021, 485]}
ratio: 0.9672035139089408
[EPOCH 12 VAL]
time: 82.26 seconds
loss:2.939092 = (1-reg):0.40 * r2l_loss:2.948222 + (reg):0.60 * l2r_loss:2.933005
r2l_scores: {'Bleu_1': 0.8087842262222014, 'Bleu_2': 0.6850964323698348, 'Bleu_3': 0.5575983286726217, 'Bleu_4': 0.43187278552988073, 'METEOR': 0.2951935527257931, 'ROUGE_L': 0.621387327848923, 'CIDEr': 0.6154684677790353}
l2r_scores: {'Bleu_1': 0.8551559739167669, 'Bleu_2': 0.7388450895710096, 'Bleu_3': 0.61564085021104, 'Bleu_4': 0.4956896857840848, 'METEOR': 0.3246406898025429, 'ROUGE_L': 0.6552944745522945, 'CIDEr': 0.6478069510701948}


[EPOCH 13 TRAIN]
time: 200.76 seconds | lr: 0.000100
loss:2.238653 = (1-reg):0.40 * r2l_loss:2.220049 + (reg):0.60 * l2r_loss:2.251054
{'testlen': 3254, 'reflen': 3405, 'guess': [3254, 2757, 2260, 1763], 'correct': [2757, 1652, 844, 371]}
ratio: 0.9556534508073552
{'testlen': 3416, 'reflen': 3512, 'guess': [3416, 2919, 2422, 1925], 'correct': [2950, 1866, 1037, 493]}
ratio: 0.9726651480635043
[EPOCH 13 VAL]
time: 83.79 seconds
loss:2.933508 = (1-reg):0.40 * r2l_loss:2.948889 + (reg):0.60 * l2r_loss:2.923254
r2l_scores: {'Bleu_1': 0.8088463530070669, 'Bleu_2': 0.6802100767184358, 'Bleu_3': 0.5484314034792453, 'Bleu_4': 0.42666187634623415, 'METEOR': 0.291347845679826, 'ROUGE_L': 0.6114914230504016, 'CIDEr': 0.5865872073724696}
l2r_scores: {'Bleu_1': 0.8396516713833044, 'Bleu_2': 0.7224134980773149, 'Bleu_3': 0.6011605062475518, 'Bleu_4': 0.48227597555408164, 'METEOR': 0.32027442334071543, 'ROUGE_L': 0.6502738597987722, 'CIDEr': 0.6333248563580381}


[EPOCH 14 TRAIN]
time: 198.74 seconds | lr: 0.000100
loss:2.198598 = (1-reg):0.40 * r2l_loss:2.179520 + (reg):0.60 * l2r_loss:2.211316
{'testlen': 3318, 'reflen': 3462, 'guess': [3318, 2821, 2324, 1827], 'correct': [2815, 1678, 882, 396]}
ratio: 0.9584055459269328
{'testlen': 3414, 'reflen': 3489, 'guess': [3414, 2917, 2420, 1923], 'correct': [2978, 1885, 1040, 503]}
ratio: 0.978503869303245
[EPOCH 14 VAL]
time: 84.52 seconds
loss:2.937895 = (1-reg):0.40 * r2l_loss:2.953632 + (reg):0.60 * l2r_loss:2.927403
r2l_scores: {'Bleu_1': 0.8123698448910107, 'Bleu_2': 0.680216590958047, 'Bleu_3': 0.5519413010469315, 'Bleu_4': 0.4322119532018554, 'METEOR': 0.29959481302349306, 'ROUGE_L': 0.6207622555403989, 'CIDEr': 0.6166446400531086}
l2r_scores: {'Bleu_1': 0.8533367249236624, 'Bleu_2': 0.7344754958478644, 'Bleu_3': 0.6098325742536971, 'Bleu_4': 0.4908174040476112, 'METEOR': 0.32426277906705353, 'ROUGE_L': 0.6519942774480562, 'CIDEr': 0.6393655285099594}


[EPOCH 15 TRAIN]
time: 198.27 seconds | lr: 0.000100
loss:2.161563 = (1-reg):0.40 * r2l_loss:2.143241 + (reg):0.60 * l2r_loss:2.173777
{'testlen': 3361, 'reflen': 3504, 'guess': [3361, 2864, 2367, 1870], 'correct': [2851, 1685, 886, 399]}
ratio: 0.9591894977166212
{'testlen': 3618, 'reflen': 3674, 'guess': [3618, 3121, 2624, 2127], 'correct': [3124, 1968, 1079, 498]}
ratio: 0.984757757212579
[EPOCH 15 VAL]
time: 86.81 seconds
loss:2.955497 = (1-reg):0.40 * r2l_loss:2.969061 + (reg):0.60 * l2r_loss:2.946454
r2l_scores: {'Bleu_1': 0.8129256704568593, 'Bleu_2': 0.6770175568434172, 'Bleu_3': 0.5478384204388165, 'Bleu_4': 0.42820597248064196, 'METEOR': 0.29717527551808565, 'ROUGE_L': 0.6217419068009865, 'CIDEr': 0.5857676398551805}
l2r_scores: {'Bleu_1': 0.850198591499767, 'Bleu_2': 0.7265488379974291, 'Bleu_3': 0.5978905912462407, 'Bleu_4': 0.4711413610435529, 'METEOR': 0.31882924981507327, 'ROUGE_L': 0.6462750334802725, 'CIDEr': 0.6050339844093929}


[EPOCH 16 TRAIN]
time: 199.60 seconds | lr: 0.000050
loss:2.076334 = (1-reg):0.40 * r2l_loss:2.057515 + (reg):0.60 * l2r_loss:2.088879
{'testlen': 3301, 'reflen': 3442, 'guess': [3301, 2804, 2307, 1810], 'correct': [2794, 1662, 847, 358]}
ratio: 0.9590354445087278
{'testlen': 3485, 'reflen': 3568, 'guess': [3485, 2988, 2491, 1994], 'correct': [2990, 1822, 990, 480]}
ratio: 0.9767376681611613
[EPOCH 16 VAL]
time: 84.43 seconds
loss:2.954169 = (1-reg):0.40 * r2l_loss:2.972232 + (reg):0.60 * l2r_loss:2.942127
r2l_scores: {'Bleu_1': 0.8110176020041338, 'Bleu_2': 0.6786820241171613, 'Bleu_3': 0.5451792323112223, 'Bleu_4': 0.4186180413954443, 'METEOR': 0.29290655053164794, 'ROUGE_L': 0.6163203525486904, 'CIDEr': 0.592088327147306}
l2r_scores: {'Bleu_1': 0.8377705584224778, 'Bleu_2': 0.7062765400239607, 'Bleu_3': 0.5784811859886376, 'Bleu_4': 0.46185975628396964, 'METEOR': 0.3114134955476671, 'ROUGE_L': 0.628413953639058, 'CIDEr': 0.5889531230897234}



[BEST: 6 | SEED: 904666 | VAL-CIDEr: 0.651435409107607]
{'testlen': 19080, 'reflen': 20296, 'guess': [19080, 16090, 13100, 10122], 'correct': [16347, 9965, 5210, 2344]}
ratio: 0.9400867165943565
{'testlen': 19846, 'reflen': 20756, 'guess': [19846, 16856, 13866, 10876], 'correct': [17472, 11157, 6051, 2820]}
ratio: 0.9561572557332358
time: 411.28 seconds
r2l_scores: {'Bleu_1': 0.8038617897022464, 'Bleu_2': 0.6834585313228341, 'Bleu_3': 0.5586041437710458, 'Bleu_4': 0.44114499539207647, 'METEOR': 0.29473052735480654, 'ROUGE_L': 0.6263304451486116, 'CIDEr': 0.6134272608944173}
l2r_scores: {'Bleu_1': 0.8409223577976046, 'Bleu_2': 0.7291511037763067, 'Bleu_3': 0.6051538015251897, 'Bleu_4': 0.4840228539338273, 'METEOR': 0.3132725946465356, 'ROUGE_L': 0.6511487259756424, 'CIDEr': 0.6402488678366224}
----------------------------------------
>> [Train time] Total: 3183.45 seconds => Per epoch: 198.97 seconds
>> [Val time] Total: 1322.38 seconds => Per epoch: 82.65 seconds
