Found 1 CUDA device(s)

Device 0: NVIDIA A100-SXM4-40GB
  Total memory bytes: 42296475648
  MultiProcessor count: 108
  Major.Minor: 8.0
  Max threads per block: 2048
  Memory reserved bytes: 0
  Memory allocated bytes: 0
  Free inside reserved bytes: 0
  Active allocations: 0
========================================
MODEL ID: MSRVTT = FEAT newBlip2ClsKF+newMViTv2+newImgCapBlip2KF fsl-13 mcl-20 = Transformer d-512 N_enc-0 N_dec-3 h-4 h_big-4 dp-0.1 = OPTIM lr-0.0001 warmup-3 gamma-0.5 pat-3 wd-5e-06 rg-0.9 = bs-64-gc-5.0-ls-0.15 = 1764739558
Enter the load_video_feats method.
Enter the load_video_feats method.
Enter the load_video_feats method.
#vocabs: 10444 (23046), #words: 1178850 (1194458). Trim words which appear less than 3 times.
{'Total': 53114776, 'Trainable': 53114776}


[EPOCH 1 TRAIN]
time: 202.30 seconds | lr: 0.000033
loss:3.927827 = (1-reg):0.10 * r2l_loss:4.103980 + (reg):0.90 * l2r_loss:3.908254
{'testlen': 2627, 'reflen': 3034, 'guess': [2627, 2130, 1633, 1148], 'correct': [2266, 1322, 643, 266]}
ratio: 0.8658536585363
{'testlen': 2923, 'reflen': 3175, 'guess': [2923, 2426, 1929, 1432], 'correct': [2542, 1527, 786, 341]}
ratio: 0.9206299212595526
[EPOCH 1 VAL]
time: 74.56 seconds
loss:3.566417 = (1-reg):0.10 * r2l_loss:3.695710 + (reg):0.90 * l2r_loss:3.552052
r2l_scores: {'Bleu_1': 0.7387793915308205, 'Bleu_2': 0.6266727084931165, 'Bleu_3': 0.5097302766356155, 'Bleu_4': 0.40264192592967163, 'METEOR': 0.26320925187467825, 'ROUGE_L': 0.5848310302648789, 'CIDEr': 0.3897991346926706}
l2r_scores: {'Bleu_1': 0.7978201296053766, 'Bleu_2': 0.6787435952339801, 'Bleu_3': 0.5563567422218466, 'Bleu_4': 0.4404102534985173, 'METEOR': 0.2869275065860931, 'ROUGE_L': 0.623390170470714, 'CIDEr': 0.4465648827698467}
>> Saving checkpoint to 1.ckpt
>> New best model at epoch 1 | CIDEr: 0.4465648827698467


[EPOCH 2 TRAIN]
time: 189.34 seconds | lr: 0.000056
loss:3.258638 = (1-reg):0.10 * r2l_loss:3.412262 + (reg):0.90 * l2r_loss:3.241568
{'testlen': 2956, 'reflen': 3205, 'guess': [2956, 2459, 1962, 1469], 'correct': [2522, 1532, 773, 313]}
ratio: 0.9223088923554065
{'testlen': 3022, 'reflen': 3242, 'guess': [3022, 2525, 2028, 1531], 'correct': [2656, 1642, 864, 393]}
ratio: 0.9321406539170475
[EPOCH 2 VAL]
time: 75.56 seconds
loss:3.226861 = (1-reg):0.10 * r2l_loss:3.333970 + (reg):0.90 * l2r_loss:3.214960
r2l_scores: {'Bleu_1': 0.7842556568565536, 'Bleu_2': 0.6701738101904915, 'Bleu_3': 0.5458719781506868, 'Bleu_4': 0.42247691954466604, 'METEOR': 0.2879807845498221, 'ROUGE_L': 0.6213093222291773, 'CIDEr': 0.5263276669215868}
l2r_scores: {'Bleu_1': 0.8171790090594102, 'Bleu_2': 0.7029206179644949, 'Bleu_3': 0.580604836550566, 'Bleu_4': 0.4649012616604756, 'METEOR': 0.3025523778183574, 'ROUGE_L': 0.6371446591522419, 'CIDEr': 0.5301146146559976}
>> Saving checkpoint to 2.ckpt
>> New best model at epoch 2 | CIDEr: 0.5301146146559976


[EPOCH 3 TRAIN]
time: 188.73 seconds | lr: 0.000078
loss:2.977833 = (1-reg):0.10 * r2l_loss:3.133498 + (reg):0.90 * l2r_loss:2.960537
{'testlen': 2904, 'reflen': 3155, 'guess': [2904, 2407, 1910, 1415], 'correct': [2560, 1566, 786, 319]}
ratio: 0.9204437400947955
{'testlen': 3010, 'reflen': 3214, 'guess': [3010, 2513, 2016, 1519], 'correct': [2657, 1651, 854, 379]}
ratio: 0.9365276913500509
[EPOCH 3 VAL]
time: 78.28 seconds
loss:3.008780 = (1-reg):0.10 * r2l_loss:3.162068 + (reg):0.90 * l2r_loss:2.991748
r2l_scores: {'Bleu_1': 0.8085487173167839, 'Bleu_2': 0.6946121083259791, 'Bleu_3': 0.5668205307215183, 'Bleu_4': 0.44051271645656914, 'METEOR': 0.29356068987942485, 'ROUGE_L': 0.6314749614557773, 'CIDEr': 0.5668279862735468}
l2r_scores: {'Bleu_1': 0.8248807089103752, 'Bleu_2': 0.711632722972266, 'Bleu_3': 0.5852594260510837, 'Bleu_4': 0.46496813807547704, 'METEOR': 0.30522688941496356, 'ROUGE_L': 0.635766169806838, 'CIDEr': 0.572633894382077}
>> Saving checkpoint to 3.ckpt
>> New best model at epoch 3 | CIDEr: 0.572633894382077


[EPOCH 4 TRAIN]
time: 192.82 seconds | lr: 0.000100
loss:2.793356 = (1-reg):0.10 * r2l_loss:2.946260 + (reg):0.90 * l2r_loss:2.776367
{'testlen': 2995, 'reflen': 3208, 'guess': [2995, 2498, 2001, 1507], 'correct': [2635, 1626, 846, 376]}
ratio: 0.9336034912715294
{'testlen': 3079, 'reflen': 3284, 'guess': [3079, 2582, 2085, 1588], 'correct': [2721, 1716, 915, 433]}
ratio: 0.9375761266745013
[EPOCH 4 VAL]
time: 78.01 seconds
loss:2.935224 = (1-reg):0.10 * r2l_loss:3.083468 + (reg):0.90 * l2r_loss:2.918752
r2l_scores: {'Bleu_1': 0.8194027314005454, 'Bleu_2': 0.7048059544565786, 'Bleu_3': 0.5804863421076298, 'Bleu_4': 0.4617331505538618, 'METEOR': 0.30194226673028907, 'ROUGE_L': 0.6360163802048985, 'CIDEr': 0.6009192263398362}
l2r_scores: {'Bleu_1': 0.8268057740375582, 'Bleu_2': 0.7170089838306254, 'Bleu_3': 0.5954102303221936, 'Bleu_4': 0.48171784060488815, 'METEOR': 0.31290248028345563, 'ROUGE_L': 0.6426591653718424, 'CIDEr': 0.6082126933026052}
>> Saving checkpoint to 4.ckpt
>> New best model at epoch 4 | CIDEr: 0.6082126933026052


[EPOCH 5 TRAIN]
time: 195.27 seconds | lr: 0.000100
loss:2.649201 = (1-reg):0.10 * r2l_loss:2.806219 + (reg):0.90 * l2r_loss:2.631755
{'testlen': 3079, 'reflen': 3301, 'guess': [3079, 2582, 2085, 1593], 'correct': [2627, 1604, 831, 352]}
ratio: 0.9327476522263154
{'testlen': 3259, 'reflen': 3395, 'guess': [3259, 2762, 2265, 1768], 'correct': [2889, 1819, 966, 422]}
ratio: 0.9599410898377143
[EPOCH 5 VAL]
time: 79.95 seconds
loss:2.871554 = (1-reg):0.10 * r2l_loss:3.000417 + (reg):0.90 * l2r_loss:2.857236
r2l_scores: {'Bleu_1': 0.7938476681625949, 'Bleu_2': 0.6773857316588742, 'Bleu_3': 0.5541380188300612, 'Bleu_4': 0.43248084814814025, 'METEOR': 0.2954930661196863, 'ROUGE_L': 0.6312479963688061, 'CIDEr': 0.5836722878800316}
l2r_scores: {'Bleu_1': 0.8502366380153145, 'Bleu_2': 0.7328460260515984, 'Bleu_3': 0.6033977357706578, 'Bleu_4': 0.4735648538063278, 'METEOR': 0.3166729738590361, 'ROUGE_L': 0.6505240787778016, 'CIDEr': 0.6186844885691264}
>> Saving checkpoint to 5.ckpt
>> New best model at epoch 5 | CIDEr: 0.6186844885691264


[EPOCH 6 TRAIN]
time: 189.21 seconds | lr: 0.000100
loss:2.542955 = (1-reg):0.10 * r2l_loss:2.706474 + (reg):0.90 * l2r_loss:2.524787
{'testlen': 3068, 'reflen': 3308, 'guess': [3068, 2571, 2074, 1580], 'correct': [2649, 1621, 850, 367]}
ratio: 0.9274486094314004
{'testlen': 3313, 'reflen': 3446, 'guess': [3313, 2816, 2319, 1822], 'correct': [2954, 1858, 1010, 464]}
ratio: 0.961404526987533
[EPOCH 6 VAL]
time: 79.52 seconds
loss:2.845826 = (1-reg):0.10 * r2l_loss:2.978662 + (reg):0.90 * l2r_loss:2.831067
r2l_scores: {'Bleu_1': 0.7984599005153397, 'Bleu_2': 0.6823077086004122, 'Bleu_3': 0.5608745648250653, 'Bleu_4': 0.44122303773146593, 'METEOR': 0.29651938591259064, 'ROUGE_L': 0.635159132320157, 'CIDEr': 0.6235021177218425}
l2r_scores: {'Bleu_1': 0.8565532230370028, 'Bleu_2': 0.7368283980665975, 'Bleu_3': 0.6101541155375698, 'Bleu_4': 0.4855269993704, 'METEOR': 0.32072898407411615, 'ROUGE_L': 0.6532628704989341, 'CIDEr': 0.6440464694902699}
>> Saving checkpoint to 6.ckpt
>> New best model at epoch 6 | CIDEr: 0.6440464694902699


[EPOCH 7 TRAIN]
time: 197.81 seconds | lr: 0.000100
loss:2.458743 = (1-reg):0.10 * r2l_loss:2.630999 + (reg):0.90 * l2r_loss:2.439603
{'testlen': 3129, 'reflen': 3325, 'guess': [3129, 2632, 2135, 1640], 'correct': [2717, 1679, 890, 401]}
ratio: 0.9410526315786644
{'testlen': 3265, 'reflen': 3385, 'guess': [3265, 2768, 2271, 1774], 'correct': [2848, 1809, 969, 436]}
ratio: 0.964549483013009
[EPOCH 7 VAL]
time: 79.46 seconds
loss:2.813229 = (1-reg):0.10 * r2l_loss:2.944237 + (reg):0.90 * l2r_loss:2.798673
r2l_scores: {'Bleu_1': 0.8156051260699225, 'Bleu_2': 0.6990694357570197, 'Bleu_3': 0.5762481480080298, 'Bleu_4': 0.4578584734552226, 'METEOR': 0.299047839889438, 'ROUGE_L': 0.6371376940410531, 'CIDEr': 0.6117953573891186}
l2r_scores: {'Bleu_1': 0.8408044096751027, 'Bleu_2': 0.7277845328913928, 'Bleu_3': 0.6017048181567425, 'Bleu_4': 0.47662890958221527, 'METEOR': 0.31987165935260475, 'ROUGE_L': 0.6480027547589859, 'CIDEr': 0.6225258643486137}


[EPOCH 8 TRAIN]
time: 189.21 seconds | lr: 0.000100
loss:2.389141 = (1-reg):0.10 * r2l_loss:2.569340 + (reg):0.90 * l2r_loss:2.369119
{'testlen': 3260, 'reflen': 3399, 'guess': [3260, 2763, 2266, 1769], 'correct': [2793, 1687, 878, 392]}
ratio: 0.9591056192995119
{'testlen': 3256, 'reflen': 3379, 'guess': [3256, 2759, 2262, 1765], 'correct': [2820, 1790, 967, 436]}
ratio: 0.9635986978393123
[EPOCH 8 VAL]
time: 80.61 seconds
loss:2.805638 = (1-reg):0.10 * r2l_loss:2.928475 + (reg):0.90 * l2r_loss:2.791990
r2l_scores: {'Bleu_1': 0.8209862272688639, 'Bleu_2': 0.6930687265442546, 'Bleu_3': 0.5628896334211769, 'Bleu_4': 0.4411412102729373, 'METEOR': 0.30049966701587744, 'ROUGE_L': 0.6327416010851175, 'CIDEr': 0.6048631319562662}
l2r_scores: {'Bleu_1': 0.8339857392691052, 'Bleu_2': 0.7218167132631839, 'Bleu_3': 0.5985869132632881, 'Bleu_4': 0.47525789082327113, 'METEOR': 0.3126279470217037, 'ROUGE_L': 0.6405513493155951, 'CIDEr': 0.5951352775262834}


[EPOCH 9 TRAIN]
time: 196.82 seconds | lr: 0.000100
loss:2.329236 = (1-reg):0.10 * r2l_loss:2.518658 + (reg):0.90 * l2r_loss:2.308189
{'testlen': 3222, 'reflen': 3380, 'guess': [3222, 2725, 2228, 1731], 'correct': [2783, 1699, 899, 387]}
ratio: 0.9532544378695404
{'testlen': 3255, 'reflen': 3387, 'guess': [3255, 2758, 2261, 1764], 'correct': [2887, 1859, 1011, 489]}
ratio: 0.9610274579270857
[EPOCH 9 VAL]
time: 80.35 seconds
loss:2.793962 = (1-reg):0.10 * r2l_loss:2.916239 + (reg):0.90 * l2r_loss:2.780375
r2l_scores: {'Bleu_1': 0.8224145709100097, 'Bleu_2': 0.6987316203312584, 'Bleu_3': 0.5724305566045484, 'Bleu_4': 0.4470142441492108, 'METEOR': 0.30490829763834476, 'ROUGE_L': 0.6352716543734913, 'CIDEr': 0.6052328962965721}
l2r_scores: {'Bleu_1': 0.8516945120572588, 'Bleu_2': 0.7424693280381032, 'Bleu_3': 0.6185838281819676, 'Bleu_4': 0.5010124354826522, 'METEOR': 0.3258234285085158, 'ROUGE_L': 0.6599816383727487, 'CIDEr': 0.6565228798467246}
>> Saving checkpoint to 9.ckpt
>> New best model at epoch 9 | CIDEr: 0.6565228798467246


[EPOCH 10 TRAIN]
time: 193.66 seconds | lr: 0.000100
loss:2.277979 = (1-reg):0.10 * r2l_loss:2.476888 + (reg):0.90 * l2r_loss:2.255878
{'testlen': 3210, 'reflen': 3350, 'guess': [3210, 2713, 2216, 1719], 'correct': [2774, 1709, 900, 378]}
ratio: 0.9582089552235946
{'testlen': 3339, 'reflen': 3451, 'guess': [3339, 2842, 2345, 1848], 'correct': [2888, 1787, 949, 440]}
ratio: 0.9675456389449529
[EPOCH 10 VAL]
time: 81.70 seconds
loss:2.797778 = (1-reg):0.10 * r2l_loss:2.914064 + (reg):0.90 * l2r_loss:2.784858
r2l_scores: {'Bleu_1': 0.8272946807850147, 'Bleu_2': 0.7063267502101159, 'Bleu_3': 0.578869885027291, 'Bleu_4': 0.44952556969413676, 'METEOR': 0.30089900012636756, 'ROUGE_L': 0.634268334882237, 'CIDEr': 0.6091312459317689}
l2r_scores: {'Bleu_1': 0.8363984899287699, 'Bleu_2': 0.7131372050332169, 'Bleu_3': 0.5838491804430604, 'Bleu_4': 0.46266995827249274, 'METEOR': 0.31917881275106774, 'ROUGE_L': 0.6421354983385142, 'CIDEr': 0.6065491057027702}


[EPOCH 11 TRAIN]
time: 190.72 seconds | lr: 0.000100
loss:2.230714 = (1-reg):0.10 * r2l_loss:2.440026 + (reg):0.90 * l2r_loss:2.207457
{'testlen': 3133, 'reflen': 3319, 'guess': [3133, 2636, 2139, 1644], 'correct': [2715, 1655, 850, 353]}
ratio: 0.9439590238020656
{'testlen': 3260, 'reflen': 3389, 'guess': [3260, 2763, 2266, 1769], 'correct': [2885, 1826, 994, 467]}
ratio: 0.961935674239905
[EPOCH 11 VAL]
time: 81.50 seconds
loss:2.787744 = (1-reg):0.10 * r2l_loss:2.910402 + (reg):0.90 * l2r_loss:2.774115
r2l_scores: {'Bleu_1': 0.8166317039979131, 'Bleu_2': 0.6951008395444356, 'Bleu_3': 0.5655966843835301, 'Bleu_4': 0.43742395560854636, 'METEOR': 0.2992357770738411, 'ROUGE_L': 0.6296160237992613, 'CIDEr': 0.5978076539241137}
l2r_scores: {'Bleu_1': 0.8506344062717638, 'Bleu_2': 0.7350870644567054, 'Bleu_3': 0.6107632851725199, 'Bleu_4': 0.4903493857602761, 'METEOR': 0.31724872564870027, 'ROUGE_L': 0.6466212484965963, 'CIDEr': 0.6239845699328663}


[EPOCH 12 TRAIN]
time: 189.16 seconds | lr: 0.000100
loss:2.187894 = (1-reg):0.10 * r2l_loss:2.408144 + (reg):0.90 * l2r_loss:2.163422
{'testlen': 3199, 'reflen': 3382, 'guess': [3199, 2702, 2205, 1708], 'correct': [2717, 1644, 863, 366]}
ratio: 0.9458900059133809
{'testlen': 3372, 'reflen': 3487, 'guess': [3372, 2875, 2378, 1881], 'correct': [2941, 1807, 953, 436]}
ratio: 0.9670203613418505
[EPOCH 12 VAL]
time: 84.42 seconds
loss:2.802410 = (1-reg):0.10 * r2l_loss:2.913246 + (reg):0.90 * l2r_loss:2.790095
r2l_scores: {'Bleu_1': 0.8021053607772652, 'Bleu_2': 0.6788939743004838, 'Bleu_3': 0.5543542441242646, 'Bleu_4': 0.4309013378976375, 'METEOR': 0.29502817812360843, 'ROUGE_L': 0.6246754773689395, 'CIDEr': 0.5970071428615028}
l2r_scores: {'Bleu_1': 0.8429389279795834, 'Bleu_2': 0.7155706729206225, 'Bleu_3': 0.58316518609824, 'Bleu_4': 0.4591084419858255, 'METEOR': 0.31338803905079393, 'ROUGE_L': 0.6348995750821911, 'CIDEr': 0.6161477039984412}


[EPOCH 13 TRAIN]
time: 192.21 seconds | lr: 0.000100
loss:2.148664 = (1-reg):0.10 * r2l_loss:2.380710 + (reg):0.90 * l2r_loss:2.122882
{'testlen': 3170, 'reflen': 3352, 'guess': [3170, 2673, 2176, 1679], 'correct': [2707, 1587, 807, 345]}
ratio: 0.9457040572789541
{'testlen': 3332, 'reflen': 3432, 'guess': [3332, 2835, 2338, 1841], 'correct': [2908, 1817, 977, 447]}
ratio: 0.970862470862188
[EPOCH 13 VAL]
time: 84.37 seconds
loss:2.798904 = (1-reg):0.10 * r2l_loss:2.910414 + (reg):0.90 * l2r_loss:2.786514
r2l_scores: {'Bleu_1': 0.806296428761807, 'Bleu_2': 0.6723094619229041, 'Bleu_3': 0.5409281852488276, 'Bleu_4': 0.41861351329701685, 'METEOR': 0.28692172070940675, 'ROUGE_L': 0.6118322833183386, 'CIDEr': 0.5947373580469}
l2r_scores: {'Bleu_1': 0.8469452981819003, 'Bleu_2': 0.7257910169749618, 'Bleu_3': 0.5977869024652261, 'Bleu_4': 0.47365782694431485, 'METEOR': 0.31692362917550404, 'ROUGE_L': 0.6472565988017119, 'CIDEr': 0.6190098802526219}


[EPOCH 14 TRAIN]
time: 196.87 seconds | lr: 0.000100
loss:2.112194 = (1-reg):0.10 * r2l_loss:2.355704 + (reg):0.90 * l2r_loss:2.085137
{'testlen': 3243, 'reflen': 3411, 'guess': [3243, 2746, 2249, 1752], 'correct': [2796, 1706, 886, 375]}
ratio: 0.9507475813541628
{'testlen': 3365, 'reflen': 3455, 'guess': [3365, 2868, 2371, 1874], 'correct': [2925, 1807, 981, 461]}
ratio: 0.9739507959476197
[EPOCH 14 VAL]
time: 83.21 seconds
loss:2.800800 = (1-reg):0.10 * r2l_loss:2.903651 + (reg):0.90 * l2r_loss:2.789372
r2l_scores: {'Bleu_1': 0.8186383332162792, 'Bleu_2': 0.6949222460194281, 'Bleu_3': 0.565292015654097, 'Bleu_4': 0.4377280673030746, 'METEOR': 0.2990296733654597, 'ROUGE_L': 0.6308019556742016, 'CIDEr': 0.6116109672951024}
l2r_scores: {'Bleu_1': 0.8463016723529845, 'Bleu_2': 0.7205171142059937, 'Bleu_3': 0.5935675507315752, 'Bleu_4': 0.47307668741996267, 'METEOR': 0.3198780238039274, 'ROUGE_L': 0.643092557657752, 'CIDEr': 0.608242162962944}


[EPOCH 15 TRAIN]
time: 186.08 seconds | lr: 0.000100
loss:2.077002 = (1-reg):0.10 * r2l_loss:2.333797 + (reg):0.90 * l2r_loss:2.048469
{'testlen': 3266, 'reflen': 3420, 'guess': [3266, 2769, 2272, 1775], 'correct': [2785, 1674, 900, 400]}
ratio: 0.9549707602336389
{'testlen': 3719, 'reflen': 3750, 'guess': [3719, 3222, 2725, 2228], 'correct': [3201, 1993, 1079, 502]}
ratio: 0.9917333333330689
[EPOCH 15 VAL]
time: 88.32 seconds
loss:2.816442 = (1-reg):0.10 * r2l_loss:2.895387 + (reg):0.90 * l2r_loss:2.807670
r2l_scores: {'Bleu_1': 0.8134501755094541, 'Bleu_2': 0.6849244924854667, 'Bleu_3': 0.5617552905202822, 'Bleu_4': 0.44183108912184066, 'METEOR': 0.2962371252311724, 'ROUGE_L': 0.6226408698801771, 'CIDEr': 0.5947298901990928}
l2r_scores: {'Bleu_1': 0.8535705094487194, 'Bleu_2': 0.7236032942990468, 'Bleu_3': 0.5902173497471421, 'Bleu_4': 0.4629681215323995, 'METEOR': 0.32289230041198436, 'ROUGE_L': 0.6442692734735291, 'CIDEr': 0.6152310817601282}


[EPOCH 16 TRAIN]
time: 191.37 seconds | lr: 0.000050
loss:1.994938 = (1-reg):0.10 * r2l_loss:2.283383 + (reg):0.90 * l2r_loss:1.962889
{'testlen': 3255, 'reflen': 3414, 'guess': [3255, 2758, 2261, 1764], 'correct': [2811, 1698, 894, 378]}
ratio: 0.9534270650260828
{'testlen': 3481, 'reflen': 3574, 'guess': [3481, 2984, 2487, 1990], 'correct': [3034, 1892, 1007, 472]}
ratio: 0.9739787353103039
[EPOCH 16 VAL]
time: 84.47 seconds
loss:2.809566 = (1-reg):0.10 * r2l_loss:2.895423 + (reg):0.90 * l2r_loss:2.800027
r2l_scores: {'Bleu_1': 0.8224234175789696, 'Bleu_2': 0.6944040634733578, 'Bleu_3': 0.5662597500460234, 'Bleu_4': 0.4387392396199979, 'METEOR': 0.29538617305129833, 'ROUGE_L': 0.6250233570668806, 'CIDEr': 0.6078146767781271}
l2r_scores: {'Bleu_1': 0.8486111655476825, 'Bleu_2': 0.7237925718650023, 'Bleu_3': 0.5910982937711377, 'Bleu_4': 0.467322086418931, 'METEOR': 0.32098100408045416, 'ROUGE_L': 0.6500518935064613, 'CIDEr': 0.6111957661580455}



[BEST: 9 | SEED: 904666 | VAL-CIDEr: 0.6565228798467246]
{'testlen': 19457, 'reflen': 20536, 'guess': [19457, 16467, 13477, 10490], 'correct': [16561, 10202, 5322, 2354]}
ratio: 0.9474581223217302
{'testlen': 19688, 'reflen': 20679, 'guess': [19688, 16698, 13708, 10718], 'correct': [17382, 11062, 5973, 2816]}
ratio: 0.9520769863145726
time: 433.68 seconds
r2l_scores: {'Bleu_1': 0.8052423516136112, 'Bleu_2': 0.6869999195288491, 'Bleu_3': 0.5607513332109963, 'Bleu_4': 0.43985999123732217, 'METEOR': 0.29640325304688797, 'ROUGE_L': 0.6298300588102511, 'CIDEr': 0.6119711583148932}
l2r_scores: {'Bleu_1': 0.8395331170892546, 'Bleu_2': 0.7272326330329049, 'Bleu_3': 0.6028856423447189, 'Bleu_4': 0.4837164448672153, 'METEOR': 0.3152217044036806, 'ROUGE_L': 0.6537385478866862, 'CIDEr': 0.635007921983902}
----------------------------------------
>> [Train time] Total: 3081.58 seconds => Per epoch: 192.60 seconds
>> [Val time] Total: 1294.29 seconds => Per epoch: 80.89 seconds
