Found 1 CUDA device(s)

Device 0: NVIDIA A100-SXM4-40GB
  Total memory bytes: 42296475648
  MultiProcessor count: 108
  Major.Minor: 8.0
  Max threads per block: 2048
  Memory reserved bytes: 0
  Memory allocated bytes: 0
  Free inside reserved bytes: 0
  Active allocations: 0
========================================
MODEL ID: MSRVTT = FEAT newBlip2ClsKF+newMViTv2+newImgCapBlip2KF fsl-13 mcl-20 = Transformer d-512 N_enc-0 N_dec-3 h-1 h_big-1 dp-0.1 = OPTIM lr-0.0001 warmup-3 gamma-0.5 pat-3 wd-5e-06 rg-0.5 = bs-64-gc-5.0-ls-0.15 = 1764687782
Enter the load_video_feats method.
Enter the load_video_feats method.
Enter the load_video_feats method.
#vocabs: 10444 (23046), #words: 1178850 (1194458). Trim words which appear less than 3 times.
{'Total': 53114776, 'Trainable': 53114776}


[EPOCH 1 TRAIN]
time: 190.91 seconds | lr: 0.000033
loss:3.932485 = (1-reg):0.50 * r2l_loss:3.926186 + (reg):0.50 * l2r_loss:3.938783
{'testlen': 2804, 'reflen': 3140, 'guess': [2804, 2307, 1810, 1325], 'correct': [2385, 1389, 687, 280]}
ratio: 0.892993630572964
{'testlen': 2932, 'reflen': 3195, 'guess': [2932, 2435, 1938, 1441], 'correct': [2521, 1516, 770, 318]}
ratio: 0.9176838810638756
[EPOCH 1 VAL]
time: 72.13 seconds
loss:3.518427 = (1-reg):0.50 * r2l_loss:3.470924 + (reg):0.50 * l2r_loss:3.565929
r2l_scores: {'Bleu_1': 0.7545176102085787, 'Bleu_2': 0.634806725250436, 'Bleu_3': 0.513854387357428, 'Bleu_4': 0.39935151983141953, 'METEOR': 0.27686308357110895, 'ROUGE_L': 0.6008401953232946, 'CIDEr': 0.46785003759785254}
l2r_scores: {'Bleu_1': 0.7860546188048202, 'Bleu_2': 0.668880294975321, 'Bleu_3': 0.5457065922610794, 'Bleu_4': 0.4255211450690782, 'METEOR': 0.28828617579066207, 'ROUGE_L': 0.6215259805937514, 'CIDEr': 0.45376430821510866}
>> Saving checkpoint to 1.ckpt
>> New best model at epoch 1 | CIDEr: 0.45376430821510866


[EPOCH 2 TRAIN]
time: 186.93 seconds | lr: 0.000056
loss:3.260823 = (1-reg):0.50 * r2l_loss:3.242290 + (reg):0.50 * l2r_loss:3.279356
{'testlen': 2887, 'reflen': 3152, 'guess': [2887, 2390, 1894, 1400], 'correct': [2554, 1542, 783, 325]}
ratio: 0.9159263959387957
{'testlen': 2965, 'reflen': 3191, 'guess': [2965, 2468, 1971, 1474], 'correct': [2601, 1605, 847, 376]}
ratio: 0.9291758069567756
[EPOCH 2 VAL]
time: 72.60 seconds
loss:3.200242 = (1-reg):0.50 * r2l_loss:3.153864 + (reg):0.50 * l2r_loss:3.246620
r2l_scores: {'Bleu_1': 0.8070675336812843, 'Bleu_2': 0.6892329935572972, 'Bleu_3': 0.5637456768086456, 'Bleu_4': 0.44135209421350635, 'METEOR': 0.29032907743886643, 'ROUGE_L': 0.6269442567151969, 'CIDEr': 0.5592456499044738}
l2r_scores: {'Bleu_1': 0.8128541011259126, 'Bleu_2': 0.6998737658594412, 'Bleu_3': 0.5799328645326971, 'Bleu_4': 0.4633723523846346, 'METEOR': 0.29968411744467166, 'ROUGE_L': 0.6329064851767924, 'CIDEr': 0.5381259455220039}
>> Saving checkpoint to 2.ckpt
>> New best model at epoch 2 | CIDEr: 0.5381259455220039


[EPOCH 3 TRAIN]
time: 190.23 seconds | lr: 0.000078
loss:2.983809 = (1-reg):0.50 * r2l_loss:2.967121 + (reg):0.50 * l2r_loss:3.000497
{'testlen': 2865, 'reflen': 3144, 'guess': [2865, 2368, 1871, 1380], 'correct': [2529, 1545, 792, 314]}
ratio: 0.911259541984443
{'testlen': 3155, 'reflen': 3343, 'guess': [3155, 2658, 2161, 1665], 'correct': [2797, 1760, 924, 406]}
ratio: 0.9437630870472797
[EPOCH 3 VAL]
time: 75.32 seconds
loss:3.014681 = (1-reg):0.50 * r2l_loss:3.000873 + (reg):0.50 * l2r_loss:3.028488
r2l_scores: {'Bleu_1': 0.8008139897367748, 'Bleu_2': 0.6884825586461947, 'Bleu_3': 0.5667370118090866, 'Bleu_4': 0.4402766815824382, 'METEOR': 0.29811820746000484, 'ROUGE_L': 0.6363544368310424, 'CIDEr': 0.607065376059934}
l2r_scores: {'Bleu_1': 0.8352459576881875, 'Bleu_2': 0.7218495277460234, 'Bleu_3': 0.5943066809737094, 'Bleu_4': 0.46861504563262696, 'METEOR': 0.3090753346324726, 'ROUGE_L': 0.6483523449045503, 'CIDEr': 0.5815296483644692}
>> Saving checkpoint to 3.ckpt
>> New best model at epoch 3 | CIDEr: 0.5815296483644692


[EPOCH 4 TRAIN]
time: 186.49 seconds | lr: 0.000100
loss:2.804394 = (1-reg):0.50 * r2l_loss:2.787597 + (reg):0.50 * l2r_loss:2.821190
{'testlen': 3004, 'reflen': 3253, 'guess': [3004, 2507, 2010, 1521], 'correct': [2598, 1531, 760, 316]}
ratio: 0.9234552720562793
{'testlen': 3153, 'reflen': 3334, 'guess': [3153, 2656, 2159, 1662], 'correct': [2772, 1742, 922, 436]}
ratio: 0.9457108578281507
[EPOCH 4 VAL]
time: 76.96 seconds
loss:2.935373 = (1-reg):0.50 * r2l_loss:2.918991 + (reg):0.50 * l2r_loss:2.951755
r2l_scores: {'Bleu_1': 0.7960507838656999, 'Bleu_2': 0.6689314170226868, 'Bleu_3': 0.5380146389020455, 'Bleu_4': 0.41541811004733525, 'METEOR': 0.2856993654209178, 'ROUGE_L': 0.6096085181196079, 'CIDEr': 0.5650554693272383}
l2r_scores: {'Bleu_1': 0.8301150738133397, 'Bleu_2': 0.716991013719805, 'Bleu_3': 0.5918226508717428, 'Bleu_4': 0.4760195789833102, 'METEOR': 0.3133360194964202, 'ROUGE_L': 0.6426604171598417, 'CIDEr': 0.5952480435953416}
>> Saving checkpoint to 4.ckpt
>> New best model at epoch 4 | CIDEr: 0.5952480435953416


[EPOCH 5 TRAIN]
time: 190.51 seconds | lr: 0.000100
loss:2.664801 = (1-reg):0.50 * r2l_loss:2.646217 + (reg):0.50 * l2r_loss:2.683384
{'testlen': 3038, 'reflen': 3272, 'guess': [3038, 2541, 2044, 1550], 'correct': [2579, 1534, 779, 328]}
ratio: 0.9284841075791783
{'testlen': 3157, 'reflen': 3357, 'guess': [3157, 2660, 2163, 1666], 'correct': [2797, 1753, 925, 415]}
ratio: 0.9404229967229847
[EPOCH 5 VAL]
time: 77.28 seconds
loss:2.861200 = (1-reg):0.50 * r2l_loss:2.844677 + (reg):0.50 * l2r_loss:2.877723
r2l_scores: {'Bleu_1': 0.78598149081991, 'Bleu_2': 0.6628127894890088, 'Bleu_3': 0.5371913662779589, 'Bleu_4': 0.41746444310089564, 'METEOR': 0.28374696574343256, 'ROUGE_L': 0.6116181916877358, 'CIDEr': 0.5721204263450925}
l2r_scores: {'Bleu_1': 0.8315814096052947, 'Bleu_2': 0.7172093941491925, 'Bleu_3': 0.5910460870873046, 'Bleu_4': 0.46873891093419845, 'METEOR': 0.31332007631218, 'ROUGE_L': 0.6494213139146509, 'CIDEr': 0.6160037127598962}
>> Saving checkpoint to 5.ckpt
>> New best model at epoch 5 | CIDEr: 0.6160037127598962


[EPOCH 6 TRAIN]
time: 189.96 seconds | lr: 0.000100
loss:2.563477 = (1-reg):0.50 * r2l_loss:2.543788 + (reg):0.50 * l2r_loss:2.583165
{'testlen': 3115, 'reflen': 3326, 'guess': [3115, 2618, 2121, 1626], 'correct': [2672, 1608, 854, 377]}
ratio: 0.9365604329522139
{'testlen': 3371, 'reflen': 3492, 'guess': [3371, 2874, 2377, 1880], 'correct': [2963, 1857, 1017, 473]}
ratio: 0.9653493699882688
[EPOCH 6 VAL]
time: 80.54 seconds
loss:2.843905 = (1-reg):0.50 * r2l_loss:2.834808 + (reg):0.50 * l2r_loss:2.853001
r2l_scores: {'Bleu_1': 0.8016055266193735, 'Bleu_2': 0.6783123158401195, 'Bleu_3': 0.557339258759948, 'Bleu_4': 0.4400889903131171, 'METEOR': 0.29756443485490086, 'ROUGE_L': 0.6274387404442541, 'CIDEr': 0.6118218169695983}
l2r_scores: {'Bleu_1': 0.8479771739908155, 'Bleu_2': 0.7270433098574056, 'Bleu_3': 0.602015767929828, 'Bleu_4': 0.47971636966797954, 'METEOR': 0.31822350093096974, 'ROUGE_L': 0.6517090652522617, 'CIDEr': 0.6258757574328758}
>> Saving checkpoint to 6.ckpt
>> New best model at epoch 6 | CIDEr: 0.6258757574328758


[EPOCH 7 TRAIN]
time: 189.17 seconds | lr: 0.000100
loss:2.483809 = (1-reg):0.50 * r2l_loss:2.463838 + (reg):0.50 * l2r_loss:2.503780
{'testlen': 3169, 'reflen': 3369, 'guess': [3169, 2672, 2175, 1678], 'correct': [2726, 1658, 878, 413]}
ratio: 0.9406352033241494
{'testlen': 3201, 'reflen': 3370, 'guess': [3201, 2704, 2207, 1710], 'correct': [2782, 1722, 927, 439]}
ratio: 0.9498516320471959
[EPOCH 7 VAL]
time: 79.49 seconds
loss:2.813145 = (1-reg):0.50 * r2l_loss:2.810778 + (reg):0.50 * l2r_loss:2.815511
r2l_scores: {'Bleu_1': 0.8075969743340411, 'Bleu_2': 0.6859096504560145, 'Bleu_3': 0.5628422847752304, 'Bleu_4': 0.4505337494532277, 'METEOR': 0.30335575009851, 'ROUGE_L': 0.628797106323724, 'CIDEr': 0.6209474426505239}
l2r_scores: {'Bleu_1': 0.8244084594006917, 'Bleu_2': 0.7056997176454378, 'Bleu_3': 0.5832607591444675, 'Bleu_4': 0.46884783892184495, 'METEOR': 0.3118272777252181, 'ROUGE_L': 0.6379441546976483, 'CIDEr': 0.6119944019095784}


[EPOCH 8 TRAIN]
time: 188.31 seconds | lr: 0.000100
loss:2.417553 = (1-reg):0.50 * r2l_loss:2.395564 + (reg):0.50 * l2r_loss:2.439542
{'testlen': 3252, 'reflen': 3426, 'guess': [3252, 2755, 2258, 1762], 'correct': [2766, 1678, 891, 399]}
ratio: 0.9492119089314217
{'testlen': 3256, 'reflen': 3382, 'guess': [3256, 2759, 2262, 1765], 'correct': [2834, 1805, 985, 455]}
ratio: 0.9627439384976455
[EPOCH 8 VAL]
time: 80.32 seconds
loss:2.794748 = (1-reg):0.50 * r2l_loss:2.789262 + (reg):0.50 * l2r_loss:2.800235
r2l_scores: {'Bleu_1': 0.8062402584409876, 'Bleu_2': 0.682258315201964, 'Bleu_3': 0.5583905942392539, 'Bleu_4': 0.4396793094260093, 'METEOR': 0.302373907173088, 'ROUGE_L': 0.6283741798479884, 'CIDEr': 0.6000253875928736}
l2r_scores: {'Bleu_1': 0.8373542204484337, 'Bleu_2': 0.7259625904001039, 'Bleu_3': 0.6043965254814374, 'Bleu_4': 0.48373396486223347, 'METEOR': 0.3159091464586499, 'ROUGE_L': 0.6411588316361788, 'CIDEr': 0.5934519049554463}


[EPOCH 9 TRAIN]
time: 190.82 seconds | lr: 0.000100
loss:2.361855 = (1-reg):0.50 * r2l_loss:2.339506 + (reg):0.50 * l2r_loss:2.384204
{'testlen': 3202, 'reflen': 3408, 'guess': [3202, 2705, 2208, 1713], 'correct': [2771, 1736, 914, 414]}
ratio: 0.939553990610053
{'testlen': 3256, 'reflen': 3399, 'guess': [3256, 2759, 2262, 1765], 'correct': [2874, 1848, 1023, 513]}
ratio: 0.9579288025887149
[EPOCH 9 VAL]
time: 80.01 seconds
loss:2.791563 = (1-reg):0.50 * r2l_loss:2.791202 + (reg):0.50 * l2r_loss:2.791925
r2l_scores: {'Bleu_1': 0.8114746431127369, 'Bleu_2': 0.6988091456669151, 'Bleu_3': 0.5744356006495229, 'Bleu_4': 0.4552570647695403, 'METEOR': 0.30623816115695796, 'ROUGE_L': 0.6355020369959934, 'CIDEr': 0.6184721358060404}
l2r_scores: {'Bleu_1': 0.8447508227740131, 'Bleu_2': 0.7358724991070065, 'Bleu_3': 0.6165545090551239, 'Bleu_4': 0.5053046985082065, 'METEOR': 0.3234392014337628, 'ROUGE_L': 0.6590140044678383, 'CIDEr': 0.63570136491132}
>> Saving checkpoint to 9.ckpt
>> New best model at epoch 9 | CIDEr: 0.63570136491132


[EPOCH 10 TRAIN]
time: 188.93 seconds | lr: 0.000100
loss:2.312439 = (1-reg):0.50 * r2l_loss:2.288752 + (reg):0.50 * l2r_loss:2.336126
{'testlen': 3241, 'reflen': 3437, 'guess': [3241, 2744, 2247, 1752], 'correct': [2811, 1747, 932, 437]}
ratio: 0.9429735234213142
{'testlen': 3248, 'reflen': 3396, 'guess': [3248, 2751, 2254, 1757], 'correct': [2835, 1794, 975, 481]}
ratio: 0.9564193168430635
[EPOCH 10 VAL]
time: 77.19 seconds
loss:2.791578 = (1-reg):0.50 * r2l_loss:2.791631 + (reg):0.50 * l2r_loss:2.791525
r2l_scores: {'Bleu_1': 0.8164278020151086, 'Bleu_2': 0.6994896246841223, 'Bleu_3': 0.575930999419439, 'Bleu_4': 0.460202175914176, 'METEOR': 0.30147970711697153, 'ROUGE_L': 0.6322800162896588, 'CIDEr': 0.6035654039465779}
l2r_scores: {'Bleu_1': 0.833964880198833, 'Bleu_2': 0.7208504350675282, 'Bleu_3': 0.5988488929963045, 'Bleu_4': 0.4868374140271019, 'METEOR': 0.31829478797637867, 'ROUGE_L': 0.6491086325915095, 'CIDEr': 0.6012790313502283}


[EPOCH 11 TRAIN]
time: 189.79 seconds | lr: 0.000100
loss:2.268588 = (1-reg):0.50 * r2l_loss:2.244077 + (reg):0.50 * l2r_loss:2.293100
{'testlen': 3109, 'reflen': 3290, 'guess': [3109, 2612, 2115, 1618], 'correct': [2713, 1660, 867, 379]}
ratio: 0.9449848024313238
{'testlen': 3364, 'reflen': 3473, 'guess': [3364, 2867, 2370, 1873], 'correct': [2967, 1891, 1027, 489]}
ratio: 0.9686150302329488
[EPOCH 11 VAL]
time: 81.05 seconds
loss:2.778463 = (1-reg):0.50 * r2l_loss:2.791716 + (reg):0.50 * l2r_loss:2.765211
r2l_scores: {'Bleu_1': 0.8232756724416095, 'Bleu_2': 0.7025839172309573, 'Bleu_3': 0.5758028121389853, 'Bleu_4': 0.4532100814805154, 'METEOR': 0.29719762405719546, 'ROUGE_L': 0.6252236096289804, 'CIDEr': 0.6041185667767827}
l2r_scores: {'Bleu_1': 0.8538657462912485, 'Bleu_2': 0.7383983712999075, 'Bleu_3': 0.6115667472051358, 'Bleu_4': 0.49035168967393455, 'METEOR': 0.32547789086866774, 'ROUGE_L': 0.6549251959725797, 'CIDEr': 0.6277292172524344}


[EPOCH 12 TRAIN]
time: 187.32 seconds | lr: 0.000100
loss:2.229329 = (1-reg):0.50 * r2l_loss:2.204184 + (reg):0.50 * l2r_loss:2.254474
{'testlen': 3145, 'reflen': 3337, 'guess': [3145, 2648, 2151, 1656], 'correct': [2688, 1629, 849, 380]}
ratio: 0.942463290380299
{'testlen': 3321, 'reflen': 3424, 'guess': [3321, 2824, 2327, 1830], 'correct': [2943, 1870, 1030, 497]}
ratio: 0.9699182242987822
[EPOCH 12 VAL]
time: 80.21 seconds
loss:2.779379 = (1-reg):0.50 * r2l_loss:2.786938 + (reg):0.50 * l2r_loss:2.771821
r2l_scores: {'Bleu_1': 0.8040725704917743, 'Bleu_2': 0.6821698040711094, 'Bleu_3': 0.5569885898834213, 'Bleu_4': 0.4394780593872293, 'METEOR': 0.2908685955466593, 'ROUGE_L': 0.6160311551733274, 'CIDEr': 0.6167237630006149}
l2r_scores: {'Bleu_1': 0.8591160838790589, 'Bleu_2': 0.7426421821349597, 'Bleu_3': 0.6185528950796476, 'Bleu_4': 0.4996220229566568, 'METEOR': 0.3227560058407414, 'ROUGE_L': 0.6615690735316997, 'CIDEr': 0.6635207588619506}
>> Saving checkpoint to 12.ckpt
>> New best model at epoch 12 | CIDEr: 0.6635207588619506


[EPOCH 13 TRAIN]
time: 188.37 seconds | lr: 0.000100
loss:2.193223 = (1-reg):0.50 * r2l_loss:2.168344 + (reg):0.50 * l2r_loss:2.218103
{'testlen': 3271, 'reflen': 3447, 'guess': [3271, 2774, 2277, 1782], 'correct': [2732, 1628, 863, 380]}
ratio: 0.9489411082097624
{'testlen': 3380, 'reflen': 3465, 'guess': [3380, 2883, 2386, 1889], 'correct': [2951, 1883, 1068, 516]}
ratio: 0.9754689754686939
[EPOCH 13 VAL]
time: 79.03 seconds
loss:2.773888 = (1-reg):0.50 * r2l_loss:2.782757 + (reg):0.50 * l2r_loss:2.765020
r2l_scores: {'Bleu_1': 0.7914662965352824, 'Bleu_2': 0.6634471338607596, 'Bleu_3': 0.540709784090292, 'Bleu_4': 0.42276615690844704, 'METEOR': 0.2911905489012104, 'ROUGE_L': 0.6119965668556231, 'CIDEr': 0.593397220688794}
l2r_scores: {'Bleu_1': 0.8513946217736625, 'Bleu_2': 0.7363893291779904, 'Bleu_3': 0.6185831131837864, 'Bleu_4': 0.5010978959373414, 'METEOR': 0.32501536763667566, 'ROUGE_L': 0.6604123777210291, 'CIDEr': 0.6531566759953126}


[EPOCH 14 TRAIN]
time: 190.52 seconds | lr: 0.000100
loss:2.159170 = (1-reg):0.50 * r2l_loss:2.133023 + (reg):0.50 * l2r_loss:2.185318
{'testlen': 3340, 'reflen': 3486, 'guess': [3340, 2843, 2346, 1851], 'correct': [2803, 1626, 860, 382]}
ratio: 0.9581181870335749
{'testlen': 3415, 'reflen': 3502, 'guess': [3415, 2918, 2421, 1924], 'correct': [2987, 1902, 1034, 488]}
ratio: 0.9751570531122287
[EPOCH 14 VAL]
time: 80.07 seconds
loss:2.775485 = (1-reg):0.50 * r2l_loss:2.784709 + (reg):0.50 * l2r_loss:2.766261
r2l_scores: {'Bleu_1': 0.8033272533349894, 'Bleu_2': 0.663171762961422, 'Bleu_3': 0.5363884964631878, 'Bleu_4': 0.41785710878089116, 'METEOR': 0.2913709395466275, 'ROUGE_L': 0.6152906834048829, 'CIDEr': 0.5917142327701034}
l2r_scores: {'Bleu_1': 0.8526690454803861, 'Bleu_2': 0.7360729401067391, 'Bleu_3': 0.6087436987590868, 'Bleu_4': 0.48597456899241387, 'METEOR': 0.3246477492821819, 'ROUGE_L': 0.6562877680582452, 'CIDEr': 0.6507537697453046}


[EPOCH 15 TRAIN]
time: 190.03 seconds | lr: 0.000100
loss:2.128340 = (1-reg):0.50 * r2l_loss:2.102425 + (reg):0.50 * l2r_loss:2.154254
{'testlen': 3238, 'reflen': 3415, 'guess': [3238, 2741, 2244, 1748], 'correct': [2802, 1718, 930, 420]}
ratio: 0.9481698389455496
{'testlen': 3547, 'reflen': 3601, 'guess': [3547, 3050, 2553, 2056], 'correct': [3057, 1928, 1079, 535]}
ratio: 0.9850041655093071
[EPOCH 15 VAL]
time: 82.19 seconds
loss:2.775256 = (1-reg):0.50 * r2l_loss:2.787979 + (reg):0.50 * l2r_loss:2.762533
r2l_scores: {'Bleu_1': 0.8193157159969162, 'Bleu_2': 0.6972888235927891, 'Bleu_3': 0.5756809183459952, 'Bleu_4': 0.4564343713670927, 'METEOR': 0.298738649051487, 'ROUGE_L': 0.6270498740780832, 'CIDEr': 0.5948728408910555}
l2r_scores: {'Bleu_1': 0.8488334652183069, 'Bleu_2': 0.7269574024801525, 'Bleu_3': 0.6036598152480377, 'Bleu_4': 0.4872747737741263, 'METEOR': 0.3245865975203834, 'ROUGE_L': 0.6572020402279874, 'CIDEr': 0.628317847181647}


[EPOCH 16 TRAIN]
time: 186.63 seconds | lr: 0.000100
loss:2.099658 = (1-reg):0.50 * r2l_loss:2.072897 + (reg):0.50 * l2r_loss:2.126419
{'testlen': 3185, 'reflen': 3372, 'guess': [3185, 2688, 2191, 1696], 'correct': [2696, 1629, 868, 386]}
ratio: 0.9445432977458647
{'testlen': 3488, 'reflen': 3558, 'guess': [3488, 2991, 2494, 1997], 'correct': [3029, 1899, 1034, 516]}
ratio: 0.9803260258569476
[EPOCH 16 VAL]
time: 83.05 seconds
loss:2.776565 = (1-reg):0.50 * r2l_loss:2.791040 + (reg):0.50 * l2r_loss:2.762091
r2l_scores: {'Bleu_1': 0.7982002191356523, 'Bleu_2': 0.6753867357246817, 'Bleu_3': 0.5544060119093009, 'Bleu_4': 0.4373072327821326, 'METEOR': 0.2893170566001014, 'ROUGE_L': 0.6095803894526887, 'CIDEr': 0.5944228716369223}
l2r_scores: {'Bleu_1': 0.8511518056144185, 'Bleu_2': 0.7277796404832547, 'Bleu_3': 0.5992886332931407, 'Bleu_4': 0.4831878403235901, 'METEOR': 0.3200721042577885, 'ROUGE_L': 0.6522368572619806, 'CIDEr': 0.6544322537410316}



[BEST: 12 | SEED: 904666 | VAL-CIDEr: 0.6635207588619506]
{'testlen': 19342, 'reflen': 20432, 'guess': [19342, 16352, 13362, 10383], 'correct': [16353, 9885, 5185, 2382]}
ratio: 0.9466523101017548
{'testlen': 19910, 'reflen': 20734, 'guess': [19910, 16920, 13930, 10941], 'correct': [17457, 11130, 6049, 2853]}
ratio: 0.9602585125879733
time: 395.01 seconds
r2l_scores: {'Bleu_1': 0.7991380427576794, 'Bleu_2': 0.6757354050851428, 'Bleu_3': 0.5512121687060461, 'Bleu_4': 0.4365412223780914, 'METEOR': 0.2917912164148412, 'ROUGE_L': 0.6194226093908959, 'CIDEr': 0.6027319230949811}
l2r_scores: {'Bleu_1': 0.8412489536693089, 'Bleu_2': 0.7286563666938719, 'Bleu_3': 0.6047855327210138, 'Bleu_4': 0.48503019950622617, 'METEOR': 0.3139712410602016, 'ROUGE_L': 0.6546150651347781, 'CIDEr': 0.6395697737347219}
----------------------------------------
>> [Train time] Total: 3024.91 seconds => Per epoch: 189.06 seconds
>> [Val time] Total: 1257.43 seconds => Per epoch: 78.59 seconds
