Found 1 CUDA device(s)

Device 0: NVIDIA A100-SXM4-40GB
  Total memory bytes: 42296475648
  MultiProcessor count: 108
  Major.Minor: 8.0
  Max threads per block: 2048
  Memory reserved bytes: 0
  Memory allocated bytes: 0
  Free inside reserved bytes: 0
  Active allocations: 0
========================================
MODEL ID: MSRVTT = FEAT newBlip2ClsKF+newMViTv2+newImgCapBlip2KF fsl-13 mcl-20 = Transformer d-512 N_enc-0 N_dec-3 h-4 h_big-4 dp-0.1 = OPTIM lr-0.0001 warmup-3 gamma-0.5 pat-3 wd-5e-06 rg-0.1 = bs-64-gc-5.0-ls-0.15 = 1764739774
Enter the load_video_feats method.
Enter the load_video_feats method.
Enter the load_video_feats method.
#vocabs: 10444 (23046), #words: 1178850 (1194458). Trim words which appear less than 3 times.
{'Total': 53114776, 'Trainable': 53114776}


[EPOCH 1 TRAIN]
time: 194.86 seconds | lr: 0.000033
loss:3.900327 = (1-reg):0.90 * r2l_loss:3.897493 + (reg):0.10 * l2r_loss:3.925831
{'testlen': 2819, 'reflen': 3122, 'guess': [2819, 2322, 1825, 1336], 'correct': [2415, 1405, 680, 272]}
ratio: 0.9029468289555084
{'testlen': 2947, 'reflen': 3197, 'guess': [2947, 2450, 1953, 1456], 'correct': [2554, 1543, 785, 343]}
ratio: 0.9218016890832275
[EPOCH 1 VAL]
time: 76.27 seconds
loss:3.455424 = (1-reg):0.90 * r2l_loss:3.446183 + (reg):0.10 * l2r_loss:3.538599
r2l_scores: {'Bleu_1': 0.7693818730756543, 'Bleu_2': 0.6466033863820786, 'Bleu_3': 0.5191353802732421, 'Bleu_4': 0.39992730374686974, 'METEOR': 0.27650113891087963, 'ROUGE_L': 0.601785307982683, 'CIDEr': 0.45657073895695793}
l2r_scores: {'Bleu_1': 0.7961569185403714, 'Bleu_2': 0.6787005728473391, 'Bleu_3': 0.5540648344543563, 'Bleu_4': 0.43801915767518473, 'METEOR': 0.2907256332168581, 'ROUGE_L': 0.6224004203378037, 'CIDEr': 0.4566456551805532}
>> Saving checkpoint to 1.ckpt
>> New best model at epoch 1 | CIDEr: 0.4566456551805532


[EPOCH 2 TRAIN]
time: 192.69 seconds | lr: 0.000056
loss:3.221256 = (1-reg):0.90 * r2l_loss:3.216961 + (reg):0.10 * l2r_loss:3.259911
{'testlen': 2919, 'reflen': 3166, 'guess': [2919, 2422, 1925, 1428], 'correct': [2564, 1555, 797, 332]}
ratio: 0.9219835754892856
{'testlen': 2933, 'reflen': 3173, 'guess': [2933, 2436, 1939, 1442], 'correct': [2620, 1656, 896, 412]}
ratio: 0.9243618027100774
[EPOCH 2 VAL]
time: 77.80 seconds
loss:3.141620 = (1-reg):0.90 * r2l_loss:3.130762 + (reg):0.10 * l2r_loss:3.239348
r2l_scores: {'Bleu_1': 0.80711382571539, 'Bleu_2': 0.6900347322750522, 'Bleu_3': 0.5658136888454995, 'Bleu_4': 0.44352721346483803, 'METEOR': 0.2948461094598261, 'ROUGE_L': 0.6341672634293267, 'CIDEr': 0.567154943391437}
l2r_scores: {'Bleu_1': 0.8230988693783102, 'Bleu_2': 0.7180404579155122, 'Bleu_3': 0.6032494518204563, 'Bleu_4': 0.4903107159722661, 'METEOR': 0.30551234324838783, 'ROUGE_L': 0.6437139369122888, 'CIDEr': 0.5344813802646322}
>> Saving checkpoint to 2.ckpt
>> New best model at epoch 2 | CIDEr: 0.5344813802646322


[EPOCH 3 TRAIN]
time: 195.75 seconds | lr: 0.000078
loss:2.941753 = (1-reg):0.90 * r2l_loss:2.937427 + (reg):0.10 * l2r_loss:2.980689
{'testlen': 2919, 'reflen': 3164, 'guess': [2919, 2422, 1925, 1429], 'correct': [2554, 1572, 813, 331]}
ratio: 0.9225663716811243
{'testlen': 3061, 'reflen': 3271, 'guess': [3061, 2564, 2067, 1570], 'correct': [2705, 1680, 889, 403]}
ratio: 0.9357994497092829
[EPOCH 3 VAL]
time: 77.51 seconds
loss:2.970883 = (1-reg):0.90 * r2l_loss:2.966702 + (reg):0.10 * l2r_loss:3.008513
r2l_scores: {'Bleu_1': 0.804516994896357, 'Bleu_2': 0.692916694890968, 'Bleu_3': 0.5712901843966237, 'Bleu_4': 0.4464045568383328, 'METEOR': 0.29881268771879205, 'ROUGE_L': 0.6352038089251327, 'CIDEr': 0.6048006809045469}
l2r_scores: {'Bleu_1': 0.8251048756711884, 'Bleu_2': 0.7104815654318296, 'Bleu_3': 0.587431695014365, 'Bleu_4': 0.4694838780362681, 'METEOR': 0.3049233335621716, 'ROUGE_L': 0.6367216656322979, 'CIDEr': 0.5733588367502338}
>> Saving checkpoint to 3.ckpt
>> New best model at epoch 3 | CIDEr: 0.5733588367502338


[EPOCH 4 TRAIN]
time: 197.23 seconds | lr: 0.000100
loss:2.757897 = (1-reg):0.90 * r2l_loss:2.753038 + (reg):0.10 * l2r_loss:2.801631
{'testlen': 3093, 'reflen': 3311, 'guess': [3093, 2596, 2099, 1606], 'correct': [2667, 1600, 811, 352]}
ratio: 0.9341588643911404
{'testlen': 3106, 'reflen': 3303, 'guess': [3106, 2609, 2112, 1615], 'correct': [2756, 1740, 933, 438]}
ratio: 0.9403572509836693
[EPOCH 4 VAL]
time: 81.01 seconds
loss:2.887572 = (1-reg):0.90 * r2l_loss:2.883041 + (reg):0.10 * l2r_loss:2.928347
r2l_scores: {'Bleu_1': 0.8035876765608614, 'Bleu_2': 0.6793903398567448, 'Bleu_3': 0.549809754841628, 'Bleu_4': 0.42924589878487956, 'METEOR': 0.29944124214411144, 'ROUGE_L': 0.6205140503501733, 'CIDEr': 0.6014661240578791}
l2r_scores: {'Bleu_1': 0.832783978987986, 'Bleu_2': 0.721989805446334, 'Bleu_3': 0.6001154669815743, 'Bleu_4': 0.4843007716428102, 'METEOR': 0.3133227183019029, 'ROUGE_L': 0.6412475917962311, 'CIDEr': 0.6137561891003446}
>> Saving checkpoint to 4.ckpt
>> New best model at epoch 4 | CIDEr: 0.6137561891003446


[EPOCH 5 TRAIN]
time: 198.11 seconds | lr: 0.000100
loss:2.613020 = (1-reg):0.90 * r2l_loss:2.607242 + (reg):0.10 * l2r_loss:2.665023
{'testlen': 3104, 'reflen': 3311, 'guess': [3104, 2607, 2110, 1615], 'correct': [2648, 1592, 784, 320]}
ratio: 0.937481123527352
{'testlen': 3089, 'reflen': 3284, 'guess': [3089, 2592, 2095, 1598], 'correct': [2771, 1737, 911, 392]}
ratio: 0.9406211936659742
[EPOCH 5 VAL]
time: 79.10 seconds
loss:2.823301 = (1-reg):0.90 * r2l_loss:2.819231 + (reg):0.10 * l2r_loss:2.859928
r2l_scores: {'Bleu_1': 0.7980571172625515, 'Bleu_2': 0.6752068772725556, 'Bleu_3': 0.5411466939147865, 'Bleu_4': 0.4139901868203716, 'METEOR': 0.28877937038860907, 'ROUGE_L': 0.609462050967936, 'CIDEr': 0.5727938202962808}
l2r_scores: {'Bleu_1': 0.8421759046310228, 'Bleu_2': 0.7279070297824595, 'Bleu_3': 0.6002840312058507, 'Bleu_4': 0.4724338032193364, 'METEOR': 0.31407199432486077, 'ROUGE_L': 0.6497810775306765, 'CIDEr': 0.621088175102198}
>> Saving checkpoint to 5.ckpt
>> New best model at epoch 5 | CIDEr: 0.621088175102198


[EPOCH 6 TRAIN]
time: 197.42 seconds | lr: 0.000100
loss:2.505894 = (1-reg):0.90 * r2l_loss:2.499120 + (reg):0.10 * l2r_loss:2.566860
{'testlen': 3111, 'reflen': 3325, 'guess': [3111, 2614, 2117, 1621], 'correct': [2692, 1646, 852, 361]}
ratio: 0.9356390977440795
{'testlen': 3249, 'reflen': 3374, 'guess': [3249, 2752, 2255, 1758], 'correct': [2894, 1859, 1022, 478]}
ratio: 0.9629519857732771
[EPOCH 6 VAL]
time: 82.29 seconds
loss:2.807679 = (1-reg):0.90 * r2l_loss:2.805714 + (reg):0.10 * l2r_loss:2.825364
r2l_scores: {'Bleu_1': 0.807794182821352, 'Bleu_2': 0.689089008992343, 'Bleu_3': 0.5629437733932563, 'Bleu_4': 0.43884507711363785, 'METEOR': 0.2969887517936735, 'ROUGE_L': 0.6296981925491963, 'CIDEr': 0.6208726289582559}
l2r_scores: {'Bleu_1': 0.8571168646159345, 'Bleu_2': 0.7464162964187533, 'Bleu_3': 0.6240019305722411, 'Bleu_4': 0.5021280846609544, 'METEOR': 0.3236239533081797, 'ROUGE_L': 0.6599543619841521, 'CIDEr': 0.6568500335165639}
>> Saving checkpoint to 6.ckpt
>> New best model at epoch 6 | CIDEr: 0.6568500335165639


[EPOCH 7 TRAIN]
time: 196.16 seconds | lr: 0.000100
loss:2.422967 = (1-reg):0.90 * r2l_loss:2.415516 + (reg):0.10 * l2r_loss:2.490030
{'testlen': 3209, 'reflen': 3382, 'guess': [3209, 2712, 2215, 1718], 'correct': [2804, 1728, 930, 438]}
ratio: 0.948846836191322
{'testlen': 3164, 'reflen': 3332, 'guess': [3164, 2667, 2170, 1673], 'correct': [2765, 1727, 914, 411]}
ratio: 0.9495798319324881
[EPOCH 7 VAL]
time: 80.64 seconds
loss:2.785605 = (1-reg):0.90 * r2l_loss:2.785146 + (reg):0.10 * l2r_loss:2.789741
r2l_scores: {'Bleu_1': 0.8279328154761934, 'Bleu_2': 0.7069976606093658, 'Bleu_3': 0.5836833773060713, 'Bleu_4': 0.46815798232819256, 'METEOR': 0.30980096883642383, 'ROUGE_L': 0.6412130919818515, 'CIDEr': 0.6258493835508822}
l2r_scores: {'Bleu_1': 0.8287027438821652, 'Bleu_2': 0.7133523681866039, 'Bleu_3': 0.587956141109264, 'Bleu_4': 0.46647695916691817, 'METEOR': 0.31348743618633423, 'ROUGE_L': 0.6416317147221878, 'CIDEr': 0.6212348069624282}


[EPOCH 8 TRAIN]
time: 193.35 seconds | lr: 0.000100
loss:2.352424 = (1-reg):0.90 * r2l_loss:2.344059 + (reg):0.10 * l2r_loss:2.427711
{'testlen': 3230, 'reflen': 3398, 'guess': [3230, 2733, 2236, 1739], 'correct': [2796, 1687, 879, 392]}
ratio: 0.9505591524423336
{'testlen': 3209, 'reflen': 3367, 'guess': [3209, 2712, 2215, 1718], 'correct': [2819, 1737, 922, 429]}
ratio: 0.95307395307367
[EPOCH 8 VAL]
time: 81.17 seconds
loss:2.769642 = (1-reg):0.90 * r2l_loss:2.768952 + (reg):0.10 * l2r_loss:2.775845
r2l_scores: {'Bleu_1': 0.8217618083638415, 'Bleu_2': 0.6939311075767912, 'Bleu_3': 0.5643134036914319, 'Bleu_4': 0.44283274068945133, 'METEOR': 0.3056902802812574, 'ROUGE_L': 0.629859706423168, 'CIDEr': 0.6281218651389207}
l2r_scores: {'Bleu_1': 0.8362617036199513, 'Bleu_2': 0.7140598199644566, 'Bleu_3': 0.5867878024241325, 'Bleu_4': 0.46813763186367746, 'METEOR': 0.313838645086044, 'ROUGE_L': 0.6393216871594315, 'CIDEr': 0.6083838927511583}


[EPOCH 9 TRAIN]
time: 189.46 seconds | lr: 0.000100
loss:2.292053 = (1-reg):0.90 * r2l_loss:2.282896 + (reg):0.10 * l2r_loss:2.374466
{'testlen': 3194, 'reflen': 3366, 'guess': [3194, 2697, 2200, 1704], 'correct': [2751, 1692, 892, 400]}
ratio: 0.9489007724299023
{'testlen': 3160, 'reflen': 3330, 'guess': [3160, 2663, 2166, 1669], 'correct': [2810, 1813, 975, 453]}
ratio: 0.948948948948664
[EPOCH 9 VAL]
time: 84.11 seconds
loss:2.770784 = (1-reg):0.90 * r2l_loss:2.771813 + (reg):0.10 * l2r_loss:2.761524
r2l_scores: {'Bleu_1': 0.8161472079240126, 'Bleu_2': 0.6965469037358782, 'Bleu_3': 0.5712399538990942, 'Bleu_4': 0.4512474253086762, 'METEOR': 0.301526036060823, 'ROUGE_L': 0.6270459782128596, 'CIDEr': 0.621229766638595}
l2r_scores: {'Bleu_1': 0.8426656552779004, 'Bleu_2': 0.737325058285413, 'Bleu_3': 0.6143748122677921, 'Bleu_4': 0.4941906589960919, 'METEOR': 0.31907178099464045, 'ROUGE_L': 0.6536218203346518, 'CIDEr': 0.6152028223811009}


[EPOCH 10 TRAIN]
time: 194.01 seconds | lr: 0.000100
loss:2.238786 = (1-reg):0.90 * r2l_loss:2.228697 + (reg):0.10 * l2r_loss:2.329591
{'testlen': 3290, 'reflen': 3444, 'guess': [3290, 2793, 2296, 1801], 'correct': [2781, 1670, 860, 384]}
ratio: 0.955284552845251
{'testlen': 3329, 'reflen': 3479, 'guess': [3329, 2832, 2335, 1838], 'correct': [2860, 1734, 891, 398]}
ratio: 0.9568841621152754
[EPOCH 10 VAL]
time: 84.36 seconds
loss:2.764648 = (1-reg):0.90 * r2l_loss:2.765559 + (reg):0.10 * l2r_loss:2.756447
r2l_scores: {'Bleu_1': 0.8066337943268318, 'Bleu_2': 0.6784168644436831, 'Bleu_3': 0.5479366961272119, 'Bleu_4': 0.42773028240318545, 'METEOR': 0.29478638055241435, 'ROUGE_L': 0.6241990467038285, 'CIDEr': 0.6001334319781806}
l2r_scores: {'Bleu_1': 0.8212654390477402, 'Bleu_2': 0.6933225889603606, 'Bleu_3': 0.5597115592189605, 'Bleu_4': 0.4364810823595604, 'METEOR': 0.30773057233746093, 'ROUGE_L': 0.6278012500092256, 'CIDEr': 0.5810866433664224}


[EPOCH 11 TRAIN]
time: 195.41 seconds | lr: 0.000100
loss:2.191408 = (1-reg):0.90 * r2l_loss:2.180660 + (reg):0.10 * l2r_loss:2.288137
{'testlen': 3148, 'reflen': 3311, 'guess': [3148, 2651, 2154, 1657], 'correct': [2738, 1687, 892, 412]}
ratio: 0.9507701600721985
{'testlen': 3176, 'reflen': 3325, 'guess': [3176, 2679, 2182, 1685], 'correct': [2814, 1782, 972, 451]}
ratio: 0.9551879699245247
[EPOCH 11 VAL]
time: 82.41 seconds
loss:2.769732 = (1-reg):0.90 * r2l_loss:2.774168 + (reg):0.10 * l2r_loss:2.729809
r2l_scores: {'Bleu_1': 0.8258694977911993, 'Bleu_2': 0.7064228585788614, 'Bleu_3': 0.5811038905559253, 'Bleu_4': 0.4639403980872427, 'METEOR': 0.3005537406765571, 'ROUGE_L': 0.6259840517085966, 'CIDEr': 0.6148638908261518}
l2r_scores: {'Bleu_1': 0.8454130602403822, 'Bleu_2': 0.7325118353210591, 'Bleu_3': 0.6109730510630592, 'Bleu_4': 0.49126637376288307, 'METEOR': 0.31206692222697274, 'ROUGE_L': 0.6431673916194053, 'CIDEr': 0.6038202978205375}


[EPOCH 12 TRAIN]
time: 193.08 seconds | lr: 0.000100
loss:2.148493 = (1-reg):0.90 * r2l_loss:2.137027 + (reg):0.10 * l2r_loss:2.251690
{'testlen': 3082, 'reflen': 3278, 'guess': [3082, 2585, 2088, 1591], 'correct': [2658, 1589, 801, 337]}
ratio: 0.9402074435628615
{'testlen': 3239, 'reflen': 3386, 'guess': [3239, 2742, 2245, 1748], 'correct': [2852, 1818, 986, 464]}
ratio: 0.956585942114307
[EPOCH 12 VAL]
time: 83.89 seconds
loss:2.768717 = (1-reg):0.90 * r2l_loss:2.772404 + (reg):0.10 * l2r_loss:2.735528
r2l_scores: {'Bleu_1': 0.8092884738173297, 'Bleu_2': 0.6832409043149816, 'Bleu_3': 0.551836281718117, 'Bleu_4': 0.4275066469216662, 'METEOR': 0.29206325322408866, 'ROUGE_L': 0.6180236618055567, 'CIDEr': 0.6016037967717005}
l2r_scores: {'Bleu_1': 0.8414501424498253, 'Bleu_2': 0.730167193109902, 'Bleu_3': 0.6071066717127859, 'Bleu_4': 0.48810734842407877, 'METEOR': 0.3202214764510619, 'ROUGE_L': 0.6501079759837077, 'CIDEr': 0.6434329869442512}


[EPOCH 13 TRAIN]
time: 193.19 seconds | lr: 0.000100
loss:2.109523 = (1-reg):0.90 * r2l_loss:2.097513 + (reg):0.10 * l2r_loss:2.217612
{'testlen': 3190, 'reflen': 3345, 'guess': [3190, 2693, 2196, 1700], 'correct': [2719, 1630, 828, 357]}
ratio: 0.9536621823614488
{'testlen': 3334, 'reflen': 3467, 'guess': [3334, 2837, 2340, 1843], 'correct': [2887, 1812, 996, 472]}
ratio: 0.9616383040089526
[EPOCH 13 VAL]
time: 84.17 seconds
loss:2.771895 = (1-reg):0.90 * r2l_loss:2.776866 + (reg):0.10 * l2r_loss:2.727164
r2l_scores: {'Bleu_1': 0.8119259863096395, 'Bleu_2': 0.6841995824100027, 'Bleu_3': 0.5519340352742775, 'Bleu_4': 0.4282473506043949, 'METEOR': 0.29365857570816156, 'ROUGE_L': 0.61540338765402, 'CIDEr': 0.6025551233279272}
l2r_scores: {'Bleu_1': 0.8320631785854505, 'Bleu_2': 0.7146034985970199, 'Bleu_3': 0.5933117612493573, 'Bleu_4': 0.47614054283566803, 'METEOR': 0.3157884513256964, 'ROUGE_L': 0.6401075540472551, 'CIDEr': 0.6166819754680235}


[EPOCH 14 TRAIN]
time: 197.12 seconds | lr: 0.000100
loss:2.072323 = (1-reg):0.90 * r2l_loss:2.059587 + (reg):0.10 * l2r_loss:2.186940
{'testlen': 3325, 'reflen': 3478, 'guess': [3325, 2828, 2331, 1834], 'correct': [2803, 1642, 838, 363]}
ratio: 0.9560092006897769
{'testlen': 3397, 'reflen': 3496, 'guess': [3397, 2900, 2403, 1906], 'correct': [2932, 1847, 996, 475]}
ratio: 0.9716819221965184
[EPOCH 14 VAL]
time: 84.66 seconds
loss:2.777564 = (1-reg):0.90 * r2l_loss:2.782971 + (reg):0.10 * l2r_loss:2.728898
r2l_scores: {'Bleu_1': 0.8050954481034253, 'Bleu_2': 0.668156997368357, 'Bleu_3': 0.5351697656643933, 'Bleu_4': 0.4125717447751292, 'METEOR': 0.295877714470581, 'ROUGE_L': 0.6124779103490015, 'CIDEr': 0.5877832817266465}
l2r_scores: {'Bleu_1': 0.8383234562923465, 'Bleu_2': 0.7201315810180292, 'Bleu_3': 0.593231440769815, 'Bleu_4': 0.47412908572691514, 'METEOR': 0.3156883437184623, 'ROUGE_L': 0.6429640325079264, 'CIDEr': 0.6182967719530622}


[EPOCH 15 TRAIN]
time: 196.30 seconds | lr: 0.000050
loss:1.989315 = (1-reg):0.90 * r2l_loss:1.976079 + (reg):0.10 * l2r_loss:2.108437
{'testlen': 3156, 'reflen': 3340, 'guess': [3156, 2659, 2162, 1665], 'correct': [2698, 1610, 832, 369]}
ratio: 0.9449101796404357
{'testlen': 3402, 'reflen': 3499, 'guess': [3402, 2905, 2408, 1911], 'correct': [2955, 1836, 992, 464]}
ratio: 0.9722777936550522
[EPOCH 15 VAL]
time: 83.95 seconds
loss:2.778429 = (1-reg):0.90 * r2l_loss:2.785075 + (reg):0.10 * l2r_loss:2.718609
r2l_scores: {'Bleu_1': 0.8064637797393501, 'Bleu_2': 0.6787129893463418, 'Bleu_3': 0.550942943355767, 'Bleu_4': 0.4324172193788673, 'METEOR': 0.29432418369292423, 'ROUGE_L': 0.6185847505159787, 'CIDEr': 0.5931965808664401}
l2r_scores: {'Bleu_1': 0.8441901760121003, 'Bleu_2': 0.7200986156035791, 'Bleu_3': 0.5921323017311223, 'Bleu_4': 0.47047079331929753, 'METEOR': 0.3181638642591176, 'ROUGE_L': 0.6442238197257453, 'CIDEr': 0.5999420678006627}


[EPOCH 16 TRAIN]
time: 198.50 seconds | lr: 0.000050
loss:1.960153 = (1-reg):0.90 * r2l_loss:1.946545 + (reg):0.10 * l2r_loss:2.082621
{'testlen': 3192, 'reflen': 3357, 'guess': [3192, 2695, 2198, 1701], 'correct': [2739, 1625, 834, 343]}
ratio: 0.9508489722964102
{'testlen': 3431, 'reflen': 3526, 'guess': [3431, 2934, 2437, 1940], 'correct': [2958, 1823, 974, 466]}
ratio: 0.973057288712146
[EPOCH 16 VAL]
time: 101.75 seconds
loss:2.785001 = (1-reg):0.90 * r2l_loss:2.791789 + (reg):0.10 * l2r_loss:2.723916
r2l_scores: {'Bleu_1': 0.8148538405026912, 'Bleu_2': 0.6830656402356547, 'Bleu_3': 0.5519138210639277, 'Bleu_4': 0.42358302329968495, 'METEOR': 0.2938709570613542, 'ROUGE_L': 0.6131983971802788, 'CIDEr': 0.5943010405733707}
l2r_scores: {'Bleu_1': 0.8385952402604019, 'Bleu_2': 0.7119130382660951, 'Bleu_3': 0.5818942793484699, 'Bleu_4': 0.4632045830862537, 'METEOR': 0.3152193109316861, 'ROUGE_L': 0.6378741247635001, 'CIDEr': 0.6112083767713985}



[BEST: 6 | SEED: 904666 | VAL-CIDEr: 0.6568500335165639]
{'testlen': 19080, 'reflen': 20323, 'guess': [19080, 16090, 13100, 10119], 'correct': [16283, 9887, 5164, 2336]}
ratio: 0.9388377700142233
{'testlen': 19481, 'reflen': 20475, 'guess': [19481, 16491, 13501, 10511], 'correct': [17129, 10854, 5817, 2638]}
ratio: 0.9514529914529449
time: 409.99 seconds
r2l_scores: {'Bleu_1': 0.7995823119191026, 'Bleu_2': 0.6784836663399619, 'Bleu_3': 0.5539879086353954, 'Bleu_4': 0.43791095160765675, 'METEOR': 0.29550029651548615, 'ROUGE_L': 0.626940366315821, 'CIDEr': 0.6178695881453833}
l2r_scores: {'Bleu_1': 0.835528539599926, 'Bleu_2': 0.722890171693331, 'Bleu_3': 0.5980985702916949, 'Bleu_4': 0.47527765157590396, 'METEOR': 0.3117863421909375, 'ROUGE_L': 0.6496353520215018, 'CIDEr': 0.6305952180400931}
----------------------------------------
>> [Train time] Total: 3122.64 seconds => Per epoch: 195.16 seconds
>> [Val time] Total: 1325.10 seconds => Per epoch: 82.82 seconds
