Found 1 CUDA device(s)

Device 0: NVIDIA A100-PCIE-40GB
  Total memory bytes: 42405855232
  MultiProcessor count: 108
  Major.Minor: 8.0
  Max threads per block: 2048
================================================================
MODEL ID: MSRVTT = FEAT newBlip2ClsKF+newMViTv2+newImgCapBlip2KF fsl-13 mcl-20 = Transformer d-512 N_enc-0 N_dec-3 h-4 h_big-4 dp-0.1 = OPTIM lr-0.0001 warmup-3 gamma-0.5 pat-3 wd-5e-06 rg-0.6 = ep-16 bs-64 gc-5.0 bms-4 ls-0.15 = 1772599318
Enter the load_video_feats method.
Enter the load_video_feats method.
Enter the load_video_feats method.
#vocabs: 10444 (23046), #words: 1178850 (1194458). Trim words which appear less than 3 times.
{'Total': 53093272, 'Trainable': 53093272}


[EPOCH 1 TRAIN]
time: 258.08 seconds | lr: 0.000033
loss:3.986731 = (1-reg):0.40 * r2l_loss:3.987936 + (reg):0.60 * l2r_loss:3.985926
{'testlen': 2502, 'reflen': 2942, 'guess': [2502, 2005, 1508, 1020], 'correct': [2125, 1218, 601, 248]}
ratio: 0.8504418762743541
{'testlen': 3113, 'reflen': 3293, 'guess': [3113, 2616, 2119, 1622], 'correct': [2649, 1554, 771, 317]}
ratio: 0.9453385970237033
[EPOCH 1 VAL]
time: 198.16 seconds
loss:3.537475 = (1-reg):0.40 * r2l_loss:3.521026 + (reg):0.60 * l2r_loss:3.548441
r2l_scores: {'Bleu_1': 0.7123556939073972, 'Bleu_2': 0.6024590618152837, 'Bleu_3': 0.4950523896808207, 'Bleu_4': 0.39660443461726985, 'METEOR': 0.25702773103905757, 'ROUGE_L': 0.5761742025094744, 'CIDEr': 0.3788436626534432}
l2r_scores: {'Bleu_1': 0.8031396114725742, 'Bleu_2': 0.6710366872432492, 'Bleu_3': 0.5367450564267547, 'Bleu_4': 0.41096060786010274, 'METEOR': 0.2764852572428339, 'ROUGE_L': 0.614183388194013, 'CIDEr': 0.3519099095009841}
>> New best model at epoch 1 | N_Metrics: 4 | CIDEr: 0.3519099095009841


[EPOCH 2 TRAIN]
time: 113.66 seconds | lr: 0.000056
loss:3.320557 = (1-reg):0.40 * r2l_loss:3.305910 + (reg):0.60 * l2r_loss:3.330321
{'testlen': 2885, 'reflen': 3157, 'guess': [2885, 2388, 1891, 1394], 'correct': [2518, 1532, 780, 323]}
ratio: 0.9138422553053804
{'testlen': 2966, 'reflen': 3216, 'guess': [2966, 2469, 1972, 1475], 'correct': [2627, 1613, 849, 375]}
ratio: 0.922263681591753
[EPOCH 2 VAL]
time: 73.93 seconds
loss:3.224044 = (1-reg):0.40 * r2l_loss:3.178836 + (reg):0.60 * l2r_loss:3.254183
r2l_scores: {'Bleu_1': 0.7942629296445344, 'Bleu_2': 0.6809599352191305, 'Bleu_3': 0.5583418656533428, 'Bleu_4': 0.4376971093572553, 'METEOR': 0.28910341437382453, 'ROUGE_L': 0.624831560995891, 'CIDEr': 0.529189192220748}
l2r_scores: {'Bleu_1': 0.8141095520610602, 'Bleu_2': 0.6991897066933568, 'Bleu_3': 0.5783555649286394, 'Bleu_4': 0.4611099375573056, 'METEOR': 0.2999623759644481, 'ROUGE_L': 0.6346512054452859, 'CIDEr': 0.4995208663897845}
>> New best model at epoch 2 | N_Metrics: 4 | CIDEr: 0.4995208663897845


[EPOCH 3 TRAIN]
time: 113.54 seconds | lr: 0.000078
loss:3.045704 = (1-reg):0.40 * r2l_loss:3.028016 + (reg):0.60 * l2r_loss:3.057496
{'testlen': 2829, 'reflen': 3104, 'guess': [2829, 2332, 1835, 1338], 'correct': [2469, 1492, 750, 299]}
ratio: 0.9114046391749641
{'testlen': 3202, 'reflen': 3367, 'guess': [3202, 2705, 2208, 1711], 'correct': [2835, 1783, 956, 443]}
ratio: 0.9509949509946686
[EPOCH 3 VAL]
time: 108.15 seconds
loss:3.043944 = (1-reg):0.40 * r2l_loss:3.031796 + (reg):0.60 * l2r_loss:3.052042
r2l_scores: {'Bleu_1': 0.791902044684169, 'Bleu_2': 0.6780278479949735, 'Bleu_3': 0.5544995439256333, 'Bleu_4': 0.4311967651897026, 'METEOR': 0.28737216627099976, 'ROUGE_L': 0.6233277687932184, 'CIDEr': 0.552367158541791}
l2r_scores: {'Bleu_1': 0.8409156082422351, 'Bleu_2': 0.7255687717244791, 'Bleu_3': 0.6004528198733097, 'Bleu_4': 0.4803444367664174, 'METEOR': 0.3125212818244441, 'ROUGE_L': 0.6591293249803206, 'CIDEr': 0.5621488366784922}
>> New best model at epoch 3 | N_Metrics: 4 | CIDEr: 0.5621488366784922


[EPOCH 4 TRAIN]
time: 128.11 seconds | lr: 0.000100
loss:2.865444 = (1-reg):0.40 * r2l_loss:2.846603 + (reg):0.60 * l2r_loss:2.878005
{'testlen': 2955, 'reflen': 3205, 'guess': [2955, 2458, 1961, 1464], 'correct': [2570, 1560, 795, 346]}
ratio: 0.9219968798749073
{'testlen': 3179, 'reflen': 3350, 'guess': [3179, 2682, 2185, 1688], 'correct': [2847, 1802, 976, 443]}
ratio: 0.9489552238803137
[EPOCH 4 VAL]
time: 78.30 seconds
loss:2.970935 = (1-reg):0.40 * r2l_loss:2.959575 + (reg):0.60 * l2r_loss:2.978508
r2l_scores: {'Bleu_1': 0.7991591865613833, 'Bleu_2': 0.6826794611253048, 'Bleu_3': 0.5578622263190042, 'Bleu_4': 0.440649606658182, 'METEOR': 0.2941015114567932, 'ROUGE_L': 0.6220815727000383, 'CIDEr': 0.5780052026545028}
l2r_scores: {'Bleu_1': 0.8486644726473989, 'Bleu_2': 0.7350816115499353, 'Bleu_3': 0.6115559447534861, 'Bleu_4': 0.4883652296994727, 'METEOR': 0.3118056784883083, 'ROUGE_L': 0.652294929111902, 'CIDEr': 0.5828012130940723}


[EPOCH 5 TRAIN]
time: 112.44 seconds | lr: 0.000100
loss:2.726112 = (1-reg):0.40 * r2l_loss:2.707316 + (reg):0.60 * l2r_loss:2.738643
{'testlen': 2971, 'reflen': 3227, 'guess': [2971, 2474, 1977, 1482], 'correct': [2565, 1575, 835, 366]}
ratio: 0.920669352339349
{'testlen': 3112, 'reflen': 3292, 'guess': [3112, 2615, 2118, 1621], 'correct': [2775, 1747, 939, 432]}
ratio: 0.9453219927093118
[EPOCH 5 VAL]
time: 77.58 seconds
loss:2.897372 = (1-reg):0.40 * r2l_loss:2.881823 + (reg):0.60 * l2r_loss:2.907738
r2l_scores: {'Bleu_1': 0.7920692993310006, 'Bleu_2': 0.6801602588784041, 'Bleu_3': 0.5638456811310814, 'Bleu_4': 0.4489242128063562, 'METEOR': 0.2917639984262177, 'ROUGE_L': 0.622369890404957, 'CIDEr': 0.588352717675299}
l2r_scores: {'Bleu_1': 0.8415957591156723, 'Bleu_2': 0.7284545238149481, 'Bleu_3': 0.6055382132267821, 'Bleu_4': 0.486128837027493, 'METEOR': 0.31367753108971375, 'ROUGE_L': 0.65467032095297, 'CIDEr': 0.5915625752859376}
>> New best model at epoch 5 | N_Metrics: 3 | CIDEr: 0.5915625752859376


[EPOCH 6 TRAIN]
time: 112.38 seconds | lr: 0.000100
loss:2.622764 = (1-reg):0.40 * r2l_loss:2.603922 + (reg):0.60 * l2r_loss:2.635324
{'testlen': 3031, 'reflen': 3266, 'guess': [3031, 2534, 2037, 1541], 'correct': [2636, 1644, 861, 369]}
ratio: 0.9280465401099425
{'testlen': 3279, 'reflen': 3396, 'guess': [3279, 2782, 2285, 1788], 'correct': [2932, 1895, 1034, 483]}
ratio: 0.9655477031799277
[EPOCH 6 VAL]
time: 95.24 seconds
loss:2.879004 = (1-reg):0.40 * r2l_loss:2.870828 + (reg):0.60 * l2r_loss:2.884454
r2l_scores: {'Bleu_1': 0.8047994612663727, 'Bleu_2': 0.6951132125331061, 'Bleu_3': 0.573874779619083, 'Bleu_4': 0.4523773351889505, 'METEOR': 0.29940209799368883, 'ROUGE_L': 0.6400614073695378, 'CIDEr': 0.6281915190623748}
l2r_scores: {'Bleu_1': 0.8628319590329496, 'Bleu_2': 0.7530797894957026, 'Bleu_3': 0.6279715919601616, 'Bleu_4': 0.5040525552617379, 'METEOR': 0.32516095035339593, 'ROUGE_L': 0.6665040711123731, 'CIDEr': 0.6434557253706358}
>> New best model at epoch 6 | N_Metrics: 4 | CIDEr: 0.6434557253706358


[EPOCH 7 TRAIN]
time: 128.85 seconds | lr: 0.000100
loss:2.540224 = (1-reg):0.40 * r2l_loss:2.520559 + (reg):0.60 * l2r_loss:2.553334
{'testlen': 3110, 'reflen': 3319, 'guess': [3110, 2613, 2116, 1619], 'correct': [2718, 1679, 898, 412]}
ratio: 0.9370292256701003
{'testlen': 3252, 'reflen': 3385, 'guess': [3252, 2755, 2258, 1761], 'correct': [2903, 1860, 1031, 490]}
ratio: 0.9607090103394503
[EPOCH 7 VAL]
time: 94.42 seconds
loss:2.846008 = (1-reg):0.40 * r2l_loss:2.846163 + (reg):0.60 * l2r_loss:2.845905
r2l_scores: {'Bleu_1': 0.8171529577884339, 'Bleu_2': 0.7006715253953996, 'Bleu_3': 0.5796973317019491, 'Bleu_4': 0.4639991032886205, 'METEOR': 0.30445387183721706, 'ROUGE_L': 0.6449441556540231, 'CIDEr': 0.6363053562417883}
l2r_scores: {'Bleu_1': 0.8569091154801499, 'Bleu_2': 0.7452160223549423, 'Bleu_3': 0.6243754036758768, 'Bleu_4': 0.5049554765295559, 'METEOR': 0.32006853212968167, 'ROUGE_L': 0.6578999058994351, 'CIDEr': 0.6297877388332238}


[EPOCH 8 TRAIN]
time: 112.90 seconds | lr: 0.000100
loss:2.471346 = (1-reg):0.40 * r2l_loss:2.451382 + (reg):0.60 * l2r_loss:2.484655
{'testlen': 3199, 'reflen': 3358, 'guess': [3199, 2702, 2205, 1708], 'correct': [2766, 1683, 887, 411]}
ratio: 0.9526503871349158
{'testlen': 3274, 'reflen': 3399, 'guess': [3274, 2777, 2280, 1783], 'correct': [2891, 1863, 1029, 479]}
ratio: 0.9632244777873012
[EPOCH 8 VAL]
time: 81.21 seconds
loss:2.823600 = (1-reg):0.40 * r2l_loss:2.816653 + (reg):0.60 * l2r_loss:2.828231
r2l_scores: {'Bleu_1': 0.8227202426873067, 'Bleu_2': 0.6982848197548635, 'Bleu_3': 0.5714762133356343, 'Bleu_4': 0.4546641058453021, 'METEOR': 0.30419530575507314, 'ROUGE_L': 0.638915582121083, 'CIDEr': 0.6222731001203092}
l2r_scores: {'Bleu_1': 0.8499399213684278, 'Bleu_2': 0.7408358796767908, 'Bleu_3': 0.6200800871873609, 'Bleu_4': 0.49829506290490616, 'METEOR': 0.3201825810107423, 'ROUGE_L': 0.6560821734525532, 'CIDEr': 0.6173776552627591}


[EPOCH 9 TRAIN]
time: 115.45 seconds | lr: 0.000100
loss:2.411563 = (1-reg):0.40 * r2l_loss:2.391487 + (reg):0.60 * l2r_loss:2.424947
{'testlen': 3079, 'reflen': 3293, 'guess': [3079, 2582, 2085, 1588], 'correct': [2698, 1653, 883, 392]}
ratio: 0.93501366535046
{'testlen': 3109, 'reflen': 3284, 'guess': [3109, 2612, 2115, 1618], 'correct': [2814, 1836, 1025, 482]}
ratio: 0.94671132764892
[EPOCH 9 VAL]
time: 84.55 seconds
loss:2.819051 = (1-reg):0.40 * r2l_loss:2.815654 + (reg):0.60 * l2r_loss:2.821316
r2l_scores: {'Bleu_1': 0.8174241228739038, 'Bleu_2': 0.6986982082801408, 'Bleu_3': 0.5777629638650716, 'Bleu_4': 0.45906582688336467, 'METEOR': 0.30241961066716316, 'ROUGE_L': 0.6413978151063968, 'CIDEr': 0.6224890680910616}
l2r_scores: {'Bleu_1': 0.8555742757695681, 'Bleu_2': 0.7539729843715018, 'Bleu_3': 0.6385964063759351, 'Bleu_4': 0.5203859587632608, 'METEOR': 0.32362096515958355, 'ROUGE_L': 0.6699638746033338, 'CIDEr': 0.6525999110693054}
>> New best model at epoch 9 | N_Metrics: 3 | CIDEr: 0.6525999110693054


[EPOCH 10 TRAIN]
time: 112.38 seconds | lr: 0.000100
loss:2.359333 = (1-reg):0.40 * r2l_loss:2.338443 + (reg):0.60 * l2r_loss:2.373260
{'testlen': 3311, 'reflen': 3472, 'guess': [3311, 2814, 2317, 1820], 'correct': [2844, 1741, 908, 402]}
ratio: 0.9536290322577898
{'testlen': 3162, 'reflen': 3346, 'guess': [3162, 2665, 2168, 1671], 'correct': [2813, 1782, 963, 440]}
ratio: 0.9450089659291856
[EPOCH 10 VAL]
time: 83.51 seconds
loss:2.814601 = (1-reg):0.40 * r2l_loss:2.809763 + (reg):0.60 * l2r_loss:2.817826
r2l_scores: {'Bleu_1': 0.8181868549455338, 'Bleu_2': 0.6943918759552739, 'Bleu_3': 0.5646123687692229, 'Bleu_4': 0.4411354696618564, 'METEOR': 0.3030333834422743, 'ROUGE_L': 0.6371626875317261, 'CIDEr': 0.6206623945810195}
l2r_scores: {'Bleu_1': 0.8393359566090872, 'Bleu_2': 0.7276744700839166, 'Bleu_3': 0.605419515089471, 'Bleu_4': 0.4845553120948948, 'METEOR': 0.3209496058146989, 'ROUGE_L': 0.6518763907497647, 'CIDEr': 0.6076091817030121}


[EPOCH 11 TRAIN]
time: 119.79 seconds | lr: 0.000100
loss:2.311965 = (1-reg):0.40 * r2l_loss:2.290876 + (reg):0.60 * l2r_loss:2.326024
{'testlen': 3112, 'reflen': 3301, 'guess': [3112, 2615, 2118, 1621], 'correct': [2744, 1734, 939, 432]}
ratio: 0.9427446228412776
{'testlen': 3310, 'reflen': 3438, 'guess': [3310, 2813, 2316, 1819], 'correct': [2927, 1887, 1027, 475]}
ratio: 0.9627690517740073
[EPOCH 11 VAL]
time: 80.50 seconds
loss:2.800682 = (1-reg):0.40 * r2l_loss:2.811814 + (reg):0.60 * l2r_loss:2.793260
r2l_scores: {'Bleu_1': 0.8297908945013028, 'Bleu_2': 0.7195899769662416, 'Bleu_3': 0.6000369541953579, 'Bleu_4': 0.48246378315951083, 'METEOR': 0.3101185962503105, 'ROUGE_L': 0.6456341349166396, 'CIDEr': 0.6375406988127124}
l2r_scores: {'Bleu_1': 0.8507466727719589, 'Bleu_2': 0.7409757225857495, 'Bleu_3': 0.6164271979041167, 'Bleu_4': 0.4925246312762941, 'METEOR': 0.3241464970074818, 'ROUGE_L': 0.6590331958844442, 'CIDEr': 0.6174114507855065}


[EPOCH 12 TRAIN]
time: 118.27 seconds | lr: 0.000100
loss:2.268952 = (1-reg):0.40 * r2l_loss:2.247686 + (reg):0.60 * l2r_loss:2.283130
{'testlen': 3105, 'reflen': 3298, 'guess': [3105, 2608, 2111, 1614], 'correct': [2714, 1683, 899, 409]}
ratio: 0.9414796846570826
{'testlen': 3345, 'reflen': 3442, 'guess': [3345, 2848, 2351, 1854], 'correct': [2950, 1874, 1020, 480]}
ratio: 0.9718187100520128
[EPOCH 12 VAL]
time: 78.57 seconds
loss:2.807614 = (1-reg):0.40 * r2l_loss:2.803979 + (reg):0.60 * l2r_loss:2.810036
r2l_scores: {'Bleu_1': 0.821397629034271, 'Bleu_2': 0.7057771439843682, 'Bleu_3': 0.5841673521020386, 'Bleu_4': 0.46677674055960683, 'METEOR': 0.30272649698590837, 'ROUGE_L': 0.6365618733607533, 'CIDEr': 0.6315173252288014}
l2r_scores: {'Bleu_1': 0.8567063837678589, 'Bleu_2': 0.7400036416012246, 'Bleu_3': 0.6133953158879926, 'Bleu_4': 0.49083977189664446, 'METEOR': 0.32389637290024426, 'ROUGE_L': 0.6622305201334603, 'CIDEr': 0.6357612560526954}


[EPOCH 13 TRAIN]
time: 112.87 seconds | lr: 0.000100
loss:2.229556 = (1-reg):0.40 * r2l_loss:2.209241 + (reg):0.60 * l2r_loss:2.243099
{'testlen': 3126, 'reflen': 3300, 'guess': [3126, 2629, 2132, 1635], 'correct': [2691, 1632, 868, 394]}
ratio: 0.9472727272724403
{'testlen': 3284, 'reflen': 3398, 'guess': [3284, 2787, 2290, 1793], 'correct': [2917, 1906, 1037, 480]}
ratio: 0.9664508534429175
[EPOCH 13 VAL]
time: 78.39 seconds
loss:2.794406 = (1-reg):0.40 * r2l_loss:2.798142 + (reg):0.60 * l2r_loss:2.791915
r2l_scores: {'Bleu_1': 0.8142372053593984, 'Bleu_2': 0.691438193067121, 'Bleu_3': 0.5688815181215159, 'Bleu_4': 0.4526031157780736, 'METEOR': 0.29783663537691707, 'ROUGE_L': 0.6255044574713678, 'CIDEr': 0.612998875866516}
l2r_scores: {'Bleu_1': 0.8579407271913834, 'Bleu_2': 0.7528069295719511, 'Bleu_3': 0.628171407547924, 'Bleu_4': 0.5031585553337901, 'METEOR': 0.3210575122430664, 'ROUGE_L': 0.66234352598666, 'CIDEr': 0.6432755369223415}


[EPOCH 14 TRAIN]
time: 113.13 seconds | lr: 0.000100
loss:2.192627 = (1-reg):0.40 * r2l_loss:2.172007 + (reg):0.60 * l2r_loss:2.206373
{'testlen': 3254, 'reflen': 3390, 'guess': [3254, 2757, 2260, 1763], 'correct': [2835, 1708, 898, 407]}
ratio: 0.9598820058994219
{'testlen': 3362, 'reflen': 3462, 'guess': [3362, 2865, 2368, 1871], 'correct': [2978, 1899, 1017, 465]}
ratio: 0.9711149624491707
[EPOCH 14 VAL]
time: 99.86 seconds
loss:2.793739 = (1-reg):0.40 * r2l_loss:2.798104 + (reg):0.60 * l2r_loss:2.790829
r2l_scores: {'Bleu_1': 0.8355728129295782, 'Bleu_2': 0.704599115537483, 'Bleu_3': 0.5740727826739052, 'Bleu_4': 0.4524003565992738, 'METEOR': 0.3027404517562293, 'ROUGE_L': 0.628202631634751, 'CIDEr': 0.633479124277391}
l2r_scores: {'Bleu_1': 0.8598233647924057, 'Bleu_2': 0.743782437660459, 'Bleu_3': 0.6132503207030732, 'Bleu_4': 0.48567270191264095, 'METEOR': 0.31743947560207847, 'ROUGE_L': 0.6509086538886532, 'CIDEr': 0.622127325635769}


[EPOCH 15 TRAIN]
time: 120.10 seconds | lr: 0.000100
loss:2.157801 = (1-reg):0.40 * r2l_loss:2.137539 + (reg):0.60 * l2r_loss:2.171309
{'testlen': 3255, 'reflen': 3401, 'guess': [3255, 2758, 2261, 1764], 'correct': [2852, 1759, 939, 426]}
ratio: 0.9570714495733734
{'testlen': 3450, 'reflen': 3540, 'guess': [3450, 2953, 2456, 1959], 'correct': [3013, 1947, 1061, 475]}
ratio: 0.9745762711861654
[EPOCH 15 VAL]
time: 88.56 seconds
loss:2.792524 = (1-reg):0.40 * r2l_loss:2.798060 + (reg):0.60 * l2r_loss:2.788833
r2l_scores: {'Bleu_1': 0.8377581334150249, 'Bleu_2': 0.7147516680543802, 'Bleu_3': 0.5875775173400297, 'Bleu_4': 0.4652181641600484, 'METEOR': 0.30709665794571145, 'ROUGE_L': 0.6448710369468201, 'CIDEr': 0.6077150214759521}
l2r_scores: {'Bleu_1': 0.8508453218245241, 'Bleu_2': 0.7392849230642148, 'Bleu_3': 0.6127177093823, 'Bleu_4': 0.4828116743797976, 'METEOR': 0.31989212076269824, 'ROUGE_L': 0.6559972264905228, 'CIDEr': 0.6156258556908949}


[EPOCH 16 TRAIN]
time: 113.73 seconds | lr: 0.000100
loss:2.125322 = (1-reg):0.40 * r2l_loss:2.105360 + (reg):0.60 * l2r_loss:2.138629
{'testlen': 3231, 'reflen': 3366, 'guess': [3231, 2734, 2237, 1740], 'correct': [2802, 1710, 890, 403]}
ratio: 0.9598930481280571
{'testlen': 3419, 'reflen': 3513, 'guess': [3419, 2922, 2425, 1928], 'correct': [2959, 1869, 1004, 472]}
ratio: 0.973242243096791
[EPOCH 16 VAL]
time: 82.07 seconds
loss:2.798610 = (1-reg):0.40 * r2l_loss:2.799474 + (reg):0.60 * l2r_loss:2.798034
r2l_scores: {'Bleu_1': 0.8317353574615607, 'Bleu_2': 0.7063474433435616, 'Bleu_3': 0.5752698187209759, 'Bleu_4': 0.4534779131314933, 'METEOR': 0.3033329202927063, 'ROUGE_L': 0.6273626687704058, 'CIDEr': 0.6044214640048154}
l2r_scores: {'Bleu_1': 0.8419874613423605, 'Bleu_2': 0.7238477634560595, 'Bleu_3': 0.5953770197103377, 'Bleu_4': 0.4734975465789691, 'METEOR': 0.32406836998136673, 'ROUGE_L': 0.654888288662265, 'CIDEr': 0.6310061726686311}



[BEST: 9 | SEED: 904666 | VAL-CIDEr: 0.6525999110693054]
{'testlen': 18604, 'reflen': 19968, 'guess': [18604, 15614, 12624, 9639], 'correct': [16279, 10084, 5358, 2474]}
ratio: 0.9316907051281584
{'testlen': 18870, 'reflen': 20069, 'guess': [18870, 15880, 12890, 9900], 'correct': [16838, 10835, 5915, 2808]}
ratio: 0.9402561163983786
time: 407.26 seconds
r2l_scores: {'Bleu_1': 0.8131674347386894, 'Bleu_2': 0.698600050606954, 'Bleu_3': 0.5773960982954465, 'Bleu_4': 0.4628997633886488, 'METEOR': 0.30103512121076265, 'ROUGE_L': 0.6352632077153576, 'CIDEr': 0.6217105561937131}
l2r_scores: {'Bleu_1': 0.8373818221970939, 'Bleu_2': 0.7322399763185102, 'Bleu_3': 0.6134858385139609, 'Bleu_4': 0.49790342620443345, 'METEOR': 0.3131847779644973, 'ROUGE_L': 0.6595685113341403, 'CIDEr': 0.6340616010998391}
----------------------------------------------------------------
>> [Train time] Total: 2005.67 seconds => Per epoch: 125.35 seconds
>> [Val time] Total: 1483.00 seconds => Per epoch: 92.69 seconds
Finish!
