Found 1 CUDA device(s)

Device 0: NVIDIA A100-SXM4-40GB
  Total memory bytes: 42296475648
  MultiProcessor count: 108
  Major.Minor: 8.0
  Max threads per block: 2048
  Memory reserved bytes: 0
  Memory allocated bytes: 0
  Free inside reserved bytes: 0
  Active allocations: 0
========================================
MODEL ID: MSRVTT = FEAT newBlip2ClsKF+newMViTv2+newImgCapBlip2KF fsl-13 mcl-20 = Transformer d-512 N_enc-0 N_dec-6 h-4 h_big-4 dp-0.1 = OPTIM lr-0.0001 warmup-3 gamma-0.5 pat-3 wd-5e-06 rg-0.5 = bs-64-gc-5.0-ls-0.15 = 1764698845
Enter the load_video_feats method.
Enter the load_video_feats method.
Enter the load_video_feats method.
#vocabs: 10444 (23046), #words: 1178850 (1194458). Trim words which appear less than 3 times.
{'Total': 81515416, 'Trainable': 81515416}


[EPOCH 1 TRAIN]
time: 333.61 seconds | lr: 0.000033
loss:4.066391 = (1-reg):0.50 * r2l_loss:4.034114 + (reg):0.50 * l2r_loss:4.098667
{'testlen': 3020, 'reflen': 3297, 'guess': [3020, 2523, 2026, 1540], 'correct': [2568, 1475, 711, 287]}
ratio: 0.9159842280858611
{'testlen': 3131, 'reflen': 3337, 'guess': [3131, 2634, 2137, 1640], 'correct': [2665, 1540, 764, 327]}
ratio: 0.9382679053038843
[EPOCH 1 VAL]
time: 116.29 seconds
loss:3.863389 = (1-reg):0.50 * r2l_loss:3.762765 + (reg):0.50 * l2r_loss:3.964013
r2l_scores: {'Bleu_1': 0.775807156099023, 'Bleu_2': 0.6432756731356057, 'Bleu_3': 0.5097963324733588, 'Bleu_4': 0.38741751424003634, 'METEOR': 0.27290894247106967, 'ROUGE_L': 0.5902762133552207, 'CIDEr': 0.42175903795768976}
l2r_scores: {'Bleu_1': 0.7969669565254499, 'Bleu_2': 0.6605196125614512, 'Bleu_3': 0.526617734353624, 'Bleu_4': 0.4063536160095161, 'METEOR': 0.2737297733981148, 'ROUGE_L': 0.6052950278543219, 'CIDEr': 0.38721612194726507}
>> Saving checkpoint to 1.ckpt
>> New best model at epoch 1 | CIDEr: 0.38721612194726507


[EPOCH 2 TRAIN]
time: 331.29 seconds | lr: 0.000056
loss:3.364764 = (1-reg):0.50 * r2l_loss:3.324983 + (reg):0.50 * l2r_loss:3.404545
{'testlen': 2986, 'reflen': 3245, 'guess': [2986, 2489, 1992, 1495], 'correct': [2552, 1517, 749, 291]}
ratio: 0.9201848998456332
{'testlen': 3229, 'reflen': 3402, 'guess': [3229, 2732, 2235, 1738], 'correct': [2797, 1755, 939, 425]}
ratio: 0.9491475602583924
[EPOCH 2 VAL]
time: 120.86 seconds
loss:3.483546 = (1-reg):0.50 * r2l_loss:3.413232 + (reg):0.50 * l2r_loss:3.553860
r2l_scores: {'Bleu_1': 0.7836479171091861, 'Bleu_2': 0.6617681972912061, 'Bleu_3': 0.5324900067294599, 'Bleu_4': 0.4051623436522309, 'METEOR': 0.2799946990654339, 'ROUGE_L': 0.6189979413131002, 'CIDEr': 0.5283181512774281}
l2r_scores: {'Bleu_1': 0.82102473969874, 'Bleu_2': 0.7070371701592081, 'Bleu_3': 0.58389504941649, 'Bleu_4': 0.4634670247206517, 'METEOR': 0.3039025611100328, 'ROUGE_L': 0.6359277256781432, 'CIDEr': 0.5240686930613669}
>> Saving checkpoint to 2.ckpt
>> New best model at epoch 2 | CIDEr: 0.5240686930613669


[EPOCH 3 TRAIN]
time: 331.33 seconds | lr: 0.000078
loss:3.070667 = (1-reg):0.50 * r2l_loss:3.034180 + (reg):0.50 * l2r_loss:3.107154
{'testlen': 2976, 'reflen': 3216, 'guess': [2976, 2479, 1982, 1485], 'correct': [2568, 1565, 806, 331]}
ratio: 0.9253731343280704
{'testlen': 3171, 'reflen': 3356, 'guess': [3171, 2674, 2177, 1680], 'correct': [2732, 1730, 939, 440]}
ratio: 0.9448748510128293
[EPOCH 3 VAL]
time: 121.21 seconds
loss:3.253875 = (1-reg):0.50 * r2l_loss:3.202707 + (reg):0.50 * l2r_loss:3.305042
r2l_scores: {'Bleu_1': 0.7960463291082686, 'Bleu_2': 0.6808888231864282, 'Bleu_3': 0.5581959544004615, 'Bleu_4': 0.4348700129286775, 'METEOR': 0.2957722117450733, 'ROUGE_L': 0.629901868516469, 'CIDEr': 0.5852923588415164}
l2r_scores: {'Bleu_1': 0.8127316716117535, 'Bleu_2': 0.7042831659800678, 'Bleu_3': 0.5865722367666725, 'Bleu_4': 0.4725444416049335, 'METEOR': 0.30696037821509803, 'ROUGE_L': 0.6395947239180306, 'CIDEr': 0.5522170574227813}
>> Saving checkpoint to 3.ckpt
>> New best model at epoch 3 | CIDEr: 0.5522170574227813


[EPOCH 4 TRAIN]
time: 333.34 seconds | lr: 0.000100
loss:2.877983 = (1-reg):0.50 * r2l_loss:2.844988 + (reg):0.50 * l2r_loss:2.910978
{'testlen': 3131, 'reflen': 3338, 'guess': [3131, 2634, 2137, 1640], 'correct': [2680, 1667, 868, 370]}
ratio: 0.9379868184538832
{'testlen': 3332, 'reflen': 3463, 'guess': [3332, 2835, 2338, 1841], 'correct': [2894, 1840, 1011, 479]}
ratio: 0.9621715275769673
[EPOCH 4 VAL]
time: 124.47 seconds
loss:3.143836 = (1-reg):0.50 * r2l_loss:3.103172 + (reg):0.50 * l2r_loss:3.184500
r2l_scores: {'Bleu_1': 0.8011967667231722, 'Bleu_2': 0.6889270534799816, 'Bleu_3': 0.5650883854771382, 'Bleu_4': 0.4418233052434665, 'METEOR': 0.2994715078318026, 'ROUGE_L': 0.6418978290499504, 'CIDEr': 0.6252825421341096}
l2r_scores: {'Bleu_1': 0.835062403338685, 'Bleu_2': 0.721862604179935, 'Bleu_3': 0.6005931545522681, 'Bleu_4': 0.48248860820811657, 'METEOR': 0.31367623566794867, 'ROUGE_L': 0.64893719473604, 'CIDEr': 0.5784913586900682}
>> Saving checkpoint to 4.ckpt
>> New best model at epoch 4 | CIDEr: 0.5784913586900682


[EPOCH 5 TRAIN]
time: 337.03 seconds | lr: 0.000100
loss:2.728324 = (1-reg):0.50 * r2l_loss:2.697355 + (reg):0.50 * l2r_loss:2.759294
{'testlen': 3066, 'reflen': 3285, 'guess': [3066, 2569, 2072, 1575], 'correct': [2656, 1639, 854, 356]}
ratio: 0.9333333333330492
{'testlen': 3169, 'reflen': 3343, 'guess': [3169, 2672, 2175, 1678], 'correct': [2787, 1792, 995, 480]}
ratio: 0.9479509422671409
[EPOCH 5 VAL]
time: 119.62 seconds
loss:3.051454 = (1-reg):0.50 * r2l_loss:3.015894 + (reg):0.50 * l2r_loss:3.087014
r2l_scores: {'Bleu_1': 0.8065566676100038, 'Bleu_2': 0.6921725151878452, 'Bleu_3': 0.568624099335811, 'Bleu_4': 0.44351268716561304, 'METEOR': 0.297714308537288, 'ROUGE_L': 0.6333108360728769, 'CIDEr': 0.6253499436767809}
l2r_scores: {'Bleu_1': 0.8324707083539387, 'Bleu_2': 0.7269631086560343, 'Bleu_3': 0.6116658938662154, 'Bleu_4': 0.4989265061196166, 'METEOR': 0.3204019389228956, 'ROUGE_L': 0.6564912464885355, 'CIDEr': 0.6085500040352781}
>> Saving checkpoint to 5.ckpt
>> New best model at epoch 5 | CIDEr: 0.6085500040352781


[EPOCH 6 TRAIN]
time: 332.50 seconds | lr: 0.000100
loss:2.619096 = (1-reg):0.50 * r2l_loss:2.589190 + (reg):0.50 * l2r_loss:2.649002
{'testlen': 3316, 'reflen': 3462, 'guess': [3316, 2819, 2322, 1825], 'correct': [2820, 1723, 930, 416]}
ratio: 0.957827845175922
{'testlen': 3279, 'reflen': 3416, 'guess': [3279, 2782, 2285, 1788], 'correct': [2907, 1881, 1052, 515]}
ratio: 0.9598946135828572
[EPOCH 6 VAL]
time: 123.98 seconds
loss:2.988248 = (1-reg):0.50 * r2l_loss:2.960404 + (reg):0.50 * l2r_loss:3.016093
r2l_scores: {'Bleu_1': 0.8137913253842732, 'Bleu_2': 0.6899074961022725, 'Bleu_3': 0.5671443938030912, 'Bleu_4': 0.4466295622535775, 'METEOR': 0.30406527363073643, 'ROUGE_L': 0.6343627051463542, 'CIDEr': 0.6218407005717228}
l2r_scores: {'Bleu_1': 0.8502729128511478, 'Bleu_2': 0.7425443046398824, 'Bleu_3': 0.6244193252949735, 'Bleu_4': 0.5092497947367977, 'METEOR': 0.3218650741173784, 'ROUGE_L': 0.6587136156195107, 'CIDEr': 0.6290627152636789}
>> Saving checkpoint to 6.ckpt
>> New best model at epoch 6 | CIDEr: 0.6290627152636789


[EPOCH 7 TRAIN]
time: 331.15 seconds | lr: 0.000100
loss:2.532392 = (1-reg):0.50 * r2l_loss:2.502945 + (reg):0.50 * l2r_loss:2.561838
{'testlen': 3158, 'reflen': 3327, 'guess': [3158, 2661, 2164, 1667], 'correct': [2685, 1613, 832, 361]}
ratio: 0.9492034866243014
{'testlen': 3267, 'reflen': 3411, 'guess': [3267, 2770, 2273, 1776], 'correct': [2915, 1887, 1046, 508]}
ratio: 0.957783641160669
[EPOCH 7 VAL]
time: 123.77 seconds
loss:2.957562 = (1-reg):0.50 * r2l_loss:2.933033 + (reg):0.50 * l2r_loss:2.982090
r2l_scores: {'Bleu_1': 0.8059181675610689, 'Bleu_2': 0.6804866512320834, 'Bleu_3': 0.5526133309163789, 'Bleu_4': 0.43141835047116817, 'METEOR': 0.29276976953435474, 'ROUGE_L': 0.622929124450405, 'CIDEr': 0.6177746086842717}
l2r_scores: {'Bleu_1': 0.8537819481736015, 'Bleu_2': 0.7460163080939844, 'Bleu_3': 0.6257902777352469, 'Bleu_4': 0.5089102315082148, 'METEOR': 0.32439546309830697, 'ROUGE_L': 0.6608533525856753, 'CIDEr': 0.6424527828147247}
>> Saving checkpoint to 7.ckpt
>> New best model at epoch 7 | CIDEr: 0.6424527828147247


[EPOCH 8 TRAIN]
time: 328.15 seconds | lr: 0.000100
loss:2.460031 = (1-reg):0.50 * r2l_loss:2.430905 + (reg):0.50 * l2r_loss:2.489158
{'testlen': 3131, 'reflen': 3329, 'guess': [3131, 2634, 2137, 1640], 'correct': [2709, 1657, 888, 387]}
ratio: 0.9405226794830458
{'testlen': 3205, 'reflen': 3365, 'guess': [3205, 2708, 2211, 1714], 'correct': [2822, 1798, 971, 447]}
ratio: 0.9524517087664331
[EPOCH 8 VAL]
time: 122.31 seconds
loss:2.927440 = (1-reg):0.50 * r2l_loss:2.895865 + (reg):0.50 * l2r_loss:2.959014
r2l_scores: {'Bleu_1': 0.8121977279266999, 'Bleu_2': 0.692551653381068, 'Bleu_3': 0.5719387726966478, 'Bleu_4': 0.4511935595343541, 'METEOR': 0.2973660464110694, 'ROUGE_L': 0.6321199408064094, 'CIDEr': 0.6322476425039727}
l2r_scores: {'Bleu_1': 0.8376221008728949, 'Bleu_2': 0.7273679380620367, 'Bleu_3': 0.6046248356158959, 'Bleu_4': 0.4839142946360155, 'METEOR': 0.3186430459769852, 'ROUGE_L': 0.653330130228504, 'CIDEr': 0.6300062819349813}


[EPOCH 9 TRAIN]
time: 321.05 seconds | lr: 0.000100
loss:2.397715 = (1-reg):0.50 * r2l_loss:2.368183 + (reg):0.50 * l2r_loss:2.427248
{'testlen': 3338, 'reflen': 3478, 'guess': [3338, 2841, 2344, 1847], 'correct': [2859, 1699, 901, 388]}
ratio: 0.9597469810233008
{'testlen': 3399, 'reflen': 3510, 'guess': [3399, 2902, 2405, 1908], 'correct': [2947, 1887, 1038, 480]}
ratio: 0.9683760683757925
[EPOCH 9 VAL]
time: 125.98 seconds
loss:2.900350 = (1-reg):0.50 * r2l_loss:2.890232 + (reg):0.50 * l2r_loss:2.910468
r2l_scores: {'Bleu_1': 0.8213210535816421, 'Bleu_2': 0.686293865068974, 'Bleu_3': 0.5578586649731749, 'Bleu_4': 0.43244474904556574, 'METEOR': 0.2988530251818276, 'ROUGE_L': 0.624770436370239, 'CIDEr': 0.6170384608249818}
l2r_scores: {'Bleu_1': 0.8391630686414735, 'Bleu_2': 0.7267233638658199, 'Bleu_3': 0.6042444032956039, 'Bleu_4': 0.4814260008365753, 'METEOR': 0.31709377021825874, 'ROUGE_L': 0.6468693729823203, 'CIDEr': 0.6163777580933248}


[EPOCH 10 TRAIN]
time: 331.24 seconds | lr: 0.000100
loss:2.344095 = (1-reg):0.50 * r2l_loss:2.314674 + (reg):0.50 * l2r_loss:2.373515
{'testlen': 3303, 'reflen': 3467, 'guess': [3303, 2806, 2309, 1812], 'correct': [2799, 1696, 897, 386]}
ratio: 0.9526968560712568
{'testlen': 3434, 'reflen': 3530, 'guess': [3434, 2937, 2440, 1943], 'correct': [2992, 1901, 1037, 490]}
ratio: 0.9728045325776281
[EPOCH 10 VAL]
time: 124.28 seconds
loss:2.890724 = (1-reg):0.50 * r2l_loss:2.880186 + (reg):0.50 * l2r_loss:2.901262
r2l_scores: {'Bleu_1': 0.8063634016576327, 'Bleu_2': 0.6810088197363714, 'Bleu_3': 0.5555248475557925, 'Bleu_4': 0.4317616009033918, 'METEOR': 0.29723770152101386, 'ROUGE_L': 0.6239949185376554, 'CIDEr': 0.6277183629543946}
l2r_scores: {'Bleu_1': 0.8472669700631671, 'Bleu_2': 0.7302620166743721, 'Bleu_3': 0.604043818116758, 'Bleu_4': 0.4821663492238109, 'METEOR': 0.3213590090659609, 'ROUGE_L': 0.6501895738329122, 'CIDEr': 0.6269041530792199}


[EPOCH 11 TRAIN]
time: 329.90 seconds | lr: 0.000100
loss:2.295248 = (1-reg):0.50 * r2l_loss:2.265673 + (reg):0.50 * l2r_loss:2.324823
{'testlen': 3263, 'reflen': 3416, 'guess': [3263, 2766, 2269, 1772], 'correct': [2783, 1683, 898, 398]}
ratio: 0.955210772833444
{'testlen': 3480, 'reflen': 3567, 'guess': [3480, 2983, 2486, 1989], 'correct': [3042, 1916, 1035, 468]}
ratio: 0.9756097560972875
[EPOCH 11 VAL]
time: 126.09 seconds
loss:2.876030 = (1-reg):0.50 * r2l_loss:2.872064 + (reg):0.50 * l2r_loss:2.879995
r2l_scores: {'Bleu_1': 0.8138274602986239, 'Bleu_2': 0.6873853051952663, 'Bleu_3': 0.562979842352857, 'Bleu_4': 0.44221505543229406, 'METEOR': 0.30230219945955755, 'ROUGE_L': 0.6203851354976665, 'CIDEr': 0.6172723157486872}
l2r_scores: {'Bleu_1': 0.8525553886173802, 'Bleu_2': 0.7308087634488367, 'Bleu_3': 0.6007998084029755, 'Bleu_4': 0.472319380410667, 'METEOR': 0.32494919940933864, 'ROUGE_L': 0.6531550683761275, 'CIDEr': 0.6261690298360972}


[EPOCH 12 TRAIN]
time: 332.81 seconds | lr: 0.000100
loss:2.252180 = (1-reg):0.50 * r2l_loss:2.222582 + (reg):0.50 * l2r_loss:2.281778
{'testlen': 3290, 'reflen': 3427, 'guess': [3290, 2793, 2296, 1800], 'correct': [2808, 1692, 890, 388]}
ratio: 0.9600233440324015
{'testlen': 3395, 'reflen': 3503, 'guess': [3395, 2898, 2401, 1904], 'correct': [2948, 1828, 969, 453]}
ratio: 0.9691692834710336
[EPOCH 12 VAL]
time: 124.64 seconds
loss:2.864761 = (1-reg):0.50 * r2l_loss:2.865066 + (reg):0.50 * l2r_loss:2.864456
r2l_scores: {'Bleu_1': 0.8186845648664255, 'Bleu_2': 0.6897325332002786, 'Bleu_3': 0.5613473120691541, 'Bleu_4': 0.4373130021432913, 'METEOR': 0.2988361003409072, 'ROUGE_L': 0.6175304298623203, 'CIDEr': 0.6011484745552408}
l2r_scores: {'Bleu_1': 0.8411474779427036, 'Bleu_2': 0.7169142319440395, 'Bleu_3': 0.5857111466275642, 'Bleu_4': 0.4638916367956997, 'METEOR': 0.3174119152376678, 'ROUGE_L': 0.6433708305334577, 'CIDEr': 0.6296081045817348}


[EPOCH 13 TRAIN]
time: 331.23 seconds | lr: 0.000100
loss:2.211374 = (1-reg):0.50 * r2l_loss:2.182713 + (reg):0.50 * l2r_loss:2.240035
{'testlen': 3360, 'reflen': 3469, 'guess': [3360, 2863, 2366, 1869], 'correct': [2799, 1677, 877, 384]}
ratio: 0.9685788411643216
{'testlen': 3518, 'reflen': 3583, 'guess': [3518, 3021, 2524, 2027], 'correct': [2996, 1850, 977, 452]}
ratio: 0.9818587775604293
[EPOCH 13 VAL]
time: 127.21 seconds
loss:2.858941 = (1-reg):0.50 * r2l_loss:2.853700 + (reg):0.50 * l2r_loss:2.864181
r2l_scores: {'Bleu_1': 0.8064452742056191, 'Bleu_2': 0.6762370291570836, 'Bleu_3': 0.5474754843052141, 'Bleu_4': 0.4250419625037251, 'METEOR': 0.2984718498565193, 'ROUGE_L': 0.6197518792763164, 'CIDEr': 0.6162955180385267}
l2r_scores: {'Bleu_1': 0.8360298274964356, 'Bleu_2': 0.708939683265348, 'Bleu_3': 0.575881590050774, 'Bleu_4': 0.45218381900661253, 'METEOR': 0.31572106406664974, 'ROUGE_L': 0.6454513470681505, 'CIDEr': 0.5944388295901264}


[EPOCH 14 TRAIN]
time: 331.80 seconds | lr: 0.000100
loss:2.174560 = (1-reg):0.50 * r2l_loss:2.145314 + (reg):0.50 * l2r_loss:2.203807
{'testlen': 3312, 'reflen': 3436, 'guess': [3312, 2815, 2318, 1821], 'correct': [2785, 1687, 904, 400]}
ratio: 0.963911525028823
{'testlen': 3452, 'reflen': 3528, 'guess': [3452, 2955, 2458, 1961], 'correct': [2952, 1858, 1009, 484]}
ratio: 0.978458049886344
[EPOCH 14 VAL]
time: 126.24 seconds
loss:2.850871 = (1-reg):0.50 * r2l_loss:2.850714 + (reg):0.50 * l2r_loss:2.851029
r2l_scores: {'Bleu_1': 0.8099814144754438, 'Bleu_2': 0.6837950613844372, 'Bleu_3': 0.5600356844298592, 'Bleu_4': 0.43907057406831534, 'METEOR': 0.2970409837666002, 'ROUGE_L': 0.6156595480114211, 'CIDEr': 0.6106299229929297}
l2r_scores: {'Bleu_1': 0.8365348573399499, 'Bleu_2': 0.7173074993351976, 'Bleu_3': 0.5911796855112977, 'Bleu_4': 0.4725972472068604, 'METEOR': 0.3178683988930793, 'ROUGE_L': 0.6375031045251882, 'CIDEr': 0.6088799655289566}


[EPOCH 15 TRAIN]
time: 332.28 seconds | lr: 0.000100
loss:2.139528 = (1-reg):0.50 * r2l_loss:2.110586 + (reg):0.50 * l2r_loss:2.168470
{'testlen': 3285, 'reflen': 3426, 'guess': [3285, 2788, 2291, 1794], 'correct': [2767, 1638, 863, 384]}
ratio: 0.958844133099545
{'testlen': 3539, 'reflen': 3613, 'guess': [3539, 3042, 2545, 2048], 'correct': [3042, 1889, 1023, 486]}
ratio: 0.9795184057567176
[EPOCH 15 VAL]
time: 124.81 seconds
loss:2.854618 = (1-reg):0.50 * r2l_loss:2.849542 + (reg):0.50 * l2r_loss:2.859695
r2l_scores: {'Bleu_1': 0.8069243756601276, 'Bleu_2': 0.6739171464583464, 'Bleu_3': 0.5472501923544973, 'Bleu_4': 0.4281603048724294, 'METEOR': 0.293865884707149, 'ROUGE_L': 0.6158834781055156, 'CIDEr': 0.611372791026236}
l2r_scores: {'Bleu_1': 0.8417780744058768, 'Bleu_2': 0.7154753242760047, 'Bleu_3': 0.5862714018685465, 'Bleu_4': 0.4651899807513412, 'METEOR': 0.3118558300178793, 'ROUGE_L': 0.6420165247457016, 'CIDEr': 0.6165744288370805}


[EPOCH 16 TRAIN]
time: 332.78 seconds | lr: 0.000100
loss:2.107828 = (1-reg):0.50 * r2l_loss:2.078959 + (reg):0.50 * l2r_loss:2.136697
{'testlen': 3378, 'reflen': 3480, 'guess': [3378, 2881, 2384, 1887], 'correct': [2818, 1714, 906, 401]}
ratio: 0.9706896551721349
{'testlen': 3572, 'reflen': 3638, 'guess': [3572, 3075, 2578, 2081], 'correct': [3079, 1925, 1023, 470]}
ratio: 0.9818581638260083
[EPOCH 16 VAL]
time: 128.63 seconds
loss:2.854637 = (1-reg):0.50 * r2l_loss:2.849501 + (reg):0.50 * l2r_loss:2.859773
r2l_scores: {'Bleu_1': 0.8094083042825412, 'Bleu_2': 0.6835350101198315, 'Bleu_3': 0.5564292207012191, 'Bleu_4': 0.43413234362266956, 'METEOR': 0.29770814202977347, 'ROUGE_L': 0.6172732887535605, 'CIDEr': 0.6069444483393471}
l2r_scores: {'Bleu_1': 0.8462014410381166, 'Bleu_2': 0.7211364507887639, 'Bleu_3': 0.5873104292097758, 'Bleu_4': 0.4603637399804171, 'METEOR': 0.31964933202468476, 'ROUGE_L': 0.6425946161555983, 'CIDEr': 0.6079967499085707}



[BEST: 7 | SEED: 904666 | VAL-CIDEr: 0.6424527828147247]
{'testlen': 19185, 'reflen': 20385, 'guess': [19185, 16195, 13205, 10221], 'correct': [16194, 9703, 5076, 2288]}
ratio: 0.9411331861662525
{'testlen': 19785, 'reflen': 20807, 'guess': [19785, 16795, 13805, 10815], 'correct': [17360, 11115, 6097, 2912]}
ratio: 0.9508819147401859
time: 654.64 seconds
r2l_scores: {'Bleu_1': 0.7929169539427993, 'Bleu_2': 0.6680270950543554, 'Bleu_3': 0.5441712318235378, 'Bleu_4': 0.4290433599627658, 'METEOR': 0.28998702577942653, 'ROUGE_L': 0.6188327507305098, 'CIDEr': 0.5960917230237298}
l2r_scores: {'Bleu_1': 0.8332590839527363, 'Bleu_2': 0.7236656410365165, 'Bleu_3': 0.6033565434532447, 'Bleu_4': 0.48681430300681017, 'METEOR': 0.31455381480785327, 'ROUGE_L': 0.6531128098514141, 'CIDEr': 0.6222806244644884}
----------------------------------------
>> [Train time] Total: 5301.50 seconds => Per epoch: 331.34 seconds
>> [Val time] Total: 1980.38 seconds => Per epoch: 123.77 seconds
