Found 1 CUDA device(s)

Device 0: NVIDIA A100-SXM4-40GB
  Total memory bytes: 42296475648
  MultiProcessor count: 108
  Major.Minor: 8.0
  Max threads per block: 2048
  Memory reserved bytes: 0
  Memory allocated bytes: 0
  Free inside reserved bytes: 0
  Active allocations: 0
========================================
MODEL ID: MSRVTT = FEAT newBlip2ClsKF+newMViTv2+newImgCapBlip2KF fsl-13 mcl-20 = Transformer d-512 N_enc-0 N_dec-1 h-8 h_big-8 dp-0.1 = OPTIM lr-0.0001 warmup-3 gamma-0.5 pat-3 wd-5e-06 rg-0.5 = bs-64-gc-5.0-ls-0.15 = 1764636699
Enter the load_video_feats method.
Enter the load_video_feats method.
Enter the load_video_feats method.
#vocabs: 10444 (23046), #words: 1178850 (1194458). Trim words which appear less than 3 times.
{'Total': 34181016, 'Trainable': 34181016}


[EPOCH 1 TRAIN]
time: 109.91 seconds | lr: 0.000033
loss:3.884135 = (1-reg):0.50 * r2l_loss:3.906127 + (reg):0.50 * l2r_loss:3.862143
{'testlen': 2722, 'reflen': 3050, 'guess': [2722, 2225, 1728, 1240], 'correct': [2378, 1418, 703, 291]}
ratio: 0.8924590163931501
{'testlen': 3016, 'reflen': 3238, 'guess': [3016, 2519, 2022, 1525], 'correct': [2620, 1614, 825, 354]}
ratio: 0.9314391599750057
[EPOCH 1 VAL]
time: 53.08 seconds
loss:3.384298 = (1-reg):0.50 * r2l_loss:3.390352 + (reg):0.50 * l2r_loss:3.378245
r2l_scores: {'Bleu_1': 0.7744464688288344, 'Bleu_2': 0.6614585689520218, 'Bleu_3': 0.540374506293636, 'Bleu_4': 0.4256531810712421, 'METEOR': 0.2729413907928066, 'ROUGE_L': 0.6058245862114064, 'CIDEr': 0.48403724502924755}
l2r_scores: {'Bleu_1': 0.8070541121996022, 'Bleu_2': 0.6931150979992288, 'Bleu_3': 0.5668116118078832, 'Bleu_4': 0.4451645613812108, 'METEOR': 0.2912847066235837, 'ROUGE_L': 0.6255835027497804, 'CIDEr': 0.4756846971545207}
>> Saving checkpoint to 1.ckpt
>> New best model at epoch 1 | CIDEr: 0.4756846971545207


[EPOCH 2 TRAIN]
time: 103.86 seconds | lr: 0.000056
loss:3.211237 = (1-reg):0.50 * r2l_loss:3.225801 + (reg):0.50 * l2r_loss:3.196673
{'testlen': 2803, 'reflen': 3088, 'guess': [2803, 2306, 1810, 1317], 'correct': [2476, 1518, 774, 327]}
ratio: 0.9077072538857164
{'testlen': 2952, 'reflen': 3183, 'guess': [2952, 2455, 1958, 1461], 'correct': [2644, 1669, 870, 383]}
ratio: 0.9274269557018764
[EPOCH 2 VAL]
time: 53.72 seconds
loss:3.076174 = (1-reg):0.50 * r2l_loss:3.087954 + (reg):0.50 * l2r_loss:3.064393
r2l_scores: {'Bleu_1': 0.7979393457564491, 'Bleu_2': 0.6888304600066313, 'Bleu_3': 0.5680367972210552, 'Bleu_4': 0.4502808024776289, 'METEOR': 0.2912009658919163, 'ROUGE_L': 0.6277521604377383, 'CIDEr': 0.5583933096654426}
l2r_scores: {'Bleu_1': 0.8282485261572243, 'Bleu_2': 0.7215900615112573, 'Bleu_3': 0.5980916534679178, 'Bleu_4': 0.47721802533226754, 'METEOR': 0.30535822369616483, 'ROUGE_L': 0.6418766768732571, 'CIDEr': 0.5508993902895245}
>> Saving checkpoint to 2.ckpt
>> New best model at epoch 2 | CIDEr: 0.5508993902895245


[EPOCH 3 TRAIN]
time: 104.83 seconds | lr: 0.000078
loss:2.938504 = (1-reg):0.50 * r2l_loss:2.951086 + (reg):0.50 * l2r_loss:2.925922
{'testlen': 2956, 'reflen': 3204, 'guess': [2956, 2459, 1962, 1469], 'correct': [2560, 1597, 847, 375]}
ratio: 0.9225967540571403
{'testlen': 3033, 'reflen': 3251, 'guess': [3033, 2536, 2039, 1542], 'correct': [2683, 1723, 932, 433]}
ratio: 0.9329437096275198
[EPOCH 3 VAL]
time: 55.06 seconds
loss:2.933661 = (1-reg):0.50 * r2l_loss:2.955148 + (reg):0.50 * l2r_loss:2.912175
r2l_scores: {'Bleu_1': 0.7963417087393262, 'Bleu_2': 0.6896121246621001, 'Bleu_3': 0.5736575368876224, 'Bleu_4': 0.45881000279137135, 'METEOR': 0.2935254093258582, 'ROUGE_L': 0.6287593884860285, 'CIDEr': 0.6019114985092517}
l2r_scores: {'Bleu_1': 0.8232521981866696, 'Bleu_2': 0.7214841288256779, 'Bleu_3': 0.604986423886111, 'Bleu_4': 0.4904630128227128, 'METEOR': 0.3103946407584261, 'ROUGE_L': 0.6419991668660586, 'CIDEr': 0.5943323301917325}
>> Saving checkpoint to 3.ckpt
>> New best model at epoch 3 | CIDEr: 0.5943323301917325


[EPOCH 4 TRAIN]
time: 106.46 seconds | lr: 0.000100
loss:2.758141 = (1-reg):0.50 * r2l_loss:2.768376 + (reg):0.50 * l2r_loss:2.747907
{'testlen': 3051, 'reflen': 3267, 'guess': [3051, 2554, 2057, 1566], 'correct': [2631, 1617, 852, 371]}
ratio: 0.9338842975203753
{'testlen': 3270, 'reflen': 3422, 'guess': [3270, 2773, 2276, 1779], 'correct': [2906, 1854, 1002, 464]}
ratio: 0.955581531267985
[EPOCH 4 VAL]
time: 56.53 seconds
loss:2.857982 = (1-reg):0.50 * r2l_loss:2.878900 + (reg):0.50 * l2r_loss:2.837064
r2l_scores: {'Bleu_1': 0.8034005569194282, 'Bleu_2': 0.6883944681232586, 'Bleu_3': 0.5676027769027967, 'Bleu_4': 0.44822109640673247, 'METEOR': 0.2983849046526521, 'ROUGE_L': 0.6328547993919827, 'CIDEr': 0.6264480303594069}
l2r_scores: {'Bleu_1': 0.848321489389656, 'Bleu_2': 0.7358113286532314, 'Bleu_3': 0.6104925076145684, 'Bleu_4': 0.48786416001579647, 'METEOR': 0.3185283626444917, 'ROUGE_L': 0.6530545878621586, 'CIDEr': 0.6132032510549463}
>> Saving checkpoint to 4.ckpt
>> New best model at epoch 4 | CIDEr: 0.6132032510549463


[EPOCH 5 TRAIN]
time: 106.94 seconds | lr: 0.000100
loss:2.614890 = (1-reg):0.50 * r2l_loss:2.623336 + (reg):0.50 * l2r_loss:2.606444
{'testlen': 3010, 'reflen': 3244, 'guess': [3010, 2513, 2016, 1522], 'correct': [2651, 1652, 872, 388]}
ratio: 0.9278668310724637
{'testlen': 3311, 'reflen': 3420, 'guess': [3311, 2814, 2317, 1820], 'correct': [2899, 1833, 984, 442]}
ratio: 0.9681286549704772
[EPOCH 5 VAL]
time: 56.02 seconds
loss:2.823510 = (1-reg):0.50 * r2l_loss:2.845474 + (reg):0.50 * l2r_loss:2.801547
r2l_scores: {'Bleu_1': 0.8148558804010763, 'Bleu_2': 0.70399239091185, 'Bleu_3': 0.5831762376696034, 'Bleu_4': 0.46506486033173305, 'METEOR': 0.3043666960412321, 'ROUGE_L': 0.6370466595943476, 'CIDEr': 0.6136016529424982}
l2r_scores: {'Bleu_1': 0.8472114442789438, 'Bleu_2': 0.730746059774289, 'Bleu_3': 0.6031633381376242, 'Bleu_4': 0.47652930904617663, 'METEOR': 0.32180477021973075, 'ROUGE_L': 0.6485433582736769, 'CIDEr': 0.6337731465156597}
>> Saving checkpoint to 5.ckpt
>> New best model at epoch 5 | CIDEr: 0.6337731465156597


[EPOCH 6 TRAIN]
time: 105.50 seconds | lr: 0.000100
loss:2.508624 = (1-reg):0.50 * r2l_loss:2.515750 + (reg):0.50 * l2r_loss:2.501498
{'testlen': 3024, 'reflen': 3243, 'guess': [3024, 2527, 2030, 1539], 'correct': [2593, 1546, 795, 354]}
ratio: 0.9324699352448559
{'testlen': 3300, 'reflen': 3424, 'guess': [3300, 2803, 2306, 1809], 'correct': [2877, 1830, 982, 460]}
ratio: 0.9637850467286905
[EPOCH 6 VAL]
time: 56.13 seconds
loss:2.804533 = (1-reg):0.50 * r2l_loss:2.828603 + (reg):0.50 * l2r_loss:2.780463
r2l_scores: {'Bleu_1': 0.7975700695467903, 'Bleu_2': 0.6736907845836528, 'Bleu_3': 0.5488413290433338, 'Bleu_4': 0.43367390991206656, 'METEOR': 0.28853303957621274, 'ROUGE_L': 0.6110614388680614, 'CIDEr': 0.5906871003859723}
l2r_scores: {'Bleu_1': 0.839666792464066, 'Bleu_2': 0.7266211131247369, 'Bleu_3': 0.6005047155348671, 'Bleu_4': 0.479885244807144, 'METEOR': 0.32046069181165704, 'ROUGE_L': 0.6552012573179338, 'CIDEr': 0.6197998705641938}


[EPOCH 7 TRAIN]
time: 105.26 seconds | lr: 0.000100
loss:2.423338 = (1-reg):0.50 * r2l_loss:2.429380 + (reg):0.50 * l2r_loss:2.417296
{'testlen': 2978, 'reflen': 3189, 'guess': [2978, 2481, 1984, 1491], 'correct': [2608, 1595, 833, 379]}
ratio: 0.9338350580116231
{'testlen': 3262, 'reflen': 3404, 'guess': [3262, 2765, 2268, 1771], 'correct': [2889, 1865, 1012, 464]}
ratio: 0.958284371327568
[EPOCH 7 VAL]
time: 54.71 seconds
loss:2.800261 = (1-reg):0.50 * r2l_loss:2.825025 + (reg):0.50 * l2r_loss:2.775498
r2l_scores: {'Bleu_1': 0.8158528985759577, 'Bleu_2': 0.6990164168988938, 'Bleu_3': 0.5760175080235695, 'Bleu_4': 0.4612372736862172, 'METEOR': 0.2958174717920716, 'ROUGE_L': 0.6239036049776171, 'CIDEr': 0.6057771042340342}
l2r_scores: {'Bleu_1': 0.8479262142820867, 'Bleu_2': 0.7399768270898538, 'Bleu_3': 0.6161541711518879, 'Bleu_4': 0.49217043148912176, 'METEOR': 0.323689937592241, 'ROUGE_L': 0.6549485347879805, 'CIDEr': 0.6212530854861686}


[EPOCH 8 TRAIN]
time: 103.75 seconds | lr: 0.000100
loss:2.351980 = (1-reg):0.50 * r2l_loss:2.357319 + (reg):0.50 * l2r_loss:2.346640
{'testlen': 3065, 'reflen': 3259, 'guess': [3065, 2568, 2071, 1578], 'correct': [2685, 1649, 858, 396]}
ratio: 0.9404725375879287
{'testlen': 3219, 'reflen': 3372, 'guess': [3219, 2722, 2225, 1728], 'correct': [2856, 1803, 961, 441]}
ratio: 0.9546263345192898
[EPOCH 8 VAL]
time: 55.93 seconds
loss:2.790955 = (1-reg):0.50 * r2l_loss:2.816924 + (reg):0.50 * l2r_loss:2.764987
r2l_scores: {'Bleu_1': 0.8222900308317672, 'Bleu_2': 0.7040134196467767, 'Bleu_3': 0.5776437685510262, 'Bleu_4': 0.4616043786131, 'METEOR': 0.298416185018152, 'ROUGE_L': 0.6243430769677211, 'CIDEr': 0.6083931129286636}
l2r_scores: {'Bleu_1': 0.846048157912525, 'Bleu_2': 0.7310217083895563, 'Bleu_3': 0.6037686967843362, 'Bleu_4': 0.48107869232084943, 'METEOR': 0.31788176154980996, 'ROUGE_L': 0.6438196498546817, 'CIDEr': 0.609142371893694}


[EPOCH 9 TRAIN]
time: 105.56 seconds | lr: 0.000100
loss:2.288891 = (1-reg):0.50 * r2l_loss:2.294161 + (reg):0.50 * l2r_loss:2.283621
{'testlen': 3099, 'reflen': 3269, 'guess': [3099, 2602, 2105, 1611], 'correct': [2654, 1607, 840, 395]}
ratio: 0.9479963291523561
{'testlen': 3216, 'reflen': 3345, 'guess': [3216, 2719, 2222, 1725], 'correct': [2847, 1785, 948, 441]}
ratio: 0.961434977578188
[EPOCH 9 VAL]
time: 56.17 seconds
loss:2.793211 = (1-reg):0.50 * r2l_loss:2.816002 + (reg):0.50 * l2r_loss:2.770420
r2l_scores: {'Bleu_1': 0.8106912921560927, 'Bleu_2': 0.688446393690646, 'Bleu_3': 0.5636132617551293, 'Bleu_4': 0.45149748227863634, 'METEOR': 0.29113473338540574, 'ROUGE_L': 0.6154571770956888, 'CIDEr': 0.5992924110024886}
l2r_scores: {'Bleu_1': 0.850454400666686, 'Bleu_2': 0.7323687851640761, 'Bleu_3': 0.6035332201799034, 'Bleu_4': 0.48204008998387143, 'METEOR': 0.31939689662448095, 'ROUGE_L': 0.6444664041067125, 'CIDEr': 0.625750650003568}


[EPOCH 10 TRAIN]
time: 104.45 seconds | lr: 0.000100
loss:2.234490 = (1-reg):0.50 * r2l_loss:2.239631 + (reg):0.50 * l2r_loss:2.229349
{'testlen': 2983, 'reflen': 3204, 'guess': [2983, 2486, 1989, 1494], 'correct': [2601, 1574, 824, 370]}
ratio: 0.9310237203492725
{'testlen': 3283, 'reflen': 3407, 'guess': [3283, 2786, 2289, 1792], 'correct': [2910, 1860, 992, 448]}
ratio: 0.963604343997369
[EPOCH 10 VAL]
time: 55.74 seconds
loss:2.795795 = (1-reg):0.50 * r2l_loss:2.822312 + (reg):0.50 * l2r_loss:2.769277
r2l_scores: {'Bleu_1': 0.8096768923926665, 'Bleu_2': 0.68995377858606, 'Bleu_3': 0.5678744857458222, 'Bleu_4': 0.453010439776218, 'METEOR': 0.2923512491507558, 'ROUGE_L': 0.6219399655762391, 'CIDEr': 0.5986330238360149}
l2r_scores: {'Bleu_1': 0.8535297427720568, 'Bleu_2': 0.7407531763651395, 'Bleu_3': 0.611791106148081, 'Bleu_4': 0.4845476703368901, 'METEOR': 0.3242505717535736, 'ROUGE_L': 0.6527157721949733, 'CIDEr': 0.6260929597721254}


[EPOCH 11 TRAIN]
time: 106.35 seconds | lr: 0.000100
loss:2.184053 = (1-reg):0.50 * r2l_loss:2.188490 + (reg):0.50 * l2r_loss:2.179617
{'testlen': 3069, 'reflen': 3269, 'guess': [3069, 2572, 2075, 1578], 'correct': [2596, 1524, 765, 344]}
ratio: 0.9388192107675317
{'testlen': 3441, 'reflen': 3528, 'guess': [3441, 2944, 2447, 1950], 'correct': [3026, 1894, 1018, 484]}
ratio: 0.9753401360541453
[EPOCH 11 VAL]
time: 58.70 seconds
loss:2.804227 = (1-reg):0.50 * r2l_loss:2.830716 + (reg):0.50 * l2r_loss:2.777739
r2l_scores: {'Bleu_1': 0.79251187913385, 'Bleu_2': 0.6632982969086727, 'Bleu_3': 0.5336457149517015, 'Bleu_4': 0.4197368761866866, 'METEOR': 0.2838234294142228, 'ROUGE_L': 0.6047828935734987, 'CIDEr': 0.5581490055945998}
l2r_scores: {'Bleu_1': 0.857440183425165, 'Bleu_2': 0.7333862977989728, 'Bleu_3': 0.6020043893067492, 'Bleu_4': 0.4793550712685132, 'METEOR': 0.32371899735958526, 'ROUGE_L': 0.6491144785803521, 'CIDEr': 0.6065400178761806}


[EPOCH 12 TRAIN]
time: 104.21 seconds | lr: 0.000100
loss:2.138641 = (1-reg):0.50 * r2l_loss:2.143351 + (reg):0.50 * l2r_loss:2.133930
{'testlen': 3114, 'reflen': 3295, 'guess': [3114, 2617, 2120, 1624], 'correct': [2692, 1621, 860, 402]}
ratio: 0.9450682852804415
{'testlen': 3366, 'reflen': 3464, 'guess': [3366, 2869, 2372, 1875], 'correct': [2954, 1847, 988, 480]}
ratio: 0.971709006928126
[EPOCH 12 VAL]
time: 55.55 seconds
loss:2.809361 = (1-reg):0.50 * r2l_loss:2.840847 + (reg):0.50 * l2r_loss:2.777875
r2l_scores: {'Bleu_1': 0.8156676813489485, 'Bleu_2': 0.6904379864479441, 'Bleu_3': 0.5671826240350073, 'Bleu_4': 0.45435090461936567, 'METEOR': 0.2975102282360483, 'ROUGE_L': 0.62210174582446, 'CIDEr': 0.6024240256882695}
l2r_scores: {'Bleu_1': 0.852416869950685, 'Bleu_2': 0.7300826369866641, 'Bleu_3': 0.5996722961169708, 'Bleu_4': 0.4812097240092989, 'METEOR': 0.3217911394190227, 'ROUGE_L': 0.6475203717316146, 'CIDEr': 0.628294266526783}


[EPOCH 13 TRAIN]
time: 105.14 seconds | lr: 0.000050
loss:2.051814 = (1-reg):0.50 * r2l_loss:2.057278 + (reg):0.50 * l2r_loss:2.046349
{'testlen': 3154, 'reflen': 3323, 'guess': [3154, 2657, 2160, 1663], 'correct': [2747, 1678, 880, 413]}
ratio: 0.9491423412576139
{'testlen': 3407, 'reflen': 3500, 'guess': [3407, 2910, 2413, 1916], 'correct': [2978, 1820, 975, 461]}
ratio: 0.9734285714282933
[EPOCH 13 VAL]
time: 56.66 seconds
loss:2.819522 = (1-reg):0.50 * r2l_loss:2.845481 + (reg):0.50 * l2r_loss:2.793564
r2l_scores: {'Bleu_1': 0.825517486035768, 'Bleu_2': 0.702955758108108, 'Bleu_3': 0.5757112785244529, 'Bleu_4': 0.46036291405149726, 'METEOR': 0.3009182101419501, 'ROUGE_L': 0.6279040533746104, 'CIDEr': 0.6129604815493352}
l2r_scores: {'Bleu_1': 0.8505458608146077, 'Bleu_2': 0.7194666292101733, 'Bleu_3': 0.5882174802776603, 'Bleu_4': 0.4672142646735114, 'METEOR': 0.31828388712644634, 'ROUGE_L': 0.6441147286026468, 'CIDEr': 0.6222709631939172}


[EPOCH 14 TRAIN]
time: 103.80 seconds | lr: 0.000050
loss:2.020658 = (1-reg):0.50 * r2l_loss:2.026421 + (reg):0.50 * l2r_loss:2.014894
{'testlen': 3107, 'reflen': 3278, 'guess': [3107, 2610, 2113, 1617], 'correct': [2626, 1541, 797, 357]}
ratio: 0.9478340451491922
{'testlen': 3360, 'reflen': 3454, 'guess': [3360, 2863, 2366, 1869], 'correct': [2932, 1827, 970, 443]}
ratio: 0.9727851766065511
[EPOCH 14 VAL]
time: 56.72 seconds
loss:2.829344 = (1-reg):0.50 * r2l_loss:2.856347 + (reg):0.50 * l2r_loss:2.802341
r2l_scores: {'Bleu_1': 0.7999285500606745, 'Bleu_2': 0.6685833066276641, 'Bleu_3': 0.5424035670375131, 'Bleu_4': 0.4273226214752726, 'METEOR': 0.28929886794240023, 'ROUGE_L': 0.61150264315997, 'CIDEr': 0.5770421012775118}
l2r_scores: {'Bleu_1': 0.8485448137608714, 'Bleu_2': 0.7256397061860982, 'Bleu_3': 0.5943145856255397, 'Bleu_4': 0.469000625073501, 'METEOR': 0.31592930054864266, 'ROUGE_L': 0.6426272951027104, 'CIDEr': 0.5958944924211423}


[EPOCH 15 TRAIN]
time: 105.68 seconds | lr: 0.000050
loss:1.996797 = (1-reg):0.50 * r2l_loss:2.003015 + (reg):0.50 * l2r_loss:1.990578
{'testlen': 3075, 'reflen': 3246, 'guess': [3075, 2578, 2081, 1584], 'correct': [2634, 1560, 812, 364]}
ratio: 0.9473197781882479
{'testlen': 3414, 'reflen': 3497, 'guess': [3414, 2917, 2420, 1923], 'correct': [2957, 1851, 1001, 475]}
ratio: 0.9762653703171358
[EPOCH 15 VAL]
time: 56.59 seconds
loss:2.834619 = (1-reg):0.50 * r2l_loss:2.857646 + (reg):0.50 * l2r_loss:2.811591
r2l_scores: {'Bleu_1': 0.8102511205156563, 'Bleu_2': 0.6810126164167838, 'Bleu_3': 0.5552404336622158, 'Bleu_4': 0.4391972504619385, 'METEOR': 0.2901322866799185, 'ROUGE_L': 0.6138614266117166, 'CIDEr': 0.583556907127041}
l2r_scores: {'Bleu_1': 0.8453360474589889, 'Bleu_2': 0.7235532187339049, 'Bleu_3': 0.5956627160597728, 'Bleu_4': 0.47510465950091973, 'METEOR': 0.3185249174420482, 'ROUGE_L': 0.6454384715364369, 'CIDEr': 0.6053890250685777}


[EPOCH 16 TRAIN]
time: 105.24 seconds | lr: 0.000050
loss:1.974647 = (1-reg):0.50 * r2l_loss:1.980791 + (reg):0.50 * l2r_loss:1.968502
{'testlen': 3079, 'reflen': 3282, 'guess': [3079, 2582, 2085, 1590], 'correct': [2619, 1559, 823, 375]}
ratio: 0.9381474710539494
{'testlen': 3333, 'reflen': 3427, 'guess': [3333, 2836, 2339, 1842], 'correct': [2916, 1826, 948, 418]}
ratio: 0.9725707615987824
[EPOCH 16 VAL]
time: 56.44 seconds
loss:2.848334 = (1-reg):0.50 * r2l_loss:2.876352 + (reg):0.50 * l2r_loss:2.820315
r2l_scores: {'Bleu_1': 0.7963290490654857, 'Bleu_2': 0.6709259540103659, 'Bleu_3': 0.5499669225646027, 'Bleu_4': 0.4377767073991505, 'METEOR': 0.2898301090348479, 'ROUGE_L': 0.6073091184988898, 'CIDEr': 0.5631673670386202}
l2r_scores: {'Bleu_1': 0.8505578884325531, 'Bleu_2': 0.7296675743773668, 'Bleu_3': 0.5941917626639573, 'Bleu_4': 0.46382542565818374, 'METEOR': 0.3154879551783459, 'ROUGE_L': 0.6429649343800107, 'CIDEr': 0.5943619740427106}



[BEST: 5 | SEED: 904666 | VAL-CIDEr: 0.6337731465156597]
{'testlen': 18092, 'reflen': 19608, 'guess': [18092, 15102, 12112, 9139], 'correct': [15881, 9814, 5177, 2291]}
ratio: 0.9226846185230048
{'testlen': 19867, 'reflen': 20718, 'guess': [19867, 16877, 13887, 10898], 'correct': [17412, 11024, 5944, 2767]}
ratio: 0.9589246066222146
time: 256.47 seconds
r2l_scores: {'Bleu_1': 0.8072350674522059, 'Bleu_2': 0.6945606589686886, 'Bleu_3': 0.5745094002148338, 'Bleu_4': 0.457253086419806, 'METEOR': 0.29684223522224235, 'ROUGE_L': 0.633672338659441, 'CIDEr': 0.6095886880385226}
l2r_scores: {'Bleu_1': 0.8396792612887499, 'Bleu_2': 0.7248985327107409, 'Bleu_3': 0.599524987854596, 'Bleu_4': 0.47848719581783017, 'METEOR': 0.31062153843019435, 'ROUGE_L': 0.6468707260480149, 'CIDEr': 0.6153851668682386}
----------------------------------------
>> [Train time] Total: 1686.94 seconds => Per epoch: 105.43 seconds
>> [Val time] Total: 893.75 seconds => Per epoch: 55.86 seconds
