MODEL ID: 2025-04-12 14_40_02 _ Transformer _ MSVD _ FEAT MSVD_ResNet152+I3D fsl-50 mcl-10 _ EMB 512 _ Transformer d-640-N-4-h-10-h_big-128-dp-0.1-sn-0 _ OPTIM Adam lr-0.0001-dc-12-0.5-5-wd-5e-06-rg-0.6 _ bs-32 gc-5.0
#vocabs: 3891 (9158), #words: 323223 (329680). Trim words which appear less than 3 times.
{'Total': 92351795, 'Trainable': 92351795}


loss: 2.6904744098225577 = (1-reg): 0.4 * r2l_loss: 2.7278661063460055 + (reg):0.6 * l2r_loos: 2.6655464667961244 
{'testlen': 538, 'reflen': 537, 'guess': [538, 438, 338, 238], 'correct': [444, 266, 137, 63]}
ratio: 1.001862197391058
{'testlen': 523, 'reflen': 523, 'guess': [523, 423, 323, 223], 'correct': [420, 252, 140, 65]}
ratio: 0.999999999998088
loss: 2.5486986213260225 = (1-reg): 0.4 * r2l_loss: 2.608930068545871 + (reg):0.6 * l2r_loos: 2.508544190724691 
r2l_scores: {'Bleu_1': 0.8252788104073879, 'Bleu_2': 0.7079524846164291, 'Bleu_3': 0.5878556488774365, 'Bleu_4': 0.48155280836331915, 'METEOR': 0.33326745681623415, 'ROUGE_L': 0.7125561385918715, 'CIDEr': 0.8878559099240753}
l2r_scores: {'Bleu_1': 0.8030592734194912, 'Bleu_2': 0.6916778806248876, 'Bleu_3': 0.5918946703408545, 'Bleu_4': 0.4958330202645315, 'METEOR': 0.3319177918497902, 'ROUGE_L': 0.7173292638632687, 'CIDEr': 0.9198589398389393}
Saving checkpoint at epoch=1 to ./checkpoints/checkpoints_MSVD_ResNet152+I3D/2025-04-12 14_40_02 _ Transformer _ MSVD _ FEAT MSVD_ResNet152+I3D fsl-50 mcl-10 _ EMB 512 _ Transformer d-640-N-4-h-10-h_big-128-dp-0.1-sn-0 _ OPTIM Adam lr-0.0001-dc-12-0.5-5-wd-5e-06-rg-0.6 _ bs-32 gc-5.0/1.ckpt


loss: 2.041183847208492 = (1-reg): 0.4 * r2l_loss: 2.061658041516288 + (reg):0.6 * l2r_loos: 2.0275342847480147 
{'testlen': 537, 'reflen': 539, 'guess': [537, 437, 337, 238], 'correct': [450, 273, 152, 73]}
ratio: 0.9962894248590051
{'testlen': 522, 'reflen': 521, 'guess': [522, 422, 322, 222], 'correct': [437, 269, 151, 73]}
ratio: 1.001919385794622
loss: 2.4778609452424227 = (1-reg): 0.4 * r2l_loss: 2.506624200608995 + (reg):0.6 * l2r_loos: 2.4586852965531527 
r2l_scores: {'Bleu_1': 0.8348736303070904, 'Bleu_2': 0.7208455719090913, 'Bleu_3': 0.6157818598139784, 'Bleu_4': 0.5168354243925798, 'METEOR': 0.3458050510931858, 'ROUGE_L': 0.7296206942174505, 'CIDEr': 1.01308689091298}
l2r_scores: {'Bleu_1': 0.8371647509562506, 'Bleu_2': 0.7305086814440748, 'Bleu_3': 0.6301693547532775, 'Bleu_4': 0.5355936644215891, 'METEOR': 0.34434277132055435, 'ROUGE_L': 0.7342404474889815, 'CIDEr': 0.979716006141268}
Saving checkpoint at epoch=2 to ./checkpoints/checkpoints_MSVD_ResNet152+I3D/2025-04-12 14_40_02 _ Transformer _ MSVD _ FEAT MSVD_ResNet152+I3D fsl-50 mcl-10 _ EMB 512 _ Transformer d-640-N-4-h-10-h_big-128-dp-0.1-sn-0 _ OPTIM Adam lr-0.0001-dc-12-0.5-5-wd-5e-06-rg-0.6 _ bs-32 gc-5.0/2.ckpt


loss: 1.849142089749946 = (1-reg): 0.4 * r2l_loss: 1.8649225118512014 + (reg):0.6 * l2r_loos: 1.8386217164993286 
{'testlen': 567, 'reflen': 565, 'guess': [567, 467, 367, 267], 'correct': [465, 284, 163, 79]}
ratio: 1.0035398230070733
{'testlen': 518, 'reflen': 517, 'guess': [518, 418, 318, 218], 'correct': [430, 275, 168, 87]}
ratio: 1.0019342359748513
loss: 2.4223015387852986 = (1-reg): 0.4 * r2l_loss: 2.451240344400759 + (reg):0.6 * l2r_loos: 2.4030088751404373 
r2l_scores: {'Bleu_1': 0.8201058201043737, 'Bleu_2': 0.7062129494693267, 'Bleu_3': 0.6050588689507659, 'Bleu_4': 0.5059728118247652, 'METEOR': 0.3548488887412893, 'ROUGE_L': 0.7300954491503624, 'CIDEr': 0.9883166469293287}
l2r_scores: {'Bleu_1': 0.8301158301142276, 'Bleu_2': 0.7390053014695896, 'Bleu_3': 0.6607833477219922, 'Bleu_4': 0.5825188817836656, 'METEOR': 0.36405158120017506, 'ROUGE_L': 0.7553659989062264, 'CIDEr': 1.0672957570288215}
Saving checkpoint at epoch=3 to ./checkpoints/checkpoints_MSVD_ResNet152+I3D/2025-04-12 14_40_02 _ Transformer _ MSVD _ FEAT MSVD_ResNet152+I3D fsl-50 mcl-10 _ EMB 512 _ Transformer d-640-N-4-h-10-h_big-128-dp-0.1-sn-0 _ OPTIM Adam lr-0.0001-dc-12-0.5-5-wd-5e-06-rg-0.6 _ bs-32 gc-5.0/3.ckpt


loss: 1.7445332617837874 = (1-reg): 0.4 * r2l_loss: 1.7548342057525135 + (reg):0.6 * l2r_loos: 1.7376658774985643 
{'testlen': 559, 'reflen': 556, 'guess': [559, 459, 359, 259], 'correct': [466, 281, 157, 74]}
ratio: 1.0053956834514293
{'testlen': 509, 'reflen': 507, 'guess': [509, 409, 309, 209], 'correct': [422, 264, 153, 70]}
ratio: 1.0039447731735622
loss: 2.4358802062493785 = (1-reg): 0.4 * r2l_loss: 2.452192994400307 + (reg):0.6 * l2r_loos: 2.4250048708032677 
r2l_scores: {'Bleu_1': 0.8336314847927843, 'Bleu_2': 0.7143875406438374, 'Bleu_3': 0.6065840442600646, 'Bleu_4': 0.5025175406708107, 'METEOR': 0.3623648629366842, 'ROUGE_L': 0.7409000034334154, 'CIDEr': 1.0091211046360395}
l2r_scores: {'Bleu_1': 0.8290766208235185, 'Bleu_2': 0.7315392685696024, 'Bleu_3': 0.6422972752045835, 'Bleu_4': 0.5458081272936912, 'METEOR': 0.345016340152581, 'ROUGE_L': 0.738943478492193, 'CIDEr': 1.031589934058362}
Saving checkpoint at epoch=4 to ./checkpoints/checkpoints_MSVD_ResNet152+I3D/2025-04-12 14_40_02 _ Transformer _ MSVD _ FEAT MSVD_ResNet152+I3D fsl-50 mcl-10 _ EMB 512 _ Transformer d-640-N-4-h-10-h_big-128-dp-0.1-sn-0 _ OPTIM Adam lr-0.0001-dc-12-0.5-5-wd-5e-06-rg-0.6 _ bs-32 gc-5.0/4.ckpt


loss: 1.6723078755081677 = (1-reg): 0.4 * r2l_loss: 1.6826516648589587 + (reg):0.6 * l2r_loos: 1.6654119262538973 
{'testlen': 542, 'reflen': 541, 'guess': [542, 442, 342, 243], 'correct': [451, 268, 146, 65]}
ratio: 1.001848428833638
{'testlen': 545, 'reflen': 543, 'guess': [545, 445, 345, 245], 'correct': [456, 277, 159, 76]}
ratio: 1.0036832412504537
loss: 2.406253689306754 = (1-reg): 0.4 * r2l_loss: 2.4383835889675 + (reg):0.6 * l2r_loos: 2.3848336343412044 
r2l_scores: {'Bleu_1': 0.8321033210316751, 'Bleu_2': 0.7103050298115101, 'Bleu_3': 0.599430508924448, 'Bleu_4': 0.4899264686692287, 'METEOR': 0.3537978924525018, 'ROUGE_L': 0.7335858223432866, 'CIDEr': 0.9391000442329142}
l2r_scores: {'Bleu_1': 0.8366972477048868, 'Bleu_2': 0.7216789687689704, 'Bleu_3': 0.6214726811484805, 'Bleu_4': 0.5223702185469303, 'METEOR': 0.348231553376471, 'ROUGE_L': 0.744282866515708, 'CIDEr': 1.011458938089285}
Saving checkpoint at epoch=5 to ./checkpoints/checkpoints_MSVD_ResNet152+I3D/2025-04-12 14_40_02 _ Transformer _ MSVD _ FEAT MSVD_ResNet152+I3D fsl-50 mcl-10 _ EMB 512 _ Transformer d-640-N-4-h-10-h_big-128-dp-0.1-sn-0 _ OPTIM Adam lr-0.0001-dc-12-0.5-5-wd-5e-06-rg-0.6 _ bs-32 gc-5.0/5.ckpt


loss: 1.6174542376252472 = (1-reg): 0.4 * r2l_loss: 1.6239433612198126 + (reg):0.6 * l2r_loos: 1.6131280679390079 
{'testlen': 536, 'reflen': 538, 'guess': [536, 436, 336, 238], 'correct': [442, 264, 149, 77]}
ratio: 0.9962825278791891
{'testlen': 540, 'reflen': 539, 'guess': [540, 440, 340, 240], 'correct': [453, 286, 173, 87]}
ratio: 1.0018552875677145
loss: 2.3962082809872096 = (1-reg): 0.4 * r2l_loss: 2.422564001436587 + (reg):0.6 * l2r_loos: 2.378637676768833 
r2l_scores: {'Bleu_1': 0.8215556332265405, 'Bleu_2': 0.7039907564974981, 'Bleu_3': 0.6027262888209579, 'Bleu_4': 0.5154225524480301, 'METEOR': 0.345577925074739, 'ROUGE_L': 0.7155419218728286, 'CIDEr': 0.9892692799990478}
l2r_scores: {'Bleu_1': 0.8388888888873354, 'Bleu_2': 0.7384292638943345, 'Bleu_3': 0.6522213258958852, 'Bleu_4': 0.5631489114285708, 'METEOR': 0.36714489743724604, 'ROUGE_L': 0.754542227082921, 'CIDEr': 1.0126465158749434}
Saving checkpoint at epoch=6 to ./checkpoints/checkpoints_MSVD_ResNet152+I3D/2025-04-12 14_40_02 _ Transformer _ MSVD _ FEAT MSVD_ResNet152+I3D fsl-50 mcl-10 _ EMB 512 _ Transformer d-640-N-4-h-10-h_big-128-dp-0.1-sn-0 _ OPTIM Adam lr-0.0001-dc-12-0.5-5-wd-5e-06-rg-0.6 _ bs-32 gc-5.0/6.ckpt


loss: 1.5742405502131729 = (1-reg): 0.4 * r2l_loss: 1.578772177852568 + (reg):0.6 * l2r_loos: 1.5712193836931323 
{'testlen': 543, 'reflen': 543, 'guess': [543, 443, 343, 244], 'correct': [440, 264, 148, 74]}
ratio: 0.9999999999981584
{'testlen': 532, 'reflen': 532, 'guess': [532, 432, 332, 232], 'correct': [440, 273, 159, 74]}
ratio: 0.9999999999981203
loss: 2.39926312411273 = (1-reg): 0.4 * r2l_loss: 2.433865183371085 + (reg):0.6 * l2r_loos: 2.376194973345156 
r2l_scores: {'Bleu_1': 0.8103130755034611, 'Bleu_2': 0.6949067396577425, 'Bleu_3': 0.5928437071083772, 'Bleu_4': 0.5013784161474849, 'METEOR': 0.34638424529844003, 'ROUGE_L': 0.7227481238021802, 'CIDEr': 1.0111367692784254}
l2r_scores: {'Bleu_1': 0.827067669169823, 'Bleu_2': 0.7229528468090385, 'Bleu_3': 0.630221180701366, 'Bleu_4': 0.5315641458399025, 'METEOR': 0.35198431840276295, 'ROUGE_L': 0.7366752854899812, 'CIDEr': 0.952657735309565}
Saving checkpoint at epoch=7 to ./checkpoints/checkpoints_MSVD_ResNet152+I3D/2025-04-12 14_40_02 _ Transformer _ MSVD _ FEAT MSVD_ResNet152+I3D fsl-50 mcl-10 _ EMB 512 _ Transformer d-640-N-4-h-10-h_big-128-dp-0.1-sn-0 _ OPTIM Adam lr-0.0001-dc-12-0.5-5-wd-5e-06-rg-0.6 _ bs-32 gc-5.0/7.ckpt


loss: 1.5355586581933693 = (1-reg): 0.4 * r2l_loss: 1.5402002974807238 + (reg):0.6 * l2r_loos: 1.5324641473176048 
{'testlen': 539, 'reflen': 543, 'guess': [539, 440, 341, 243], 'correct': [443, 272, 154, 77]}
ratio: 0.9926335174935679
{'testlen': 530, 'reflen': 531, 'guess': [530, 430, 330, 230], 'correct': [440, 274, 160, 84]}
ratio: 0.9981167608267456
loss: 2.360594329127559 = (1-reg): 0.4 * r2l_loss: 2.3890145204685354 + (reg):0.6 * l2r_loos: 2.3416473944981893 
r2l_scores: {'Bleu_1': 0.8158155827061273, 'Bleu_2': 0.7075263679143734, 'Bleu_3': 0.6076817758212169, 'Bleu_4': 0.5154333686027308, 'METEOR': 0.3502990316132941, 'ROUGE_L': 0.7123400314040746, 'CIDEr': 0.9540521156363535}
l2r_scores: {'Bleu_1': 0.8286237623087175, 'Bleu_2': 0.7259555561731753, 'Bleu_3': 0.6341649407234942, 'Bleu_4': 0.5521850931306533, 'METEOR': 0.3443789107893373, 'ROUGE_L': 0.7370084405297055, 'CIDEr': 0.9728967643842615}
Saving checkpoint at epoch=8 to ./checkpoints/checkpoints_MSVD_ResNet152+I3D/2025-04-12 14_40_02 _ Transformer _ MSVD _ FEAT MSVD_ResNet152+I3D fsl-50 mcl-10 _ EMB 512 _ Transformer d-640-N-4-h-10-h_big-128-dp-0.1-sn-0 _ OPTIM Adam lr-0.0001-dc-12-0.5-5-wd-5e-06-rg-0.6 _ bs-32 gc-5.0/8.ckpt


loss: 1.503920440595658 = (1-reg): 0.4 * r2l_loss: 1.508263533154472 + (reg):0.6 * l2r_loos: 1.501024966239929 
{'testlen': 529, 'reflen': 529, 'guess': [529, 429, 329, 230], 'correct': [436, 268, 151, 78]}
ratio: 0.9999999999981096
{'testlen': 552, 'reflen': 552, 'guess': [552, 452, 352, 252], 'correct': [467, 299, 185, 95]}
ratio: 0.9999999999981884
loss: 2.369687724996496 = (1-reg): 0.4 * r2l_loss: 2.4102959632873535 + (reg):0.6 * l2r_loos: 2.3426154639985826 
r2l_scores: {'Bleu_1': 0.8241965973503811, 'Bleu_2': 0.717553289183536, 'Bleu_3': 0.6182485732562353, 'Bleu_4': 0.5320641943852318, 'METEOR': 0.36011327264335435, 'ROUGE_L': 0.7371049187730364, 'CIDEr': 0.9969745884705151}
l2r_scores: {'Bleu_1': 0.846014492750558, 'Bleu_2': 0.7480924611164058, 'Bleu_3': 0.6650381209756057, 'Bleu_4': 0.5770529578164846, 'METEOR': 0.37292670331904704, 'ROUGE_L': 0.7554085563796045, 'CIDEr': 1.0580999909699735}
Saving checkpoint at epoch=9 to ./checkpoints/checkpoints_MSVD_ResNet152+I3D/2025-04-12 14_40_02 _ Transformer _ MSVD _ FEAT MSVD_ResNet152+I3D fsl-50 mcl-10 _ EMB 512 _ Transformer d-640-N-4-h-10-h_big-128-dp-0.1-sn-0 _ OPTIM Adam lr-0.0001-dc-12-0.5-5-wd-5e-06-rg-0.6 _ bs-32 gc-5.0/9.ckpt


loss: 1.4751566542953742 = (1-reg): 0.4 * r2l_loss: 1.4772802820362028 + (reg):0.6 * l2r_loos: 1.4737408233861453 
{'testlen': 537, 'reflen': 535, 'guess': [537, 437, 337, 238], 'correct': [447, 276, 154, 76]}
ratio: 1.0037383177551331
{'testlen': 528, 'reflen': 528, 'guess': [528, 428, 328, 228], 'correct': [443, 275, 158, 78]}
ratio: 0.9999999999981061
loss: 2.394893909383703 = (1-reg): 0.4 * r2l_loss: 2.4081818050808375 + (reg):0.6 * l2r_loos: 2.3860352180622244 
r2l_scores: {'Bleu_1': 0.8324022346353215, 'Bleu_2': 0.7250708428401288, 'Bleu_3': 0.621656626726925, 'Bleu_4': 0.5262863237301977, 'METEOR': 0.3613909717277526, 'ROUGE_L': 0.7351301394976463, 'CIDEr': 1.0232046081407353}
l2r_scores: {'Bleu_1': 0.8390151515119734, 'Bleu_2': 0.7342253318988033, 'Bleu_3': 0.6379901748683279, 'Bleu_4': 0.5459469346181857, 'METEOR': 0.3599729192384974, 'ROUGE_L': 0.7464385089669483, 'CIDEr': 1.0900808701848976}
Saving checkpoint at epoch=10 to ./checkpoints/checkpoints_MSVD_ResNet152+I3D/2025-04-12 14_40_02 _ Transformer _ MSVD _ FEAT MSVD_ResNet152+I3D fsl-50 mcl-10 _ EMB 512 _ Transformer d-640-N-4-h-10-h_big-128-dp-0.1-sn-0 _ OPTIM Adam lr-0.0001-dc-12-0.5-5-wd-5e-06-rg-0.6 _ bs-32 gc-5.0/10.ckpt


loss: 1.449940206652782 = (1-reg): 0.4 * r2l_loss: 1.4532457374353878 + (reg):0.6 * l2r_loos: 1.4477364409947004 
{'testlen': 541, 'reflen': 540, 'guess': [541, 441, 341, 241], 'correct': [455, 285, 169, 81]}
ratio: 1.0018518518499966
{'testlen': 562, 'reflen': 561, 'guess': [562, 462, 362, 262], 'correct': [460, 284, 173, 83]}
ratio: 1.0017825311925102
loss: 2.3583331955803764 = (1-reg): 0.4 * r2l_loss: 2.3799439545030947 + (reg):0.6 * l2r_loos: 2.343925875204581 
r2l_scores: {'Bleu_1': 0.8410351201463198, 'Bleu_2': 0.7372422248165874, 'Bleu_3': 0.6458290497130775, 'Bleu_4': 0.5485360514574561, 'METEOR': 0.3621311052264573, 'ROUGE_L': 0.7400234367668129, 'CIDEr': 1.0649528605451455}
l2r_scores: {'Bleu_1': 0.8185053380768355, 'Bleu_2': 0.7093310000002077, 'Bleu_3': 0.6218397370684303, 'Bleu_4': 0.5253552221041553, 'METEOR': 0.36087259106611524, 'ROUGE_L': 0.7416387027423537, 'CIDEr': 0.9813260698021097}
Saving checkpoint at epoch=11 to ./checkpoints/checkpoints_MSVD_ResNet152+I3D/2025-04-12 14_40_02 _ Transformer _ MSVD _ FEAT MSVD_ResNet152+I3D fsl-50 mcl-10 _ EMB 512 _ Transformer d-640-N-4-h-10-h_big-128-dp-0.1-sn-0 _ OPTIM Adam lr-0.0001-dc-12-0.5-5-wd-5e-06-rg-0.6 _ bs-32 gc-5.0/11.ckpt


loss: 1.4282714880489913 = (1-reg): 0.4 * r2l_loss: 1.4291826589771959 + (reg):0.6 * l2r_loos: 1.4276639638181592 
{'testlen': 528, 'reflen': 529, 'guess': [528, 428, 328, 230], 'correct': [447, 283, 162, 82]}
ratio: 0.9981096408298713
{'testlen': 523, 'reflen': 522, 'guess': [523, 423, 323, 223], 'correct': [431, 267, 159, 78]}
ratio: 1.0019157088103412
loss: 2.3580457563753483 = (1-reg): 0.4 * r2l_loss: 2.379387550883823 + (reg):0.6 * l2r_loos: 2.34381775326199 
r2l_scores: {'Bleu_1': 0.8449890346198374, 'Bleu_2': 0.746767839303178, 'Bleu_3': 0.6502244338825811, 'Bleu_4': 0.5592594562998774, 'METEOR': 0.35916460673549916, 'ROUGE_L': 0.7352715552889688, 'CIDEr': 1.0067858018864908}
l2r_scores: {'Bleu_1': 0.8240917782011011, 'Bleu_2': 0.7212290940452539, 'Bleu_3': 0.6350096996252795, 'Bleu_4': 0.5470571570808163, 'METEOR': 0.36209038587505066, 'ROUGE_L': 0.7471583312347079, 'CIDEr': 0.9876159296837943}
Saving checkpoint at epoch=12 to ./checkpoints/checkpoints_MSVD_ResNet152+I3D/2025-04-12 14_40_02 _ Transformer _ MSVD _ FEAT MSVD_ResNet152+I3D fsl-50 mcl-10 _ EMB 512 _ Transformer d-640-N-4-h-10-h_big-128-dp-0.1-sn-0 _ OPTIM Adam lr-0.0001-dc-12-0.5-5-wd-5e-06-rg-0.6 _ bs-32 gc-5.0/12.ckpt


loss: 1.4058551107469153 = (1-reg): 0.4 * r2l_loss: 1.407433626456339 + (reg):0.6 * l2r_loos: 1.404802689200542 
{'testlen': 535, 'reflen': 534, 'guess': [535, 435, 335, 235], 'correct': [446, 279, 161, 82]}
ratio: 1.0018726591741538
{'testlen': 548, 'reflen': 546, 'guess': [548, 448, 348, 248], 'correct': [453, 284, 174, 92]}
ratio: 1.0036630036611656
loss: 2.348447969224718 = (1-reg): 0.4 * r2l_loss: 2.3743034680684407 + (reg):0.6 * l2r_loos: 2.3312108675638834 
r2l_scores: {'Bleu_1': 0.8336448598115259, 'Bleu_2': 0.731219915796334, 'Bleu_3': 0.635758776175813, 'Bleu_4': 0.5472121989777536, 'METEOR': 0.36209590463835417, 'ROUGE_L': 0.7313352991906811, 'CIDEr': 1.0413173594025613}
l2r_scores: {'Bleu_1': 0.8266423357649149, 'Bleu_2': 0.7239006803371995, 'Bleu_3': 0.6398958957424548, 'Bleu_4': 0.5583622261780397, 'METEOR': 0.36720697409201836, 'ROUGE_L': 0.7480483243885526, 'CIDEr': 1.0245951963589277}
Saving checkpoint at epoch=13 to ./checkpoints/checkpoints_MSVD_ResNet152+I3D/2025-04-12 14_40_02 _ Transformer _ MSVD _ FEAT MSVD_ResNet152+I3D fsl-50 mcl-10 _ EMB 512 _ Transformer d-640-N-4-h-10-h_big-128-dp-0.1-sn-0 _ OPTIM Adam lr-0.0001-dc-12-0.5-5-wd-5e-06-rg-0.6 _ bs-32 gc-5.0/13.ckpt


loss: 1.3876468654538765 = (1-reg): 0.4 * r2l_loss: 1.3895578489538098 + (reg):0.6 * l2r_loos: 1.386372799638842 
{'testlen': 544, 'reflen': 543, 'guess': [544, 444, 344, 244], 'correct': [440, 256, 145, 71]}
ratio: 1.001841620624306
{'testlen': 526, 'reflen': 524, 'guess': [526, 426, 326, 226], 'correct': [426, 265, 159, 80]}
ratio: 1.0038167938912141
loss: 2.341693913495099 = (1-reg): 0.4 * r2l_loss: 2.384860653347439 + (reg):0.6 * l2r_loos: 2.312915967128895 
r2l_scores: {'Bleu_1': 0.8088235294102779, 'Bleu_2': 0.6828972848393173, 'Bleu_3': 0.5814425057146586, 'Bleu_4': 0.48904318756510806, 'METEOR': 0.3525411521072505, 'ROUGE_L': 0.7169361026938664, 'CIDEr': 1.0095679584477824}
l2r_scores: {'Bleu_1': 0.8098859315573956, 'Bleu_2': 0.7097903080253216, 'Bleu_3': 0.6263444276332245, 'Bleu_4': 0.5430693598761478, 'METEOR': 0.36947652306345, 'ROUGE_L': 0.7278184467323945, 'CIDEr': 0.9613409346684404}
Saving checkpoint at epoch=14 to ./checkpoints/checkpoints_MSVD_ResNet152+I3D/2025-04-12 14_40_02 _ Transformer _ MSVD _ FEAT MSVD_ResNet152+I3D fsl-50 mcl-10 _ EMB 512 _ Transformer d-640-N-4-h-10-h_big-128-dp-0.1-sn-0 _ OPTIM Adam lr-0.0001-dc-12-0.5-5-wd-5e-06-rg-0.6 _ bs-32 gc-5.0/14.ckpt


loss: 1.3684418482858627 = (1-reg): 0.4 * r2l_loss: 1.3680049965811558 + (reg):0.6 * l2r_loos: 1.3687330093540129 
{'testlen': 513, 'reflen': 518, 'guess': [513, 413, 313, 216], 'correct': [424, 260, 148, 76]}
ratio: 0.9903474903455785
{'testlen': 529, 'reflen': 528, 'guess': [529, 429, 329, 229], 'correct': [426, 265, 159, 76]}
ratio: 1.0018939393920419
loss: 2.350961873266432 = (1-reg): 0.4 * r2l_loss: 2.379046524895562 + (reg):0.6 * l2r_loos: 2.3322386653335005 
r2l_scores: {'Bleu_1': 0.8184941915634178, 'Bleu_2': 0.714336767525104, 'Bleu_3': 0.6205310233466282, 'Bleu_4': 0.5371608619038098, 'METEOR': 0.3448779753489075, 'ROUGE_L': 0.7094144670835111, 'CIDEr': 0.9698754883021583}
l2r_scores: {'Bleu_1': 0.8052930056695552, 'Bleu_2': 0.7052957297744515, 'Bleu_3': 0.621795982560966, 'Bleu_4': 0.5314720882723156, 'METEOR': 0.3555605225907255, 'ROUGE_L': 0.7219950943270648, 'CIDEr': 1.0190280950548374}
Saving checkpoint at epoch=15 to ./checkpoints/checkpoints_MSVD_ResNet152+I3D/2025-04-12 14_40_02 _ Transformer _ MSVD _ FEAT MSVD_ResNet152+I3D fsl-50 mcl-10 _ EMB 512 _ Transformer d-640-N-4-h-10-h_big-128-dp-0.1-sn-0 _ OPTIM Adam lr-0.0001-dc-12-0.5-5-wd-5e-06-rg-0.6 _ bs-32 gc-5.0/15.ckpt


loss: 1.351477379095359 = (1-reg): 0.4 * r2l_loss: 1.3532312277496839 + (reg):0.6 * l2r_loos: 1.3503080708472455 
{'testlen': 539, 'reflen': 539, 'guess': [539, 439, 339, 240], 'correct': [445, 276, 159, 75]}
ratio: 0.9999999999981447
{'testlen': 533, 'reflen': 533, 'guess': [533, 433, 333, 233], 'correct': [445, 283, 171, 90]}
ratio: 0.9999999999981238
loss: 2.3455970384456495 = (1-reg): 0.4 * r2l_loss: 2.367717703183492 + (reg):0.6 * l2r_loos: 2.330849794988279 
r2l_scores: {'Bleu_1': 0.8256029684570478, 'Bleu_2': 0.7204567320235151, 'Bleu_3': 0.624411765835931, 'Bleu_4': 0.5251892328707597, 'METEOR': 0.36947759307934824, 'ROUGE_L': 0.726484944152879, 'CIDEr': 0.9917149834553611}
l2r_scores: {'Bleu_1': 0.8348968105034337, 'Bleu_2': 0.7386958693962006, 'Bleu_3': 0.654376567496671, 'Bleu_4': 0.5735779554980004, 'METEOR': 0.36807269704412654, 'ROUGE_L': 0.7468835420177029, 'CIDEr': 1.088426507548896}
Saving checkpoint at epoch=16 to ./checkpoints/checkpoints_MSVD_ResNet152+I3D/2025-04-12 14_40_02 _ Transformer _ MSVD _ FEAT MSVD_ResNet152+I3D fsl-50 mcl-10 _ EMB 512 _ Transformer d-640-N-4-h-10-h_big-128-dp-0.1-sn-0 _ OPTIM Adam lr-0.0001-dc-12-0.5-5-wd-5e-06-rg-0.6 _ bs-32 gc-5.0/16.ckpt


loss: 1.335198811937551 = (1-reg): 0.4 * r2l_loss: 1.3366784801248643 + (reg):0.6 * l2r_loos: 1.3342122940548131 
{'testlen': 523, 'reflen': 524, 'guess': [523, 423, 323, 223], 'correct': [432, 263, 147, 74]}
ratio: 0.9980916030515303
{'testlen': 545, 'reflen': 543, 'guess': [545, 445, 345, 245], 'correct': [450, 280, 163, 87]}
ratio: 1.0036832412504537
loss: 2.343668955343741 = (1-reg): 0.4 * r2l_loss: 2.3650412789097537 + (reg):0.6 * l2r_loos: 2.329420633669253 
r2l_scores: {'Bleu_1': 0.8244259758122513, 'Bleu_2': 0.7152672304470755, 'Bleu_3': 0.6148092026287814, 'Bleu_4': 0.5267194868128511, 'METEOR': 0.34929996889995946, 'ROUGE_L': 0.7023982226300292, 'CIDEr': 0.9747422894122901}
l2r_scores: {'Bleu_1': 0.8256880733929804, 'Bleu_2': 0.7207871174282983, 'Bleu_3': 0.6261247150684472, 'Bleu_4': 0.5433553247027887, 'METEOR': 0.3571074604827149, 'ROUGE_L': 0.7226111187813119, 'CIDEr': 1.0155231927410748}
Saving checkpoint at epoch=17 to ./checkpoints/checkpoints_MSVD_ResNet152+I3D/2025-04-12 14_40_02 _ Transformer _ MSVD _ FEAT MSVD_ResNet152+I3D fsl-50 mcl-10 _ EMB 512 _ Transformer d-640-N-4-h-10-h_big-128-dp-0.1-sn-0 _ OPTIM Adam lr-0.0001-dc-12-0.5-5-wd-5e-06-rg-0.6 _ bs-32 gc-5.0/17.ckpt


loss: 1.3191397885025524 = (1-reg): 0.4 * r2l_loss: 1.3209934251425697 + (reg):0.6 * l2r_loos: 1.3179039585004086 
{'testlen': 522, 'reflen': 525, 'guess': [522, 422, 322, 226], 'correct': [431, 262, 152, 74]}
ratio: 0.9942857142838204
{'testlen': 541, 'reflen': 540, 'guess': [541, 441, 341, 241], 'correct': [449, 278, 170, 90]}
ratio: 1.0018518518499966
loss: 2.355619942700421 = (1-reg): 0.4 * r2l_loss: 2.3807299737577083 + (reg):0.6 * l2r_loos: 2.3388797874803897 
r2l_scores: {'Bleu_1': 0.8209388749752289, 'Bleu_2': 0.7118719135394705, 'Bleu_3': 0.6195815773441771, 'Bleu_4': 0.5275100107184586, 'METEOR': 0.3529689947685886, 'ROUGE_L': 0.7082139169912933, 'CIDEr': 0.9654670474585384}
l2r_scores: {'Bleu_1': 0.8299445471334013, 'Bleu_2': 0.7233152825462725, 'Bleu_3': 0.638925088183291, 'Bleu_4': 0.5586551708450186, 'METEOR': 0.37883903340773545, 'ROUGE_L': 0.7554176200503232, 'CIDEr': 1.0549002525895503}
Saving checkpoint at epoch=18 to ./checkpoints/checkpoints_MSVD_ResNet152+I3D/2025-04-12 14_40_02 _ Transformer _ MSVD _ FEAT MSVD_ResNet152+I3D fsl-50 mcl-10 _ EMB 512 _ Transformer d-640-N-4-h-10-h_big-128-dp-0.1-sn-0 _ OPTIM Adam lr-0.0001-dc-12-0.5-5-wd-5e-06-rg-0.6 _ bs-32 gc-5.0/18.ckpt


loss: 1.3042099887816632 = (1-reg): 0.4 * r2l_loss: 1.3065071016061502 + (reg):0.6 * l2r_loos: 1.3026785097747553 
{'testlen': 496, 'reflen': 497, 'guess': [496, 396, 296, 197], 'correct': [406, 241, 130, 65]}
ratio: 0.9979879275633844
{'testlen': 542, 'reflen': 541, 'guess': [542, 442, 342, 242], 'correct': [449, 285, 175, 89]}
ratio: 1.001848428833638
loss: 2.349356355490508 = (1-reg): 0.4 * r2l_loss: 2.3822939378243904 + (reg):0.6 * l2r_loos: 2.3273978339301213 
r2l_scores: {'Bleu_1': 0.8168997504165254, 'Bleu_2': 0.7043808059814051, 'Bleu_3': 0.6013542130348315, 'Bleu_4': 0.5172978252938296, 'METEOR': 0.34579325750767775, 'ROUGE_L': 0.6988415577119514, 'CIDEr': 0.9712695570255581}
l2r_scores: {'Bleu_1': 0.8284132841313129, 'Bleu_2': 0.7308610584957602, 'Bleu_3': 0.6489738475968871, 'Bleu_4': 0.5630721626859542, 'METEOR': 0.3637829562639506, 'ROUGE_L': 0.73764687707352, 'CIDEr': 1.0288681294550537}
Saving checkpoint at epoch=19 to ./checkpoints/checkpoints_MSVD_ResNet152+I3D/2025-04-12 14_40_02 _ Transformer _ MSVD _ FEAT MSVD_ResNet152+I3D fsl-50 mcl-10 _ EMB 512 _ Transformer d-640-N-4-h-10-h_big-128-dp-0.1-sn-0 _ OPTIM Adam lr-0.0001-dc-12-0.5-5-wd-5e-06-rg-0.6 _ bs-32 gc-5.0/19.ckpt


loss: 1.2908083660876164 = (1-reg): 0.4 * r2l_loss: 1.2927531510884644 + (reg):0.6 * l2r_loos: 1.2895117735862731 
{'testlen': 533, 'reflen': 534, 'guess': [533, 433, 333, 235], 'correct': [434, 260, 149, 71]}
ratio: 0.9981273408221009
{'testlen': 540, 'reflen': 539, 'guess': [540, 440, 340, 240], 'correct': [438, 271, 153, 76]}
ratio: 1.0018552875677145
loss: 2.3545242768746837 = (1-reg): 0.4 * r2l_loss: 2.3811507595909966 + (reg):0.6 * l2r_loos: 2.336773167716132 
r2l_scores: {'Bleu_1': 0.8127326537602437, 'Bleu_2': 0.6979256739945924, 'Bleu_3': 0.6014255272372444, 'Bleu_4': 0.506092978468895, 'METEOR': 0.3419846199258802, 'ROUGE_L': 0.7057890293349446, 'CIDEr': 1.0386832450928294}
l2r_scores: {'Bleu_1': 0.8111111111096091, 'Bleu_2': 0.7068031600584752, 'Bleu_3': 0.6080460799601064, 'Bleu_4': 0.516538809613987, 'METEOR': 0.3569841907466787, 'ROUGE_L': 0.723451766431726, 'CIDEr': 0.9417365474570161}
Saving checkpoint at epoch=20 to ./checkpoints/checkpoints_MSVD_ResNet152+I3D/2025-04-12 14_40_02 _ Transformer _ MSVD _ FEAT MSVD_ResNet152+I3D fsl-50 mcl-10 _ EMB 512 _ Transformer d-640-N-4-h-10-h_big-128-dp-0.1-sn-0 _ OPTIM Adam lr-0.0001-dc-12-0.5-5-wd-5e-06-rg-0.6 _ bs-32 gc-5.0/20.ckpt
Epoch 00009: reducing learning rate of group 0 to 5.0000e-05.


loss: 1.2281065592218618 = (1-reg): 0.4 * r2l_loss: 1.2335989482676397 + (reg):0.6 * l2r_loos: 1.2244449048354977 
{'testlen': 527, 'reflen': 526, 'guess': [527, 427, 327, 227], 'correct': [433, 272, 157, 82]}
ratio: 1.001901140682506
{'testlen': 535, 'reflen': 535, 'guess': [535, 435, 335, 235], 'correct': [441, 274, 163, 87]}
ratio: 0.9999999999981308
loss: 2.3485464723021896 = (1-reg): 0.4 * r2l_loss: 2.373307696978251 + (reg):0.6 * l2r_loos: 2.33203886879815 
r2l_scores: {'Bleu_1': 0.8216318785563157, 'Bleu_2': 0.7234510562820295, 'Bleu_3': 0.6310397787145084, 'Bleu_4': 0.548895349527008, 'METEOR': 0.3589474345527219, 'ROUGE_L': 0.7169548678520166, 'CIDEr': 0.992879780444312}
l2r_scores: {'Bleu_1': 0.8242990654174792, 'Bleu_2': 0.7205648230324836, 'Bleu_3': 0.632163820318012, 'Bleu_4': 0.553012662070199, 'METEOR': 0.36535268957337014, 'ROUGE_L': 0.7443687277282167, 'CIDEr': 1.0246316646620668}
Saving checkpoint at epoch=21 to ./checkpoints/checkpoints_MSVD_ResNet152+I3D/2025-04-12 14_40_02 _ Transformer _ MSVD _ FEAT MSVD_ResNet152+I3D fsl-50 mcl-10 _ EMB 512 _ Transformer d-640-N-4-h-10-h_big-128-dp-0.1-sn-0 _ OPTIM Adam lr-0.0001-dc-12-0.5-5-wd-5e-06-rg-0.6 _ bs-32 gc-5.0/21.ckpt


loss: 1.2120071744137122 = (1-reg): 0.4 * r2l_loss: 1.2176805119045446 + (reg):0.6 * l2r_loos: 1.2082248908574464 
{'testlen': 541, 'reflen': 541, 'guess': [541, 441, 341, 242], 'correct': [450, 276, 159, 79]}
ratio: 0.9999999999981516
{'testlen': 546, 'reflen': 544, 'guess': [546, 446, 346, 246], 'correct': [448, 270, 160, 84]}
ratio: 1.0036764705863903
loss: 2.346337840292189 = (1-reg): 0.4 * r2l_loss: 2.380702504405269 + (reg):0.6 * l2r_loos: 2.323427934999819 
r2l_scores: {'Bleu_1': 0.8317929759673501, 'Bleu_2': 0.7215108571115227, 'Bleu_3': 0.6237963494369358, 'Bleu_4': 0.530560670007204, 'METEOR': 0.353255243684064, 'ROUGE_L': 0.7173019733167689, 'CIDEr': 0.9948384301672648}
l2r_scores: {'Bleu_1': 0.8205128205113178, 'Bleu_2': 0.704785788684581, 'Bleu_3': 0.6124247311329365, 'Bleu_4': 0.5292070058195283, 'METEOR': 0.36626121664926387, 'ROUGE_L': 0.7391420387803015, 'CIDEr': 0.9998817653237174}
Saving checkpoint at epoch=22 to ./checkpoints/checkpoints_MSVD_ResNet152+I3D/2025-04-12 14_40_02 _ Transformer _ MSVD _ FEAT MSVD_ResNet152+I3D fsl-50 mcl-10 _ EMB 512 _ Transformer d-640-N-4-h-10-h_big-128-dp-0.1-sn-0 _ OPTIM Adam lr-0.0001-dc-12-0.5-5-wd-5e-06-rg-0.6 _ bs-32 gc-5.0/22.ckpt


loss: 1.200470781521719 = (1-reg): 0.4 * r2l_loss: 1.2061682450575906 + (reg):0.6 * l2r_loos: 1.1966724101441806 
{'testlen': 529, 'reflen': 528, 'guess': [529, 429, 329, 229], 'correct': [432, 263, 149, 76]}
ratio: 1.0018939393920419
{'testlen': 529, 'reflen': 528, 'guess': [529, 429, 329, 229], 'correct': [436, 276, 166, 86]}
ratio: 1.0018939393920419
loss: 2.346811760796441 = (1-reg): 0.4 * r2l_loss: 2.377291544278463 + (reg):0.6 * l2r_loos: 2.3264917885815657 
r2l_scores: {'Bleu_1': 0.8166351606789856, 'Bleu_2': 0.7075599874213515, 'Bleu_3': 0.6097787708111065, 'Bleu_4': 0.523749658583103, 'METEOR': 0.3498066817046703, 'ROUGE_L': 0.7093233100388295, 'CIDEr': 0.951962510867315}
l2r_scores: {'Bleu_1': 0.8241965973519392, 'Bleu_2': 0.7281842873456379, 'Bleu_3': 0.6443644900065262, 'Bleu_4': 0.5630078386935006, 'METEOR': 0.3656891902779155, 'ROUGE_L': 0.7355926995515212, 'CIDEr': 1.0661049804245422}
Saving checkpoint at epoch=23 to ./checkpoints/checkpoints_MSVD_ResNet152+I3D/2025-04-12 14_40_02 _ Transformer _ MSVD _ FEAT MSVD_ResNet152+I3D fsl-50 mcl-10 _ EMB 512 _ Transformer d-640-N-4-h-10-h_big-128-dp-0.1-sn-0 _ OPTIM Adam lr-0.0001-dc-12-0.5-5-wd-5e-06-rg-0.6 _ bs-32 gc-5.0/23.ckpt


loss: 1.191477324962616 = (1-reg): 0.4 * r2l_loss: 1.1989882946796104 + (reg):0.6 * l2r_loos: 1.1864699505587093 
{'testlen': 538, 'reflen': 537, 'guess': [538, 438, 338, 238], 'correct': [440, 268, 154, 78]}
ratio: 1.001862197391058
{'testlen': 539, 'reflen': 538, 'guess': [539, 439, 339, 239], 'correct': [451, 282, 170, 89]}
ratio: 1.0018587360576174
loss: 2.3591404296733716 = (1-reg): 0.4 * r2l_loss: 2.3866756898385506 + (reg):0.6 * l2r_loos: 2.3407834627010202 
r2l_scores: {'Bleu_1': 0.8178438661694836, 'Bleu_2': 0.7074007927490694, 'Bleu_3': 0.6109115953560764, 'Bleu_4': 0.522833236204034, 'METEOR': 0.35717417147632696, 'ROUGE_L': 0.7130587979363798, 'CIDEr': 0.9467863519002091}
l2r_scores: {'Bleu_1': 0.8367346938759986, 'Bleu_2': 0.7331387629386549, 'Bleu_3': 0.6459623353613165, 'Bleu_4': 0.5628639361473112, 'METEOR': 0.36256322480242165, 'ROUGE_L': 0.7490383070976145, 'CIDEr': 0.998992750104525}
Saving checkpoint at epoch=24 to ./checkpoints/checkpoints_MSVD_ResNet152+I3D/2025-04-12 14_40_02 _ Transformer _ MSVD _ FEAT MSVD_ResNet152+I3D fsl-50 mcl-10 _ EMB 512 _ Transformer d-640-N-4-h-10-h_big-128-dp-0.1-sn-0 _ OPTIM Adam lr-0.0001-dc-12-0.5-5-wd-5e-06-rg-0.6 _ bs-32 gc-5.0/24.ckpt


loss: 1.1840169474335966 = (1-reg): 0.4 * r2l_loss: 1.1900232696924053 + (reg):0.6 * l2r_loos: 1.1800126687034231 
{'testlen': 524, 'reflen': 525, 'guess': [524, 424, 324, 225], 'correct': [424, 255, 144, 74]}
ratio: 0.998095238093337
{'testlen': 538, 'reflen': 537, 'guess': [538, 438, 338, 238], 'correct': [440, 278, 168, 81]}
ratio: 1.001862197391058
loss: 2.3673553970124988 = (1-reg): 0.4 * r2l_loss: 2.3982491705152724 + (reg):0.6 * l2r_loos: 2.3467594270352965 
r2l_scores: {'Bleu_1': 0.8076175788199352, 'Bleu_2': 0.6962667249674535, 'Bleu_3': 0.599119311989232, 'Bleu_4': 0.5154542062920034, 'METEOR': 0.3457774360123909, 'ROUGE_L': 0.6989687629280052, 'CIDEr': 0.9722085906122213}
l2r_scores: {'Bleu_1': 0.8178438661694836, 'Bleu_2': 0.7204776998418483, 'Bleu_3': 0.6366164979956725, 'Bleu_4': 0.5443590310583932, 'METEOR': 0.3558962683625409, 'ROUGE_L': 0.7236454344454808, 'CIDEr': 1.0521511889270379}
Saving checkpoint at epoch=25 to ./checkpoints/checkpoints_MSVD_ResNet152+I3D/2025-04-12 14_40_02 _ Transformer _ MSVD _ FEAT MSVD_ResNet152+I3D fsl-50 mcl-10 _ EMB 512 _ Transformer d-640-N-4-h-10-h_big-128-dp-0.1-sn-0 _ OPTIM Adam lr-0.0001-dc-12-0.5-5-wd-5e-06-rg-0.6 _ bs-32 gc-5.0/25.ckpt



[BEST: 10 SEED: 904666]
{'testlen': 3562, 'reflen': 3565, 'guess': [3562, 2892, 2222, 1558], 'correct': [2946, 1818, 1038, 514]}
ratio: 0.999158485273212
{'testlen': 3474, 'reflen': 3475, 'guess': [3474, 2804, 2134, 1464], 'correct': [2879, 1788, 1041, 489]}
ratio: 0.9997122302155397
r2l scores: {'Bleu_1': 0.826367168506721, 'Bleu_2': 0.7204460022689892, 'Bleu_3': 0.6233952170219325, 'Bleu_4': 0.531594002505617, 'METEOR': 0.3715419820261109, 'ROUGE_L': 0.7307677100026991, 'CIDEr': 0.9281466630535725}
l2r scores: {'Bleu_1': 0.8284891743152549, 'Bleu_2': 0.7267343115395666, 'Bleu_3': 0.6362496317460793, 'Bleu_4': 0.5415410097242479, 'METEOR': 0.37844680292968347, 'ROUGE_L': 0.7427076287767522, 'CIDEr': 0.9541304644574571}
./checkpoints/checkpoints_MSVD_ResNet152+I3D/2025-04-12 14_40_02 _ Transformer _ MSVD _ FEAT MSVD_ResNet152+I3D fsl-50 mcl-10 _ EMB 512 _ Transformer d-640-N-4-h-10-h_big-128-dp-0.1-sn-0 _ OPTIM Adam lr-0.0001-dc-12-0.5-5-wd-5e-06-rg-0.6 _ bs-32 gc-5.0
['19.ckpt', '2.ckpt', 'best.ckpt', '22.ckpt', '4.ckpt', '10.ckpt', '21.ckpt', '11.ckpt', '5.ckpt', '8.ckpt', '3.ckpt', '13.ckpt', '6.ckpt', '9.ckpt', '20.ckpt', '16.ckpt', '15.ckpt', '12.ckpt', '7.ckpt', '23.ckpt', '14.ckpt', '24.ckpt', '17.ckpt', '1.ckpt', '18.ckpt', '25.ckpt']
Build data_loader according to 19.ckpt
#vocabs: 3891 (9158), #words: 323223 (329680). Trim words which appear less than 3 times.
Now is test in the ./checkpoints/checkpoints_MSVD_ResNet152+I3D/2025-04-12 14_40_02 _ Transformer _ MSVD _ FEAT MSVD_ResNet152+I3D fsl-50 mcl-10 _ EMB 512 _ Transformer d-640-N-4-h-10-h_big-128-dp-0.1-sn-0 _ OPTIM Adam lr-0.0001-dc-12-0.5-5-wd-5e-06-rg-0.6 _ bs-32 gc-5.0/0.ckpt
Now is test in the ./checkpoints/checkpoints_MSVD_ResNet152+I3D/2025-04-12 14_40_02 _ Transformer _ MSVD _ FEAT MSVD_ResNet152+I3D fsl-50 mcl-10 _ EMB 512 _ Transformer d-640-N-4-h-10-h_big-128-dp-0.1-sn-0 _ OPTIM Adam lr-0.0001-dc-12-0.5-5-wd-5e-06-rg-0.6 _ bs-32 gc-5.0/1.ckpt
Now is test in the ./checkpoints/checkpoints_MSVD_ResNet152+I3D/2025-04-12 14_40_02 _ Transformer _ MSVD _ FEAT MSVD_ResNet152+I3D fsl-50 mcl-10 _ EMB 512 _ Transformer d-640-N-4-h-10-h_big-128-dp-0.1-sn-0 _ OPTIM Adam lr-0.0001-dc-12-0.5-5-wd-5e-06-rg-0.6 _ bs-32 gc-5.0/2.ckpt
Now is test in the ./checkpoints/checkpoints_MSVD_ResNet152+I3D/2025-04-12 14_40_02 _ Transformer _ MSVD _ FEAT MSVD_ResNet152+I3D fsl-50 mcl-10 _ EMB 512 _ Transformer d-640-N-4-h-10-h_big-128-dp-0.1-sn-0 _ OPTIM Adam lr-0.0001-dc-12-0.5-5-wd-5e-06-rg-0.6 _ bs-32 gc-5.0/3.ckpt
Finish build data_loader.
Finish the model load in CUDA. Try to enter Test Set.
{'testlen': 3524, 'reflen': 3525, 'guess': [3524, 2854, 2184, 1514], 'correct': [2890, 1768, 1025, 459]}
ratio: 0.999716312056454
[TEST L2R] in 4.ckpt is {'Bleu_1': 0.8198581230248009, 'Bleu_2': 0.7125607204117639, 'Bleu_3': 0.6199127703618421, 'Bleu_4': 0.5183687714846922, 'METEOR': 0.36603616168743786, 'ROUGE_L': 0.7365034160763803, 'CIDEr': 0.9264798846009566}
Now is test in the ./checkpoints/checkpoints_MSVD_ResNet152+I3D/2025-04-12 14_40_02 _ Transformer _ MSVD _ FEAT MSVD_ResNet152+I3D fsl-50 mcl-10 _ EMB 512 _ Transformer d-640-N-4-h-10-h_big-128-dp-0.1-sn-0 _ OPTIM Adam lr-0.0001-dc-12-0.5-5-wd-5e-06-rg-0.6 _ bs-32 gc-5.0/4.ckpt
Finish build data_loader.
Finish the model load in CUDA. Try to enter Test Set.
{'testlen': 3548, 'reflen': 3546, 'guess': [3548, 2878, 2208, 1538], 'correct': [2919, 1774, 1031, 473]}
ratio: 1.00056401579216
[TEST L2R] in 5.ckpt is {'Bleu_1': 0.8227170236750782, 'Bleu_2': 0.7121256926164524, 'Bleu_3': 0.6186679746073451, 'Bleu_4': 0.5194807128377544, 'METEOR': 0.3594851121988726, 'ROUGE_L': 0.7371023764923732, 'CIDEr': 0.9269728287151416}
Now is test in the ./checkpoints/checkpoints_MSVD_ResNet152+I3D/2025-04-12 14_40_02 _ Transformer _ MSVD _ FEAT MSVD_ResNet152+I3D fsl-50 mcl-10 _ EMB 512 _ Transformer d-640-N-4-h-10-h_big-128-dp-0.1-sn-0 _ OPTIM Adam lr-0.0001-dc-12-0.5-5-wd-5e-06-rg-0.6 _ bs-32 gc-5.0/5.ckpt
Finish build data_loader.
Finish the model load in CUDA. Try to enter Test Set.
{'testlen': 3588, 'reflen': 3585, 'guess': [3588, 2918, 2248, 1578], 'correct': [2931, 1780, 1046, 493]}
ratio: 1.0008368200834028
[TEST L2R] in 6.ckpt is {'Bleu_1': 0.8168896321067958, 'Bleu_2': 0.7059095370898113, 'Bleu_3': 0.6143433460831645, 'Bleu_4': 0.518792094085386, 'METEOR': 0.36656137728427574, 'ROUGE_L': 0.7366272520743167, 'CIDEr': 0.9387677605196484}
Now is test in the ./checkpoints/checkpoints_MSVD_ResNet152+I3D/2025-04-12 14_40_02 _ Transformer _ MSVD _ FEAT MSVD_ResNet152+I3D fsl-50 mcl-10 _ EMB 512 _ Transformer d-640-N-4-h-10-h_big-128-dp-0.1-sn-0 _ OPTIM Adam lr-0.0001-dc-12-0.5-5-wd-5e-06-rg-0.6 _ bs-32 gc-5.0/6.ckpt
Finish build data_loader.
Finish the model load in CUDA. Try to enter Test Set.
{'testlen': 3671, 'reflen': 3667, 'guess': [3671, 3001, 2331, 1661], 'correct': [2967, 1832, 1085, 535]}
ratio: 1.0010908099260973
[TEST L2R] in 7.ckpt is {'Bleu_1': 0.8082266412419482, 'Bleu_2': 0.702419109020163, 'Bleu_3': 0.6123880397654197, 'Bleu_4': 0.5215141092394406, 'METEOR': 0.3742435485177226, 'ROUGE_L': 0.7333629839545254, 'CIDEr': 0.925566898653268}
Now is test in the ./checkpoints/checkpoints_MSVD_ResNet152+I3D/2025-04-12 14_40_02 _ Transformer _ MSVD _ FEAT MSVD_ResNet152+I3D fsl-50 mcl-10 _ EMB 512 _ Transformer d-640-N-4-h-10-h_big-128-dp-0.1-sn-0 _ OPTIM Adam lr-0.0001-dc-12-0.5-5-wd-5e-06-rg-0.6 _ bs-32 gc-5.0/7.ckpt
Finish build data_loader.
Finish the model load in CUDA. Try to enter Test Set.
{'testlen': 3446, 'reflen': 3451, 'guess': [3446, 2776, 2106, 1436], 'correct': [2841, 1724, 1013, 478]}
ratio: 0.99855114459548
[TEST L2R] in 8.ckpt is {'Bleu_1': 0.8232387749469949, 'Bleu_2': 0.7145074102330969, 'Bleu_3': 0.625909394448612, 'Bleu_4': 0.534311388504646, 'METEOR': 0.36888542016228965, 'ROUGE_L': 0.7383653622799567, 'CIDEr': 0.9418374012350392}
Now is test in the ./checkpoints/checkpoints_MSVD_ResNet152+I3D/2025-04-12 14_40_02 _ Transformer _ MSVD _ FEAT MSVD_ResNet152+I3D fsl-50 mcl-10 _ EMB 512 _ Transformer d-640-N-4-h-10-h_big-128-dp-0.1-sn-0 _ OPTIM Adam lr-0.0001-dc-12-0.5-5-wd-5e-06-rg-0.6 _ bs-32 gc-5.0/8.ckpt
Finish build data_loader.
Finish the model load in CUDA. Try to enter Test Set.
{'testlen': 3651, 'reflen': 3645, 'guess': [3651, 2981, 2311, 1641], 'correct': [3050, 1908, 1134, 554]}
ratio: 1.0016460905347047
[TEST L2R] in 9.ckpt is {'Bleu_1': 0.8353875650504422, 'Bleu_2': 0.7312269686010148, 'Bleu_3': 0.6401855048895809, 'Bleu_4': 0.5455438614335083, 'METEOR': 0.38335528308462924, 'ROUGE_L': 0.7531604916675761, 'CIDEr': 0.9611971694987864}
Now is test in the ./checkpoints/checkpoints_MSVD_ResNet152+I3D/2025-04-12 14_40_02 _ Transformer _ MSVD _ FEAT MSVD_ResNet152+I3D fsl-50 mcl-10 _ EMB 512 _ Transformer d-640-N-4-h-10-h_big-128-dp-0.1-sn-0 _ OPTIM Adam lr-0.0001-dc-12-0.5-5-wd-5e-06-rg-0.6 _ bs-32 gc-5.0/9.ckpt
Finish build data_loader.
Finish the model load in CUDA. Try to enter Test Set.
{'testlen': 3474, 'reflen': 3475, 'guess': [3474, 2804, 2134, 1464], 'correct': [2879, 1788, 1041, 489]}
ratio: 0.9997122302155397
[TEST L2R] in 10.ckpt is {'Bleu_1': 0.8284891743152549, 'Bleu_2': 0.7267343115395666, 'Bleu_3': 0.6362496317460793, 'Bleu_4': 0.5415410097242479, 'METEOR': 0.37844680292968347, 'ROUGE_L': 0.7427076287767521, 'CIDEr': 0.9541304644574569}
Now is test in the ./checkpoints/checkpoints_MSVD_ResNet152+I3D/2025-04-12 14_40_02 _ Transformer _ MSVD _ FEAT MSVD_ResNet152+I3D fsl-50 mcl-10 _ EMB 512 _ Transformer d-640-N-4-h-10-h_big-128-dp-0.1-sn-0 _ OPTIM Adam lr-0.0001-dc-12-0.5-5-wd-5e-06-rg-0.6 _ bs-32 gc-5.0/10.ckpt
Finish build data_loader.
Finish the model load in CUDA. Try to enter Test Set.
{'testlen': 3714, 'reflen': 3709, 'guess': [3714, 3044, 2374, 1704], 'correct': [3058, 1896, 1149, 570]}
ratio: 1.001348072256403
[TEST L2R] in 11.ckpt is {'Bleu_1': 0.8233710285404353, 'Bleu_2': 0.7161345606605332, 'Bleu_3': 0.6284579053058765, 'Bleu_4': 0.5367949994394439, 'METEOR': 0.38296656597659784, 'ROUGE_L': 0.7441483651184679, 'CIDEr': 1.0077532538672926}
Now is test in the ./checkpoints/checkpoints_MSVD_ResNet152+I3D/2025-04-12 14_40_02 _ Transformer _ MSVD _ FEAT MSVD_ResNet152+I3D fsl-50 mcl-10 _ EMB 512 _ Transformer d-640-N-4-h-10-h_big-128-dp-0.1-sn-0 _ OPTIM Adam lr-0.0001-dc-12-0.5-5-wd-5e-06-rg-0.6 _ bs-32 gc-5.0/11.ckpt
Finish build data_loader.
Finish the model load in CUDA. Try to enter Test Set.
{'testlen': 3567, 'reflen': 3564, 'guess': [3567, 2897, 2227, 1557], 'correct': [2887, 1771, 1045, 510]}
ratio: 1.00084175084147
[TEST L2R] in 12.ckpt is {'Bleu_1': 0.8093636108772612, 'Bleu_2': 0.7034072985871017, 'Bleu_3': 0.6146151642774592, 'Bleu_4': 0.525137272749477, 'METEOR': 0.37299785736404684, 'ROUGE_L': 0.7371687890447761, 'CIDEr': 0.9232424229592515}
Now is test in the ./checkpoints/checkpoints_MSVD_ResNet152+I3D/2025-04-12 14_40_02 _ Transformer _ MSVD _ FEAT MSVD_ResNet152+I3D fsl-50 mcl-10 _ EMB 512 _ Transformer d-640-N-4-h-10-h_big-128-dp-0.1-sn-0 _ OPTIM Adam lr-0.0001-dc-12-0.5-5-wd-5e-06-rg-0.6 _ bs-32 gc-5.0/12.ckpt
Finish build data_loader.
Finish the model load in CUDA. Try to enter Test Set.
{'testlen': 3542, 'reflen': 3539, 'guess': [3542, 2872, 2202, 1532], 'correct': [2926, 1791, 1072, 524]}
ratio: 1.0008476970892906
[TEST L2R] in 13.ckpt is {'Bleu_1': 0.8260869565215059, 'Bleu_2': 0.7177421604511626, 'Bleu_3': 0.6306254042517158, 'Bleu_4': 0.5411862163850366, 'METEOR': 0.3760798700209556, 'ROUGE_L': 0.7416872296357179, 'CIDEr': 0.9518782106217726}
Now is test in the ./checkpoints/checkpoints_MSVD_ResNet152+I3D/2025-04-12 14_40_02 _ Transformer _ MSVD _ FEAT MSVD_ResNet152+I3D fsl-50 mcl-10 _ EMB 512 _ Transformer d-640-N-4-h-10-h_big-128-dp-0.1-sn-0 _ OPTIM Adam lr-0.0001-dc-12-0.5-5-wd-5e-06-rg-0.6 _ bs-32 gc-5.0/13.ckpt
Finish build data_loader.
Finish the model load in CUDA. Try to enter Test Set.
{'testlen': 3470, 'reflen': 3470, 'guess': [3470, 2800, 2130, 1460], 'correct': [2821, 1715, 1031, 525]}
ratio: 0.9999999999997118
[TEST L2R] in 14.ckpt is {'Bleu_1': 0.812968299711347, 'Bleu_2': 0.7056508226969473, 'Bleu_3': 0.6223283545071263, 'Bleu_4': 0.542583151138047, 'METEOR': 0.3810549411292443, 'ROUGE_L': 0.737430568096229, 'CIDEr': 0.9119660634790603}
Now is test in the ./checkpoints/checkpoints_MSVD_ResNet152+I3D/2025-04-12 14_40_02 _ Transformer _ MSVD _ FEAT MSVD_ResNet152+I3D fsl-50 mcl-10 _ EMB 512 _ Transformer d-640-N-4-h-10-h_big-128-dp-0.1-sn-0 _ OPTIM Adam lr-0.0001-dc-12-0.5-5-wd-5e-06-rg-0.6 _ bs-32 gc-5.0/14.ckpt
Finish build data_loader.
Finish the model load in CUDA. Try to enter Test Set.
{'testlen': 3611, 'reflen': 3607, 'guess': [3611, 2941, 2271, 1601], 'correct': [2935, 1816, 1099, 537]}
ratio: 1.001108954809814
[TEST L2R] in 15.ckpt is {'Bleu_1': 0.8127942398225387, 'Bleu_2': 0.7084361568575945, 'Bleu_3': 0.6239177363742362, 'Bleu_4': 0.5342459483344235, 'METEOR': 0.374017123908511, 'ROUGE_L': 0.7352189240089178, 'CIDEr': 0.9290878059337165}
Now is test in the ./checkpoints/checkpoints_MSVD_ResNet152+I3D/2025-04-12 14_40_02 _ Transformer _ MSVD _ FEAT MSVD_ResNet152+I3D fsl-50 mcl-10 _ EMB 512 _ Transformer d-640-N-4-h-10-h_big-128-dp-0.1-sn-0 _ OPTIM Adam lr-0.0001-dc-12-0.5-5-wd-5e-06-rg-0.6 _ bs-32 gc-5.0/15.ckpt
Finish build data_loader.
Finish the model load in CUDA. Try to enter Test Set.
{'testlen': 3543, 'reflen': 3541, 'guess': [3543, 2873, 2203, 1533], 'correct': [2906, 1796, 1076, 532]}
ratio: 1.0005648121996609
[TEST L2R] in 16.ckpt is {'Bleu_1': 0.8202088625456336, 'Bleu_2': 0.7160569791090788, 'Bleu_3': 0.6303246810258353, 'Bleu_4': 0.5429572091767048, 'METEOR': 0.3805558379451813, 'ROUGE_L': 0.7407333228579998, 'CIDEr': 0.9474404134691615}
Now is test in the ./checkpoints/checkpoints_MSVD_ResNet152+I3D/2025-04-12 14_40_02 _ Transformer _ MSVD _ FEAT MSVD_ResNet152+I3D fsl-50 mcl-10 _ EMB 512 _ Transformer d-640-N-4-h-10-h_big-128-dp-0.1-sn-0 _ OPTIM Adam lr-0.0001-dc-12-0.5-5-wd-5e-06-rg-0.6 _ bs-32 gc-5.0/16.ckpt
Finish build data_loader.
Finish the model load in CUDA. Try to enter Test Set.
{'testlen': 3601, 'reflen': 3598, 'guess': [3601, 2931, 2261, 1591], 'correct': [2964, 1839, 1108, 555]}
ratio: 1.0008337965533627
[TEST L2R] in 17.ckpt is {'Bleu_1': 0.8231046931405657, 'Bleu_2': 0.7186385234774071, 'Bleu_3': 0.6325381570992626, 'Bleu_4': 0.5450931790352636, 'METEOR': 0.3836662069696093, 'ROUGE_L': 0.7432230068518509, 'CIDEr': 0.9806347961713785}
Now is test in the ./checkpoints/checkpoints_MSVD_ResNet152+I3D/2025-04-12 14_40_02 _ Transformer _ MSVD _ FEAT MSVD_ResNet152+I3D fsl-50 mcl-10 _ EMB 512 _ Transformer d-640-N-4-h-10-h_big-128-dp-0.1-sn-0 _ OPTIM Adam lr-0.0001-dc-12-0.5-5-wd-5e-06-rg-0.6 _ bs-32 gc-5.0/17.ckpt
Finish build data_loader.
Finish the model load in CUDA. Try to enter Test Set.
{'testlen': 3623, 'reflen': 3621, 'guess': [3623, 2953, 2283, 1613], 'correct': [3004, 1874, 1120, 542]}
ratio: 1.000552333609224
[TEST L2R] in 18.ckpt is {'Bleu_1': 0.8291471156497849, 'Bleu_2': 0.725385494796163, 'Bleu_3': 0.6367221356166495, 'Bleu_4': 0.5426923392692051, 'METEOR': 0.382336793002938, 'ROUGE_L': 0.7450184001631674, 'CIDEr': 0.9789754982116365}
Now is test in the ./checkpoints/checkpoints_MSVD_ResNet152+I3D/2025-04-12 14_40_02 _ Transformer _ MSVD _ FEAT MSVD_ResNet152+I3D fsl-50 mcl-10 _ EMB 512 _ Transformer d-640-N-4-h-10-h_big-128-dp-0.1-sn-0 _ OPTIM Adam lr-0.0001-dc-12-0.5-5-wd-5e-06-rg-0.6 _ bs-32 gc-5.0/18.ckpt
Finish build data_loader.
Finish the model load in CUDA. Try to enter Test Set.
{'testlen': 3581, 'reflen': 3583, 'guess': [3581, 2911, 2241, 1571], 'correct': [2938, 1809, 1099, 553]}
ratio: 0.9994418085400504
[TEST L2R] in 19.ckpt is {'Bleu_1': 0.8199831264163772, 'Bleu_2': 0.713640290063448, 'Bleu_3': 0.6296376186720682, 'Bleu_4': 0.5443705204800676, 'METEOR': 0.37727929776504976, 'ROUGE_L': 0.7403246615880495, 'CIDEr': 0.9781186773745739}
Now is test in the ./checkpoints/checkpoints_MSVD_ResNet152+I3D/2025-04-12 14_40_02 _ Transformer _ MSVD _ FEAT MSVD_ResNet152+I3D fsl-50 mcl-10 _ EMB 512 _ Transformer d-640-N-4-h-10-h_big-128-dp-0.1-sn-0 _ OPTIM Adam lr-0.0001-dc-12-0.5-5-wd-5e-06-rg-0.6 _ bs-32 gc-5.0/19.ckpt
Finish build data_loader.
Finish the model load in CUDA. Try to enter Test Set.
{'testlen': 3608, 'reflen': 3609, 'guess': [3608, 2938, 2268, 1598], 'correct': [2945, 1801, 1073, 534]}
ratio: 0.999722914934608
[TEST L2R] in 20.ckpt is {'Bleu_1': 0.8160154854263599, 'Bleu_2': 0.7071637268518199, 'Bleu_3': 0.6184321866334818, 'Bleu_4': 0.5301882411981585, 'METEOR': 0.3754012514961113, 'ROUGE_L': 0.7321317747551038, 'CIDEr': 0.943807745595702}
Now is test in the ./checkpoints/checkpoints_MSVD_ResNet152+I3D/2025-04-12 14_40_02 _ Transformer _ MSVD _ FEAT MSVD_ResNet152+I3D fsl-50 mcl-10 _ EMB 512 _ Transformer d-640-N-4-h-10-h_big-128-dp-0.1-sn-0 _ OPTIM Adam lr-0.0001-dc-12-0.5-5-wd-5e-06-rg-0.6 _ bs-32 gc-5.0/20.ckpt
Finish build data_loader.
Finish the model load in CUDA. Try to enter Test Set.
{'testlen': 3561, 'reflen': 3558, 'guess': [3561, 2891, 2221, 1551], 'correct': [2933, 1831, 1083, 536]}
ratio: 1.0008431703201235
[TEST L2R] in 21.ckpt is {'Bleu_1': 0.8236450435268678, 'Bleu_2': 0.7222543579355966, 'Bleu_3': 0.6336071654037159, 'Bleu_4': 0.5445068002748448, 'METEOR': 0.3815283987354089, 'ROUGE_L': 0.7433155507052209, 'CIDEr': 0.9878352159705271}
Now is test in the ./checkpoints/checkpoints_MSVD_ResNet152+I3D/2025-04-12 14_40_02 _ Transformer _ MSVD _ FEAT MSVD_ResNet152+I3D fsl-50 mcl-10 _ EMB 512 _ Transformer d-640-N-4-h-10-h_big-128-dp-0.1-sn-0 _ OPTIM Adam lr-0.0001-dc-12-0.5-5-wd-5e-06-rg-0.6 _ bs-32 gc-5.0/21.ckpt
Finish build data_loader.
Finish the model load in CUDA. Try to enter Test Set.
{'testlen': 3602, 'reflen': 3600, 'guess': [3602, 2932, 2262, 1592], 'correct': [3007, 1872, 1119, 557]}
ratio: 1.0005555555552776
[TEST L2R] in 22.ckpt is {'Bleu_1': 0.834813992226309, 'Bleu_2': 0.7300721790194061, 'Bleu_3': 0.6412435769322835, 'Bleu_4': 0.5511188987571857, 'METEOR': 0.3812696578814846, 'ROUGE_L': 0.749255704975957, 'CIDEr': 0.9674523487899787}
Now is test in the ./checkpoints/checkpoints_MSVD_ResNet152+I3D/2025-04-12 14_40_02 _ Transformer _ MSVD _ FEAT MSVD_ResNet152+I3D fsl-50 mcl-10 _ EMB 512 _ Transformer d-640-N-4-h-10-h_big-128-dp-0.1-sn-0 _ OPTIM Adam lr-0.0001-dc-12-0.5-5-wd-5e-06-rg-0.6 _ bs-32 gc-5.0/22.ckpt
Finish build data_loader.
Finish the model load in CUDA. Try to enter Test Set.
{'testlen': 3549, 'reflen': 3548, 'guess': [3549, 2879, 2209, 1539], 'correct': [2951, 1824, 1087, 537]}
ratio: 1.0002818489286922
[TEST L2R] in 23.ckpt is {'Bleu_1': 0.8315018315015972, 'Bleu_2': 0.7258104046804071, 'Bleu_3': 0.6376172665559093, 'Bleu_4': 0.5484082359143703, 'METEOR': 0.37836098135136664, 'ROUGE_L': 0.740837918584067, 'CIDEr': 0.9658677302077638}
Now is test in the ./checkpoints/checkpoints_MSVD_ResNet152+I3D/2025-04-12 14_40_02 _ Transformer _ MSVD _ FEAT MSVD_ResNet152+I3D fsl-50 mcl-10 _ EMB 512 _ Transformer d-640-N-4-h-10-h_big-128-dp-0.1-sn-0 _ OPTIM Adam lr-0.0001-dc-12-0.5-5-wd-5e-06-rg-0.6 _ bs-32 gc-5.0/23.ckpt
Finish build data_loader.
Finish the model load in CUDA. Try to enter Test Set.
{'testlen': 3570, 'reflen': 3564, 'guess': [3570, 2900, 2230, 1560], 'correct': [2942, 1799, 1088, 547]}
ratio: 1.0016835016832206
[TEST L2R] in 24.ckpt is {'Bleu_1': 0.8240896358541109, 'Bleu_2': 0.7149963238152502, 'Bleu_3': 0.6294731594932699, 'Bleu_4': 0.5438117593449617, 'METEOR': 0.37852374099905006, 'ROUGE_L': 0.7436481394915762, 'CIDEr': 0.972176927961473}
Now is test in the ./checkpoints/checkpoints_MSVD_ResNet152+I3D/2025-04-12 14_40_02 _ Transformer _ MSVD _ FEAT MSVD_ResNet152+I3D fsl-50 mcl-10 _ EMB 512 _ Transformer d-640-N-4-h-10-h_big-128-dp-0.1-sn-0 _ OPTIM Adam lr-0.0001-dc-12-0.5-5-wd-5e-06-rg-0.6 _ bs-32 gc-5.0/24.ckpt
Finish build data_loader.
Finish the model load in CUDA. Try to enter Test Set.
{'testlen': 3603, 'reflen': 3599, 'guess': [3603, 2933, 2263, 1593], 'correct': [3010, 1885, 1149, 583]}
ratio: 1.001111419838566
[TEST L2R] in 25.ckpt is {'Bleu_1': 0.8354149320008784, 'Bleu_2': 0.7327414549688775, 'Bleu_3': 0.6484039719972027, 'Bleu_4': 0.5620144018429962, 'METEOR': 0.3846235637136032, 'ROUGE_L': 0.7530035810888243, 'CIDEr': 1.0007261146563533}
