Found 1 CUDA device(s)

Device 0: NVIDIA A100-SXM4-40GB
  Total memory bytes: 42296475648
  MultiProcessor count: 108
  Major.Minor: 8.0
  Max threads per block: 2048
  Memory reserved bytes: 0
  Memory allocated bytes: 0
  Free inside reserved bytes: 0
  Active allocations: 0
========================================
MODEL ID: MSRVTT = FEAT newBlip2ClsKF+newMViTv2+newImgCapBlip2KF fsl-13 mcl-20 = Transformer d-512 N_enc-0 N_dec-3 h-4 h_big-4 dp-0.1 = OPTIM lr-0.0001 warmup-3 gamma-0.5 pat-3 wd-5e-06 rg-0.6 = bs-64-gc-5.0-ls-0.15 = 1764772530
Enter the load_video_feats method.
Enter the load_video_feats method.
Enter the load_video_feats method.
#vocabs: 10444 (23046), #words: 1178850 (1194458). Trim words which appear less than 3 times.
{'Total': 53111704, 'Trainable': 53111704}


[EPOCH 1 TRAIN]
time: 197.49 seconds | lr: 0.000033
loss:3.928834 = (1-reg):0.40 * r2l_loss:3.929151 + (reg):0.60 * l2r_loss:3.928623
{'testlen': 2899, 'reflen': 3199, 'guess': [2899, 2402, 1905, 1413], 'correct': [2483, 1477, 731, 312]}
ratio: 0.9062206939665813
{'testlen': 2964, 'reflen': 3207, 'guess': [2964, 2467, 1970, 1473], 'correct': [2618, 1620, 843, 370]}
ratio: 0.9242282507013021
[EPOCH 1 VAL]
time: 76.89 seconds
loss:3.533532 = (1-reg):0.40 * r2l_loss:3.477205 + (reg):0.60 * l2r_loss:3.571083
r2l_scores: {'Bleu_1': 0.7722999227750531, 'Bleu_2': 0.6543731714231988, 'Bleu_3': 0.5291477474191045, 'Bleu_4': 0.41442905315108036, 'METEOR': 0.28120326804134393, 'ROUGE_L': 0.6075981385812211, 'CIDEr': 0.47630266963901985}
l2r_scores: {'Bleu_1': 0.8137412439705984, 'Bleu_2': 0.7016387070283334, 'Bleu_3': 0.5789767237495564, 'Bleu_4': 0.4603565153237443, 'METEOR': 0.29378905093065133, 'ROUGE_L': 0.6355842212301699, 'CIDEr': 0.49004131503957277}
>> Saving checkpoint to 1.ckpt
>> New best model at epoch 1 | CIDEr: 0.49004131503957277


[EPOCH 2 TRAIN]
time: 193.65 seconds | lr: 0.000056
loss:3.237067 = (1-reg):0.40 * r2l_loss:3.226002 + (reg):0.60 * l2r_loss:3.244444
{'testlen': 2922, 'reflen': 3175, 'guess': [2922, 2425, 1928, 1433], 'correct': [2569, 1559, 780, 314]}
ratio: 0.9203149606296314
{'testlen': 2907, 'reflen': 3167, 'guess': [2907, 2410, 1913, 1418], 'correct': [2593, 1621, 857, 384]}
ratio: 0.9179033785914373
[EPOCH 2 VAL]
time: 77.32 seconds
loss:3.182107 = (1-reg):0.40 * r2l_loss:3.164140 + (reg):0.60 * l2r_loss:3.194086
r2l_scores: {'Bleu_1': 0.8062703859081458, 'Bleu_2': 0.6894550363081562, 'Bleu_3': 0.5607880646864828, 'Bleu_4': 0.4338795088203052, 'METEOR': 0.2944982953138016, 'ROUGE_L': 0.6295438532550287, 'CIDEr': 0.5519435621068776}
l2r_scores: {'Bleu_1': 0.8156700147412808, 'Bleu_2': 0.7083024449506334, 'Bleu_3': 0.5901378208558669, 'Bleu_4': 0.4749720870565822, 'METEOR': 0.301453479355342, 'ROUGE_L': 0.6399867757283348, 'CIDEr': 0.5440608554273746}
>> Saving checkpoint to 2.ckpt
>> New best model at epoch 2 | CIDEr: 0.5440608554273746


[EPOCH 3 TRAIN]
time: 193.23 seconds | lr: 0.000078
loss:2.950814 = (1-reg):0.40 * r2l_loss:2.939135 + (reg):0.60 * l2r_loss:2.958600
{'testlen': 2969, 'reflen': 3230, 'guess': [2969, 2472, 1975, 1478], 'correct': [2611, 1622, 849, 358]}
ratio: 0.9191950464393439
{'testlen': 3071, 'reflen': 3277, 'guess': [3071, 2574, 2077, 1580], 'correct': [2747, 1732, 942, 437]}
ratio: 0.9371376258770409
[EPOCH 3 VAL]
time: 78.15 seconds
loss:3.015099 = (1-reg):0.40 * r2l_loss:2.988758 + (reg):0.60 * l2r_loss:3.032659
r2l_scores: {'Bleu_1': 0.8054128364364561, 'Bleu_2': 0.6956990360430828, 'Bleu_3': 0.575442263265519, 'Bleu_4': 0.4534286241457937, 'METEOR': 0.3068250000308195, 'ROUGE_L': 0.6450841290710846, 'CIDEr': 0.6137385402609318}
l2r_scores: {'Bleu_1': 0.8364630249148343, 'Bleu_2': 0.7254825973844838, 'Bleu_3': 0.6066135448299178, 'Bleu_4': 0.4901817537064372, 'METEOR': 0.3126118486643881, 'ROUGE_L': 0.6484509526827118, 'CIDEr': 0.591279304080606}
>> Saving checkpoint to 3.ckpt
>> New best model at epoch 3 | CIDEr: 0.591279304080606


[EPOCH 4 TRAIN]
time: 191.50 seconds | lr: 0.000100
loss:2.764021 = (1-reg):0.40 * r2l_loss:2.751730 + (reg):0.60 * l2r_loss:2.772215
{'testlen': 2991, 'reflen': 3230, 'guess': [2991, 2494, 1997, 1500], 'correct': [2567, 1578, 823, 336]}
ratio: 0.9260061919501777
{'testlen': 3278, 'reflen': 3429, 'guess': [3278, 2781, 2284, 1787], 'correct': [2875, 1808, 981, 454]}
ratio: 0.9559638378533228
[EPOCH 4 VAL]
time: 79.69 seconds
loss:2.911378 = (1-reg):0.40 * r2l_loss:2.893759 + (reg):0.60 * l2r_loss:2.923124
r2l_scores: {'Bleu_1': 0.792330826954365, 'Bleu_2': 0.6803103845252715, 'Bleu_3': 0.560502674825117, 'Bleu_4': 0.43683713093733006, 'METEOR': 0.29322689508474026, 'ROUGE_L': 0.629820561753465, 'CIDEr': 0.6210057086455395}
l2r_scores: {'Bleu_1': 0.837574151871386, 'Bleu_2': 0.721119990467245, 'Bleu_3': 0.5974856072385031, 'Bleu_4': 0.4769545572256278, 'METEOR': 0.31272821994728595, 'ROUGE_L': 0.649455928504419, 'CIDEr': 0.624155470092511}
>> Saving checkpoint to 4.ckpt
>> New best model at epoch 4 | CIDEr: 0.624155470092511


[EPOCH 5 TRAIN]
time: 189.40 seconds | lr: 0.000100
loss:2.617906 = (1-reg):0.40 * r2l_loss:2.604773 + (reg):0.60 * l2r_loss:2.626661
{'testlen': 3046, 'reflen': 3257, 'guess': [3046, 2549, 2052, 1555], 'correct': [2632, 1585, 826, 357]}
ratio: 0.935216456861856
{'testlen': 3276, 'reflen': 3415, 'guess': [3276, 2779, 2282, 1785], 'correct': [2919, 1842, 1022, 478]}
ratio: 0.9592972181549168
[EPOCH 5 VAL]
time: 79.14 seconds
loss:2.872244 = (1-reg):0.40 * r2l_loss:2.868010 + (reg):0.60 * l2r_loss:2.875067
r2l_scores: {'Bleu_1': 0.8062540268657634, 'Bleu_2': 0.6839488431657553, 'Bleu_3': 0.5600867260704965, 'Bleu_4': 0.44045839657401115, 'METEOR': 0.2970218803051765, 'ROUGE_L': 0.634234455595161, 'CIDEr': 0.6009736933740577}
l2r_scores: {'Bleu_1': 0.8540104347859978, 'Bleu_2': 0.7365777837554667, 'Bleu_3': 0.615245558964552, 'Bleu_4': 0.49445529100373115, 'METEOR': 0.3167200373598236, 'ROUGE_L': 0.6541780309069531, 'CIDEr': 0.6396698408075859}
>> Saving checkpoint to 5.ckpt
>> New best model at epoch 5 | CIDEr: 0.6396698408075859


[EPOCH 6 TRAIN]
time: 191.03 seconds | lr: 0.000100
loss:2.513386 = (1-reg):0.40 * r2l_loss:2.498047 + (reg):0.60 * l2r_loss:2.523612
{'testlen': 3313, 'reflen': 3454, 'guess': [3313, 2816, 2319, 1822], 'correct': [2803, 1712, 902, 403]}
ratio: 0.9591777649099713
{'testlen': 3381, 'reflen': 3488, 'guess': [3381, 2884, 2387, 1890], 'correct': [2991, 1900, 1023, 472]}
ratio: 0.9693233944951349
[EPOCH 6 VAL]
time: 83.16 seconds
loss:2.825194 = (1-reg):0.40 * r2l_loss:2.823322 + (reg):0.60 * l2r_loss:2.826442
r2l_scores: {'Bleu_1': 0.8108084320600845, 'Bleu_2': 0.6873105029555733, 'Bleu_3': 0.5605006426274144, 'Bleu_4': 0.43954202349111815, 'METEOR': 0.30050749349912004, 'ROUGE_L': 0.6318015072983608, 'CIDEr': 0.6124450371577826}
l2r_scores: {'Bleu_1': 0.8570909965661487, 'Bleu_2': 0.7396401607927844, 'Bleu_3': 0.6101546958828679, 'Bleu_4': 0.4841879086341335, 'METEOR': 0.31855649423357424, 'ROUGE_L': 0.6564932759133267, 'CIDEr': 0.6290601310435704}


[EPOCH 7 TRAIN]
time: 187.33 seconds | lr: 0.000100
loss:2.429074 = (1-reg):0.40 * r2l_loss:2.412976 + (reg):0.60 * l2r_loss:2.439805
{'testlen': 3253, 'reflen': 3390, 'guess': [3253, 2756, 2259, 1762], 'correct': [2808, 1700, 886, 391]}
ratio: 0.9595870206486845
{'testlen': 3308, 'reflen': 3446, 'guess': [3308, 2811, 2314, 1817], 'correct': [2924, 1847, 982, 438]}
ratio: 0.9599535693554963
[EPOCH 7 VAL]
time: 82.65 seconds
loss:2.806250 = (1-reg):0.40 * r2l_loss:2.796813 + (reg):0.60 * l2r_loss:2.812542
r2l_scores: {'Bleu_1': 0.8276043043474522, 'Bleu_2': 0.6996020521623663, 'Bleu_3': 0.5688220812083611, 'Bleu_4': 0.4448386086702968, 'METEOR': 0.29959639540722566, 'ROUGE_L': 0.6303120443045872, 'CIDEr': 0.621764692871401}
l2r_scores: {'Bleu_1': 0.8478018950151053, 'Bleu_2': 0.7309564020218108, 'Bleu_3': 0.6013646088860164, 'Bleu_4': 0.47353689699714396, 'METEOR': 0.320580242994197, 'ROUGE_L': 0.6508641292058084, 'CIDEr': 0.647600897509194}
>> Saving checkpoint to 7.ckpt
>> New best model at epoch 7 | CIDEr: 0.647600897509194


[EPOCH 8 TRAIN]
time: 190.94 seconds | lr: 0.000100
loss:2.359172 = (1-reg):0.40 * r2l_loss:2.342254 + (reg):0.60 * l2r_loss:2.370451
{'testlen': 3247, 'reflen': 3425, 'guess': [3247, 2750, 2253, 1756], 'correct': [2808, 1700, 898, 382]}
ratio: 0.9480291970800152
{'testlen': 3321, 'reflen': 3439, 'guess': [3321, 2824, 2327, 1830], 'correct': [2908, 1824, 967, 443]}
ratio: 0.9656876999124845
[EPOCH 8 VAL]
time: 82.81 seconds
loss:2.788578 = (1-reg):0.40 * r2l_loss:2.788482 + (reg):0.60 * l2r_loss:2.788641
r2l_scores: {'Bleu_1': 0.8186662063573933, 'Bleu_2': 0.692161708763411, 'Bleu_3': 0.56542383406947, 'Bleu_4': 0.4392515557817001, 'METEOR': 0.3033644305019751, 'ROUGE_L': 0.6309998985217822, 'CIDEr': 0.63580773823743}
l2r_scores: {'Bleu_1': 0.8450733512750753, 'Bleu_2': 0.7257912268915716, 'Bleu_3': 0.5955809523587128, 'Bleu_4': 0.47134182503687905, 'METEOR': 0.3190469369385842, 'ROUGE_L': 0.6495710369251254, 'CIDEr': 0.6208724031436047}


[EPOCH 9 TRAIN]
time: 189.57 seconds | lr: 0.000100
loss:2.299514 = (1-reg):0.40 * r2l_loss:2.283412 + (reg):0.60 * l2r_loss:2.310249
{'testlen': 3216, 'reflen': 3375, 'guess': [3216, 2719, 2222, 1725], 'correct': [2748, 1657, 879, 402]}
ratio: 0.9528888888886066
{'testlen': 3243, 'reflen': 3382, 'guess': [3243, 2746, 2249, 1752], 'correct': [2851, 1816, 998, 478]}
ratio: 0.958900059136322
[EPOCH 9 VAL]
time: 80.96 seconds
loss:2.790362 = (1-reg):0.40 * r2l_loss:2.794327 + (reg):0.60 * l2r_loss:2.787718
r2l_scores: {'Bleu_1': 0.813259302140052, 'Bleu_2': 0.6868080008335345, 'Bleu_3': 0.562101340557814, 'Bleu_4': 0.4455047019129967, 'METEOR': 0.3007405120861703, 'ROUGE_L': 0.6291658412682182, 'CIDEr': 0.6354799294803973}
l2r_scores: {'Bleu_1': 0.8422397510175549, 'Bleu_2': 0.7304966963655227, 'Bleu_3': 0.6098939914939645, 'Bleu_4': 0.49346980235360277, 'METEOR': 0.3229165303116564, 'ROUGE_L': 0.6634447174681205, 'CIDEr': 0.6556960224452623}
>> Saving checkpoint to 9.ckpt
>> New best model at epoch 9 | CIDEr: 0.6556960224452623


[EPOCH 10 TRAIN]
time: 198.97 seconds | lr: 0.000100
loss:2.247565 = (1-reg):0.40 * r2l_loss:2.230874 + (reg):0.60 * l2r_loss:2.258693
{'testlen': 3264, 'reflen': 3431, 'guess': [3264, 2767, 2270, 1774], 'correct': [2814, 1725, 898, 388]}
ratio: 0.9513261439810693
{'testlen': 3276, 'reflen': 3396, 'guess': [3276, 2779, 2282, 1785], 'correct': [2894, 1819, 986, 456]}
ratio: 0.9646643109537796
[EPOCH 10 VAL]
time: 82.75 seconds
loss:2.780220 = (1-reg):0.40 * r2l_loss:2.779329 + (reg):0.60 * l2r_loss:2.780814
r2l_scores: {'Bleu_1': 0.8191314608951542, 'Bleu_2': 0.6965569103517927, 'Bleu_3': 0.5670845096711407, 'Bleu_4': 0.44121501313465994, 'METEOR': 0.3038657723822377, 'ROUGE_L': 0.6352770390011451, 'CIDEr': 0.6256908224239324}
l2r_scores: {'Bleu_1': 0.8516210957138062, 'Bleu_2': 0.7330627811784785, 'Bleu_3': 0.6071720864401342, 'Bleu_4': 0.4845498327283574, 'METEOR': 0.3192060832941015, 'ROUGE_L': 0.6499450546134359, 'CIDEr': 0.6315955076932328}


[EPOCH 11 TRAIN]
time: 202.50 seconds | lr: 0.000100
loss:2.200380 = (1-reg):0.40 * r2l_loss:2.184218 + (reg):0.60 * l2r_loss:2.211154
{'testlen': 3278, 'reflen': 3429, 'guess': [3278, 2781, 2284, 1787], 'correct': [2878, 1744, 915, 403]}
ratio: 0.9559638378533228
{'testlen': 3331, 'reflen': 3454, 'guess': [3331, 2834, 2337, 1841], 'correct': [2943, 1856, 1027, 490]}
ratio: 0.9643891140703635
[EPOCH 11 VAL]
time: 83.75 seconds
loss:2.781925 = (1-reg):0.40 * r2l_loss:2.786916 + (reg):0.60 * l2r_loss:2.778598
r2l_scores: {'Bleu_1': 0.8384481422907301, 'Bleu_2': 0.7086112329281385, 'Bleu_3': 0.5770035369350324, 'Bleu_4': 0.45100106923821437, 'METEOR': 0.3021413696701785, 'ROUGE_L': 0.639004560225669, 'CIDEr': 0.6376402899718709}
l2r_scores: {'Bleu_1': 0.8514887950361445, 'Bleu_2': 0.7330948787469396, 'Bleu_3': 0.6105648569689329, 'Bleu_4': 0.4915585477227904, 'METEOR': 0.3219144731255696, 'ROUGE_L': 0.6522190568149373, 'CIDEr': 0.6340850153272762}


[EPOCH 12 TRAIN]
time: 198.64 seconds | lr: 0.000100
loss:2.158445 = (1-reg):0.40 * r2l_loss:2.141194 + (reg):0.60 * l2r_loss:2.169945
{'testlen': 3260, 'reflen': 3401, 'guess': [3260, 2763, 2266, 1769], 'correct': [2752, 1653, 862, 375]}
ratio: 0.9585416054098916
{'testlen': 3455, 'reflen': 3548, 'guess': [3455, 2958, 2461, 1964], 'correct': [3009, 1816, 967, 455]}
ratio: 0.9737880496051371
[EPOCH 12 VAL]
time: 85.30 seconds
loss:2.787154 = (1-reg):0.40 * r2l_loss:2.787561 + (reg):0.60 * l2r_loss:2.786882
r2l_scores: {'Bleu_1': 0.8084383873021362, 'Bleu_2': 0.6805773581536418, 'Bleu_3': 0.5525939812821696, 'Bleu_4': 0.4302139572155736, 'METEOR': 0.29141806080360266, 'ROUGE_L': 0.613826210313069, 'CIDEr': 0.6046601489461282}
l2r_scores: {'Bleu_1': 0.8477816450213365, 'Bleu_2': 0.7117963863507561, 'Bleu_3': 0.5786892710062095, 'Bleu_4': 0.45722400091480003, 'METEOR': 0.3152420504614688, 'ROUGE_L': 0.6421869971219268, 'CIDEr': 0.6038685349942373}


[EPOCH 13 TRAIN]
time: 201.61 seconds | lr: 0.000100
loss:2.118910 = (1-reg):0.40 * r2l_loss:2.102731 + (reg):0.60 * l2r_loss:2.129696
{'testlen': 3329, 'reflen': 3468, 'guess': [3329, 2832, 2335, 1838], 'correct': [2848, 1720, 907, 410]}
ratio: 0.9599192618220992
{'testlen': 3467, 'reflen': 3547, 'guess': [3467, 2970, 2473, 1978], 'correct': [3022, 1899, 1016, 466]}
ratio: 0.9774457287846131
[EPOCH 13 VAL]
time: 83.48 seconds
loss:2.786008 = (1-reg):0.40 * r2l_loss:2.787791 + (reg):0.60 * l2r_loss:2.784818
r2l_scores: {'Bleu_1': 0.8205263572164221, 'Bleu_2': 0.6913485243547619, 'Bleu_3': 0.5625920743431541, 'Bleu_4': 0.44179559488588593, 'METEOR': 0.29962396558461857, 'ROUGE_L': 0.625101390446213, 'CIDEr': 0.6257321351948303}
l2r_scores: {'Bleu_1': 0.8517642373185231, 'Bleu_2': 0.7295135285168793, 'Bleu_3': 0.5978217226750195, 'Bleu_4': 0.47093760618987235, 'METEOR': 0.32059306585497255, 'ROUGE_L': 0.6514967714695598, 'CIDEr': 0.6342734450856454}


[EPOCH 14 TRAIN]
time: 192.16 seconds | lr: 0.000100
loss:2.083022 = (1-reg):0.40 * r2l_loss:2.066759 + (reg):0.60 * l2r_loss:2.093864
{'testlen': 3162, 'reflen': 3330, 'guess': [3162, 2665, 2168, 1671], 'correct': [2686, 1550, 783, 330]}
ratio: 0.9495495495492644
{'testlen': 3416, 'reflen': 3501, 'guess': [3416, 2919, 2422, 1925], 'correct': [2966, 1805, 941, 409]}
ratio: 0.9757212225075762
[EPOCH 14 VAL]
time: 82.71 seconds
loss:2.789155 = (1-reg):0.40 * r2l_loss:2.797616 + (reg):0.60 * l2r_loss:2.783514
r2l_scores: {'Bleu_1': 0.8055076570283475, 'Bleu_2': 0.6665225453336562, 'Bleu_3': 0.53384998429697, 'Bleu_4': 0.41084705741811745, 'METEOR': 0.2879223417832025, 'ROUGE_L': 0.6059165860669632, 'CIDEr': 0.5826584115019084}
l2r_scores: {'Bleu_1': 0.846928556985807, 'Bleu_2': 0.7147294709944322, 'Bleu_3': 0.578492126335776, 'Bleu_4': 0.4475531372501747, 'METEOR': 0.31560440504865567, 'ROUGE_L': 0.6376909041673148, 'CIDEr': 0.602380283682563}


[EPOCH 15 TRAIN]
time: 191.99 seconds | lr: 0.000050
loss:2.002060 = (1-reg):0.40 * r2l_loss:1.985729 + (reg):0.60 * l2r_loss:2.012948
{'testlen': 3346, 'reflen': 3460, 'guess': [3346, 2849, 2352, 1855], 'correct': [2827, 1674, 877, 382]}
ratio: 0.9670520231211078
{'testlen': 3442, 'reflen': 3532, 'guess': [3442, 2945, 2448, 1951], 'correct': [2984, 1835, 973, 437]}
ratio: 0.9745186862964398
[EPOCH 15 VAL]
time: 84.55 seconds
loss:2.785720 = (1-reg):0.40 * r2l_loss:2.790236 + (reg):0.60 * l2r_loss:2.782710
r2l_scores: {'Bleu_1': 0.8165884405081284, 'Bleu_2': 0.6809806852089411, 'Bleu_3': 0.5508225862920177, 'Bleu_4': 0.4270606003730905, 'METEOR': 0.2928986154911258, 'ROUGE_L': 0.617868690804627, 'CIDEr': 0.6066994494633634}
l2r_scores: {'Bleu_1': 0.8445632880820286, 'Bleu_2': 0.7160009650878773, 'Bleu_3': 0.5833434102842293, 'Bleu_4': 0.4562052992569364, 'METEOR': 0.3171739867825909, 'ROUGE_L': 0.6453855506133002, 'CIDEr': 0.6193562268043583}


[EPOCH 16 TRAIN]
time: 200.47 seconds | lr: 0.000050
loss:1.972367 = (1-reg):0.40 * r2l_loss:1.956172 + (reg):0.60 * l2r_loss:1.983164
{'testlen': 3321, 'reflen': 3460, 'guess': [3321, 2824, 2327, 1830], 'correct': [2833, 1705, 901, 397]}
ratio: 0.9598265895950984
{'testlen': 3485, 'reflen': 3565, 'guess': [3485, 2988, 2491, 1994], 'correct': [3001, 1896, 1034, 471]}
ratio: 0.9775596072928534
[EPOCH 16 VAL]
time: 84.84 seconds
loss:2.793550 = (1-reg):0.40 * r2l_loss:2.800236 + (reg):0.60 * l2r_loss:2.789092
r2l_scores: {'Bleu_1': 0.8180886415151122, 'Bleu_2': 0.6882422962852541, 'Bleu_3': 0.5602879253132004, 'Bleu_4': 0.4373699767680082, 'METEOR': 0.3010283002509118, 'ROUGE_L': 0.6228903006521156, 'CIDEr': 0.6137098893192044}
l2r_scores: {'Bleu_1': 0.8415768020962542, 'Bleu_2': 0.7224220932152104, 'Bleu_3': 0.596009429458938, 'Bleu_4': 0.47018787122039635, 'METEOR': 0.32095213163675185, 'ROUGE_L': 0.6467651922971732, 'CIDEr': 0.5998199406216093}



[BEST: 9 | SEED: 904666 | VAL-CIDEr: 0.6556960224452623]
{'testlen': 19331, 'reflen': 20464, 'guess': [19331, 16341, 13351, 10362], 'correct': [16511, 9928, 5211, 2429]}
ratio: 0.9446344800625027
{'testlen': 19273, 'reflen': 20274, 'guess': [19273, 16283, 13293, 10303], 'correct': [16898, 10633, 5676, 2591]}
ratio: 0.9506264180723611
time: 404.54 seconds
r2l_scores: {'Bleu_1': 0.8054986748856044, 'Bleu_2': 0.6793551488291597, 'Bleu_3': 0.5538373804943846, 'Bleu_4': 0.4402193452572525, 'METEOR': 0.2937145465241343, 'ROUGE_L': 0.6221212656245774, 'CIDEr': 0.617084871670147}
l2r_scores: {'Bleu_1': 0.8323953046129202, 'Bleu_2': 0.7183685736830947, 'Bleu_3': 0.5936346236946035, 'Bleu_4': 0.4727442498119998, 'METEOR': 0.30822534152587455, 'ROUGE_L': 0.6449966281660772, 'CIDEr': 0.6118080212514838}
----------------------------------------
>> [Train time] Total: 3110.48 seconds => Per epoch: 194.41 seconds
>> [Val time] Total: 1308.15 seconds => Per epoch: 81.76 seconds
