Found 1 CUDA device(s)

Device 0: NVIDIA A100-SXM4-40GB
  Total memory bytes: 42296475648
  MultiProcessor count: 108
  Major.Minor: 8.0
  Max threads per block: 2048
  Memory reserved bytes: 0
  Memory allocated bytes: 0
  Free inside reserved bytes: 0
  Active allocations: 0
========================================
MODEL ID: MSRVTT = FEAT newBlip2ClsKF+newMViTv2+newImgCapBlip2KF fsl-13 mcl-20 = Transformer d-512 N_enc-0 N_dec-3 h-4 h_big-4 dp-0.1 = OPTIM lr-0.0001 warmup-3 gamma-0.5 pat-3 wd-5e-06 rg-0.6 = bs-64-gc-5.0-ls-0.2 = 1764751813
Enter the load_video_feats method.
Enter the load_video_feats method.
Enter the load_video_feats method.
#vocabs: 10444 (23046), #words: 1178850 (1194458). Trim words which appear less than 3 times.
{'Total': 53114776, 'Trainable': 53114776}


[EPOCH 1 TRAIN]
time: 193.63 seconds | lr: 0.000033
loss:3.651390 = (1-reg):0.40 * r2l_loss:3.653980 + (reg):0.60 * l2r_loss:3.649663
{'testlen': 2835, 'reflen': 3144, 'guess': [2835, 2338, 1841, 1355], 'correct': [2433, 1412, 691, 289]}
ratio: 0.9017175572516216
{'testlen': 2881, 'reflen': 3147, 'guess': [2881, 2384, 1887, 1390], 'correct': [2511, 1510, 773, 334]}
ratio: 0.9154750556082252
[EPOCH 1 VAL]
time: 76.60 seconds
loss:3.312127 = (1-reg):0.40 * r2l_loss:3.269158 + (reg):0.60 * l2r_loss:3.340773
r2l_scores: {'Bleu_1': 0.7695790650536525, 'Bleu_2': 0.6455855738110706, 'Bleu_3': 0.5195954796292175, 'Bleu_4': 0.4047200404707457, 'METEOR': 0.2795650943536719, 'ROUGE_L': 0.6026628977390874, 'CIDEr': 0.45272143207433496}
l2r_scores: {'Bleu_1': 0.7947041051892213, 'Bleu_2': 0.6774684540740278, 'Bleu_3': 0.5555151619097767, 'Bleu_4': 0.44023072985797, 'METEOR': 0.28941205773820505, 'ROUGE_L': 0.6228365255466086, 'CIDEr': 0.45029486089167925}
>> Saving checkpoint to 1.ckpt
>> New best model at epoch 1 | CIDEr: 0.45029486089167925


[EPOCH 2 TRAIN]
time: 195.44 seconds | lr: 0.000056
loss:3.031567 = (1-reg):0.40 * r2l_loss:3.021196 + (reg):0.60 * l2r_loss:3.038480
{'testlen': 2911, 'reflen': 3164, 'guess': [2911, 2414, 1917, 1423], 'correct': [2559, 1552, 798, 330]}
ratio: 0.920037926674804
{'testlen': 2951, 'reflen': 3192, 'guess': [2951, 2454, 1957, 1460], 'correct': [2610, 1638, 874, 391]}
ratio: 0.9244987468668783
[EPOCH 2 VAL]
time: 78.04 seconds
loss:3.010644 = (1-reg):0.40 * r2l_loss:2.962686 + (reg):0.60 * l2r_loss:3.042617
r2l_scores: {'Bleu_1': 0.8059030558799399, 'Bleu_2': 0.6892011412403344, 'Bleu_3': 0.5659470825447281, 'Bleu_4': 0.44307047375554365, 'METEOR': 0.29262885473094036, 'ROUGE_L': 0.6314777793131241, 'CIDEr': 0.5712160889800636}
l2r_scores: {'Bleu_1': 0.815086443212943, 'Bleu_2': 0.7080887435191587, 'Bleu_3': 0.5909391819721053, 'Bleu_4': 0.4750574775340583, 'METEOR': 0.30310992905874024, 'ROUGE_L': 0.638164308043049, 'CIDEr': 0.5336233890300563}
>> Saving checkpoint to 2.ckpt
>> New best model at epoch 2 | CIDEr: 0.5336233890300563


[EPOCH 3 TRAIN]
time: 195.22 seconds | lr: 0.000078
loss:2.773480 = (1-reg):0.40 * r2l_loss:2.762138 + (reg):0.60 * l2r_loss:2.781041
{'testlen': 2942, 'reflen': 3183, 'guess': [2942, 2445, 1948, 1451], 'correct': [2561, 1557, 793, 325]}
ratio: 0.924285265472534
{'testlen': 3105, 'reflen': 3302, 'guess': [3105, 2608, 2111, 1614], 'correct': [2736, 1706, 894, 405]}
ratio: 0.9403391883703996
[EPOCH 3 VAL]
time: 80.51 seconds
loss:2.820337 = (1-reg):0.40 * r2l_loss:2.806682 + (reg):0.60 * l2r_loss:2.829440
r2l_scores: {'Bleu_1': 0.8020303105032492, 'Bleu_2': 0.6859811802013261, 'Bleu_3': 0.5609328005456446, 'Bleu_4': 0.43686080538911437, 'METEOR': 0.2991217967480374, 'ROUGE_L': 0.6361455037676104, 'CIDEr': 0.5965112093550969}
l2r_scores: {'Bleu_1': 0.8269899218939378, 'Bleu_2': 0.7125390865265563, 'Bleu_3': 0.5865487763686265, 'Bleu_4': 0.46690379637910845, 'METEOR': 0.3096555160257941, 'ROUGE_L': 0.6425089298046721, 'CIDEr': 0.5934828802925515}
>> Saving checkpoint to 3.ckpt
>> New best model at epoch 3 | CIDEr: 0.5934828802925515


[EPOCH 4 TRAIN]
time: 196.90 seconds | lr: 0.000100
loss:2.604499 = (1-reg):0.40 * r2l_loss:2.591839 + (reg):0.60 * l2r_loss:2.612939
{'testlen': 3130, 'reflen': 3331, 'guess': [3130, 2633, 2136, 1641], 'correct': [2680, 1600, 818, 349]}
ratio: 0.9396577604320205
{'testlen': 3152, 'reflen': 3341, 'guess': [3152, 2655, 2158, 1661], 'correct': [2775, 1755, 954, 459]}
ratio: 0.9434301107450035
[EPOCH 4 VAL]
time: 82.95 seconds
loss:2.748001 = (1-reg):0.40 * r2l_loss:2.737355 + (reg):0.60 * l2r_loss:2.755098
r2l_scores: {'Bleu_1': 0.8029735838297607, 'Bleu_2': 0.6764576174699453, 'Bleu_3': 0.5477486889718012, 'Bleu_4': 0.42549349209368703, 'METEOR': 0.2899958564627852, 'ROUGE_L': 0.6142486987940865, 'CIDEr': 0.5930227871105049}
l2r_scores: {'Bleu_1': 0.8291548468852391, 'Bleu_2': 0.7184615851611501, 'Bleu_3': 0.5989919253053719, 'Bleu_4': 0.48631336541635967, 'METEOR': 0.3153387391273448, 'ROUGE_L': 0.6473066111500057, 'CIDEr': 0.6245510221817692}
>> Saving checkpoint to 4.ckpt
>> New best model at epoch 4 | CIDEr: 0.6245510221817692


[EPOCH 5 TRAIN]
time: 198.39 seconds | lr: 0.000100
loss:2.471871 = (1-reg):0.40 * r2l_loss:2.457013 + (reg):0.60 * l2r_loss:2.481776
{'testlen': 3112, 'reflen': 3322, 'guess': [3112, 2615, 2118, 1622], 'correct': [2661, 1584, 799, 338]}
ratio: 0.9367850692351184
{'testlen': 3160, 'reflen': 3334, 'guess': [3160, 2663, 2166, 1669], 'correct': [2790, 1746, 931, 414]}
ratio: 0.9478104379121333
[EPOCH 5 VAL]
time: 81.58 seconds
loss:2.686943 = (1-reg):0.40 * r2l_loss:2.671657 + (reg):0.60 * l2r_loss:2.697133
r2l_scores: {'Bleu_1': 0.7992796982253337, 'Bleu_2': 0.672725485677145, 'Bleu_3': 0.5424129217206144, 'Bleu_4': 0.41989176457732036, 'METEOR': 0.2908609488860554, 'ROUGE_L': 0.6177036348408554, 'CIDEr': 0.5919285219982238}
l2r_scores: {'Bleu_1': 0.8356096315105906, 'Bleu_2': 0.7200811019417434, 'Bleu_3': 0.5952692618004091, 'Bleu_4': 0.4717291058383415, 'METEOR': 0.312751535464126, 'ROUGE_L': 0.6445621025296009, 'CIDEr': 0.622439112257268}


[EPOCH 6 TRAIN]
time: 194.09 seconds | lr: 0.000100
loss:2.374384 = (1-reg):0.40 * r2l_loss:2.358127 + (reg):0.60 * l2r_loss:2.385222
{'testlen': 3109, 'reflen': 3327, 'guess': [3109, 2612, 2115, 1619], 'correct': [2684, 1635, 859, 384]}
ratio: 0.9344755034562866
{'testlen': 3287, 'reflen': 3418, 'guess': [3287, 2790, 2293, 1796], 'correct': [2908, 1859, 1014, 477]}
ratio: 0.9616734932706373
[EPOCH 6 VAL]
time: 80.71 seconds
loss:2.667972 = (1-reg):0.40 * r2l_loss:2.665450 + (reg):0.60 * l2r_loss:2.669654
r2l_scores: {'Bleu_1': 0.8048398855412232, 'Bleu_2': 0.685331806570463, 'Bleu_3': 0.5623552532887862, 'Bleu_4': 0.4453137310021985, 'METEOR': 0.2971599357973908, 'ROUGE_L': 0.6300845139017491, 'CIDEr': 0.6176500079112042}
l2r_scores: {'Bleu_1': 0.8501319508963888, 'Bleu_2': 0.7377794987270712, 'Bleu_3': 0.6138461961256594, 'Bleu_4': 0.49291337028516435, 'METEOR': 0.3227144041379132, 'ROUGE_L': 0.6557866759851513, 'CIDEr': 0.6451540777076239}
>> Saving checkpoint to 6.ckpt
>> New best model at epoch 6 | CIDEr: 0.6451540777076239


[EPOCH 7 TRAIN]
time: 193.42 seconds | lr: 0.000100
loss:2.297301 = (1-reg):0.40 * r2l_loss:2.281159 + (reg):0.60 * l2r_loss:2.308062
{'testlen': 3277, 'reflen': 3448, 'guess': [3277, 2780, 2283, 1786], 'correct': [2807, 1714, 927, 444]}
ratio: 0.9504060324823229
{'testlen': 3318, 'reflen': 3440, 'guess': [3318, 2821, 2324, 1828], 'correct': [2891, 1822, 993, 459]}
ratio: 0.9645348837206499
[EPOCH 7 VAL]
time: 82.94 seconds
loss:2.637681 = (1-reg):0.40 * r2l_loss:2.642350 + (reg):0.60 * l2r_loss:2.634568
r2l_scores: {'Bleu_1': 0.8130245720214148, 'Bleu_2': 0.689769038940369, 'Bleu_3': 0.5681194248891898, 'Bleu_4': 0.45607843000893683, 'METEOR': 0.3048448687076162, 'ROUGE_L': 0.6342925688977062, 'CIDEr': 0.6337651142157977}
l2r_scores: {'Bleu_1': 0.8398526100474882, 'Bleu_2': 0.723085852547755, 'Bleu_3': 0.5993880405606581, 'Bleu_4': 0.47780206247864465, 'METEOR': 0.3210903477709928, 'ROUGE_L': 0.6484139698464475, 'CIDEr': 0.6437471151950563}


[EPOCH 8 TRAIN]
time: 198.24 seconds | lr: 0.000100
loss:2.232752 = (1-reg):0.40 * r2l_loss:2.216008 + (reg):0.60 * l2r_loss:2.243914
{'testlen': 3232, 'reflen': 3408, 'guess': [3232, 2735, 2238, 1741], 'correct': [2810, 1723, 926, 432]}
ratio: 0.9483568075114588
{'testlen': 3241, 'reflen': 3397, 'guess': [3241, 2744, 2247, 1750], 'correct': [2813, 1760, 938, 422]}
ratio: 0.954077126876375
[EPOCH 8 VAL]
time: 84.02 seconds
loss:2.624800 = (1-reg):0.40 * r2l_loss:2.623928 + (reg):0.60 * l2r_loss:2.625381
r2l_scores: {'Bleu_1': 0.8233514758230673, 'Bleu_2': 0.700860780212226, 'Bleu_3': 0.5773709207044047, 'Bleu_4': 0.4611582677591596, 'METEOR': 0.3101940446391609, 'ROUGE_L': 0.6401256099660914, 'CIDEr': 0.6421319909072039}
l2r_scores: {'Bleu_1': 0.827154578356605, 'Bleu_2': 0.7110589509218197, 'Bleu_3': 0.5859163980210479, 'Bleu_4': 0.4636810362210925, 'METEOR': 0.31211621673830475, 'ROUGE_L': 0.6331126921795593, 'CIDEr': 0.5972381200803464}


[EPOCH 9 TRAIN]
time: 198.91 seconds | lr: 0.000100
loss:2.177297 = (1-reg):0.40 * r2l_loss:2.160357 + (reg):0.60 * l2r_loss:2.188590
{'testlen': 3218, 'reflen': 3398, 'guess': [3218, 2721, 2224, 1728], 'correct': [2766, 1684, 868, 398]}
ratio: 0.9470276633310927
{'testlen': 3162, 'reflen': 3328, 'guess': [3162, 2665, 2168, 1671], 'correct': [2807, 1791, 984, 466]}
ratio: 0.9501201923074069
[EPOCH 9 VAL]
time: 80.76 seconds
loss:2.619394 = (1-reg):0.40 * r2l_loss:2.620041 + (reg):0.60 * l2r_loss:2.618962
r2l_scores: {'Bleu_1': 0.8127813247119949, 'Bleu_2': 0.6896796647091527, 'Bleu_3': 0.5599240495505975, 'Bleu_4': 0.44218964642990033, 'METEOR': 0.30356143073311104, 'ROUGE_L': 0.6307077061191813, 'CIDEr': 0.6096936732421788}
l2r_scores: {'Bleu_1': 0.8423271002005442, 'Bleu_2': 0.7328915023331805, 'Bleu_3': 0.613863493275738, 'Bleu_4': 0.4974005694779638, 'METEOR': 0.3242552308121193, 'ROUGE_L': 0.656485716150883, 'CIDEr': 0.6409154724579772}


[EPOCH 10 TRAIN]
time: 198.79 seconds | lr: 0.000100
loss:2.129500 = (1-reg):0.40 * r2l_loss:2.111576 + (reg):0.60 * l2r_loss:2.141449
{'testlen': 3210, 'reflen': 3412, 'guess': [3210, 2713, 2216, 1719], 'correct': [2769, 1672, 877, 402]}
ratio: 0.9407971864006621
{'testlen': 3315, 'reflen': 3455, 'guess': [3315, 2818, 2321, 1824], 'correct': [2884, 1778, 971, 464]}
ratio: 0.9594790159186803
[EPOCH 10 VAL]
time: 83.39 seconds
loss:2.618718 = (1-reg):0.40 * r2l_loss:2.623171 + (reg):0.60 * l2r_loss:2.615750
r2l_scores: {'Bleu_1': 0.8100064714821925, 'Bleu_2': 0.6846565489207396, 'Bleu_3': 0.5584898851400256, 'Bleu_4': 0.4422488063579348, 'METEOR': 0.2971550700501025, 'ROUGE_L': 0.6248972666249597, 'CIDEr': 0.6024144618156294}
l2r_scores: {'Bleu_1': 0.8340085025743194, 'Bleu_2': 0.7102479689868235, 'Bleu_3': 0.5870489042826783, 'Bleu_4': 0.4712959271738254, 'METEOR': 0.3155705457077253, 'ROUGE_L': 0.6371687615968733, 'CIDEr': 0.5989769789171712}


[EPOCH 11 TRAIN]
time: 194.50 seconds | lr: 0.000100
loss:2.086128 = (1-reg):0.40 * r2l_loss:2.068143 + (reg):0.60 * l2r_loss:2.098117
{'testlen': 3174, 'reflen': 3350, 'guess': [3174, 2677, 2180, 1683], 'correct': [2746, 1670, 865, 390]}
ratio: 0.9474626865668814
{'testlen': 3328, 'reflen': 3436, 'guess': [3328, 2831, 2334, 1837], 'correct': [2931, 1843, 995, 461]}
ratio: 0.9685681024444213
[EPOCH 11 VAL]
time: 84.57 seconds
loss:2.606941 = (1-reg):0.40 * r2l_loss:2.619666 + (reg):0.60 * l2r_loss:2.598457
r2l_scores: {'Bleu_1': 0.8184869301409304, 'Bleu_2': 0.695022706980676, 'Bleu_3': 0.5660114887487957, 'Bleu_4': 0.44652275148101583, 'METEOR': 0.29610379213392996, 'ROUGE_L': 0.6231938909521152, 'CIDEr': 0.6233786555814308}
l2r_scores: {'Bleu_1': 0.852587202862735, 'Bleu_2': 0.7330191019956496, 'Bleu_3': 0.6052754242415885, 'Bleu_4': 0.4817694977638678, 'METEOR': 0.31857959035343586, 'ROUGE_L': 0.6485111875230394, 'CIDEr': 0.6051550538396596}


[EPOCH 12 TRAIN]
time: 199.03 seconds | lr: 0.000100
loss:2.046833 = (1-reg):0.40 * r2l_loss:2.028959 + (reg):0.60 * l2r_loss:2.058750
{'testlen': 3147, 'reflen': 3326, 'guess': [3147, 2650, 2153, 1656], 'correct': [2698, 1653, 869, 379]}
ratio: 0.9461815995186572
{'testlen': 3298, 'reflen': 3417, 'guess': [3298, 2801, 2304, 1807], 'correct': [2927, 1862, 1032, 493]}
ratio: 0.9651741293529513
[EPOCH 12 VAL]
time: 82.05 seconds
loss:2.613872 = (1-reg):0.40 * r2l_loss:2.617781 + (reg):0.60 * l2r_loss:2.611266
r2l_scores: {'Bleu_1': 0.8099211124142591, 'Bleu_2': 0.6908497560667312, 'Bleu_3': 0.5666916677456294, 'Bleu_4': 0.4453784700898388, 'METEOR': 0.29490559527552374, 'ROUGE_L': 0.6224352064399006, 'CIDEr': 0.6154799788346879}
l2r_scores: {'Bleu_1': 0.8560549673954085, 'Bleu_2': 0.7408817551225787, 'Bleu_3': 0.6189775073074119, 'Bleu_4': 0.4998166710121278, 'METEOR': 0.3277936027278527, 'ROUGE_L': 0.6584446768863539, 'CIDEr': 0.6464173810543428}
>> Saving checkpoint to 12.ckpt
>> New best model at epoch 12 | CIDEr: 0.6464173810543428


[EPOCH 13 TRAIN]
time: 200.62 seconds | lr: 0.000100
loss:2.011216 = (1-reg):0.40 * r2l_loss:1.993625 + (reg):0.60 * l2r_loss:2.022943
{'testlen': 3295, 'reflen': 3433, 'guess': [3295, 2798, 2301, 1804], 'correct': [2781, 1702, 879, 393]}
ratio: 0.9598019225164697
{'testlen': 3361, 'reflen': 3479, 'guess': [3361, 2864, 2367, 1870], 'correct': [2913, 1855, 1036, 491]}
ratio: 0.966082207530622
[EPOCH 13 VAL]
time: 83.36 seconds
loss:2.605941 = (1-reg):0.40 * r2l_loss:2.615307 + (reg):0.60 * l2r_loss:2.599697
r2l_scores: {'Bleu_1': 0.8093877093465346, 'Bleu_2': 0.6871313178387255, 'Bleu_3': 0.5571698309520232, 'Bleu_4': 0.43599595254842094, 'METEOR': 0.2956377261770609, 'ROUGE_L': 0.6171427224590329, 'CIDEr': 0.5982302674144395}
l2r_scores: {'Bleu_1': 0.836805452835726, 'Bleu_2': 0.7233924397353404, 'Bleu_3': 0.6047195177560244, 'Bleu_4': 0.4865904636396536, 'METEOR': 0.32158701956242913, 'ROUGE_L': 0.652463816211503, 'CIDEr': 0.6390695497745941}


[EPOCH 14 TRAIN]
time: 197.05 seconds | lr: 0.000100
loss:1.977551 = (1-reg):0.40 * r2l_loss:1.959703 + (reg):0.60 * l2r_loss:1.989449
{'testlen': 3294, 'reflen': 3433, 'guess': [3294, 2797, 2300, 1803], 'correct': [2818, 1675, 878, 391]}
ratio: 0.9595106320999244
{'testlen': 3376, 'reflen': 3471, 'guess': [3376, 2879, 2382, 1885], 'correct': [2938, 1852, 1018, 481]}
ratio: 0.9726303658885126
[EPOCH 14 VAL]
time: 83.62 seconds
loss:2.608481 = (1-reg):0.40 * r2l_loss:2.619321 + (reg):0.60 * l2r_loss:2.601254
r2l_scores: {'Bleu_1': 0.8201457964988611, 'Bleu_2': 0.6861886635932269, 'Bleu_3': 0.5564709222197164, 'Bleu_4': 0.43505636989575686, 'METEOR': 0.29969261970754296, 'ROUGE_L': 0.6227004369866229, 'CIDEr': 0.6211464031195689}
l2r_scores: {'Bleu_1': 0.8461130415834486, 'Bleu_2': 0.7274503733271034, 'Bleu_3': 0.6035741056709766, 'Bleu_4': 0.4832825775721104, 'METEOR': 0.32165460564938436, 'ROUGE_L': 0.6515545289183529, 'CIDEr': 0.6284205994422769}


[EPOCH 15 TRAIN]
time: 197.79 seconds | lr: 0.000100
loss:1.946204 = (1-reg):0.40 * r2l_loss:1.929064 + (reg):0.60 * l2r_loss:1.957630
{'testlen': 3316, 'reflen': 3458, 'guess': [3316, 2819, 2322, 1825], 'correct': [2806, 1660, 855, 365]}
ratio: 0.9589358010407869
{'testlen': 3609, 'reflen': 3658, 'guess': [3609, 3112, 2615, 2118], 'correct': [3103, 1947, 1050, 486]}
ratio: 0.9866047020226937
[EPOCH 15 VAL]
time: 88.50 seconds
loss:2.619781 = (1-reg):0.40 * r2l_loss:2.628027 + (reg):0.60 * l2r_loss:2.614284
r2l_scores: {'Bleu_1': 0.8107285967063829, 'Bleu_2': 0.6763094032034503, 'Bleu_3': 0.5444178624489108, 'Bleu_4': 0.4193313770162552, 'METEOR': 0.28730256723991826, 'ROUGE_L': 0.6130842177230422, 'CIDEr': 0.5795975981844027}
l2r_scores: {'Bleu_1': 0.8482002659582831, 'Bleu_2': 0.7235426549532312, 'Bleu_3': 0.5919019875669799, 'Bleu_4': 0.4654690453451382, 'METEOR': 0.31877373640848156, 'ROUGE_L': 0.6426510545518345, 'CIDEr': 0.6050067113849559}


[EPOCH 16 TRAIN]
time: 198.87 seconds | lr: 0.000100
loss:1.918174 = (1-reg):0.40 * r2l_loss:1.900733 + (reg):0.60 * l2r_loss:1.929801
{'testlen': 3268, 'reflen': 3409, 'guess': [3268, 2771, 2274, 1777], 'correct': [2763, 1632, 836, 348]}
ratio: 0.9586388970369731
{'testlen': 3477, 'reflen': 3550, 'guess': [3477, 2980, 2483, 1986], 'correct': [2965, 1804, 965, 456]}
ratio: 0.979436619718034
[EPOCH 16 VAL]
time: 85.21 seconds
loss:2.614090 = (1-reg):0.40 * r2l_loss:2.627384 + (reg):0.60 * l2r_loss:2.605227
r2l_scores: {'Bleu_1': 0.8097685718606796, 'Bleu_2': 0.6758546606906451, 'Bleu_3': 0.5438279292381589, 'Bleu_4': 0.41675863307208855, 'METEOR': 0.29212398796322436, 'ROUGE_L': 0.6166131299736684, 'CIDEr': 0.582870186921626}
l2r_scores: {'Bleu_1': 0.8350297455903798, 'Bleu_2': 0.703561518117597, 'Bleu_3': 0.5732519788481736, 'Bleu_4': 0.45365537032233316, 'METEOR': 0.3099576445848302, 'ROUGE_L': 0.6297511556966662, 'CIDEr': 0.5936655126260186}



[BEST: 12 | SEED: 904666 | VAL-CIDEr: 0.6464173810543428]
{'testlen': 19116, 'reflen': 20303, 'guess': [19116, 16126, 13136, 10148], 'correct': [16286, 9875, 5221, 2462]}
ratio: 0.9415357336353769
{'testlen': 19826, 'reflen': 20750, 'guess': [19826, 16836, 13846, 10856], 'correct': [17487, 11171, 6102, 2929]}
ratio: 0.9554698795180262
time: 412.49 seconds
r2l_scores: {'Bleu_1': 0.8006635816103285, 'Bleu_2': 0.6788074421273752, 'Bleu_3': 0.5562527059232644, 'Bleu_4': 0.4450811142082523, 'METEOR': 0.2946795908906866, 'ROUGE_L': 0.6210088034580193, 'CIDEr': 0.6082681636858238}
l2r_scores: {'Bleu_1': 0.8418596816936808, 'Bleu_2': 0.7301736797532676, 'Bleu_3': 0.6075563657434876, 'Bleu_4': 0.49022131612827796, 'METEOR': 0.31496745015477084, 'ROUGE_L': 0.6536913098846596, 'CIDEr': 0.641055544697136}
----------------------------------------
>> [Train time] Total: 3150.86 seconds => Per epoch: 196.93 seconds
>> [Val time] Total: 1318.79 seconds => Per epoch: 82.42 seconds
