Found 1 CUDA device(s)

Device 0: NVIDIA A100-PCIE-40GB
  Total memory bytes: 42405855232
  MultiProcessor count: 108
  Major.Minor: 8.0
  Max threads per block: 2048
================================================================
MODEL ID: MSRVTT = FEAT newBlip2ClsKF+newMViTv2+newImgCapBlip2KF fsl-13 mcl-20 = Transformer d-512 N_enc-0 N_dec-3 h-4 h_big-4 dp-0.1 = OPTIM lr-0.0001 warmup-3 gamma-0.5 pat-3 wd-5e-06 rg-0.6 = ep-16 bs-64 gc-5.0 bms-4 ls-0.15 = 1772541038
Enter the load_video_feats method.
Enter the load_video_feats method.
Enter the load_video_feats method.
#vocabs: 10444 (23046), #words: 1178850 (1194458). Trim words which appear less than 3 times.
{'Total': 53114776, 'Trainable': 53114776}


[EPOCH 1 TRAIN]
time: 148.87 seconds | lr: 0.000033
loss:3.917749 = (1-reg):0.40 * r2l_loss:3.919984 + (reg):0.60 * l2r_loss:3.916259
{'testlen': 2839, 'reflen': 3146, 'guess': [2839, 2342, 1845, 1359], 'correct': [2431, 1409, 690, 286]}
ratio: 0.9024157660518428
{'testlen': 2906, 'reflen': 3160, 'guess': [2906, 2409, 1912, 1415], 'correct': [2524, 1515, 773, 333]}
ratio: 0.919620253164266
[EPOCH 1 VAL]
time: 88.11 seconds
loss:3.519553 = (1-reg):0.40 * r2l_loss:3.476643 + (reg):0.60 * l2r_loss:3.548159
r2l_scores: {'Bleu_1': 0.768522183845132, 'Bleu_2': 0.6441821346720592, 'Bleu_3': 0.5183649616656004, 'Bleu_4': 0.4027379760483495, 'METEOR': 0.2794582694234642, 'ROUGE_L': 0.6022313465382211, 'CIDEr': 0.45315221615981416}
l2r_scores: {'Bleu_1': 0.795855224320947, 'Bleu_2': 0.6772127368624694, 'Bleu_3': 0.5538524196429507, 'Bleu_4': 0.4374995132441468, 'METEOR': 0.28918908430331136, 'ROUGE_L': 0.6215464141367545, 'CIDEr': 0.4492892457410218}
>> New best model at epoch 1 | N_Metrics: 4 | CIDEr: 0.4492892457410218


[EPOCH 2 TRAIN]
time: 119.39 seconds | lr: 0.000056
loss:3.241864 = (1-reg):0.40 * r2l_loss:3.230509 + (reg):0.60 * l2r_loss:3.249434
{'testlen': 2929, 'reflen': 3179, 'guess': [2929, 2432, 1935, 1441], 'correct': [2574, 1554, 796, 330]}
ratio: 0.9213589178984205
{'testlen': 2955, 'reflen': 3195, 'guess': [2955, 2458, 1961, 1464], 'correct': [2618, 1643, 874, 392]}
ratio: 0.9248826291076917
[EPOCH 2 VAL]
time: 81.59 seconds
loss:3.194696 = (1-reg):0.40 * r2l_loss:3.146904 + (reg):0.60 * l2r_loss:3.226558
r2l_scores: {'Bleu_1': 0.8069017852947178, 'Bleu_2': 0.6880497047802158, 'Bleu_3': 0.5633795473362009, 'Bleu_4': 0.44034814736786076, 'METEOR': 0.29193810920083546, 'ROUGE_L': 0.6305566957101384, 'CIDEr': 0.5692337508152365}
l2r_scores: {'Bleu_1': 0.8168447248217183, 'Bleu_2': 0.7095144956162919, 'Bleu_3': 0.5914180549988705, 'Bleu_4': 0.47537793470740813, 'METEOR': 0.3041771627154946, 'ROUGE_L': 0.6379388291912256, 'CIDEr': 0.5324880671917629}
>> New best model at epoch 2 | N_Metrics: 4 | CIDEr: 0.5324880671917629


[EPOCH 3 TRAIN]
time: 119.63 seconds | lr: 0.000078
loss:2.959572 = (1-reg):0.40 * r2l_loss:2.947723 + (reg):0.60 * l2r_loss:2.967471
{'testlen': 2960, 'reflen': 3197, 'guess': [2960, 2463, 1966, 1469], 'correct': [2582, 1580, 812, 338]}
ratio: 0.9258680012508834
{'testlen': 3129, 'reflen': 3317, 'guess': [3129, 2632, 2135, 1638], 'correct': [2753, 1710, 894, 409]}
ratio: 0.9433222791676384
[EPOCH 3 VAL]
time: 82.77 seconds
loss:2.990018 = (1-reg):0.40 * r2l_loss:2.978135 + (reg):0.60 * l2r_loss:2.997940
r2l_scores: {'Bleu_1': 0.8051774883211175, 'Bleu_2': 0.6904873049696855, 'Bleu_3': 0.566461419695463, 'Bleu_4': 0.4432597046871599, 'METEOR': 0.2994127724314597, 'ROUGE_L': 0.6383986090320235, 'CIDEr': 0.6030569121593632}
l2r_scores: {'Bleu_1': 0.8285274320464375, 'Bleu_2': 0.7119699778656507, 'Bleu_3': 0.5846865205819503, 'Bleu_4': 0.46560884827219073, 'METEOR': 0.30953425322855904, 'ROUGE_L': 0.6435934963949259, 'CIDEr': 0.5922418836654765}
>> New best model at epoch 3 | N_Metrics: 3 | CIDEr: 0.5922418836654765


[EPOCH 4 TRAIN]
time: 119.88 seconds | lr: 0.000100
loss:2.774236 = (1-reg):0.40 * r2l_loss:2.761339 + (reg):0.60 * l2r_loss:2.782835
{'testlen': 3154, 'reflen': 3351, 'guess': [3154, 2657, 2160, 1665], 'correct': [2698, 1584, 802, 343]}
ratio: 0.9412115786329629
{'testlen': 3157, 'reflen': 3341, 'guess': [3157, 2660, 2163, 1666], 'correct': [2781, 1754, 954, 456]}
ratio: 0.9449266686617944
[EPOCH 4 VAL]
time: 85.78 seconds
loss:2.911242 = (1-reg):0.40 * r2l_loss:2.903919 + (reg):0.60 * l2r_loss:2.916124
r2l_scores: {'Bleu_1': 0.8036261555954449, 'Bleu_2': 0.6708813925482158, 'Bleu_3': 0.5394633840354367, 'Bleu_4': 0.4175032894342016, 'METEOR': 0.28805232361029737, 'ROUGE_L': 0.6122404085988071, 'CIDEr': 0.5861931007670154}
l2r_scores: {'Bleu_1': 0.8310254868015321, 'Bleu_2': 0.7189937515160975, 'Bleu_3': 0.5991607301102854, 'Bleu_4': 0.4854583232133631, 'METEOR': 0.3144452374778278, 'ROUGE_L': 0.6460048820626803, 'CIDEr': 0.6203225107083027}
>> New best model at epoch 4 | N_Metrics: 4 | CIDEr: 0.6203225107083027


[EPOCH 5 TRAIN]
time: 120.07 seconds | lr: 0.000100
loss:2.629072 = (1-reg):0.40 * r2l_loss:2.613973 + (reg):0.60 * l2r_loss:2.639138
{'testlen': 3089, 'reflen': 3305, 'guess': [3089, 2592, 2095, 1599], 'correct': [2664, 1586, 798, 331]}
ratio: 0.9346444780632573
{'testlen': 3161, 'reflen': 3342, 'guess': [3161, 2664, 2167, 1670], 'correct': [2800, 1755, 937, 426]}
ratio: 0.9458408138836188
[EPOCH 5 VAL]
time: 85.40 seconds
loss:2.846558 = (1-reg):0.40 * r2l_loss:2.834010 + (reg):0.60 * l2r_loss:2.854923
r2l_scores: {'Bleu_1': 0.804170310298982, 'Bleu_2': 0.6773669017462347, 'Bleu_3': 0.5462182127314951, 'Bleu_4': 0.4211409242093979, 'METEOR': 0.28981706568088805, 'ROUGE_L': 0.6165788479278215, 'CIDEr': 0.5881743082697845}
l2r_scores: {'Bleu_1': 0.8364994829234884, 'Bleu_2': 0.7213904010868605, 'Bleu_3': 0.5967391249749966, 'Bleu_4': 0.47565788687537636, 'METEOR': 0.3162149239775041, 'ROUGE_L': 0.6479714782299013, 'CIDEr': 0.6264079903558765}
>> New best model at epoch 5 | N_Metrics: 3 | CIDEr: 0.6264079903558765


[EPOCH 6 TRAIN]
time: 120.01 seconds | lr: 0.000100
loss:2.522496 = (1-reg):0.40 * r2l_loss:2.505982 + (reg):0.60 * l2r_loss:2.533505
{'testlen': 3120, 'reflen': 3341, 'guess': [3120, 2623, 2126, 1631], 'correct': [2705, 1651, 868, 388]}
ratio: 0.9338521400775415
{'testlen': 3298, 'reflen': 3427, 'guess': [3298, 2801, 2304, 1807], 'correct': [2910, 1862, 1027, 487]}
ratio: 0.9623577473005654
[EPOCH 6 VAL]
time: 105.36 seconds
loss:2.826717 = (1-reg):0.40 * r2l_loss:2.826901 + (reg):0.60 * l2r_loss:2.826595
r2l_scores: {'Bleu_1': 0.8077001241248949, 'Bleu_2': 0.688205601661043, 'Bleu_3': 0.564776713530549, 'Bleu_4': 0.4470039862999538, 'METEOR': 0.2983322321840123, 'ROUGE_L': 0.6320206753914506, 'CIDEr': 0.623142923726719}
l2r_scores: {'Bleu_1': 0.8485063098386534, 'Bleu_2': 0.7364905713668307, 'Bleu_3': 0.614910199440607, 'Bleu_4': 0.49545550627109464, 'METEOR': 0.32325630887480333, 'ROUGE_L': 0.6568233166169696, 'CIDEr': 0.6522007306952808}
>> New best model at epoch 6 | N_Metrics: 4 | CIDEr: 0.6522007306952808


[EPOCH 7 TRAIN]
time: 120.22 seconds | lr: 0.000100
loss:2.438339 = (1-reg):0.40 * r2l_loss:2.421909 + (reg):0.60 * l2r_loss:2.449292
{'testlen': 3290, 'reflen': 3468, 'guess': [3290, 2793, 2296, 1799], 'correct': [2830, 1733, 935, 446]}
ratio: 0.9486735870816181
{'testlen': 3313, 'reflen': 3432, 'guess': [3313, 2816, 2319, 1824], 'correct': [2907, 1851, 1010, 458]}
ratio: 0.965326340326059
[EPOCH 7 VAL]
time: 87.69 seconds
loss:2.795718 = (1-reg):0.40 * r2l_loss:2.802482 + (reg):0.60 * l2r_loss:2.791209
r2l_scores: {'Bleu_1': 0.8148801786690234, 'Bleu_2': 0.6920895611294324, 'Bleu_3': 0.5695814633822902, 'Bleu_4': 0.456424147699481, 'METEOR': 0.30624561916069876, 'ROUGE_L': 0.6378702561722905, 'CIDEr': 0.6370550797263276}
l2r_scores: {'Bleu_1': 0.8464944716259051, 'Bleu_2': 0.732654484655803, 'Bleu_3': 0.6087045200057237, 'Bleu_4': 0.48346516626040975, 'METEOR': 0.32239126642893656, 'ROUGE_L': 0.6513291190356186, 'CIDEr': 0.6427701126391593}


[EPOCH 8 TRAIN]
time: 122.29 seconds | lr: 0.000100
loss:2.367965 = (1-reg):0.40 * r2l_loss:2.350829 + (reg):0.60 * l2r_loss:2.379388
{'testlen': 3272, 'reflen': 3442, 'guess': [3272, 2775, 2278, 1781], 'correct': [2820, 1705, 908, 424]}
ratio: 0.9506101104006535
{'testlen': 3256, 'reflen': 3405, 'guess': [3256, 2759, 2262, 1765], 'correct': [2830, 1776, 956, 434]}
ratio: 0.9562408223198366
[EPOCH 8 VAL]
time: 111.50 seconds
loss:2.784007 = (1-reg):0.40 * r2l_loss:2.785629 + (reg):0.60 * l2r_loss:2.782925
r2l_scores: {'Bleu_1': 0.8182228685805989, 'Bleu_2': 0.6908510225499993, 'Bleu_3': 0.5652565187174131, 'Bleu_4': 0.4494885351634577, 'METEOR': 0.30554663176528357, 'ROUGE_L': 0.6352010197733041, 'CIDEr': 0.6402597090688762}
l2r_scores: {'Bleu_1': 0.8302865413335968, 'Bleu_2': 0.7145335231792059, 'Bleu_3': 0.5907161206090012, 'Bleu_4': 0.4690853414989646, 'METEOR': 0.3150756987130272, 'ROUGE_L': 0.635282835688586, 'CIDEr': 0.6007417015340503}


[EPOCH 9 TRAIN]
time: 123.62 seconds | lr: 0.000100
loss:2.307568 = (1-reg):0.40 * r2l_loss:2.290230 + (reg):0.60 * l2r_loss:2.319126
{'testlen': 3245, 'reflen': 3424, 'guess': [3245, 2748, 2251, 1755], 'correct': [2795, 1701, 878, 396]}
ratio: 0.9477219626165456
{'testlen': 3190, 'reflen': 3350, 'guess': [3190, 2693, 2196, 1699], 'correct': [2829, 1807, 974, 459]}
ratio: 0.952238805969865
[EPOCH 9 VAL]
time: 87.08 seconds
loss:2.778928 = (1-reg):0.40 * r2l_loss:2.782538 + (reg):0.60 * l2r_loss:2.776521
r2l_scores: {'Bleu_1': 0.8150995459624799, 'Bleu_2': 0.6909886093741483, 'Bleu_3': 0.5606624182287607, 'Bleu_4': 0.44044479873785725, 'METEOR': 0.3042919077911343, 'ROUGE_L': 0.6305640916890467, 'CIDEr': 0.6037386813639586}
l2r_scores: {'Bleu_1': 0.8434502456851739, 'Bleu_2': 0.7336674245174838, 'Bleu_3': 0.6100715409938456, 'Bleu_4': 0.49146738526922523, 'METEOR': 0.3243907009887885, 'ROUGE_L': 0.6566818696313186, 'CIDEr': 0.6414066266255529}


[EPOCH 10 TRAIN]
time: 121.36 seconds | lr: 0.000100
loss:2.255514 = (1-reg):0.40 * r2l_loss:2.237033 + (reg):0.60 * l2r_loss:2.267834
{'testlen': 3219, 'reflen': 3415, 'guess': [3219, 2722, 2225, 1729], 'correct': [2774, 1665, 866, 388]}
ratio: 0.942606149340866
{'testlen': 3313, 'reflen': 3446, 'guess': [3313, 2816, 2319, 1822], 'correct': [2886, 1778, 952, 445]}
ratio: 0.961404526987533
[EPOCH 10 VAL]
time: 100.07 seconds
loss:2.780517 = (1-reg):0.40 * r2l_loss:2.787627 + (reg):0.60 * l2r_loss:2.775777
r2l_scores: {'Bleu_1': 0.8108526707095758, 'Bleu_2': 0.6831440182998638, 'Bleu_3': 0.5549531182444801, 'Bleu_4': 0.4358534850759952, 'METEOR': 0.2975794614173992, 'ROUGE_L': 0.6245017697502808, 'CIDEr': 0.5948517671654924}
l2r_scores: {'Bleu_1': 0.8368356810036527, 'Bleu_2': 0.7124465651895815, 'Bleu_3': 0.584972384213865, 'Bleu_4': 0.46552794615433535, 'METEOR': 0.3166352572044396, 'ROUGE_L': 0.6376913449112138, 'CIDEr': 0.5960096254848409}


[EPOCH 11 TRAIN]
time: 122.82 seconds | lr: 0.000100
loss:2.208170 = (1-reg):0.40 * r2l_loss:2.189604 + (reg):0.60 * l2r_loss:2.220548
{'testlen': 3204, 'reflen': 3376, 'guess': [3204, 2707, 2210, 1713], 'correct': [2766, 1689, 877, 391]}
ratio: 0.9490521327011406
{'testlen': 3345, 'reflen': 3443, 'guess': [3345, 2848, 2351, 1854], 'correct': [2938, 1855, 1005, 463]}
ratio: 0.9715364507693954
[EPOCH 11 VAL]
time: 87.69 seconds
loss:2.768762 = (1-reg):0.40 * r2l_loss:2.783675 + (reg):0.60 * l2r_loss:2.758820
r2l_scores: {'Bleu_1': 0.818173638955983, 'Bleu_2': 0.6955627973414101, 'Bleu_3': 0.5666591966830989, 'Bleu_4': 0.44541799473127375, 'METEOR': 0.2971400144958941, 'ROUGE_L': 0.6242088769826011, 'CIDEr': 0.6200037476454139}
l2r_scores: {'Bleu_1': 0.8529664408828289, 'Bleu_2': 0.7345241418063388, 'Bleu_3': 0.6072962773001649, 'Bleu_4': 0.48276674709441136, 'METEOR': 0.319125184196386, 'ROUGE_L': 0.6486168764749491, 'CIDEr': 0.6082161681378631}


[EPOCH 12 TRAIN]
time: 120.88 seconds | lr: 0.000100
loss:2.165446 = (1-reg):0.40 * r2l_loss:2.146941 + (reg):0.60 * l2r_loss:2.177783
{'testlen': 3137, 'reflen': 3321, 'guess': [3137, 2640, 2143, 1646], 'correct': [2676, 1629, 853, 368]}
ratio: 0.9445950015052862
{'testlen': 3309, 'reflen': 3434, 'guess': [3309, 2812, 2315, 1818], 'correct': [2927, 1857, 1021, 477]}
ratio: 0.9635993011063007
[EPOCH 12 VAL]
time: 85.91 seconds
loss:2.777437 = (1-reg):0.40 * r2l_loss:2.783315 + (reg):0.60 * l2r_loss:2.773518
r2l_scores: {'Bleu_1': 0.8044483205049777, 'Bleu_2': 0.6841808792703846, 'Bleu_3': 0.5600993838408668, 'Bleu_4': 0.4387174995334529, 'METEOR': 0.2957420587910206, 'ROUGE_L': 0.6245920239345993, 'CIDEr': 0.6178536922570546}
l2r_scores: {'Bleu_1': 0.8517657048307978, 'Bleu_2': 0.7359621269873889, 'Bleu_3': 0.6127170388878252, 'Bleu_4': 0.49099225545101155, 'METEOR': 0.32477133423930094, 'ROUGE_L': 0.651984118286056, 'CIDEr': 0.6387820182803667}


[EPOCH 13 TRAIN]
time: 120.32 seconds | lr: 0.000100
loss:2.126644 = (1-reg):0.40 * r2l_loss:2.108448 + (reg):0.60 * l2r_loss:2.138775
{'testlen': 3280, 'reflen': 3420, 'guess': [3280, 2783, 2286, 1789], 'correct': [2769, 1687, 873, 390]}
ratio: 0.9590643274850997
{'testlen': 3379, 'reflen': 3481, 'guess': [3379, 2882, 2385, 1888], 'correct': [2933, 1877, 1047, 500]}
ratio: 0.9706980752654494
[EPOCH 13 VAL]
time: 96.85 seconds
loss:2.770356 = (1-reg):0.40 * r2l_loss:2.782338 + (reg):0.60 * l2r_loss:2.762367
r2l_scores: {'Bleu_1': 0.8089322546578531, 'Bleu_2': 0.685470129684146, 'Bleu_3': 0.5560656170614406, 'Bleu_4': 0.43533527425480556, 'METEOR': 0.2940216564909098, 'ROUGE_L': 0.6188238106109691, 'CIDEr': 0.5992971898900604}
l2r_scores: {'Bleu_1': 0.8421977259139053, 'Bleu_2': 0.7295201246072928, 'Bleu_3': 0.609734845545704, 'Bleu_4': 0.4912700780398558, 'METEOR': 0.32066104523321515, 'ROUGE_L': 0.6543238161454176, 'CIDEr': 0.6441765508429307}


[EPOCH 14 TRAIN]
time: 121.86 seconds | lr: 0.000100
loss:2.089949 = (1-reg):0.40 * r2l_loss:2.071376 + (reg):0.60 * l2r_loss:2.102331
{'testlen': 3319, 'reflen': 3456, 'guess': [3319, 2822, 2325, 1828], 'correct': [2827, 1682, 871, 384]}
ratio: 0.9603587962960184
{'testlen': 3420, 'reflen': 3495, 'guess': [3420, 2923, 2426, 1929], 'correct': [2983, 1895, 1059, 516]}
ratio: 0.9785407725319089
[EPOCH 14 VAL]
time: 87.59 seconds
loss:2.773601 = (1-reg):0.40 * r2l_loss:2.786700 + (reg):0.60 * l2r_loss:2.764868
r2l_scores: {'Bleu_1': 0.8173197030620365, 'Bleu_2': 0.6837025214135278, 'Bleu_3': 0.5518245160726508, 'Bleu_4': 0.4290005556442348, 'METEOR': 0.29865118105246574, 'ROUGE_L': 0.6211043562130054, 'CIDEr': 0.6122716159499523}
l2r_scores: {'Bleu_1': 0.8533027504767918, 'Bleu_2': 0.7356644525069495, 'Bleu_3': 0.6136869688398986, 'Bleu_4': 0.4959164838953006, 'METEOR': 0.3239130767201709, 'ROUGE_L': 0.6539616162214954, 'CIDEr': 0.6357497335715305}


[EPOCH 15 TRAIN]
time: 121.42 seconds | lr: 0.000100
loss:2.055889 = (1-reg):0.40 * r2l_loss:2.038027 + (reg):0.60 * l2r_loss:2.067797
{'testlen': 3333, 'reflen': 3483, 'guess': [3333, 2836, 2339, 1842], 'correct': [2837, 1678, 871, 384]}
ratio: 0.9569336778636357
{'testlen': 3625, 'reflen': 3668, 'guess': [3625, 3128, 2631, 2134], 'correct': [3134, 1974, 1075, 492]}
ratio: 0.9882769901851177
[EPOCH 15 VAL]
time: 105.47 seconds
loss:2.787681 = (1-reg):0.40 * r2l_loss:2.798280 + (reg):0.60 * l2r_loss:2.780615
r2l_scores: {'Bleu_1': 0.813727167723941, 'Bleu_2': 0.6784372261806295, 'Bleu_3': 0.5472099961245472, 'Bleu_4': 0.42509854133387587, 'METEOR': 0.2935139196634964, 'ROUGE_L': 0.6174542176045453, 'CIDEr': 0.5852212394537158}
l2r_scores: {'Bleu_1': 0.854356937135702, 'Bleu_2': 0.729934786794486, 'Bleu_3': 0.5991948003478991, 'Bleu_4': 0.47052292826709596, 'METEOR': 0.3207721916693049, 'ROUGE_L': 0.6449865881285893, 'CIDEr': 0.6097392032856332}


[EPOCH 16 TRAIN]
time: 123.58 seconds | lr: 0.000050
loss:1.977388 = (1-reg):0.40 * r2l_loss:1.959065 + (reg):0.60 * l2r_loss:1.989603
{'testlen': 3255, 'reflen': 3399, 'guess': [3255, 2758, 2261, 1764], 'correct': [2786, 1675, 854, 360]}
ratio: 0.9576345984110157
{'testlen': 3433, 'reflen': 3534, 'guess': [3433, 2936, 2439, 1942], 'correct': [2971, 1806, 975, 470]}
ratio: 0.9714204867003476
[EPOCH 16 VAL]
time: 86.80 seconds
loss:2.785118 = (1-reg):0.40 * r2l_loss:2.800867 + (reg):0.60 * l2r_loss:2.774619
r2l_scores: {'Bleu_1': 0.8188740175881924, 'Bleu_2': 0.6897827137898649, 'Bleu_3': 0.556061676292959, 'Bleu_4': 0.42804551061620766, 'METEOR': 0.2948059478730939, 'ROUGE_L': 0.6195547915309939, 'CIDEr': 0.6046056322971116}
l2r_scores: {'Bleu_1': 0.8403336613958208, 'Bleu_2': 0.7084646473721267, 'Bleu_3': 0.5797187738350786, 'Bleu_4': 0.46257367109940395, 'METEOR': 0.31185896966757215, 'ROUGE_L': 0.6322989834570771, 'CIDEr': 0.5859124359529594}



[BEST: 6 | SEED: 904666 | VAL-CIDEr: 0.6522007306952808]
{'testlen': 19051, 'reflen': 20221, 'guess': [19051, 16061, 13071, 10093], 'correct': [16259, 9902, 5173, 2324]}
ratio: 0.9421393600711665
{'testlen': 19783, 'reflen': 20711, 'guess': [19783, 16793, 13803, 10813], 'correct': [17423, 11141, 6042, 2831]}
ratio: 0.9551928926656871
time: 431.50 seconds
r2l_scores: {'Bleu_1': 0.8026094146590868, 'Bleu_2': 0.6821680778250704, 'Bleu_3': 0.5574187181531313, 'Bleu_4': 0.440070414882427, 'METEOR': 0.2952114199143124, 'ROUGE_L': 0.6259899422955315, 'CIDEr': 0.612049259236294}
l2r_scores: {'Bleu_1': 0.8403466675263843, 'Bleu_2': 0.7293584729001878, 'Bleu_3': 0.6056740937447519, 'Bleu_4': 0.48538303103362823, 'METEOR': 0.3130496414391473, 'ROUGE_L': 0.6516461235694726, 'CIDEr': 0.6429443664442758}
----------------------------------------------------------------
>> [Train time] Total: 1966.23 seconds => Per epoch: 122.89 seconds
>> [Val time] Total: 1465.66 seconds => Per epoch: 91.60 seconds
Finish!
