Found 1 CUDA device(s)

Device 0: NVIDIA A100-SXM4-40GB
  Total memory bytes: 42296475648
  MultiProcessor count: 108
  Major.Minor: 8.0
  Max threads per block: 2048
  Memory reserved bytes: 0
  Memory allocated bytes: 0
  Free inside reserved bytes: 0
  Active allocations: 0
========================================
MODEL ID: MSRVTT = FEAT newBlip2ClsKF+newMViTv2+newImgCapBlip2KF fsl-13 mcl-20 = Transformer d-512 N_enc-0 N_dec-3 h-16 h_big-16 dp-0.1 = OPTIM lr-0.0001 warmup-3 gamma-0.5 pat-3 wd-5e-06 rg-0.5 = bs-64-gc-5.0-ls-0.15 = 1764672368
Enter the load_video_feats method.
Enter the load_video_feats method.
Enter the load_video_feats method.
#vocabs: 10444 (23046), #words: 1178850 (1194458). Trim words which appear less than 3 times.
{'Total': 53114776, 'Trainable': 53114776}


[EPOCH 1 TRAIN]
time: 192.00 seconds | lr: 0.000033
loss:3.913804 = (1-reg):0.50 * r2l_loss:3.909349 + (reg):0.50 * l2r_loss:3.918259
{'testlen': 2786, 'reflen': 3122, 'guess': [2786, 2289, 1792, 1308], 'correct': [2412, 1413, 692, 280]}
ratio: 0.8923766816140639
{'testlen': 3217, 'reflen': 3393, 'guess': [3217, 2720, 2223, 1726], 'correct': [2762, 1655, 835, 366]}
ratio: 0.9481284998523584
[EPOCH 1 VAL]
time: 77.38 seconds
loss:3.502837 = (1-reg):0.50 * r2l_loss:3.465321 + (reg):0.50 * l2r_loss:3.540353
r2l_scores: {'Bleu_1': 0.7673950039356987, 'Bleu_2': 0.6479911228971501, 'Bleu_3': 0.5238130644017348, 'Bleu_4': 0.4063736224521827, 'METEOR': 0.27912165418779644, 'ROUGE_L': 0.6023839948333759, 'CIDEr': 0.4654048035563093}
l2r_scores: {'Bleu_1': 0.8128541768308079, 'Bleu_2': 0.6842910850697537, 'Bleu_3': 0.5501607479279005, 'Bleu_4': 0.427599591753859, 'METEOR': 0.29524316489069974, 'ROUGE_L': 0.6238267946283704, 'CIDEr': 0.4641474954266355}
>> Saving checkpoint to 1.ckpt
>> New best model at epoch 1 | CIDEr: 0.4641474954266355


[EPOCH 2 TRAIN]
time: 206.20 seconds | lr: 0.000056
loss:3.232856 = (1-reg):0.50 * r2l_loss:3.220024 + (reg):0.50 * l2r_loss:3.245689
{'testlen': 2917, 'reflen': 3176, 'guess': [2917, 2420, 1923, 1426], 'correct': [2574, 1578, 819, 341]}
ratio: 0.9184508816118016
{'testlen': 3043, 'reflen': 3264, 'guess': [3043, 2546, 2049, 1552], 'correct': [2706, 1697, 907, 417]}
ratio: 0.9322916666663811
[EPOCH 2 VAL]
time: 77.70 seconds
loss:3.185081 = (1-reg):0.50 * r2l_loss:3.138092 + (reg):0.50 * l2r_loss:3.232070
r2l_scores: {'Bleu_1': 0.8074416921948979, 'Bleu_2': 0.6940982191633256, 'Bleu_3': 0.5726138456344317, 'Bleu_4': 0.45020971393497633, 'METEOR': 0.2926533114662181, 'ROUGE_L': 0.6338973185731712, 'CIDEr': 0.5646825905433692}
l2r_scores: {'Bleu_1': 0.8269607552058447, 'Bleu_2': 0.7159516617309915, 'Bleu_3': 0.5953384473666671, 'Bleu_4': 0.4791801259882918, 'METEOR': 0.31048384352298053, 'ROUGE_L': 0.645861342482424, 'CIDEr': 0.5412720824417693}
>> Saving checkpoint to 2.ckpt
>> New best model at epoch 2 | CIDEr: 0.5412720824417693


[EPOCH 3 TRAIN]
time: 195.75 seconds | lr: 0.000078
loss:2.947056 = (1-reg):0.50 * r2l_loss:2.933250 + (reg):0.50 * l2r_loss:2.960863
{'testlen': 2975, 'reflen': 3216, 'guess': [2975, 2478, 1981, 1484], 'correct': [2589, 1582, 818, 336]}
ratio: 0.9250621890544387
{'testlen': 3175, 'reflen': 3350, 'guess': [3175, 2678, 2181, 1684], 'correct': [2839, 1810, 963, 445]}
ratio: 0.9477611940295678
[EPOCH 3 VAL]
time: 80.67 seconds
loss:2.984685 = (1-reg):0.50 * r2l_loss:2.971666 + (reg):0.50 * l2r_loss:2.997705
r2l_scores: {'Bleu_1': 0.8025342533471769, 'Bleu_2': 0.6873748314194233, 'Bleu_3': 0.5645358495048424, 'Bleu_4': 0.4402502517157652, 'METEOR': 0.2989137075108233, 'ROUGE_L': 0.6370530456072846, 'CIDEr': 0.606006462444578}
l2r_scores: {'Bleu_1': 0.8462217269762985, 'Bleu_2': 0.7357111557865599, 'Bleu_3': 0.6092786186619037, 'Bleu_4': 0.4876767616769477, 'METEOR': 0.316340593233104, 'ROUGE_L': 0.6557470300495509, 'CIDEr': 0.5958698878190968}
>> Saving checkpoint to 3.ckpt
>> New best model at epoch 3 | CIDEr: 0.5958698878190968


[EPOCH 4 TRAIN]
time: 187.16 seconds | lr: 0.000100
loss:2.758146 = (1-reg):0.50 * r2l_loss:2.742783 + (reg):0.50 * l2r_loss:2.773509
{'testlen': 3134, 'reflen': 3365, 'guess': [3134, 2637, 2140, 1645], 'correct': [2684, 1610, 810, 349]}
ratio: 0.9313521545316698
{'testlen': 3278, 'reflen': 3411, 'guess': [3278, 2781, 2284, 1787], 'correct': [2874, 1802, 963, 460]}
ratio: 0.9610085019053178
[EPOCH 4 VAL]
time: 83.13 seconds
loss:2.898826 = (1-reg):0.50 * r2l_loss:2.887056 + (reg):0.50 * l2r_loss:2.910595
r2l_scores: {'Bleu_1': 0.7955594933881358, 'Bleu_2': 0.671720768175232, 'Bleu_3': 0.5413514614378311, 'Bleu_4': 0.4205054724943628, 'METEOR': 0.29073246338654246, 'ROUGE_L': 0.6142307363646612, 'CIDEr': 0.5986635627397754}
l2r_scores: {'Bleu_1': 0.8418931162612585, 'Bleu_2': 0.7237606213188986, 'Bleu_3': 0.596347968208045, 'Bleu_4': 0.4784955615995597, 'METEOR': 0.31624242173281353, 'ROUGE_L': 0.6403600317232607, 'CIDEr': 0.6089614674713544}
>> Saving checkpoint to 4.ckpt
>> New best model at epoch 4 | CIDEr: 0.6089614674713544


[EPOCH 5 TRAIN]
time: 195.53 seconds | lr: 0.000100
loss:2.609177 = (1-reg):0.50 * r2l_loss:2.591215 + (reg):0.50 * l2r_loss:2.627138
{'testlen': 3191, 'reflen': 3359, 'guess': [3191, 2694, 2197, 1700], 'correct': [2689, 1578, 799, 342]}
ratio: 0.9499851146171628
{'testlen': 3279, 'reflen': 3417, 'guess': [3279, 2782, 2285, 1788], 'correct': [2883, 1807, 964, 439]}
ratio: 0.9596136962244777
[EPOCH 5 VAL]
time: 83.06 seconds
loss:2.833563 = (1-reg):0.50 * r2l_loss:2.815838 + (reg):0.50 * l2r_loss:2.851287
r2l_scores: {'Bleu_1': 0.7994645861272686, 'Bleu_2': 0.6665334283934977, 'Bleu_3': 0.53517843904539, 'Bleu_4': 0.4135728880806655, 'METEOR': 0.2885253668217121, 'ROUGE_L': 0.6087470544222738, 'CIDEr': 0.5846924653767385}
l2r_scores: {'Bleu_1': 0.8429959872820046, 'Bleu_2': 0.7245600887848909, 'Bleu_3': 0.5966055773208466, 'Bleu_4': 0.47284663595454784, 'METEOR': 0.3154003903856837, 'ROUGE_L': 0.651512097940355, 'CIDEr': 0.6130713353463695}
>> Saving checkpoint to 5.ckpt
>> New best model at epoch 5 | CIDEr: 0.6130713353463695


[EPOCH 6 TRAIN]
time: 198.60 seconds | lr: 0.000100
loss:2.499939 = (1-reg):0.50 * r2l_loss:2.480399 + (reg):0.50 * l2r_loss:2.519479
{'testlen': 3173, 'reflen': 3347, 'guess': [3173, 2676, 2179, 1683], 'correct': [2693, 1608, 810, 349]}
ratio: 0.9480131461007028
{'testlen': 3356, 'reflen': 3476, 'guess': [3356, 2859, 2362, 1865], 'correct': [2969, 1922, 1076, 524]}
ratio: 0.9654775604139916
[EPOCH 6 VAL]
time: 83.86 seconds
loss:2.808528 = (1-reg):0.50 * r2l_loss:2.801186 + (reg):0.50 * l2r_loss:2.815869
r2l_scores: {'Bleu_1': 0.8034346797101194, 'Bleu_2': 0.6760322289081216, 'Bleu_3': 0.5438122181786168, 'Bleu_4': 0.421519937892634, 'METEOR': 0.29189218729409105, 'ROUGE_L': 0.6169318453369056, 'CIDEr': 0.6033944251120742}
l2r_scores: {'Bleu_1': 0.8536095029885784, 'Bleu_2': 0.744105873482546, 'Bleu_3': 0.6243444848118377, 'Bleu_4': 0.5068145465270936, 'METEOR': 0.3252871986277914, 'ROUGE_L': 0.6627868424705186, 'CIDEr': 0.6512436795478168}
>> Saving checkpoint to 6.ckpt
>> New best model at epoch 6 | CIDEr: 0.6512436795478168


[EPOCH 7 TRAIN]
time: 189.59 seconds | lr: 0.000100
loss:2.412789 = (1-reg):0.50 * r2l_loss:2.393112 + (reg):0.50 * l2r_loss:2.432465
{'testlen': 3290, 'reflen': 3454, 'guess': [3290, 2793, 2296, 1799], 'correct': [2816, 1698, 900, 419]}
ratio: 0.9525188187605812
{'testlen': 3295, 'reflen': 3437, 'guess': [3295, 2798, 2301, 1804], 'correct': [2843, 1781, 971, 447]}
ratio: 0.9586848996214843
[EPOCH 7 VAL]
time: 83.31 seconds
loss:2.785663 = (1-reg):0.50 * r2l_loss:2.785618 + (reg):0.50 * l2r_loss:2.785707
r2l_scores: {'Bleu_1': 0.8143067421964564, 'Bleu_2': 0.6862826656350687, 'Bleu_3': 0.5600274580588982, 'Bleu_4': 0.4441611052323288, 'METEOR': 0.3025090342827664, 'ROUGE_L': 0.6285281445119478, 'CIDEr': 0.6098421783995496}
l2r_scores: {'Bleu_1': 0.826428450547236, 'Bleu_2': 0.7098272112478604, 'Bleu_3': 0.5883429757450329, 'Bleu_4': 0.46887991732550294, 'METEOR': 0.31538845889496026, 'ROUGE_L': 0.6436817721540025, 'CIDEr': 0.6197125057284363}


[EPOCH 8 TRAIN]
time: 197.66 seconds | lr: 0.000100
loss:2.339536 = (1-reg):0.50 * r2l_loss:2.318235 + (reg):0.50 * l2r_loss:2.360837
{'testlen': 3320, 'reflen': 3454, 'guess': [3320, 2823, 2326, 1829], 'correct': [2762, 1618, 825, 347]}
ratio: 0.9612044006945683
{'testlen': 3279, 'reflen': 3412, 'guess': [3279, 2782, 2285, 1788], 'correct': [2830, 1761, 942, 421]}
ratio: 0.9610199296597418
[EPOCH 8 VAL]
time: 84.02 seconds
loss:2.771686 = (1-reg):0.50 * r2l_loss:2.770118 + (reg):0.50 * l2r_loss:2.773254
r2l_scores: {'Bleu_1': 0.7990185046474518, 'Bleu_2': 0.6632051067187626, 'Bleu_3': 0.5311335509989491, 'Bleu_4': 0.406489709895488, 'METEOR': 0.29051206529336343, 'ROUGE_L': 0.6088707893816924, 'CIDEr': 0.5945935125975055}
l2r_scores: {'Bleu_1': 0.8287614406271488, 'Bleu_2': 0.7097544798426357, 'Bleu_3': 0.5842362503575994, 'Bleu_4': 0.4608039042179354, 'METEOR': 0.3099573467489433, 'ROUGE_L': 0.6295260325390114, 'CIDEr': 0.5864083141782149}


[EPOCH 9 TRAIN]
time: 191.02 seconds | lr: 0.000100
loss:2.276462 = (1-reg):0.50 * r2l_loss:2.253973 + (reg):0.50 * l2r_loss:2.298951
{'testlen': 3288, 'reflen': 3448, 'guess': [3288, 2791, 2294, 1798], 'correct': [2787, 1676, 881, 393]}
ratio: 0.9535962877027396
{'testlen': 3237, 'reflen': 3406, 'guess': [3237, 2740, 2243, 1746], 'correct': [2871, 1855, 1015, 481]}
ratio: 0.950381679389034
[EPOCH 9 VAL]
time: 84.62 seconds
loss:2.771310 = (1-reg):0.50 * r2l_loss:2.774216 + (reg):0.50 * l2r_loss:2.768404
r2l_scores: {'Bleu_1': 0.8073681417403304, 'Bleu_2': 0.6795573551487666, 'Bleu_3': 0.5527987589990425, 'Bleu_4': 0.43305456640285234, 'METEOR': 0.2980119671940103, 'ROUGE_L': 0.6267862129625539, 'CIDEr': 0.6042899796405319}
l2r_scores: {'Bleu_1': 0.8418146588106703, 'Bleu_2': 0.7354749967536924, 'Bleu_3': 0.6147514029515267, 'Bleu_4': 0.4964566739659171, 'METEOR': 0.3231720225341584, 'ROUGE_L': 0.6548038556869203, 'CIDEr': 0.6282142699025135}


[EPOCH 10 TRAIN]
time: 199.81 seconds | lr: 0.000100
loss:2.221927 = (1-reg):0.50 * r2l_loss:2.198672 + (reg):0.50 * l2r_loss:2.245182
{'testlen': 3303, 'reflen': 3457, 'guess': [3303, 2806, 2309, 1813], 'correct': [2799, 1690, 889, 405]}
ratio: 0.9554527046569409
{'testlen': 3268, 'reflen': 3423, 'guess': [3268, 2771, 2274, 1777], 'correct': [2822, 1772, 948, 428]}
ratio: 0.9547180835521605
[EPOCH 10 VAL]
time: 85.28 seconds
loss:2.772109 = (1-reg):0.50 * r2l_loss:2.770438 + (reg):0.50 * l2r_loss:2.773780
r2l_scores: {'Bleu_1': 0.8088084070693758, 'Bleu_2': 0.6818643949672962, 'Bleu_3': 0.5548919132455119, 'Bleu_4': 0.43687624881301834, 'METEOR': 0.29557494611250773, 'ROUGE_L': 0.61959195157271, 'CIDEr': 0.6009018841052035}
l2r_scores: {'Bleu_1': 0.8235245285052111, 'Bleu_2': 0.7086840430689765, 'Bleu_3': 0.5844870872124517, 'Bleu_4': 0.46277583211614204, 'METEOR': 0.3112674309880794, 'ROUGE_L': 0.6370301997513037, 'CIDEr': 0.5914585060227481}


[EPOCH 11 TRAIN]
time: 192.61 seconds | lr: 0.000100
loss:2.172464 = (1-reg):0.50 * r2l_loss:2.148722 + (reg):0.50 * l2r_loss:2.196206
{'testlen': 3317, 'reflen': 3437, 'guess': [3317, 2820, 2323, 1826], 'correct': [2812, 1715, 896, 402]}
ratio: 0.965085830665998
{'testlen': 3408, 'reflen': 3514, 'guess': [3408, 2911, 2414, 1917], 'correct': [2944, 1813, 960, 440]}
ratio: 0.9698349459302875
[EPOCH 11 VAL]
time: 84.12 seconds
loss:2.767560 = (1-reg):0.50 * r2l_loss:2.775571 + (reg):0.50 * l2r_loss:2.759550
r2l_scores: {'Bleu_1': 0.8176327086599803, 'Bleu_2': 0.6925176431369168, 'Bleu_3': 0.5629497519650819, 'Bleu_4': 0.44116966956434445, 'METEOR': 0.29677218121998966, 'ROUGE_L': 0.6221940316621266, 'CIDEr': 0.5965222850327546}
l2r_scores: {'Bleu_1': 0.8373947502814034, 'Bleu_2': 0.7110316346918603, 'Bleu_3': 0.579786291765134, 'Bleu_4': 0.45633271152076843, 'METEOR': 0.30936239343371336, 'ROUGE_L': 0.6296862160370175, 'CIDEr': 0.5989418239444833}


[EPOCH 12 TRAIN]
time: 191.41 seconds | lr: 0.000100
loss:2.127130 = (1-reg):0.50 * r2l_loss:2.102795 + (reg):0.50 * l2r_loss:2.151464
{'testlen': 3224, 'reflen': 3402, 'guess': [3224, 2727, 2230, 1733], 'correct': [2726, 1627, 836, 358]}
ratio: 0.9476778365664469
{'testlen': 3265, 'reflen': 3393, 'guess': [3265, 2768, 2271, 1774], 'correct': [2838, 1756, 940, 436]}
ratio: 0.9622752726198166
[EPOCH 12 VAL]
time: 82.59 seconds
loss:2.774323 = (1-reg):0.50 * r2l_loss:2.780675 + (reg):0.50 * l2r_loss:2.767972
r2l_scores: {'Bleu_1': 0.8001161218903916, 'Bleu_2': 0.6721076205772242, 'Bleu_3': 0.5431674697224022, 'Bleu_4': 0.4207043289623953, 'METEOR': 0.29194297752356324, 'ROUGE_L': 0.6150627743549266, 'CIDEr': 0.6041287667110552}
l2r_scores: {'Bleu_1': 0.8358017298007191, 'Bleu_2': 0.7140323292459081, 'Bleu_3': 0.5876339024888864, 'Bleu_4': 0.46795798928955656, 'METEOR': 0.31346787554110356, 'ROUGE_L': 0.6457044039882287, 'CIDEr': 0.6228173221159892}


[EPOCH 13 TRAIN]
time: 195.65 seconds | lr: 0.000100
loss:2.085907 = (1-reg):0.50 * r2l_loss:2.061537 + (reg):0.50 * l2r_loss:2.110276
{'testlen': 3322, 'reflen': 3453, 'guess': [3322, 2825, 2328, 1831], 'correct': [2746, 1597, 815, 353]}
ratio: 0.9620619750938424
{'testlen': 3452, 'reflen': 3535, 'guess': [3452, 2955, 2458, 1961], 'correct': [2987, 1868, 1016, 478]}
ratio: 0.9765205091935003
[EPOCH 13 VAL]
time: 84.92 seconds
loss:2.776651 = (1-reg):0.50 * r2l_loss:2.779481 + (reg):0.50 * l2r_loss:2.773821
r2l_scores: {'Bleu_1': 0.7946481986381395, 'Bleu_2': 0.6571547976003285, 'Bleu_3': 0.5257686242877302, 'Bleu_4': 0.4051222435474527, 'METEOR': 0.2839118618273671, 'ROUGE_L': 0.6009573517612432, 'CIDEr': 0.5660811944708898}
l2r_scores: {'Bleu_1': 0.8447384159846542, 'Bleu_2': 0.7220208192600057, 'Bleu_3': 0.5947343553138087, 'Bleu_4': 0.4730088843770696, 'METEOR': 0.3142714565455933, 'ROUGE_L': 0.644752530485437, 'CIDEr': 0.6398869392504724}


[EPOCH 14 TRAIN]
time: 185.97 seconds | lr: 0.000100
loss:2.046171 = (1-reg):0.50 * r2l_loss:2.021360 + (reg):0.50 * l2r_loss:2.070982
{'testlen': 3368, 'reflen': 3501, 'guess': [3368, 2871, 2374, 1877], 'correct': [2809, 1660, 846, 360]}
ratio: 0.9620108540414276
{'testlen': 3474, 'reflen': 3547, 'guess': [3474, 2977, 2480, 1983], 'correct': [2977, 1873, 1021, 500]}
ratio: 0.9794192275159348
[EPOCH 14 VAL]
time: 86.51 seconds
loss:2.781192 = (1-reg):0.50 * r2l_loss:2.791091 + (reg):0.50 * l2r_loss:2.771292
r2l_scores: {'Bleu_1': 0.8017328274897639, 'Bleu_2': 0.6675399871370363, 'Bleu_3': 0.5344389189534711, 'Bleu_4': 0.409586484307813, 'METEOR': 0.288738324338176, 'ROUGE_L': 0.6095661710244056, 'CIDEr': 0.5726970580414279}
l2r_scores: {'Bleu_1': 0.8391180937920945, 'Bleu_2': 0.7189986036037851, 'Bleu_3': 0.5928817381295557, 'Bleu_4': 0.4762734737302664, 'METEOR': 0.3156568810912553, 'ROUGE_L': 0.6411288439619875, 'CIDEr': 0.6150796064845401}


[EPOCH 15 TRAIN]
time: 193.17 seconds | lr: 0.000100
loss:2.011317 = (1-reg):0.50 * r2l_loss:1.986400 + (reg):0.50 * l2r_loss:2.036233
{'testlen': 3365, 'reflen': 3485, 'guess': [3365, 2868, 2371, 1874], 'correct': [2841, 1679, 869, 377]}
ratio: 0.9655667144903972
{'testlen': 3641, 'reflen': 3710, 'guess': [3641, 3144, 2647, 2150], 'correct': [3103, 1935, 1067, 512]}
ratio: 0.9814016172504093
[EPOCH 15 VAL]
time: 86.86 seconds
loss:2.792852 = (1-reg):0.50 * r2l_loss:2.803336 + (reg):0.50 * l2r_loss:2.782367
r2l_scores: {'Bleu_1': 0.814701835533668, 'Bleu_2': 0.678408665696491, 'Bleu_3': 0.5460023457608558, 'Bleu_4': 0.4216158748353196, 'METEOR': 0.2917905562863984, 'ROUGE_L': 0.6165687499307604, 'CIDEr': 0.5704552647336231}
l2r_scores: {'Bleu_1': 0.836239836388094, 'Bleu_2': 0.7106397888916498, 'Bleu_3': 0.5845564066646547, 'Bleu_4': 0.4648042952630899, 'METEOR': 0.3181824968440455, 'ROUGE_L': 0.643974839831259, 'CIDEr': 0.6108356890088767}


[EPOCH 16 TRAIN]
time: 187.35 seconds | lr: 0.000050
loss:1.928407 = (1-reg):0.50 * r2l_loss:1.902812 + (reg):0.50 * l2r_loss:1.954001
{'testlen': 3298, 'reflen': 3435, 'guess': [3298, 2801, 2304, 1807], 'correct': [2796, 1684, 866, 372]}
ratio: 0.9601164483257758
{'testlen': 3468, 'reflen': 3543, 'guess': [3468, 2971, 2474, 1977], 'correct': [2995, 1854, 1003, 479]}
ratio: 0.9788314987296136
[EPOCH 16 VAL]
time: 85.19 seconds
loss:2.795232 = (1-reg):0.50 * r2l_loss:2.799940 + (reg):0.50 * l2r_loss:2.790524
r2l_scores: {'Bleu_1': 0.8132906524485328, 'Bleu_2': 0.6848839866735912, 'Bleu_3': 0.553022628575363, 'Bleu_4': 0.4275069600492318, 'METEOR': 0.2893228655501055, 'ROUGE_L': 0.6101969362848356, 'CIDEr': 0.5710546133083202}
l2r_scores: {'Bleu_1': 0.8451339656761109, 'Bleu_2': 0.7184064556230199, 'Bleu_3': 0.5894086468800924, 'Bleu_4': 0.4694037369679898, 'METEOR': 0.3135755107386964, 'ROUGE_L': 0.6338487667816676, 'CIDEr': 0.6189842680638187}



[BEST: 6 | SEED: 904666 | VAL-CIDEr: 0.6512436795478168]
{'testlen': 19417, 'reflen': 20484, 'guess': [19417, 16427, 13437, 10450], 'correct': [16437, 9915, 5193, 2373]}
ratio: 0.9479105643428555
{'testlen': 20214, 'reflen': 21052, 'guess': [20214, 17224, 14234, 11244], 'correct': [17744, 11368, 6186, 2907]}
ratio: 0.9601938058141288
time: 419.84 seconds
r2l_scores: {'Bleu_1': 0.801263096249018, 'Bleu_2': 0.6765846793293746, 'Bleu_3': 0.5511862141975179, 'Bleu_4': 0.43556482607206154, 'METEOR': 0.2934230120138333, 'ROUGE_L': 0.6255473395640099, 'CIDEr': 0.6095327301897163}
l2r_scores: {'Bleu_1': 0.8421607071194371, 'Bleu_2': 0.7302479810172415, 'Bleu_3': 0.6058146858211538, 'Bleu_4': 0.48460157720892283, 'METEOR': 0.31516015879718723, 'ROUGE_L': 0.653204082356167, 'CIDEr': 0.6400243119056014}
----------------------------------------
>> [Train time] Total: 3099.49 seconds => Per epoch: 193.72 seconds
>> [Val time] Total: 1333.24 seconds => Per epoch: 83.33 seconds
