Found 1 CUDA device(s)

Device 0: NVIDIA A100-SXM4-40GB
  Total memory bytes: 42296475648
  MultiProcessor count: 108
  Major.Minor: 8.0
  Max threads per block: 2048
  Memory reserved bytes: 0
  Memory allocated bytes: 0
  Free inside reserved bytes: 0
  Active allocations: 0
========================================
MODEL ID: MSRVTT = FEAT newBlip2ClsKF+newImgCapBlip2KF fsl-13 mcl-20 = Transformer d-512 N_enc-0 N_dec-3 h-4 h_big-4 dp-0.1 = OPTIM lr-0.0001 warmup-3 gamma-0.5 pat-3 wd-5e-06 rg-0.6 = bs-64-gc-5.0-ls-0.15 = 1764800513
Enter the load_video_feats method.
Enter the load_video_feats method.
Enter the load_video_feats method.
#vocabs: 10444 (23046), #words: 1178850 (1194458). Trim words which appear less than 3 times.
{'Total': 52321176, 'Trainable': 52321176}


[EPOCH 1 TRAIN]
time: 191.43 seconds | lr: 0.000033
loss:3.925816 = (1-reg):0.40 * r2l_loss:3.933268 + (reg):0.60 * l2r_loss:3.920848
{'testlen': 2799, 'reflen': 3130, 'guess': [2799, 2302, 1805, 1311], 'correct': [2429, 1428, 705, 284]}
ratio: 0.8942492012776696
{'testlen': 3074, 'reflen': 3283, 'guess': [3074, 2577, 2080, 1583], 'correct': [2629, 1614, 860, 394]}
ratio: 0.9363387145900285
[EPOCH 1 VAL]
time: 75.55 seconds
loss:3.525514 = (1-reg):0.40 * r2l_loss:3.472241 + (reg):0.60 * l2r_loss:3.561029
r2l_scores: {'Bleu_1': 0.7710214531568359, 'Bleu_2': 0.6518769097310887, 'Bleu_3': 0.5283174850867439, 'Bleu_4': 0.4104503324186644, 'METEOR': 0.2780039676923625, 'ROUGE_L': 0.6034431921421153, 'CIDEr': 0.45092739704177764}
l2r_scores: {'Bleu_1': 0.7990228866727997, 'Bleu_2': 0.6837705842884438, 'Bleu_3': 0.5652529182989331, 'Bleu_4': 0.4526932935813584, 'METEOR': 0.29237437675300515, 'ROUGE_L': 0.6218990282531379, 'CIDEr': 0.45814599256346317}
>> New best model at epoch 1 | N_Metrics: 4 | CIDEr: 0.45814599256346317


[EPOCH 2 TRAIN]
time: 186.63 seconds | lr: 0.000056
loss:3.251893 = (1-reg):0.40 * r2l_loss:3.239161 + (reg):0.60 * l2r_loss:3.260381
{'testlen': 2877, 'reflen': 3159, 'guess': [2877, 2380, 1883, 1388], 'correct': [2530, 1533, 769, 309]}
ratio: 0.9107312440642891
{'testlen': 3049, 'reflen': 3247, 'guess': [3049, 2552, 2055, 1558], 'correct': [2679, 1665, 872, 391]}
ratio: 0.939020634431494
[EPOCH 2 VAL]
time: 78.16 seconds
loss:3.167926 = (1-reg):0.40 * r2l_loss:3.152448 + (reg):0.60 * l2r_loss:3.178245
r2l_scores: {'Bleu_1': 0.7972814295775394, 'Bleu_2': 0.6823448495964815, 'Bleu_3': 0.5565509753911503, 'Bleu_4': 0.4318955325475303, 'METEOR': 0.29277082254965836, 'ROUGE_L': 0.6340680102398477, 'CIDEr': 0.5481553671247456}
l2r_scores: {'Bleu_1': 0.823403102439854, 'Bleu_2': 0.709531430315745, 'Bleu_3': 0.5849899185142472, 'Bleu_4': 0.46581440505156446, 'METEOR': 0.30422935606198764, 'ROUGE_L': 0.6422706107897291, 'CIDEr': 0.5477401874979662}
>> New best model at epoch 2 | N_Metrics: 4 | CIDEr: 0.5477401874979662


[EPOCH 3 TRAIN]
time: 189.82 seconds | lr: 0.000078
loss:2.968038 = (1-reg):0.40 * r2l_loss:2.954210 + (reg):0.60 * l2r_loss:2.977256
{'testlen': 2967, 'reflen': 3224, 'guess': [2967, 2470, 1973, 1476], 'correct': [2588, 1573, 799, 330]}
ratio: 0.9202853598012034
{'testlen': 3206, 'reflen': 3356, 'guess': [3206, 2709, 2212, 1715], 'correct': [2798, 1714, 892, 402]}
ratio: 0.955303933253589
[EPOCH 3 VAL]
time: 78.98 seconds
loss:3.006434 = (1-reg):0.40 * r2l_loss:2.988401 + (reg):0.60 * l2r_loss:3.018456
r2l_scores: {'Bleu_1': 0.7998864926022649, 'Bleu_2': 0.6834722478957472, 'Bleu_3': 0.5577176221848088, 'Bleu_4': 0.43427325139029666, 'METEOR': 0.2951810695706436, 'ROUGE_L': 0.6292469324873666, 'CIDEr': 0.5950247750688975}
l2r_scores: {'Bleu_1': 0.8328460633379108, 'Bleu_2': 0.7091262261047934, 'Bleu_3': 0.578409997131267, 'Bleu_4': 0.45612876527478163, 'METEOR': 0.3077178118602667, 'ROUGE_L': 0.6401138412166217, 'CIDEr': 0.5909926977626628}


[EPOCH 4 TRAIN]
time: 185.62 seconds | lr: 0.000100
loss:2.783284 = (1-reg):0.40 * r2l_loss:2.769451 + (reg):0.60 * l2r_loss:2.792505
{'testlen': 3045, 'reflen': 3278, 'guess': [3045, 2548, 2051, 1557], 'correct': [2602, 1590, 835, 371]}
ratio: 0.9289200732150918
{'testlen': 3164, 'reflen': 3315, 'guess': [3164, 2667, 2170, 1673], 'correct': [2795, 1777, 965, 450]}
ratio: 0.954449472096243
[EPOCH 4 VAL]
time: 80.60 seconds
loss:2.908212 = (1-reg):0.40 * r2l_loss:2.900012 + (reg):0.60 * l2r_loss:2.913678
r2l_scores: {'Bleu_1': 0.7915680681064934, 'Bleu_2': 0.6764366329673106, 'Bleu_3': 0.5567340386729739, 'Bleu_4': 0.4417730547021608, 'METEOR': 0.2942752627652072, 'ROUGE_L': 0.6265654167406899, 'CIDEr': 0.5972660906159691}
l2r_scores: {'Bleu_1': 0.8422070917421303, 'Bleu_2': 0.731439536243883, 'Bleu_3': 0.6098635343626677, 'Bleu_4': 0.4911023723899784, 'METEOR': 0.31762654987444333, 'ROUGE_L': 0.6531435612964889, 'CIDEr': 0.6253852499693017}
>> New best model at epoch 4 | N_Metrics: 4 | CIDEr: 0.6253852499693017


[EPOCH 5 TRAIN]
time: 181.66 seconds | lr: 0.000100
loss:2.638407 = (1-reg):0.40 * r2l_loss:2.623331 + (reg):0.60 * l2r_loss:2.648458
{'testlen': 3134, 'reflen': 3353, 'guess': [3134, 2637, 2140, 1644], 'correct': [2663, 1616, 862, 389]}
ratio: 0.9346853563969775
{'testlen': 3130, 'reflen': 3303, 'guess': [3130, 2633, 2136, 1639], 'correct': [2794, 1783, 965, 448]}
ratio: 0.9476233726912057
[EPOCH 5 VAL]
time: 79.59 seconds
loss:2.850171 = (1-reg):0.40 * r2l_loss:2.834243 + (reg):0.60 * l2r_loss:2.860790
r2l_scores: {'Bleu_1': 0.792363057471713, 'Bleu_2': 0.672904984456413, 'Bleu_3': 0.5540526153925325, 'Bleu_4': 0.44013734078190975, 'METEOR': 0.2937370687840857, 'ROUGE_L': 0.6235525493807118, 'CIDEr': 0.623147768739572}
l2r_scores: {'Bleu_1': 0.8446522209258507, 'Bleu_2': 0.7356769316588959, 'Bleu_3': 0.6139015574799349, 'Bleu_4': 0.4945927916501161, 'METEOR': 0.31761086286741935, 'ROUGE_L': 0.6573333436110027, 'CIDEr': 0.6462354637558415}
>> New best model at epoch 5 | N_Metrics: 3 | CIDEr: 0.6462354637558415


[EPOCH 6 TRAIN]
time: 181.36 seconds | lr: 0.000100
loss:2.534346 = (1-reg):0.40 * r2l_loss:2.518370 + (reg):0.60 * l2r_loss:2.544996
{'testlen': 3093, 'reflen': 3308, 'guess': [3093, 2596, 2099, 1603], 'correct': [2652, 1598, 844, 380]}
ratio: 0.9350060459489313
{'testlen': 3128, 'reflen': 3292, 'guess': [3128, 2631, 2134, 1637], 'correct': [2744, 1748, 921, 421]}
ratio: 0.9501822600240127
[EPOCH 6 VAL]
time: 79.51 seconds
loss:2.823011 = (1-reg):0.40 * r2l_loss:2.796899 + (reg):0.60 * l2r_loss:2.840418
r2l_scores: {'Bleu_1': 0.7998434785887536, 'Bleu_2': 0.6777105583502255, 'Bleu_3': 0.5564292778284593, 'Bleu_4': 0.4417970897214562, 'METEOR': 0.29196884231932263, 'ROUGE_L': 0.6233851104020542, 'CIDEr': 0.6057430665632991}
l2r_scores: {'Bleu_1': 0.83242947091402, 'Bleu_2': 0.724434385643509, 'Bleu_3': 0.5990059514519213, 'Bleu_4': 0.47856312134394086, 'METEOR': 0.31472220903344106, 'ROUGE_L': 0.6427337158346246, 'CIDEr': 0.6221571181966312}


[EPOCH 7 TRAIN]
time: 192.36 seconds | lr: 0.000100
loss:2.451509 = (1-reg):0.40 * r2l_loss:2.434502 + (reg):0.60 * l2r_loss:2.462848
{'testlen': 3141, 'reflen': 3332, 'guess': [3141, 2644, 2147, 1650], 'correct': [2693, 1639, 875, 390]}
ratio: 0.9426770708280484
{'testlen': 3144, 'reflen': 3318, 'guess': [3144, 2647, 2150, 1653], 'correct': [2814, 1788, 970, 446]}
ratio: 0.9475587703432949
[EPOCH 7 VAL]
time: 80.45 seconds
loss:2.790042 = (1-reg):0.40 * r2l_loss:2.785274 + (reg):0.60 * l2r_loss:2.793221
r2l_scores: {'Bleu_1': 0.8067882260596867, 'Bleu_2': 0.6860157624824301, 'Bleu_3': 0.5651257686904123, 'Bleu_4': 0.4476120633493009, 'METEOR': 0.292314894703639, 'ROUGE_L': 0.6270241135498738, 'CIDEr': 0.6214501026927793}
l2r_scores: {'Bleu_1': 0.8468493803763634, 'Bleu_2': 0.7356854769903042, 'Bleu_3': 0.6136123417557168, 'Bleu_4': 0.49280739987297933, 'METEOR': 0.31529124342233517, 'ROUGE_L': 0.6552230602466761, 'CIDEr': 0.6543875134297943}


[EPOCH 8 TRAIN]
time: 180.93 seconds | lr: 0.000100
loss:2.382512 = (1-reg):0.40 * r2l_loss:2.366339 + (reg):0.60 * l2r_loss:2.393295
{'testlen': 3218, 'reflen': 3402, 'guess': [3218, 2721, 2224, 1727], 'correct': [2731, 1643, 857, 374]}
ratio: 0.9459141681361123
{'testlen': 3227, 'reflen': 3350, 'guess': [3227, 2730, 2233, 1736], 'correct': [2851, 1800, 944, 425]}
ratio: 0.9632835820892647
[EPOCH 8 VAL]
time: 82.81 seconds
loss:2.779650 = (1-reg):0.40 * r2l_loss:2.772331 + (reg):0.60 * l2r_loss:2.784529
r2l_scores: {'Bleu_1': 0.8014997829489151, 'Bleu_2': 0.6760675478525237, 'Bleu_3': 0.5499602774442043, 'Bleu_4': 0.42947238610590677, 'METEOR': 0.2938055167593749, 'ROUGE_L': 0.6240227738504036, 'CIDEr': 0.6052706496136959}
l2r_scores: {'Bleu_1': 0.8504420547624693, 'Bleu_2': 0.7346839143017646, 'Bleu_3': 0.6033605856479116, 'Bleu_4': 0.4769843432656507, 'METEOR': 0.3133369167356298, 'ROUGE_L': 0.6447982783218401, 'CIDEr': 0.6314695224086236}


[EPOCH 9 TRAIN]
time: 186.42 seconds | lr: 0.000100
loss:2.323662 = (1-reg):0.40 * r2l_loss:2.305992 + (reg):0.60 * l2r_loss:2.335442
{'testlen': 3156, 'reflen': 3337, 'guess': [3156, 2659, 2162, 1665], 'correct': [2738, 1666, 861, 372]}
ratio: 0.9457596643689105
{'testlen': 3359, 'reflen': 3455, 'guess': [3359, 2862, 2365, 1868], 'correct': [2925, 1859, 987, 456]}
ratio: 0.972214182344147
[EPOCH 9 VAL]
time: 82.08 seconds
loss:2.768260 = (1-reg):0.40 * r2l_loss:2.769389 + (reg):0.60 * l2r_loss:2.767507
r2l_scores: {'Bleu_1': 0.8191985838221959, 'Bleu_2': 0.696176401986835, 'Bleu_3': 0.5669693744009127, 'Bleu_4': 0.44281779170596325, 'METEOR': 0.2957714691859902, 'ROUGE_L': 0.6234476346849094, 'CIDEr': 0.6046024685724428}
l2r_scores: {'Bleu_1': 0.8462598929779279, 'Bleu_2': 0.7308877880934104, 'Bleu_3': 0.6006089095566671, 'Bleu_4': 0.47614342706126467, 'METEOR': 0.3218179269580134, 'ROUGE_L': 0.651374823961914, 'CIDEr': 0.6268680247514459}


[EPOCH 10 TRAIN]
time: 187.63 seconds | lr: 0.000100
loss:2.271984 = (1-reg):0.40 * r2l_loss:2.254808 + (reg):0.60 * l2r_loss:2.283434
{'testlen': 3204, 'reflen': 3390, 'guess': [3204, 2707, 2210, 1713], 'correct': [2725, 1647, 868, 400]}
ratio: 0.945132743362553
{'testlen': 3238, 'reflen': 3382, 'guess': [3238, 2741, 2244, 1747], 'correct': [2856, 1820, 1003, 483]}
ratio: 0.9574216439973514
[EPOCH 10 VAL]
time: 83.11 seconds
loss:2.765636 = (1-reg):0.40 * r2l_loss:2.757364 + (reg):0.60 * l2r_loss:2.771151
r2l_scores: {'Bleu_1': 0.8025316098372067, 'Bleu_2': 0.6787780960888075, 'Bleu_3': 0.5547837682453399, 'Bleu_4': 0.44041844952509746, 'METEOR': 0.2976401542795102, 'ROUGE_L': 0.6229958539681466, 'CIDEr': 0.6115547895552221}
l2r_scores: {'Bleu_1': 0.8436600018057634, 'Bleu_2': 0.7319947334860376, 'Bleu_3': 0.6118712273336845, 'Bleu_4': 0.4961124264183775, 'METEOR': 0.32155718596347704, 'ROUGE_L': 0.6560035250941094, 'CIDEr': 0.6333024838942997}


[EPOCH 11 TRAIN]
time: 180.75 seconds | lr: 0.000100
loss:2.225226 = (1-reg):0.40 * r2l_loss:2.208004 + (reg):0.60 * l2r_loss:2.236707
{'testlen': 3227, 'reflen': 3397, 'guess': [3227, 2730, 2233, 1737], 'correct': [2743, 1655, 867, 391]}
ratio: 0.949955843390948
{'testlen': 3307, 'reflen': 3420, 'guess': [3307, 2810, 2313, 1816], 'correct': [2901, 1866, 1027, 504]}
ratio: 0.9669590643272027
[EPOCH 11 VAL]
time: 82.53 seconds
loss:2.765062 = (1-reg):0.40 * r2l_loss:2.758427 + (reg):0.60 * l2r_loss:2.769485
r2l_scores: {'Bleu_1': 0.8063953005871315, 'Bleu_2': 0.681008045299064, 'Bleu_3': 0.5548624500354156, 'Bleu_4': 0.43703228674149686, 'METEOR': 0.2931354134884928, 'ROUGE_L': 0.6168353231681525, 'CIDEr': 0.6018590903844829}
l2r_scores: {'Bleu_1': 0.8477615520028151, 'Bleu_2': 0.7375977940648683, 'Bleu_3': 0.6157409970250458, 'Bleu_4': 0.5002271639476885, 'METEOR': 0.32044907664284916, 'ROUGE_L': 0.655320286967248, 'CIDEr': 0.6596640924067758}
>> New best model at epoch 11 | N_Metrics: 3 | CIDEr: 0.6596640924067758


[EPOCH 12 TRAIN]
time: 185.86 seconds | lr: 0.000100
loss:2.183394 = (1-reg):0.40 * r2l_loss:2.166356 + (reg):0.60 * l2r_loss:2.194752
{'testlen': 3277, 'reflen': 3452, 'guess': [3277, 2780, 2283, 1787], 'correct': [2837, 1721, 902, 405]}
ratio: 0.9493047508687864
{'testlen': 3520, 'reflen': 3610, 'guess': [3520, 3023, 2526, 2029], 'correct': [3034, 1901, 1030, 486]}
ratio: 0.9750692520772922
[EPOCH 12 VAL]
time: 84.31 seconds
loss:2.758599 = (1-reg):0.40 * r2l_loss:2.760395 + (reg):0.60 * l2r_loss:2.757402
r2l_scores: {'Bleu_1': 0.820711430926442, 'Bleu_2': 0.6940121478854153, 'Bleu_3': 0.5650420725603649, 'Bleu_4': 0.44370579856997766, 'METEOR': 0.30077078211221503, 'ROUGE_L': 0.6221603634095217, 'CIDEr': 0.6101631725617412}
l2r_scores: {'Bleu_1': 0.840173139020657, 'Bleu_2': 0.7176361722080337, 'Bleu_3': 0.5893448146878965, 'Bleu_4': 0.46756244991656815, 'METEOR': 0.3193109441435696, 'ROUGE_L': 0.6484163473228016, 'CIDEr': 0.6311809169386833}


[EPOCH 13 TRAIN]
time: 181.52 seconds | lr: 0.000100
loss:2.144310 = (1-reg):0.40 * r2l_loss:2.126938 + (reg):0.60 * l2r_loss:2.155891
{'testlen': 3237, 'reflen': 3401, 'guess': [3237, 2740, 2243, 1746], 'correct': [2777, 1692, 878, 390]}
ratio: 0.9517788885619077
{'testlen': 3320, 'reflen': 3450, 'guess': [3320, 2823, 2326, 1829], 'correct': [2881, 1807, 966, 445]}
ratio: 0.9623188405794312
[EPOCH 13 VAL]
time: 85.93 seconds
loss:2.757713 = (1-reg):0.40 * r2l_loss:2.768927 + (reg):0.60 * l2r_loss:2.750237
r2l_scores: {'Bleu_1': 0.8155113314989302, 'Bleu_2': 0.6918919977498768, 'Bleu_3': 0.5626602382429073, 'Bleu_4': 0.44100038247636364, 'METEOR': 0.2933480614394204, 'ROUGE_L': 0.6190826268809461, 'CIDEr': 0.6089694282898168}
l2r_scores: {'Bleu_1': 0.8344487487098629, 'Bleu_2': 0.7166724629311867, 'Bleu_3': 0.5897497718080056, 'Bleu_4': 0.46804330331167665, 'METEOR': 0.3149748566584238, 'ROUGE_L': 0.6441710438517468, 'CIDEr': 0.6256558452522527}


[EPOCH 14 TRAIN]
time: 188.63 seconds | lr: 0.000100
loss:2.108817 = (1-reg):0.40 * r2l_loss:2.092777 + (reg):0.60 * l2r_loss:2.119510
{'testlen': 3151, 'reflen': 3329, 'guess': [3151, 2654, 2157, 1661], 'correct': [2671, 1574, 804, 352]}
ratio: 0.9465304896362432
{'testlen': 3390, 'reflen': 3486, 'guess': [3390, 2893, 2396, 1899], 'correct': [2965, 1871, 1027, 474]}
ratio: 0.972461273665814
[EPOCH 14 VAL]
time: 85.34 seconds
loss:2.763324 = (1-reg):0.40 * r2l_loss:2.768081 + (reg):0.60 * l2r_loss:2.760153
r2l_scores: {'Bleu_1': 0.801110065035179, 'Bleu_2': 0.6700872437947258, 'Bleu_3': 0.5408104846750474, 'Bleu_4': 0.42188468540525614, 'METEOR': 0.28979784473111725, 'ROUGE_L': 0.6118129044384736, 'CIDEr': 0.5896393643461685}
l2r_scores: {'Bleu_1': 0.8502103640380599, 'Bleu_2': 0.7310996430690962, 'Bleu_3': 0.6061489952471595, 'Bleu_4': 0.48214007959439725, 'METEOR': 0.320170348805105, 'ROUGE_L': 0.6559117975796502, 'CIDEr': 0.6294620994278801}


[EPOCH 15 TRAIN]
time: 189.93 seconds | lr: 0.000100
loss:2.076048 = (1-reg):0.40 * r2l_loss:2.059717 + (reg):0.60 * l2r_loss:2.086936
{'testlen': 3274, 'reflen': 3424, 'guess': [3274, 2777, 2280, 1784], 'correct': [2759, 1658, 870, 402]}
ratio: 0.9561915887847675
{'testlen': 3456, 'reflen': 3531, 'guess': [3456, 2959, 2462, 1965], 'correct': [3016, 1903, 1023, 481]}
ratio: 0.9787595581985333
[EPOCH 15 VAL]
time: 84.29 seconds
loss:2.762877 = (1-reg):0.40 * r2l_loss:2.769111 + (reg):0.60 * l2r_loss:2.758721
r2l_scores: {'Bleu_1': 0.804962408714853, 'Bleu_2': 0.6775532145500649, 'Bleu_3': 0.5510503297745165, 'Bleu_4': 0.43563914224713746, 'METEOR': 0.29238911816381447, 'ROUGE_L': 0.6171290279787791, 'CIDEr': 0.6067427915180901}
l2r_scores: {'Bleu_1': 0.8539507217856329, 'Bleu_2': 0.7330792381051393, 'Bleu_3': 0.6023120387794586, 'Bleu_4': 0.47830573685246275, 'METEOR': 0.3203978176928487, 'ROUGE_L': 0.6542218344630214, 'CIDEr': 0.6616855938523974}


[EPOCH 16 TRAIN]
time: 188.42 seconds | lr: 0.000100
loss:2.044607 = (1-reg):0.40 * r2l_loss:2.029185 + (reg):0.60 * l2r_loss:2.054888
{'testlen': 3258, 'reflen': 3433, 'guess': [3258, 2761, 2264, 1767], 'correct': [2759, 1662, 869, 383]}
ratio: 0.9490241771042969
{'testlen': 3382, 'reflen': 3498, 'guess': [3382, 2885, 2388, 1891], 'correct': [2949, 1863, 1015, 486]}
ratio: 0.9668381932530112
[EPOCH 16 VAL]
time: 86.61 seconds
loss:2.762513 = (1-reg):0.40 * r2l_loss:2.775058 + (reg):0.60 * l2r_loss:2.754150
r2l_scores: {'Bleu_1': 0.8025515816255165, 'Bleu_2': 0.676635767358151, 'Bleu_3': 0.5501847268741262, 'Bleu_4': 0.4300708798173088, 'METEOR': 0.29232022432776417, 'ROUGE_L': 0.6172055416321898, 'CIDEr': 0.5893603102391783}
l2r_scores: {'Bleu_1': 0.8425684684498495, 'Bleu_2': 0.7250836904278545, 'Bleu_3': 0.5999347366703108, 'Bleu_4': 0.4812161563024214, 'METEOR': 0.32013888452998623, 'ROUGE_L': 0.6542114629876561, 'CIDEr': 0.6604626554533123}



[BEST: 11 | SEED: 904666 | VAL-CIDEr: 0.6596640924067758]
{'testlen': 19427, 'reflen': 20580, 'guess': [19427, 16437, 13447, 10460], 'correct': [16543, 10009, 5278, 2439]}
ratio: 0.943974732750197
{'testlen': 19843, 'reflen': 20696, 'guess': [19843, 16853, 13863, 10874], 'correct': [17281, 10837, 5812, 2741]}
ratio: 0.9587843061460688
time: 433.18 seconds
r2l_scores: {'Bleu_1': 0.8024777196284566, 'Bleu_2': 0.6785983284663201, 'Bleu_3': 0.5543252590261354, 'Bleu_4': 0.439844984200549, 'METEOR': 0.29782529392985385, 'ROUGE_L': 0.6274986581754355, 'CIDEr': 0.6208224645103073}
l2r_scores: {'Bleu_1': 0.8342425266760324, 'Bleu_2': 0.7168486673795135, 'Bleu_3': 0.5909508721751113, 'Bleu_4': 0.4724720879318938, 'METEOR': 0.31261323586427836, 'ROUGE_L': 0.6476677302752519, 'CIDEr': 0.6300317546686777}
----------------------------------------
>> [Train time] Total: 2978.97 seconds => Per epoch: 186.19 seconds
>> [Val time] Total: 1309.86 seconds => Per epoch: 81.87 seconds
