Found 1 CUDA device(s)

Device 0: NVIDIA A100-SXM4-40GB
  Total memory bytes: 42296475648
  MultiProcessor count: 108
  Major.Minor: 8.0
  Max threads per block: 2048
  Memory reserved bytes: 0
  Memory allocated bytes: 0
  Free inside reserved bytes: 0
  Active allocations: 0
========================================
MODEL ID: MSRVTT = FEAT newBlip2ClsKF+newMViTv2+newImgCapBlip2KF fsl-13 mcl-20 = Transformer d-512 N_enc-0 N_dec-1 h-4 h_big-4 dp-0.1 = OPTIM lr-0.0001 warmup-3 gamma-0.5 pat-3 wd-5e-06 rg-0.5 = bs-64-gc-5.0-ls-0.15 = 1764688581
Enter the load_video_feats method.
Enter the load_video_feats method.
Enter the load_video_feats method.
#vocabs: 10444 (23046), #words: 1178850 (1194458). Trim words which appear less than 3 times.
{'Total': 34181016, 'Trainable': 34181016}


[EPOCH 1 TRAIN]
time: 108.50 seconds | lr: 0.000033
loss:3.889903 = (1-reg):0.50 * r2l_loss:3.912717 + (reg):0.50 * l2r_loss:3.867089
{'testlen': 2656, 'reflen': 3040, 'guess': [2656, 2159, 1662, 1190], 'correct': [2305, 1393, 708, 304]}
ratio: 0.8736842105260284
{'testlen': 2963, 'reflen': 3205, 'guess': [2963, 2466, 1969, 1472], 'correct': [2598, 1618, 847, 376]}
ratio: 0.9244929797189003
[EPOCH 1 VAL]
time: 53.35 seconds
loss:3.386807 = (1-reg):0.50 * r2l_loss:3.393446 + (reg):0.50 * l2r_loss:3.380169
r2l_scores: {'Bleu_1': 0.7510231002130606, 'Bleu_2': 0.6475616230494842, 'Bleu_3': 0.5366918003625782, 'Bleu_4': 0.429959931224857, 'METEOR': 0.27021783318914977, 'ROUGE_L': 0.6048701407899805, 'CIDEr': 0.4873302350100999}
l2r_scores: {'Bleu_1': 0.8080475853631665, 'Bleu_2': 0.6989979655270565, 'Bleu_3': 0.5785927485782216, 'Bleu_4': 0.4620958933106489, 'METEOR': 0.2937362098713438, 'ROUGE_L': 0.6298484131024427, 'CIDEr': 0.4932009766728915}
>> Saving checkpoint to 1.ckpt
>> New best model at epoch 1 | CIDEr: 0.4932009766728915


[EPOCH 2 TRAIN]
time: 107.35 seconds | lr: 0.000056
loss:3.224325 = (1-reg):0.50 * r2l_loss:3.238232 + (reg):0.50 * l2r_loss:3.210417
{'testlen': 2806, 'reflen': 3087, 'guess': [2806, 2309, 1814, 1323], 'correct': [2462, 1491, 758, 321]}
ratio: 0.9089731130544513
{'testlen': 2991, 'reflen': 3227, 'guess': [2991, 2494, 1997, 1500], 'correct': [2659, 1686, 901, 409]}
ratio: 0.9268670591878132
[EPOCH 2 VAL]
time: 53.51 seconds
loss:3.083724 = (1-reg):0.50 * r2l_loss:3.096979 + (reg):0.50 * l2r_loss:3.070468
r2l_scores: {'Bleu_1': 0.7937962159957502, 'Bleu_2': 0.6809820878265231, 'Bleu_3': 0.559676812237439, 'Bleu_4': 0.4429109764141131, 'METEOR': 0.28384619827404306, 'ROUGE_L': 0.621397938745179, 'CIDEr': 0.5586467407283703}
l2r_scores: {'Bleu_1': 0.8215511788426468, 'Bleu_2': 0.716414259700832, 'Bleu_3': 0.5981396919365279, 'Bleu_4': 0.48188471825743934, 'METEOR': 0.3064005889678085, 'ROUGE_L': 0.6489868264384868, 'CIDEr': 0.5653270589318692}
>> Saving checkpoint to 2.ckpt
>> New best model at epoch 2 | CIDEr: 0.5653270589318692


[EPOCH 3 TRAIN]
time: 108.45 seconds | lr: 0.000078
loss:2.952857 = (1-reg):0.50 * r2l_loss:2.963939 + (reg):0.50 * l2r_loss:2.941776
{'testlen': 2854, 'reflen': 3144, 'guess': [2854, 2357, 1862, 1377], 'correct': [2491, 1539, 807, 357]}
ratio: 0.9077608142490752
{'testlen': 2993, 'reflen': 3211, 'guess': [2993, 2496, 1999, 1502], 'correct': [2664, 1675, 877, 382]}
ratio: 0.9321083774522168
[EPOCH 3 VAL]
time: 54.40 seconds
loss:2.949791 = (1-reg):0.50 * r2l_loss:2.968096 + (reg):0.50 * l2r_loss:2.931485
r2l_scores: {'Bleu_1': 0.7884793548592607, 'Bleu_2': 0.68197737315106, 'Bleu_3': 0.5668064527155607, 'Bleu_4': 0.4544407837880428, 'METEOR': 0.28962329769450823, 'ROUGE_L': 0.6276528681439354, 'CIDEr': 0.5964598420647881}
l2r_scores: {'Bleu_1': 0.8275513701138956, 'Bleu_2': 0.7185654396301427, 'Bleu_3': 0.5949707783685594, 'Bleu_4': 0.4724022411011027, 'METEOR': 0.30618010822621816, 'ROUGE_L': 0.6410623750536556, 'CIDEr': 0.5751376631887756}
>> Saving checkpoint to 3.ckpt
>> New best model at epoch 3 | CIDEr: 0.5751376631887756


[EPOCH 4 TRAIN]
time: 100.84 seconds | lr: 0.000100
loss:2.773781 = (1-reg):0.50 * r2l_loss:2.782098 + (reg):0.50 * l2r_loss:2.765463
{'testlen': 3022, 'reflen': 3243, 'guess': [3022, 2525, 2028, 1540], 'correct': [2629, 1633, 852, 356]}
ratio: 0.9318532223247203
{'testlen': 3257, 'reflen': 3401, 'guess': [3257, 2760, 2263, 1766], 'correct': [2883, 1844, 991, 451]}
ratio: 0.9576595119079807
[EPOCH 4 VAL]
time: 54.53 seconds
loss:2.869477 = (1-reg):0.50 * r2l_loss:2.889336 + (reg):0.50 * l2r_loss:2.849619
r2l_scores: {'Bleu_1': 0.8086042261091185, 'Bleu_2': 0.6971887087150663, 'Bleu_3': 0.5746949817374283, 'Bleu_4': 0.44938683262760937, 'METEOR': 0.2986544384825105, 'ROUGE_L': 0.6381552435648865, 'CIDEr': 0.620439157840344}
l2r_scores: {'Bleu_1': 0.8468873660037283, 'Bleu_2': 0.7357633137320305, 'Bleu_3': 0.6098476807781101, 'Bleu_4': 0.4851903847186018, 'METEOR': 0.3159212852441233, 'ROUGE_L': 0.6520314403010004, 'CIDEr': 0.5962669249460217}
>> Saving checkpoint to 4.ckpt
>> New best model at epoch 4 | CIDEr: 0.5962669249460217


[EPOCH 5 TRAIN]
time: 110.67 seconds | lr: 0.000100
loss:2.632003 = (1-reg):0.50 * r2l_loss:2.638328 + (reg):0.50 * l2r_loss:2.625678
{'testlen': 2953, 'reflen': 3200, 'guess': [2953, 2456, 1959, 1468], 'correct': [2604, 1621, 852, 375]}
ratio: 0.9228124999997116
{'testlen': 3265, 'reflen': 3398, 'guess': [3265, 2768, 2271, 1774], 'correct': [2880, 1808, 953, 424]}
ratio: 0.9608593290167861
[EPOCH 5 VAL]
time: 56.30 seconds
loss:2.835413 = (1-reg):0.50 * r2l_loss:2.855272 + (reg):0.50 * l2r_loss:2.815555
r2l_scores: {'Bleu_1': 0.8110572540258301, 'Bleu_2': 0.7016815747459828, 'Bleu_3': 0.5818170286332769, 'Bleu_4': 0.4638041380313308, 'METEOR': 0.2989255736141463, 'ROUGE_L': 0.6339631923713839, 'CIDEr': 0.6042934263890978}
l2r_scores: {'Bleu_1': 0.8468729991926026, 'Bleu_2': 0.7287520771015833, 'Bleu_3': 0.5981105376653214, 'Bleu_4': 0.470724059997234, 'METEOR': 0.3159423603310973, 'ROUGE_L': 0.6465892843167115, 'CIDEr': 0.5994993112348131}
>> Saving checkpoint to 5.ckpt
>> New best model at epoch 5 | CIDEr: 0.5994993112348131


[EPOCH 6 TRAIN]
time: 107.37 seconds | lr: 0.000100
loss:2.526625 = (1-reg):0.50 * r2l_loss:2.531549 + (reg):0.50 * l2r_loss:2.521702
{'testlen': 3014, 'reflen': 3251, 'guess': [3014, 2517, 2020, 1526], 'correct': [2613, 1583, 826, 349]}
ratio: 0.9270993540446241
{'testlen': 3174, 'reflen': 3324, 'guess': [3174, 2677, 2180, 1683], 'correct': [2827, 1795, 972, 461]}
ratio: 0.954873646209099
[EPOCH 6 VAL]
time: 54.51 seconds
loss:2.815899 = (1-reg):0.50 * r2l_loss:2.836807 + (reg):0.50 * l2r_loss:2.794991
r2l_scores: {'Bleu_1': 0.8013943271717527, 'Bleu_2': 0.6825697425569669, 'Bleu_3': 0.5605197871677462, 'Bleu_4': 0.4392618235694064, 'METEOR': 0.2882697724068959, 'ROUGE_L': 0.6175070813961571, 'CIDEr': 0.5900142321042775}
l2r_scores: {'Bleu_1': 0.8495610092631377, 'Bleu_2': 0.7371284441946755, 'Bleu_3': 0.6136545129791462, 'Bleu_4': 0.49569675199682267, 'METEOR': 0.32081939045124924, 'ROUGE_L': 0.6565557330586621, 'CIDEr': 0.6263116177887961}
>> Saving checkpoint to 6.ckpt
>> New best model at epoch 6 | CIDEr: 0.6263116177887961


[EPOCH 7 TRAIN]
time: 109.37 seconds | lr: 0.000100
loss:2.442877 = (1-reg):0.50 * r2l_loss:2.447077 + (reg):0.50 * l2r_loss:2.438677
{'testlen': 2947, 'reflen': 3191, 'guess': [2947, 2450, 1954, 1461], 'correct': [2571, 1544, 798, 358]}
ratio: 0.9235349420241543
{'testlen': 3315, 'reflen': 3436, 'guess': [3315, 2818, 2321, 1824], 'correct': [2945, 1881, 1027, 477]}
ratio: 0.9647846332942477
[EPOCH 7 VAL]
time: 55.26 seconds
loss:2.806748 = (1-reg):0.50 * r2l_loss:2.829320 + (reg):0.50 * l2r_loss:2.784177
r2l_scores: {'Bleu_1': 0.8030897208046395, 'Bleu_2': 0.6825645087959015, 'Bleu_3': 0.559503259792334, 'Bleu_4': 0.4458314487344474, 'METEOR': 0.288409247964166, 'ROUGE_L': 0.6178037938089629, 'CIDEr': 0.5961757761812183}
l2r_scores: {'Bleu_1': 0.8565440256899214, 'Bleu_2': 0.7424594006983553, 'Bleu_3': 0.6172525356244581, 'Bleu_4': 0.4934663343385929, 'METEOR': 0.32137202907743745, 'ROUGE_L': 0.6568154518525234, 'CIDEr': 0.6253742462383272}


[EPOCH 8 TRAIN]
time: 104.62 seconds | lr: 0.000100
loss:2.372992 = (1-reg):0.50 * r2l_loss:2.376190 + (reg):0.50 * l2r_loss:2.369794
{'testlen': 3004, 'reflen': 3222, 'guess': [3004, 2507, 2010, 1519], 'correct': [2646, 1629, 856, 396]}
ratio: 0.9323401613901513
{'testlen': 3222, 'reflen': 3378, 'guess': [3222, 2725, 2228, 1732], 'correct': [2868, 1822, 975, 448]}
ratio: 0.953818827708421
[EPOCH 8 VAL]
time: 55.46 seconds
loss:2.803863 = (1-reg):0.50 * r2l_loss:2.829821 + (reg):0.50 * l2r_loss:2.777906
r2l_scores: {'Bleu_1': 0.8191684201998021, 'Bleu_2': 0.7035769788973043, 'Bleu_3': 0.5809357184895899, 'Bleu_4': 0.4669294164245576, 'METEOR': 0.2997717480835417, 'ROUGE_L': 0.6204504522095, 'CIDEr': 0.603242833136228}
l2r_scores: {'Bleu_1': 0.8480594884013489, 'Bleu_2': 0.735005256669128, 'Bleu_3': 0.608435214764267, 'Bleu_4': 0.4853851270670422, 'METEOR': 0.31673293727027796, 'ROUGE_L': 0.6490715112667781, 'CIDEr': 0.620721805340561}


[EPOCH 9 TRAIN]
time: 104.84 seconds | lr: 0.000100
loss:2.311468 = (1-reg):0.50 * r2l_loss:2.314695 + (reg):0.50 * l2r_loss:2.308240
{'testlen': 3093, 'reflen': 3281, 'guess': [3093, 2596, 2099, 1606], 'correct': [2681, 1612, 824, 347]}
ratio: 0.9427003962203772
{'testlen': 3190, 'reflen': 3352, 'guess': [3190, 2693, 2196, 1699], 'correct': [2818, 1759, 927, 421]}
ratio: 0.9516706443911243
[EPOCH 9 VAL]
time: 56.61 seconds
loss:2.804035 = (1-reg):0.50 * r2l_loss:2.824795 + (reg):0.50 * l2r_loss:2.783275
r2l_scores: {'Bleu_1': 0.8156792752252444, 'Bleu_2': 0.6903846958734035, 'Bleu_3': 0.5604882846628698, 'Bleu_4': 0.434982236083045, 'METEOR': 0.2924229521055029, 'ROUGE_L': 0.6184532974738003, 'CIDEr': 0.5862063895299126}
l2r_scores: {'Bleu_1': 0.8396440706315054, 'Bleu_2': 0.721996040080521, 'Bleu_3': 0.5935910121227679, 'Bleu_4': 0.47111170702944455, 'METEOR': 0.31459256021579657, 'ROUGE_L': 0.6431530650268598, 'CIDEr': 0.6049123913386004}


[EPOCH 10 TRAIN]
time: 106.75 seconds | lr: 0.000100
loss:2.258475 = (1-reg):0.50 * r2l_loss:2.261551 + (reg):0.50 * l2r_loss:2.255398
{'testlen': 3006, 'reflen': 3227, 'guess': [3006, 2509, 2012, 1522], 'correct': [2626, 1631, 863, 390]}
ratio: 0.9315153393241613
{'testlen': 3312, 'reflen': 3440, 'guess': [3312, 2815, 2318, 1821], 'correct': [2936, 1882, 1027, 472]}
ratio: 0.9627906976741387
[EPOCH 10 VAL]
time: 55.54 seconds
loss:2.804942 = (1-reg):0.50 * r2l_loss:2.827548 + (reg):0.50 * l2r_loss:2.782336
r2l_scores: {'Bleu_1': 0.8116645476276222, 'Bleu_2': 0.7001649302768242, 'Bleu_3': 0.5802539689067905, 'Bleu_4': 0.4644016844228714, 'METEOR': 0.2963977491475999, 'ROUGE_L': 0.625860437524965, 'CIDEr': 0.6067039892301301}
l2r_scores: {'Bleu_1': 0.8528671664473578, 'Bleu_2': 0.7406604312833811, 'Bleu_3': 0.6160798299815711, 'Bleu_4': 0.4914051166412155, 'METEOR': 0.32228550492421904, 'ROUGE_L': 0.6565576467398309, 'CIDEr': 0.6370576079409478}
>> Saving checkpoint to 10.ckpt
>> New best model at epoch 10 | CIDEr: 0.6370576079409478


[EPOCH 11 TRAIN]
time: 106.41 seconds | lr: 0.000100
loss:2.209608 = (1-reg):0.50 * r2l_loss:2.212084 + (reg):0.50 * l2r_loss:2.207131
{'testlen': 3053, 'reflen': 3263, 'guess': [3053, 2556, 2059, 1565], 'correct': [2665, 1617, 846, 384]}
ratio: 0.9356420471955453
{'testlen': 3267, 'reflen': 3398, 'guess': [3267, 2770, 2273, 1776], 'correct': [2924, 1880, 1022, 473]}
ratio: 0.9614479105353262
[EPOCH 11 VAL]
time: 55.16 seconds
loss:2.809810 = (1-reg):0.50 * r2l_loss:2.835803 + (reg):0.50 * l2r_loss:2.783817
r2l_scores: {'Bleu_1': 0.8148872996266838, 'Bleu_2': 0.6937243359280854, 'Bleu_3': 0.5693836674569915, 'Bleu_4': 0.45346081028057783, 'METEOR': 0.2985965809466984, 'ROUGE_L': 0.6277440559567083, 'CIDEr': 0.5955022482719515}
l2r_scores: {'Bleu_1': 0.8598326171308742, 'Bleu_2': 0.7487534542302582, 'Bleu_3': 0.6233112134248777, 'Bleu_4': 0.4989185715819013, 'METEOR': 0.32368382138241203, 'ROUGE_L': 0.6586363095422347, 'CIDEr': 0.6144797498078101}


[EPOCH 12 TRAIN]
time: 108.99 seconds | lr: 0.000100
loss:2.165588 = (1-reg):0.50 * r2l_loss:2.168051 + (reg):0.50 * l2r_loss:2.163125
{'testlen': 3038, 'reflen': 3247, 'guess': [3038, 2541, 2044, 1550], 'correct': [2608, 1560, 795, 347]}
ratio: 0.9356328918999275
{'testlen': 3265, 'reflen': 3390, 'guess': [3265, 2768, 2271, 1774], 'correct': [2907, 1827, 958, 432]}
ratio: 0.963126843657533
[EPOCH 12 VAL]
time: 54.87 seconds
loss:2.815861 = (1-reg):0.50 * r2l_loss:2.846431 + (reg):0.50 * l2r_loss:2.785290
r2l_scores: {'Bleu_1': 0.8013872262912941, 'Bleu_2': 0.6777077835694829, 'Bleu_3': 0.5504247166546739, 'Bleu_4': 0.43206942937931786, 'METEOR': 0.28659001609440954, 'ROUGE_L': 0.6113354219401108, 'CIDEr': 0.574467591700008}
l2r_scores: {'Bleu_1': 0.8569094884643477, 'Bleu_2': 0.7378027327127046, 'Bleu_3': 0.6045988727548586, 'Bleu_4': 0.47706363071160546, 'METEOR': 0.31650555773981587, 'ROUGE_L': 0.6468360211594861, 'CIDEr': 0.617058816468714}


[EPOCH 13 TRAIN]
time: 109.62 seconds | lr: 0.000050
loss:2.080602 = (1-reg):0.50 * r2l_loss:2.083498 + (reg):0.50 * l2r_loss:2.077706
{'testlen': 3100, 'reflen': 3293, 'guess': [3100, 2603, 2106, 1610], 'correct': [2665, 1596, 820, 355]}
ratio: 0.9413908290309926
{'testlen': 3341, 'reflen': 3450, 'guess': [3341, 2844, 2347, 1850], 'correct': [2959, 1852, 1003, 459]}
ratio: 0.9684057971011686
[EPOCH 13 VAL]
time: 55.65 seconds
loss:2.821216 = (1-reg):0.50 * r2l_loss:2.844380 + (reg):0.50 * l2r_loss:2.798052
r2l_scores: {'Bleu_1': 0.8077876063934906, 'Bleu_2': 0.6821953979296161, 'Bleu_3': 0.5542574943628983, 'Bleu_4': 0.4333858388489882, 'METEOR': 0.2910965820653301, 'ROUGE_L': 0.6114203660574816, 'CIDEr': 0.5711497345207426}
l2r_scores: {'Bleu_1': 0.8572345140008457, 'Bleu_2': 0.7350571369649209, 'Bleu_3': 0.6068579791117682, 'Bleu_4': 0.4813193581273833, 'METEOR': 0.3206811773424437, 'ROUGE_L': 0.6516880633813019, 'CIDEr': 0.6216645913398361}


[EPOCH 14 TRAIN]
time: 106.89 seconds | lr: 0.000050
loss:2.050053 = (1-reg):0.50 * r2l_loss:2.053468 + (reg):0.50 * l2r_loss:2.046638
{'testlen': 3067, 'reflen': 3271, 'guess': [3067, 2570, 2073, 1577], 'correct': [2613, 1570, 804, 351]}
ratio: 0.9376337511461518
{'testlen': 3299, 'reflen': 3416, 'guess': [3299, 2802, 2305, 1808], 'correct': [2925, 1871, 1013, 464]}
ratio: 0.9657494145196236
[EPOCH 14 VAL]
time: 56.68 seconds
loss:2.831116 = (1-reg):0.50 * r2l_loss:2.856251 + (reg):0.50 * l2r_loss:2.805981
r2l_scores: {'Bleu_1': 0.79714761193509, 'Bleu_2': 0.6750084306313197, 'Bleu_3': 0.5488614797330065, 'Bleu_4': 0.4307687587340942, 'METEOR': 0.2905427052524811, 'ROUGE_L': 0.6116505082142482, 'CIDEr': 0.5686028369680224}
l2r_scores: {'Bleu_1': 0.855738702031551, 'Bleu_2': 0.742629547626616, 'Bleu_3': 0.616160038168733, 'Bleu_4': 0.4906247350176852, 'METEOR': 0.3235212529311009, 'ROUGE_L': 0.6588665504315445, 'CIDEr': 0.613923444948299}


[EPOCH 15 TRAIN]
time: 108.42 seconds | lr: 0.000050
loss:2.027238 = (1-reg):0.50 * r2l_loss:2.031326 + (reg):0.50 * l2r_loss:2.023151
{'testlen': 3083, 'reflen': 3300, 'guess': [3083, 2586, 2089, 1593], 'correct': [2657, 1572, 792, 354]}
ratio: 0.9342424242421411
{'testlen': 3352, 'reflen': 3460, 'guess': [3352, 2855, 2358, 1861], 'correct': [2940, 1846, 998, 456]}
ratio: 0.96878612716735
[EPOCH 15 VAL]
time: 55.17 seconds
loss:2.838670 = (1-reg):0.50 * r2l_loss:2.860930 + (reg):0.50 * l2r_loss:2.816410
r2l_scores: {'Bleu_1': 0.8032482418361473, 'Bleu_2': 0.6746100073908713, 'Bleu_3': 0.5438026898435612, 'Bleu_4': 0.42720450481108896, 'METEOR': 0.2851737397973979, 'ROUGE_L': 0.6086299046789098, 'CIDEr': 0.5637439763944705}
l2r_scores: {'Bleu_1': 0.8492792998562161, 'Bleu_2': 0.7291916227236116, 'Bleu_3': 0.6017633956367086, 'Bleu_4': 0.4768433682538908, 'METEOR': 0.3171427570455219, 'ROUGE_L': 0.6437721567283551, 'CIDEr': 0.6138081804362997}


[EPOCH 16 TRAIN]
time: 107.83 seconds | lr: 0.000050
loss:2.005464 = (1-reg):0.50 * r2l_loss:2.009892 + (reg):0.50 * l2r_loss:2.001036
{'testlen': 3097, 'reflen': 3320, 'guess': [3097, 2600, 2103, 1610], 'correct': [2644, 1607, 842, 374]}
ratio: 0.9328313253009238
{'testlen': 3304, 'reflen': 3431, 'guess': [3304, 2807, 2310, 1813], 'correct': [2905, 1850, 993, 451]}
ratio: 0.9629845526082883
[EPOCH 16 VAL]
time: 55.76 seconds
loss:2.846539 = (1-reg):0.50 * r2l_loss:2.871520 + (reg):0.50 * l2r_loss:2.821559
r2l_scores: {'Bleu_1': 0.7944174936423981, 'Bleu_2': 0.6759427911967872, 'Bleu_3': 0.5542092260388463, 'Bleu_4': 0.4379745584097434, 'METEOR': 0.2907790064909815, 'ROUGE_L': 0.6161639414264349, 'CIDEr': 0.5853348799330116}
l2r_scores: {'Bleu_1': 0.8460822329644788, 'Bleu_2': 0.7325279231461669, 'Bleu_3': 0.6054766109705085, 'Bleu_4': 0.48011395824340675, 'METEOR': 0.32048839351715946, 'ROUGE_L': 0.6496446360446331, 'CIDEr': 0.6128571780003823}



[BEST: 10 | SEED: 904666 | VAL-CIDEr: 0.6370576079409478]
{'testlen': 18467, 'reflen': 19967, 'guess': [18467, 15477, 12488, 9515], 'correct': [15903, 9631, 5083, 2372]}
ratio: 0.9248760454749875
{'testlen': 19622, 'reflen': 20542, 'guess': [19622, 16632, 13642, 10652], 'correct': [17231, 11006, 5961, 2845]}
ratio: 0.9552137084996127
time: 250.13 seconds
r2l_scores: {'Bleu_1': 0.7939748006617886, 'Bleu_2': 0.6749283396536724, 'Bleu_3': 0.5549947212102182, 'Bleu_4': 0.44521943543190734, 'METEOR': 0.2899344570348017, 'ROUGE_L': 0.6167220424424391, 'CIDEr': 0.5834631595408126}
l2r_scores: {'Bleu_1': 0.8379243585943457, 'Bleu_2': 0.7273839704475124, 'Bleu_3': 0.6042296665439354, 'Bleu_4': 0.48693805059189443, 'METEOR': 0.3135151420489384, 'ROUGE_L': 0.654117166062075, 'CIDEr': 0.6277195917643421}
----------------------------------------
>> [Train time] Total: 1716.92 seconds => Per epoch: 107.31 seconds
>> [Val time] Total: 882.77 seconds => Per epoch: 55.17 seconds
