Found 1 CUDA device(s)

Device 0: NVIDIA A100-SXM4-40GB
  Total memory bytes: 42296475648
  MultiProcessor count: 108
  Major.Minor: 8.0
  Max threads per block: 2048
  Memory reserved bytes: 0
  Memory allocated bytes: 0
  Free inside reserved bytes: 0
  Active allocations: 0
========================================
MODEL ID: MSRVTT = FEAT newBlip2ClsKF+newMViTv2+newImgCapBlip2KF fsl-10 mcl-20 = Transformer d-512 N_enc-0 N_dec-3 h-4 h_big-4 dp-0.1 = OPTIM lr-0.0001 warmup-3 gamma-0.5 pat-3 wd-5e-06 rg-0.6 = bs-64-gc-5.0-ls-0.15 = 1764762607
Enter the load_video_feats method.
Enter the load_video_feats method.
Enter the load_video_feats method.
#vocabs: 10444 (23046), #words: 1178850 (1194458). Trim words which appear less than 3 times.
{'Total': 53114776, 'Trainable': 53114776}


[EPOCH 1 TRAIN]
time: 198.35 seconds | lr: 0.000033
loss:3.918322 = (1-reg):0.40 * r2l_loss:3.921034 + (reg):0.60 * l2r_loss:3.916514
{'testlen': 2789, 'reflen': 3104, 'guess': [2789, 2292, 1795, 1309], 'correct': [2393, 1388, 686, 285]}
ratio: 0.8985180412368239
{'testlen': 2909, 'reflen': 3170, 'guess': [2909, 2412, 1915, 1418], 'correct': [2522, 1521, 780, 341]}
ratio: 0.9176656151416663
[EPOCH 1 VAL]
time: 76.10 seconds
loss:3.524413 = (1-reg):0.40 * r2l_loss:3.481473 + (reg):0.60 * l2r_loss:3.553039
r2l_scores: {'Bleu_1': 0.7663785757281977, 'Bleu_2': 0.6438485021465753, 'Bleu_3': 0.5211051969994561, 'Bleu_4': 0.40729365964026104, 'METEOR': 0.27914885491639446, 'ROUGE_L': 0.6042592963145458, 'CIDEr': 0.4495166888662132}
l2r_scores: {'Bleu_1': 0.7925666341891158, 'Bleu_2': 0.6759445333396032, 'Bleu_3': 0.5541076204861383, 'Bleu_4': 0.4397681122421802, 'METEOR': 0.2892639254600391, 'ROUGE_L': 0.6210908700962247, 'CIDEr': 0.4511521959672469}
>> Saving checkpoint to 1.ckpt
>> New best model at epoch 1 | CIDEr: 0.4511521959672469


[EPOCH 2 TRAIN]
time: 191.47 seconds | lr: 0.000056
loss:3.242592 = (1-reg):0.40 * r2l_loss:3.231550 + (reg):0.60 * l2r_loss:3.249953
{'testlen': 2879, 'reflen': 3142, 'guess': [2879, 2382, 1885, 1391], 'correct': [2553, 1557, 809, 342]}
ratio: 0.9162953532778751
{'testlen': 2995, 'reflen': 3219, 'guess': [2995, 2498, 2001, 1504], 'correct': [2648, 1655, 894, 407]}
ratio: 0.9304131717921931
[EPOCH 2 VAL]
time: 77.90 seconds
loss:3.198079 = (1-reg):0.40 * r2l_loss:3.150468 + (reg):0.60 * l2r_loss:3.229819
r2l_scores: {'Bleu_1': 0.8093490171521062, 'Bleu_2': 0.6948718149666668, 'Bleu_3': 0.574016554956351, 'Bleu_4': 0.4538890764089603, 'METEOR': 0.29421364995701693, 'ROUGE_L': 0.6353648635488451, 'CIDEr': 0.5775284801276065}
l2r_scores: {'Bleu_1': 0.8204265325143753, 'Bleu_2': 0.7102020179823114, 'Bleu_3': 0.5935503868115154, 'Bleu_4': 0.47869564145968607, 'METEOR': 0.3068818697131441, 'ROUGE_L': 0.6425074338188503, 'CIDEr': 0.5393108004338418}
>> Saving checkpoint to 2.ckpt
>> New best model at epoch 2 | CIDEr: 0.5393108004338418


[EPOCH 3 TRAIN]
time: 201.54 seconds | lr: 0.000078
loss:2.960636 = (1-reg):0.40 * r2l_loss:2.948751 + (reg):0.60 * l2r_loss:2.968559
{'testlen': 2917, 'reflen': 3171, 'guess': [2917, 2420, 1923, 1426], 'correct': [2567, 1575, 817, 348]}
ratio: 0.9198990854617093
{'testlen': 3072, 'reflen': 3292, 'guess': [3072, 2575, 2078, 1581], 'correct': [2716, 1695, 887, 407]}
ratio: 0.9331713244225598
[EPOCH 3 VAL]
time: 79.82 seconds
loss:2.994265 = (1-reg):0.40 * r2l_loss:2.987365 + (reg):0.60 * l2r_loss:2.998865
r2l_scores: {'Bleu_1': 0.8066272996579987, 'Bleu_2': 0.6936825865285726, 'Bleu_3': 0.5722457967475915, 'Bleu_4': 0.4524783012752378, 'METEOR': 0.30053383612530293, 'ROUGE_L': 0.6384952562078546, 'CIDEr': 0.616257204778025}
l2r_scores: {'Bleu_1': 0.8230130770653669, 'Bleu_2': 0.7101477139490581, 'Bleu_3': 0.5851823450328814, 'Bleu_4': 0.4681215037650164, 'METEOR': 0.3094124722906551, 'ROUGE_L': 0.6386273479860823, 'CIDEr': 0.5862279448536057}
>> Saving checkpoint to 3.ckpt
>> New best model at epoch 3 | CIDEr: 0.5862279448536057


[EPOCH 4 TRAIN]
time: 200.62 seconds | lr: 0.000100
loss:2.775489 = (1-reg):0.40 * r2l_loss:2.762694 + (reg):0.60 * l2r_loss:2.784020
{'testlen': 3133, 'reflen': 3355, 'guess': [3133, 2636, 2139, 1646], 'correct': [2669, 1586, 801, 350]}
ratio: 0.9338301043216293
{'testlen': 3183, 'reflen': 3360, 'guess': [3183, 2686, 2189, 1692], 'correct': [2811, 1779, 968, 447]}
ratio: 0.9473214285711467
[EPOCH 4 VAL]
time: 81.43 seconds
loss:2.915904 = (1-reg):0.40 * r2l_loss:2.908646 + (reg):0.60 * l2r_loss:2.920743
r2l_scores: {'Bleu_1': 0.7936237920753234, 'Bleu_2': 0.6669595233989183, 'Bleu_3': 0.5373811099112511, 'Bleu_4': 0.41872411699456724, 'METEOR': 0.2920134583934435, 'ROUGE_L': 0.6143057426609764, 'CIDEr': 0.5906289249782545}
l2r_scores: {'Bleu_1': 0.835360614728558, 'Bleu_2': 0.7234305784080963, 'Bleu_3': 0.6026859066802134, 'Bleu_4': 0.4836236330375067, 'METEOR': 0.31738728499938396, 'ROUGE_L': 0.6509624612828633, 'CIDEr': 0.6258898356364919}
>> Saving checkpoint to 4.ckpt
>> New best model at epoch 4 | CIDEr: 0.6258898356364919


[EPOCH 5 TRAIN]
time: 197.10 seconds | lr: 0.000100
loss:2.630394 = (1-reg):0.40 * r2l_loss:2.615311 + (reg):0.60 * l2r_loss:2.640448
{'testlen': 3078, 'reflen': 3292, 'guess': [3078, 2581, 2084, 1590], 'correct': [2642, 1580, 793, 339]}
ratio: 0.9349939246655726
{'testlen': 3187, 'reflen': 3342, 'guess': [3187, 2690, 2193, 1696], 'correct': [2823, 1761, 924, 407]}
ratio: 0.9536205864748792
[EPOCH 5 VAL]
time: 81.91 seconds
loss:2.849445 = (1-reg):0.40 * r2l_loss:2.836959 + (reg):0.60 * l2r_loss:2.857769
r2l_scores: {'Bleu_1': 0.8006995504626857, 'Bleu_2': 0.6761951118920846, 'Bleu_3': 0.5454751510083844, 'Bleu_4': 0.42387052580980594, 'METEOR': 0.2929320725090108, 'ROUGE_L': 0.6162493271951205, 'CIDEr': 0.5890911680748334}
l2r_scores: {'Bleu_1': 0.8437365596912995, 'Bleu_2': 0.7253472994198109, 'Bleu_3': 0.5954808457490097, 'Bleu_4': 0.46871893799654796, 'METEOR': 0.31411002601678195, 'ROUGE_L': 0.6445063067863109, 'CIDEr': 0.6220317014269984}


[EPOCH 6 TRAIN]
time: 200.98 seconds | lr: 0.000100
loss:2.524189 = (1-reg):0.40 * r2l_loss:2.507971 + (reg):0.60 * l2r_loss:2.535001
{'testlen': 3115, 'reflen': 3321, 'guess': [3115, 2618, 2121, 1625], 'correct': [2700, 1670, 889, 401]}
ratio: 0.9379704908157368
{'testlen': 3278, 'reflen': 3431, 'guess': [3278, 2781, 2284, 1787], 'correct': [2903, 1840, 1006, 472]}
ratio: 0.9554065870005959
[EPOCH 6 VAL]
time: 80.25 seconds
loss:2.829537 = (1-reg):0.40 * r2l_loss:2.831023 + (reg):0.60 * l2r_loss:2.828545
r2l_scores: {'Bleu_1': 0.8113067980438623, 'Bleu_2': 0.69599428399482, 'Bleu_3': 0.57493305696337, 'Bleu_4': 0.4577259790729195, 'METEOR': 0.30146156338299124, 'ROUGE_L': 0.6353527312056251, 'CIDEr': 0.6231286727918249}
l2r_scores: {'Bleu_1': 0.8452155486553111, 'Bleu_2': 0.730561617809868, 'Bleu_3': 0.607642756418192, 'Bleu_4': 0.4876665339096763, 'METEOR': 0.32206185395064457, 'ROUGE_L': 0.6544736764043013, 'CIDEr': 0.6420460471205488}
>> Saving checkpoint to 6.ckpt
>> New best model at epoch 6 | CIDEr: 0.6420460471205488


[EPOCH 7 TRAIN]
time: 198.52 seconds | lr: 0.000100
loss:2.439972 = (1-reg):0.40 * r2l_loss:2.423938 + (reg):0.60 * l2r_loss:2.450661
{'testlen': 3210, 'reflen': 3374, 'guess': [3210, 2713, 2216, 1719], 'correct': [2775, 1718, 926, 442]}
ratio: 0.9513930053346321
{'testlen': 3318, 'reflen': 3450, 'guess': [3318, 2821, 2324, 1827], 'correct': [2897, 1824, 984, 452]}
ratio: 0.9617391304345039
[EPOCH 7 VAL]
time: 82.30 seconds
loss:2.797468 = (1-reg):0.40 * r2l_loss:2.804288 + (reg):0.60 * l2r_loss:2.792922
r2l_scores: {'Bleu_1': 0.8214283756187329, 'Bleu_2': 0.7030357445658815, 'Bleu_3': 0.5811246039819394, 'Bleu_4': 0.46794141298706904, 'METEOR': 0.30568773583611913, 'ROUGE_L': 0.6395873625264398, 'CIDEr': 0.6137219707700546}
l2r_scores: {'Bleu_1': 0.8390630093571503, 'Bleu_2': 0.722053525003443, 'Bleu_3': 0.5964033495069921, 'Bleu_4': 0.47389883681200357, 'METEOR': 0.3193715248895868, 'ROUGE_L': 0.644795580482432, 'CIDEr': 0.6235388880817827}


[EPOCH 8 TRAIN]
time: 202.25 seconds | lr: 0.000100
loss:2.370046 = (1-reg):0.40 * r2l_loss:2.353360 + (reg):0.60 * l2r_loss:2.381169
{'testlen': 3273, 'reflen': 3436, 'guess': [3273, 2776, 2279, 1782], 'correct': [2801, 1701, 900, 410]}
ratio: 0.9525611175783025
{'testlen': 3235, 'reflen': 3394, 'guess': [3235, 2738, 2241, 1744], 'correct': [2827, 1768, 935, 428]}
ratio: 0.9531526222743214
[EPOCH 8 VAL]
time: 81.92 seconds
loss:2.786779 = (1-reg):0.40 * r2l_loss:2.786019 + (reg):0.60 * l2r_loss:2.787285
r2l_scores: {'Bleu_1': 0.8142141169118033, 'Bleu_2': 0.6889655427958272, 'Bleu_3': 0.5628874566311162, 'Bleu_4': 0.44450648214969246, 'METEOR': 0.3042709877867175, 'ROUGE_L': 0.6309632001698278, 'CIDEr': 0.6147118830409839}
l2r_scores: {'Bleu_1': 0.8319667757406685, 'Bleu_2': 0.715162328873355, 'Bleu_3': 0.5878652984932736, 'Bleu_4': 0.46676287431709546, 'METEOR': 0.3154034248592731, 'ROUGE_L': 0.6379994098395939, 'CIDEr': 0.60237220919323}


[EPOCH 9 TRAIN]
time: 198.30 seconds | lr: 0.000100
loss:2.309573 = (1-reg):0.40 * r2l_loss:2.292641 + (reg):0.60 * l2r_loss:2.320861
{'testlen': 3236, 'reflen': 3423, 'guess': [3236, 2739, 2242, 1746], 'correct': [2761, 1665, 864, 388]}
ratio: 0.9453695588662152
{'testlen': 3242, 'reflen': 3409, 'guess': [3242, 2745, 2248, 1751], 'correct': [2871, 1850, 1017, 489]}
ratio: 0.9510120269871074
[EPOCH 9 VAL]
time: 80.83 seconds
loss:2.781677 = (1-reg):0.40 * r2l_loss:2.786539 + (reg):0.60 * l2r_loss:2.778435
r2l_scores: {'Bleu_1': 0.8053063957904846, 'Bleu_2': 0.6797407466797628, 'Bleu_3': 0.5518520570867983, 'Bleu_4': 0.4333009932194099, 'METEOR': 0.3031797923549425, 'ROUGE_L': 0.6272384299277054, 'CIDEr': 0.6037697793701077}
l2r_scores: {'Bleu_1': 0.8411027631276897, 'Bleu_2': 0.7337593671915892, 'Bleu_3': 0.6138848942572526, 'Bleu_4': 0.4977119954378298, 'METEOR': 0.3246786800336783, 'ROUGE_L': 0.6569322740388022, 'CIDEr': 0.6338928341363876}


[EPOCH 10 TRAIN]
time: 198.30 seconds | lr: 0.000100
loss:2.257804 = (1-reg):0.40 * r2l_loss:2.240035 + (reg):0.60 * l2r_loss:2.269650
{'testlen': 3247, 'reflen': 3426, 'guess': [3247, 2750, 2253, 1757], 'correct': [2772, 1671, 858, 386]}
ratio: 0.9477524810271606
{'testlen': 3329, 'reflen': 3469, 'guess': [3329, 2832, 2335, 1838], 'correct': [2881, 1787, 953, 462]}
ratio: 0.9596425482845317
[EPOCH 10 VAL]
time: 83.18 seconds
loss:2.782628 = (1-reg):0.40 * r2l_loss:2.790806 + (reg):0.60 * l2r_loss:2.777175
r2l_scores: {'Bleu_1': 0.8079216264930519, 'Bleu_2': 0.681609512646947, 'Bleu_3': 0.5511695621404161, 'Bleu_4': 0.4319489069557482, 'METEOR': 0.2984391204101497, 'ROUGE_L': 0.6239379652425804, 'CIDEr': 0.5951969024743531}
l2r_scores: {'Bleu_1': 0.8297845638055711, 'Bleu_2': 0.7085430977404853, 'Bleu_3': 0.5813327845028626, 'Bleu_4': 0.46647320385027824, 'METEOR': 0.31132753661755763, 'ROUGE_L': 0.638064401404908, 'CIDEr': 0.600243996486307}


[EPOCH 11 TRAIN]
time: 189.54 seconds | lr: 0.000100
loss:2.210367 = (1-reg):0.40 * r2l_loss:2.192696 + (reg):0.60 * l2r_loss:2.222147
{'testlen': 3153, 'reflen': 3334, 'guess': [3153, 2656, 2159, 1662], 'correct': [2720, 1667, 873, 396]}
ratio: 0.9457108578281507
{'testlen': 3329, 'reflen': 3455, 'guess': [3329, 2832, 2335, 1838], 'correct': [2942, 1856, 1023, 483]}
ratio: 0.9635311143267834
[EPOCH 11 VAL]
time: 82.92 seconds
loss:2.772472 = (1-reg):0.40 * r2l_loss:2.786149 + (reg):0.60 * l2r_loss:2.763354
r2l_scores: {'Bleu_1': 0.814542929571531, 'Bleu_2': 0.6947767490093124, 'Bleu_3': 0.569080537319607, 'Bleu_4': 0.4512462466007158, 'METEOR': 0.30112882666076474, 'ROUGE_L': 0.6242988824839362, 'CIDEr': 0.6085515351828489}
l2r_scores: {'Bleu_1': 0.8509247834592328, 'Bleu_2': 0.7327723906063247, 'Bleu_3': 0.6095786501293871, 'Bleu_4': 0.48928656591338004, 'METEOR': 0.3192555823131923, 'ROUGE_L': 0.6507617190321097, 'CIDEr': 0.6216158596909694}


[EPOCH 12 TRAIN]
time: 190.02 seconds | lr: 0.000100
loss:2.167760 = (1-reg):0.40 * r2l_loss:2.149732 + (reg):0.60 * l2r_loss:2.179779
{'testlen': 3217, 'reflen': 3385, 'guess': [3217, 2720, 2223, 1726], 'correct': [2745, 1655, 866, 390]}
ratio: 0.9503692762183308
{'testlen': 3356, 'reflen': 3482, 'guess': [3356, 2859, 2362, 1865], 'correct': [2959, 1889, 1035, 491]}
ratio: 0.9638139000571615
[EPOCH 12 VAL]
time: 81.78 seconds
loss:2.778994 = (1-reg):0.40 * r2l_loss:2.788987 + (reg):0.60 * l2r_loss:2.772333
r2l_scores: {'Bleu_1': 0.8098625468960348, 'Bleu_2': 0.6838804960524469, 'Bleu_3': 0.5571254067272922, 'Bleu_4': 0.4388344196357189, 'METEOR': 0.30045313328752726, 'ROUGE_L': 0.6248547430435184, 'CIDEr': 0.6097502272522798}
l2r_scores: {'Bleu_1': 0.8492148083927801, 'Bleu_2': 0.735131366306224, 'Bleu_3': 0.6109818413832178, 'Bleu_4': 0.49039442882060286, 'METEOR': 0.32578747367151567, 'ROUGE_L': 0.6510347165630054, 'CIDEr': 0.6250033732962469}


[EPOCH 13 TRAIN]
time: 197.19 seconds | lr: 0.000100
loss:2.128994 = (1-reg):0.40 * r2l_loss:2.111547 + (reg):0.60 * l2r_loss:2.140626
{'testlen': 3284, 'reflen': 3443, 'guess': [3284, 2787, 2290, 1793], 'correct': [2775, 1666, 867, 386]}
ratio: 0.9538193435954244
{'testlen': 3395, 'reflen': 3504, 'guess': [3395, 2898, 2401, 1904], 'correct': [2957, 1892, 1036, 474]}
ratio: 0.9688926940636504
[EPOCH 13 VAL]
time: 83.48 seconds
loss:2.773973 = (1-reg):0.40 * r2l_loss:2.786500 + (reg):0.60 * l2r_loss:2.765622
r2l_scores: {'Bleu_1': 0.8050684214730294, 'Bleu_2': 0.6771297366857407, 'Bleu_3': 0.5489086993780788, 'Bleu_4': 0.4291608307621624, 'METEOR': 0.2942587016785712, 'ROUGE_L': 0.6147656689826698, 'CIDEr': 0.6013481630410193}
l2r_scores: {'Bleu_1': 0.8434669511058528, 'Bleu_2': 0.7302535437055565, 'Bleu_3': 0.6062575435153729, 'Bleu_4': 0.4814318818785502, 'METEOR': 0.3196676061825213, 'ROUGE_L': 0.6538532343255459, 'CIDEr': 0.6321654425788144}


[EPOCH 14 TRAIN]
time: 195.57 seconds | lr: 0.000100
loss:2.092639 = (1-reg):0.40 * r2l_loss:2.074391 + (reg):0.60 * l2r_loss:2.104804
{'testlen': 3370, 'reflen': 3511, 'guess': [3370, 2873, 2376, 1879], 'correct': [2844, 1680, 865, 381]}
ratio: 0.9598405012814127
{'testlen': 3452, 'reflen': 3553, 'guess': [3452, 2955, 2458, 1961], 'correct': [3008, 1885, 1038, 500]}
ratio: 0.9715733183222709
[EPOCH 14 VAL]
time: 85.79 seconds
loss:2.778304 = (1-reg):0.40 * r2l_loss:2.790711 + (reg):0.60 * l2r_loss:2.770032
r2l_scores: {'Bleu_1': 0.8093361016107044, 'Bleu_2': 0.6736989887103609, 'Bleu_3': 0.5411407360118139, 'Bleu_4': 0.4189763658140345, 'METEOR': 0.29602769868436746, 'ROUGE_L': 0.6196255209542574, 'CIDEr': 0.6008106031464935}
l2r_scores: {'Bleu_1': 0.8462531198709597, 'Bleu_2': 0.7240585646455687, 'Bleu_3': 0.5990807539025369, 'Bleu_4': 0.48035292312224387, 'METEOR': 0.3175707507220234, 'ROUGE_L': 0.6461569320995485, 'CIDEr': 0.6272638822991546}


[EPOCH 15 TRAIN]
time: 195.95 seconds | lr: 0.000100
loss:2.058951 = (1-reg):0.40 * r2l_loss:2.041641 + (reg):0.60 * l2r_loss:2.070490
{'testlen': 3272, 'reflen': 3432, 'guess': [3272, 2775, 2278, 1781], 'correct': [2802, 1677, 859, 369]}
ratio: 0.9533799533796756
{'testlen': 3723, 'reflen': 3757, 'guess': [3723, 3226, 2729, 2232], 'correct': [3172, 1959, 1047, 485]}
ratio: 0.9909502262440801
[EPOCH 15 VAL]
time: 86.47 seconds
loss:2.787577 = (1-reg):0.40 * r2l_loss:2.803946 + (reg):0.60 * l2r_loss:2.776665
r2l_scores: {'Bleu_1': 0.8154886895774741, 'Bleu_2': 0.6850551910474593, 'Bleu_3': 0.552354493068841, 'Bleu_4': 0.42701664740535317, 'METEOR': 0.2946033902997038, 'ROUGE_L': 0.620305933983904, 'CIDEr': 0.5835576615079225}
l2r_scores: {'Bleu_1': 0.8442556636757116, 'Bleu_2': 0.7127528261792219, 'Bleu_3': 0.5780316615795578, 'Bleu_4': 0.45157934340766703, 'METEOR': 0.3146695558045027, 'ROUGE_L': 0.6394495615762735, 'CIDEr': 0.61994263747867}


[EPOCH 16 TRAIN]
time: 193.90 seconds | lr: 0.000050
loss:1.980616 = (1-reg):0.40 * r2l_loss:1.963221 + (reg):0.60 * l2r_loss:1.992213
{'testlen': 3275, 'reflen': 3421, 'guess': [3275, 2778, 2281, 1784], 'correct': [2780, 1647, 821, 350]}
ratio: 0.9573224203446485
{'testlen': 3452, 'reflen': 3549, 'guess': [3452, 2955, 2458, 1961], 'correct': [2967, 1813, 953, 427]}
ratio: 0.9726683572834678
[EPOCH 16 VAL]
time: 82.80 seconds
loss:2.783196 = (1-reg):0.40 * r2l_loss:2.798506 + (reg):0.60 * l2r_loss:2.772990
r2l_scores: {'Bleu_1': 0.8118439849379353, 'Bleu_2': 0.6784791566469257, 'Bleu_3': 0.5411404428978072, 'Bleu_4': 0.4152508829527493, 'METEOR': 0.29342934241848584, 'ROUGE_L': 0.6117525714740898, 'CIDEr': 0.5907644511504708}
l2r_scores: {'Bleu_1': 0.8356862091301782, 'Bleu_2': 0.706057409745503, 'Bleu_3': 0.5727905480014638, 'Bleu_4': 0.44661527379835403, 'METEOR': 0.3139852217903326, 'ROUGE_L': 0.6353340272543073, 'CIDEr': 0.5995066112493806}



[BEST: 6 | SEED: 904666 | VAL-CIDEr: 0.6420460471205488]
{'testlen': 18861, 'reflen': 20136, 'guess': [18861, 15871, 12881, 9906], 'correct': [16145, 9869, 5136, 2291]}
ratio: 0.9366805721096079
{'testlen': 19692, 'reflen': 20649, 'guess': [19692, 16702, 13712, 10722], 'correct': [17382, 11066, 5956, 2743]}
ratio: 0.9536539299723495
time: 407.92 seconds
r2l_scores: {'Bleu_1': 0.8000462799988836, 'Bleu_2': 0.6818877236795315, 'Bleu_3': 0.5575035682590882, 'Bleu_4': 0.43992422123903285, 'METEOR': 0.29527905800918236, 'ROUGE_L': 0.627288017940026, 'CIDEr': 0.6160051226505948}
l2r_scores: {'Bleu_1': 0.8408216676433626, 'Bleu_2': 0.7284672449567715, 'Bleu_3': 0.6032851559128661, 'Bleu_4': 0.4809533729758892, 'METEOR': 0.31252899368515397, 'ROUGE_L': 0.6496859870410073, 'CIDEr': 0.6385923135513928}
----------------------------------------
>> [Train time] Total: 3149.60 seconds => Per epoch: 196.85 seconds
>> [Val time] Total: 1308.87 seconds => Per epoch: 81.80 seconds
