Found 1 CUDA device(s)

Device 0: NVIDIA A100-SXM4-40GB
  Total memory bytes: 42296475648
  MultiProcessor count: 108
  Major.Minor: 8.0
  Max threads per block: 2048
  Memory reserved bytes: 0
  Memory allocated bytes: 0
  Free inside reserved bytes: 0
  Active allocations: 0
========================================
MODEL ID: MSRVTT = FEAT newBlip2ClsKF+newMViTv2+newImgCapBlip2KF fsl-13 mcl-20 = Transformer d-512 N_enc-0 N_dec-3 h-2 h_big-2 dp-0.1 = OPTIM lr-0.0001 warmup-3 gamma-0.5 pat-3 wd-5e-06 rg-0.5 = bs-64-gc-5.0-ls-0.15 = 1764682579
Enter the load_video_feats method.
Enter the load_video_feats method.
Enter the load_video_feats method.
#vocabs: 10444 (23046), #words: 1178850 (1194458). Trim words which appear less than 3 times.
{'Total': 53114776, 'Trainable': 53114776}


[EPOCH 1 TRAIN]
time: 196.11 seconds | lr: 0.000033
loss:3.918511 = (1-reg):0.50 * r2l_loss:3.911711 + (reg):0.50 * l2r_loss:3.925311
{'testlen': 2793, 'reflen': 3118, 'guess': [2793, 2296, 1799, 1314], 'correct': [2407, 1408, 691, 289]}
ratio: 0.8957665169977884
{'testlen': 2927, 'reflen': 3179, 'guess': [2927, 2430, 1933, 1436], 'correct': [2511, 1485, 751, 319]}
ratio: 0.9207297892416103
[EPOCH 1 VAL]
time: 74.68 seconds
loss:3.504249 = (1-reg):0.50 * r2l_loss:3.456949 + (reg):0.50 * l2r_loss:3.551549
r2l_scores: {'Bleu_1': 0.7671311797557541, 'Bleu_2': 0.6471164547126079, 'Bleu_3': 0.5231490208688492, 'Bleu_4': 0.40917661202264627, 'METEOR': 0.27867682831249113, 'ROUGE_L': 0.6023749816143235, 'CIDEr': 0.4576713290629894}
l2r_scores: {'Bleu_1': 0.7871063507465249, 'Bleu_2': 0.6643263999402323, 'Bleu_3': 0.5398339296082113, 'Bleu_4': 0.4231618920985226, 'METEOR': 0.2873059539303006, 'ROUGE_L': 0.6150232145096312, 'CIDEr': 0.4436490252857157}
>> Saving checkpoint to 1.ckpt
>> New best model at epoch 1 | CIDEr: 0.4436490252857157


[EPOCH 2 TRAIN]
time: 201.01 seconds | lr: 0.000056
loss:3.244713 = (1-reg):0.50 * r2l_loss:3.226637 + (reg):0.50 * l2r_loss:3.262788
{'testlen': 2882, 'reflen': 3144, 'guess': [2882, 2385, 1888, 1394], 'correct': [2549, 1549, 793, 337]}
ratio: 0.9166666666663751
{'testlen': 2917, 'reflen': 3162, 'guess': [2917, 2420, 1923, 1426], 'correct': [2600, 1598, 845, 382]}
ratio: 0.9225173940541042
[EPOCH 2 VAL]
time: 77.19 seconds
loss:3.191423 = (1-reg):0.50 * r2l_loss:3.143868 + (reg):0.50 * l2r_loss:3.238978
r2l_scores: {'Bleu_1': 0.8075967126307674, 'Bleu_2': 0.6920510472005703, 'Bleu_3': 0.5684453440974961, 'Bleu_4': 0.4487329783323602, 'METEOR': 0.29466740437621247, 'ROUGE_L': 0.6371141276174338, 'CIDEr': 0.5740539221195822}
l2r_scores: {'Bleu_1': 0.8195214989158464, 'Bleu_2': 0.7053791139379959, 'Bleu_3': 0.5857990770841308, 'Bleu_4': 0.47171352632048386, 'METEOR': 0.3037878732146692, 'ROUGE_L': 0.633258980327611, 'CIDEr': 0.5288475180979767}
>> Saving checkpoint to 2.ckpt
>> New best model at epoch 2 | CIDEr: 0.5288475180979767


[EPOCH 3 TRAIN]
time: 197.40 seconds | lr: 0.000078
loss:2.965982 = (1-reg):0.50 * r2l_loss:2.948700 + (reg):0.50 * l2r_loss:2.983263
{'testlen': 2900, 'reflen': 3167, 'guess': [2900, 2403, 1906, 1412], 'correct': [2533, 1535, 789, 315]}
ratio: 0.9156930849381384
{'testlen': 3169, 'reflen': 3350, 'guess': [3169, 2672, 2175, 1678], 'correct': [2826, 1767, 937, 429]}
ratio: 0.945970149253449
[EPOCH 3 VAL]
time: 76.76 seconds
loss:3.000212 = (1-reg):0.50 * r2l_loss:2.980544 + (reg):0.50 * l2r_loss:3.019881
r2l_scores: {'Bleu_1': 0.796621728950435, 'Bleu_2': 0.6812568102468695, 'Bleu_3': 0.5595818145941485, 'Bleu_4': 0.4345306323250181, 'METEOR': 0.29451402646699043, 'ROUGE_L': 0.6290263904741368, 'CIDEr': 0.5887635553808074}
l2r_scores: {'Bleu_1': 0.8422574041215757, 'Bleu_2': 0.7253037554802974, 'Bleu_3': 0.5981889234481697, 'Bleu_4': 0.4768083353879235, 'METEOR': 0.3164485271488207, 'ROUGE_L': 0.6539643688876053, 'CIDEr': 0.6063863380018178}
>> Saving checkpoint to 3.ckpt
>> New best model at epoch 3 | CIDEr: 0.6063863380018178


[EPOCH 4 TRAIN]
time: 195.84 seconds | lr: 0.000100
loss:2.783599 = (1-reg):0.50 * r2l_loss:2.766151 + (reg):0.50 * l2r_loss:2.801047
{'testlen': 3069, 'reflen': 3290, 'guess': [3069, 2572, 2075, 1581], 'correct': [2657, 1583, 816, 351]}
ratio: 0.9328267477200812
{'testlen': 3070, 'reflen': 3265, 'guess': [3070, 2573, 2076, 1579], 'correct': [2732, 1728, 933, 434]}
ratio: 0.9402756508419785
[EPOCH 4 VAL]
time: 78.76 seconds
loss:2.920887 = (1-reg):0.50 * r2l_loss:2.901618 + (reg):0.50 * l2r_loss:2.940155
r2l_scores: {'Bleu_1': 0.8056027405495817, 'Bleu_2': 0.6792483267767696, 'Bleu_3': 0.5526945223725799, 'Bleu_4': 0.4321547085109588, 'METEOR': 0.29194810606303057, 'ROUGE_L': 0.6171011132925177, 'CIDEr': 0.5902255920940489}
l2r_scores: {'Bleu_1': 0.8351352967670919, 'Bleu_2': 0.7255003989842006, 'Bleu_3': 0.6055007822640632, 'Bleu_4': 0.48917759919289716, 'METEOR': 0.3159235276856295, 'ROUGE_L': 0.6523474727349976, 'CIDEr': 0.6125216319682839}
>> Saving checkpoint to 4.ckpt
>> New best model at epoch 4 | CIDEr: 0.6125216319682839


[EPOCH 5 TRAIN]
time: 198.68 seconds | lr: 0.000100
loss:2.640880 = (1-reg):0.50 * r2l_loss:2.621421 + (reg):0.50 * l2r_loss:2.660339
{'testlen': 3107, 'reflen': 3315, 'guess': [3107, 2610, 2113, 1617], 'correct': [2638, 1597, 824, 352]}
ratio: 0.9372549019605015
{'testlen': 3134, 'reflen': 3308, 'guess': [3134, 2637, 2140, 1643], 'correct': [2816, 1792, 969, 453]}
ratio: 0.9474002418376821
[EPOCH 5 VAL]
time: 79.46 seconds
loss:2.849890 = (1-reg):0.50 * r2l_loss:2.829351 + (reg):0.50 * l2r_loss:2.870429
r2l_scores: {'Bleu_1': 0.7940711733194235, 'Bleu_2': 0.6741008360993891, 'Bleu_3': 0.5492892667628628, 'Bleu_4': 0.4285884555022674, 'METEOR': 0.29258612135758233, 'ROUGE_L': 0.61339966860306, 'CIDEr': 0.5944230077350711}
l2r_scores: {'Bleu_1': 0.8500052035061206, 'Bleu_2': 0.7392114630997045, 'Bleu_3': 0.6162805174503078, 'Bleu_4': 0.4970739113807673, 'METEOR': 0.32083783103731484, 'ROUGE_L': 0.6549670023987774, 'CIDEr': 0.630967312036067}
>> Saving checkpoint to 5.ckpt
>> New best model at epoch 5 | CIDEr: 0.630967312036067


[EPOCH 6 TRAIN]
time: 197.45 seconds | lr: 0.000100
loss:2.536666 = (1-reg):0.50 * r2l_loss:2.516137 + (reg):0.50 * l2r_loss:2.557195
{'testlen': 3076, 'reflen': 3305, 'guess': [3076, 2579, 2082, 1587], 'correct': [2655, 1613, 839, 356]}
ratio: 0.9307110438726383
{'testlen': 3315, 'reflen': 3462, 'guess': [3315, 2818, 2321, 1824], 'correct': [2938, 1886, 1039, 484]}
ratio: 0.9575389948004167
[EPOCH 6 VAL]
time: 79.37 seconds
loss:2.830574 = (1-reg):0.50 * r2l_loss:2.820121 + (reg):0.50 * l2r_loss:2.841027
r2l_scores: {'Bleu_1': 0.8012095696220526, 'Bleu_2': 0.6820222503298659, 'Bleu_3': 0.5582757349448215, 'Bleu_4': 0.4362865405182317, 'METEOR': 0.29619404561951185, 'ROUGE_L': 0.6270369145157113, 'CIDEr': 0.616781614149604}
l2r_scores: {'Bleu_1': 0.8478322871907065, 'Bleu_2': 0.7367602249713274, 'Bleu_3': 0.6148626999715202, 'Bleu_4': 0.49286067322894406, 'METEOR': 0.31851126856293743, 'ROUGE_L': 0.6558659590517311, 'CIDEr': 0.6357538937881512}
>> Saving checkpoint to 6.ckpt
>> New best model at epoch 6 | CIDEr: 0.6357538937881512


[EPOCH 7 TRAIN]
time: 198.13 seconds | lr: 0.000100
loss:2.454913 = (1-reg):0.50 * r2l_loss:2.433712 + (reg):0.50 * l2r_loss:2.476114
{'testlen': 3216, 'reflen': 3402, 'guess': [3216, 2719, 2222, 1727], 'correct': [2792, 1696, 903, 413]}
ratio: 0.9453262786593342
{'testlen': 3146, 'reflen': 3311, 'guess': [3146, 2649, 2152, 1655], 'correct': [2797, 1768, 957, 438]}
ratio: 0.9501661129565236
[EPOCH 7 VAL]
time: 81.27 seconds
loss:2.802879 = (1-reg):0.50 * r2l_loss:2.798482 + (reg):0.50 * l2r_loss:2.807276
r2l_scores: {'Bleu_1': 0.8193729000686476, 'Bleu_2': 0.6945287518832232, 'Bleu_3': 0.5698170746141629, 'Bleu_4': 0.4520501088247844, 'METEOR': 0.306945822425717, 'ROUGE_L': 0.6341060916192064, 'CIDEr': 0.642858933151425}
l2r_scores: {'Bleu_1': 0.8436378679559153, 'Bleu_2': 0.7309528144048058, 'Bleu_3': 0.6086349551117308, 'Bleu_4': 0.4878005389283036, 'METEOR': 0.32130968718947417, 'ROUGE_L': 0.6566285408567446, 'CIDEr': 0.6368668386796108}
>> Saving checkpoint to 7.ckpt
>> New best model at epoch 7 | CIDEr: 0.6368668386796108


[EPOCH 8 TRAIN]
time: 195.58 seconds | lr: 0.000100
loss:2.386529 = (1-reg):0.50 * r2l_loss:2.363969 + (reg):0.50 * l2r_loss:2.409090
{'testlen': 3217, 'reflen': 3396, 'guess': [3217, 2720, 2223, 1729], 'correct': [2727, 1592, 813, 344]}
ratio: 0.9472909305061993
{'testlen': 3154, 'reflen': 3322, 'guess': [3154, 2657, 2160, 1663], 'correct': [2762, 1712, 911, 431]}
ratio: 0.9494280553880345
[EPOCH 8 VAL]
time: 80.68 seconds
loss:2.786559 = (1-reg):0.50 * r2l_loss:2.779987 + (reg):0.50 * l2r_loss:2.793132
r2l_scores: {'Bleu_1': 0.8018056382663084, 'Bleu_2': 0.6662529531385644, 'Bleu_3': 0.5354942377662589, 'Bleu_4': 0.41230226533648046, 'METEOR': 0.2963564402446293, 'ROUGE_L': 0.6206275103146721, 'CIDEr': 0.6001052213388771}
l2r_scores: {'Bleu_1': 0.8302884338383218, 'Bleu_2': 0.7122034915516005, 'Bleu_3': 0.587552405337719, 'Bleu_4': 0.47249581079169994, 'METEOR': 0.3133574596762135, 'ROUGE_L': 0.6355930723013821, 'CIDEr': 0.5939449378843988}


[EPOCH 9 TRAIN]
time: 194.43 seconds | lr: 0.000100
loss:2.328048 = (1-reg):0.50 * r2l_loss:2.304935 + (reg):0.50 * l2r_loss:2.351161
{'testlen': 3085, 'reflen': 3299, 'guess': [3085, 2588, 2091, 1596], 'correct': [2690, 1632, 844, 362]}
ratio: 0.9351318581385465
{'testlen': 3095, 'reflen': 3295, 'guess': [3095, 2598, 2101, 1604], 'correct': [2775, 1788, 982, 463]}
ratio: 0.9393019726856027
[EPOCH 9 VAL]
time: 77.39 seconds
loss:2.788286 = (1-reg):0.50 * r2l_loss:2.782813 + (reg):0.50 * l2r_loss:2.793759
r2l_scores: {'Bleu_1': 0.8135252020839019, 'Bleu_2': 0.6918316030589836, 'Bleu_3': 0.5648776205293936, 'Bleu_4': 0.44192968293032125, 'METEOR': 0.30023432057372074, 'ROUGE_L': 0.6262839026004055, 'CIDEr': 0.6034050576271405}
l2r_scores: {'Bleu_1': 0.8405006823036398, 'Bleu_2': 0.7363784782829134, 'Bleu_3': 0.6193570925853515, 'Bleu_4': 0.5035399440350754, 'METEOR': 0.32190650077828503, 'ROUGE_L': 0.6627633014169365, 'CIDEr': 0.642975546832908}
>> Saving checkpoint to 9.ckpt
>> New best model at epoch 9 | CIDEr: 0.642975546832908


[EPOCH 10 TRAIN]
time: 191.49 seconds | lr: 0.000100
loss:2.277961 = (1-reg):0.50 * r2l_loss:2.253601 + (reg):0.50 * l2r_loss:2.302320
{'testlen': 3236, 'reflen': 3407, 'guess': [3236, 2739, 2242, 1745], 'correct': [2802, 1739, 909, 408]}
ratio: 0.9498092163190638
{'testlen': 3257, 'reflen': 3403, 'guess': [3257, 2760, 2263, 1766], 'correct': [2851, 1772, 927, 415]}
ratio: 0.9570966794002477
[EPOCH 10 VAL]
time: 81.28 seconds
loss:2.782756 = (1-reg):0.50 * r2l_loss:2.778269 + (reg):0.50 * l2r_loss:2.787242
r2l_scores: {'Bleu_1': 0.821315819116966, 'Bleu_2': 0.7032895325145863, 'Bleu_3': 0.5751075256032415, 'Bleu_4': 0.45320074315299674, 'METEOR': 0.3022436005126208, 'ROUGE_L': 0.6273970321359205, 'CIDEr': 0.6053633369029745}
l2r_scores: {'Bleu_1': 0.8369731868408762, 'Bleu_2': 0.7168018765035953, 'Bleu_3': 0.5860147013223032, 'Bleu_4': 0.4611357094562766, 'METEOR': 0.31391759610584974, 'ROUGE_L': 0.6461512829937452, 'CIDEr': 0.5893752586885977}


[EPOCH 11 TRAIN]
time: 194.67 seconds | lr: 0.000100
loss:2.231815 = (1-reg):0.50 * r2l_loss:2.206849 + (reg):0.50 * l2r_loss:2.256780
{'testlen': 3147, 'reflen': 3334, 'guess': [3147, 2650, 2153, 1656], 'correct': [2745, 1709, 918, 430]}
ratio: 0.9439112177561656
{'testlen': 3226, 'reflen': 3363, 'guess': [3226, 2729, 2232, 1735], 'correct': [2847, 1778, 962, 436]}
ratio: 0.9592625631873448
[EPOCH 11 VAL]
time: 80.36 seconds
loss:2.773163 = (1-reg):0.50 * r2l_loss:2.782672 + (reg):0.50 * l2r_loss:2.763655
r2l_scores: {'Bleu_1': 0.821938080555564, 'Bleu_2': 0.7067476829111556, 'Bleu_3': 0.5854731433020598, 'Bleu_4': 0.47073949627915523, 'METEOR': 0.3036454226295715, 'ROUGE_L': 0.632575144397242, 'CIDEr': 0.624562830966717}
l2r_scores: {'Bleu_1': 0.8458234548524177, 'Bleu_2': 0.7267453848387927, 'Bleu_3': 0.6020058186154035, 'Bleu_4': 0.47878046721016626, 'METEOR': 0.3139459805412259, 'ROUGE_L': 0.6448250757448649, 'CIDEr': 0.6028437904399817}


[EPOCH 12 TRAIN]
time: 191.88 seconds | lr: 0.000100
loss:2.190335 = (1-reg):0.50 * r2l_loss:2.164614 + (reg):0.50 * l2r_loss:2.216055
{'testlen': 3119, 'reflen': 3299, 'guess': [3119, 2622, 2125, 1628], 'correct': [2683, 1612, 836, 371]}
ratio: 0.9454380115183554
{'testlen': 3204, 'reflen': 3367, 'guess': [3204, 2707, 2210, 1714], 'correct': [2838, 1779, 965, 441]}
ratio: 0.951588951588669
[EPOCH 12 VAL]
time: 77.94 seconds
loss:2.780228 = (1-reg):0.50 * r2l_loss:2.785131 + (reg):0.50 * l2r_loss:2.775325
r2l_scores: {'Bleu_1': 0.8119734219637127, 'Bleu_2': 0.6864443582094696, 'Bleu_3': 0.5593257920641348, 'Bleu_4': 0.44046625412205975, 'METEOR': 0.29674263534648815, 'ROUGE_L': 0.618705127059353, 'CIDEr': 0.6264085419664566}
l2r_scores: {'Bleu_1': 0.8418323800904415, 'Bleu_2': 0.725119410302239, 'Bleu_3': 0.6020325154161853, 'Bleu_4': 0.4806161271584729, 'METEOR': 0.31386466429226056, 'ROUGE_L': 0.6492419674166143, 'CIDEr': 0.6389665255729363}


[EPOCH 13 TRAIN]
time: 194.29 seconds | lr: 0.000100
loss:2.152598 = (1-reg):0.50 * r2l_loss:2.127419 + (reg):0.50 * l2r_loss:2.177777
{'testlen': 3277, 'reflen': 3438, 'guess': [3277, 2780, 2283, 1786], 'correct': [2759, 1639, 831, 358]}
ratio: 0.9531704479345686
{'testlen': 3415, 'reflen': 3501, 'guess': [3415, 2918, 2421, 1925], 'correct': [2967, 1878, 1021, 465]}
ratio: 0.9754355898311982
[EPOCH 13 VAL]
time: 81.15 seconds
loss:2.774882 = (1-reg):0.50 * r2l_loss:2.784787 + (reg):0.50 * l2r_loss:2.764976
r2l_scores: {'Bleu_1': 0.8015640667317662, 'Bleu_2': 0.6707608235501192, 'Bleu_3': 0.5382257735175637, 'Bleu_4': 0.4153263698770843, 'METEOR': 0.29292049933380493, 'ROUGE_L': 0.6090223219799497, 'CIDEr': 0.6015515876906156}
l2r_scores: {'Bleu_1': 0.8472078932931593, 'Bleu_2': 0.7291749229203957, 'Bleu_3': 0.6024474708636571, 'Bleu_4': 0.4763879115799584, 'METEOR': 0.32196790957345633, 'ROUGE_L': 0.6570510071515838, 'CIDEr': 0.6292584801039762}


[EPOCH 14 TRAIN]
time: 194.65 seconds | lr: 0.000100
loss:2.117048 = (1-reg):0.50 * r2l_loss:2.090954 + (reg):0.50 * l2r_loss:2.143142
{'testlen': 3298, 'reflen': 3461, 'guess': [3298, 2801, 2304, 1808], 'correct': [2808, 1653, 850, 361]}
ratio: 0.952903785032952
{'testlen': 3373, 'reflen': 3469, 'guess': [3373, 2876, 2379, 1882], 'correct': [2951, 1870, 1017, 496]}
ratio: 0.9723263188235882
[EPOCH 14 VAL]
time: 83.41 seconds
loss:2.776733 = (1-reg):0.50 * r2l_loss:2.784626 + (reg):0.50 * l2r_loss:2.768840
r2l_scores: {'Bleu_1': 0.810367337327863, 'Bleu_2': 0.6746656116690595, 'Bleu_3': 0.542687341884678, 'Bleu_4': 0.4174681350405094, 'METEOR': 0.29413881200735137, 'ROUGE_L': 0.615060753292031, 'CIDEr': 0.6041648885325867}
l2r_scores: {'Bleu_1': 0.8503393528498205, 'Bleu_2': 0.7330645303939626, 'Bleu_3': 0.6066666359596982, 'Bleu_4': 0.4890327567151222, 'METEOR': 0.3179934336273076, 'ROUGE_L': 0.6500750169936196, 'CIDEr': 0.6334866942385933}


[EPOCH 15 TRAIN]
time: 198.17 seconds | lr: 0.000100
loss:2.085421 = (1-reg):0.50 * r2l_loss:2.059274 + (reg):0.50 * l2r_loss:2.111569
{'testlen': 3298, 'reflen': 3448, 'guess': [3298, 2801, 2304, 1807], 'correct': [2822, 1678, 882, 390]}
ratio: 0.9564965197213003
{'testlen': 3507, 'reflen': 3595, 'guess': [3507, 3010, 2513, 2016], 'correct': [3047, 1914, 1027, 468]}
ratio: 0.9755215577187829
[EPOCH 15 VAL]
time: 84.82 seconds
loss:2.783590 = (1-reg):0.50 * r2l_loss:2.794980 + (reg):0.50 * l2r_loss:2.772199
r2l_scores: {'Bleu_1': 0.817624183702779, 'Bleu_2': 0.6841321078751325, 'Bleu_3': 0.5552703396912845, 'Bleu_4': 0.4334777526298014, 'METEOR': 0.29447991947891666, 'ROUGE_L': 0.6182817861487951, 'CIDEr': 0.5934301791792533}
l2r_scores: {'Bleu_1': 0.8473036542631645, 'Bleu_2': 0.7248672094792863, 'Bleu_3': 0.5938349461698131, 'Bleu_4': 0.4666204226664652, 'METEOR': 0.31806589470117425, 'ROUGE_L': 0.6484052936443963, 'CIDEr': 0.6113207424552566}


[EPOCH 16 TRAIN]
time: 199.57 seconds | lr: 0.000050
loss:2.008050 = (1-reg):0.50 * r2l_loss:1.980347 + (reg):0.50 * l2r_loss:2.035752
{'testlen': 3223, 'reflen': 3373, 'guess': [3223, 2726, 2229, 1732], 'correct': [2755, 1647, 854, 379]}
ratio: 0.9555292024900813
{'testlen': 3382, 'reflen': 3484, 'guess': [3382, 2885, 2388, 1891], 'correct': [2939, 1823, 966, 458]}
ratio: 0.9707233065439235
[EPOCH 16 VAL]
time: 81.80 seconds
loss:2.779794 = (1-reg):0.50 * r2l_loss:2.793267 + (reg):0.50 * l2r_loss:2.766320
r2l_scores: {'Bleu_1': 0.8159227068878997, 'Bleu_2': 0.6859654538244583, 'Bleu_3': 0.5562200901141375, 'Bleu_4': 0.4354163815662739, 'METEOR': 0.2978909817851162, 'ROUGE_L': 0.6196136464168601, 'CIDEr': 0.6080057860212155}
l2r_scores: {'Bleu_1': 0.843194577667916, 'Bleu_2': 0.719010510975257, 'Bleu_3': 0.5876314550575765, 'Bleu_4': 0.4673020852856711, 'METEOR': 0.3183922095542832, 'ROUGE_L': 0.6467724284908803, 'CIDEr': 0.6381297683411248}



[BEST: 9 | SEED: 904666 | VAL-CIDEr: 0.642975546832908]
{'testlen': 19003, 'reflen': 20184, 'guess': [19003, 16013, 13023, 10042], 'correct': [16337, 10025, 5288, 2417]}
ratio: 0.9414883075703061
{'testlen': 19102, 'reflen': 20242, 'guess': [19102, 16112, 13122, 10132], 'correct': [16852, 10689, 5801, 2695]}
ratio: 0.9436814544016923
time: 400.58 seconds
r2l_scores: {'Bleu_1': 0.8079036527016624, 'Bleu_2': 0.6894302582550224, 'Bleu_3': 0.566052664545048, 'Bleu_4': 0.45004826874182374, 'METEOR': 0.2965143593913045, 'ROUGE_L': 0.6278867458435635, 'CIDEr': 0.615007922401795}
l2r_scores: {'Bleu_1': 0.8311015310764733, 'Bleu_2': 0.7207117282350012, 'Bleu_3': 0.6003011304567388, 'Bleu_4': 0.482517574612294, 'METEOR': 0.31129760299044834, 'ROUGE_L': 0.6519805939493317, 'CIDEr': 0.6297654428215875}
----------------------------------------
>> [Train time] Total: 3139.35 seconds => Per epoch: 196.21 seconds
>> [Val time] Total: 1276.33 seconds => Per epoch: 79.77 seconds
