Found 1 CUDA device(s)

Device 0: NVIDIA A100-SXM4-40GB
  Total memory bytes: 42296475648
  MultiProcessor count: 108
  Major.Minor: 8.0
  Max threads per block: 2048
  Memory reserved bytes: 0
  Memory allocated bytes: 0
  Free inside reserved bytes: 0
  Active allocations: 0
========================================
MODEL ID: MSVD = FEAT newBlip2ClsKF+newMViTv2+newImgCapBlip2KF fsl-10 mcl-20 = Transformer d-512 N_enc-0 N_dec-3 h-8 h_big-8 dp-0.1 = OPTIM lr-0.0001 warmup-3 gamma-0.5 pat-3 wd-5e-06 rg-0.5 = bs-64-gc-5.0-ls-0.15 = 1764616739
Enter the load_video_feats method.
Enter the load_video_feats method.
Enter the load_video_feats method.
#vocabs: 4116 (9614), #words: 339057 (345799). Trim words which appear less than 3 times.
{'Total': 40142376, 'Trainable': 40142376}


[EPOCH 1 TRAIN]
time: 76.23 seconds | lr: 0.000033
loss:3.407033 = (1-reg):0.50 * r2l_loss:3.396208 + (reg):0.50 * l2r_loss:3.417857
{'testlen': 552, 'reflen': 551, 'guess': [552, 452, 352, 256], 'correct': [434, 276, 162, 74]}
ratio: 1.0018148820308497
{'testlen': 500, 'reflen': 500, 'guess': [500, 400, 300, 200], 'correct': [425, 288, 175, 80]}
ratio: 0.999999999998
[EPOCH 1 VAL]
time: 28.85 seconds
loss:2.985067 = (1-reg):0.50 * r2l_loss:2.915431 + (reg):0.50 * l2r_loss:3.054704
r2l_scores: {'Bleu_1': 0.7862318840565466, 'Bleu_2': 0.6928841862629638, 'Bleu_3': 0.6045485957168789, 'Bleu_4': 0.5027144296061927, 'METEOR': 0.36518074538766115, 'ROUGE_L': 0.7408275840313051, 'CIDEr': 1.1238926824344884}
l2r_scores: {'Bleu_1': 0.8499999999966, 'Bleu_2': 0.7823042886209931, 'Bleu_3': 0.7093970944717999, 'Bleu_4': 0.6147266649087929, 'METEOR': 0.38231513666647804, 'ROUGE_L': 0.7662619495209397, 'CIDEr': 1.0201689726545085}
>> Saving checkpoint to 1.ckpt
>> New best model at epoch 1 | CIDEr: 1.0201689726545085


[EPOCH 2 TRAIN]
time: 70.82 seconds | lr: 0.000056
loss:2.555541 = (1-reg):0.50 * r2l_loss:2.532453 + (reg):0.50 * l2r_loss:2.578628
{'testlen': 544, 'reflen': 540, 'guess': [544, 444, 344, 245], 'correct': [474, 326, 195, 97]}
ratio: 1.007407407405542
{'testlen': 548, 'reflen': 546, 'guess': [548, 448, 348, 248], 'correct': [494, 348, 210, 107]}
ratio: 1.0036630036611656
[EPOCH 2 VAL]
time: 29.25 seconds
loss:2.708947 = (1-reg):0.50 * r2l_loss:2.667096 + (reg):0.50 * l2r_loss:2.750799
r2l_scores: {'Bleu_1': 0.871323529410163, 'Bleu_2': 0.7998472131509246, 'Bleu_3': 0.7131213084120599, 'Bleu_4': 0.6155650766146563, 'METEOR': 0.4211897257973301, 'ROUGE_L': 0.8015141437908595, 'CIDEr': 1.4079615629898237}
l2r_scores: {'Bleu_1': 0.9014598540129536, 'Bleu_2': 0.8368041208059296, 'Bleu_3': 0.750405295943132, 'Bleu_4': 0.6534388353442004, 'METEOR': 0.4204689803897368, 'ROUGE_L': 0.8036264068808626, 'CIDEr': 1.306730731006947}
>> Saving checkpoint to 2.ckpt
>> New best model at epoch 2 | CIDEr: 1.306730731006947


[EPOCH 3 TRAIN]
time: 71.43 seconds | lr: 0.000078
loss:2.185529 = (1-reg):0.50 * r2l_loss:2.159948 + (reg):0.50 * l2r_loss:2.211109
{'testlen': 550, 'reflen': 547, 'guess': [550, 450, 350, 250], 'correct': [496, 356, 219, 114]}
ratio: 1.0054844606928601
{'testlen': 559, 'reflen': 557, 'guess': [559, 459, 359, 259], 'correct': [501, 360, 228, 124]}
ratio: 1.0035906642710888
[EPOCH 3 VAL]
time: 29.41 seconds
loss:2.526870 = (1-reg):0.50 * r2l_loss:2.500110 + (reg):0.50 * l2r_loss:2.553630
r2l_scores: {'Bleu_1': 0.9018181818165422, 'Bleu_2': 0.8446528185210189, 'Bleu_3': 0.7642653683420617, 'Bleu_4': 0.6716984499327533, 'METEOR': 0.43600136529890793, 'ROUGE_L': 0.8220046287591962, 'CIDEr': 1.492614365340778}
l2r_scores: {'Bleu_1': 0.8962432915905255, 'Bleu_2': 0.8384127354539825, 'Bleu_3': 0.7642792062221013, 'Bleu_4': 0.6799383126760246, 'METEOR': 0.4364032564219212, 'ROUGE_L': 0.821623059678644, 'CIDEr': 1.5122893556735315}
>> Saving checkpoint to 3.ckpt
>> New best model at epoch 3 | CIDEr: 1.5122893556735315


[EPOCH 4 TRAIN]
time: 71.62 seconds | lr: 0.000100
loss:1.955552 = (1-reg):0.50 * r2l_loss:1.931750 + (reg):0.50 * l2r_loss:1.979354
{'testlen': 550, 'reflen': 550, 'guess': [550, 450, 350, 253], 'correct': [490, 342, 211, 107]}
ratio: 0.9999999999981818
{'testlen': 557, 'reflen': 556, 'guess': [557, 457, 357, 257], 'correct': [507, 372, 240, 128]}
ratio: 1.0017985611492775
[EPOCH 4 VAL]
time: 29.44 seconds
loss:2.423397 = (1-reg):0.50 * r2l_loss:2.420032 + (reg):0.50 * l2r_loss:2.426762
r2l_scores: {'Bleu_1': 0.8909090909058511, 'Bleu_2': 0.8228553391002036, 'Bleu_3': 0.7418005162773005, 'Bleu_4': 0.6445864361936942, 'METEOR': 0.42633794289831306, 'ROUGE_L': 0.8073817477123921, 'CIDEr': 1.4486127864217349}
l2r_scores: {'Bleu_1': 0.9102333931761037, 'Bleu_2': 0.8607752119802655, 'Bleu_3': 0.7926975389386465, 'Bleu_4': 0.7057483053221529, 'METEOR': 0.454467762553798, 'ROUGE_L': 0.8302776373226418, 'CIDEr': 1.6168696047840587}
>> Saving checkpoint to 4.ckpt
>> New best model at epoch 4 | CIDEr: 1.6168696047840587


[EPOCH 5 TRAIN]
time: 71.29 seconds | lr: 0.000100
loss:1.794907 = (1-reg):0.50 * r2l_loss:1.772688 + (reg):0.50 * l2r_loss:1.817125
{'testlen': 541, 'reflen': 538, 'guess': [541, 441, 341, 241], 'correct': [496, 354, 218, 112]}
ratio: 1.0055762081765696
{'testlen': 562, 'reflen': 559, 'guess': [562, 462, 362, 262], 'correct': [516, 379, 245, 137]}
ratio: 1.0053667262951604
[EPOCH 5 VAL]
time: 28.37 seconds
loss:2.384410 = (1-reg):0.50 * r2l_loss:2.356495 + (reg):0.50 * l2r_loss:2.412326
r2l_scores: {'Bleu_1': 0.9168207024012628, 'Bleu_2': 0.8578760470662163, 'Bleu_3': 0.7777685886226657, 'Bleu_4': 0.6838140891555479, 'METEOR': 0.4393350349368251, 'ROUGE_L': 0.8225929741625703, 'CIDEr': 1.5347163604392244}
l2r_scores: {'Bleu_1': 0.9181494661905372, 'Bleu_2': 0.8678712670181651, 'Bleu_3': 0.7988330871469151, 'Bleu_4': 0.7185332213728506, 'METEOR': 0.4514481726016821, 'ROUGE_L': 0.8426143612369619, 'CIDEr': 1.6050418115673473}


[EPOCH 6 TRAIN]
time: 70.50 seconds | lr: 0.000100
loss:1.691271 = (1-reg):0.50 * r2l_loss:1.668693 + (reg):0.50 * l2r_loss:1.713849
{'testlen': 563, 'reflen': 558, 'guess': [563, 463, 363, 263], 'correct': [515, 360, 218, 111]}
ratio: 1.0089605734748943
{'testlen': 560, 'reflen': 556, 'guess': [560, 460, 360, 260], 'correct': [509, 365, 233, 125]}
ratio: 1.007194244602505
[EPOCH 6 VAL]
time: 28.81 seconds
loss:2.340416 = (1-reg):0.50 * r2l_loss:2.336238 + (reg):0.50 * l2r_loss:2.344595
r2l_scores: {'Bleu_1': 0.9147424511529045, 'Bleu_2': 0.8433545104335074, 'Bleu_3': 0.7531070922346613, 'Bleu_4': 0.6516049288111688, 'METEOR': 0.43253263083854665, 'ROUGE_L': 0.8248734953035489, 'CIDEr': 1.5093005841112614}
l2r_scores: {'Bleu_1': 0.9089285714269484, 'Bleu_2': 0.8492438178220348, 'Bleu_3': 0.7757219302502086, 'Bleu_4': 0.688277731037294, 'METEOR': 0.44762818474836025, 'ROUGE_L': 0.8309996629910522, 'CIDEr': 1.5334998811028564}


[EPOCH 7 TRAIN]
time: 71.49 seconds | lr: 0.000100
loss:1.613476 = (1-reg):0.50 * r2l_loss:1.592772 + (reg):0.50 * l2r_loss:1.634181
{'testlen': 577, 'reflen': 575, 'guess': [577, 477, 377, 277], 'correct': [531, 377, 241, 130]}
ratio: 1.00347826086782
{'testlen': 551, 'reflen': 548, 'guess': [551, 451, 351, 251], 'correct': [511, 371, 240, 132]}
ratio: 1.0054744525529098
[EPOCH 7 VAL]
time: 28.37 seconds
loss:2.328042 = (1-reg):0.50 * r2l_loss:2.317112 + (reg):0.50 * l2r_loss:2.338971
r2l_scores: {'Bleu_1': 0.9202772963588903, 'Bleu_2': 0.8528464372607614, 'Bleu_3': 0.7747099320695127, 'Bleu_4': 0.6834712308715968, 'METEOR': 0.4473236905355037, 'ROUGE_L': 0.8256721036811799, 'CIDEr': 1.5767435398938912}
l2r_scores: {'Bleu_1': 0.9274047186916018, 'Bleu_2': 0.8734405179714264, 'Bleu_3': 0.8049895910726251, 'Bleu_4': 0.7237152948221521, 'METEOR': 0.46155939597643564, 'ROUGE_L': 0.8453562631895954, 'CIDEr': 1.6492647347817353}
>> Saving checkpoint to 7.ckpt
>> New best model at epoch 7 | CIDEr: 1.6492647347817353


[EPOCH 8 TRAIN]
time: 71.53 seconds | lr: 0.000100
loss:1.551266 = (1-reg):0.50 * r2l_loss:1.528888 + (reg):0.50 * l2r_loss:1.573645
{'testlen': 559, 'reflen': 561, 'guess': [559, 459, 359, 260], 'correct': [515, 374, 242, 135]}
ratio: 0.9964349376096321
{'testlen': 568, 'reflen': 565, 'guess': [568, 468, 368, 268], 'correct': [528, 388, 253, 140]}
ratio: 1.005309734511495
[EPOCH 8 VAL]
time: 29.11 seconds
loss:2.320413 = (1-reg):0.50 * r2l_loss:2.302501 + (reg):0.50 * l2r_loss:2.338326
r2l_scores: {'Bleu_1': 0.9179977034747697, 'Bleu_2': 0.8633230621907664, 'Bleu_3': 0.7940318541006921, 'Bleu_4': 0.713395051525257, 'METEOR': 0.44801971022532355, 'ROUGE_L': 0.8335139938292419, 'CIDEr': 1.6127424489280302}
l2r_scores: {'Bleu_1': 0.9295774647870958, 'Bleu_2': 0.877881161691383, 'Bleu_3': 0.8091854292196913, 'Bleu_4': 0.7253278462137832, 'METEOR': 0.4547870638913398, 'ROUGE_L': 0.8433977207819283, 'CIDEr': 1.6631608033977643}
>> Saving checkpoint to 8.ckpt
>> New best model at epoch 8 | CIDEr: 1.6631608033977643


[EPOCH 9 TRAIN]
time: 70.07 seconds | lr: 0.000100
loss:1.501810 = (1-reg):0.50 * r2l_loss:1.479535 + (reg):0.50 * l2r_loss:1.524084
{'testlen': 567, 'reflen': 567, 'guess': [567, 467, 367, 268], 'correct': [527, 373, 237, 129]}
ratio: 0.9999999999982363
{'testlen': 578, 'reflen': 577, 'guess': [578, 478, 378, 278], 'correct': [521, 381, 254, 149]}
ratio: 1.0017331022512967
[EPOCH 9 VAL]
time: 28.79 seconds
loss:2.313257 = (1-reg):0.50 * r2l_loss:2.297906 + (reg):0.50 * l2r_loss:2.328608
r2l_scores: {'Bleu_1': 0.9294532627833176, 'Bleu_2': 0.8616080616243985, 'Bleu_3': 0.7826494116563585, 'Bleu_4': 0.6930892715769188, 'METEOR': 0.4589976741753164, 'ROUGE_L': 0.8358764987256389, 'CIDEr': 1.6309064864257194}
l2r_scores: {'Bleu_1': 0.9013840830434232, 'Bleu_2': 0.8476244624655004, 'Bleu_3': 0.784481958678082, 'Bleu_4': 0.7132184812720432, 'METEOR': 0.45632044366082575, 'ROUGE_L': 0.8298528418429433, 'CIDEr': 1.524423405121021}


[EPOCH 10 TRAIN]
time: 70.95 seconds | lr: 0.000100
loss:1.457423 = (1-reg):0.50 * r2l_loss:1.434102 + (reg):0.50 * l2r_loss:1.480745
{'testlen': 583, 'reflen': 581, 'guess': [583, 483, 383, 283], 'correct': [536, 385, 242, 129]}
ratio: 1.0034423407900113
{'testlen': 560, 'reflen': 555, 'guess': [560, 460, 360, 260], 'correct': [513, 376, 247, 139]}
ratio: 1.009009009007191
[EPOCH 10 VAL]
time: 31.04 seconds
loss:2.287806 = (1-reg):0.50 * r2l_loss:2.277901 + (reg):0.50 * l2r_loss:2.297710
r2l_scores: {'Bleu_1': 0.9193825042865877, 'Bleu_2': 0.8560614035241478, 'Bleu_3': 0.7736457460880234, 'Bleu_4': 0.6778091466807207, 'METEOR': 0.44972907834347053, 'ROUGE_L': 0.8240377293486095, 'CIDEr': 1.5410619649126702}
l2r_scores: {'Bleu_1': 0.9160714285697927, 'Bleu_2': 0.8653258460677177, 'Bleu_3': 0.8009116322164254, 'Bleu_4': 0.7239337333248024, 'METEOR': 0.46219462544126605, 'ROUGE_L': 0.832884233696939, 'CIDEr': 1.6100702265728244}



[BEST: 8 | SEED: 904666 | VAL-CIDEr: 1.6631608033977643]
{'testlen': 3928, 'reflen': 3923, 'guess': [3928, 3258, 2588, 1920], 'correct': [3474, 2385, 1480, 807]}
ratio: 1.0012745347945446
{'testlen': 3817, 'reflen': 3818, 'guess': [3817, 3147, 2477, 1807], 'correct': [3435, 2397, 1524, 834]}
ratio: 0.9997380827655842
time: 106.04 seconds
r2l_scores: {'Bleu_1': 0.8844195519346018, 'Bleu_2': 0.804632961282886, 'Bleu_3': 0.7180659949932365, 'Bleu_4': 0.628081999533503, 'METEOR': 0.44118729268048346, 'ROUGE_L': 0.8058284804638469, 'CIDEr': 1.3482403218639367}
l2r_scores: {'Bleu_1': 0.899685668448258, 'Bleu_2': 0.827702290975849, 'Bleu_3': 0.7497178170565558, 'Bleu_4': 0.6640440715432552, 'METEOR': 0.4475598029061182, 'ROUGE_L': 0.8250763271618695, 'CIDEr': 1.384794338524089}
----------------------------------------
>> [Train time] Total: 715.94 seconds => Per epoch: 71.59 seconds
>> [Val time] Total: 291.45 seconds => Per epoch: 29.14 seconds
