Found 1 CUDA device(s)

Device 0: NVIDIA A100-SXM4-40GB
  Total memory bytes: 42296475648
  MultiProcessor count: 108
  Major.Minor: 8.0
  Max threads per block: 2048
  Memory reserved bytes: 0
  Memory allocated bytes: 0
  Free inside reserved bytes: 0
  Active allocations: 0
========================================
MODEL ID: MSRVTT = FEAT newBlip2ClsKF+newMViTv2+newImgCapBlip2KF fsl-13 mcl-20 = Transformer d-512 N_enc-0 N_dec-3 h-4 h_big-4 dp-0.1 = OPTIM lr-0.0001 warmup-3 gamma-0.5 pat-3 wd-5e-06 rg-0.6 = bs-64-gc-5.0-ls-0.0 = 1764756974
Enter the load_video_feats method.
Enter the load_video_feats method.
Enter the load_video_feats method.
#vocabs: 10444 (23046), #words: 1178850 (1194458). Trim words which appear less than 3 times.
{'Total': 53114776, 'Trainable': 53114776}


[EPOCH 1 TRAIN]
time: 199.07 seconds | lr: 0.000033
loss:4.846557 = (1-reg):0.40 * r2l_loss:4.845261 + (reg):0.60 * l2r_loss:4.847421
{'testlen': 2845, 'reflen': 3154, 'guess': [2845, 2348, 1851, 1364], 'correct': [2437, 1422, 700, 286]}
ratio: 0.9020291693085282
{'testlen': 2981, 'reflen': 3226, 'guess': [2981, 2484, 1987, 1490], 'correct': [2586, 1565, 794, 349]}
ratio: 0.92405455672631
[EPOCH 1 VAL]
time: 75.32 seconds
loss:4.221687 = (1-reg):0.40 * r2l_loss:4.175385 + (reg):0.60 * l2r_loss:4.252554
r2l_scores: {'Bleu_1': 0.7684291658323282, 'Bleu_2': 0.6461271092191704, 'Bleu_3': 0.5212579714787973, 'Bleu_4': 0.40400346817902205, 'METEOR': 0.2804614767852122, 'ROUGE_L': 0.6052662075212318, 'CIDEr': 0.45114253609396354}
l2r_scores: {'Bleu_1': 0.7990484315429871, 'Bleu_2': 0.6809593796371094, 'Bleu_3': 0.5546987692156018, 'Bleu_4': 0.4380556952319331, 'METEOR': 0.290367035971605, 'ROUGE_L': 0.6193600053586392, 'CIDEr': 0.4527267593201764}
>> Saving checkpoint to 1.ckpt
>> New best model at epoch 1 | CIDEr: 0.4527267593201764


[EPOCH 2 TRAIN]
time: 191.86 seconds | lr: 0.000056
loss:3.968728 = (1-reg):0.40 * r2l_loss:3.951493 + (reg):0.60 * l2r_loss:3.980217
{'testlen': 2956, 'reflen': 3206, 'guess': [2956, 2459, 1962, 1467], 'correct': [2617, 1582, 810, 332]}
ratio: 0.9220212102305296
{'testlen': 2946, 'reflen': 3185, 'guess': [2946, 2449, 1952, 1455], 'correct': [2622, 1631, 863, 390]}
ratio: 0.9249607535318917
[EPOCH 2 VAL]
time: 76.93 seconds
loss:3.802121 = (1-reg):0.40 * r2l_loss:3.756253 + (reg):0.60 * l2r_loss:3.832699
r2l_scores: {'Bleu_1': 0.8135221474126162, 'Bleu_2': 0.693495599204954, 'Bleu_3': 0.5671716407996316, 'Bleu_4': 0.44134721969291274, 'METEOR': 0.2939904282099484, 'ROUGE_L': 0.6317880085607407, 'CIDEr': 0.5633953417714246}
l2r_scores: {'Bleu_1': 0.8206669755715579, 'Bleu_2': 0.709903917680562, 'Bleu_3': 0.5900639020194886, 'Bleu_4': 0.47469695042999344, 'METEOR': 0.3053335893362179, 'ROUGE_L': 0.6376822527899281, 'CIDEr': 0.5283991446193915}
>> Saving checkpoint to 2.ckpt
>> New best model at epoch 2 | CIDEr: 0.5283991446193915


[EPOCH 3 TRAIN]
time: 195.19 seconds | lr: 0.000078
loss:3.594887 = (1-reg):0.40 * r2l_loss:3.579496 + (reg):0.60 * l2r_loss:3.605148
{'testlen': 3002, 'reflen': 3240, 'guess': [3002, 2505, 2008, 1511], 'correct': [2621, 1633, 857, 369]}
ratio: 0.9265432098762573
{'testlen': 3120, 'reflen': 3336, 'guess': [3120, 2623, 2126, 1629], 'correct': [2749, 1713, 892, 400]}
ratio: 0.9352517985608707
[EPOCH 3 VAL]
time: 79.56 seconds
loss:3.538221 = (1-reg):0.40 * r2l_loss:3.534089 + (reg):0.60 * l2r_loss:3.540975
r2l_scores: {'Bleu_1': 0.806538787829125, 'Bleu_2': 0.696925441598578, 'Bleu_3': 0.5763941426328066, 'Bleu_4': 0.45590292215310957, 'METEOR': 0.30634661770976673, 'ROUGE_L': 0.6455870775462682, 'CIDEr': 0.6050505932818165}
l2r_scores: {'Bleu_1': 0.8221548153073605, 'Bleu_2': 0.7078203882948501, 'Bleu_3': 0.5810235422470611, 'Bleu_4': 0.4604297623245738, 'METEOR': 0.3128950608618297, 'ROUGE_L': 0.6461148177789916, 'CIDEr': 0.5907084915592108}
>> Saving checkpoint to 3.ckpt
>> New best model at epoch 3 | CIDEr: 0.5907084915592108


[EPOCH 4 TRAIN]
time: 197.28 seconds | lr: 0.000100
loss:3.343405 = (1-reg):0.40 * r2l_loss:3.329192 + (reg):0.60 * l2r_loss:3.352879
{'testlen': 3188, 'reflen': 3391, 'guess': [3188, 2691, 2194, 1699], 'correct': [2742, 1622, 829, 363]}
ratio: 0.9401356531993689
{'testlen': 3175, 'reflen': 3352, 'guess': [3175, 2678, 2181, 1684], 'correct': [2807, 1780, 967, 464]}
ratio: 0.9471957040569967
[EPOCH 4 VAL]
time: 81.16 seconds
loss:3.423579 = (1-reg):0.40 * r2l_loss:3.429565 + (reg):0.60 * l2r_loss:3.419588
r2l_scores: {'Bleu_1': 0.8070396608692659, 'Bleu_2': 0.6755988244944279, 'Bleu_3': 0.5449380575844468, 'Bleu_4': 0.42439973217491067, 'METEOR': 0.29332506185973556, 'ROUGE_L': 0.6166437863444735, 'CIDEr': 0.5911111295889733}
l2r_scores: {'Bleu_1': 0.8361565969931629, 'Bleu_2': 0.725008325705504, 'Bleu_3': 0.6040625494465346, 'Bleu_4': 0.4895562970593308, 'METEOR': 0.31444132831887206, 'ROUGE_L': 0.6460169435396473, 'CIDEr': 0.6159962183007424}
>> Saving checkpoint to 4.ckpt
>> New best model at epoch 4 | CIDEr: 0.6159962183007424


[EPOCH 5 TRAIN]
time: 195.21 seconds | lr: 0.000100
loss:3.145434 = (1-reg):0.40 * r2l_loss:3.129947 + (reg):0.60 * l2r_loss:3.155758
{'testlen': 3133, 'reflen': 3344, 'guess': [3133, 2636, 2139, 1642], 'correct': [2693, 1622, 828, 349]}
ratio: 0.936901913875318
{'testlen': 3153, 'reflen': 3321, 'guess': [3153, 2656, 2159, 1662], 'correct': [2794, 1746, 938, 422]}
ratio: 0.949412827461322
[EPOCH 5 VAL]
time: 80.55 seconds
loss:3.337587 = (1-reg):0.40 * r2l_loss:3.337931 + (reg):0.60 * l2r_loss:3.337357
r2l_scores: {'Bleu_1': 0.8035765816138333, 'Bleu_2': 0.6798952616139666, 'Bleu_3': 0.551000041360498, 'Bleu_4': 0.4269869682378175, 'METEOR': 0.2948779049413138, 'ROUGE_L': 0.6210706725531723, 'CIDEr': 0.5948118092517308}
l2r_scores: {'Bleu_1': 0.840160185971438, 'Bleu_2': 0.7236340031149003, 'Bleu_3': 0.5997210112480027, 'Bleu_4': 0.4773613168246345, 'METEOR': 0.3124513321584027, 'ROUGE_L': 0.646323766427199, 'CIDEr': 0.6110352409625673}


[EPOCH 6 TRAIN]
time: 197.59 seconds | lr: 0.000100
loss:2.999180 = (1-reg):0.40 * r2l_loss:2.982979 + (reg):0.60 * l2r_loss:3.009981
{'testlen': 3145, 'reflen': 3358, 'guess': [3145, 2648, 2151, 1656], 'correct': [2736, 1698, 901, 406]}
ratio: 0.936569386539328
{'testlen': 3324, 'reflen': 3455, 'guess': [3324, 2827, 2330, 1833], 'correct': [2924, 1836, 1020, 490]}
ratio: 0.9620839363238894
[EPOCH 6 VAL]
time: 81.27 seconds
loss:3.307145 = (1-reg):0.40 * r2l_loss:3.319226 + (reg):0.60 * l2r_loss:3.299090
r2l_scores: {'Bleu_1': 0.812984332797149, 'Bleu_2': 0.6979821355124409, 'Bleu_3': 0.5755988390982982, 'Bleu_4': 0.45719665106162505, 'METEOR': 0.30163479543809824, 'ROUGE_L': 0.6365280472627124, 'CIDEr': 0.6250475925798035}
l2r_scores: {'Bleu_1': 0.8456694776399029, 'Bleu_2': 0.7266343322308328, 'Bleu_3': 0.6056942632712677, 'Bleu_4': 0.4888431959367064, 'METEOR': 0.324704631743128, 'ROUGE_L': 0.6533448343854238, 'CIDEr': 0.6384649656585868}
>> Saving checkpoint to 6.ckpt
>> New best model at epoch 6 | CIDEr: 0.6384649656585868


[EPOCH 7 TRAIN]
time: 198.99 seconds | lr: 0.000100
loss:2.883665 = (1-reg):0.40 * r2l_loss:2.868248 + (reg):0.60 * l2r_loss:2.893943
{'testlen': 3348, 'reflen': 3503, 'guess': [3348, 2851, 2354, 1857], 'correct': [2876, 1768, 952, 455]}
ratio: 0.9557522123891077
{'testlen': 3359, 'reflen': 3470, 'guess': [3359, 2862, 2365, 1868], 'correct': [2938, 1859, 1006, 465]}
ratio: 0.9680115273772426
[EPOCH 7 VAL]
time: 83.12 seconds
loss:3.271275 = (1-reg):0.40 * r2l_loss:3.289644 + (reg):0.60 * l2r_loss:3.259028
r2l_scores: {'Bleu_1': 0.8201573974241169, 'Bleu_2': 0.6968479260924305, 'Bleu_3': 0.572356688797768, 'Bleu_4': 0.45763938006931537, 'METEOR': 0.3069353427968456, 'ROUGE_L': 0.6406892450532926, 'CIDEr': 0.6350352824431541}
l2r_scores: {'Bleu_1': 0.846233644350859, 'Bleu_2': 0.7292463671235451, 'Bleu_3': 0.602635384406053, 'Bleu_4': 0.479150688412429, 'METEOR': 0.3239943442457089, 'ROUGE_L': 0.6525106642945746, 'CIDEr': 0.6360303249697643}


[EPOCH 8 TRAIN]
time: 194.42 seconds | lr: 0.000100
loss:2.787077 = (1-reg):0.40 * r2l_loss:2.770749 + (reg):0.60 * l2r_loss:2.797962
{'testlen': 3337, 'reflen': 3471, 'guess': [3337, 2840, 2343, 1846], 'correct': [2864, 1721, 918, 423]}
ratio: 0.9613944108323361
{'testlen': 3305, 'reflen': 3434, 'guess': [3305, 2808, 2311, 1814], 'correct': [2881, 1816, 979, 451]}
ratio: 0.9624344787417116
[EPOCH 8 VAL]
time: 81.21 seconds
loss:3.256979 = (1-reg):0.40 * r2l_loss:3.273255 + (reg):0.60 * l2r_loss:3.246128
r2l_scores: {'Bleu_1': 0.8244747358292741, 'Bleu_2': 0.692787772421698, 'Bleu_3': 0.5652975742337846, 'Bleu_4': 0.44655519424773765, 'METEOR': 0.3029674227277827, 'ROUGE_L': 0.6379949357985372, 'CIDEr': 0.6282705352351311}
l2r_scores: {'Bleu_1': 0.8383406250786888, 'Bleu_2': 0.722094413773777, 'Bleu_3': 0.5966777061718668, 'Bleu_4': 0.47473565741059387, 'METEOR': 0.31874172924950467, 'ROUGE_L': 0.6404465918814073, 'CIDEr': 0.6079692952081608}


[EPOCH 9 TRAIN]
time: 196.53 seconds | lr: 0.000100
loss:2.704405 = (1-reg):0.40 * r2l_loss:2.688366 + (reg):0.60 * l2r_loss:2.715097
{'testlen': 3255, 'reflen': 3432, 'guess': [3255, 2758, 2261, 1766], 'correct': [2815, 1722, 903, 417]}
ratio: 0.9484265734262971
{'testlen': 3254, 'reflen': 3401, 'guess': [3254, 2757, 2260, 1763], 'correct': [2901, 1856, 1023, 497]}
ratio: 0.9567774184060698
[EPOCH 9 VAL]
time: 82.27 seconds
loss:3.250723 = (1-reg):0.40 * r2l_loss:3.269362 + (reg):0.60 * l2r_loss:3.238297
r2l_scores: {'Bleu_1': 0.819051845057725, 'Bleu_2': 0.6959325224140869, 'Bleu_3': 0.5679391579500386, 'Bleu_4': 0.44989244018452995, 'METEOR': 0.30627309867725905, 'ROUGE_L': 0.6359101641646455, 'CIDEr': 0.6185334886421827}
l2r_scores: {'Bleu_1': 0.8521398071794776, 'Bleu_2': 0.7404851720678833, 'Bleu_3': 0.6190516234867779, 'Bleu_4': 0.5028243925533684, 'METEOR': 0.3269846411343949, 'ROUGE_L': 0.6605136433829589, 'CIDEr': 0.643848125313094}
>> Saving checkpoint to 9.ckpt
>> New best model at epoch 9 | CIDEr: 0.643848125313094


[EPOCH 10 TRAIN]
time: 195.24 seconds | lr: 0.000100
loss:2.632893 = (1-reg):0.40 * r2l_loss:2.615405 + (reg):0.60 * l2r_loss:2.644551
{'testlen': 3289, 'reflen': 3457, 'guess': [3289, 2792, 2295, 1799], 'correct': [2843, 1738, 900, 407]}
ratio: 0.9514029505348709
{'testlen': 3401, 'reflen': 3518, 'guess': [3401, 2904, 2407, 1910], 'correct': [2964, 1841, 979, 457]}
ratio: 0.9667424673106974
[EPOCH 10 VAL]
time: 81.31 seconds
loss:3.259963 = (1-reg):0.40 * r2l_loss:3.284831 + (reg):0.60 * l2r_loss:3.243384
r2l_scores: {'Bleu_1': 0.8213523499095975, 'Bleu_2': 0.6970118954494311, 'Bleu_3': 0.5656992102551056, 'Bleu_4': 0.4441545549016214, 'METEOR': 0.30161789189875504, 'ROUGE_L': 0.6334023180123709, 'CIDEr': 0.6081847087025442}
l2r_scores: {'Bleu_1': 0.8420368968892566, 'Bleu_2': 0.718164488734604, 'Bleu_3': 0.5874054926801019, 'Bleu_4': 0.4652529111756356, 'METEOR': 0.3203627822342422, 'ROUGE_L': 0.6435049213698317, 'CIDEr': 0.6067814938265572}


[EPOCH 11 TRAIN]
time: 197.91 seconds | lr: 0.000100
loss:2.567848 = (1-reg):0.40 * r2l_loss:2.550280 + (reg):0.60 * l2r_loss:2.579561
{'testlen': 3257, 'reflen': 3403, 'guess': [3257, 2760, 2263, 1766], 'correct': [2797, 1707, 908, 405]}
ratio: 0.9570966794002477
{'testlen': 3389, 'reflen': 3486, 'guess': [3389, 2892, 2395, 1898], 'correct': [2956, 1842, 982, 459]}
ratio: 0.9721744119331692
[EPOCH 11 VAL]
time: 82.91 seconds
loss:3.246790 = (1-reg):0.40 * r2l_loss:3.277964 + (reg):0.60 * l2r_loss:3.226007
r2l_scores: {'Bleu_1': 0.8211203099242128, 'Bleu_2': 0.6968377341132689, 'Bleu_3': 0.5711263973224117, 'Bleu_4': 0.4495709885414167, 'METEOR': 0.30327360118351737, 'ROUGE_L': 0.6315026297807654, 'CIDEr': 0.6060715411895016}
l2r_scores: {'Bleu_1': 0.8476225046342786, 'Bleu_2': 0.7243220678638704, 'Bleu_3': 0.5934894556013914, 'Bleu_4': 0.47079439024037484, 'METEOR': 0.31293513361092096, 'ROUGE_L': 0.639709284926618, 'CIDEr': 0.6062611545275837}


[EPOCH 12 TRAIN]
time: 196.97 seconds | lr: 0.000100
loss:2.509767 = (1-reg):0.40 * r2l_loss:2.492202 + (reg):0.60 * l2r_loss:2.521477
{'testlen': 3235, 'reflen': 3393, 'guess': [3235, 2738, 2241, 1744], 'correct': [2773, 1674, 869, 362]}
ratio: 0.9534335396401552
{'testlen': 3385, 'reflen': 3487, 'guess': [3385, 2888, 2391, 1894], 'correct': [2979, 1882, 1038, 487]}
ratio: 0.970748494407522
[EPOCH 12 VAL]
time: 82.06 seconds
loss:3.260917 = (1-reg):0.40 * r2l_loss:3.286176 + (reg):0.60 * l2r_loss:3.244077
r2l_scores: {'Bleu_1': 0.8163272481369857, 'Bleu_2': 0.6894257586231679, 'Bleu_3': 0.5599043993564706, 'Bleu_4': 0.43159172525584927, 'METEOR': 0.29699507979648593, 'ROUGE_L': 0.6251140528611477, 'CIDEr': 0.6138746531161832}
l2r_scores: {'Bleu_1': 0.8539358782128731, 'Bleu_2': 0.7348193107621831, 'Bleu_3': 0.6104228421009255, 'Bleu_4': 0.4880773868144956, 'METEOR': 0.3247450547023991, 'ROUGE_L': 0.6567462791552905, 'CIDEr': 0.6488101329982827}
>> Saving checkpoint to 12.ckpt
>> New best model at epoch 12 | CIDEr: 0.6488101329982827


[EPOCH 13 TRAIN]
time: 195.35 seconds | lr: 0.000100
loss:2.456822 = (1-reg):0.40 * r2l_loss:2.439569 + (reg):0.60 * l2r_loss:2.468324
{'testlen': 3322, 'reflen': 3456, 'guess': [3322, 2825, 2328, 1831], 'correct': [2814, 1675, 852, 371]}
ratio: 0.9612268518515737
{'testlen': 3469, 'reflen': 3546, 'guess': [3469, 2972, 2475, 1978], 'correct': [2996, 1899, 1038, 484]}
ratio: 0.9782853919906999
[EPOCH 13 VAL]
time: 83.81 seconds
loss:3.255815 = (1-reg):0.40 * r2l_loss:3.286761 + (reg):0.60 * l2r_loss:3.235185
r2l_scores: {'Bleu_1': 0.813591242009964, 'Bleu_2': 0.6806787804068072, 'Bleu_3': 0.5461026461768432, 'Bleu_4': 0.42193694300260876, 'METEOR': 0.2910743324176587, 'ROUGE_L': 0.6090755390737163, 'CIDEr': 0.5862495253735172}
l2r_scores: {'Bleu_1': 0.8446905761334642, 'Bleu_2': 0.7265524543572329, 'Bleu_3': 0.6004894930272001, 'Bleu_4': 0.4771158707525265, 'METEOR': 0.3186954869549508, 'ROUGE_L': 0.6458751071767799, 'CIDEr': 0.6402431484509457}


[EPOCH 14 TRAIN]
time: 194.85 seconds | lr: 0.000100
loss:2.406796 = (1-reg):0.40 * r2l_loss:2.389165 + (reg):0.60 * l2r_loss:2.418550
{'testlen': 3443, 'reflen': 3567, 'guess': [3443, 2946, 2449, 1952], 'correct': [2881, 1676, 879, 404]}
ratio: 0.9652368937479773
{'testlen': 3496, 'reflen': 3562, 'guess': [3496, 2999, 2502, 2005], 'correct': [3035, 1903, 1045, 515]}
ratio: 0.9814710836605891
[EPOCH 14 VAL]
time: 84.48 seconds
loss:3.267023 = (1-reg):0.40 * r2l_loss:3.295026 + (reg):0.60 * l2r_loss:3.248354
r2l_scores: {'Bleu_1': 0.8071701168632659, 'Bleu_2': 0.6655529199496127, 'Bleu_3': 0.53527222077805, 'Bleu_4': 0.41830795793921405, 'METEOR': 0.2950343797683994, 'ROUGE_L': 0.611134793342278, 'CIDEr': 0.6100369579633786}
l2r_scores: {'Bleu_1': 0.8518994702167366, 'Bleu_2': 0.7283261004490701, 'Bleu_3': 0.6013037833592176, 'Bleu_4': 0.4838312712591898, 'METEOR': 0.32678781798426276, 'ROUGE_L': 0.6510314048105483, 'CIDEr': 0.6476795212706675}


[EPOCH 15 TRAIN]
time: 195.90 seconds | lr: 0.000100
loss:2.360609 = (1-reg):0.40 * r2l_loss:2.343490 + (reg):0.60 * l2r_loss:2.372022
{'testlen': 3401, 'reflen': 3536, 'guess': [3401, 2904, 2407, 1910], 'correct': [2874, 1700, 905, 407]}
ratio: 0.9618212669680538
{'testlen': 3692, 'reflen': 3741, 'guess': [3692, 3195, 2698, 2201], 'correct': [3190, 1991, 1083, 520]}
ratio: 0.9869018978880013
[EPOCH 15 VAL]
time: 86.36 seconds
loss:3.294742 = (1-reg):0.40 * r2l_loss:3.322052 + (reg):0.60 * l2r_loss:3.276536
r2l_scores: {'Bleu_1': 0.8121591780468641, 'Bleu_2': 0.6759697248135085, 'Bleu_3': 0.5486086716651549, 'Bleu_4': 0.4288224539071916, 'METEOR': 0.2969143851101336, 'ROUGE_L': 0.620276842852728, 'CIDEr': 0.574845545772297}
l2r_scores: {'Bleu_1': 0.8526387391689055, 'Bleu_2': 0.7241036957889502, 'Bleu_3': 0.5922085908312206, 'Bleu_4': 0.46909507154006347, 'METEOR': 0.3226253817210021, 'ROUGE_L': 0.6437544553419747, 'CIDEr': 0.6081943779516603}


[EPOCH 16 TRAIN]
time: 196.16 seconds | lr: 0.000050
loss:2.257064 = (1-reg):0.40 * r2l_loss:2.239433 + (reg):0.60 * l2r_loss:2.268819
{'testlen': 3354, 'reflen': 3473, 'guess': [3354, 2857, 2360, 1864], 'correct': [2851, 1691, 878, 372]}
ratio: 0.9657356752084751
{'testlen': 3529, 'reflen': 3605, 'guess': [3529, 3032, 2535, 2038], 'correct': [3024, 1841, 993, 482]}
ratio: 0.9789181692091597
[EPOCH 16 VAL]
time: 82.78 seconds
loss:3.295624 = (1-reg):0.40 * r2l_loss:3.325382 + (reg):0.60 * l2r_loss:3.275784
r2l_scores: {'Bleu_1': 0.8203994876281314, 'Bleu_2': 0.6845812255350906, 'Bleu_3': 0.5520874833596446, 'Bleu_4': 0.42430484336171076, 'METEOR': 0.2931359678945046, 'ROUGE_L': 0.612355617637659, 'CIDEr': 0.5751658086669528}
l2r_scores: {'Bleu_1': 0.8386431990929166, 'Bleu_2': 0.7059508427105362, 'Bleu_3': 0.5759557290791344, 'Bleu_4': 0.45857916251704306, 'METEOR': 0.3163306406366687, 'ROUGE_L': 0.6374573148991619, 'CIDEr': 0.6167653010579977}



[BEST: 12 | SEED: 904666 | VAL-CIDEr: 0.6488101329982827]
{'testlen': 19690, 'reflen': 20756, 'guess': [19690, 16700, 13710, 10720], 'correct': [16627, 10142, 5427, 2533]}
ratio: 0.9486413567160845
{'testlen': 19995, 'reflen': 20860, 'guess': [19995, 17005, 14015, 11025], 'correct': [17592, 11168, 6136, 2957]}
ratio: 0.9585330776605485
time: 408.39 seconds
r2l_scores: {'Bleu_1': 0.7999371079033551, 'Bleu_2': 0.6783835695209434, 'Bleu_3': 0.5567414510952734, 'Bleu_4': 0.443324961089958, 'METEOR': 0.2949723790138112, 'ROUGE_L': 0.6218897476711523, 'CIDEr': 0.6005316582909642}
l2r_scores: {'Bleu_1': 0.8425697724247723, 'Bleu_2': 0.7279614059856995, 'Bleu_3': 0.6056759677820553, 'Bleu_4': 0.48876652582287156, 'METEOR': 0.3152365996103725, 'ROUGE_L': 0.6507262126977624, 'CIDEr': 0.6435242173161666}
----------------------------------------
>> [Train time] Total: 3138.53 seconds => Per epoch: 196.16 seconds
>> [Val time] Total: 1305.11 seconds => Per epoch: 81.57 seconds
