Found 1 CUDA device(s)

Device 0: NVIDIA A100-SXM4-40GB
  Total memory bytes: 42296475648
  MultiProcessor count: 108
  Major.Minor: 8.0
  Max threads per block: 2048
  Memory reserved bytes: 0
  Memory allocated bytes: 0
  Free inside reserved bytes: 0
  Active allocations: 0
========================================
MODEL ID: MSRVTT = FEAT newImgCapBlip2KF fsl-13 mcl-20 = Transformer d-512 N_enc-0 N_dec-3 h-4 h_big-4 dp-0.1 = OPTIM lr-0.0001 warmup-3 gamma-0.5 pat-3 wd-5e-06 rg-0.6 = bs-64-gc-5.0-ls-0.15 = 1764773976
Enter the load_video_feats method.
Enter the load_video_feats method.
Enter the load_video_feats method.
#vocabs: 10444 (23046), #words: 1178850 (1194458). Trim words which appear less than 3 times.
{'Total': 50868632, 'Trainable': 50868632}


[EPOCH 1 TRAIN]
time: 175.08 seconds | lr: 0.000033
loss:3.948326 = (1-reg):0.40 * r2l_loss:3.952654 + (reg):0.60 * l2r_loss:3.945440
{'testlen': 2762, 'reflen': 3083, 'guess': [2762, 2265, 1768, 1272], 'correct': [2399, 1399, 696, 280]}
ratio: 0.8958806357441143
{'testlen': 3302, 'reflen': 3449, 'guess': [3302, 2805, 2308, 1811], 'correct': [2778, 1622, 799, 346]}
ratio: 0.9573789504201341
[EPOCH 1 VAL]
time: 73.35 seconds
loss:3.574172 = (1-reg):0.40 * r2l_loss:3.519511 + (reg):0.60 * l2r_loss:3.610612
r2l_scores: {'Bleu_1': 0.7732729395332811, 'Bleu_2': 0.6520851042832749, 'Bleu_3': 0.5301766446943307, 'Bleu_4': 0.41339453774031504, 'METEOR': 0.2755511374383792, 'ROUGE_L': 0.6054172101903541, 'CIDEr': 0.4292103729873663}
l2r_scores: {'Bleu_1': 0.8046759937521066, 'Bleu_2': 0.6671176806458277, 'Bleu_3': 0.5281945507805125, 'Bleu_4': 0.40508980896137275, 'METEOR': 0.28295026013541813, 'ROUGE_L': 0.6132792594112813, 'CIDEr': 0.4314244754320308}
>> Saving checkpoint to 1.ckpt
>> New best model at epoch 1 | CIDEr: 0.4314244754320308


[EPOCH 2 TRAIN]
time: 176.30 seconds | lr: 0.000056
loss:3.282665 = (1-reg):0.40 * r2l_loss:3.275250 + (reg):0.60 * l2r_loss:3.287608
{'testlen': 2979, 'reflen': 3205, 'guess': [2979, 2482, 1985, 1488], 'correct': [2588, 1536, 765, 313]}
ratio: 0.9294851794068862
{'testlen': 2905, 'reflen': 3162, 'guess': [2905, 2408, 1911, 1414], 'correct': [2552, 1538, 786, 347]}
ratio: 0.9187223276404431
[EPOCH 2 VAL]
time: 75.34 seconds
loss:3.224245 = (1-reg):0.40 * r2l_loss:3.200833 + (reg):0.60 * l2r_loss:3.239853
r2l_scores: {'Bleu_1': 0.805278836241946, 'Bleu_2': 0.6796637702589904, 'Bleu_3': 0.5485049616235698, 'Bleu_4': 0.4235297297031208, 'METEOR': 0.28934172082770754, 'ROUGE_L': 0.6204931682385819, 'CIDEr': 0.5144364302693862}
l2r_scores: {'Bleu_1': 0.8041059955996817, 'Bleu_2': 0.6856397061365784, 'Bleu_3': 0.5614496930459933, 'Bleu_4': 0.4465271236631151, 'METEOR': 0.29355363587203154, 'ROUGE_L': 0.6341373121168321, 'CIDEr': 0.5134208355619675}
>> Saving checkpoint to 2.ckpt
>> New best model at epoch 2 | CIDEr: 0.5134208355619675


[EPOCH 3 TRAIN]
time: 171.59 seconds | lr: 0.000078
loss:3.008807 = (1-reg):0.40 * r2l_loss:2.999618 + (reg):0.60 * l2r_loss:3.014933
{'testlen': 2939, 'reflen': 3209, 'guess': [2939, 2442, 1945, 1448], 'correct': [2441, 1425, 696, 261]}
ratio: 0.9158616391396336
{'testlen': 3011, 'reflen': 3261, 'guess': [3011, 2514, 2017, 1520], 'correct': [2620, 1605, 835, 359]}
ratio: 0.9233363998770551
[EPOCH 3 VAL]
time: 75.59 seconds
loss:3.053949 = (1-reg):0.40 * r2l_loss:3.028391 + (reg):0.60 * l2r_loss:3.070987
r2l_scores: {'Bleu_1': 0.7576531541538394, 'Bleu_2': 0.6350690401813227, 'Bleu_3': 0.5087189546550629, 'Bleu_4': 0.38357649518186737, 'METEOR': 0.2747294485712981, 'ROUGE_L': 0.5991419107777027, 'CIDEr': 0.5253990705891136}
l2r_scores: {'Bleu_1': 0.8008137940579529, 'Bleu_2': 0.6859479445523963, 'Bleu_3': 0.5638556912163473, 'Bleu_4': 0.4442975759246171, 'METEOR': 0.29984239010969577, 'ROUGE_L': 0.6307810923371516, 'CIDEr': 0.5573500249772506}
>> Saving checkpoint to 3.ckpt
>> New best model at epoch 3 | CIDEr: 0.5573500249772506


[EPOCH 4 TRAIN]
time: 174.33 seconds | lr: 0.000100
loss:2.831760 = (1-reg):0.40 * r2l_loss:2.822343 + (reg):0.60 * l2r_loss:2.838039
{'testlen': 3031, 'reflen': 3267, 'guess': [3031, 2534, 2037, 1540], 'correct': [2569, 1515, 756, 306]}
ratio: 0.9277624732167347
{'testlen': 3207, 'reflen': 3403, 'guess': [3207, 2710, 2213, 1716], 'correct': [2779, 1695, 887, 411]}
ratio: 0.9424037613867345
[EPOCH 4 VAL]
time: 76.06 seconds
loss:2.954001 = (1-reg):0.40 * r2l_loss:2.934128 + (reg):0.60 * l2r_loss:2.967249
r2l_scores: {'Bleu_1': 0.7840849015767523, 'Bleu_2': 0.658532204490562, 'Bleu_3': 0.5300171332717859, 'Bleu_4': 0.4067371477435063, 'METEOR': 0.2811310824992124, 'ROUGE_L': 0.6114736825906092, 'CIDEr': 0.5641952963588512}
l2r_scores: {'Bleu_1': 0.8151679787954298, 'Bleu_2': 0.6925522170495764, 'Bleu_3': 0.5655030168178901, 'Bleu_4': 0.44928478381611514, 'METEOR': 0.3040818769849333, 'ROUGE_L': 0.6339110814028173, 'CIDEr': 0.5921634709615702}
>> Saving checkpoint to 4.ckpt
>> New best model at epoch 4 | CIDEr: 0.5921634709615702


[EPOCH 5 TRAIN]
time: 170.73 seconds | lr: 0.000100
loss:2.693898 = (1-reg):0.40 * r2l_loss:2.682500 + (reg):0.60 * l2r_loss:2.701496
{'testlen': 3010, 'reflen': 3264, 'guess': [3010, 2513, 2016, 1521], 'correct': [2582, 1547, 782, 318]}
ratio: 0.9221813725487371
{'testlen': 3248, 'reflen': 3405, 'guess': [3248, 2751, 2254, 1757], 'correct': [2821, 1703, 886, 385]}
ratio: 0.9538913362699107
[EPOCH 5 VAL]
time: 76.51 seconds
loss:2.903208 = (1-reg):0.40 * r2l_loss:2.899742 + (reg):0.60 * l2r_loss:2.905519
r2l_scores: {'Bleu_1': 0.7883909612876733, 'Bleu_2': 0.6678757546926806, 'Bleu_3': 0.541776078226652, 'Bleu_4': 0.41809725756609617, 'METEOR': 0.2914984769732332, 'ROUGE_L': 0.6176024578766595, 'CIDEr': 0.5813851185970853}
l2r_scores: {'Bleu_1': 0.827550266381564, 'Bleu_2': 0.698655172656535, 'Bleu_3': 0.5675502182293153, 'Bleu_4': 0.4420051123656412, 'METEOR': 0.30285406136068893, 'ROUGE_L': 0.6292365095833246, 'CIDEr': 0.5864199832705504}


[EPOCH 6 TRAIN]
time: 173.92 seconds | lr: 0.000100
loss:2.593805 = (1-reg):0.40 * r2l_loss:2.580645 + (reg):0.60 * l2r_loss:2.602579
{'testlen': 3175, 'reflen': 3355, 'guess': [3175, 2678, 2181, 1684], 'correct': [2691, 1572, 812, 338]}
ratio: 0.9463487332336971
{'testlen': 3301, 'reflen': 3466, 'guess': [3301, 2804, 2307, 1810], 'correct': [2880, 1730, 901, 398]}
ratio: 0.9523946912865111
[EPOCH 6 VAL]
time: 77.87 seconds
loss:2.858121 = (1-reg):0.40 * r2l_loss:2.862662 + (reg):0.60 * l2r_loss:2.855094
r2l_scores: {'Bleu_1': 0.8008451479700639, 'Bleu_2': 0.6664760524493651, 'Bleu_3': 0.5386202545689427, 'Bleu_4': 0.4149065672764912, 'METEOR': 0.28512057515170774, 'ROUGE_L': 0.6078184065230688, 'CIDEr': 0.5617285591986338}
l2r_scores: {'Bleu_1': 0.8299249434999403, 'Bleu_2': 0.6979099382998118, 'Bleu_3': 0.5656171971449687, 'Bleu_4': 0.44107865527459167, 'METEOR': 0.30696848313856095, 'ROUGE_L': 0.6346087693590714, 'CIDEr': 0.585407993801568}


[EPOCH 7 TRAIN]
time: 167.17 seconds | lr: 0.000100
loss:2.514130 = (1-reg):0.40 * r2l_loss:2.500116 + (reg):0.60 * l2r_loss:2.523472
{'testlen': 3045, 'reflen': 3276, 'guess': [3045, 2548, 2051, 1556], 'correct': [2547, 1504, 775, 326]}
ratio: 0.9294871794868957
{'testlen': 3163, 'reflen': 3361, 'guess': [3163, 2666, 2169, 1672], 'correct': [2732, 1650, 886, 384]}
ratio: 0.9410889616182859
[EPOCH 7 VAL]
time: 75.36 seconds
loss:2.843677 = (1-reg):0.40 * r2l_loss:2.841354 + (reg):0.60 * l2r_loss:2.845226
r2l_scores: {'Bleu_1': 0.7753453204211913, 'Bleu_2': 0.6513262060973461, 'Bleu_3': 0.529658024409114, 'Bleu_4': 0.41215640152115474, 'METEOR': 0.2760014380301098, 'ROUGE_L': 0.5988884854214558, 'CIDEr': 0.5815311489225807}
l2r_scores: {'Bleu_1': 0.8113256199252263, 'Bleu_2': 0.6867779424808496, 'Bleu_3': 0.5656400837369836, 'Bleu_4': 0.44451077524802485, 'METEOR': 0.30389677969177525, 'ROUGE_L': 0.6289450954805742, 'CIDEr': 0.5758098343430572}


[EPOCH 8 TRAIN]
time: 169.63 seconds | lr: 0.000100
loss:2.448043 = (1-reg):0.40 * r2l_loss:2.433444 + (reg):0.60 * l2r_loss:2.457776
{'testlen': 3207, 'reflen': 3372, 'guess': [3207, 2710, 2213, 1716], 'correct': [2678, 1590, 847, 383]}
ratio: 0.951067615658081
{'testlen': 3272, 'reflen': 3413, 'guess': [3272, 2775, 2278, 1781], 'correct': [2837, 1738, 910, 420]}
ratio: 0.9586873718133728
[EPOCH 8 VAL]
time: 78.25 seconds
loss:2.816408 = (1-reg):0.40 * r2l_loss:2.829629 + (reg):0.60 * l2r_loss:2.807594
r2l_scores: {'Bleu_1': 0.7931716481013966, 'Bleu_2': 0.6648524788318274, 'Bleu_3': 0.5436708525361243, 'Bleu_4': 0.42962179221353713, 'METEOR': 0.2884081032120269, 'ROUGE_L': 0.6118385175944456, 'CIDEr': 0.5846764038034887}
l2r_scores: {'Bleu_1': 0.8304835375594217, 'Bleu_2': 0.7058320910349064, 'Bleu_3': 0.5755174371635174, 'Bleu_4': 0.4555242003564715, 'METEOR': 0.30788041649183945, 'ROUGE_L': 0.6370492912337069, 'CIDEr': 0.6020140002341585}
>> Saving checkpoint to 8.ckpt
>> New best model at epoch 8 | CIDEr: 0.6020140002341585


[EPOCH 9 TRAIN]
time: 172.01 seconds | lr: 0.000100
loss:2.391046 = (1-reg):0.40 * r2l_loss:2.375112 + (reg):0.60 * l2r_loss:2.401669
{'testlen': 3188, 'reflen': 3357, 'guess': [3188, 2691, 2194, 1697], 'correct': [2658, 1550, 798, 335]}
ratio: 0.9496574322308758
{'testlen': 3284, 'reflen': 3445, 'guess': [3284, 2787, 2290, 1793], 'correct': [2819, 1727, 910, 405]}
ratio: 0.9532656023219294
[EPOCH 9 VAL]
time: 77.50 seconds
loss:2.808487 = (1-reg):0.40 * r2l_loss:2.815551 + (reg):0.60 * l2r_loss:2.803778
r2l_scores: {'Bleu_1': 0.7907043938699707, 'Bleu_2': 0.6572109948815705, 'Bleu_3': 0.5301325440302297, 'Bleu_4': 0.40867066313798384, 'METEOR': 0.2814617146276072, 'ROUGE_L': 0.5973478339956215, 'CIDEr': 0.5698547080409254}
l2r_scores: {'Bleu_1': 0.8173355504123462, 'Bleu_2': 0.6944358129896189, 'Bleu_3': 0.5671869072412626, 'Bleu_4': 0.4450824261585335, 'METEOR': 0.3096695766161016, 'ROUGE_L': 0.6310589798522824, 'CIDEr': 0.5838893843330776}


[EPOCH 10 TRAIN]
time: 170.21 seconds | lr: 0.000100
loss:2.341826 = (1-reg):0.40 * r2l_loss:2.325616 + (reg):0.60 * l2r_loss:2.352633
{'testlen': 3268, 'reflen': 3451, 'guess': [3268, 2771, 2274, 1778], 'correct': [2721, 1591, 824, 379]}
ratio: 0.9469718922048835
{'testlen': 3378, 'reflen': 3495, 'guess': [3378, 2881, 2384, 1887], 'correct': [2889, 1751, 924, 408]}
ratio: 0.9665236051499381
[EPOCH 10 VAL]
time: 79.47 seconds
loss:2.800732 = (1-reg):0.40 * r2l_loss:2.812213 + (reg):0.60 * l2r_loss:2.793078
r2l_scores: {'Bleu_1': 0.7872760976001424, 'Bleu_2': 0.6537634639380597, 'Bleu_3': 0.5270917335870245, 'Bleu_4': 0.4144877123743632, 'METEOR': 0.28839171318852785, 'ROUGE_L': 0.5997385702612992, 'CIDEr': 0.556823578968748}
l2r_scores: {'Bleu_1': 0.8261249248812383, 'Bleu_2': 0.6964231849479104, 'Bleu_3': 0.5662697082313239, 'Bleu_4': 0.4412950140819492, 'METEOR': 0.30633276989981173, 'ROUGE_L': 0.6258112391320062, 'CIDEr': 0.566745802003242}


[EPOCH 11 TRAIN]
time: 169.11 seconds | lr: 0.000100
loss:2.297732 = (1-reg):0.40 * r2l_loss:2.282837 + (reg):0.60 * l2r_loss:2.307662
{'testlen': 3193, 'reflen': 3393, 'guess': [3193, 2696, 2199, 1702], 'correct': [2670, 1546, 800, 346]}
ratio: 0.9410551134686292
{'testlen': 3419, 'reflen': 3535, 'guess': [3419, 2922, 2425, 1928], 'correct': [2988, 1860, 1018, 467]}
ratio: 0.9671852899572936
[EPOCH 11 VAL]
time: 77.51 seconds
loss:2.814009 = (1-reg):0.40 * r2l_loss:2.829672 + (reg):0.60 * l2r_loss:2.803567
r2l_scores: {'Bleu_1': 0.7854335192618295, 'Bleu_2': 0.6504262507825526, 'Bleu_3': 0.5248308104304895, 'Bleu_4': 0.40760818830279133, 'METEOR': 0.28581819804192976, 'ROUGE_L': 0.6002037136848243, 'CIDEr': 0.549320657059604}
l2r_scores: {'Bleu_1': 0.8447860385330562, 'Bleu_2': 0.720978556383327, 'Bleu_3': 0.5952718179355757, 'Bleu_4': 0.4714170254624751, 'METEOR': 0.31433253871027106, 'ROUGE_L': 0.6430795630604745, 'CIDEr': 0.6109185131864828}
>> Saving checkpoint to 11.ckpt
>> New best model at epoch 11 | CIDEr: 0.6109185131864828


[EPOCH 12 TRAIN]
time: 174.35 seconds | lr: 0.000100
loss:2.257746 = (1-reg):0.40 * r2l_loss:2.242763 + (reg):0.60 * l2r_loss:2.267735
{'testlen': 3241, 'reflen': 3414, 'guess': [3241, 2744, 2247, 1750], 'correct': [2730, 1608, 836, 365]}
ratio: 0.9493263034560782
{'testlen': 3472, 'reflen': 3567, 'guess': [3472, 2975, 2478, 1981], 'correct': [2963, 1779, 932, 416]}
ratio: 0.973366975048788
[EPOCH 12 VAL]
time: 81.02 seconds
loss:2.800358 = (1-reg):0.40 * r2l_loss:2.805126 + (reg):0.60 * l2r_loss:2.797179
r2l_scores: {'Bleu_1': 0.7985490369977933, 'Bleu_2': 0.6660560093256337, 'Bleu_3': 0.5388661380947151, 'Bleu_4': 0.4194004265431871, 'METEOR': 0.29173109949894716, 'ROUGE_L': 0.6127148772728671, 'CIDEr': 0.58053709993626}
l2r_scores: {'Bleu_1': 0.830364698130566, 'Bleu_2': 0.6950841716846672, 'Bleu_3': 0.5612660632600245, 'Bleu_4': 0.4359714369907919, 'METEOR': 0.3082399843924331, 'ROUGE_L': 0.6291932219985535, 'CIDEr': 0.5975681296821369}


[EPOCH 13 TRAIN]
time: 167.58 seconds | lr: 0.000100
loss:2.220215 = (1-reg):0.40 * r2l_loss:2.204839 + (reg):0.60 * l2r_loss:2.230465
{'testlen': 3182, 'reflen': 3358, 'guess': [3182, 2685, 2188, 1691], 'correct': [2661, 1575, 810, 329]}
ratio: 0.9475878499103789
{'testlen': 3378, 'reflen': 3508, 'guess': [3378, 2881, 2384, 1887], 'correct': [2899, 1810, 982, 457]}
ratio: 0.9629418472061109
[EPOCH 13 VAL]
time: 76.64 seconds
loss:2.796209 = (1-reg):0.40 * r2l_loss:2.812701 + (reg):0.60 * l2r_loss:2.785214
r2l_scores: {'Bleu_1': 0.7912675995932498, 'Bleu_2': 0.6627033519497784, 'Bleu_3': 0.5358191607110553, 'Bleu_4': 0.4102243384465273, 'METEOR': 0.2870021934312241, 'ROUGE_L': 0.600423215318217, 'CIDEr': 0.5614991441381357}
l2r_scores: {'Bleu_1': 0.8258003194531267, 'Bleu_2': 0.7065589789471919, 'Bleu_3': 0.5827239270598435, 'Bleu_4': 0.46339872256850706, 'METEOR': 0.31423325071603125, 'ROUGE_L': 0.6391510680224389, 'CIDEr': 0.5925392491899678}


[EPOCH 14 TRAIN]
time: 169.69 seconds | lr: 0.000100
loss:2.186465 = (1-reg):0.40 * r2l_loss:2.172109 + (reg):0.60 * l2r_loss:2.196036
{'testlen': 3332, 'reflen': 3481, 'guess': [3332, 2835, 2338, 1841], 'correct': [2759, 1603, 832, 366]}
ratio: 0.9571962079859359
{'testlen': 3453, 'reflen': 3567, 'guess': [3453, 2956, 2459, 1962], 'correct': [2948, 1826, 989, 454]}
ratio: 0.9680403700586017
[EPOCH 14 VAL]
time: 80.17 seconds
loss:2.794655 = (1-reg):0.40 * r2l_loss:2.815026 + (reg):0.60 * l2r_loss:2.781075
r2l_scores: {'Bleu_1': 0.7918191048483401, 'Bleu_2': 0.6543240025459535, 'Bleu_3': 0.5261964702321956, 'Bleu_4': 0.4079553089064301, 'METEOR': 0.28884463351139317, 'ROUGE_L': 0.5979012739772616, 'CIDEr': 0.5548840960389347}
l2r_scores: {'Bleu_1': 0.8260241952278459, 'Bleu_2': 0.7026280602174121, 'Bleu_3': 0.5770102615624374, 'Bleu_4': 0.45539927189274193, 'METEOR': 0.31196038286293315, 'ROUGE_L': 0.6297824368236848, 'CIDEr': 0.5910960721887631}


[EPOCH 15 TRAIN]
time: 173.29 seconds | lr: 0.000100
loss:2.154944 = (1-reg):0.40 * r2l_loss:2.141305 + (reg):0.60 * l2r_loss:2.164036
{'testlen': 3344, 'reflen': 3482, 'guess': [3344, 2847, 2350, 1853], 'correct': [2677, 1538, 803, 346]}
ratio: 0.9603676048245375
{'testlen': 3446, 'reflen': 3564, 'guess': [3446, 2949, 2452, 1955], 'correct': [2932, 1763, 931, 434]}
ratio: 0.966891133557529
[EPOCH 15 VAL]
time: 80.24 seconds
loss:2.805700 = (1-reg):0.40 * r2l_loss:2.827753 + (reg):0.60 * l2r_loss:2.790998
r2l_scores: {'Bleu_1': 0.7681741042621919, 'Bleu_2': 0.631034415620593, 'Bleu_3': 0.5073143084946551, 'Bleu_4': 0.39109061432167824, 'METEOR': 0.2837379417732765, 'ROUGE_L': 0.591474924948148, 'CIDEr': 0.5582884167774647}
l2r_scores: {'Bleu_1': 0.8221997124934579, 'Bleu_2': 0.689194406449524, 'Bleu_3': 0.5585736488127776, 'Bleu_4': 0.4397220374497638, 'METEOR': 0.30731308401987406, 'ROUGE_L': 0.6272137559840467, 'CIDEr': 0.5751870835626116}


[EPOCH 16 TRAIN]
time: 169.19 seconds | lr: 0.000100
loss:2.126070 = (1-reg):0.40 * r2l_loss:2.113081 + (reg):0.60 * l2r_loss:2.134729
{'testlen': 3342, 'reflen': 3497, 'guess': [3342, 2845, 2348, 1851], 'correct': [2714, 1544, 793, 350]}
ratio: 0.9556762939659835
{'testlen': 3477, 'reflen': 3585, 'guess': [3477, 2980, 2483, 1986], 'correct': [2930, 1759, 924, 423]}
ratio: 0.9698744769871772
[EPOCH 16 VAL]
time: 82.04 seconds
loss:2.799433 = (1-reg):0.40 * r2l_loss:2.819918 + (reg):0.60 * l2r_loss:2.785776
r2l_scores: {'Bleu_1': 0.7752844518797777, 'Bleu_2': 0.6337849004220246, 'Bleu_3': 0.5059475717482588, 'Bleu_4': 0.3910289956551966, 'METEOR': 0.28313278352532284, 'ROUGE_L': 0.5889904805157263, 'CIDEr': 0.5358444575363782}
l2r_scores: {'Bleu_1': 0.8169080881100396, 'Bleu_2': 0.6837014781444699, 'Bleu_3': 0.5524752815231668, 'Bleu_4': 0.4319689057524957, 'METEOR': 0.305918456985935, 'ROUGE_L': 0.6231464882330332, 'CIDEr': 0.5830254070371622}



[BEST: 11 | SEED: 904666 | VAL-CIDEr: 0.6109185131864828]
{'testlen': 19324, 'reflen': 20517, 'guess': [19324, 16334, 13344, 10354], 'correct': [16161, 9577, 4963, 2259]}
ratio: 0.9418530974313524
{'testlen': 20455, 'reflen': 21271, 'guess': [20455, 17465, 14475, 11485], 'correct': [17475, 10819, 5778, 2706]}
ratio: 0.9616379107704874
time: 403.60 seconds
r2l_scores: {'Bleu_1': 0.7862475281641179, 'Bleu_2': 0.6583277477131791, 'Bleu_3': 0.5331428036595119, 'Bleu_4': 0.4198862993626767, 'METEOR': 0.283429987553856, 'ROUGE_L': 0.6082668262364549, 'CIDEr': 0.5806669772563714}
l2r_scores: {'Bleu_1': 0.8209044899509468, 'Bleu_2': 0.6990255440281193, 'Bleu_3': 0.572277488634522, 'Bleu_4': 0.45386106489317135, 'METEOR': 0.304171047179238, 'ROUGE_L': 0.6362075100827199, 'CIDEr': 0.6032076324711299}
----------------------------------------
>> [Train time] Total: 2744.18 seconds => Per epoch: 171.51 seconds
>> [Val time] Total: 1242.93 seconds => Per epoch: 77.68 seconds
