Found 1 CUDA device(s)

Device 0: NVIDIA A100-SXM4-40GB
  Total memory bytes: 42296475648
  MultiProcessor count: 108
  Major.Minor: 8.0
  Max threads per block: 2048
  Memory reserved bytes: 0
  Memory allocated bytes: 0
  Free inside reserved bytes: 0
  Active allocations: 0
========================================
MODEL ID: MSVD = FEAT newBlip2ClsKF+newMViTv2+newImgCapBlip2KF fsl-10 mcl-20 = Transformer d-512 N_enc-0 N_dec-3 h-16 h_big-16 dp-0.1 = OPTIM lr-0.0001 warmup-3 gamma-0.5 pat-3 wd-5e-06 rg-0.5 = bs-64-gc-5.0-ls-0.15 = 1764626029
Enter the load_video_feats method.
Enter the load_video_feats method.
Enter the load_video_feats method.
#vocabs: 4116 (9614), #words: 339057 (345799). Trim words which appear less than 3 times.
{'Total': 40142376, 'Trainable': 40142376}


[EPOCH 1 TRAIN]
time: 77.24 seconds | lr: 0.000033
loss:3.410448 = (1-reg):0.50 * r2l_loss:3.399929 + (reg):0.50 * l2r_loss:3.420966
{'testlen': 539, 'reflen': 538, 'guess': [539, 439, 339, 242], 'correct': [435, 283, 165, 75]}
ratio: 1.0018587360576174
{'testlen': 499, 'reflen': 500, 'guess': [499, 399, 299, 199], 'correct': [426, 285, 173, 80]}
ratio: 0.997999999998004
[EPOCH 1 VAL]
time: 29.26 seconds
loss:3.000062 = (1-reg):0.50 * r2l_loss:2.930820 + (reg):0.50 * l2r_loss:3.069304
r2l_scores: {'Bleu_1': 0.8070500927628812, 'Bleu_2': 0.7212921464160638, 'Bleu_3': 0.6326578255706912, 'Bleu_4': 0.5292832345701339, 'METEOR': 0.3611944804704163, 'ROUGE_L': 0.7441163305018318, 'CIDEr': 1.147070880876851}
l2r_scores: {'Bleu_1': 0.8519982914440525, 'Bleu_2': 0.7793278192158937, 'Bleu_3': 0.7052043478809941, 'Bleu_4': 0.6124602131577159, 'METEOR': 0.38952501612943297, 'ROUGE_L': 0.7686301337036037, 'CIDEr': 1.0287714364439202}
>> Saving checkpoint to 1.ckpt
>> New best model at epoch 1 | CIDEr: 1.0287714364439202


[EPOCH 2 TRAIN]
time: 68.50 seconds | lr: 0.000056
loss:2.556258 = (1-reg):0.50 * r2l_loss:2.532571 + (reg):0.50 * l2r_loss:2.579945
{'testlen': 549, 'reflen': 543, 'guess': [549, 449, 349, 249], 'correct': [475, 332, 205, 104]}
ratio: 1.0110497237550442
{'testlen': 539, 'reflen': 537, 'guess': [539, 439, 339, 239], 'correct': [480, 334, 201, 100]}
ratio: 1.0037243947839782
[EPOCH 2 VAL]
time: 30.85 seconds
loss:2.707860 = (1-reg):0.50 * r2l_loss:2.659378 + (reg):0.50 * l2r_loss:2.756343
r2l_scores: {'Bleu_1': 0.8652094717652729, 'Bleu_2': 0.7998462333090022, 'Bleu_3': 0.7216287277876378, 'Bleu_4': 0.6294248115484987, 'METEOR': 0.42478372665037306, 'ROUGE_L': 0.8038040458068022, 'CIDEr': 1.3941842951693326}
l2r_scores: {'Bleu_1': 0.8905380333935241, 'Bleu_2': 0.8231276858034399, 'Bleu_3': 0.7378650264151417, 'Bleu_4': 0.6402995833966129, 'METEOR': 0.41226646768692815, 'ROUGE_L': 0.8018705779010606, 'CIDEr': 1.2777474661979005}
>> Saving checkpoint to 2.ckpt
>> New best model at epoch 2 | CIDEr: 1.2777474661979005


[EPOCH 3 TRAIN]
time: 69.86 seconds | lr: 0.000078
loss:2.184823 = (1-reg):0.50 * r2l_loss:2.159284 + (reg):0.50 * l2r_loss:2.210363
{'testlen': 549, 'reflen': 548, 'guess': [549, 449, 349, 249], 'correct': [493, 351, 215, 113]}
ratio: 1.00182481751642
{'testlen': 566, 'reflen': 564, 'guess': [566, 466, 366, 266], 'correct': [505, 357, 225, 123]}
ratio: 1.0035460992890008
[EPOCH 3 VAL]
time: 30.01 seconds
loss:2.536595 = (1-reg):0.50 * r2l_loss:2.506121 + (reg):0.50 * l2r_loss:2.567070
r2l_scores: {'Bleu_1': 0.8979963570111148, 'Bleu_2': 0.8378527031277804, 'Bleu_3': 0.7562222670782023, 'Bleu_4': 0.6655901249519807, 'METEOR': 0.43584269701562656, 'ROUGE_L': 0.8186397466396217, 'CIDEr': 1.5299461035906512}
l2r_scores: {'Bleu_1': 0.8922261484083176, 'Bleu_2': 0.8267584134487769, 'Bleu_3': 0.7490076033666192, 'Bleu_4': 0.6639273179121867, 'METEOR': 0.4374241323601394, 'ROUGE_L': 0.8201381861277787, 'CIDEr': 1.4699129720471777}
>> Saving checkpoint to 3.ckpt
>> New best model at epoch 3 | CIDEr: 1.4699129720471777


[EPOCH 4 TRAIN]
time: 71.68 seconds | lr: 0.000100
loss:1.954052 = (1-reg):0.50 * r2l_loss:1.930981 + (reg):0.50 * l2r_loss:1.977123
{'testlen': 558, 'reflen': 555, 'guess': [558, 458, 358, 258], 'correct': [509, 365, 232, 121]}
ratio: 1.005405405403594
{'testlen': 563, 'reflen': 561, 'guess': [563, 463, 363, 263], 'correct': [512, 379, 249, 136]}
ratio: 1.0035650623868029
[EPOCH 4 VAL]
time: 30.11 seconds
loss:2.424845 = (1-reg):0.50 * r2l_loss:2.416219 + (reg):0.50 * l2r_loss:2.433471
r2l_scores: {'Bleu_1': 0.9121863799266807, 'Bleu_2': 0.8526199395356018, 'Bleu_3': 0.7781057823352387, 'Bleu_4': 0.6855993514847322, 'METEOR': 0.4540574547152075, 'ROUGE_L': 0.8283988479200981, 'CIDEr': 1.5938969985705205}
l2r_scores: {'Bleu_1': 0.9094138543500722, 'Bleu_2': 0.8627995154630214, 'Bleu_3': 0.7992896126683403, 'Bleu_4': 0.7168427822176131, 'METEOR': 0.4636672718514667, 'ROUGE_L': 0.8386272331046385, 'CIDEr': 1.6631769795943674}
>> Saving checkpoint to 4.ckpt
>> New best model at epoch 4 | CIDEr: 1.6631769795943674


[EPOCH 5 TRAIN]
time: 72.25 seconds | lr: 0.000100
loss:1.793608 = (1-reg):0.50 * r2l_loss:1.771622 + (reg):0.50 * l2r_loss:1.815593
{'testlen': 549, 'reflen': 545, 'guess': [549, 449, 349, 249], 'correct': [500, 356, 224, 120]}
ratio: 1.007339449539436
{'testlen': 567, 'reflen': 565, 'guess': [567, 467, 367, 267], 'correct': [517, 376, 244, 129]}
ratio: 1.0035398230070733
[EPOCH 5 VAL]
time: 31.54 seconds
loss:2.387584 = (1-reg):0.50 * r2l_loss:2.360423 + (reg):0.50 * l2r_loss:2.414745
r2l_scores: {'Bleu_1': 0.9107468123844977, 'Bleu_2': 0.8497685590954047, 'Bleu_3': 0.7738818052535699, 'Bleu_4': 0.6874663603733094, 'METEOR': 0.4379526349426581, 'ROUGE_L': 0.8197726900324029, 'CIDEr': 1.5344222046108258}
l2r_scores: {'Bleu_1': 0.911816578481637, 'Bleu_2': 0.8568192680185729, 'Bleu_3': 0.7873492235632722, 'Bleu_4': 0.696859403593898, 'METEOR': 0.45699370218574453, 'ROUGE_L': 0.8434239987191172, 'CIDEr': 1.6146038281672874}


[EPOCH 6 TRAIN]
time: 68.63 seconds | lr: 0.000100
loss:1.689467 = (1-reg):0.50 * r2l_loss:1.667284 + (reg):0.50 * l2r_loss:1.711650
{'testlen': 560, 'reflen': 557, 'guess': [560, 460, 360, 260], 'correct': [507, 354, 218, 111]}
ratio: 1.0053859964075307
{'testlen': 583, 'reflen': 580, 'guess': [583, 483, 383, 283], 'correct': [525, 376, 243, 132]}
ratio: 1.0051724137913705
[EPOCH 6 VAL]
time: 30.03 seconds
loss:2.347342 = (1-reg):0.50 * r2l_loss:2.338845 + (reg):0.50 * l2r_loss:2.355839
r2l_scores: {'Bleu_1': 0.9053571428555262, 'Bleu_2': 0.8347043587144304, 'Bleu_3': 0.7500204733294733, 'Bleu_4': 0.6514667376707787, 'METEOR': 0.43800211651871024, 'ROUGE_L': 0.8214090830832543, 'CIDEr': 1.4534704660569948}
l2r_scores: {'Bleu_1': 0.9005145797583182, 'Bleu_2': 0.8372703875328402, 'Bleu_3': 0.7633311536222966, 'Bleu_4': 0.6748878576463293, 'METEOR': 0.44925775026490233, 'ROUGE_L': 0.8303509760733594, 'CIDEr': 1.536037330026918}


[EPOCH 7 TRAIN]
time: 70.21 seconds | lr: 0.000100
loss:1.610974 = (1-reg):0.50 * r2l_loss:1.590397 + (reg):0.50 * l2r_loss:1.631552
{'testlen': 543, 'reflen': 541, 'guess': [543, 443, 343, 244], 'correct': [503, 354, 216, 113]}
ratio: 1.0036968576691245
{'testlen': 564, 'reflen': 561, 'guess': [564, 464, 364, 264], 'correct': [515, 378, 249, 137]}
ratio: 1.0053475935810956
[EPOCH 7 VAL]
time: 30.04 seconds
loss:2.332578 = (1-reg):0.50 * r2l_loss:2.325672 + (reg):0.50 * l2r_loss:2.339483
r2l_scores: {'Bleu_1': 0.9263351749522536, 'Bleu_2': 0.8603672006402857, 'Bleu_3': 0.7753702032432648, 'Bleu_4': 0.6816383003587622, 'METEOR': 0.44401721783531883, 'ROUGE_L': 0.8238955387882424, 'CIDEr': 1.5531114533256167}
l2r_scores: {'Bleu_1': 0.9131205673742675, 'Bleu_2': 0.86248385100665, 'Bleu_3': 0.7983622055261226, 'Bleu_4': 0.716851398793953, 'METEOR': 0.45967088800981715, 'ROUGE_L': 0.8435877514834496, 'CIDEr': 1.6354586514168254}


[EPOCH 8 TRAIN]
time: 73.25 seconds | lr: 0.000100
loss:1.547414 = (1-reg):0.50 * r2l_loss:1.524868 + (reg):0.50 * l2r_loss:1.569960
{'testlen': 576, 'reflen': 578, 'guess': [576, 476, 376, 277], 'correct': [521, 376, 234, 127]}
ratio: 0.9965397923858191
{'testlen': 592, 'reflen': 589, 'guess': [592, 492, 392, 292], 'correct': [539, 391, 253, 139]}
ratio: 1.0050933786061034
[EPOCH 8 VAL]
time: 30.72 seconds
loss:2.316923 = (1-reg):0.50 * r2l_loss:2.294457 + (reg):0.50 * l2r_loss:2.339390
r2l_scores: {'Bleu_1': 0.901378661912777, 'Bleu_2': 0.8423451876951702, 'Bleu_3': 0.7606182612033006, 'Bleu_4': 0.669620987731705, 'METEOR': 0.4421070038812721, 'ROUGE_L': 0.8195063875659814, 'CIDEr': 1.5598961300819765}
l2r_scores: {'Bleu_1': 0.910472972971435, 'Bleu_2': 0.8506273777839415, 'Bleu_3': 0.7758380152290268, 'Bleu_4': 0.6866513512137223, 'METEOR': 0.45365413272517535, 'ROUGE_L': 0.831144944791002, 'CIDEr': 1.5858351871568863}


[EPOCH 9 TRAIN]
time: 72.74 seconds | lr: 0.000100
loss:1.496935 = (1-reg):0.50 * r2l_loss:1.473649 + (reg):0.50 * l2r_loss:1.520222
{'testlen': 574, 'reflen': 573, 'guess': [574, 474, 374, 274], 'correct': [520, 368, 228, 118]}
ratio: 1.001745200696332
{'testlen': 584, 'reflen': 580, 'guess': [584, 484, 384, 284], 'correct': [530, 388, 250, 140]}
ratio: 1.006896551722402
[EPOCH 9 VAL]
time: 29.94 seconds
loss:2.318739 = (1-reg):0.50 * r2l_loss:2.304157 + (reg):0.50 * l2r_loss:2.333320
r2l_scores: {'Bleu_1': 0.9059233449461569, 'Bleu_2': 0.8386494454045678, 'Bleu_3': 0.7540637398686627, 'Bleu_4': 0.6555244644458625, 'METEOR': 0.44705706583916, 'ROUGE_L': 0.8195050547365348, 'CIDEr': 1.4959912537543778}
l2r_scores: {'Bleu_1': 0.9075342465737885, 'Bleu_2': 0.8529521990495333, 'Bleu_3': 0.7795058705264137, 'Bleu_4': 0.6951314960143047, 'METEOR': 0.4522808356557382, 'ROUGE_L': 0.8265160529757131, 'CIDEr': 1.5222057689441602}


[EPOCH 10 TRAIN]
time: 70.76 seconds | lr: 0.000100
loss:1.451966 = (1-reg):0.50 * r2l_loss:1.427941 + (reg):0.50 * l2r_loss:1.475990
{'testlen': 590, 'reflen': 588, 'guess': [590, 490, 390, 290], 'correct': [542, 383, 235, 126]}
ratio: 1.0034013605425112
{'testlen': 565, 'reflen': 561, 'guess': [565, 465, 365, 265], 'correct': [519, 384, 250, 136]}
ratio: 1.0071301247753883
[EPOCH 10 VAL]
time: 31.47 seconds
loss:2.293314 = (1-reg):0.50 * r2l_loss:2.283557 + (reg):0.50 * l2r_loss:2.303072
r2l_scores: {'Bleu_1': 0.9186440677950531, 'Bleu_2': 0.847373707361833, 'Bleu_3': 0.7563411705607568, 'Bleu_4': 0.6584631007998706, 'METEOR': 0.4483751135439823, 'ROUGE_L': 0.8243210528845032, 'CIDEr': 1.5201100139820587}
l2r_scores: {'Bleu_1': 0.9185840707948344, 'Bleu_2': 0.8709607637601058, 'Bleu_3': 0.8039235948749173, 'Bleu_4': 0.7185952465216066, 'METEOR': 0.4614485675717, 'ROUGE_L': 0.8309734653777086, 'CIDEr': 1.581523573792914}


[EPOCH 11 TRAIN]
time: 70.11 seconds | lr: 0.000100
loss:1.413466 = (1-reg):0.50 * r2l_loss:1.389690 + (reg):0.50 * l2r_loss:1.437241
{'testlen': 567, 'reflen': 562, 'guess': [567, 467, 367, 267], 'correct': [506, 359, 227, 124]}
ratio: 1.0088967971512297
{'testlen': 590, 'reflen': 589, 'guess': [590, 490, 390, 290], 'correct': [537, 385, 246, 131]}
ratio: 1.0016977928675692
[EPOCH 11 VAL]
time: 29.84 seconds
loss:2.305062 = (1-reg):0.50 * r2l_loss:2.293244 + (reg):0.50 * l2r_loss:2.316881
r2l_scores: {'Bleu_1': 0.8924162257479852, 'Bleu_2': 0.8282711090399825, 'Bleu_3': 0.7514526257225297, 'Bleu_4': 0.6662754490721646, 'METEOR': 0.4408780332616179, 'ROUGE_L': 0.8085905429208505, 'CIDEr': 1.491840488267461}
l2r_scores: {'Bleu_1': 0.910169491523881, 'Bleu_2': 0.8456554687992985, 'Bleu_3': 0.7669242574890568, 'Bleu_4': 0.6718660252336794, 'METEOR': 0.444962149140813, 'ROUGE_L': 0.8224435259456899, 'CIDEr': 1.4873507010282034}


[EPOCH 12 TRAIN]
time: 68.93 seconds | lr: 0.000100
loss:1.378181 = (1-reg):0.50 * r2l_loss:1.353988 + (reg):0.50 * l2r_loss:1.402374
{'testlen': 569, 'reflen': 567, 'guess': [569, 469, 369, 271], 'correct': [518, 362, 230, 128]}
ratio: 1.0035273368589004
{'testlen': 563, 'reflen': 560, 'guess': [563, 463, 363, 263], 'correct': [514, 373, 240, 131]}
ratio: 1.0053571428553476
[EPOCH 12 VAL]
time: 30.13 seconds
loss:2.302298 = (1-reg):0.50 * r2l_loss:2.292528 + (reg):0.50 * l2r_loss:2.312068
r2l_scores: {'Bleu_1': 0.9103690685397006, 'Bleu_2': 0.8382558840244663, 'Bleu_3': 0.7594250125019011, 'Bleu_4': 0.6744097533449767, 'METEOR': 0.4406722634456038, 'ROUGE_L': 0.804352915587019, 'CIDEr': 1.4840621487433612}
l2r_scores: {'Bleu_1': 0.912966252218627, 'Bleu_2': 0.85761285560625, 'Bleu_3': 0.786373845397716, 'Bleu_4': 0.701537163073398, 'METEOR': 0.45388353031331263, 'ROUGE_L': 0.8255453585198249, 'CIDEr': 1.5062178849481955}


[EPOCH 13 TRAIN]
time: 70.18 seconds | lr: 0.000100
loss:1.345367 = (1-reg):0.50 * r2l_loss:1.320535 + (reg):0.50 * l2r_loss:1.370199
{'testlen': 565, 'reflen': 560, 'guess': [565, 465, 365, 265], 'correct': [516, 356, 216, 115]}
ratio: 1.0089285714267697
{'testlen': 558, 'reflen': 554, 'guess': [558, 458, 358, 258], 'correct': [503, 364, 231, 121]}
ratio: 1.0072202166046802
[EPOCH 13 VAL]
time: 30.50 seconds
loss:2.311147 = (1-reg):0.50 * r2l_loss:2.329186 + (reg):0.50 * l2r_loss:2.293107
r2l_scores: {'Bleu_1': 0.9132743362815694, 'Bleu_2': 0.8361787941178268, 'Bleu_3': 0.7451660530528313, 'Bleu_4': 0.6509577292020953, 'METEOR': 0.4421427066103864, 'ROUGE_L': 0.8167286431442189, 'CIDEr': 1.5200517361034662}
l2r_scores: {'Bleu_1': 0.9014336917546569, 'Bleu_2': 0.8464179129730774, 'Bleu_3': 0.7732137141894008, 'Bleu_4': 0.6823639544080656, 'METEOR': 0.4439363133873881, 'ROUGE_L': 0.8156695576029331, 'CIDEr': 1.459686843997051}


[EPOCH 14 TRAIN]
time: 72.14 seconds | lr: 0.000100
loss:1.316373 = (1-reg):0.50 * r2l_loss:1.290808 + (reg):0.50 * l2r_loss:1.341938
{'testlen': 563, 'reflen': 560, 'guess': [563, 463, 363, 265], 'correct': [512, 359, 224, 120]}
ratio: 1.0053571428553476
{'testlen': 554, 'reflen': 550, 'guess': [554, 454, 354, 254], 'correct': [506, 364, 230, 124]}
ratio: 1.007272727270896
[EPOCH 14 VAL]
time: 30.75 seconds
loss:2.317466 = (1-reg):0.50 * r2l_loss:2.298839 + (reg):0.50 * l2r_loss:2.336092
r2l_scores: {'Bleu_1': 0.9094138543500722, 'Bleu_2': 0.8397258291003393, 'Bleu_3': 0.7577724393349645, 'Bleu_4': 0.6662511125860854, 'METEOR': 0.43710788272146595, 'ROUGE_L': 0.7930296057222394, 'CIDEr': 1.5411297532136847}
l2r_scores: {'Bleu_1': 0.913357400720373, 'Bleu_2': 0.8557425786580785, 'Bleu_3': 0.7806750246317665, 'Bleu_4': 0.6942241323245447, 'METEOR': 0.4450353632844946, 'ROUGE_L': 0.8171829019105585, 'CIDEr': 1.4902749011988063}


[EPOCH 15 TRAIN]
time: 72.50 seconds | lr: 0.000050
loss:1.252402 = (1-reg):0.50 * r2l_loss:1.225492 + (reg):0.50 * l2r_loss:1.279313
{'testlen': 567, 'reflen': 564, 'guess': [567, 467, 367, 267], 'correct': [516, 370, 234, 125]}
ratio: 1.0053191489343878
{'testlen': 562, 'reflen': 558, 'guess': [562, 462, 362, 262], 'correct': [517, 381, 252, 136]}
ratio: 1.007168458779557
[EPOCH 15 VAL]
time: 30.95 seconds
loss:2.310960 = (1-reg):0.50 * r2l_loss:2.313144 + (reg):0.50 * l2r_loss:2.308775
r2l_scores: {'Bleu_1': 0.9100529100513051, 'Bleu_2': 0.849133046627101, 'Bleu_3': 0.7717922734602579, 'Bleu_4': 0.68112215634882, 'METEOR': 0.44413864359199884, 'ROUGE_L': 0.8126310000082521, 'CIDEr': 1.5355050183466046}
l2r_scores: {'Bleu_1': 0.919928825621139, 'Bleu_2': 0.8710009201749794, 'Bleu_3': 0.8083071106640677, 'Bleu_4': 0.723588579539142, 'METEOR': 0.45498585881552883, 'ROUGE_L': 0.8174736942072144, 'CIDEr': 1.553644662238806}


[EPOCH 16 TRAIN]
time: 74.38 seconds | lr: 0.000050
loss:1.229360 = (1-reg):0.50 * r2l_loss:1.202249 + (reg):0.50 * l2r_loss:1.256471
{'testlen': 561, 'reflen': 557, 'guess': [561, 461, 361, 261], 'correct': [514, 361, 219, 112]}
ratio: 1.0071813285439728
{'testlen': 564, 'reflen': 562, 'guess': [564, 464, 364, 264], 'correct': [517, 379, 247, 136]}
ratio: 1.0035587188594244
[EPOCH 16 VAL]
time: 31.87 seconds
loss:2.328569 = (1-reg):0.50 * r2l_loss:2.334852 + (reg):0.50 * l2r_loss:2.322286
r2l_scores: {'Bleu_1': 0.9162210338664595, 'Bleu_2': 0.8470387273875407, 'Bleu_3': 0.7578463252091671, 'Bleu_4': 0.6574008187465602, 'METEOR': 0.43562764466062526, 'ROUGE_L': 0.8058926907210597, 'CIDEr': 1.4861652396939877}
l2r_scores: {'Bleu_1': 0.9166666666650414, 'Bleu_2': 0.8652992638902525, 'Bleu_3': 0.797950735513924, 'Bleu_4': 0.7152630741107114, 'METEOR': 0.4602878633905067, 'ROUGE_L': 0.8268934634614857, 'CIDEr': 1.5928041894847922}


[EPOCH 17 TRAIN]
time: 73.14 seconds | lr: 0.000050
loss:1.211864 = (1-reg):0.50 * r2l_loss:1.184491 + (reg):0.50 * l2r_loss:1.239236
{'testlen': 564, 'reflen': 561, 'guess': [564, 464, 364, 264], 'correct': [523, 377, 239, 129]}
ratio: 1.0053475935810956
{'testlen': 572, 'reflen': 569, 'guess': [572, 472, 372, 272], 'correct': [510, 362, 234, 130]}
ratio: 1.005272407731098
[EPOCH 17 VAL]
time: 32.05 seconds
loss:2.350690 = (1-reg):0.50 * r2l_loss:2.349395 + (reg):0.50 * l2r_loss:2.351986
r2l_scores: {'Bleu_1': 0.927304964537363, 'Bleu_2': 0.868006499794203, 'Bleu_3': 0.7908864906066921, 'Bleu_4': 0.7011841069612127, 'METEOR': 0.44830139591940865, 'ROUGE_L': 0.8170486556872743, 'CIDEr': 1.6157892461858494}
l2r_scores: {'Bleu_1': 0.8916083916068329, 'Bleu_2': 0.8269330688399635, 'Bleu_3': 0.7548683422127797, 'Bleu_4': 0.6733595458403745, 'METEOR': 0.43101245328142146, 'ROUGE_L': 0.8089048970632213, 'CIDEr': 1.5194316365821914}


[EPOCH 18 TRAIN]
time: 70.55 seconds | lr: 0.000050
loss:1.196013 = (1-reg):0.50 * r2l_loss:1.169083 + (reg):0.50 * l2r_loss:1.222942
{'testlen': 553, 'reflen': 550, 'guess': [553, 453, 353, 253], 'correct': [502, 356, 221, 117]}
ratio: 1.0054545454527173
{'testlen': 576, 'reflen': 573, 'guess': [576, 476, 376, 276], 'correct': [521, 379, 248, 134]}
ratio: 1.0052356020924864
[EPOCH 18 VAL]
time: 31.69 seconds
loss:2.319114 = (1-reg):0.50 * r2l_loss:2.316918 + (reg):0.50 * l2r_loss:2.321310
r2l_scores: {'Bleu_1': 0.9077757685336206, 'Bleu_2': 0.8446274484675231, 'Bleu_3': 0.7643917363619092, 'Bleu_4': 0.6741450075653516, 'METEOR': 0.4362563786061525, 'ROUGE_L': 0.8093437700720025, 'CIDEr': 1.473121399293643}
l2r_scores: {'Bleu_1': 0.9045138888873185, 'Bleu_2': 0.8486404895101806, 'Bleu_3': 0.7802559892664138, 'Bleu_4': 0.6929896723111493, 'METEOR': 0.4453885035590063, 'ROUGE_L': 0.8085850544809726, 'CIDEr': 1.4463207769746433}


[EPOCH 19 TRAIN]
time: 71.84 seconds | lr: 0.000025
loss:1.162104 = (1-reg):0.50 * r2l_loss:1.134267 + (reg):0.50 * l2r_loss:1.189941
{'testlen': 552, 'reflen': 549, 'guess': [552, 452, 352, 253], 'correct': [508, 363, 223, 115]}
ratio: 1.0054644808724855
{'testlen': 553, 'reflen': 549, 'guess': [553, 453, 353, 253], 'correct': [506, 366, 232, 121]}
ratio: 1.0072859744972544
[EPOCH 19 VAL]
time: 29.58 seconds
loss:2.336026 = (1-reg):0.50 * r2l_loss:2.327908 + (reg):0.50 * l2r_loss:2.344144
r2l_scores: {'Bleu_1': 0.9202898550707966, 'Bleu_2': 0.8596989818292905, 'Bleu_3': 0.7765182636939157, 'Bleu_4': 0.6792162784389976, 'METEOR': 0.43073754986529067, 'ROUGE_L': 0.8076344877661121, 'CIDEr': 1.5703002816682297}
l2r_scores: {'Bleu_1': 0.9150090415896655, 'Bleu_2': 0.859813251992897, 'Bleu_3': 0.7861531932448478, 'Bleu_4': 0.6942990953565954, 'METEOR': 0.43537686815354854, 'ROUGE_L': 0.8103700466338762, 'CIDEr': 1.447259040072615}


[EPOCH 20 TRAIN]
time: 70.45 seconds | lr: 0.000025
loss:1.149136 = (1-reg):0.50 * r2l_loss:1.120741 + (reg):0.50 * l2r_loss:1.177531
{'testlen': 552, 'reflen': 549, 'guess': [552, 452, 352, 252], 'correct': [501, 353, 222, 119]}
ratio: 1.0054644808724855
{'testlen': 566, 'reflen': 563, 'guess': [566, 466, 366, 266], 'correct': [515, 370, 233, 119]}
ratio: 1.0053285968010564
[EPOCH 20 VAL]
time: 30.27 seconds
loss:2.334100 = (1-reg):0.50 * r2l_loss:2.337172 + (reg):0.50 * l2r_loss:2.331029
r2l_scores: {'Bleu_1': 0.9076086956505297, 'Bleu_2': 0.8419134726890979, 'Bleu_3': 0.764624852792976, 'Bleu_4': 0.6778333185877743, 'METEOR': 0.4365082087535074, 'ROUGE_L': 0.8014591329633973, 'CIDEr': 1.5176589628953696}
l2r_scores: {'Bleu_1': 0.9098939929312546, 'Bleu_2': 0.8499694230600295, 'Bleu_3': 0.7718990035317385, 'Bleu_4': 0.6734985908683734, 'METEOR': 0.4325795488392201, 'ROUGE_L': 0.8047649798146722, 'CIDEr': 1.491430354586424}



[BEST: 4 | SEED: 904666 | VAL-CIDEr: 1.6631769795943674]
{'testlen': 3802, 'reflen': 3803, 'guess': [3802, 3132, 2462, 1794], 'correct': [3356, 2269, 1375, 682]}
ratio: 0.9997370496973442
{'testlen': 3730, 'reflen': 3727, 'guess': [3730, 3060, 2390, 1720], 'correct': [3363, 2352, 1490, 793]}
ratio: 1.0008049369463374
time: 105.93 seconds
r2l_scores: {'Bleu_1': 0.8824611843112872, 'Bleu_2': 0.7994605962928274, 'Bleu_3': 0.7093025415433301, 'Bleu_4': 0.606855879593559, 'METEOR': 0.42482563022927394, 'ROUGE_L': 0.7987391480755143, 'CIDEr': 1.2546051267888962}
l2r_scores: {'Bleu_1': 0.9016085790882301, 'Bleu_2': 0.8324668785762068, 'Bleu_3': 0.7559749958635079, 'Bleu_4': 0.6680619833884861, 'METEOR': 0.4466995950437255, 'ROUGE_L': 0.8206468506497391, 'CIDEr': 1.3354074243531762}
----------------------------------------
>> [Train time] Total: 1429.34 seconds => Per epoch: 71.47 seconds
>> [Val time] Total: 611.58 seconds => Per epoch: 30.58 seconds
