Found 1 CUDA device(s)

Device 0: NVIDIA A100-SXM4-40GB
  Total memory bytes: 42296475648
  MultiProcessor count: 108
  Major.Minor: 8.0
  Max threads per block: 2048
  Memory reserved bytes: 0
  Memory allocated bytes: 0
  Free inside reserved bytes: 0
  Active allocations: 0
========================================
MODEL ID: MSRVTT = FEAT newBlip2ClsKF+newMViTv2+newImgCapBlip2KF fsl-13 mcl-20 = Transformer d-512 N_enc-0 N_dec-2 h-4 h_big-4 dp-0.1 = OPTIM lr-0.0001 warmup-3 gamma-0.5 pat-3 wd-5e-06 rg-0.5 = bs-64-gc-5.0-ls-0.15 = 1764691847
Enter the load_video_feats method.
Enter the load_video_feats method.
Enter the load_video_feats method.
#vocabs: 10444 (23046), #words: 1178850 (1194458). Trim words which appear less than 3 times.
{'Total': 43647896, 'Trainable': 43647896}


[EPOCH 1 TRAIN]
time: 155.02 seconds | lr: 0.000033
loss:3.883896 = (1-reg):0.50 * r2l_loss:3.890793 + (reg):0.50 * l2r_loss:3.876999
{'testlen': 2580, 'reflen': 2998, 'guess': [2580, 2083, 1586, 1116], 'correct': [2270, 1358, 652, 262]}
ratio: 0.8605737158102533
{'testlen': 2861, 'reflen': 3161, 'guess': [2861, 2364, 1867, 1370], 'correct': [2500, 1523, 785, 341]}
ratio: 0.9050933248968981
[EPOCH 1 VAL]
time: 66.45 seconds
loss:3.419225 = (1-reg):0.50 * r2l_loss:3.403484 + (reg):0.50 * l2r_loss:3.434966
r2l_scores: {'Bleu_1': 0.7482448078606599, 'Bleu_2': 0.6440890061191836, 'Bleu_3': 0.5254014278133651, 'Bleu_4': 0.41251248834716536, 'METEOR': 0.2698460709031446, 'ROUGE_L': 0.5997784344341508, 'CIDEr': 0.46205273613304737}
l2r_scores: {'Bleu_1': 0.7868332580844359, 'Bleu_2': 0.6756127683059465, 'Bleu_3': 0.557006843764526, 'Bleu_4': 0.44362804244811227, 'METEOR': 0.2891911839180547, 'ROUGE_L': 0.6235401795600548, 'CIDEr': 0.46294418523963443}
>> Saving checkpoint to 1.ckpt
>> New best model at epoch 1 | CIDEr: 0.46294418523963443


[EPOCH 2 TRAIN]
time: 153.05 seconds | lr: 0.000056
loss:3.213717 = (1-reg):0.50 * r2l_loss:3.209629 + (reg):0.50 * l2r_loss:3.217805
{'testlen': 2785, 'reflen': 3088, 'guess': [2785, 2288, 1791, 1294], 'correct': [2485, 1524, 779, 314]}
ratio: 0.9018782383416769
{'testlen': 3173, 'reflen': 3338, 'guess': [3173, 2676, 2179, 1682], 'correct': [2760, 1694, 864, 378]}
ratio: 0.9505692031153533
[EPOCH 2 VAL]
time: 65.92 seconds
loss:3.089753 = (1-reg):0.50 * r2l_loss:3.092890 + (reg):0.50 * l2r_loss:3.086616
r2l_scores: {'Bleu_1': 0.8002970231369745, 'Bleu_2': 0.6914568416275355, 'Bleu_3': 0.5713567273975813, 'Bleu_4': 0.448866148321582, 'METEOR': 0.29479899822689326, 'ROUGE_L': 0.6362779910357458, 'CIDEr': 0.5678752977923339}
l2r_scores: {'Bleu_1': 0.8257624864269448, 'Bleu_2': 0.7044485716526477, 'Bleu_3': 0.5716414942965401, 'Bleu_4': 0.44680013567496096, 'METEOR': 0.30525584450213805, 'ROUGE_L': 0.6362042436541394, 'CIDEr': 0.548483718752986}
>> Saving checkpoint to 2.ckpt
>> New best model at epoch 2 | CIDEr: 0.548483718752986


[EPOCH 3 TRAIN]
time: 154.22 seconds | lr: 0.000078
loss:2.935236 = (1-reg):0.50 * r2l_loss:2.930536 + (reg):0.50 * l2r_loss:2.939937
{'testlen': 3035, 'reflen': 3264, 'guess': [3035, 2538, 2041, 1544], 'correct': [2610, 1572, 815, 351]}
ratio: 0.9298406862742249
{'testlen': 3161, 'reflen': 3338, 'guess': [3161, 2664, 2167, 1670], 'correct': [2749, 1706, 923, 420]}
ratio: 0.946974236069219
[EPOCH 3 VAL]
time: 68.49 seconds
loss:2.934613 = (1-reg):0.50 * r2l_loss:2.931207 + (reg):0.50 * l2r_loss:2.938019
r2l_scores: {'Bleu_1': 0.7974674573762951, 'Bleu_2': 0.6767878066661319, 'Bleu_3': 0.5535416080000064, 'Bleu_4': 0.4348459682556689, 'METEOR': 0.3006974376730748, 'ROUGE_L': 0.6307630184148234, 'CIDEr': 0.591748595725788}
l2r_scores: {'Bleu_1': 0.8223031450104642, 'Bleu_2': 0.7056335677065734, 'Bleu_3': 0.5853212893925299, 'Bleu_4': 0.46730386400652363, 'METEOR': 0.3113341439881678, 'ROUGE_L': 0.6401045957891569, 'CIDEr': 0.5875695170926248}
>> Saving checkpoint to 3.ckpt
>> New best model at epoch 3 | CIDEr: 0.5875695170926248


[EPOCH 4 TRAIN]
time: 152.08 seconds | lr: 0.000100
loss:2.749558 = (1-reg):0.50 * r2l_loss:2.743727 + (reg):0.50 * l2r_loss:2.755390
{'testlen': 3013, 'reflen': 3239, 'guess': [3013, 2516, 2019, 1522], 'correct': [2661, 1661, 867, 381]}
ratio: 0.9302253782028619
{'testlen': 3215, 'reflen': 3380, 'guess': [3215, 2718, 2221, 1724], 'correct': [2844, 1767, 913, 411]}
ratio: 0.9511834319523813
[EPOCH 4 VAL]
time: 68.12 seconds
loss:2.864798 = (1-reg):0.50 * r2l_loss:2.873191 + (reg):0.50 * l2r_loss:2.856405
r2l_scores: {'Bleu_1': 0.8193511228860229, 'Bleu_2': 0.7083969450421489, 'Bleu_3': 0.5847274506280125, 'Bleu_4': 0.46419319602269854, 'METEOR': 0.3053270400117584, 'ROUGE_L': 0.6447136826024346, 'CIDEr': 0.6268197260197335}
l2r_scores: {'Bleu_1': 0.8403491874239679, 'Bleu_2': 0.7204088272228744, 'Bleu_3': 0.587395317232643, 'Bleu_4': 0.46286228233488225, 'METEOR': 0.3135130115322418, 'ROUGE_L': 0.6506980968675925, 'CIDEr': 0.6103253444679473}
>> Saving checkpoint to 4.ckpt
>> New best model at epoch 4 | CIDEr: 0.6103253444679473


[EPOCH 5 TRAIN]
time: 159.11 seconds | lr: 0.000100
loss:2.604254 = (1-reg):0.50 * r2l_loss:2.596990 + (reg):0.50 * l2r_loss:2.611519
{'testlen': 3042, 'reflen': 3245, 'guess': [3042, 2545, 2048, 1551], 'correct': [2636, 1599, 824, 348]}
ratio: 0.9374422187978622
{'testlen': 3201, 'reflen': 3359, 'guess': [3201, 2704, 2207, 1710], 'correct': [2824, 1811, 974, 440]}
ratio: 0.9529621911280283
[EPOCH 5 VAL]
time: 68.62 seconds
loss:2.807501 = (1-reg):0.50 * r2l_loss:2.808734 + (reg):0.50 * l2r_loss:2.806267
r2l_scores: {'Bleu_1': 0.8105964128631389, 'Bleu_2': 0.6902269588809344, 'Bleu_3': 0.5638970970969991, 'Bleu_4': 0.44044975832048505, 'METEOR': 0.2962720486419858, 'ROUGE_L': 0.6321834183117738, 'CIDEr': 0.6071969306442493}
l2r_scores: {'Bleu_1': 0.8397353330542582, 'Bleu_2': 0.7316591354332189, 'Bleu_3': 0.6081058908792025, 'Bleu_4': 0.48443933764360425, 'METEOR': 0.31897592115712725, 'ROUGE_L': 0.6562693770986748, 'CIDEr': 0.6298844683108026}
>> Saving checkpoint to 5.ckpt
>> New best model at epoch 5 | CIDEr: 0.6298844683108026


[EPOCH 6 TRAIN]
time: 149.35 seconds | lr: 0.000100
loss:2.497992 = (1-reg):0.50 * r2l_loss:2.488909 + (reg):0.50 * l2r_loss:2.507076
{'testlen': 3134, 'reflen': 3347, 'guess': [3134, 2637, 2140, 1645], 'correct': [2636, 1569, 819, 363]}
ratio: 0.9363609202267893
{'testlen': 3244, 'reflen': 3379, 'guess': [3244, 2747, 2250, 1753], 'correct': [2853, 1788, 952, 445]}
ratio: 0.960047351287079
[EPOCH 6 VAL]
time: 70.78 seconds
loss:2.779853 = (1-reg):0.50 * r2l_loss:2.790443 + (reg):0.50 * l2r_loss:2.769264
r2l_scores: {'Bleu_1': 0.7858323611996709, 'Bleu_2': 0.6609416334678532, 'Bleu_3': 0.5385507242979894, 'Bleu_4': 0.42361957027582076, 'METEOR': 0.29184812033435475, 'ROUGE_L': 0.6212085410612264, 'CIDEr': 0.5899729663248411}
l2r_scores: {'Bleu_1': 0.8436214923245722, 'Bleu_2': 0.7257576125182005, 'Bleu_3': 0.5979361073137656, 'Bleu_4': 0.47765825296208675, 'METEOR': 0.3144192755882434, 'ROUGE_L': 0.6443720443248327, 'CIDEr': 0.6328785728970096}
>> Saving checkpoint to 6.ckpt
>> New best model at epoch 6 | CIDEr: 0.6328785728970096


[EPOCH 7 TRAIN]
time: 147.89 seconds | lr: 0.000100
loss:2.413322 = (1-reg):0.50 * r2l_loss:2.403239 + (reg):0.50 * l2r_loss:2.423405
{'testlen': 3115, 'reflen': 3315, 'guess': [3115, 2618, 2121, 1624], 'correct': [2700, 1633, 866, 387]}
ratio: 0.9396681749620092
{'testlen': 3362, 'reflen': 3479, 'guess': [3362, 2865, 2368, 1871], 'correct': [2953, 1845, 995, 464]}
ratio: 0.9663696464498516
[EPOCH 7 VAL]
time: 69.49 seconds
loss:2.771891 = (1-reg):0.50 * r2l_loss:2.779527 + (reg):0.50 * l2r_loss:2.764256
r2l_scores: {'Bleu_1': 0.81287101375138, 'Bleu_2': 0.6895679245563157, 'Bleu_3': 0.5667816099758787, 'Bleu_4': 0.4491299626242916, 'METEOR': 0.30034712182081397, 'ROUGE_L': 0.6292735611205333, 'CIDEr': 0.605135314601734}
l2r_scores: {'Bleu_1': 0.8483049083479149, 'Bleu_2': 0.7263651230203995, 'Bleu_3': 0.5982451644151369, 'Bleu_4': 0.4758740320569501, 'METEOR': 0.31916672611231856, 'ROUGE_L': 0.6465966399922879, 'CIDEr': 0.6285030918056764}


[EPOCH 8 TRAIN]
time: 157.61 seconds | lr: 0.000100
loss:2.343633 = (1-reg):0.50 * r2l_loss:2.331846 + (reg):0.50 * l2r_loss:2.355420
{'testlen': 3210, 'reflen': 3392, 'guess': [3210, 2713, 2216, 1719], 'correct': [2749, 1676, 879, 381]}
ratio: 0.9463443396223625
{'testlen': 3394, 'reflen': 3499, 'guess': [3394, 2897, 2400, 1903], 'correct': [2954, 1878, 989, 443]}
ratio: 0.9699914261214718
[EPOCH 8 VAL]
time: 71.41 seconds
loss:2.764853 = (1-reg):0.50 * r2l_loss:2.778594 + (reg):0.50 * l2r_loss:2.751111
r2l_scores: {'Bleu_1': 0.809181895497118, 'Bleu_2': 0.6872637127217149, 'Bleu_3': 0.5614970327998727, 'Bleu_4': 0.4388003713400167, 'METEOR': 0.2984601663651205, 'ROUGE_L': 0.6269092884288032, 'CIDEr': 0.6051889312819276}
l2r_scores: {'Bleu_1': 0.8438454390382644, 'Bleu_2': 0.7282611242751983, 'Bleu_3': 0.5961760422105518, 'Bleu_4': 0.4676416538684807, 'METEOR': 0.31609262611946387, 'ROUGE_L': 0.6480623259684907, 'CIDEr': 0.6155015526373552}


[EPOCH 9 TRAIN]
time: 153.07 seconds | lr: 0.000100
loss:2.283172 = (1-reg):0.50 * r2l_loss:2.271190 + (reg):0.50 * l2r_loss:2.295155
{'testlen': 3190, 'reflen': 3382, 'guess': [3190, 2693, 2196, 1700], 'correct': [2722, 1615, 818, 366]}
ratio: 0.9432288586632338
{'testlen': 3223, 'reflen': 3375, 'guess': [3223, 2726, 2229, 1732], 'correct': [2851, 1803, 968, 441]}
ratio: 0.95496296296268
[EPOCH 9 VAL]
time: 71.80 seconds
loss:2.763482 = (1-reg):0.50 * r2l_loss:2.773172 + (reg):0.50 * l2r_loss:2.753792
r2l_scores: {'Bleu_1': 0.8034485723927222, 'Bleu_2': 0.6735618035293095, 'Bleu_3': 0.5418912917651939, 'Bleu_4': 0.42379646648683933, 'METEOR': 0.2948541135329277, 'ROUGE_L': 0.6210861059928546, 'CIDEr': 0.6069319871229825}
l2r_scores: {'Bleu_1': 0.843830340464929, 'Bleu_2': 0.7296618137081768, 'Bleu_3': 0.6041928527052745, 'Bleu_4': 0.48109840743877313, 'METEOR': 0.3176196107567844, 'ROUGE_L': 0.6489168891816436, 'CIDEr': 0.636399070250292}
>> Saving checkpoint to 9.ckpt
>> New best model at epoch 9 | CIDEr: 0.636399070250292


[EPOCH 10 TRAIN]
time: 149.51 seconds | lr: 0.000100
loss:2.229901 = (1-reg):0.50 * r2l_loss:2.216584 + (reg):0.50 * l2r_loss:2.243217
{'testlen': 3272, 'reflen': 3438, 'guess': [3272, 2775, 2278, 1782], 'correct': [2730, 1636, 863, 376]}
ratio: 0.9517161140195021
{'testlen': 3280, 'reflen': 3396, 'guess': [3280, 2783, 2286, 1789], 'correct': [2902, 1837, 1019, 478]}
ratio: 0.9658421672553105
[EPOCH 10 VAL]
time: 69.27 seconds
loss:2.768556 = (1-reg):0.50 * r2l_loss:2.780927 + (reg):0.50 * l2r_loss:2.756184
r2l_scores: {'Bleu_1': 0.7930783137828649, 'Bleu_2': 0.6666556350874527, 'Bleu_3': 0.5429280783789476, 'Bleu_4': 0.42327093133225374, 'METEOR': 0.295516596488508, 'ROUGE_L': 0.622241633652613, 'CIDEr': 0.6117151071137902}
l2r_scores: {'Bleu_1': 0.8540127790103211, 'Bleu_2': 0.7376503657542366, 'Bleu_3': 0.6163299830437843, 'Bleu_4': 0.4957064410178572, 'METEOR': 0.3227404323430828, 'ROUGE_L': 0.6584348429334694, 'CIDEr': 0.6289340073377091}


[EPOCH 11 TRAIN]
time: 154.67 seconds | lr: 0.000100
loss:2.182260 = (1-reg):0.50 * r2l_loss:2.168817 + (reg):0.50 * l2r_loss:2.195703
{'testlen': 3211, 'reflen': 3393, 'guess': [3211, 2714, 2217, 1720], 'correct': [2751, 1650, 831, 341]}
ratio: 0.9463601532564261
{'testlen': 3337, 'reflen': 3466, 'guess': [3337, 2840, 2343, 1846], 'correct': [2911, 1843, 1013, 481]}
ratio: 0.962781304096664
[EPOCH 11 VAL]
time: 70.43 seconds
loss:2.760182 = (1-reg):0.50 * r2l_loss:2.772456 + (reg):0.50 * l2r_loss:2.747909
r2l_scores: {'Bleu_1': 0.8095327131676074, 'Bleu_2': 0.6819402293172927, 'Bleu_3': 0.5481558128558401, 'Bleu_4': 0.4191124196339755, 'METEOR': 0.2930204737905259, 'ROUGE_L': 0.6241737310074319, 'CIDEr': 0.6014369148012885}
l2r_scores: {'Bleu_1': 0.8392614401801477, 'Bleu_2': 0.7238653163650111, 'Bleu_3': 0.6018034245084447, 'Bleu_4': 0.4834729201098623, 'METEOR': 0.32075886766625045, 'ROUGE_L': 0.6483236787162338, 'CIDEr': 0.6324985607591279}


[EPOCH 12 TRAIN]
time: 156.13 seconds | lr: 0.000100
loss:2.139217 = (1-reg):0.50 * r2l_loss:2.125996 + (reg):0.50 * l2r_loss:2.152438
{'testlen': 3222, 'reflen': 3387, 'guess': [3222, 2725, 2228, 1731], 'correct': [2740, 1635, 853, 383]}
ratio: 0.9512843224089308
{'testlen': 3454, 'reflen': 3562, 'guess': [3454, 2957, 2460, 1963], 'correct': [2993, 1863, 1007, 468]}
ratio: 0.9696799550811427
[EPOCH 12 VAL]
time: 70.43 seconds
loss:2.761680 = (1-reg):0.50 * r2l_loss:2.773361 + (reg):0.50 * l2r_loss:2.749998
r2l_scores: {'Bleu_1': 0.8079502511941625, 'Bleu_2': 0.6786529357591901, 'Bleu_3': 0.5512682338266784, 'Bleu_4': 0.43319910484996127, 'METEOR': 0.2944120714774567, 'ROUGE_L': 0.6194162723321851, 'CIDEr': 0.5977103477108398}
l2r_scores: {'Bleu_1': 0.8398559870619318, 'Bleu_2': 0.7161325202385647, 'Bleu_3': 0.5881668337850569, 'Bleu_4': 0.46565245462622606, 'METEOR': 0.32032706000544, 'ROUGE_L': 0.6479011963725847, 'CIDEr': 0.6124098442960613}


[EPOCH 13 TRAIN]
time: 152.51 seconds | lr: 0.000100
loss:2.098055 = (1-reg):0.50 * r2l_loss:2.083821 + (reg):0.50 * l2r_loss:2.112290
{'testlen': 3146, 'reflen': 3321, 'guess': [3146, 2649, 2152, 1655], 'correct': [2713, 1618, 819, 345]}
ratio: 0.9473050286055563
{'testlen': 3219, 'reflen': 3355, 'guess': [3219, 2722, 2225, 1728], 'correct': [2853, 1838, 1002, 463]}
ratio: 0.9594634873320538
[EPOCH 13 VAL]
time: 70.44 seconds
loss:2.771451 = (1-reg):0.50 * r2l_loss:2.786556 + (reg):0.50 * l2r_loss:2.756346
r2l_scores: {'Bleu_1': 0.8157046297027118, 'Bleu_2': 0.6864922978407746, 'Bleu_3': 0.5535857999772806, 'Bleu_4': 0.4276657229522209, 'METEOR': 0.2934500971772941, 'ROUGE_L': 0.6156018972736884, 'CIDEr': 0.5796966757613147}
l2r_scores: {'Bleu_1': 0.8496346666906031, 'Bleu_2': 0.7416013636863895, 'Bleu_3': 0.6192177423339789, 'Bleu_4': 0.49694086798975523, 'METEOR': 0.31756979695257, 'ROUGE_L': 0.6566735523434384, 'CIDEr': 0.6293300979250224}


[EPOCH 14 TRAIN]
time: 151.60 seconds | lr: 0.000100
loss:2.062300 = (1-reg):0.50 * r2l_loss:2.047521 + (reg):0.50 * l2r_loss:2.077079
{'testlen': 3268, 'reflen': 3415, 'guess': [3268, 2771, 2274, 1777], 'correct': [2754, 1635, 844, 372]}
ratio: 0.9569546120055763
{'testlen': 3446, 'reflen': 3500, 'guess': [3446, 2949, 2452, 1955], 'correct': [2950, 1838, 984, 460]}
ratio: 0.9845714285711473
[EPOCH 14 VAL]
time: 72.08 seconds
loss:2.772225 = (1-reg):0.50 * r2l_loss:2.790846 + (reg):0.50 * l2r_loss:2.753604
r2l_scores: {'Bleu_1': 0.8056503682818534, 'Bleu_2': 0.6741340778727078, 'Bleu_3': 0.5442976054927381, 'Bleu_4': 0.42384530454169744, 'METEOR': 0.29396504124703265, 'ROUGE_L': 0.6183279208530273, 'CIDEr': 0.5957107008967035}
l2r_scores: {'Bleu_1': 0.8427547317910699, 'Bleu_2': 0.7190899108247037, 'Bleu_3': 0.5889500912469371, 'Bleu_4': 0.46640183639331867, 'METEOR': 0.317086817727484, 'ROUGE_L': 0.6482171220483295, 'CIDEr': 0.6131831237912824}


[EPOCH 15 TRAIN]
time: 147.69 seconds | lr: 0.000100
loss:2.028068 = (1-reg):0.50 * r2l_loss:2.013609 + (reg):0.50 * l2r_loss:2.042527
{'testlen': 3290, 'reflen': 3437, 'guess': [3290, 2793, 2296, 1799], 'correct': [2745, 1622, 857, 383]}
ratio: 0.957230142565913
{'testlen': 3351, 'reflen': 3478, 'guess': [3351, 2854, 2357, 1860], 'correct': [2912, 1831, 980, 459]}
ratio: 0.9634847613568248
[EPOCH 15 VAL]
time: 71.89 seconds
loss:2.782621 = (1-reg):0.50 * r2l_loss:2.795751 + (reg):0.50 * l2r_loss:2.769491
r2l_scores: {'Bleu_1': 0.7978877617342448, 'Bleu_2': 0.6656693111174017, 'Bleu_3': 0.5408046959020444, 'Bleu_4': 0.4236147576406592, 'METEOR': 0.29330267786751135, 'ROUGE_L': 0.6119770575501868, 'CIDEr': 0.5855154384609281}
l2r_scores: {'Bleu_1': 0.8366764745628713, 'Bleu_2': 0.7188963426152555, 'Bleu_3': 0.5914434395063181, 'Bleu_4': 0.47086347474897544, 'METEOR': 0.31625025938022383, 'ROUGE_L': 0.6484255820355371, 'CIDEr': 0.6362131387190405}


[EPOCH 16 TRAIN]
time: 151.58 seconds | lr: 0.000050
loss:1.947289 = (1-reg):0.50 * r2l_loss:1.931980 + (reg):0.50 * l2r_loss:1.962597
{'testlen': 3282, 'reflen': 3442, 'guess': [3282, 2785, 2288, 1791], 'correct': [2757, 1634, 847, 395]}
ratio: 0.9535153980241274
{'testlen': 3412, 'reflen': 3505, 'guess': [3412, 2915, 2418, 1921], 'correct': [2969, 1864, 989, 457]}
ratio: 0.9734664764619191
[EPOCH 16 VAL]
time: 70.68 seconds
loss:2.785005 = (1-reg):0.50 * r2l_loss:2.806217 + (reg):0.50 * l2r_loss:2.763793
r2l_scores: {'Bleu_1': 0.800066345916328, 'Bleu_2': 0.6686368906757075, 'Bleu_3': 0.5401884456528059, 'Bleu_4': 0.4265709721672113, 'METEOR': 0.29437075461839884, 'ROUGE_L': 0.6195187400018007, 'CIDEr': 0.6059357983550163}
l2r_scores: {'Bleu_1': 0.846766607065382, 'Bleu_2': 0.7258833081815754, 'Bleu_3': 0.5941262224054857, 'Bleu_4': 0.46940410841650604, 'METEOR': 0.3170598241612051, 'ROUGE_L': 0.6422612846322594, 'CIDEr': 0.6211219198274659}



[BEST: 9 | SEED: 904666 | VAL-CIDEr: 0.636399070250292]
{'testlen': 19139, 'reflen': 20257, 'guess': [19139, 16149, 13159, 10172], 'correct': [16340, 9891, 5233, 2463]}
ratio: 0.9448092017573705
{'testlen': 19380, 'reflen': 20444, 'guess': [19380, 16390, 13400, 10410], 'correct': [17122, 10899, 5917, 2824]}
ratio: 0.9479553903345261
time: 339.79 seconds
r2l_scores: {'Bleu_1': 0.805310949210727, 'Bleu_2': 0.68209439797174, 'Bleu_3': 0.5588336328130709, 'Bleu_4': 0.44682155482073727, 'METEOR': 0.29626391880411707, 'ROUGE_L': 0.626851206615505, 'CIDEr': 0.615794252852053}
l2r_scores: {'Bleu_1': 0.8362903806549988, 'Bleu_2': 0.7255387139871465, 'Bleu_3': 0.6037050072962741, 'Bleu_4': 0.4875410289696134, 'METEOR': 0.3160227095594269, 'ROUGE_L': 0.6504971856883284, 'CIDEr': 0.6337106066763064}
----------------------------------------
>> [Train time] Total: 2445.11 seconds => Per epoch: 152.82 seconds
>> [Val time] Total: 1116.29 seconds => Per epoch: 69.77 seconds
