Found 1 CUDA device(s)

Device 0: NVIDIA A100-SXM4-40GB
  Total memory bytes: 42296475648
  MultiProcessor count: 108
  Major.Minor: 8.0
  Max threads per block: 2048
  Memory reserved bytes: 0
  Memory allocated bytes: 0
  Free inside reserved bytes: 0
  Active allocations: 0
========================================
MODEL ID: MSVD = FEAT newBlip2ClsKF+newMViTv2+newImgCapBlip2KF fsl-10 mcl-20 = Transformer d-512 N_enc-0 N_dec-3 h-32 h_big-32 dp-0.1 = OPTIM lr-0.0001 warmup-3 gamma-0.5 pat-3 wd-5e-06 rg-0.5 = bs-64-gc-5.0-ls-0.15 = 1764628278
Enter the load_video_feats method.
Enter the load_video_feats method.
Enter the load_video_feats method.
#vocabs: 4116 (9614), #words: 339057 (345799). Trim words which appear less than 3 times.
{'Total': 40142376, 'Trainable': 40142376}


[EPOCH 1 TRAIN]
time: 75.52 seconds | lr: 0.000033
loss:3.416435 = (1-reg):0.50 * r2l_loss:3.406141 + (reg):0.50 * l2r_loss:3.426729
{'testlen': 528, 'reflen': 525, 'guess': [528, 428, 328, 230], 'correct': [426, 282, 165, 77]}
ratio: 1.00571428571237
{'testlen': 501, 'reflen': 501, 'guess': [501, 401, 301, 201], 'correct': [419, 281, 168, 74]}
ratio: 0.999999999998004
[EPOCH 1 VAL]
time: 30.18 seconds
loss:2.999123 = (1-reg):0.50 * r2l_loss:2.939559 + (reg):0.50 * l2r_loss:3.058687
r2l_scores: {'Bleu_1': 0.8068181818166538, 'Bleu_2': 0.729105724279422, 'Bleu_3': 0.6442637638562579, 'Bleu_4': 0.547001479991916, 'METEOR': 0.3707018923944293, 'ROUGE_L': 0.7541886918263815, 'CIDEr': 1.1295873858604004}
l2r_scores: {'Bleu_1': 0.8363273453060427, 'Bleu_2': 0.7655421758579432, 'Bleu_3': 0.6890123560420619, 'Bleu_4': 0.589086639725966, 'METEOR': 0.37136672775159657, 'ROUGE_L': 0.7544999386094766, 'CIDEr': 0.9018933399606002}
>> Saving checkpoint to 1.ckpt
>> New best model at epoch 1 | CIDEr: 0.9018933399606002


[EPOCH 2 TRAIN]
time: 70.89 seconds | lr: 0.000056
loss:2.560191 = (1-reg):0.50 * r2l_loss:2.538233 + (reg):0.50 * l2r_loss:2.582149
{'testlen': 553, 'reflen': 547, 'guess': [553, 453, 353, 253], 'correct': [482, 332, 202, 105]}
ratio: 1.0109689213875486
{'testlen': 536, 'reflen': 534, 'guess': [536, 436, 336, 236], 'correct': [476, 329, 200, 103]}
ratio: 1.0037453183501803
[EPOCH 2 VAL]
time: 29.81 seconds
loss:2.727939 = (1-reg):0.50 * r2l_loss:2.679242 + (reg):0.50 * l2r_loss:2.776637
r2l_scores: {'Bleu_1': 0.8716094032533968, 'Bleu_2': 0.7992467782465583, 'Bleu_3': 0.7150111553471296, 'Bleu_4': 0.6240965871211948, 'METEOR': 0.4197378706994088, 'ROUGE_L': 0.7927825862280752, 'CIDEr': 1.3664290689907486}
l2r_scores: {'Bleu_1': 0.8880597014908805, 'Bleu_2': 0.8186076254666128, 'Bleu_3': 0.7361179872911993, 'Bleu_4': 0.6459395519494662, 'METEOR': 0.4133587998484608, 'ROUGE_L': 0.8022823572989902, 'CIDEr': 1.3055595809298648}
>> Saving checkpoint to 2.ckpt
>> New best model at epoch 2 | CIDEr: 1.3055595809298648


[EPOCH 3 TRAIN]
time: 69.01 seconds | lr: 0.000078
loss:2.186639 = (1-reg):0.50 * r2l_loss:2.163965 + (reg):0.50 * l2r_loss:2.209313
{'testlen': 538, 'reflen': 536, 'guess': [538, 438, 338, 238], 'correct': [487, 349, 215, 110]}
ratio: 1.0037313432817094
{'testlen': 579, 'reflen': 578, 'guess': [579, 479, 379, 279], 'correct': [514, 361, 224, 120]}
ratio: 1.0017301038044952
[EPOCH 3 VAL]
time: 30.11 seconds
loss:2.547091 = (1-reg):0.50 * r2l_loss:2.511494 + (reg):0.50 * l2r_loss:2.582689
r2l_scores: {'Bleu_1': 0.9052044609648602, 'Bleu_2': 0.8492762926033649, 'Bleu_3': 0.7712702632330991, 'Bleu_4': 0.6785922141325023, 'METEOR': 0.43829912483091205, 'ROUGE_L': 0.8225341581890766, 'CIDEr': 1.537154963082772}
l2r_scores: {'Bleu_1': 0.8877374784095203, 'Bleu_2': 0.8179525711007257, 'Bleu_3': 0.733986970801675, 'Bleu_4': 0.642185541966446, 'METEOR': 0.42983855039648305, 'ROUGE_L': 0.8159793969602518, 'CIDEr': 1.469008432039528}
>> Saving checkpoint to 3.ckpt
>> New best model at epoch 3 | CIDEr: 1.469008432039528


[EPOCH 4 TRAIN]
time: 70.69 seconds | lr: 0.000100
loss:1.955051 = (1-reg):0.50 * r2l_loss:1.933640 + (reg):0.50 * l2r_loss:1.976461
{'testlen': 570, 'reflen': 567, 'guess': [570, 470, 370, 270], 'correct': [510, 358, 222, 112]}
ratio: 1.0052910052892323
{'testlen': 560, 'reflen': 557, 'guess': [560, 460, 360, 260], 'correct': [511, 374, 244, 139]}
ratio: 1.0053859964075307
[EPOCH 4 VAL]
time: 29.97 seconds
loss:2.450840 = (1-reg):0.50 * r2l_loss:2.442076 + (reg):0.50 * l2r_loss:2.459604
r2l_scores: {'Bleu_1': 0.8947368421036934, 'Bleu_2': 0.8255440365748771, 'Bleu_3': 0.7422392445856013, 'Bleu_4': 0.6417583078332706, 'METEOR': 0.4320855605645942, 'ROUGE_L': 0.8175019550683131, 'CIDEr': 1.4837578711965151}
l2r_scores: {'Bleu_1': 0.9124999999983705, 'Bleu_2': 0.8613374332455926, 'Bleu_3': 0.7952029632286034, 'Bleu_4': 0.7200602806067987, 'METEOR': 0.4688009984485872, 'ROUGE_L': 0.8446409126114257, 'CIDEr': 1.663685289679436}
>> Saving checkpoint to 4.ckpt
>> New best model at epoch 4 | CIDEr: 1.663685289679436


[EPOCH 5 TRAIN]
time: 69.56 seconds | lr: 0.000100
loss:1.793312 = (1-reg):0.50 * r2l_loss:1.772628 + (reg):0.50 * l2r_loss:1.813997
{'testlen': 559, 'reflen': 555, 'guess': [559, 459, 359, 259], 'correct': [510, 356, 221, 117]}
ratio: 1.0072072072053924
{'testlen': 563, 'reflen': 560, 'guess': [563, 463, 363, 263], 'correct': [515, 373, 237, 131]}
ratio: 1.0053571428553476
[EPOCH 5 VAL]
time: 29.88 seconds
loss:2.398083 = (1-reg):0.50 * r2l_loss:2.370412 + (reg):0.50 * l2r_loss:2.425753
r2l_scores: {'Bleu_1': 0.9123434704813733, 'Bleu_2': 0.8411972424070641, 'Bleu_3': 0.7580499706233187, 'Bleu_4': 0.6660317012287212, 'METEOR': 0.4334885858867594, 'ROUGE_L': 0.8173905905508073, 'CIDEr': 1.533763836056558}
l2r_scores: {'Bleu_1': 0.9147424511529045, 'Bleu_2': 0.858446703985631, 'Bleu_3': 0.7835910470764846, 'Bleu_4': 0.6996744027983981, 'METEOR': 0.4469122397100711, 'ROUGE_L': 0.8411369500234691, 'CIDEr': 1.577801420422174}


[EPOCH 6 TRAIN]
time: 67.16 seconds | lr: 0.000100
loss:1.689305 = (1-reg):0.50 * r2l_loss:1.667565 + (reg):0.50 * l2r_loss:1.711045
{'testlen': 565, 'reflen': 561, 'guess': [565, 465, 365, 265], 'correct': [512, 360, 216, 114]}
ratio: 1.0071301247753883
{'testlen': 559, 'reflen': 555, 'guess': [559, 459, 359, 259], 'correct': [513, 376, 243, 131]}
ratio: 1.0072072072053924
[EPOCH 6 VAL]
time: 29.58 seconds
loss:2.353593 = (1-reg):0.50 * r2l_loss:2.347265 + (reg):0.50 * l2r_loss:2.359921
r2l_scores: {'Bleu_1': 0.9061946902638829, 'Bleu_2': 0.8375978049060496, 'Bleu_3': 0.7460088551188093, 'Bleu_4': 0.6500888709264573, 'METEOR': 0.43537422912380813, 'ROUGE_L': 0.8212652369541427, 'CIDEr': 1.4471870269155775}
l2r_scores: {'Bleu_1': 0.9177101967783226, 'Bleu_2': 0.8670424449130634, 'Bleu_3': 0.7983576918145926, 'Bleu_4': 0.7122640393167693, 'METEOR': 0.4508496906315702, 'ROUGE_L': 0.8350365960138795, 'CIDEr': 1.5373488344579698}


[EPOCH 7 TRAIN]
time: 69.35 seconds | lr: 0.000100
loss:1.609859 = (1-reg):0.50 * r2l_loss:1.589311 + (reg):0.50 * l2r_loss:1.630406
{'testlen': 541, 'reflen': 538, 'guess': [541, 441, 341, 241], 'correct': [492, 351, 216, 117]}
ratio: 1.0055762081765696
{'testlen': 555, 'reflen': 550, 'guess': [555, 455, 355, 255], 'correct': [501, 362, 233, 126]}
ratio: 1.0090909090890745
[EPOCH 7 VAL]
time: 30.43 seconds
loss:2.339843 = (1-reg):0.50 * r2l_loss:2.334325 + (reg):0.50 * l2r_loss:2.345362
r2l_scores: {'Bleu_1': 0.9094269870593171, 'Bleu_2': 0.8507817832792707, 'Bleu_3': 0.7711021468708498, 'Bleu_4': 0.6868725156906778, 'METEOR': 0.4366223991409321, 'ROUGE_L': 0.8002160881986575, 'CIDEr': 1.4850278118335465}
l2r_scores: {'Bleu_1': 0.9027027027010762, 'Bleu_2': 0.8474634140724694, 'Bleu_3': 0.7782572256380716, 'Bleu_4': 0.694704260472534, 'METEOR': 0.4488163598451572, 'ROUGE_L': 0.8220345554161729, 'CIDEr': 1.5786495385097337}


[EPOCH 8 TRAIN]
time: 69.22 seconds | lr: 0.000100
loss:1.546411 = (1-reg):0.50 * r2l_loss:1.524349 + (reg):0.50 * l2r_loss:1.568473
{'testlen': 577, 'reflen': 570, 'guess': [577, 477, 377, 277], 'correct': [530, 368, 228, 123]}
ratio: 1.01228070175261
{'testlen': 567, 'reflen': 562, 'guess': [567, 467, 367, 267], 'correct': [524, 381, 246, 135]}
ratio: 1.0088967971512297
[EPOCH 8 VAL]
time: 30.82 seconds
loss:2.318315 = (1-reg):0.50 * r2l_loss:2.302439 + (reg):0.50 * l2r_loss:2.334190
r2l_scores: {'Bleu_1': 0.9185441941058604, 'Bleu_2': 0.8418112939196947, 'Bleu_3': 0.753947312758507, 'Bleu_4': 0.6604836690222083, 'METEOR': 0.44378569911783355, 'ROUGE_L': 0.8211789614474604, 'CIDEr': 1.4934584801540243}
l2r_scores: {'Bleu_1': 0.924162257493961, 'Bleu_2': 0.8683167157513447, 'Bleu_3': 0.7965415876299431, 'Bleu_4': 0.7109875047597951, 'METEOR': 0.4578541016536937, 'ROUGE_L': 0.8357238694200397, 'CIDEr': 1.5992543832140944}


[EPOCH 9 TRAIN]
time: 69.85 seconds | lr: 0.000100
loss:1.495022 = (1-reg):0.50 * r2l_loss:1.471415 + (reg):0.50 * l2r_loss:1.518628
{'testlen': 570, 'reflen': 570, 'guess': [570, 470, 370, 271], 'correct': [525, 371, 230, 122]}
ratio: 0.9999999999982456
{'testlen': 570, 'reflen': 566, 'guess': [570, 470, 370, 270], 'correct': [517, 383, 250, 141]}
ratio: 1.007067137807408
[EPOCH 9 VAL]
time: 30.26 seconds
loss:2.329478 = (1-reg):0.50 * r2l_loss:2.322918 + (reg):0.50 * l2r_loss:2.336037
r2l_scores: {'Bleu_1': 0.9210526315757157, 'Bleu_2': 0.852668559879479, 'Bleu_3': 0.7674125026970647, 'Bleu_4': 0.6716132998101261, 'METEOR': 0.4372346513804869, 'ROUGE_L': 0.8246910442906473, 'CIDEr': 1.4937501709643188}
l2r_scores: {'Bleu_1': 0.9070175438580579, 'Bleu_2': 0.8597225174523897, 'Bleu_3': 0.7933867855251369, 'Bleu_4': 0.7146239368785231, 'METEOR': 0.4608298642302117, 'ROUGE_L': 0.8323896937985436, 'CIDEr': 1.5635501141084294}


[EPOCH 10 TRAIN]
time: 67.00 seconds | lr: 0.000100
loss:1.449801 = (1-reg):0.50 * r2l_loss:1.425783 + (reg):0.50 * l2r_loss:1.473818
{'testlen': 585, 'reflen': 583, 'guess': [585, 485, 385, 285], 'correct': [530, 370, 231, 122]}
ratio: 1.0034305317306973
{'testlen': 568, 'reflen': 564, 'guess': [568, 468, 368, 268], 'correct': [506, 365, 241, 136]}
ratio: 1.0070921985797747
[EPOCH 10 VAL]
time: 32.15 seconds
loss:2.297111 = (1-reg):0.50 * r2l_loss:2.296778 + (reg):0.50 * l2r_loss:2.297444
r2l_scores: {'Bleu_1': 0.9059829059813573, 'Bleu_2': 0.8313616643391769, 'Bleu_3': 0.7457222131280741, 'Bleu_4': 0.6490999153694863, 'METEOR': 0.4456919052364956, 'ROUGE_L': 0.8108540112907773, 'CIDEr': 1.5179102333879482}
l2r_scores: {'Bleu_1': 0.8908450704209668, 'Bleu_2': 0.8335364505062511, 'Bleu_3': 0.7691413121120115, 'Bleu_4': 0.6931953370898545, 'METEOR': 0.45071456605759, 'ROUGE_L': 0.8153862860359561, 'CIDEr': 1.5704491306075072}


[EPOCH 11 TRAIN]
time: 71.08 seconds | lr: 0.000100
loss:1.410424 = (1-reg):0.50 * r2l_loss:1.386049 + (reg):0.50 * l2r_loss:1.434799
{'testlen': 567, 'reflen': 565, 'guess': [567, 467, 367, 268], 'correct': [517, 367, 231, 127]}
ratio: 1.0035398230070733
{'testlen': 583, 'reflen': 579, 'guess': [583, 483, 383, 283], 'correct': [533, 388, 248, 132]}
ratio: 1.0069084628652731
[EPOCH 11 VAL]
time: 31.32 seconds
loss:2.311363 = (1-reg):0.50 * r2l_loss:2.312052 + (reg):0.50 * l2r_loss:2.310674
r2l_scores: {'Bleu_1': 0.911816578481637, 'Bleu_2': 0.8465026732428995, 'Bleu_3': 0.7668919773121288, 'Bleu_4': 0.6799357520145515, 'METEOR': 0.45152088758679415, 'ROUGE_L': 0.8097137691319347, 'CIDEr': 1.5375981568320773}
l2r_scores: {'Bleu_1': 0.9142367066879687, 'Bleu_2': 0.856981850882275, 'Bleu_3': 0.780546388534215, 'Bleu_4': 0.6862714199702569, 'METEOR': 0.4473764136869982, 'ROUGE_L': 0.8205319570773937, 'CIDEr': 1.5407476496938564}


[EPOCH 12 TRAIN]
time: 70.57 seconds | lr: 0.000100
loss:1.373399 = (1-reg):0.50 * r2l_loss:1.348392 + (reg):0.50 * l2r_loss:1.398407
{'testlen': 559, 'reflen': 555, 'guess': [559, 459, 359, 259], 'correct': [507, 358, 223, 120]}
ratio: 1.0072072072053924
{'testlen': 576, 'reflen': 573, 'guess': [576, 476, 376, 276], 'correct': [512, 370, 242, 137]}
ratio: 1.0052356020924864
[EPOCH 12 VAL]
time: 31.17 seconds
loss:2.313374 = (1-reg):0.50 * r2l_loss:2.295678 + (reg):0.50 * l2r_loss:2.331070
r2l_scores: {'Bleu_1': 0.906976744184424, 'Bleu_2': 0.8410721376781346, 'Bleu_3': 0.7602544467191356, 'Bleu_4': 0.6717220384451253, 'METEOR': 0.44644934537764297, 'ROUGE_L': 0.8073202291467156, 'CIDEr': 1.4398033531283827}
l2r_scores: {'Bleu_1': 0.8888888888873457, 'Bleu_2': 0.8312298381804935, 'Bleu_3': 0.7632906163130827, 'Bleu_4': 0.6854413714416069, 'METEOR': 0.44983803926592364, 'ROUGE_L': 0.814189047453614, 'CIDEr': 1.5143777870116362}


[EPOCH 13 TRAIN]
time: 70.07 seconds | lr: 0.000100
loss:1.341523 = (1-reg):0.50 * r2l_loss:1.316406 + (reg):0.50 * l2r_loss:1.366639
{'testlen': 549, 'reflen': 547, 'guess': [549, 449, 349, 249], 'correct': [491, 347, 216, 111]}
ratio: 1.003656307127964
{'testlen': 564, 'reflen': 560, 'guess': [564, 464, 364, 264], 'correct': [499, 356, 232, 125]}
ratio: 1.0071428571410588
[EPOCH 13 VAL]
time: 30.30 seconds
loss:2.304668 = (1-reg):0.50 * r2l_loss:2.308606 + (reg):0.50 * l2r_loss:2.300731
r2l_scores: {'Bleu_1': 0.8943533697615768, 'Bleu_2': 0.83137343004983, 'Bleu_3': 0.7534831335210652, 'Bleu_4': 0.6608243832941066, 'METEOR': 0.4420475321719908, 'ROUGE_L': 0.8057324971751485, 'CIDEr': 1.4565081272052964}
l2r_scores: {'Bleu_1': 0.8847517730480767, 'Bleu_2': 0.823904224227074, 'Bleu_3': 0.7563335288488894, 'Bleu_4': 0.672762129548783, 'METEOR': 0.4450943177312808, 'ROUGE_L': 0.8048499990461228, 'CIDEr': 1.4876806803572438}


[EPOCH 14 TRAIN]
time: 69.23 seconds | lr: 0.000100
loss:1.311284 = (1-reg):0.50 * r2l_loss:1.285706 + (reg):0.50 * l2r_loss:1.336862
{'testlen': 561, 'reflen': 558, 'guess': [561, 461, 361, 261], 'correct': [515, 365, 231, 127]}
ratio: 1.0053763440842198
{'testlen': 560, 'reflen': 556, 'guess': [560, 460, 360, 260], 'correct': [511, 371, 237, 129]}
ratio: 1.007194244602505
[EPOCH 14 VAL]
time: 29.98 seconds
loss:2.319867 = (1-reg):0.50 * r2l_loss:2.310302 + (reg):0.50 * l2r_loss:2.329432
r2l_scores: {'Bleu_1': 0.9180035650607522, 'Bleu_2': 0.8525466523662156, 'Bleu_3': 0.7747834970021217, 'Bleu_4': 0.6897251695469812, 'METEOR': 0.4518951000512176, 'ROUGE_L': 0.8202036517486669, 'CIDEr': 1.5655823609975212}
l2r_scores: {'Bleu_1': 0.9124999999983705, 'Bleu_2': 0.8578759158255975, 'Bleu_3': 0.7854133256785192, 'Bleu_4': 0.7002091629586618, 'METEOR': 0.4491367929948529, 'ROUGE_L': 0.8276902726049894, 'CIDEr': 1.5080267050210805}


[EPOCH 15 TRAIN]
time: 69.16 seconds | lr: 0.000050
loss:1.246194 = (1-reg):0.50 * r2l_loss:1.218182 + (reg):0.50 * l2r_loss:1.274206
{'testlen': 559, 'reflen': 553, 'guess': [559, 459, 359, 259], 'correct': [502, 350, 221, 120]}
ratio: 1.010849909582259
{'testlen': 558, 'reflen': 554, 'guess': [558, 458, 358, 258], 'correct': [508, 366, 237, 126]}
ratio: 1.0072202166046802
[EPOCH 15 VAL]
time: 30.83 seconds
loss:2.309893 = (1-reg):0.50 * r2l_loss:2.302655 + (reg):0.50 * l2r_loss:2.317132
r2l_scores: {'Bleu_1': 0.8980322003561753, 'Bleu_2': 0.8275107304347772, 'Bleu_3': 0.7498050556743199, 'Bleu_4': 0.6647856615528616, 'METEOR': 0.43319863877711423, 'ROUGE_L': 0.8006704000009462, 'CIDEr': 1.4580308083356512}
l2r_scores: {'Bleu_1': 0.9103942652313434, 'Bleu_2': 0.852948010151681, 'Bleu_3': 0.7838569500668332, 'Bleu_4': 0.6964105149516725, 'METEOR': 0.45546061890893874, 'ROUGE_L': 0.8245022697367702, 'CIDEr': 1.471392417497496}


[EPOCH 16 TRAIN]
time: 69.57 seconds | lr: 0.000050
loss:1.223085 = (1-reg):0.50 * r2l_loss:1.195810 + (reg):0.50 * l2r_loss:1.250361
{'testlen': 561, 'reflen': 560, 'guess': [561, 461, 361, 261], 'correct': [508, 354, 214, 114]}
ratio: 1.0017857142839255
{'testlen': 568, 'reflen': 564, 'guess': [568, 468, 368, 268], 'correct': [513, 373, 246, 133]}
ratio: 1.0070921985797747
[EPOCH 16 VAL]
time: 30.41 seconds
loss:2.338050 = (1-reg):0.50 * r2l_loss:2.330729 + (reg):0.50 * l2r_loss:2.345372
r2l_scores: {'Bleu_1': 0.9055258467007031, 'Bleu_2': 0.8338762291717959, 'Bleu_3': 0.74422328342626, 'Bleu_4': 0.6513936577567128, 'METEOR': 0.42858777742400356, 'ROUGE_L': 0.8001910609283682, 'CIDEr': 1.5125705002257976}
l2r_scores: {'Bleu_1': 0.9031690140829169, 'Bleu_2': 0.848429975670255, 'Bleu_3': 0.7836216607450188, 'Bleu_4': 0.6990512809811105, 'METEOR': 0.45320200467979066, 'ROUGE_L': 0.8199615700567777, 'CIDEr': 1.4690897628829775}


[EPOCH 17 TRAIN]
time: 73.33 seconds | lr: 0.000050
loss:1.205359 = (1-reg):0.50 * r2l_loss:1.177874 + (reg):0.50 * l2r_loss:1.232844
{'testlen': 560, 'reflen': 552, 'guess': [560, 460, 360, 260], 'correct': [507, 357, 217, 116]}
ratio: 1.0144927536213506
{'testlen': 574, 'reflen': 569, 'guess': [574, 474, 374, 274], 'correct': [513, 365, 239, 128]}
ratio: 1.0087873462196681
[EPOCH 17 VAL]
time: 31.25 seconds
loss:2.360730 = (1-reg):0.50 * r2l_loss:2.348881 + (reg):0.50 * l2r_loss:2.372579
r2l_scores: {'Bleu_1': 0.9053571428555262, 'Bleu_2': 0.8382337797789082, 'Bleu_3': 0.7509814044428736, 'Bleu_4': 0.6593151386545855, 'METEOR': 0.43353883161752244, 'ROUGE_L': 0.8084029858216781, 'CIDEr': 1.5381554366394607}
l2r_scores: {'Bleu_1': 0.8937282229949587, 'Bleu_2': 0.8295832940436237, 'Bleu_3': 0.7604700209451066, 'Bleu_4': 0.6732500979475619, 'METEOR': 0.43980168924136925, 'ROUGE_L': 0.8176556301632, 'CIDEr': 1.4672242318109372}


[EPOCH 18 TRAIN]
time: 68.96 seconds | lr: 0.000050
loss:1.189201 = (1-reg):0.50 * r2l_loss:1.161078 + (reg):0.50 * l2r_loss:1.217323
{'testlen': 554, 'reflen': 551, 'guess': [554, 454, 354, 254], 'correct': [510, 359, 229, 130]}
ratio: 1.0054446460961788
{'testlen': 582, 'reflen': 576, 'guess': [582, 482, 382, 282], 'correct': [528, 381, 251, 140]}
ratio: 1.0104166666649126
[EPOCH 18 VAL]
time: 30.69 seconds
loss:2.325301 = (1-reg):0.50 * r2l_loss:2.312533 + (reg):0.50 * l2r_loss:2.338070
r2l_scores: {'Bleu_1': 0.9205776173268582, 'Bleu_2': 0.85319736113493, 'Bleu_3': 0.7779954835267652, 'Bleu_4': 0.7006646641848928, 'METEOR': 0.4586579900921091, 'ROUGE_L': 0.8236222689545578, 'CIDEr': 1.5938872105475215}
l2r_scores: {'Bleu_1': 0.9072164948438021, 'Bleu_2': 0.8468264953003534, 'Bleu_3': 0.7781555356654593, 'Bleu_4': 0.695455811022506, 'METEOR': 0.45632983309802744, 'ROUGE_L': 0.8269465344039564, 'CIDEr': 1.5313900974158798}


[EPOCH 19 TRAIN]
time: 68.87 seconds | lr: 0.000025
loss:1.154130 = (1-reg):0.50 * r2l_loss:1.125376 + (reg):0.50 * l2r_loss:1.182883
{'testlen': 567, 'reflen': 566, 'guess': [567, 467, 367, 267], 'correct': [510, 353, 218, 116]}
ratio: 1.001766784450527
{'testlen': 560, 'reflen': 555, 'guess': [560, 460, 360, 260], 'correct': [501, 356, 228, 122]}
ratio: 1.009009009007191
[EPOCH 19 VAL]
time: 30.45 seconds
loss:2.344004 = (1-reg):0.50 * r2l_loss:2.328957 + (reg):0.50 * l2r_loss:2.359051
r2l_scores: {'Bleu_1': 0.8994708994693131, 'Bleu_2': 0.824560394864692, 'Bleu_3': 0.7391713471790489, 'Bleu_4': 0.6472104558652769, 'METEOR': 0.4414415239905921, 'ROUGE_L': 0.8055653267566124, 'CIDEr': 1.5495830486262006}
l2r_scores: {'Bleu_1': 0.8946428571412596, 'Bleu_2': 0.8320912067765012, 'Bleu_3': 0.7597278910339259, 'Bleu_4': 0.673503990914009, 'METEOR': 0.4449424555982979, 'ROUGE_L': 0.8171358380913611, 'CIDEr': 1.454853811531097}


[EPOCH 20 TRAIN]
time: 67.14 seconds | lr: 0.000025
loss:1.142206 = (1-reg):0.50 * r2l_loss:1.114195 + (reg):0.50 * l2r_loss:1.170218
{'testlen': 565, 'reflen': 562, 'guess': [565, 465, 365, 265], 'correct': [504, 352, 224, 122]}
ratio: 1.005338078290026
{'testlen': 564, 'reflen': 558, 'guess': [564, 464, 364, 264], 'correct': [502, 359, 230, 123]}
ratio: 1.0107526881702316
[EPOCH 20 VAL]
time: 29.71 seconds
loss:2.344573 = (1-reg):0.50 * r2l_loss:2.334939 + (reg):0.50 * l2r_loss:2.354207
r2l_scores: {'Bleu_1': 0.8920353982285096, 'Bleu_2': 0.8217427849875252, 'Bleu_3': 0.7455480712738942, 'Bleu_4': 0.6608992019584011, 'METEOR': 0.43795991608038426, 'ROUGE_L': 0.8066802614769965, 'CIDEr': 1.5247138874332822}
l2r_scores: {'Bleu_1': 0.8900709219842374, 'Bleu_2': 0.8298518004787794, 'Bleu_3': 0.7577789048917305, 'Bleu_4': 0.6710149242124019, 'METEOR': 0.4437724214540297, 'ROUGE_L': 0.8059498496425097, 'CIDEr': 1.433712630383994}



[BEST: 4 | SEED: 904666 | VAL-CIDEr: 1.663685289679436]
{'testlen': 3820, 'reflen': 3812, 'guess': [3820, 3150, 2480, 1813], 'correct': [3378, 2284, 1382, 695]}
ratio: 1.0020986358864108
{'testlen': 3720, 'reflen': 3722, 'guess': [3720, 3050, 2380, 1710], 'correct': [3356, 2340, 1483, 802]}
ratio: 0.9994626544865665
time: 105.93 seconds
r2l_scores: {'Bleu_1': 0.884293193717046, 'Bleu_2': 0.800738875941562, 'Bleu_3': 0.7095985675203957, 'Bleu_4': 0.6083539016188583, 'METEOR': 0.4317505232928184, 'ROUGE_L': 0.8058739852713995, 'CIDEr': 1.262930942898579}
l2r_scores: {'Bleu_1': 0.9016656408234376, 'Bleu_2': 0.8315033887644365, 'Bleu_3': 0.7551262768884255, 'Bleu_4': 0.6702716934513645, 'METEOR': 0.44868338285758524, 'ROUGE_L': 0.8249680400687183, 'CIDEr': 1.3694451629526794}
----------------------------------------
>> [Train time] Total: 1396.23 seconds => Per epoch: 69.81 seconds
>> [Val time] Total: 609.30 seconds => Per epoch: 30.46 seconds
