Found 1 CUDA device(s)

Device 0: NVIDIA A100-SXM4-40GB
  Total memory bytes: 42296475648
  MultiProcessor count: 108
  Major.Minor: 8.0
  Max threads per block: 2048
  Memory reserved bytes: 0
  Memory allocated bytes: 0
  Free inside reserved bytes: 0
  Active allocations: 0
========================================
MODEL ID: MSRVTT = FEAT newBlip2ClsKF+newMViTv2+newImgCapBlip2KF fsl-14 mcl-20 = Transformer d-512 N_enc-0 N_dec-3 h-8 h_big-8 dp-0.1 = OPTIM lr-0.0001 warmup-3 gamma-0.5 pat-3 wd-5e-06 rg-0.5 = bs-64-gc-5.0-ls-0.15 = 1764617862
Enter the load_video_feats method.
Enter the load_video_feats method.
Enter the load_video_feats method.
#vocabs: 10444 (23046), #words: 1178850 (1194458). Trim words which appear less than 3 times.
{'Total': 53114776, 'Trainable': 53114776}


[EPOCH 1 TRAIN]
time: 206.95 seconds | lr: 0.000033
loss:3.911449 = (1-reg):0.50 * r2l_loss:3.906435 + (reg):0.50 * l2r_loss:3.916464
{'testlen': 2885, 'reflen': 3177, 'guess': [2885, 2388, 1891, 1404], 'correct': [2478, 1449, 716, 296]}
ratio: 0.9080893925083702
{'testlen': 3133, 'reflen': 3337, 'guess': [3133, 2636, 2139, 1642], 'correct': [2716, 1652, 841, 372]}
ratio: 0.9388672460290863
[EPOCH 1 VAL]
time: 81.95 seconds
loss:3.498598 = (1-reg):0.50 * r2l_loss:3.456744 + (reg):0.50 * l2r_loss:3.540452
r2l_scores: {'Bleu_1': 0.7762456199468399, 'Bleu_2': 0.652436804347568, 'Bleu_3': 0.5261553916637263, 'Bleu_4': 0.40815731953414636, 'METEOR': 0.28205147568806416, 'ROUGE_L': 0.6079387976806586, 'CIDEr': 0.4654035382592055}
l2r_scores: {'Bleu_1': 0.8122524304441561, 'Bleu_2': 0.6906192073665128, 'Bleu_3': 0.5600946037598384, 'Bleu_4': 0.43945954358574907, 'METEOR': 0.29659264617102515, 'ROUGE_L': 0.6311014447688094, 'CIDEr': 0.4759458226384174}
>> Saving checkpoint to 1.ckpt
>> New best model at epoch 1 | CIDEr: 0.4759458226384174


[EPOCH 2 TRAIN]
time: 200.68 seconds | lr: 0.000056
loss:3.232955 = (1-reg):0.50 * r2l_loss:3.218692 + (reg):0.50 * l2r_loss:3.247219
{'testlen': 2932, 'reflen': 3169, 'guess': [2932, 2435, 1938, 1443], 'correct': [2542, 1545, 818, 355]}
ratio: 0.9252130009463789
{'testlen': 2973, 'reflen': 3199, 'guess': [2973, 2476, 1979, 1482], 'correct': [2635, 1644, 882, 414]}
ratio: 0.9293529227880809
[EPOCH 2 VAL]
time: 79.70 seconds
loss:3.179095 = (1-reg):0.50 * r2l_loss:3.132415 + (reg):0.50 * l2r_loss:3.225774
r2l_scores: {'Bleu_1': 0.7996622661929098, 'Bleu_2': 0.6840936707638132, 'Bleu_3': 0.5669027533085778, 'Bleu_4': 0.4509160417085653, 'METEOR': 0.29661075572484147, 'ROUGE_L': 0.635941202575175, 'CIDEr': 0.5727180070599471}
l2r_scores: {'Bleu_1': 0.8214322197892178, 'Bleu_2': 0.7109752208891732, 'Bleu_3': 0.5932520504613326, 'Bleu_4': 0.4821853109770924, 'METEOR': 0.3082285721119562, 'ROUGE_L': 0.6403943982288101, 'CIDEr': 0.5384142258944563}
>> Saving checkpoint to 2.ckpt
>> New best model at epoch 2 | CIDEr: 0.5384142258944563


[EPOCH 3 TRAIN]
time: 204.32 seconds | lr: 0.000078
loss:2.949546 = (1-reg):0.50 * r2l_loss:2.934133 + (reg):0.50 * l2r_loss:2.964959
{'testlen': 3002, 'reflen': 3254, 'guess': [3002, 2505, 2008, 1511], 'correct': [2619, 1607, 841, 356]}
ratio: 0.9225568531035886
{'testlen': 3088, 'reflen': 3276, 'guess': [3088, 2591, 2094, 1597], 'correct': [2737, 1730, 930, 429]}
ratio: 0.9426129426126549
[EPOCH 3 VAL]
time: 82.36 seconds
loss:2.984345 = (1-reg):0.50 * r2l_loss:2.970130 + (reg):0.50 * l2r_loss:2.998560
r2l_scores: {'Bleu_1': 0.8021736246201274, 'Bleu_2': 0.6878758244595963, 'Bleu_3': 0.5669333204742002, 'Bleu_4': 0.44573964445539355, 'METEOR': 0.30112203249114006, 'ROUGE_L': 0.6379285107236612, 'CIDEr': 0.6033720655564777}
l2r_scores: {'Bleu_1': 0.8339831913190637, 'Bleu_2': 0.723848851814641, 'Bleu_3': 0.6027269549485542, 'Bleu_4': 0.48502988981822126, 'METEOR': 0.3115661176338906, 'ROUGE_L': 0.6475881278241148, 'CIDEr': 0.5870124636710466}
>> Saving checkpoint to 3.ckpt
>> New best model at epoch 3 | CIDEr: 0.5870124636710466


[EPOCH 4 TRAIN]
time: 201.10 seconds | lr: 0.000100
loss:2.762971 = (1-reg):0.50 * r2l_loss:2.746755 + (reg):0.50 * l2r_loss:2.779188
{'testlen': 3184, 'reflen': 3380, 'guess': [3184, 2687, 2190, 1693], 'correct': [2701, 1607, 805, 341]}
ratio: 0.942011834319248
{'testlen': 3282, 'reflen': 3419, 'guess': [3282, 2785, 2288, 1791], 'correct': [2894, 1796, 944, 438]}
ratio: 0.9599298040359872
[EPOCH 4 VAL]
time: 85.03 seconds
loss:2.902977 = (1-reg):0.50 * r2l_loss:2.885964 + (reg):0.50 * l2r_loss:2.919990
r2l_scores: {'Bleu_1': 0.7976590869747789, 'Bleu_2': 0.6697545299278598, 'Bleu_3': 0.5372168494923321, 'Bleu_4': 0.4139548949376202, 'METEOR': 0.2954660061868288, 'ROUGE_L': 0.6166134551870448, 'CIDEr': 0.5754453533737928}
l2r_scores: {'Bleu_1': 0.8457290824340704, 'Bleu_2': 0.7232556857903587, 'Bleu_3': 0.5915484681512623, 'Bleu_4': 0.4694131055181155, 'METEOR': 0.31810307532911625, 'ROUGE_L': 0.6466341930543571, 'CIDEr': 0.6240154903566827}
>> Saving checkpoint to 4.ckpt
>> New best model at epoch 4 | CIDEr: 0.6240154903566827


[EPOCH 5 TRAIN]
time: 204.44 seconds | lr: 0.000100
loss:2.615279 = (1-reg):0.50 * r2l_loss:2.597179 + (reg):0.50 * l2r_loss:2.633380
{'testlen': 3155, 'reflen': 3351, 'guess': [3155, 2658, 2161, 1664], 'correct': [2672, 1593, 829, 359]}
ratio: 0.9415099970155352
{'testlen': 3215, 'reflen': 3359, 'guess': [3215, 2718, 2221, 1724], 'correct': [2821, 1797, 968, 441]}
ratio: 0.9571300982432399
[EPOCH 5 VAL]
time: 86.38 seconds
loss:2.839670 = (1-reg):0.50 * r2l_loss:2.817696 + (reg):0.50 * l2r_loss:2.861643
r2l_scores: {'Bleu_1': 0.7958975132451517, 'Bleu_2': 0.6695283979114519, 'Bleu_3': 0.5446940215481931, 'Bleu_4': 0.4254560977577532, 'METEOR': 0.29456425149801946, 'ROUGE_L': 0.6177794803596355, 'CIDEr': 0.5967704836971217}
l2r_scores: {'Bleu_1': 0.8390156057031066, 'Bleu_2': 0.7282966238294759, 'Bleu_3': 0.6046403240784226, 'Bleu_4': 0.4822088147351695, 'METEOR': 0.3189534708438882, 'ROUGE_L': 0.6539007906177196, 'CIDEr': 0.634808261211435}
>> Saving checkpoint to 5.ckpt
>> New best model at epoch 5 | CIDEr: 0.634808261211435


[EPOCH 6 TRAIN]
time: 197.70 seconds | lr: 0.000100
loss:2.506504 = (1-reg):0.50 * r2l_loss:2.486502 + (reg):0.50 * l2r_loss:2.526506
{'testlen': 3132, 'reflen': 3328, 'guess': [3132, 2635, 2138, 1641], 'correct': [2685, 1597, 831, 355]}
ratio: 0.9411057692304865
{'testlen': 3310, 'reflen': 3437, 'guess': [3310, 2813, 2316, 1819], 'correct': [2952, 1908, 1062, 498]}
ratio: 0.9630491707881981
[EPOCH 6 VAL]
time: 86.33 seconds
loss:2.812201 = (1-reg):0.50 * r2l_loss:2.802386 + (reg):0.50 * l2r_loss:2.822017
r2l_scores: {'Bleu_1': 0.8052754619259641, 'Bleu_2': 0.6770883565702007, 'Bleu_3': 0.5511062221410331, 'Bleu_4': 0.4294493116997917, 'METEOR': 0.29818975800004327, 'ROUGE_L': 0.623925309508563, 'CIDEr': 0.6149596761011514}
l2r_scores: {'Bleu_1': 0.8582723009998546, 'Bleu_2': 0.7484886793937777, 'Bleu_3': 0.6276213718516119, 'Bleu_4': 0.5051922018260544, 'METEOR': 0.32487959270855626, 'ROUGE_L': 0.6578169323693855, 'CIDEr': 0.6567333738553546}
>> Saving checkpoint to 6.ckpt
>> New best model at epoch 6 | CIDEr: 0.6567333738553546


[EPOCH 7 TRAIN]
time: 201.04 seconds | lr: 0.000100
loss:2.420705 = (1-reg):0.50 * r2l_loss:2.399581 + (reg):0.50 * l2r_loss:2.441829
{'testlen': 3209, 'reflen': 3403, 'guess': [3209, 2712, 2215, 1718], 'correct': [2736, 1650, 868, 400]}
ratio: 0.942991478107275
{'testlen': 3370, 'reflen': 3492, 'guess': [3370, 2873, 2376, 1879], 'correct': [2926, 1824, 975, 443]}
ratio: 0.965063001145199
[EPOCH 7 VAL]
time: 87.85 seconds
loss:2.789765 = (1-reg):0.50 * r2l_loss:2.785460 + (reg):0.50 * l2r_loss:2.794069
r2l_scores: {'Bleu_1': 0.8025851427157348, 'Bleu_2': 0.6779771506858512, 'Bleu_3': 0.5534863945761579, 'Bleu_4': 0.43906175125700614, 'METEOR': 0.3026162758365633, 'ROUGE_L': 0.6238227059061147, 'CIDEr': 0.6183254766133334}
l2r_scores: {'Bleu_1': 0.8373792354294656, 'Bleu_2': 0.7160520311400719, 'Bleu_3': 0.5876359667653971, 'Bleu_4': 0.4634682148712641, 'METEOR': 0.3171845147199168, 'ROUGE_L': 0.6428025055196265, 'CIDEr': 0.6198211880972475}


[EPOCH 8 TRAIN]
time: 198.91 seconds | lr: 0.000100
loss:2.349090 = (1-reg):0.50 * r2l_loss:2.326649 + (reg):0.50 * l2r_loss:2.371531
{'testlen': 3318, 'reflen': 3477, 'guess': [3318, 2821, 2324, 1827], 'correct': [2776, 1661, 869, 389]}
ratio: 0.954270923209389
{'testlen': 3309, 'reflen': 3439, 'guess': [3309, 2812, 2315, 1818], 'correct': [2851, 1756, 923, 404]}
ratio: 0.9621983134629363
[EPOCH 8 VAL]
time: 88.20 seconds
loss:2.774775 = (1-reg):0.50 * r2l_loss:2.770530 + (reg):0.50 * l2r_loss:2.779019
r2l_scores: {'Bleu_1': 0.7975014843103404, 'Bleu_2': 0.6690263655423913, 'Bleu_3': 0.5423581612136394, 'Bleu_4': 0.42419398228204114, 'METEOR': 0.29702294164428766, 'ROUGE_L': 0.620972710612892, 'CIDEr': 0.5953317966211615}
l2r_scores: {'Bleu_1': 0.8283967997792929, 'Bleu_2': 0.7052494968987746, 'Bleu_3': 0.5755610718313068, 'Bleu_4': 0.4492622436175102, 'METEOR': 0.31113411427203974, 'ROUGE_L': 0.6337900716259915, 'CIDEr': 0.5900980146571702}


[EPOCH 9 TRAIN]
time: 201.98 seconds | lr: 0.000100
loss:2.287798 = (1-reg):0.50 * r2l_loss:2.264906 + (reg):0.50 * l2r_loss:2.310689
{'testlen': 3210, 'reflen': 3373, 'guess': [3210, 2713, 2216, 1719], 'correct': [2755, 1702, 909, 412]}
ratio: 0.9516750667059142
{'testlen': 3287, 'reflen': 3414, 'guess': [3287, 2790, 2293, 1796], 'correct': [2883, 1847, 1001, 466]}
ratio: 0.9628002343289506
[EPOCH 9 VAL]
time: 85.08 seconds
loss:2.774411 = (1-reg):0.50 * r2l_loss:2.774808 + (reg):0.50 * l2r_loss:2.774013
r2l_scores: {'Bleu_1': 0.8157622630756557, 'Bleu_2': 0.6974453879266318, 'Bleu_3': 0.5745403398815166, 'Bleu_4': 0.4559135398001836, 'METEOR': 0.30519235473164774, 'ROUGE_L': 0.6341827525581557, 'CIDEr': 0.6116926855784559}
l2r_scores: {'Bleu_1': 0.8438496575723291, 'Bleu_2': 0.7331181227239894, 'Bleu_3': 0.6088813772244067, 'Bleu_4': 0.48721926197406384, 'METEOR': 0.32400171588765037, 'ROUGE_L': 0.6547893240459447, 'CIDEr': 0.6449764001964617}


[EPOCH 10 TRAIN]
time: 204.73 seconds | lr: 0.000100
loss:2.232739 = (1-reg):0.50 * r2l_loss:2.209404 + (reg):0.50 * l2r_loss:2.256074
{'testlen': 3351, 'reflen': 3492, 'guess': [3351, 2854, 2357, 1860], 'correct': [2803, 1687, 893, 407]}
ratio: 0.959621993126873
{'testlen': 3261, 'reflen': 3434, 'guess': [3261, 2764, 2267, 1770], 'correct': [2865, 1782, 989, 479]}
ratio: 0.9496214327312319
[EPOCH 10 VAL]
time: 85.63 seconds
loss:2.775222 = (1-reg):0.50 * r2l_loss:2.768725 + (reg):0.50 * l2r_loss:2.781718
r2l_scores: {'Bleu_1': 0.8020009163655631, 'Bleu_2': 0.6741881060081985, 'Bleu_3': 0.5486054040077809, 'Bleu_4': 0.4314167232158725, 'METEOR': 0.2977050780247876, 'ROUGE_L': 0.6200740078232081, 'CIDEr': 0.6003436029031742}
l2r_scores: {'Bleu_1': 0.8331706815987346, 'Bleu_2': 0.7137266214857543, 'Bleu_3': 0.5950994812228356, 'Bleu_4': 0.482250601981441, 'METEOR': 0.3178294554269808, 'ROUGE_L': 0.6487515525079588, 'CIDEr': 0.6147280355884602}



[BEST: 6 | SEED: 904666 | VAL-CIDEr: 0.6567333738553546]
{'testlen': 19147, 'reflen': 20318, 'guess': [19147, 16157, 13167, 10183], 'correct': [16225, 9771, 5091, 2278]}
ratio: 0.9423663746431271
{'testlen': 19885, 'reflen': 20762, 'guess': [19885, 16895, 13905, 10915], 'correct': [17437, 11096, 5961, 2777]}
ratio: 0.9577593680762471
time: 439.54 seconds
r2l_scores: {'Bleu_1': 0.7971190897617739, 'Bleu_2': 0.6733957482814751, 'Bleu_3': 0.5484016436019306, 'Bleu_4': 0.43162179371462794, 'METEOR': 0.2924077802159691, 'ROUGE_L': 0.6236820297112452, 'CIDEr': 0.6110641540496142}
l2r_scores: {'Bleu_1': 0.8390584665064736, 'Bleu_2': 0.7261448538034074, 'Bleu_3': 0.6002703645650892, 'Bleu_4': 0.47902670451303064, 'METEOR': 0.3125842193507399, 'ROUGE_L': 0.6489242929349995, 'CIDEr': 0.6309389447333899}
----------------------------------------
>> [Train time] Total: 2021.85 seconds => Per epoch: 202.18 seconds
>> [Val time] Total: 848.51 seconds => Per epoch: 84.85 seconds
