Found 1 CUDA device(s)

Device 0: NVIDIA A100-SXM4-40GB
  Total memory bytes: 42296475648
  MultiProcessor count: 108
  Major.Minor: 8.0
  Max threads per block: 2048
  Memory reserved bytes: 0
  Memory allocated bytes: 0
  Free inside reserved bytes: 0
  Active allocations: 0
========================================
MODEL ID: MSRVTT = FEAT newBlip2ClsKF+newMViTv2+newImgCapBlip2KF fsl-13 mcl-20 = Transformer d-512 N_enc-0 N_dec-4 h-8 h_big-8 dp-0.1 = OPTIM lr-0.0001 warmup-3 gamma-0.5 pat-3 wd-5e-06 rg-0.5 = bs-64-gc-5.0-ls-0.15 = 1764639703
Enter the load_video_feats method.
Enter the load_video_feats method.
Enter the load_video_feats method.
#vocabs: 10444 (23046), #words: 1178850 (1194458). Trim words which appear less than 3 times.
{'Total': 62581656, 'Trainable': 62581656}


[EPOCH 1 TRAIN]
time: 250.11 seconds | lr: 0.000033
loss:3.959698 = (1-reg):0.50 * r2l_loss:3.944478 + (reg):0.50 * l2r_loss:3.974918
{'testlen': 3117, 'reflen': 3330, 'guess': [3117, 2620, 2123, 1629], 'correct': [2548, 1506, 755, 301]}
ratio: 0.9360360360357549
{'testlen': 3181, 'reflen': 3367, 'guess': [3181, 2684, 2187, 1690], 'correct': [2708, 1623, 828, 364]}
ratio: 0.9447579447576642
[EPOCH 1 VAL]
time: 94.03 seconds
loss:3.608505 = (1-reg):0.50 * r2l_loss:3.566050 + (reg):0.50 * l2r_loss:3.650960
r2l_scores: {'Bleu_1': 0.763457973388876, 'Bleu_2': 0.6401999924908143, 'Bleu_3': 0.5144189203108259, 'Bleu_4': 0.3914981204780666, 'METEOR': 0.2761583652708565, 'ROUGE_L': 0.5986184492615316, 'CIDEr': 0.44550346110289873}
l2r_scores: {'Bleu_1': 0.8029543336908884, 'Bleu_2': 0.6767314422669872, 'Bleu_3': 0.5468564932141486, 'Bleu_4': 0.4269334309688697, 'METEOR': 0.28719792079721124, 'ROUGE_L': 0.6156676872764039, 'CIDEr': 0.4433696451208941}
>> Saving checkpoint to 1.ckpt
>> New best model at epoch 1 | CIDEr: 0.4433696451208941


[EPOCH 2 TRAIN]
time: 241.30 seconds | lr: 0.000056
loss:3.272869 = (1-reg):0.50 * r2l_loss:3.246981 + (reg):0.50 * l2r_loss:3.298756
{'testlen': 2901, 'reflen': 3169, 'guess': [2901, 2404, 1907, 1410], 'correct': [2528, 1522, 781, 315]}
ratio: 0.9154307352474234
{'testlen': 3169, 'reflen': 3356, 'guess': [3169, 2672, 2175, 1678], 'correct': [2766, 1737, 938, 433]}
ratio: 0.9442789034562145
[EPOCH 2 VAL]
time: 91.36 seconds
loss:3.261144 = (1-reg):0.50 * r2l_loss:3.213081 + (reg):0.50 * l2r_loss:3.309207
r2l_scores: {'Bleu_1': 0.7945264786529511, 'Bleu_2': 0.677226274796587, 'Bleu_3': 0.555327258229102, 'Bleu_4': 0.4321697475111898, 'METEOR': 0.2923340086596264, 'ROUGE_L': 0.6358991901213636, 'CIDEr': 0.543086626905448}
l2r_scores: {'Bleu_1': 0.8228157342131331, 'Bleu_2': 0.710099655389137, 'Bleu_3': 0.5896372934708587, 'Bleu_4': 0.47255880086866253, 'METEOR': 0.3073846913320489, 'ROUGE_L': 0.6390754885830731, 'CIDEr': 0.5479207203025657}
>> Saving checkpoint to 2.ckpt
>> New best model at epoch 2 | CIDEr: 0.5479207203025657


[EPOCH 3 TRAIN]
time: 241.16 seconds | lr: 0.000078
loss:2.986006 = (1-reg):0.50 * r2l_loss:2.960704 + (reg):0.50 * l2r_loss:3.011308
{'testlen': 3062, 'reflen': 3260, 'guess': [3062, 2565, 2068, 1572], 'correct': [2639, 1655, 869, 378]}
ratio: 0.9392638036806935
{'testlen': 3236, 'reflen': 3390, 'guess': [3236, 2739, 2242, 1745], 'correct': [2801, 1725, 924, 425]}
ratio: 0.9545722713861491
[EPOCH 3 VAL]
time: 95.83 seconds
loss:3.080202 = (1-reg):0.50 * r2l_loss:3.061930 + (reg):0.50 * l2r_loss:3.098474
r2l_scores: {'Bleu_1': 0.8078879884191612, 'Bleu_2': 0.6990196166223783, 'Bleu_3': 0.5773710074986051, 'Bleu_4': 0.45638386341132664, 'METEOR': 0.3017044102552382, 'ROUGE_L': 0.6424481138337065, 'CIDEr': 0.6194129559550317}
l2r_scores: {'Bleu_1': 0.8253472107003983, 'Bleu_2': 0.7040166389934837, 'Bleu_3': 0.5796663642250629, 'Bleu_4': 0.4611741682985139, 'METEOR': 0.3090007204008951, 'ROUGE_L': 0.6381721953981014, 'CIDEr': 0.5691845220363773}
>> Saving checkpoint to 3.ckpt
>> New best model at epoch 3 | CIDEr: 0.5691845220363773


[EPOCH 4 TRAIN]
time: 239.48 seconds | lr: 0.000100
loss:2.797382 = (1-reg):0.50 * r2l_loss:2.773341 + (reg):0.50 * l2r_loss:2.821423
{'testlen': 3232, 'reflen': 3378, 'guess': [3232, 2735, 2238, 1741], 'correct': [2788, 1698, 900, 394]}
ratio: 0.9567791592655546
{'testlen': 3250, 'reflen': 3404, 'guess': [3250, 2753, 2256, 1759], 'correct': [2866, 1817, 981, 457]}
ratio: 0.9547591069327395
[EPOCH 4 VAL]
time: 98.64 seconds
loss:2.957035 = (1-reg):0.50 * r2l_loss:2.919738 + (reg):0.50 * l2r_loss:2.994332
r2l_scores: {'Bleu_1': 0.8245232692804153, 'Bleu_2': 0.6994914099664851, 'Bleu_3': 0.5729405569171909, 'Bleu_4': 0.44910915886821595, 'METEOR': 0.30212501633954025, 'ROUGE_L': 0.6391336686654087, 'CIDEr': 0.6338471540062091}
l2r_scores: {'Bleu_1': 0.8410347648733811, 'Bleu_2': 0.7275986649366144, 'Bleu_3': 0.603269831272962, 'Bleu_4': 0.48294933948276564, 'METEOR': 0.31476818328697176, 'ROUGE_L': 0.6473469445356826, 'CIDEr': 0.607560414495576}
>> Saving checkpoint to 4.ckpt
>> New best model at epoch 4 | CIDEr: 0.607560414495576


[EPOCH 5 TRAIN]
time: 240.11 seconds | lr: 0.000100
loss:2.650329 = (1-reg):0.50 * r2l_loss:2.625160 + (reg):0.50 * l2r_loss:2.675497
{'testlen': 2933, 'reflen': 3201, 'guess': [2933, 2436, 1939, 1443], 'correct': [2582, 1594, 829, 356]}
ratio: 0.9162761636985579
{'testlen': 3241, 'reflen': 3398, 'guess': [3241, 2744, 2247, 1750], 'correct': [2880, 1837, 996, 470]}
ratio: 0.9537963507943044
[EPOCH 5 VAL]
time: 94.12 seconds
loss:2.909602 = (1-reg):0.50 * r2l_loss:2.888589 + (reg):0.50 * l2r_loss:2.930615
r2l_scores: {'Bleu_1': 0.803453861508774, 'Bleu_2': 0.6926986981773081, 'Bleu_3': 0.57208524127622, 'Bleu_4': 0.45312775719583614, 'METEOR': 0.30229910038166236, 'ROUGE_L': 0.6372049514435757, 'CIDEr': 0.6304649994124945}
l2r_scores: {'Bleu_1': 0.846594481832233, 'Bleu_2': 0.7348204423327763, 'Bleu_3': 0.6109329758299351, 'Bleu_4': 0.49147408405611664, 'METEOR': 0.32398889121024066, 'ROUGE_L': 0.6613430915713775, 'CIDEr': 0.6398094426100097}
>> Saving checkpoint to 5.ckpt
>> New best model at epoch 5 | CIDEr: 0.6398094426100097


[EPOCH 6 TRAIN]
time: 240.20 seconds | lr: 0.000100
loss:2.542624 = (1-reg):0.50 * r2l_loss:2.516423 + (reg):0.50 * l2r_loss:2.568825
{'testlen': 3069, 'reflen': 3295, 'guess': [3069, 2572, 2075, 1579], 'correct': [2692, 1662, 887, 394]}
ratio: 0.9314112291347705
{'testlen': 3306, 'reflen': 3426, 'guess': [3306, 2809, 2312, 1815], 'correct': [2930, 1852, 982, 454]}
ratio: 0.9649737302974416
[EPOCH 6 VAL]
time: 95.97 seconds
loss:2.856988 = (1-reg):0.50 * r2l_loss:2.841251 + (reg):0.50 * l2r_loss:2.872725
r2l_scores: {'Bleu_1': 0.8148860545510308, 'Bleu_2': 0.699419650217573, 'Bleu_3': 0.5791618751246499, 'Bleu_4': 0.4606628357866982, 'METEOR': 0.3000831157242105, 'ROUGE_L': 0.6250569602000369, 'CIDEr': 0.6075909095108389}
l2r_scores: {'Bleu_1': 0.8546748138888862, 'Bleu_2': 0.7371623436051508, 'Bleu_3': 0.6060317243386268, 'Bleu_4': 0.4813659413789687, 'METEOR': 0.32198332646059263, 'ROUGE_L': 0.6499913280027197, 'CIDEr': 0.6372181598550755}


[EPOCH 7 TRAIN]
time: 244.23 seconds | lr: 0.000100
loss:2.456368 = (1-reg):0.50 * r2l_loss:2.429664 + (reg):0.50 * l2r_loss:2.483072
{'testlen': 3185, 'reflen': 3358, 'guess': [3185, 2688, 2191, 1695], 'correct': [2807, 1778, 953, 414]}
ratio: 0.948481238832356
{'testlen': 3521, 'reflen': 3597, 'guess': [3521, 3024, 2527, 2030], 'correct': [3065, 1962, 1066, 516]}
ratio: 0.9788712816233031
[EPOCH 7 VAL]
time: 95.62 seconds
loss:2.849128 = (1-reg):0.50 * r2l_loss:2.835417 + (reg):0.50 * l2r_loss:2.862838
r2l_scores: {'Bleu_1': 0.8347248719435381, 'Bleu_2': 0.7231495367466316, 'Bleu_3': 0.599476793006231, 'Bleu_4': 0.47248664299255566, 'METEOR': 0.3110611968587625, 'ROUGE_L': 0.6465592969801863, 'CIDEr': 0.6485825556616419}
l2r_scores: {'Bleu_1': 0.8519033071640526, 'Bleu_2': 0.735472917850427, 'Bleu_3': 0.6066949705430894, 'Bleu_4': 0.4854814881914398, 'METEOR': 0.3267524718773275, 'ROUGE_L': 0.6548920123079256, 'CIDEr': 0.6312106811497262}


[EPOCH 8 TRAIN]
time: 241.65 seconds | lr: 0.000100
loss:2.385077 = (1-reg):0.50 * r2l_loss:2.357951 + (reg):0.50 * l2r_loss:2.412203
{'testlen': 3300, 'reflen': 3446, 'guess': [3300, 2803, 2306, 1810], 'correct': [2754, 1662, 868, 379]}
ratio: 0.9576320371442375
{'testlen': 3476, 'reflen': 3541, 'guess': [3476, 2979, 2482, 1985], 'correct': [2960, 1845, 978, 452]}
ratio: 0.9816436035015584
[EPOCH 8 VAL]
time: 97.31 seconds
loss:2.817469 = (1-reg):0.50 * r2l_loss:2.802494 + (reg):0.50 * l2r_loss:2.832444
r2l_scores: {'Bleu_1': 0.7984279936529315, 'Bleu_2': 0.6729994637111919, 'Bleu_3': 0.5463763248849769, 'Bleu_4': 0.42516303937692185, 'METEOR': 0.2956994394595227, 'ROUGE_L': 0.6176781335392523, 'CIDEr': 0.6174756818532376}
l2r_scores: {'Bleu_1': 0.8357777137945773, 'Bleu_2': 0.7127672692580641, 'Bleu_3': 0.5813492803353224, 'Bleu_4': 0.4577644328882371, 'METEOR': 0.3183824342590526, 'ROUGE_L': 0.6431868181115387, 'CIDEr': 0.6215990583056477}


[EPOCH 9 TRAIN]
time: 241.92 seconds | lr: 0.000100
loss:2.323085 = (1-reg):0.50 * r2l_loss:2.295552 + (reg):0.50 * l2r_loss:2.350617
{'testlen': 3168, 'reflen': 3340, 'guess': [3168, 2671, 2174, 1678], 'correct': [2743, 1657, 864, 373]}
ratio: 0.948502994011692
{'testlen': 3334, 'reflen': 3431, 'guess': [3334, 2837, 2340, 1843], 'correct': [2917, 1860, 1017, 470]}
ratio: 0.9717283590787025
[EPOCH 9 VAL]
time: 96.17 seconds
loss:2.812694 = (1-reg):0.50 * r2l_loss:2.804345 + (reg):0.50 * l2r_loss:2.821042
r2l_scores: {'Bleu_1': 0.8200899978339481, 'Bleu_2': 0.6941694679649669, 'Bleu_3': 0.5660681236895845, 'Bleu_4': 0.44206482919238554, 'METEOR': 0.29982891468342854, 'ROUGE_L': 0.6283012639992513, 'CIDEr': 0.6050305624832661}
l2r_scores: {'Bleu_1': 0.8498365223793958, 'Bleu_2': 0.7356593832031119, 'Bleu_3': 0.6113281629343322, 'Bleu_4': 0.4877419078610483, 'METEOR': 0.31771016303063654, 'ROUGE_L': 0.6474953589759644, 'CIDEr': 0.6238648390827205}


[EPOCH 10 TRAIN]
time: 240.58 seconds | lr: 0.000100
loss:2.268926 = (1-reg):0.50 * r2l_loss:2.240943 + (reg):0.50 * l2r_loss:2.296909
{'testlen': 3291, 'reflen': 3438, 'guess': [3291, 2794, 2297, 1801], 'correct': [2851, 1770, 977, 457]}
ratio: 0.9572425828967547
{'testlen': 3462, 'reflen': 3529, 'guess': [3462, 2965, 2468, 1971], 'correct': [3014, 1920, 1057, 500]}
ratio: 0.9810144516857521
[EPOCH 10 VAL]
time: 96.36 seconds
loss:2.798282 = (1-reg):0.50 * r2l_loss:2.789711 + (reg):0.50 * l2r_loss:2.806852
r2l_scores: {'Bleu_1': 0.8284581681851851, 'Bleu_2': 0.7084502355219257, 'Bleu_3': 0.588822646982874, 'Bleu_4': 0.47177976862183657, 'METEOR': 0.3061292827112598, 'ROUGE_L': 0.6424926450358751, 'CIDEr': 0.6309367661122346}
l2r_scores: {'Bleu_1': 0.8539084163867838, 'Bleu_2': 0.7364469491938952, 'Bleu_3': 0.6107581798172311, 'Bleu_4': 0.48794580829514517, 'METEOR': 0.32568051248278634, 'ROUGE_L': 0.6575094379823438, 'CIDEr': 0.6365628759698445}


[EPOCH 11 TRAIN]
time: 240.86 seconds | lr: 0.000100
loss:2.220378 = (1-reg):0.50 * r2l_loss:2.192323 + (reg):0.50 * l2r_loss:2.248433
{'testlen': 3315, 'reflen': 3443, 'guess': [3315, 2818, 2321, 1825], 'correct': [2795, 1710, 915, 395]}
ratio: 0.9628231193723605
{'testlen': 3513, 'reflen': 3583, 'guess': [3513, 3016, 2519, 2022], 'correct': [3015, 1862, 985, 467]}
ratio: 0.9804632989112531
[EPOCH 11 VAL]
time: 97.96 seconds
loss:2.799846 = (1-reg):0.50 * r2l_loss:2.798731 + (reg):0.50 * l2r_loss:2.800961
r2l_scores: {'Bleu_1': 0.8112022397990721, 'Bleu_2': 0.6881887394868293, 'Bleu_3': 0.5642401416582344, 'Bleu_4': 0.43978382986715, 'METEOR': 0.3000226761688111, 'ROUGE_L': 0.6241152078960932, 'CIDEr': 0.6199600509994857}
l2r_scores: {'Bleu_1': 0.841308776602826, 'Bleu_2': 0.7135509783165535, 'Bleu_3': 0.5800535769193803, 'Bleu_4': 0.4584812478389681, 'METEOR': 0.3217754184441541, 'ROUGE_L': 0.6480984021586045, 'CIDEr': 0.6284504615815913}


[EPOCH 12 TRAIN]
time: 240.03 seconds | lr: 0.000100
loss:2.176263 = (1-reg):0.50 * r2l_loss:2.148673 + (reg):0.50 * l2r_loss:2.203852
{'testlen': 3289, 'reflen': 3437, 'guess': [3289, 2792, 2295, 1798], 'correct': [2811, 1683, 880, 385]}
ratio: 0.9569391911547986
{'testlen': 3535, 'reflen': 3586, 'guess': [3535, 3038, 2541, 2044], 'correct': [3056, 1958, 1065, 518]}
ratio: 0.9857780256550513
[EPOCH 12 VAL]
time: 97.47 seconds
loss:2.799991 = (1-reg):0.50 * r2l_loss:2.796056 + (reg):0.50 * l2r_loss:2.803926
r2l_scores: {'Bleu_1': 0.8170608108033318, 'Bleu_2': 0.6861834602328976, 'Bleu_3': 0.5567744454234277, 'Bleu_4': 0.433552388516824, 'METEOR': 0.2985923651402971, 'ROUGE_L': 0.6244896139631496, 'CIDEr': 0.6080159957910517}
l2r_scores: {'Bleu_1': 0.8521151701582386, 'Bleu_2': 0.7357474916940496, 'Bleu_3': 0.6069864032461931, 'Bleu_4': 0.4861609035609933, 'METEOR': 0.3264933160042512, 'ROUGE_L': 0.6568353994523122, 'CIDEr': 0.6301856716377039}


[EPOCH 13 TRAIN]
time: 242.66 seconds | lr: 0.000100
loss:2.135160 = (1-reg):0.50 * r2l_loss:2.107558 + (reg):0.50 * l2r_loss:2.162763
{'testlen': 3209, 'reflen': 3359, 'guess': [3209, 2712, 2215, 1718], 'correct': [2773, 1686, 900, 402]}
ratio: 0.9553438523367207
{'testlen': 3397, 'reflen': 3479, 'guess': [3397, 2900, 2403, 1906], 'correct': [2920, 1854, 1036, 509]}
ratio: 0.9764300086228869
[EPOCH 13 VAL]
time: 95.57 seconds
loss:2.808436 = (1-reg):0.50 * r2l_loss:2.810070 + (reg):0.50 * l2r_loss:2.806802
r2l_scores: {'Bleu_1': 0.8246690461566655, 'Bleu_2': 0.6994771953206639, 'Bleu_3': 0.574608192078465, 'Bleu_4': 0.45368505025608674, 'METEOR': 0.2982851820101572, 'ROUGE_L': 0.627457216978761, 'CIDEr': 0.6095852549050518}
l2r_scores: {'Bleu_1': 0.839081012286664, 'Bleu_2': 0.7236292397891179, 'Bleu_3': 0.6040203851606109, 'Bleu_4': 0.4895719936357306, 'METEOR': 0.3226519695513298, 'ROUGE_L': 0.6495243448843245, 'CIDEr': 0.6250037922976628}


[EPOCH 14 TRAIN]
time: 241.07 seconds | lr: 0.000100
loss:2.097950 = (1-reg):0.50 * r2l_loss:2.070129 + (reg):0.50 * l2r_loss:2.125772
{'testlen': 3299, 'reflen': 3438, 'guess': [3299, 2802, 2305, 1808], 'correct': [2766, 1653, 852, 377]}
ratio: 0.9595695171608611
{'testlen': 3367, 'reflen': 3472, 'guess': [3367, 2870, 2373, 1876], 'correct': [2945, 1848, 1008, 498]}
ratio: 0.9697580645158498
[EPOCH 14 VAL]
time: 96.22 seconds
loss:2.806823 = (1-reg):0.50 * r2l_loss:2.799180 + (reg):0.50 * l2r_loss:2.814467
r2l_scores: {'Bleu_1': 0.8038431314323347, 'Bleu_2': 0.6742776063342236, 'Bleu_3': 0.5441465261312144, 'Bleu_4': 0.4236410033779884, 'METEOR': 0.29041218637983623, 'ROUGE_L': 0.6168389685803469, 'CIDEr': 0.5853133277580466}
l2r_scores: {'Bleu_1': 0.8478103142301742, 'Bleu_2': 0.7274240230943828, 'Bleu_3': 0.6017251935617252, 'Bleu_4': 0.48658856866121675, 'METEOR': 0.32342606337017216, 'ROUGE_L': 0.6542767571566758, 'CIDEr': 0.6356354700850548}


[EPOCH 15 TRAIN]
time: 239.08 seconds | lr: 0.000050
loss:2.015055 = (1-reg):0.50 * r2l_loss:1.985877 + (reg):0.50 * l2r_loss:2.044233
{'testlen': 3310, 'reflen': 3434, 'guess': [3310, 2813, 2316, 1819], 'correct': [2825, 1703, 901, 406]}
ratio: 0.9638905066974479
{'testlen': 3473, 'reflen': 3564, 'guess': [3473, 2976, 2479, 1982], 'correct': [2966, 1852, 1004, 482]}
ratio: 0.9744668911332843
[EPOCH 15 VAL]
time: 96.08 seconds
loss:2.797030 = (1-reg):0.50 * r2l_loss:2.792572 + (reg):0.50 * l2r_loss:2.801488
r2l_scores: {'Bleu_1': 0.8220927461367392, 'Bleu_2': 0.6923856285015962, 'Bleu_3': 0.564249125262816, 'Bleu_4': 0.4433115983985617, 'METEOR': 0.29919558421731934, 'ROUGE_L': 0.625692801490198, 'CIDEr': 0.6076347536340856}
l2r_scores: {'Bleu_1': 0.8319302625125062, 'Bleu_2': 0.7101625538125501, 'Bleu_3': 0.5838004528226515, 'Bleu_4': 0.46594999076165966, 'METEOR': 0.31711371427377405, 'ROUGE_L': 0.6408664600500282, 'CIDEr': 0.621433175573766}


[EPOCH 16 TRAIN]
time: 238.54 seconds | lr: 0.000050
loss:1.984196 = (1-reg):0.50 * r2l_loss:1.955469 + (reg):0.50 * l2r_loss:2.012923
{'testlen': 3272, 'reflen': 3414, 'guess': [3272, 2775, 2278, 1781], 'correct': [2792, 1661, 886, 406]}
ratio: 0.9584065612182313
{'testlen': 3478, 'reflen': 3544, 'guess': [3478, 2981, 2484, 1987], 'correct': [2988, 1850, 1001, 486]}
ratio: 0.9813769751690233
[EPOCH 16 VAL]
time: 97.09 seconds
loss:2.810235 = (1-reg):0.50 * r2l_loss:2.812967 + (reg):0.50 * l2r_loss:2.807502
r2l_scores: {'Bleu_1': 0.8170608011750063, 'Bleu_2': 0.6843159120841857, 'Bleu_3': 0.5587040831281267, 'Bleu_4': 0.44171279203684494, 'METEOR': 0.29462354589060097, 'ROUGE_L': 0.6209184202824906, 'CIDEr': 0.6085668585581493}
l2r_scores: {'Bleu_1': 0.8429652261971026, 'Bleu_2': 0.7164551817101007, 'Bleu_3': 0.5876784001471725, 'Bleu_4': 0.46979031369803237, 'METEOR': 0.3247558367994886, 'ROUGE_L': 0.6487296947763517, 'CIDEr': 0.6338696468273292}



[BEST: 5 | SEED: 904666 | VAL-CIDEr: 0.6398094426100097]
{'testlen': 17944, 'reflen': 19481, 'guess': [17944, 14954, 11964, 8975], 'correct': [15653, 9629, 4958, 2155]}
ratio: 0.9211026128021702
{'testlen': 19367, 'reflen': 20449, 'guess': [19367, 16377, 13387, 10397], 'correct': [17053, 10863, 5867, 2754]}
ratio: 0.9470878771577609
time: 473.83 seconds
r2l_scores: {'Bleu_1': 0.8007162994731908, 'Bleu_2': 0.6879413463473467, 'Bleu_3': 0.5646479583879673, 'Bleu_4': 0.44630999418648853, 'METEOR': 0.2965583637049725, 'ROUGE_L': 0.630557320855158, 'CIDEr': 0.6175595854849797}
l2r_scores: {'Bleu_1': 0.8326743289732921, 'Bleu_2': 0.7227093463891268, 'Bleu_3': 0.600434494969495, 'Bleu_4': 0.48255562556271253, 'METEOR': 0.31254459965118847, 'ROUGE_L': 0.6505968695353417, 'CIDEr': 0.6185407194077909}
----------------------------------------
>> [Train time] Total: 3862.97 seconds => Per epoch: 241.44 seconds
>> [Val time] Total: 1535.79 seconds => Per epoch: 95.99 seconds
