Found 1 CUDA device(s)

Device 0: NVIDIA A100-SXM4-40GB
  Total memory bytes: 42296475648
  MultiProcessor count: 108
  Major.Minor: 8.0
  Max threads per block: 2048
  Memory reserved bytes: 0
  Memory allocated bytes: 0
  Free inside reserved bytes: 0
  Active allocations: 0
========================================
MODEL ID: MSVD = FEAT newBlip2ClsKF+newMViTv2+newImgCapBlip2KF fsl-10 mcl-20 = Transformer d-512 N_enc-0 N_dec-6 h-8 h_big-8 dp-0.1 = OPTIM lr-0.0001 warmup-3 gamma-0.5 pat-3 wd-5e-06 rg-0.5 = bs-64-gc-5.0-ls-0.15 = 1764633966
Enter the load_video_feats method.
Enter the load_video_feats method.
Enter the load_video_feats method.
#vocabs: 4116 (9614), #words: 339057 (345799). Trim words which appear less than 3 times.
{'Total': 68543016, 'Trainable': 68543016}


[EPOCH 1 TRAIN]
time: 127.96 seconds | lr: 0.000033
loss:3.594424 = (1-reg):0.50 * r2l_loss:3.545509 + (reg):0.50 * l2r_loss:3.643340
{'testlen': 554, 'reflen': 548, 'guess': [554, 454, 354, 254], 'correct': [415, 258, 136, 51]}
ratio: 1.0109489051076443
{'testlen': 496, 'reflen': 497, 'guess': [496, 396, 296, 196], 'correct': [409, 261, 151, 64]}
ratio: 0.9979879275633844
[EPOCH 1 VAL]
time: 35.51 seconds
loss:3.429593 = (1-reg):0.50 * r2l_loss:3.249195 + (reg):0.50 * l2r_loss:3.609990
r2l_scores: {'Bleu_1': 0.7490974729228356, 'Bleu_2': 0.6524557945997208, 'Bleu_3': 0.5468639274555661, 'Bleu_4': 0.4256901220923163, 'METEOR': 0.3225274980659172, 'ROUGE_L': 0.7059332771166963, 'CIDEr': 0.8536961538119541}
l2r_scores: {'Bleu_1': 0.8229359554688643, 'Bleu_2': 0.7357290134168752, 'Bleu_3': 0.6507514373106386, 'Bleu_4': 0.5474234901712662, 'METEOR': 0.3442930112656652, 'ROUGE_L': 0.7220786543847665, 'CIDEr': 0.6088698921142981}
>> Saving checkpoint to 1.ckpt
>> New best model at epoch 1 | CIDEr: 0.6088698921142981


[EPOCH 2 TRAIN]
time: 125.18 seconds | lr: 0.000056
loss:2.738554 = (1-reg):0.50 * r2l_loss:2.683363 + (reg):0.50 * l2r_loss:2.793745
{'testlen': 637, 'reflen': 624, 'guess': [637, 537, 437, 341], 'correct': [494, 327, 188, 90]}
ratio: 1.0208333333316975
{'testlen': 496, 'reflen': 494, 'guess': [496, 396, 296, 196], 'correct': [443, 307, 182, 89]}
ratio: 1.004048582993919
[EPOCH 2 VAL]
time: 37.63 seconds
loss:3.090025 = (1-reg):0.50 * r2l_loss:2.963138 + (reg):0.50 * l2r_loss:3.216912
r2l_scores: {'Bleu_1': 0.7755102040804153, 'Bleu_2': 0.6871957925019959, 'Bleu_3': 0.5878670680292784, 'Bleu_4': 0.481206385362223, 'METEOR': 0.3797266819356576, 'ROUGE_L': 0.7576593042245652, 'CIDEr': 1.1896296212162307}
l2r_scores: {'Bleu_1': 0.893145161288522, 'Bleu_2': 0.8321135990381674, 'Bleu_3': 0.75228367718435, 'Bleu_4': 0.6630857775400337, 'METEOR': 0.3964896586588053, 'ROUGE_L': 0.7891700897355919, 'CIDEr': 1.1611133700770109}
>> Saving checkpoint to 2.ckpt
>> New best model at epoch 2 | CIDEr: 1.1611133700770109


[EPOCH 3 TRAIN]
time: 122.58 seconds | lr: 0.000078
loss:2.348151 = (1-reg):0.50 * r2l_loss:2.294807 + (reg):0.50 * l2r_loss:2.401495
{'testlen': 574, 'reflen': 570, 'guess': [574, 474, 374, 274], 'correct': [510, 360, 222, 114]}
ratio: 1.0070175438578823
{'testlen': 553, 'reflen': 550, 'guess': [553, 453, 353, 253], 'correct': [495, 352, 218, 113]}
ratio: 1.0054545454527173
[EPOCH 3 VAL]
time: 38.49 seconds
loss:2.892115 = (1-reg):0.50 * r2l_loss:2.794904 + (reg):0.50 * l2r_loss:2.989326
r2l_scores: {'Bleu_1': 0.8885017421587309, 'Bleu_2': 0.8214690802089781, 'Bleu_3': 0.7371478530940565, 'Bleu_4': 0.6389318325644517, 'METEOR': 0.4312225807827736, 'ROUGE_L': 0.8134552979947779, 'CIDEr': 1.4545481064768213}
l2r_scores: {'Bleu_1': 0.8951175406855423, 'Bleu_2': 0.8339927293882363, 'Bleu_3': 0.7545165537438573, 'Bleu_4': 0.6618217869750562, 'METEOR': 0.43525578897469974, 'ROUGE_L': 0.8220648249121413, 'CIDEr': 1.3918688344246621}
>> Saving checkpoint to 3.ckpt
>> New best model at epoch 3 | CIDEr: 1.3918688344246621


[EPOCH 4 TRAIN]
time: 122.90 seconds | lr: 0.000100
loss:2.097589 = (1-reg):0.50 * r2l_loss:2.052048 + (reg):0.50 * l2r_loss:2.143130
{'testlen': 564, 'reflen': 561, 'guess': [564, 464, 364, 264], 'correct': [506, 359, 222, 114]}
ratio: 1.0053475935810956
{'testlen': 567, 'reflen': 565, 'guess': [567, 467, 367, 267], 'correct': [507, 362, 230, 123]}
ratio: 1.0035398230070733
[EPOCH 4 VAL]
time: 37.18 seconds
loss:2.724437 = (1-reg):0.50 * r2l_loss:2.641303 + (reg):0.50 * l2r_loss:2.807571
r2l_scores: {'Bleu_1': 0.8971631205657852, 'Bleu_2': 0.8331514230391244, 'Bleu_3': 0.7508730041057518, 'Bleu_4': 0.653883079115289, 'METEOR': 0.431719953153338, 'ROUGE_L': 0.8204355938655848, 'CIDEr': 1.4530618932503776}
l2r_scores: {'Bleu_1': 0.8941798941783171, 'Bleu_2': 0.8325461085698318, 'Bleu_3': 0.7573432994789216, 'Bleu_4': 0.6688335546543036, 'METEOR': 0.44304372905586115, 'ROUGE_L': 0.8266518218210115, 'CIDEr': 1.4517068665982416}
>> Saving checkpoint to 4.ckpt
>> New best model at epoch 4 | CIDEr: 1.4517068665982416


[EPOCH 5 TRAIN]
time: 122.84 seconds | lr: 0.000100
loss:1.921410 = (1-reg):0.50 * r2l_loss:1.880327 + (reg):0.50 * l2r_loss:1.962493
{'testlen': 558, 'reflen': 556, 'guess': [558, 458, 358, 258], 'correct': [504, 365, 231, 121]}
ratio: 1.0035971223003533
{'testlen': 570, 'reflen': 569, 'guess': [570, 470, 370, 270], 'correct': [527, 384, 242, 129]}
ratio: 1.0017574692425277
[EPOCH 5 VAL]
time: 37.91 seconds
loss:2.615345 = (1-reg):0.50 * r2l_loss:2.585127 + (reg):0.50 * l2r_loss:2.645564
r2l_scores: {'Bleu_1': 0.9032258064499943, 'Bleu_2': 0.8484218838005261, 'Bleu_3': 0.774433668631985, 'Bleu_4': 0.6831712559852225, 'METEOR': 0.45591993450794127, 'ROUGE_L': 0.8372461793658748, 'CIDEr': 1.601402132413394}
l2r_scores: {'Bleu_1': 0.9245614035071499, 'Bleu_2': 0.8691296440594797, 'Bleu_3': 0.7905468077091974, 'Bleu_4': 0.6970311364441752, 'METEOR': 0.4483836601900341, 'ROUGE_L': 0.8406875478288611, 'CIDEr': 1.5550588192620567}
>> Saving checkpoint to 5.ckpt
>> New best model at epoch 5 | CIDEr: 1.5550588192620567


[EPOCH 6 TRAIN]
time: 125.81 seconds | lr: 0.000100
loss:1.805685 = (1-reg):0.50 * r2l_loss:1.768535 + (reg):0.50 * l2r_loss:1.842835
{'testlen': 583, 'reflen': 582, 'guess': [583, 483, 383, 283], 'correct': [548, 401, 257, 147]}
ratio: 1.0017182130566982
{'testlen': 589, 'reflen': 588, 'guess': [589, 489, 389, 289], 'correct': [539, 389, 249, 136]}
ratio: 1.0017006802704054
[EPOCH 6 VAL]
time: 38.37 seconds
loss:2.574051 = (1-reg):0.50 * r2l_loss:2.559302 + (reg):0.50 * l2r_loss:2.588801
r2l_scores: {'Bleu_1': 0.9399656946810635, 'Bleu_2': 0.883394361225953, 'Bleu_3': 0.8060237986797757, 'Bleu_4': 0.722176951291029, 'METEOR': 0.45366240271684394, 'ROUGE_L': 0.8439419357756272, 'CIDEr': 1.6293658668689879}
l2r_scores: {'Bleu_1': 0.9151103565349489, 'Bleu_2': 0.8532122973315166, 'Bleu_3': 0.7752729883757303, 'Bleu_4': 0.6843074308464897, 'METEOR': 0.44337552146090925, 'ROUGE_L': 0.8326124439262259, 'CIDEr': 1.563049831514459}
>> Saving checkpoint to 6.ckpt
>> New best model at epoch 6 | CIDEr: 1.563049831514459


[EPOCH 7 TRAIN]
time: 122.10 seconds | lr: 0.000100
loss:1.723112 = (1-reg):0.50 * r2l_loss:1.688425 + (reg):0.50 * l2r_loss:1.757799
{'testlen': 586, 'reflen': 586, 'guess': [586, 486, 386, 286], 'correct': [538, 383, 235, 127]}
ratio: 0.9999999999982936
{'testlen': 581, 'reflen': 578, 'guess': [581, 481, 381, 281], 'correct': [532, 379, 243, 135]}
ratio: 1.005190311416946
[EPOCH 7 VAL]
time: 40.19 seconds
loss:2.562246 = (1-reg):0.50 * r2l_loss:2.548913 + (reg):0.50 * l2r_loss:2.575579
r2l_scores: {'Bleu_1': 0.9180887371982319, 'Bleu_2': 0.8505964820034857, 'Bleu_3': 0.7608678622744692, 'Bleu_4': 0.6650301766342908, 'METEOR': 0.44735655444865635, 'ROUGE_L': 0.825599423188343, 'CIDEr': 1.5302135512391828}
l2r_scores: {'Bleu_1': 0.9156626506008336, 'Bleu_2': 0.849405007086983, 'Bleu_3': 0.7720349781941941, 'Bleu_4': 0.6857007034500857, 'METEOR': 0.4475944786501142, 'ROUGE_L': 0.8329903462233532, 'CIDEr': 1.5783384204290316}
>> Saving checkpoint to 7.ckpt
>> New best model at epoch 7 | CIDEr: 1.5783384204290316


[EPOCH 8 TRAIN]
time: 120.18 seconds | lr: 0.000100
loss:1.658311 = (1-reg):0.50 * r2l_loss:1.624834 + (reg):0.50 * l2r_loss:1.691788
{'testlen': 588, 'reflen': 588, 'guess': [588, 488, 388, 288], 'correct': [547, 392, 244, 126]}
ratio: 0.9999999999982994
{'testlen': 605, 'reflen': 603, 'guess': [605, 505, 405, 305], 'correct': [553, 402, 265, 152]}
ratio: 1.0033167495837425
[EPOCH 8 VAL]
time: 37.95 seconds
loss:2.503963 = (1-reg):0.50 * r2l_loss:2.482967 + (reg):0.50 * l2r_loss:2.524960
r2l_scores: {'Bleu_1': 0.9302721088403733, 'Bleu_2': 0.8644465047401706, 'Bleu_3': 0.7774601098063186, 'Bleu_4': 0.6733689721179621, 'METEOR': 0.4583700753521694, 'ROUGE_L': 0.8412178440460104, 'CIDEr': 1.6194451344132312}
l2r_scores: {'Bleu_1': 0.9140495867753486, 'Bleu_2': 0.8530062549919382, 'Bleu_3': 0.7808454681819239, 'Bleu_4': 0.6979266110470723, 'METEOR': 0.4558055537194315, 'ROUGE_L': 0.8336924398996309, 'CIDEr': 1.532020623820798}


[EPOCH 9 TRAIN]
time: 119.75 seconds | lr: 0.000100
loss:1.605671 = (1-reg):0.50 * r2l_loss:1.572512 + (reg):0.50 * l2r_loss:1.638830
{'testlen': 589, 'reflen': 588, 'guess': [589, 489, 389, 289], 'correct': [542, 388, 244, 133]}
ratio: 1.0017006802704054
{'testlen': 593, 'reflen': 588, 'guess': [593, 493, 393, 293], 'correct': [540, 385, 242, 130]}
ratio: 1.008503401358829
[EPOCH 9 VAL]
time: 37.67 seconds
loss:2.495959 = (1-reg):0.50 * r2l_loss:2.478121 + (reg):0.50 * l2r_loss:2.513797
r2l_scores: {'Bleu_1': 0.9202037351427501, 'Bleu_2': 0.8544830044997083, 'Bleu_3': 0.7708129950089304, 'Bleu_4': 0.6775638395344712, 'METEOR': 0.44778502650271823, 'ROUGE_L': 0.8263886656873596, 'CIDEr': 1.5950701179592999}
l2r_scores: {'Bleu_1': 0.9106239460355638, 'Bleu_2': 0.8432890058030389, 'Bleu_3': 0.7593789670983893, 'Bleu_4': 0.6639155735422262, 'METEOR': 0.440152317552269, 'ROUGE_L': 0.8101073833485744, 'CIDEr': 1.5185100500526016}


[EPOCH 10 TRAIN]
time: 119.77 seconds | lr: 0.000100
loss:1.560694 = (1-reg):0.50 * r2l_loss:1.527660 + (reg):0.50 * l2r_loss:1.593728
{'testlen': 599, 'reflen': 598, 'guess': [599, 499, 399, 299], 'correct': [558, 397, 251, 137]}
ratio: 1.0016722408010006
{'testlen': 577, 'reflen': 571, 'guess': [577, 477, 377, 277], 'correct': [529, 382, 251, 138]}
ratio: 1.0105078809089134
[EPOCH 10 VAL]
time: 37.46 seconds
loss:2.487397 = (1-reg):0.50 * r2l_loss:2.472428 + (reg):0.50 * l2r_loss:2.502367
r2l_scores: {'Bleu_1': 0.9315525876445216, 'Bleu_2': 0.8608919935959115, 'Bleu_3': 0.7754123632501605, 'Bleu_4': 0.6798480959795972, 'METEOR': 0.44758106775049156, 'ROUGE_L': 0.8252792350287609, 'CIDEr': 1.522128220018472}
l2r_scores: {'Bleu_1': 0.9168110918528305, 'Bleu_2': 0.8568650347712385, 'Bleu_3': 0.7877451500429908, 'Bleu_4': 0.7024883605159941, 'METEOR': 0.4416975352615944, 'ROUGE_L': 0.831667935971572, 'CIDEr': 1.4979786333519742}


[EPOCH 11 TRAIN]
time: 120.56 seconds | lr: 0.000100
loss:1.523609 = (1-reg):0.50 * r2l_loss:1.492025 + (reg):0.50 * l2r_loss:1.555192
{'testlen': 579, 'reflen': 575, 'guess': [579, 479, 379, 279], 'correct': [525, 359, 221, 116]}
ratio: 1.0069565217373793
{'testlen': 593, 'reflen': 589, 'guess': [593, 493, 393, 293], 'correct': [536, 383, 250, 146]}
ratio: 1.0067911714753706
[EPOCH 11 VAL]
time: 38.10 seconds
loss:2.478324 = (1-reg):0.50 * r2l_loss:2.437624 + (reg):0.50 * l2r_loss:2.519024
r2l_scores: {'Bleu_1': 0.9067357512937708, 'Bleu_2': 0.82436555564861, 'Bleu_3': 0.734509774455488, 'Bleu_4': 0.6371059061426825, 'METEOR': 0.43965771337035886, 'ROUGE_L': 0.8135617319543766, 'CIDEr': 1.5225394015692562}
l2r_scores: {'Bleu_1': 0.9038785834723375, 'Bleu_2': 0.8379748328108351, 'Bleu_3': 0.7644277948653955, 'Bleu_4': 0.6868685968407362, 'METEOR': 0.4486495402133387, 'ROUGE_L': 0.8262285948111956, 'CIDEr': 1.5132769510116606}


[EPOCH 12 TRAIN]
time: 119.72 seconds | lr: 0.000100
loss:1.487753 = (1-reg):0.50 * r2l_loss:1.455081 + (reg):0.50 * l2r_loss:1.520424
{'testlen': 559, 'reflen': 557, 'guess': [559, 459, 359, 259], 'correct': [512, 362, 226, 118]}
ratio: 1.0035906642710888
{'testlen': 584, 'reflen': 580, 'guess': [584, 484, 384, 284], 'correct': [523, 371, 230, 125]}
ratio: 1.006896551722402
[EPOCH 12 VAL]
time: 39.24 seconds
loss:2.459690 = (1-reg):0.50 * r2l_loss:2.443192 + (reg):0.50 * l2r_loss:2.476187
r2l_scores: {'Bleu_1': 0.9159212880126728, 'Bleu_2': 0.8499179843295777, 'Bleu_3': 0.768993512962877, 'Bleu_4': 0.6746640483175218, 'METEOR': 0.4486488634774739, 'ROUGE_L': 0.8165633525113443, 'CIDEr': 1.5078824135987343}
l2r_scores: {'Bleu_1': 0.895547945203946, 'Bleu_2': 0.8285308710463437, 'Bleu_3': 0.7435976360649362, 'Bleu_4': 0.6522309729147809, 'METEOR': 0.4369471598651934, 'ROUGE_L': 0.8059342733508017, 'CIDEr': 1.4747660136820664}


[EPOCH 13 TRAIN]
time: 120.96 seconds | lr: 0.000100
loss:1.457499 = (1-reg):0.50 * r2l_loss:1.425053 + (reg):0.50 * l2r_loss:1.489945
{'testlen': 595, 'reflen': 593, 'guess': [595, 495, 395, 295], 'correct': [545, 377, 234, 126]}
ratio: 1.0033726812799268
{'testlen': 580, 'reflen': 575, 'guess': [580, 480, 380, 280], 'correct': [524, 377, 243, 134]}
ratio: 1.0086956521721588
[EPOCH 13 VAL]
time: 37.38 seconds
loss:2.461899 = (1-reg):0.50 * r2l_loss:2.448877 + (reg):0.50 * l2r_loss:2.474921
r2l_scores: {'Bleu_1': 0.9159663865530824, 'Bleu_2': 0.8352333826509658, 'Bleu_3': 0.7448659980394665, 'Bleu_4': 0.6481801764275393, 'METEOR': 0.4448564956534294, 'ROUGE_L': 0.8304023091160672, 'CIDEr': 1.5054551132115583}
l2r_scores: {'Bleu_1': 0.9034482758605114, 'Bleu_2': 0.8423676948522134, 'Bleu_3': 0.7684377547768287, 'Bleu_4': 0.6826423262249683, 'METEOR': 0.4473068950329582, 'ROUGE_L': 0.8224004591196767, 'CIDEr': 1.5237304751749474}


[EPOCH 14 TRAIN]
time: 121.95 seconds | lr: 0.000100
loss:1.427061 = (1-reg):0.50 * r2l_loss:1.395563 + (reg):0.50 * l2r_loss:1.458560
{'testlen': 576, 'reflen': 575, 'guess': [576, 476, 376, 276], 'correct': [526, 373, 233, 127]}
ratio: 1.0017391304330405
{'testlen': 595, 'reflen': 591, 'guess': [595, 495, 395, 295], 'correct': [538, 388, 252, 138]}
ratio: 1.0067681895076028
[EPOCH 14 VAL]
time: 37.93 seconds
loss:2.444013 = (1-reg):0.50 * r2l_loss:2.429670 + (reg):0.50 * l2r_loss:2.458357
r2l_scores: {'Bleu_1': 0.913194444442859, 'Bleu_2': 0.8459263826767387, 'Bleu_3': 0.7625665282631299, 'Bleu_4': 0.6720970105707412, 'METEOR': 0.44047299534135637, 'ROUGE_L': 0.8091159976540563, 'CIDEr': 1.5589204012457245}
l2r_scores: {'Bleu_1': 0.9042016806707492, 'Bleu_2': 0.8418717147163686, 'Bleu_3': 0.7675354216682059, 'Bleu_4': 0.6781692409791324, 'METEOR': 0.4429305648344427, 'ROUGE_L': 0.8255401867651192, 'CIDEr': 1.5404925232507258}


[EPOCH 15 TRAIN]
time: 119.89 seconds | lr: 0.000100
loss:1.401896 = (1-reg):0.50 * r2l_loss:1.368139 + (reg):0.50 * l2r_loss:1.435654
{'testlen': 580, 'reflen': 578, 'guess': [580, 480, 380, 280], 'correct': [530, 374, 238, 134]}
ratio: 1.0034602076107206
{'testlen': 584, 'reflen': 580, 'guess': [584, 484, 384, 284], 'correct': [522, 371, 233, 130]}
ratio: 1.006896551722402
[EPOCH 15 VAL]
time: 37.66 seconds
loss:2.459216 = (1-reg):0.50 * r2l_loss:2.454562 + (reg):0.50 * l2r_loss:2.463870
r2l_scores: {'Bleu_1': 0.9137931034467004, 'Bleu_2': 0.8437992216363267, 'Bleu_3': 0.7639950306825113, 'Bleu_4': 0.6796801586162065, 'METEOR': 0.4481437578550087, 'ROUGE_L': 0.8180033379779411, 'CIDEr': 1.6369078118206963}
l2r_scores: {'Bleu_1': 0.8938356164368256, 'Bleu_2': 0.8277383975306734, 'Bleu_3': 0.7463404272831141, 'Bleu_4': 0.6604789459546553, 'METEOR': 0.44836971440842444, 'ROUGE_L': 0.8211991036489488, 'CIDEr': 1.4926738739397485}


[EPOCH 16 TRAIN]
time: 119.81 seconds | lr: 0.000100
loss:1.376988 = (1-reg):0.50 * r2l_loss:1.344242 + (reg):0.50 * l2r_loss:1.409735
{'testlen': 559, 'reflen': 558, 'guess': [559, 459, 359, 259], 'correct': [511, 356, 222, 118]}
ratio: 1.0017921146935451
{'testlen': 591, 'reflen': 588, 'guess': [591, 491, 391, 291], 'correct': [535, 380, 246, 134]}
ratio: 1.0051020408146172
[EPOCH 16 VAL]
time: 38.27 seconds
loss:2.452898 = (1-reg):0.50 * r2l_loss:2.416167 + (reg):0.50 * l2r_loss:2.489628
r2l_scores: {'Bleu_1': 0.9141323792470231, 'Bleu_2': 0.8420215417154848, 'Bleu_3': 0.7596874935761894, 'Bleu_4': 0.6685313740662757, 'METEOR': 0.45121176862476314, 'ROUGE_L': 0.8204183783453415, 'CIDEr': 1.5525683249737028}
l2r_scores: {'Bleu_1': 0.9052453468681807, 'Bleu_2': 0.8370168537494982, 'Bleu_3': 0.7610425141272755, 'Bleu_4': 0.6712118901530693, 'METEOR': 0.4433635629610784, 'ROUGE_L': 0.8194358097461785, 'CIDEr': 1.5032942329404886}


[EPOCH 17 TRAIN]
time: 120.31 seconds | lr: 0.000100
loss:1.355438 = (1-reg):0.50 * r2l_loss:1.322958 + (reg):0.50 * l2r_loss:1.387917
{'testlen': 589, 'reflen': 587, 'guess': [589, 489, 389, 289], 'correct': [542, 377, 237, 131]}
ratio: 1.0034071550238444
{'testlen': 577, 'reflen': 574, 'guess': [577, 477, 377, 277], 'correct': [524, 370, 238, 123]}
ratio: 1.0052264808344857
[EPOCH 17 VAL]
time: 38.05 seconds
loss:2.434843 = (1-reg):0.50 * r2l_loss:2.425090 + (reg):0.50 * l2r_loss:2.444595
r2l_scores: {'Bleu_1': 0.9202037351427501, 'Bleu_2': 0.8422833997273437, 'Bleu_3': 0.7560869504630742, 'Bleu_4': 0.6653071182980066, 'METEOR': 0.4442805215022466, 'ROUGE_L': 0.8267436207565855, 'CIDEr': 1.5787737342090404}
l2r_scores: {'Bleu_1': 0.9081455805876809, 'Bleu_2': 0.8393042251919302, 'Bleu_3': 0.7632933438782233, 'Bleu_4': 0.6666147854178494, 'METEOR': 0.4398756445558592, 'ROUGE_L': 0.8169380873998131, 'CIDEr': 1.4926732556667606}


[EPOCH 18 TRAIN]
time: 119.20 seconds | lr: 0.000100
loss:1.333633 = (1-reg):0.50 * r2l_loss:1.302696 + (reg):0.50 * l2r_loss:1.364570
{'testlen': 560, 'reflen': 557, 'guess': [560, 460, 360, 260], 'correct': [510, 350, 219, 117]}
ratio: 1.0053859964075307
{'testlen': 571, 'reflen': 565, 'guess': [571, 471, 371, 271], 'correct': [523, 372, 231, 119]}
ratio: 1.01061946902476
[EPOCH 18 VAL]
time: 38.03 seconds
loss:2.469883 = (1-reg):0.50 * r2l_loss:2.451126 + (reg):0.50 * l2r_loss:2.488640
r2l_scores: {'Bleu_1': 0.9107142857126594, 'Bleu_2': 0.8324270434133864, 'Bleu_3': 0.7497986577067619, 'Bleu_4': 0.6599508953475425, 'METEOR': 0.42711786655989503, 'ROUGE_L': 0.798440383146323, 'CIDEr': 1.3998533443424737}
l2r_scores: {'Bleu_1': 0.9159369527129319, 'Bleu_2': 0.8505381665991237, 'Bleu_3': 0.7665524826679483, 'Bleu_4': 0.6668848302277565, 'METEOR': 0.4363327581722498, 'ROUGE_L': 0.8129605242644334, 'CIDEr': 1.481978634178429}


[EPOCH 19 TRAIN]
time: 118.91 seconds | lr: 0.000100
loss:1.312419 = (1-reg):0.50 * r2l_loss:1.281798 + (reg):0.50 * l2r_loss:1.343039
{'testlen': 579, 'reflen': 577, 'guess': [579, 479, 379, 279], 'correct': [532, 374, 237, 129]}
ratio: 1.0034662045043268
{'testlen': 576, 'reflen': 572, 'guess': [576, 476, 376, 276], 'correct': [523, 380, 248, 132]}
ratio: 1.0069930069912465
[EPOCH 19 VAL]
time: 36.94 seconds
loss:2.441980 = (1-reg):0.50 * r2l_loss:2.440534 + (reg):0.50 * l2r_loss:2.443426
r2l_scores: {'Bleu_1': 0.918825561311021, 'Bleu_2': 0.847002278614584, 'Bleu_3': 0.7655250933664747, 'Bleu_4': 0.6748635157717693, 'METEOR': 0.4462532181108571, 'ROUGE_L': 0.8181133782935858, 'CIDEr': 1.5614588528390476}
l2r_scores: {'Bleu_1': 0.9079861111095348, 'Bleu_2': 0.8513887841689072, 'Bleu_3': 0.7819396371267768, 'Bleu_4': 0.6915062880112284, 'METEOR': 0.437164906520411, 'ROUGE_L': 0.8193711420910621, 'CIDEr': 1.4644424449585811}


[EPOCH 20 TRAIN]
time: 120.02 seconds | lr: 0.000100
loss:1.292796 = (1-reg):0.50 * r2l_loss:1.260668 + (reg):0.50 * l2r_loss:1.324925
{'testlen': 574, 'reflen': 572, 'guess': [574, 474, 374, 274], 'correct': [523, 364, 234, 130]}
ratio: 1.0034965034947492
{'testlen': 590, 'reflen': 583, 'guess': [590, 490, 390, 290], 'correct': [519, 374, 243, 136]}
ratio: 1.012006861061729
[EPOCH 20 VAL]
time: 37.55 seconds
loss:2.450962 = (1-reg):0.50 * r2l_loss:2.438626 + (reg):0.50 * l2r_loss:2.463297
r2l_scores: {'Bleu_1': 0.9111498257823848, 'Bleu_2': 0.8364816519056888, 'Bleu_3': 0.7593098456316889, 'Bleu_4': 0.6750912371617882, 'METEOR': 0.4468703208112111, 'ROUGE_L': 0.8046467297336372, 'CIDEr': 1.5289858043296098}
l2r_scores: {'Bleu_1': 0.8796610169476616, 'Bleu_2': 0.8193990086540083, 'Bleu_3': 0.7479011109165483, 'Bleu_4': 0.6655311102111814, 'METEOR': 0.44406202919987814, 'ROUGE_L': 0.8001788021456168, 'CIDEr': 1.486012614454179}



[BEST: 7 | SEED: 904666 | VAL-CIDEr: 1.5783384204290316]
{'testlen': 3962, 'reflen': 3957, 'guess': [3962, 3292, 2622, 1952], 'correct': [3490, 2391, 1497, 805]}
ratio: 1.0012635835226178
{'testlen': 3928, 'reflen': 3923, 'guess': [3928, 3258, 2588, 1918], 'correct': [3504, 2422, 1534, 840]}
ratio: 1.0012745347945446
time: 156.26 seconds
r2l_scores: {'Bleu_1': 0.8808682483591921, 'Bleu_2': 0.7998625303034334, 'Bleu_3': 0.7148363129493802, 'Bleu_4': 0.6229941539384287, 'METEOR': 0.4353717011920807, 'ROUGE_L': 0.8020628075235976, 'CIDEr': 1.320529954834932}
l2r_scores: {'Bleu_1': 0.8920570264763513, 'Bleu_2': 0.8143438832192486, 'Bleu_3': 0.7325302914817926, 'Bleu_4': 0.6441349469073692, 'METEOR': 0.44274261992177827, 'ROUGE_L': 0.8185022943759155, 'CIDEr': 1.346600183711949}
----------------------------------------
>> [Train time] Total: 2430.39 seconds => Per epoch: 121.52 seconds
>> [Val time] Total: 757.51 seconds => Per epoch: 37.88 seconds
