Found 1 CUDA device(s)

Device 0: NVIDIA A100-SXM4-40GB
  Total memory bytes: 42296475648
  MultiProcessor count: 108
  Major.Minor: 8.0
  Max threads per block: 2048
  Memory reserved bytes: 0
  Memory allocated bytes: 0
  Free inside reserved bytes: 0
  Active allocations: 0
========================================
MODEL ID: MSRVTT = FEAT newBlip2ClsKF+newMViTv2+newImgCapBlip2KF fsl-13 mcl-20 = Transformer d-512 N_enc-0 N_dec-3 h-4 h_big-4 dp-0.1 = OPTIM lr-0.0001 warmup-3 gamma-0.5 pat-3 wd-5e-06 rg-0.2 = bs-64-gc-5.0-ls-0.15 = 1764745010
Enter the load_video_feats method.
Enter the load_video_feats method.
Enter the load_video_feats method.
#vocabs: 10444 (23046), #words: 1178850 (1194458). Trim words which appear less than 3 times.
{'Total': 53114776, 'Trainable': 53114776}


[EPOCH 1 TRAIN]
time: 190.87 seconds | lr: 0.000033
loss:3.903261 = (1-reg):0.80 * r2l_loss:3.898102 + (reg):0.20 * l2r_loss:3.923896
{'testlen': 2824, 'reflen': 3124, 'guess': [2824, 2327, 1830, 1342], 'correct': [2429, 1420, 690, 273]}
ratio: 0.9039692701661639
{'testlen': 2937, 'reflen': 3187, 'guess': [2937, 2440, 1943, 1446], 'correct': [2549, 1540, 783, 342]}
ratio: 0.9215563225601124
[EPOCH 1 VAL]
time: 76.56 seconds
loss:3.465353 = (1-reg):0.80 * r2l_loss:3.447066 + (reg):0.20 * l2r_loss:3.538504
r2l_scores: {'Bleu_1': 0.7734401680204118, 'Bleu_2': 0.651465306359715, 'Bleu_3': 0.5240203612131247, 'Bleu_4': 0.4027908808288857, 'METEOR': 0.278573204713741, 'ROUGE_L': 0.6044760122269176, 'CIDEr': 0.45744480194926923}
l2r_scores: {'Bleu_1': 0.7970734881674317, 'Bleu_2': 0.6797212804759263, 'Bleu_3': 0.5550443976507594, 'Bleu_4': 0.43900388608128826, 'METEOR': 0.29036583281326195, 'ROUGE_L': 0.6217826096434607, 'CIDEr': 0.45387848718925705}
>> Saving checkpoint to 1.ckpt
>> New best model at epoch 1 | CIDEr: 0.45387848718925705


[EPOCH 2 TRAIN]
time: 187.64 seconds | lr: 0.000056
loss:3.224865 = (1-reg):0.80 * r2l_loss:3.216768 + (reg):0.20 * l2r_loss:3.257251
{'testlen': 2929, 'reflen': 3175, 'guess': [2929, 2432, 1935, 1438], 'correct': [2570, 1550, 791, 326]}
ratio: 0.9225196850390796
{'testlen': 2919, 'reflen': 3163, 'guess': [2919, 2422, 1925, 1428], 'correct': [2609, 1648, 896, 410]}
ratio: 0.9228580461584184
[EPOCH 2 VAL]
time: 76.99 seconds
loss:3.151949 = (1-reg):0.80 * r2l_loss:3.130971 + (reg):0.20 * l2r_loss:3.235857
r2l_scores: {'Bleu_1': 0.806748846344433, 'Bleu_2': 0.6875678178423655, 'Bleu_3': 0.5621907976806543, 'Bleu_4': 0.43869090255876514, 'METEOR': 0.2940153292173528, 'ROUGE_L': 0.6337671336144461, 'CIDEr': 0.5659632797183127}
l2r_scores: {'Bleu_1': 0.8221237429734147, 'Bleu_2': 0.7173130517709002, 'Bleu_3': 0.6039448971997704, 'Bleu_4': 0.4911183950932549, 'METEOR': 0.3063883754515849, 'ROUGE_L': 0.6426333124415053, 'CIDEr': 0.5342212058623638}
>> Saving checkpoint to 2.ckpt
>> New best model at epoch 2 | CIDEr: 0.5342212058623638


[EPOCH 3 TRAIN]
time: 198.48 seconds | lr: 0.000078
loss:2.944735 = (1-reg):0.80 * r2l_loss:2.936857 + (reg):0.20 * l2r_loss:2.976246
{'testlen': 2914, 'reflen': 3165, 'guess': [2914, 2417, 1920, 1425], 'correct': [2551, 1584, 823, 334]}
ratio: 0.9206951026853332
{'testlen': 3078, 'reflen': 3288, 'guess': [3078, 2581, 2084, 1587], 'correct': [2726, 1702, 895, 402]}
ratio: 0.9361313868610291
[EPOCH 3 VAL]
time: 78.68 seconds
loss:2.974288 = (1-reg):0.80 * r2l_loss:2.966721 + (reg):0.20 * l2r_loss:3.004553
r2l_scores: {'Bleu_1': 0.80317941083799, 'Bleu_2': 0.6949305029671341, 'Bleu_3': 0.5748100295838117, 'Bleu_4': 0.44954592737468835, 'METEOR': 0.2995424780058581, 'ROUGE_L': 0.6362007253035484, 'CIDEr': 0.608227792064522}
l2r_scores: {'Bleu_1': 0.8272313946781481, 'Bleu_2': 0.7138125278023622, 'Bleu_3': 0.5890531392460227, 'Bleu_4': 0.4689435650467627, 'METEOR': 0.30628221089849555, 'ROUGE_L': 0.639772723681086, 'CIDEr': 0.5756092057090412}
>> Saving checkpoint to 3.ckpt
>> New best model at epoch 3 | CIDEr: 0.5756092057090412


[EPOCH 4 TRAIN]
time: 195.32 seconds | lr: 0.000100
loss:2.760542 = (1-reg):0.80 * r2l_loss:2.752182 + (reg):0.20 * l2r_loss:2.793981
{'testlen': 3118, 'reflen': 3323, 'guess': [3118, 2621, 2124, 1629], 'correct': [2666, 1590, 806, 355]}
ratio: 0.9383087571468738
{'testlen': 3119, 'reflen': 3313, 'guess': [3119, 2622, 2125, 1628], 'correct': [2749, 1741, 938, 445]}
ratio: 0.9414428010863443
[EPOCH 4 VAL]
time: 81.56 seconds
loss:2.891656 = (1-reg):0.80 * r2l_loss:2.884026 + (reg):0.20 * l2r_loss:2.922177
r2l_scores: {'Bleu_1': 0.8006272285891515, 'Bleu_2': 0.6743779946237617, 'Bleu_3': 0.5446839071218833, 'Bleu_4': 0.4261346073679851, 'METEOR': 0.29701858586867846, 'ROUGE_L': 0.6191757317848474, 'CIDEr': 0.6003670427204088}
l2r_scores: {'Bleu_1': 0.8282214974817156, 'Bleu_2': 0.7188691696286356, 'Bleu_3': 0.598471653302156, 'Bleu_4': 0.48440194098201783, 'METEOR': 0.31131125307623964, 'ROUGE_L': 0.6375795940788813, 'CIDEr': 0.6102573953620801}
>> Saving checkpoint to 4.ckpt
>> New best model at epoch 4 | CIDEr: 0.6102573953620801


[EPOCH 5 TRAIN]
time: 186.10 seconds | lr: 0.000100
loss:2.615581 = (1-reg):0.80 * r2l_loss:2.606112 + (reg):0.20 * l2r_loss:2.653456
{'testlen': 3111, 'reflen': 3319, 'guess': [3111, 2614, 2117, 1622], 'correct': [2657, 1595, 796, 333]}
ratio: 0.9373305212410553
{'testlen': 3053, 'reflen': 3247, 'guess': [3053, 2556, 2059, 1562], 'correct': [2736, 1709, 902, 395]}
ratio: 0.9402525408066091
[EPOCH 5 VAL]
time: 82.54 seconds
loss:2.827549 = (1-reg):0.80 * r2l_loss:2.819767 + (reg):0.20 * l2r_loss:2.858675
r2l_scores: {'Bleu_1': 0.7988308307638253, 'Bleu_2': 0.6752064751657396, 'Bleu_3': 0.5432622906358231, 'Bleu_4': 0.4188864719722753, 'METEOR': 0.29179451244938176, 'ROUGE_L': 0.6107048616984784, 'CIDEr': 0.5769199286185592}
l2r_scores: {'Bleu_1': 0.8409931458680537, 'Bleu_2': 0.7264210466403243, 'Bleu_3': 0.6008647571472127, 'Bleu_4': 0.476334850448967, 'METEOR': 0.31136773361351644, 'ROUGE_L': 0.6502339684389736, 'CIDEr': 0.6170591030771865}
>> Saving checkpoint to 5.ckpt
>> New best model at epoch 5 | CIDEr: 0.6170591030771865


[EPOCH 6 TRAIN]
time: 191.80 seconds | lr: 0.000100
loss:2.508594 = (1-reg):0.80 * r2l_loss:2.497926 + (reg):0.20 * l2r_loss:2.551264
{'testlen': 3102, 'reflen': 3317, 'guess': [3102, 2605, 2108, 1612], 'correct': [2691, 1654, 857, 357]}
ratio: 0.9351823937289915
{'testlen': 3267, 'reflen': 3393, 'guess': [3267, 2770, 2273, 1776], 'correct': [2895, 1844, 1010, 475]}
ratio: 0.9628647214851274
[EPOCH 6 VAL]
time: 81.52 seconds
loss:2.809586 = (1-reg):0.80 * r2l_loss:2.806064 + (reg):0.20 * l2r_loss:2.823674
r2l_scores: {'Bleu_1': 0.8094143516217318, 'Bleu_2': 0.6924666102635582, 'Bleu_3': 0.5665900741186868, 'Bleu_4': 0.4403036292876954, 'METEOR': 0.29540153355762194, 'ROUGE_L': 0.6282151422999932, 'CIDEr': 0.6189212551895191}
l2r_scores: {'Bleu_1': 0.8526087476726971, 'Bleu_2': 0.7389935386489506, 'Bleu_3': 0.6157690507638292, 'Bleu_4': 0.4950951163342709, 'METEOR': 0.32245592277288454, 'ROUGE_L': 0.6567307057881027, 'CIDEr': 0.6469899348670057}
>> Saving checkpoint to 6.ckpt
>> New best model at epoch 6 | CIDEr: 0.6469899348670057


[EPOCH 7 TRAIN]
time: 190.97 seconds | lr: 0.000100
loss:2.425459 = (1-reg):0.80 * r2l_loss:2.414208 + (reg):0.20 * l2r_loss:2.470461
{'testlen': 3200, 'reflen': 3376, 'guess': [3200, 2703, 2206, 1709], 'correct': [2812, 1735, 935, 445]}
ratio: 0.9478672985779183
{'testlen': 3217, 'reflen': 3371, 'guess': [3217, 2720, 2223, 1727], 'correct': [2818, 1764, 929, 418]}
ratio: 0.9543162266386964
[EPOCH 7 VAL]
time: 83.19 seconds
loss:2.785832 = (1-reg):0.80 * r2l_loss:2.785386 + (reg):0.20 * l2r_loss:2.787617
r2l_scores: {'Bleu_1': 0.8317238237636041, 'Bleu_2': 0.7108421785771142, 'Bleu_3': 0.5874290614279645, 'Bleu_4': 0.47276956333687065, 'METEOR': 0.31191799015890986, 'ROUGE_L': 0.6450971862241465, 'CIDEr': 0.6323848228617227}
l2r_scores: {'Bleu_1': 0.8350259124350314, 'Bleu_2': 0.7184885096495556, 'Bleu_3': 0.5902581288741243, 'Bleu_4': 0.4667184557742807, 'METEOR': 0.3160932736538604, 'ROUGE_L': 0.6476679119596596, 'CIDEr': 0.6254964370484711}


[EPOCH 8 TRAIN]
time: 196.71 seconds | lr: 0.000100
loss:2.354907 = (1-reg):0.80 * r2l_loss:2.342652 + (reg):0.20 * l2r_loss:2.403928
{'testlen': 3231, 'reflen': 3399, 'guess': [3231, 2734, 2237, 1740], 'correct': [2783, 1690, 884, 400]}
ratio: 0.950573698146234
{'testlen': 3203, 'reflen': 3370, 'guess': [3203, 2706, 2209, 1712], 'correct': [2797, 1718, 901, 404]}
ratio: 0.9504451038572848
[EPOCH 8 VAL]
time: 81.72 seconds
loss:2.770583 = (1-reg):0.80 * r2l_loss:2.769673 + (reg):0.20 * l2r_loss:2.774224
r2l_scores: {'Bleu_1': 0.8177010364643585, 'Bleu_2': 0.6927085071983784, 'Bleu_3': 0.5646359697471102, 'Bleu_4': 0.44520359909852925, 'METEOR': 0.30530972523302274, 'ROUGE_L': 0.6308014321920988, 'CIDEr': 0.6263020233738572}
l2r_scores: {'Bleu_1': 0.828880671879715, 'Bleu_2': 0.7067599518643167, 'Bleu_3': 0.5782866169271423, 'Bleu_4': 0.4562111324654928, 'METEOR': 0.3102349757022266, 'ROUGE_L': 0.6348989668099833, 'CIDEr': 0.5940531556485021}


[EPOCH 9 TRAIN]
time: 191.53 seconds | lr: 0.000100
loss:2.294524 = (1-reg):0.80 * r2l_loss:2.281435 + (reg):0.20 * l2r_loss:2.346876
{'testlen': 3196, 'reflen': 3357, 'guess': [3196, 2699, 2202, 1706], 'correct': [2755, 1701, 897, 395]}
ratio: 0.9520405123619445
{'testlen': 3161, 'reflen': 3331, 'guess': [3161, 2664, 2167, 1670], 'correct': [2812, 1810, 975, 459]}
ratio: 0.9489642749922098
[EPOCH 9 VAL]
time: 82.85 seconds
loss:2.770881 = (1-reg):0.80 * r2l_loss:2.772135 + (reg):0.20 * l2r_loss:2.765866
r2l_scores: {'Bleu_1': 0.8196662328972201, 'Bleu_2': 0.7008584961582551, 'Bleu_3': 0.5751564683195792, 'Bleu_4': 0.4524020626450742, 'METEOR': 0.3028551277749753, 'ROUGE_L': 0.6284244317701734, 'CIDEr': 0.6212457329945575}
l2r_scores: {'Bleu_1': 0.843012992812047, 'Bleu_2': 0.7367345466805268, 'Bleu_3': 0.6139557542172612, 'Bleu_4': 0.4954932254924442, 'METEOR': 0.32115183201884456, 'ROUGE_L': 0.6545039741170118, 'CIDEr': 0.618419509035602}


[EPOCH 10 TRAIN]
time: 186.30 seconds | lr: 0.000100
loss:2.241362 = (1-reg):0.80 * r2l_loss:2.227184 + (reg):0.20 * l2r_loss:2.298071
{'testlen': 3290, 'reflen': 3454, 'guess': [3290, 2793, 2296, 1800], 'correct': [2792, 1676, 875, 396]}
ratio: 0.9525188187605812
{'testlen': 3341, 'reflen': 3488, 'guess': [3341, 2844, 2347, 1850], 'correct': [2876, 1767, 933, 431]}
ratio: 0.9578555045868814
[EPOCH 10 VAL]
time: 83.40 seconds
loss:2.765958 = (1-reg):0.80 * r2l_loss:2.766287 + (reg):0.20 * l2r_loss:2.764644
r2l_scores: {'Bleu_1': 0.8073666279163729, 'Bleu_2': 0.6789105780013381, 'Bleu_3': 0.5508130224558719, 'Bleu_4': 0.4324606923675357, 'METEOR': 0.2952930273753001, 'ROUGE_L': 0.6241723041094389, 'CIDEr': 0.604558964900125}
l2r_scores: {'Bleu_1': 0.8237662007643417, 'Bleu_2': 0.6998440014724817, 'Bleu_3': 0.5711552879254905, 'Bleu_4': 0.45145547846990847, 'METEOR': 0.310926555084319, 'ROUGE_L': 0.6334750076086743, 'CIDEr': 0.5911605392168494}


[EPOCH 11 TRAIN]
time: 187.40 seconds | lr: 0.000100
loss:2.193957 = (1-reg):0.80 * r2l_loss:2.179162 + (reg):0.20 * l2r_loss:2.253137
{'testlen': 3159, 'reflen': 3329, 'guess': [3159, 2662, 2165, 1668], 'correct': [2718, 1657, 861, 385]}
ratio: 0.948933613697522
{'testlen': 3226, 'reflen': 3369, 'guess': [3226, 2729, 2232, 1735], 'correct': [2838, 1781, 957, 434]}
ratio: 0.9575541703766822
[EPOCH 11 VAL]
time: 82.12 seconds
loss:2.767943 = (1-reg):0.80 * r2l_loss:2.774716 + (reg):0.20 * l2r_loss:2.740853
r2l_scores: {'Bleu_1': 0.8153207341275326, 'Bleu_2': 0.6934829728130376, 'Bleu_3': 0.5659114814906125, 'Bleu_4': 0.4462052900264902, 'METEOR': 0.29855697146594495, 'ROUGE_L': 0.6254981102899974, 'CIDEr': 0.6043372886959212}
l2r_scores: {'Bleu_1': 0.8415829120521523, 'Bleu_2': 0.7248582506760616, 'Bleu_3': 0.5995484259749134, 'Bleu_4': 0.4765439750450427, 'METEOR': 0.307861928966888, 'ROUGE_L': 0.6343131573773559, 'CIDEr': 0.5891918315743097}


[EPOCH 12 TRAIN]
time: 191.56 seconds | lr: 0.000100
loss:2.150975 = (1-reg):0.80 * r2l_loss:2.135500 + (reg):0.20 * l2r_loss:2.212873
{'testlen': 3110, 'reflen': 3295, 'guess': [3110, 2613, 2116, 1619], 'correct': [2681, 1616, 830, 360]}
ratio: 0.9438543247341596
{'testlen': 3258, 'reflen': 3388, 'guess': [3258, 2761, 2264, 1767], 'correct': [2868, 1793, 972, 464]}
ratio: 0.9616292798108141
[EPOCH 12 VAL]
time: 85.24 seconds
loss:2.768225 = (1-reg):0.80 * r2l_loss:2.772632 + (reg):0.20 * l2r_loss:2.750593
r2l_scores: {'Bleu_1': 0.8122733175534754, 'Bleu_2': 0.6879944711255939, 'Bleu_3': 0.5592843872199604, 'Bleu_4': 0.4375522037282788, 'METEOR': 0.2950949761618215, 'ROUGE_L': 0.6227037202962974, 'CIDEr': 0.6127111973189313}
l2r_scores: {'Bleu_1': 0.8458608881764831, 'Bleu_2': 0.726510427423361, 'Bleu_3': 0.6016096693353237, 'Bleu_4': 0.48414358627005655, 'METEOR': 0.31790232350473896, 'ROUGE_L': 0.6485110683635104, 'CIDEr': 0.6263608279603323}


[EPOCH 13 TRAIN]
time: 197.77 seconds | lr: 0.000100
loss:2.111872 = (1-reg):0.80 * r2l_loss:2.095851 + (reg):0.20 * l2r_loss:2.175957
{'testlen': 3209, 'reflen': 3362, 'guess': [3209, 2712, 2215, 1718], 'correct': [2733, 1643, 833, 355]}
ratio: 0.9544913741817506
{'testlen': 3357, 'reflen': 3487, 'guess': [3357, 2860, 2363, 1866], 'correct': [2905, 1825, 986, 453]}
ratio: 0.962718669342999
[EPOCH 13 VAL]
time: 85.57 seconds
loss:2.770196 = (1-reg):0.80 * r2l_loss:2.777749 + (reg):0.20 * l2r_loss:2.739984
r2l_scores: {'Bleu_1': 0.8120138683887719, 'Bleu_2': 0.6848609886508232, 'Bleu_3': 0.5519798446645823, 'Bleu_4': 0.4266454283054526, 'METEOR': 0.29480703480761444, 'ROUGE_L': 0.6137468090974102, 'CIDEr': 0.6007762883365635}
l2r_scores: {'Bleu_1': 0.8324855789796878, 'Bleu_2': 0.7148710981303168, 'Bleu_3': 0.5897711601409197, 'Bleu_4': 0.46784799252062464, 'METEOR': 0.31263227349339945, 'ROUGE_L': 0.6401957247427594, 'CIDEr': 0.6102974345639276}


[EPOCH 14 TRAIN]
time: 196.96 seconds | lr: 0.000100
loss:2.074628 = (1-reg):0.80 * r2l_loss:2.057860 + (reg):0.20 * l2r_loss:2.141697
{'testlen': 3324, 'reflen': 3473, 'guess': [3324, 2827, 2330, 1833], 'correct': [2817, 1649, 842, 369]}
ratio: 0.9570976101350541
{'testlen': 3352, 'reflen': 3447, 'guess': [3352, 2855, 2358, 1861], 'correct': [2917, 1874, 1032, 498]}
ratio: 0.9724398027267269
[EPOCH 14 VAL]
time: 84.91 seconds
loss:2.775846 = (1-reg):0.80 * r2l_loss:2.783919 + (reg):0.20 * l2r_loss:2.743556
r2l_scores: {'Bleu_1': 0.8103233612726889, 'Bleu_2': 0.6722686624461162, 'Bleu_3': 0.5385071544344358, 'Bleu_4': 0.4163827368182745, 'METEOR': 0.29840085193428906, 'ROUGE_L': 0.6156275122275912, 'CIDEr': 0.5912363634873729}
l2r_scores: {'Bleu_1': 0.8459096003042719, 'Bleu_2': 0.7346652216382663, 'Bleu_3': 0.6123533967377938, 'Bleu_4': 0.49436216384427856, 'METEOR': 0.3234098373221265, 'ROUGE_L': 0.6538518583019705, 'CIDEr': 0.6337399386988036}


[EPOCH 15 TRAIN]
time: 195.92 seconds | lr: 0.000050
loss:1.992136 = (1-reg):0.80 * r2l_loss:1.974518 + (reg):0.20 * l2r_loss:2.062610
{'testlen': 3197, 'reflen': 3368, 'guess': [3197, 2700, 2203, 1706], 'correct': [2726, 1623, 852, 384]}
ratio: 0.9492280285032811
{'testlen': 3396, 'reflen': 3484, 'guess': [3396, 2899, 2402, 1905], 'correct': [2956, 1863, 1010, 475]}
ratio: 0.9747416762339338
[EPOCH 15 VAL]
time: 83.55 seconds
loss:2.776663 = (1-reg):0.80 * r2l_loss:2.785506 + (reg):0.20 * l2r_loss:2.741291
r2l_scores: {'Bleu_1': 0.8082650989830874, 'Bleu_2': 0.6786402227124008, 'Bleu_3': 0.5527027607750534, 'Bleu_4': 0.4356617459173867, 'METEOR': 0.29426160411274194, 'ROUGE_L': 0.6186235006377276, 'CIDEr': 0.6005760012497322}
l2r_scores: {'Bleu_1': 0.8481700742882157, 'Bleu_2': 0.7287807472243846, 'Bleu_3': 0.6014914383723636, 'Bleu_4': 0.47952173192191133, 'METEOR': 0.3191569084473426, 'ROUGE_L': 0.6510442065051102, 'CIDEr': 0.6114631939948988}


[EPOCH 16 TRAIN]
time: 186.62 seconds | lr: 0.000050
loss:1.963097 = (1-reg):0.80 * r2l_loss:1.944991 + (reg):0.20 * l2r_loss:2.035525
{'testlen': 3191, 'reflen': 3346, 'guess': [3191, 2694, 2197, 1700], 'correct': [2717, 1607, 829, 349]}
ratio: 0.9536760310816038
{'testlen': 3424, 'reflen': 3511, 'guess': [3424, 2927, 2430, 1933], 'correct': [2941, 1802, 977, 467]}
ratio: 0.975220734833103
[EPOCH 16 VAL]
time: 84.35 seconds
loss:2.783231 = (1-reg):0.80 * r2l_loss:2.792535 + (reg):0.20 * l2r_loss:2.746015
r2l_scores: {'Bleu_1': 0.8110868573306113, 'Bleu_2': 0.6788832442310324, 'Bleu_3': 0.549211633247605, 'Bleu_4': 0.4242531296509731, 'METEOR': 0.29201335769411785, 'ROUGE_L': 0.608134921223909, 'CIDEr': 0.5891879440148293}
l2r_scores: {'Bleu_1': 0.8373872282268451, 'Bleu_2': 0.7089436724209706, 'Bleu_3': 0.5818695160117381, 'Bleu_4': 0.4641215421488522, 'METEOR': 0.31625532446996724, 'ROUGE_L': 0.63945586414887, 'CIDEr': 0.6137750003570088}



[BEST: 6 | SEED: 904666 | VAL-CIDEr: 0.6469899348670057]
{'testlen': 19119, 'reflen': 20326, 'guess': [19119, 16129, 13139, 10159], 'correct': [16286, 9885, 5158, 2336]}
ratio: 0.9406179277771848
{'testlen': 19694, 'reflen': 20631, 'guess': [19694, 16704, 13714, 10724], 'correct': [17332, 11028, 5981, 2780]}
ratio: 0.9545829092142429
time: 411.64 seconds
r2l_scores: {'Bleu_1': 0.799708751004962, 'Bleu_2': 0.6783312666247965, 'Bleu_3': 0.5535137696580775, 'Bleu_4': 0.43741879436528397, 'METEOR': 0.2949121003710369, 'ROUGE_L': 0.6247782936895994, 'CIDEr': 0.6157267473868064}
l2r_scores: {'Bleu_1': 0.8391737858418966, 'Bleu_2': 0.7268297137875311, 'Bleu_3': 0.6033982627984379, 'Bleu_4': 0.48273560239554164, 'METEOR': 0.31211901406315784, 'ROUGE_L': 0.6506565527159089, 'CIDEr': 0.6392111110675142}
----------------------------------------
>> [Train time] Total: 3071.97 seconds => Per epoch: 192.00 seconds
>> [Val time] Total: 1314.73 seconds => Per epoch: 82.17 seconds
