Found 1 CUDA device(s)

Device 0: NVIDIA A100-SXM4-40GB
  Total memory bytes: 42296475648
  MultiProcessor count: 108
  Major.Minor: 8.0
  Max threads per block: 2048
========================================
MODEL ID: VATEX = FEAT newBlip2ClsKF+newMViTv2+newImgCapBlip2KF fsl-9 mcl-20 = Transformer d-512 N_enc-0 N_dec-3 h-4 h_big-4 dp-0.1 = OPTIM lr-0.0001 warmup-3 gamma-0.5 pat-3 wd-5e-06 rg-0.6 = ep-16 bs-64 gc-5.0 bms-4 ls-0.15 = 1764864267
Enter the load_video_feats method.
Enter the load_video_feats method.
Enter the load_video_feats method.
#vocabs: 12511 (26446), #words: 3078359 (3095340). Trim words which appear less than 3 times.
{'Total': 57352126, 'Trainable': 57352126}


[EPOCH 1 TRAIN]
time: 326.19 seconds | lr: 0.000033
loss:3.685652 = (1-reg):0.40 * r2l_loss:3.695429 + (reg):0.60 * l2r_loss:3.679134
{'testlen': 27442, 'reflen': 29868, 'guess': [27442, 24878, 22314, 19750], 'correct': [19962, 10978, 5289, 1971]}
ratio: 0.9187759475023128
{'testlen': 28820, 'reflen': 29885, 'guess': [28820, 26256, 23692, 21128], 'correct': [21641, 11941, 5733, 2319]}
ratio: 0.9643633930064928
[EPOCH 1 VAL]
time: 479.07 seconds
loss:3.207843 = (1-reg):0.40 * r2l_loss:3.185528 + (reg):0.60 * l2r_loss:3.222719
r2l_scores: {'Bleu_1': 0.6658779686635753, 'Bleu_2': 0.5186261153825896, 'Bleu_3': 0.3878856850647873, 'Bleu_4': 0.27021489442507934, 'METEOR': 0.2021636381337989, 'ROUGE_L': 0.4705758267612696, 'CIDEr': 0.37293695234579477}
l2r_scores: {'Bleu_1': 0.7236601293239977, 'Bleu_2': 0.5631823536768862, 'Bleu_3': 0.4197685178638561, 'Bleu_4': 0.29741016797012615, 'METEOR': 0.2180496986635666, 'ROUGE_L': 0.48800521964343563, 'CIDEr': 0.3969483814979223}
>> New best model at epoch 1 | N_Metrics: 4 | CIDEr: 0.3969483814979223


[EPOCH 2 TRAIN]
time: 329.11 seconds | lr: 0.000056
loss:2.937833 = (1-reg):0.40 * r2l_loss:2.942379 + (reg):0.60 * l2r_loss:2.934803
{'testlen': 26263, 'reflen': 28763, 'guess': [26263, 23699, 21135, 18571], 'correct': [21011, 12651, 6591, 2844]}
ratio: 0.9130827799603339
{'testlen': 27922, 'reflen': 28948, 'guess': [27922, 25358, 22794, 20230], 'correct': [22608, 13761, 7342, 3229]}
ratio: 0.9645571369351608
[EPOCH 2 VAL]
time: 460.43 seconds
loss:2.787894 = (1-reg):0.40 * r2l_loss:2.788362 + (reg):0.60 * l2r_loss:2.787582
r2l_scores: {'Bleu_1': 0.7273802142190031, 'Bleu_2': 0.5941658765616533, 'Bleu_3': 0.4643098055938497, 'Bleu_4': 0.3435929472443673, 'METEOR': 0.23493758106787177, 'ROUGE_L': 0.5152617720499648, 'CIDEr': 0.6141407735689383}
l2r_scores: {'Bleu_1': 0.7804720879290673, 'Bleu_2': 0.6389502785056101, 'Bleu_3': 0.5023309140672703, 'Bleu_4': 0.37369811622580895, 'METEOR': 0.2476090173488923, 'ROUGE_L': 0.5299731387449045, 'CIDEr': 0.6474667274744956}
>> New best model at epoch 2 | N_Metrics: 4 | CIDEr: 0.6474667274744956


[EPOCH 3 TRAIN]
time: 325.98 seconds | lr: 0.000078
loss:2.653690 = (1-reg):0.40 * r2l_loss:2.661023 + (reg):0.60 * l2r_loss:2.648802
{'testlen': 25022, 'reflen': 27983, 'guess': [25022, 22458, 19894, 17330], 'correct': [20800, 13024, 7119, 3224]}
ratio: 0.8941857556373193
{'testlen': 29262, 'reflen': 29842, 'guess': [29262, 26698, 24134, 21570], 'correct': [23621, 14563, 7932, 3618]}
ratio: 0.9805643053414321
[EPOCH 3 VAL]
time: 454.09 seconds
loss:2.624501 = (1-reg):0.40 * r2l_loss:2.615544 + (reg):0.60 * l2r_loss:2.630473
r2l_scores: {'Bleu_1': 0.7384969436379605, 'Bleu_2': 0.6168288806427558, 'Bleu_3': 0.49455115665227856, 'Bleu_4': 0.3760186456294202, 'METEOR': 0.24638882299607792, 'ROUGE_L': 0.532014490849466, 'CIDEr': 0.6927269322215416}
l2r_scores: {'Bleu_1': 0.7913819743166429, 'Bleu_2': 0.6505416059812293, 'Bleu_3': 0.514713008119837, 'Bleu_4': 0.3869692292965551, 'METEOR': 0.2598752787116031, 'ROUGE_L': 0.5383993251175259, 'CIDEr': 0.735339681523632}
>> New best model at epoch 3 | N_Metrics: 4 | CIDEr: 0.735339681523632


[EPOCH 4 TRAIN]
time: 320.41 seconds | lr: 0.000100
loss:2.495775 = (1-reg):0.40 * r2l_loss:2.506454 + (reg):0.60 * l2r_loss:2.488655
{'testlen': 26420, 'reflen': 28537, 'guess': [26420, 23856, 21292, 18728], 'correct': [22004, 13717, 7486, 3490]}
ratio: 0.9258156078073755
{'testlen': 29050, 'reflen': 29667, 'guess': [29050, 26486, 23922, 21358], 'correct': [23977, 15080, 8383, 4022]}
ratio: 0.9792024808709684
[EPOCH 4 VAL]
time: 451.61 seconds
loss:2.509134 = (1-reg):0.40 * r2l_loss:2.513218 + (reg):0.60 * l2r_loss:2.506412
r2l_scores: {'Bleu_1': 0.7687221144026368, 'Bleu_2': 0.6387276542168607, 'Bleu_3': 0.5096692737151278, 'Bleu_4': 0.38846328972224153, 'METEOR': 0.2572344621965295, 'ROUGE_L': 0.5419404489090655, 'CIDEr': 0.7574177041436246}
l2r_scores: {'Bleu_1': 0.8080246702307234, 'Bleu_2': 0.6711085175084295, 'Bleu_3': 0.5366046913786809, 'Bleu_4': 0.4108234245759363, 'METEOR': 0.26639255234204906, 'ROUGE_L': 0.5483882911898301, 'CIDEr': 0.8030163936017195}
>> New best model at epoch 4 | N_Metrics: 4 | CIDEr: 0.8030163936017195


[EPOCH 5 TRAIN]
time: 317.50 seconds | lr: 0.000100
loss:2.382792 = (1-reg):0.40 * r2l_loss:2.395899 + (reg):0.60 * l2r_loss:2.374055
{'testlen': 26859, 'reflen': 28499, 'guess': [26859, 24295, 21731, 19167], 'correct': [22437, 14091, 7742, 3590]}
ratio: 0.942454121197202
{'testlen': 29326, 'reflen': 29810, 'guess': [29326, 26762, 24198, 21634], 'correct': [24268, 15248, 8536, 4130]}
ratio: 0.9837638376383434
[EPOCH 5 VAL]
time: 454.15 seconds
loss:2.440470 = (1-reg):0.40 * r2l_loss:2.453313 + (reg):0.60 * l2r_loss:2.431908
r2l_scores: {'Bleu_1': 0.7858815591413235, 'Bleu_2': 0.6548352950713268, 'Bleu_3': 0.5238093598684148, 'Bleu_4': 0.3989197651074551, 'METEOR': 0.2589735072041908, 'ROUGE_L': 0.5436949709105592, 'CIDEr': 0.7816257690737727}
l2r_scores: {'Bleu_1': 0.8139795708695337, 'Bleu_2': 0.6754140422362185, 'Bleu_3': 0.5409400682284926, 'Bleu_4': 0.41521521326843935, 'METEOR': 0.27056386148506156, 'ROUGE_L': 0.5515234407458387, 'CIDEr': 0.8255282259379022}
>> New best model at epoch 5 | N_Metrics: 4 | CIDEr: 0.8255282259379022


[EPOCH 6 TRAIN]
time: 322.95 seconds | lr: 0.000100
loss:2.304751 = (1-reg):0.40 * r2l_loss:2.319996 + (reg):0.60 * l2r_loss:2.294587
{'testlen': 26274, 'reflen': 28244, 'guess': [26274, 23710, 21146, 18582], 'correct': [22319, 14207, 7910, 3744]}
ratio: 0.930250672709215
{'testlen': 29382, 'reflen': 29880, 'guess': [29382, 26818, 24254, 21690], 'correct': [24526, 15607, 8789, 4288]}
ratio: 0.9833333333333004
[EPOCH 6 VAL]
time: 447.08 seconds
loss:2.398283 = (1-reg):0.40 * r2l_loss:2.415084 + (reg):0.60 * l2r_loss:2.387083
r2l_scores: {'Bleu_1': 0.7881076473332802, 'Bleu_2': 0.6619065619786326, 'Bleu_3': 0.5337356494203925, 'Bleu_4': 0.41059603935401534, 'METEOR': 0.2614976240129942, 'ROUGE_L': 0.548706783677632, 'CIDEr': 0.7957801210764643}
l2r_scores: {'Bleu_1': 0.8207000239608531, 'Bleu_2': 0.6852645780293115, 'Bleu_3': 0.5510240800164441, 'Bleu_4': 0.4246552610455257, 'METEOR': 0.2734554609684726, 'ROUGE_L': 0.5533782909728265, 'CIDEr': 0.8557629784645473}
>> New best model at epoch 6 | N_Metrics: 4 | CIDEr: 0.8557629784645473


[EPOCH 7 TRAIN]
time: 323.90 seconds | lr: 0.000100
loss:2.245354 = (1-reg):0.40 * r2l_loss:2.262537 + (reg):0.60 * l2r_loss:2.233899
{'testlen': 27731, 'reflen': 28966, 'guess': [27731, 25167, 22603, 20039], 'correct': [23272, 14805, 8286, 3977]}
ratio: 0.9573638058412981
{'testlen': 29342, 'reflen': 29806, 'guess': [29342, 26778, 24214, 21650], 'correct': [24650, 15792, 8903, 4360]}
ratio: 0.9844326645641487
[EPOCH 7 VAL]
time: 450.82 seconds
loss:2.370165 = (1-reg):0.40 * r2l_loss:2.386477 + (reg):0.60 * l2r_loss:2.359291
r2l_scores: {'Bleu_1': 0.8026512271007262, 'Bleu_2': 0.672018558295003, 'Bleu_3': 0.5410034374592823, 'Bleu_4': 0.4163749360469748, 'METEOR': 0.26691068391362816, 'ROUGE_L': 0.5521876761912443, 'CIDEr': 0.8278549855750058}
l2r_scores: {'Bleu_1': 0.8269123741386697, 'Bleu_2': 0.6928279258638478, 'Bleu_3': 0.5579787094996891, 'Bleu_4': 0.4307779232531291, 'METEOR': 0.275948228560306, 'ROUGE_L': 0.5584459512503525, 'CIDEr': 0.8686600066126489}
>> New best model at epoch 7 | N_Metrics: 4 | CIDEr: 0.8686600066126489


[EPOCH 8 TRAIN]
time: 319.30 seconds | lr: 0.000100
loss:2.197052 = (1-reg):0.40 * r2l_loss:2.214666 + (reg):0.60 * l2r_loss:2.185310
{'testlen': 27602, 'reflen': 28866, 'guess': [27602, 25038, 22474, 19910], 'correct': [23255, 14841, 8304, 3973]}
ratio: 0.9562114598489241
{'testlen': 29400, 'reflen': 29879, 'guess': [29400, 26836, 24272, 21708], 'correct': [24473, 15567, 8696, 4208]}
ratio: 0.983968673650357
[EPOCH 8 VAL]
time: 450.98 seconds
loss:2.338744 = (1-reg):0.40 * r2l_loss:2.360461 + (reg):0.60 * l2r_loss:2.324266
r2l_scores: {'Bleu_1': 0.8047996985119995, 'Bleu_2': 0.6750433664261554, 'Bleu_3': 0.5438270113976802, 'Bleu_4': 0.4184421361803373, 'METEOR': 0.26866738376411686, 'ROUGE_L': 0.552175573649842, 'CIDEr': 0.831707314244177}
l2r_scores: {'Bleu_1': 0.8189627140870583, 'Bleu_2': 0.6836562063702453, 'Bleu_3': 0.5481985884931249, 'Bleu_4': 0.4210158797530135, 'METEOR': 0.27526356859492906, 'ROUGE_L': 0.5538593404737081, 'CIDEr': 0.8504869942956399}


[EPOCH 9 TRAIN]
time: 316.34 seconds | lr: 0.000100
loss:2.156136 = (1-reg):0.40 * r2l_loss:2.175004 + (reg):0.60 * l2r_loss:2.143557
{'testlen': 27362, 'reflen': 28688, 'guess': [27362, 24798, 22234, 19670], 'correct': [23163, 14797, 8278, 3882]}
ratio: 0.9537785833797772
{'testlen': 29675, 'reflen': 30110, 'guess': [29675, 27111, 24547, 21983], 'correct': [24835, 15867, 8929, 4338]}
ratio: 0.9855529724343745
[EPOCH 9 VAL]
time: 447.62 seconds
loss:2.320449 = (1-reg):0.40 * r2l_loss:2.342249 + (reg):0.60 * l2r_loss:2.305916
r2l_scores: {'Bleu_1': 0.8064927416381169, 'Bleu_2': 0.6771041691459607, 'Bleu_3': 0.5458300359365231, 'Bleu_4': 0.4181616869965884, 'METEOR': 0.2677178009691214, 'ROUGE_L': 0.5538738689938077, 'CIDEr': 0.8275698140625561}
l2r_scores: {'Bleu_1': 0.8247212771217209, 'Bleu_2': 0.6896760157214433, 'Bleu_3': 0.5545101112215567, 'Bleu_4': 0.4267182230322355, 'METEOR': 0.2782143589946389, 'ROUGE_L': 0.5594794488105505, 'CIDEr': 0.871110584941264}
>> New best model at epoch 9 | N_Metrics: 3 | CIDEr: 0.871110584941264


[EPOCH 10 TRAIN]
time: 318.42 seconds | lr: 0.000100
loss:2.120581 = (1-reg):0.40 * r2l_loss:2.139985 + (reg):0.60 * l2r_loss:2.107645
{'testlen': 27061, 'reflen': 28513, 'guess': [27061, 24497, 21933, 19369], 'correct': [22982, 14695, 8242, 3941]}
ratio: 0.9490758601339406
{'testlen': 29245, 'reflen': 29740, 'guess': [29245, 26681, 24117, 21553], 'correct': [24527, 15541, 8672, 4171]}
ratio: 0.9833557498318432
[EPOCH 10 VAL]
time: 447.97 seconds
loss:2.302941 = (1-reg):0.40 * r2l_loss:2.329481 + (reg):0.60 * l2r_loss:2.285248
r2l_scores: {'Bleu_1': 0.8048987146006809, 'Bleu_2': 0.6764685157381644, 'Bleu_3': 0.5462301496677385, 'Bleu_4': 0.42104728709140915, 'METEOR': 0.2685078875464325, 'ROUGE_L': 0.553837922506781, 'CIDEr': 0.8301092960401187}
l2r_scores: {'Bleu_1': 0.8245973787069373, 'Bleu_2': 0.6872013057229155, 'Bleu_3': 0.5506441471800768, 'Bleu_4': 0.4221809880407931, 'METEOR': 0.2752709276678762, 'ROUGE_L': 0.5549954312562132, 'CIDEr': 0.8551201287554258}


[EPOCH 11 TRAIN]
time: 327.10 seconds | lr: 0.000100
loss:2.089427 = (1-reg):0.40 * r2l_loss:2.109798 + (reg):0.60 * l2r_loss:2.075847
{'testlen': 26801, 'reflen': 28383, 'guess': [26801, 24237, 21673, 19109], 'correct': [22937, 14692, 8251, 3951]}
ratio: 0.9442624105978599
{'testlen': 29260, 'reflen': 29717, 'guess': [29260, 26696, 24132, 21568], 'correct': [24643, 15722, 8787, 4275]}
ratio: 0.9846215970656195
[EPOCH 11 VAL]
time: 447.07 seconds
loss:2.285193 = (1-reg):0.40 * r2l_loss:2.313720 + (reg):0.60 * l2r_loss:2.266176
r2l_scores: {'Bleu_1': 0.8067709167061354, 'Bleu_2': 0.6789823021475456, 'Bleu_3': 0.548979795418216, 'Bleu_4': 0.42376559366161587, 'METEOR': 0.26872461843432577, 'ROUGE_L': 0.5564188429345007, 'CIDEr': 0.8361563639888854}
l2r_scores: {'Bleu_1': 0.8291558839149944, 'Bleu_2': 0.6933577248380403, 'Bleu_3': 0.5564929320798657, 'Bleu_4': 0.42823339661960713, 'METEOR': 0.27706091820779805, 'ROUGE_L': 0.557643664029896, 'CIDEr': 0.8694929615802398}


[EPOCH 12 TRAIN]
time: 327.03 seconds | lr: 0.000100
loss:2.061131 = (1-reg):0.40 * r2l_loss:2.082346 + (reg):0.60 * l2r_loss:2.046988
{'testlen': 27948, 'reflen': 29033, 'guess': [27948, 25384, 22820, 20256], 'correct': [23562, 14973, 8332, 3985]}
ratio: 0.9626287328212392
{'testlen': 29978, 'reflen': 30246, 'guess': [29978, 27414, 24850, 22286], 'correct': [25010, 15818, 8812, 4264]}
ratio: 0.991139324208127
[EPOCH 12 VAL]
time: 452.79 seconds
loss:2.275467 = (1-reg):0.40 * r2l_loss:2.306168 + (reg):0.60 * l2r_loss:2.254999
r2l_scores: {'Bleu_1': 0.8109632875244064, 'Bleu_2': 0.6783360033232636, 'Bleu_3': 0.544696241075217, 'Bleu_4': 0.4181859016151935, 'METEOR': 0.2695535000327702, 'ROUGE_L': 0.5531846582964941, 'CIDEr': 0.8473344783660579}
l2r_scores: {'Bleu_1': 0.8268533530612143, 'Bleu_2': 0.687642253737768, 'Bleu_3': 0.5497900641523846, 'Bleu_4': 0.42133088594891455, 'METEOR': 0.27706435903171783, 'ROUGE_L': 0.5550152734339625, 'CIDEr': 0.870630259082572}


[EPOCH 13 TRAIN]
time: 324.64 seconds | lr: 0.000100
loss:2.035384 = (1-reg):0.40 * r2l_loss:2.056818 + (reg):0.60 * l2r_loss:2.021094
{'testlen': 27357, 'reflen': 28684, 'guess': [27357, 24793, 22229, 19665], 'correct': [23294, 14896, 8337, 3958]}
ratio: 0.953737275135931
{'testlen': 30095, 'reflen': 30324, 'guess': [30095, 27531, 24967, 22403], 'correct': [25138, 15952, 8888, 4287]}
ratio: 0.9924482258276944
[EPOCH 13 VAL]
time: 453.56 seconds
loss:2.267599 = (1-reg):0.40 * r2l_loss:2.296182 + (reg):0.60 * l2r_loss:2.248543
r2l_scores: {'Bleu_1': 0.8111653174731128, 'Bleu_2': 0.6813838954421226, 'Bleu_3': 0.5494596341729464, 'Bleu_4': 0.42230939919973104, 'METEOR': 0.2713593873691063, 'ROUGE_L': 0.557201274765929, 'CIDEr': 0.8506413182195142}
l2r_scores: {'Bleu_1': 0.8289564678119918, 'Bleu_2': 0.69041483506497, 'Bleu_3': 0.5522271499241481, 'Bleu_4': 0.42288665434930606, 'METEOR': 0.27984317627334115, 'ROUGE_L': 0.5577752568375729, 'CIDEr': 0.8865607734773877}


[EPOCH 14 TRAIN]
time: 326.19 seconds | lr: 0.000100
loss:2.011963 = (1-reg):0.40 * r2l_loss:2.034014 + (reg):0.60 * l2r_loss:1.997262
{'testlen': 28346, 'reflen': 29202, 'guess': [28346, 25782, 23218, 20654], 'correct': [23874, 15146, 8453, 4052]}
ratio: 0.970686939250703
{'testlen': 30188, 'reflen': 30384, 'guess': [30188, 27624, 25060, 22496], 'correct': [25209, 16101, 9009, 4395]}
ratio: 0.993549236440199
[EPOCH 14 VAL]
time: 458.68 seconds
loss:2.258660 = (1-reg):0.40 * r2l_loss:2.292909 + (reg):0.60 * l2r_loss:2.235827
r2l_scores: {'Bleu_1': 0.8171813890223931, 'Bleu_2': 0.682483942954745, 'Bleu_3': 0.5479639650365234, 'Bleu_4': 0.42067972444064744, 'METEOR': 0.2703070963756678, 'ROUGE_L': 0.5541594381094468, 'CIDEr': 0.8508623141729816}
l2r_scores: {'Bleu_1': 0.8296626829401527, 'Bleu_2': 0.6931449451503063, 'Bleu_3': 0.5557011645637473, 'Bleu_4': 0.42720806621910784, 'METEOR': 0.2788760368736738, 'ROUGE_L': 0.557673339381757, 'CIDEr': 0.8836318719163578}
>> New best model at epoch 14 | N_Metrics: 3 | CIDEr: 0.8836318719163578


[EPOCH 15 TRAIN]
time: 324.42 seconds | lr: 0.000100
loss:1.990262 = (1-reg):0.40 * r2l_loss:2.012955 + (reg):0.60 * l2r_loss:1.975132
{'testlen': 27783, 'reflen': 28931, 'guess': [27783, 25219, 22655, 20091], 'correct': [23542, 14986, 8335, 3982]}
ratio: 0.9603193805951761
{'testlen': 29996, 'reflen': 30250, 'guess': [29996, 27432, 24868, 22304], 'correct': [25179, 15994, 8978, 4431]}
ratio: 0.9916033057850911
[EPOCH 15 VAL]
time: 453.33 seconds
loss:2.252890 = (1-reg):0.40 * r2l_loss:2.287432 + (reg):0.60 * l2r_loss:2.229861
r2l_scores: {'Bleu_1': 0.8130533953428822, 'Bleu_2': 0.6808726555334295, 'Bleu_3': 0.5469858078626424, 'Bleu_4': 0.42002068804615683, 'METEOR': 0.27022275098659576, 'ROUGE_L': 0.5552652260486342, 'CIDEr': 0.8464188714729154}
l2r_scores: {'Bleu_1': 0.8323339625725522, 'Bleu_2': 0.6936810958393745, 'Bleu_3': 0.5564083617739798, 'Bleu_4': 0.4291959400820983, 'METEOR': 0.2795038701400202, 'ROUGE_L': 0.5596013856474937, 'CIDEr': 0.8830416392324233}


[EPOCH 16 TRAIN]
time: 323.53 seconds | lr: 0.000100
loss:1.969183 = (1-reg):0.40 * r2l_loss:1.992679 + (reg):0.60 * l2r_loss:1.953519
{'testlen': 27229, 'reflen': 28571, 'guess': [27229, 24665, 22101, 19537], 'correct': [23177, 14802, 8263, 3927]}
ratio: 0.9530292954393982
{'testlen': 30240, 'reflen': 30404, 'guess': [30240, 27676, 25112, 22548], 'correct': [25309, 16115, 9003, 4347]}
ratio: 0.9946059728982701
[EPOCH 16 VAL]
time: 448.26 seconds
loss:2.251408 = (1-reg):0.40 * r2l_loss:2.284970 + (reg):0.60 * l2r_loss:2.229034
r2l_scores: {'Bleu_1': 0.8102537066733986, 'Bleu_2': 0.680342970824742, 'Bleu_3': 0.5481831852152662, 'Bleu_4': 0.421350887582992, 'METEOR': 0.2703790547056244, 'ROUGE_L': 0.5568385292155341, 'CIDEr': 0.8401795973479467}
l2r_scores: {'Bleu_1': 0.8324111679107483, 'Bleu_2': 0.6943121939660791, 'Bleu_3': 0.5560153021705411, 'Bleu_4': 0.42608538348744546, 'METEOR': 0.2792490730844406, 'ROUGE_L': 0.5580987237137766, 'CIDEr': 0.8827940212167654}



[BEST: 14 | SEED: 904666 | VAL-CIDEr: 0.8836318719163578]
{'testlen': 58332, 'reflen': 60057, 'guess': [58332, 53148, 47964, 42780], 'correct': [48098, 29590, 16213, 7534]}
ratio: 0.971277286577735
{'testlen': 61763, 'reflen': 62198, 'guess': [61763, 56579, 51395, 46211], 'correct': [50801, 31533, 17585, 8503]}
ratio: 0.9930062059873148
time: 899.32 seconds
r2l_scores: {'Bleu_1': 0.8005291470513664, 'Bleu_2': 0.6578033684317909, 'Bleu_3': 0.521713879740746, 'Bleu_4': 0.3947387410091042, 'METEOR': 0.2600065217180309, 'ROUGE_L': 0.5366335082967603, 'CIDEr': 0.7387876510290033}
l2r_scores: {'Bleu_1': 0.8167424341526242, 'Bleu_2': 0.6723078660667345, 'Bleu_3': 0.5355085094114144, 'Bleu_4': 0.40927648759767266, 'METEOR': 0.2697519611473735, 'ROUGE_L': 0.546017338552475, 'CIDEr': 0.777208246745682}
----------------------------------------
>> [Train time] Total: 5172.98 seconds => Per epoch: 323.31 seconds
>> [Val time] Total: 7257.49 seconds => Per epoch: 453.59 seconds
