Found 1 CUDA device(s)

Device 0: NVIDIA A100-SXM4-40GB
  Total memory bytes: 42296475648
  MultiProcessor count: 108
  Major.Minor: 8.0
  Max threads per block: 2048
  Memory reserved bytes: 0
  Memory allocated bytes: 0
  Free inside reserved bytes: 0
  Active allocations: 0
========================================
MODEL ID: MSRVTT = FEAT newMViTv2+newImgCapBlip2KF fsl-13 mcl-20 = Transformer d-512 N_enc-0 N_dec-3 h-4 h_big-4 dp-0.1 = OPTIM lr-0.0001 warmup-3 gamma-0.5 pat-3 wd-5e-06 rg-0.6 = bs-64-gc-5.0-ls-0.15 = 1764778408
Enter the load_video_feats method.
Enter the load_video_feats method.
Enter the load_video_feats method.
#vocabs: 10444 (23046), #words: 1178850 (1194458). Trim words which appear less than 3 times.
{'Total': 51663256, 'Trainable': 51663256}


[EPOCH 1 TRAIN]
time: 181.72 seconds | lr: 0.000033
loss:3.938244 = (1-reg):0.40 * r2l_loss:3.939690 + (reg):0.60 * l2r_loss:3.937280
{'testlen': 2851, 'reflen': 3159, 'guess': [2851, 2354, 1857, 1367], 'correct': [2445, 1450, 726, 282]}
ratio: 0.9025007913893945
{'testlen': 2965, 'reflen': 3222, 'guess': [2965, 2468, 1971, 1474], 'correct': [2492, 1470, 750, 323]}
ratio: 0.9202358783361514
[EPOCH 1 VAL]
time: 75.25 seconds
loss:3.553489 = (1-reg):0.40 * r2l_loss:3.508684 + (reg):0.60 * l2r_loss:3.583358
r2l_scores: {'Bleu_1': 0.7697750448348261, 'Bleu_2': 0.6523847138930161, 'Bleu_3': 0.5305644541315673, 'Bleu_4': 0.40779726307212344, 'METEOR': 0.2770953557461977, 'ROUGE_L': 0.6068270574141243, 'CIDEr': 0.44864743860543127}
l2r_scores: {'Bleu_1': 0.7706897850059903, 'Bleu_2': 0.6487898131765326, 'Bleu_3': 0.5276099559415496, 'Bleu_4': 0.41447664305953563, 'METEOR': 0.28421902067986254, 'ROUGE_L': 0.6082663142955198, 'CIDEr': 0.42373761079395794}
>> Saving checkpoint to 1.ckpt
>> New best model at epoch 1 | CIDEr: 0.42373761079395794


[EPOCH 2 TRAIN]
time: 179.84 seconds | lr: 0.000056
loss:3.270616 = (1-reg):0.40 * r2l_loss:3.262708 + (reg):0.60 * l2r_loss:3.275888
{'testlen': 2926, 'reflen': 3189, 'guess': [2926, 2429, 1932, 1436], 'correct': [2502, 1472, 748, 314]}
ratio: 0.9175290059576928
{'testlen': 3134, 'reflen': 3334, 'guess': [3134, 2637, 2140, 1643], 'correct': [2694, 1636, 863, 392]}
ratio: 0.9400119976001979
[EPOCH 2 VAL]
time: 75.19 seconds
loss:3.196002 = (1-reg):0.40 * r2l_loss:3.162562 + (reg):0.60 * l2r_loss:3.218295
r2l_scores: {'Bleu_1': 0.7815863121853688, 'Bleu_2': 0.6579768303280965, 'Bleu_3': 0.5350896446126678, 'Bleu_4': 0.4183162177769002, 'METEOR': 0.2811324325494947, 'ROUGE_L': 0.6178268191450946, 'CIDEr': 0.5408328008240022}
l2r_scores: {'Bleu_1': 0.8064613745376951, 'Bleu_2': 0.6851266434317911, 'Bleu_3': 0.5620926453256088, 'Bleu_4': 0.446518334456177, 'METEOR': 0.2983652590657858, 'ROUGE_L': 0.624714543665525, 'CIDEr': 0.5214451509452432}
>> Saving checkpoint to 2.ckpt
>> New best model at epoch 2 | CIDEr: 0.5214451509452432


[EPOCH 3 TRAIN]
time: 179.99 seconds | lr: 0.000078
loss:2.993529 = (1-reg):0.40 * r2l_loss:2.985258 + (reg):0.60 * l2r_loss:2.999043
{'testlen': 2993, 'reflen': 3230, 'guess': [2993, 2496, 1999, 1503], 'correct': [2546, 1523, 779, 313]}
ratio: 0.9266253869966171
{'testlen': 3016, 'reflen': 3258, 'guess': [3016, 2519, 2022, 1525], 'correct': [2671, 1644, 888, 400]}
ratio: 0.925721301411625
[EPOCH 3 VAL]
time: 76.43 seconds
loss:3.021068 = (1-reg):0.40 * r2l_loss:3.010419 + (reg):0.60 * l2r_loss:3.028167
r2l_scores: {'Bleu_1': 0.7858907483796191, 'Bleu_2': 0.6656010465631733, 'Bleu_3': 0.5423184544382401, 'Bleu_4': 0.4185426792611733, 'METEOR': 0.2858448428970115, 'ROUGE_L': 0.6188245925494605, 'CIDEr': 0.5861102095380928}
l2r_scores: {'Bleu_1': 0.8173260000759561, 'Bleu_2': 0.7016343811758707, 'Bleu_3': 0.5843442399137175, 'Bleu_4': 0.46879967657923194, 'METEOR': 0.30559055933643303, 'ROUGE_L': 0.6426033173701848, 'CIDEr': 0.5650994848572031}
>> Saving checkpoint to 3.ckpt
>> New best model at epoch 3 | CIDEr: 0.5650994848572031


[EPOCH 4 TRAIN]
time: 180.90 seconds | lr: 0.000100
loss:2.812946 = (1-reg):0.40 * r2l_loss:2.803587 + (reg):0.60 * l2r_loss:2.819185
{'testlen': 3006, 'reflen': 3264, 'guess': [3006, 2509, 2012, 1517], 'correct': [2585, 1534, 773, 318]}
ratio: 0.920955882352659
{'testlen': 3107, 'reflen': 3307, 'guess': [3107, 2610, 2113, 1616], 'correct': [2740, 1695, 902, 419]}
ratio: 0.9395222255818145
[EPOCH 4 VAL]
time: 77.52 seconds
loss:2.937962 = (1-reg):0.40 * r2l_loss:2.930826 + (reg):0.60 * l2r_loss:2.942719
r2l_scores: {'Bleu_1': 0.7892176610329964, 'Bleu_2': 0.6654621500505348, 'Bleu_3': 0.5384860865554854, 'Bleu_4': 0.41631547612129893, 'METEOR': 0.28751418013160646, 'ROUGE_L': 0.6179975882588693, 'CIDEr': 0.5686508169561689}
l2r_scores: {'Bleu_1': 0.8269008472211659, 'Bleu_2': 0.7095996289230695, 'Bleu_3': 0.5863082102047174, 'Bleu_4': 0.4704881400121307, 'METEOR': 0.30899888479818854, 'ROUGE_L': 0.6398934602837816, 'CIDEr': 0.5974040237596521}
>> Saving checkpoint to 4.ckpt
>> New best model at epoch 4 | CIDEr: 0.5974040237596521


[EPOCH 5 TRAIN]
time: 179.02 seconds | lr: 0.000100
loss:2.671042 = (1-reg):0.40 * r2l_loss:2.660105 + (reg):0.60 * l2r_loss:2.678333
{'testlen': 3057, 'reflen': 3286, 'guess': [3057, 2560, 2063, 1568], 'correct': [2587, 1553, 795, 341]}
ratio: 0.9303104077903438
{'testlen': 3250, 'reflen': 3399, 'guess': [3250, 2753, 2256, 1760], 'correct': [2807, 1721, 932, 442]}
ratio: 0.9561635775225196
[EPOCH 5 VAL]
time: 79.46 seconds
loss:2.880161 = (1-reg):0.40 * r2l_loss:2.873296 + (reg):0.60 * l2r_loss:2.884737
r2l_scores: {'Bleu_1': 0.7851777276067373, 'Bleu_2': 0.6647880775172283, 'Bleu_3': 0.5406303745353768, 'Bleu_4': 0.42256561750299276, 'METEOR': 0.2896713719299674, 'ROUGE_L': 0.6144987317129308, 'CIDEr': 0.5921058335703149}
l2r_scores: {'Bleu_1': 0.8249893079362843, 'Bleu_2': 0.7018691012540216, 'Bleu_3': 0.5792856596586852, 'Bleu_4': 0.4646963921293809, 'METEOR': 0.30527631160074703, 'ROUGE_L': 0.6293716350087071, 'CIDEr': 0.5901653436122087}


[EPOCH 6 TRAIN]
time: 181.50 seconds | lr: 0.000100
loss:2.567735 = (1-reg):0.40 * r2l_loss:2.554799 + (reg):0.60 * l2r_loss:2.576358
{'testlen': 3077, 'reflen': 3304, 'guess': [3077, 2580, 2083, 1589], 'correct': [2637, 1584, 801, 357]}
ratio: 0.9312953995154566
{'testlen': 3212, 'reflen': 3375, 'guess': [3212, 2715, 2218, 1722], 'correct': [2803, 1738, 927, 426]}
ratio: 0.9517037037034217
[EPOCH 6 VAL]
time: 77.64 seconds
loss:2.842417 = (1-reg):0.40 * r2l_loss:2.834225 + (reg):0.60 * l2r_loss:2.847879
r2l_scores: {'Bleu_1': 0.7960555217400601, 'Bleu_2': 0.6737825791820466, 'Bleu_3': 0.5453155004513618, 'Bleu_4': 0.4289060211216648, 'METEOR': 0.29105949741230047, 'ROUGE_L': 0.6171750855963766, 'CIDEr': 0.5818758386352474}
l2r_scores: {'Bleu_1': 0.8294846107956279, 'Bleu_2': 0.7104352822341303, 'Bleu_3': 0.5852966016100603, 'Bleu_4': 0.46597896009568535, 'METEOR': 0.30639266531570053, 'ROUGE_L': 0.6371145787821687, 'CIDEr': 0.5882993457339896}


[EPOCH 7 TRAIN]
time: 180.63 seconds | lr: 0.000100
loss:2.485634 = (1-reg):0.40 * r2l_loss:2.471237 + (reg):0.60 * l2r_loss:2.495231
{'testlen': 3040, 'reflen': 3268, 'guess': [3040, 2543, 2046, 1554], 'correct': [2566, 1514, 785, 334]}
ratio: 0.9302325581392502
{'testlen': 3156, 'reflen': 3336, 'guess': [3156, 2659, 2162, 1667], 'correct': [2741, 1705, 906, 423]}
ratio: 0.9460431654673424
[EPOCH 7 VAL]
time: 78.64 seconds
loss:2.810836 = (1-reg):0.40 * r2l_loss:2.807452 + (reg):0.60 * l2r_loss:2.813092
r2l_scores: {'Bleu_1': 0.7830887453675988, 'Bleu_2': 0.6576717776129629, 'Bleu_3': 0.5359654370388562, 'Bleu_4': 0.4185847766894023, 'METEOR': 0.28364937544723373, 'ROUGE_L': 0.5978175351638901, 'CIDEr': 0.5782621954815085}
l2r_scores: {'Bleu_1': 0.8203560659571977, 'Bleu_2': 0.7048868298243973, 'Bleu_3': 0.5815412841133111, 'Bleu_4': 0.4659552328599513, 'METEOR': 0.30809614079729397, 'ROUGE_L': 0.6393014838022795, 'CIDEr': 0.6017637266820557}
>> Saving checkpoint to 7.ckpt
>> New best model at epoch 7 | CIDEr: 0.6017637266820557


[EPOCH 8 TRAIN]
time: 178.62 seconds | lr: 0.000100
loss:2.416826 = (1-reg):0.40 * r2l_loss:2.402184 + (reg):0.60 * l2r_loss:2.426587
{'testlen': 3118, 'reflen': 3330, 'guess': [3118, 2621, 2124, 1628], 'correct': [2651, 1568, 821, 355]}
ratio: 0.9363363363360552
{'testlen': 3277, 'reflen': 3429, 'guess': [3277, 2780, 2283, 1786], 'correct': [2825, 1754, 956, 446]}
ratio: 0.9556722076404329
[EPOCH 8 VAL]
time: 78.62 seconds
loss:2.806018 = (1-reg):0.40 * r2l_loss:2.807076 + (reg):0.60 * l2r_loss:2.805313
r2l_scores: {'Bleu_1': 0.7943372608956047, 'Bleu_2': 0.6663120160185733, 'Bleu_3': 0.5432566915428199, 'Bleu_4': 0.42512351800037085, 'METEOR': 0.28897782862301336, 'ROUGE_L': 0.6077240862137879, 'CIDEr': 0.580448379426211}
l2r_scores: {'Bleu_1': 0.8229960376628844, 'Bleu_2': 0.7040753430742306, 'Bleu_3': 0.5830180426594807, 'Bleu_4': 0.4662177249048544, 'METEOR': 0.3078970101616843, 'ROUGE_L': 0.6360716481890948, 'CIDEr': 0.5844536056942365}


[EPOCH 9 TRAIN]
time: 180.31 seconds | lr: 0.000100
loss:2.358072 = (1-reg):0.40 * r2l_loss:2.342954 + (reg):0.60 * l2r_loss:2.368151
{'testlen': 3161, 'reflen': 3369, 'guess': [3161, 2664, 2167, 1671], 'correct': [2695, 1604, 833, 383]}
ratio: 0.9382606114571272
{'testlen': 3254, 'reflen': 3397, 'guess': [3254, 2757, 2260, 1763], 'correct': [2811, 1744, 934, 422]}
ratio: 0.9579040329699859
[EPOCH 9 VAL]
time: 79.29 seconds
loss:2.802197 = (1-reg):0.40 * r2l_loss:2.799400 + (reg):0.60 * l2r_loss:2.804061
r2l_scores: {'Bleu_1': 0.7982829341670171, 'Bleu_2': 0.6708490047861798, 'Bleu_3': 0.5451124155286645, 'Bleu_4': 0.43179318053860744, 'METEOR': 0.2899171699515901, 'ROUGE_L': 0.6113503062073604, 'CIDEr': 0.5960674966858585}
l2r_scores: {'Bleu_1': 0.8267188300658656, 'Bleu_2': 0.7074423234331261, 'Bleu_3': 0.5827894510945437, 'Bleu_4': 0.4614529528696916, 'METEOR': 0.30972181694242196, 'ROUGE_L': 0.6363113218036751, 'CIDEr': 0.5926322379842417}


[EPOCH 10 TRAIN]
time: 180.08 seconds | lr: 0.000100
loss:2.306522 = (1-reg):0.40 * r2l_loss:2.291624 + (reg):0.60 * l2r_loss:2.316454
{'testlen': 3135, 'reflen': 3350, 'guess': [3135, 2638, 2141, 1644], 'correct': [2667, 1589, 803, 345]}
ratio: 0.9358208955221087
{'testlen': 3339, 'reflen': 3480, 'guess': [3339, 2842, 2345, 1848], 'correct': [2883, 1771, 955, 437]}
ratio: 0.959482758620414
[EPOCH 10 VAL]
time: 81.22 seconds
loss:2.790613 = (1-reg):0.40 * r2l_loss:2.790446 + (reg):0.60 * l2r_loss:2.790723
r2l_scores: {'Bleu_1': 0.794330648015485, 'Bleu_2': 0.6683949149542613, 'Bleu_3': 0.5388406281783242, 'Bleu_4': 0.41843550975606514, 'METEOR': 0.28413314649091514, 'ROUGE_L': 0.5991806953327764, 'CIDEr': 0.5814636408859336}
l2r_scores: {'Bleu_1': 0.8277300913697486, 'Bleu_2': 0.7031886884026152, 'Bleu_3': 0.5779473352763315, 'Bleu_4': 0.4573789750319496, 'METEOR': 0.3102319747006831, 'ROUGE_L': 0.6370164273000753, 'CIDEr': 0.5924861232332003}


[EPOCH 11 TRAIN]
time: 180.70 seconds | lr: 0.000100
loss:2.259952 = (1-reg):0.40 * r2l_loss:2.244622 + (reg):0.60 * l2r_loss:2.270171
{'testlen': 3156, 'reflen': 3348, 'guess': [3156, 2659, 2162, 1666], 'correct': [2699, 1610, 823, 351]}
ratio: 0.9426523297488224
{'testlen': 3450, 'reflen': 3551, 'guess': [3450, 2953, 2456, 1959], 'correct': [2948, 1811, 949, 430]}
ratio: 0.971557307800346
[EPOCH 11 VAL]
time: 80.50 seconds
loss:2.792368 = (1-reg):0.40 * r2l_loss:2.797490 + (reg):0.60 * l2r_loss:2.788953
r2l_scores: {'Bleu_1': 0.804720255342943, 'Bleu_2': 0.6771201802387861, 'Bleu_3': 0.5476270614659681, 'Bleu_4': 0.42478235307164053, 'METEOR': 0.28833007577002734, 'ROUGE_L': 0.6049413802070421, 'CIDEr': 0.5904242141052717}
l2r_scores: {'Bleu_1': 0.8298397915632763, 'Bleu_2': 0.7030198140274931, 'Bleu_3': 0.5702775618485222, 'Bleu_4': 0.44590740641882165, 'METEOR': 0.3089488168500393, 'ROUGE_L': 0.634695268615167, 'CIDEr': 0.5776643191489079}


[EPOCH 12 TRAIN]
time: 182.17 seconds | lr: 0.000100
loss:2.217865 = (1-reg):0.40 * r2l_loss:2.203375 + (reg):0.60 * l2r_loss:2.227525
{'testlen': 3268, 'reflen': 3456, 'guess': [3268, 2771, 2274, 1778], 'correct': [2717, 1589, 832, 383]}
ratio: 0.9456018518515782
{'testlen': 3470, 'reflen': 3559, 'guess': [3470, 2973, 2476, 1979], 'correct': [2989, 1877, 1039, 497]}
ratio: 0.9749929755546572
[EPOCH 12 VAL]
time: 82.14 seconds
loss:2.786108 = (1-reg):0.40 * r2l_loss:2.797994 + (reg):0.60 * l2r_loss:2.778184
r2l_scores: {'Bleu_1': 0.7849169316651592, 'Bleu_2': 0.6518738924697973, 'Bleu_3': 0.5275035453720482, 'Bleu_4': 0.41566151695195686, 'METEOR': 0.2861429646309218, 'ROUGE_L': 0.6000707989440842, 'CIDEr': 0.5820174070581748}
l2r_scores: {'Bleu_1': 0.8395710892013328, 'Bleu_2': 0.7187766110255016, 'Bleu_3': 0.5956227423847098, 'Bleu_4': 0.47689345405436673, 'METEOR': 0.31929291463896253, 'ROUGE_L': 0.640281802920287, 'CIDEr': 0.6146478984148507}
>> Saving checkpoint to 12.ckpt
>> New best model at epoch 12 | CIDEr: 0.6146478984148507


[EPOCH 13 TRAIN]
time: 182.28 seconds | lr: 0.000100
loss:2.179161 = (1-reg):0.40 * r2l_loss:2.164429 + (reg):0.60 * l2r_loss:2.188981
{'testlen': 3243, 'reflen': 3422, 'guess': [3243, 2746, 2249, 1752], 'correct': [2685, 1561, 781, 330]}
ratio: 0.9476914085327447
{'testlen': 3366, 'reflen': 3498, 'guess': [3366, 2869, 2372, 1875], 'correct': [2911, 1817, 980, 457]}
ratio: 0.9622641509431211
[EPOCH 13 VAL]
time: 81.57 seconds
loss:2.783681 = (1-reg):0.40 * r2l_loss:2.796736 + (reg):0.60 * l2r_loss:2.774978
r2l_scores: {'Bleu_1': 0.78347673938121, 'Bleu_2': 0.6492001651568221, 'Bleu_3': 0.5173874172153659, 'Bleu_4': 0.3963821124930173, 'METEOR': 0.27970722297367084, 'ROUGE_L': 0.5901286003086624, 'CIDEr': 0.5682336795730817}
l2r_scores: {'Bleu_1': 0.8315664087935788, 'Bleu_2': 0.7116149776441317, 'Bleu_3': 0.5859449268597852, 'Bleu_4': 0.46597599227182596, 'METEOR': 0.31329707716302635, 'ROUGE_L': 0.6449050009397227, 'CIDEr': 0.6147808565921489}
>> Saving checkpoint to 13.ckpt
>> New best model at epoch 13 | CIDEr: 0.6147808565921489


[EPOCH 14 TRAIN]
time: 179.68 seconds | lr: 0.000100
loss:2.144197 = (1-reg):0.40 * r2l_loss:2.129455 + (reg):0.60 * l2r_loss:2.154024
{'testlen': 3300, 'reflen': 3480, 'guess': [3300, 2803, 2306, 1810], 'correct': [2739, 1595, 828, 385]}
ratio: 0.9482758620686931
{'testlen': 3449, 'reflen': 3567, 'guess': [3449, 2952, 2455, 1958], 'correct': [2934, 1781, 949, 460]}
ratio: 0.9669189795343519
[EPOCH 14 VAL]
time: 81.99 seconds
loss:2.796053 = (1-reg):0.40 * r2l_loss:2.801349 + (reg):0.60 * l2r_loss:2.792521
r2l_scores: {'Bleu_1': 0.7859398370015394, 'Bleu_2': 0.6507573037288654, 'Bleu_3': 0.5241313238253911, 'Bleu_4': 0.4126705033378019, 'METEOR': 0.2884145655393623, 'ROUGE_L': 0.6029532586180321, 'CIDEr': 0.5764637065194064}
l2r_scores: {'Bleu_1': 0.8220693915513427, 'Bleu_2': 0.6923071291042738, 'Bleu_3': 0.5636177072114537, 'Bleu_4': 0.4490142752649618, 'METEOR': 0.3103511869819078, 'ROUGE_L': 0.6316106567483593, 'CIDEr': 0.5805512149053976}


[EPOCH 15 TRAIN]
time: 181.50 seconds | lr: 0.000100
loss:2.110474 = (1-reg):0.40 * r2l_loss:2.097052 + (reg):0.60 * l2r_loss:2.119422
{'testlen': 3246, 'reflen': 3425, 'guess': [3246, 2749, 2252, 1756], 'correct': [2708, 1601, 809, 333]}
ratio: 0.9477372262770956
{'testlen': 3564, 'reflen': 3654, 'guess': [3564, 3067, 2570, 2073], 'correct': [3043, 1872, 989, 445]}
ratio: 0.9753694581278118
[EPOCH 15 VAL]
time: 82.64 seconds
loss:2.800649 = (1-reg):0.40 * r2l_loss:2.806707 + (reg):0.60 * l2r_loss:2.796610
r2l_scores: {'Bleu_1': 0.7894980559781263, 'Bleu_2': 0.6596435021194295, 'Bleu_3': 0.5288711511500527, 'Bleu_4': 0.40365010419887737, 'METEOR': 0.28262313772700304, 'ROUGE_L': 0.5972193869266524, 'CIDEr': 0.5651442455154926}
l2r_scores: {'Bleu_1': 0.8325248864449173, 'Bleu_2': 0.703900267643751, 'Bleu_3': 0.5707415173711206, 'Bleu_4': 0.44414831442579716, 'METEOR': 0.31256541606813093, 'ROUGE_L': 0.638164911696954, 'CIDEr': 0.581243985021904}


[EPOCH 16 TRAIN]
time: 180.21 seconds | lr: 0.000100
loss:2.079323 = (1-reg):0.40 * r2l_loss:2.066326 + (reg):0.60 * l2r_loss:2.087988
{'testlen': 3255, 'reflen': 3423, 'guess': [3255, 2758, 2261, 1765], 'correct': [2713, 1597, 843, 368]}
ratio: 0.9509202453984952
{'testlen': 3429, 'reflen': 3536, 'guess': [3429, 2932, 2435, 1938], 'correct': [2886, 1726, 918, 427]}
ratio: 0.9697398190042507
[EPOCH 16 VAL]
time: 81.89 seconds
loss:2.800306 = (1-reg):0.40 * r2l_loss:2.814026 + (reg):0.60 * l2r_loss:2.791160
r2l_scores: {'Bleu_1': 0.7915595661391768, 'Bleu_2': 0.6597653883938207, 'Bleu_3': 0.5361631434977574, 'Bleu_4': 0.4179695994772006, 'METEOR': 0.28537611543082375, 'ROUGE_L': 0.5985787825107269, 'CIDEr': 0.5679530623892662}
l2r_scores: {'Bleu_1': 0.8157872786687899, 'Bleu_2': 0.6822615876832738, 'Bleu_3': 0.5540698876254776, 'Bleu_4': 0.4365700698840115, 'METEOR': 0.3077887118465348, 'ROUGE_L': 0.6281523464319012, 'CIDEr': 0.5667539158139485}



[BEST: 13 | SEED: 904666 | VAL-CIDEr: 0.6147808565921489]
{'testlen': 19090, 'reflen': 20320, 'guess': [19090, 16100, 13110, 10122], 'correct': [16135, 9483, 4900, 2241]}
ratio: 0.9394685039369616
{'testlen': 19893, 'reflen': 20857, 'guess': [19893, 16903, 13913, 10923], 'correct': [17308, 10918, 5879, 2773]}
ratio: 0.9537805053458813
time: 402.07 seconds
r2l_scores: {'Bleu_1': 0.7924661779272659, 'Bleu_2': 0.6615446359960208, 'Bleu_3': 0.5352743866792407, 'Bleu_4': 0.42240655728264503, 'METEOR': 0.2854390813945751, 'ROUGE_L': 0.607818321628573, 'CIDEr': 0.5820836791853273}
l2r_scores: {'Bleu_1': 0.8288978553626742, 'Bleu_2': 0.7141959173918286, 'Bleu_3': 0.5899618623408065, 'Bleu_4': 0.47207232449762987, 'METEOR': 0.30916592801947046, 'ROUGE_L': 0.6426647115660299, 'CIDEr': 0.6117337112274209}
----------------------------------------
>> [Train time] Total: 2889.14 seconds => Per epoch: 180.57 seconds
>> [Val time] Total: 1269.98 seconds => Per epoch: 79.37 seconds
