Found 1 CUDA device(s)

Device 0: NVIDIA A100-SXM4-40GB
  Total memory bytes: 42296475648
  MultiProcessor count: 108
  Major.Minor: 8.0
  Max threads per block: 2048
  Memory reserved bytes: 0
  Memory allocated bytes: 0
  Free inside reserved bytes: 0
  Active allocations: 0
========================================
MODEL ID: MSRVTT = FEAT newBlip2ClsKF+newMViTv2+newImgCapBlip2KF fsl-13 mcl-20 = Transformer d-512 N_enc-0 N_dec-3 h-4 h_big-4 dp-0.1 = OPTIM lr-0.0001 warmup-3 gamma-0.5 pat-3 wd-5e-06 rg-0.5 = bs-64-gc-5.0-ls-0.15 = 1764672488
Enter the load_video_feats method.
Enter the load_video_feats method.
Enter the load_video_feats method.
#vocabs: 10444 (23046), #words: 1178850 (1194458). Trim words which appear less than 3 times.
{'Total': 53114776, 'Trainable': 53114776}


[EPOCH 1 TRAIN]
time: 189.83 seconds | lr: 0.000033
loss:3.913479 = (1-reg):0.50 * r2l_loss:3.908530 + (reg):0.50 * l2r_loss:3.918428
{'testlen': 2812, 'reflen': 3119, 'guess': [2812, 2315, 1818, 1331], 'correct': [2410, 1401, 688, 283]}
ratio: 0.9015710163511056
{'testlen': 2908, 'reflen': 3167, 'guess': [2908, 2411, 1914, 1417], 'correct': [2523, 1517, 772, 334]}
ratio: 0.918219134827623
[EPOCH 1 VAL]
time: 92.66 seconds
loss:3.504342 = (1-reg):0.50 * r2l_loss:3.462149 + (reg):0.50 * l2r_loss:3.546536
r2l_scores: {'Bleu_1': 0.7684005049949872, 'Bleu_2': 0.6456993488740287, 'Bleu_3': 0.5210511881483814, 'Bleu_4': 0.40523679023285375, 'METEOR': 0.27803231447710547, 'ROUGE_L': 0.600082503218529, 'CIDEr': 0.45515251115246924}
l2r_scores: {'Bleu_1': 0.793674747747899, 'Bleu_2': 0.6758889147963635, 'Bleu_3': 0.5523935210811303, 'Bleu_4': 0.43662692649158047, 'METEOR': 0.28902025367637835, 'ROUGE_L': 0.6208034158907021, 'CIDEr': 0.4503047157445224}
>> Saving checkpoint to 1.ckpt
>> New best model at epoch 1 | CIDEr: 0.4503047157445224


[EPOCH 2 TRAIN]
time: 191.76 seconds | lr: 0.000056
loss:3.236905 = (1-reg):0.50 * r2l_loss:3.222176 + (reg):0.50 * l2r_loss:3.251634
{'testlen': 2910, 'reflen': 3165, 'guess': [2910, 2413, 1916, 1420], 'correct': [2567, 1557, 805, 333]}
ratio: 0.9194312796205626
{'testlen': 2959, 'reflen': 3197, 'guess': [2959, 2462, 1965, 1468], 'correct': [2609, 1625, 857, 383]}
ratio: 0.9255552080072176
[EPOCH 2 VAL]
time: 76.98 seconds
loss:3.184096 = (1-reg):0.50 * r2l_loss:3.138446 + (reg):0.50 * l2r_loss:3.229746
r2l_scores: {'Bleu_1': 0.8081205425415073, 'Bleu_2': 0.6911548377551886, 'Bleu_3': 0.568632200190992, 'Bleu_4': 0.4458085319567421, 'METEOR': 0.29328065564610717, 'ROUGE_L': 0.6333467268582494, 'CIDEr': 0.5730689865016652}
l2r_scores: {'Bleu_1': 0.8135751761489124, 'Bleu_2': 0.7039078204931465, 'Bleu_3': 0.5842151400141568, 'Bleu_4': 0.46807444284288763, 'METEOR': 0.3023611894866197, 'ROUGE_L': 0.6345476152746375, 'CIDEr': 0.5318761613531049}
>> Saving checkpoint to 2.ckpt
>> New best model at epoch 2 | CIDEr: 0.5318761613531049


[EPOCH 3 TRAIN]
time: 192.86 seconds | lr: 0.000078
loss:2.955191 = (1-reg):0.50 * r2l_loss:2.940615 + (reg):0.50 * l2r_loss:2.969767
{'testlen': 2968, 'reflen': 3211, 'guess': [2968, 2471, 1974, 1478], 'correct': [2586, 1591, 819, 333]}
ratio: 0.9243226409215434
{'testlen': 3110, 'reflen': 3302, 'guess': [3110, 2613, 2116, 1619], 'correct': [2744, 1705, 898, 412]}
ratio: 0.9418534221680975
[EPOCH 3 VAL]
time: 78.60 seconds
loss:2.985369 = (1-reg):0.50 * r2l_loss:2.970921 + (reg):0.50 * l2r_loss:2.999817
r2l_scores: {'Bleu_1': 0.8028002422368526, 'Bleu_2': 0.6901188659962577, 'Bleu_3': 0.5667729848126218, 'Bleu_4': 0.44092022837621986, 'METEOR': 0.30048636719342664, 'ROUGE_L': 0.6359458065730543, 'CIDEr': 0.6026672771647276}
l2r_scores: {'Bleu_1': 0.8294915545869112, 'Bleu_2': 0.7133334611364857, 'Bleu_3': 0.5877302430495607, 'Bleu_4': 0.46945415117129774, 'METEOR': 0.30864486229418236, 'ROUGE_L': 0.6392885924475133, 'CIDEr': 0.5900654708558805}
>> Saving checkpoint to 3.ckpt
>> New best model at epoch 3 | CIDEr: 0.5900654708558805


[EPOCH 4 TRAIN]
time: 192.48 seconds | lr: 0.000100
loss:2.770251 = (1-reg):0.50 * r2l_loss:2.754950 + (reg):0.50 * l2r_loss:2.785552
{'testlen': 3161, 'reflen': 3363, 'guess': [3161, 2664, 2167, 1672], 'correct': [2678, 1580, 790, 341]}
ratio: 0.939934582217978
{'testlen': 3117, 'reflen': 3306, 'guess': [3117, 2620, 2123, 1626], 'correct': [2757, 1753, 937, 433]}
ratio: 0.9428312159706767
[EPOCH 4 VAL]
time: 80.22 seconds
loss:2.906087 = (1-reg):0.50 * r2l_loss:2.894119 + (reg):0.50 * l2r_loss:2.918055
r2l_scores: {'Bleu_1': 0.7947545025286293, 'Bleu_2': 0.6649689881962103, 'Bleu_3': 0.532769426660534, 'Bleu_4': 0.4124257068998541, 'METEOR': 0.2916196277217669, 'ROUGE_L': 0.6102369043912563, 'CIDEr': 0.5894809442542986}
l2r_scores: {'Bleu_1': 0.8324658367361085, 'Bleu_2': 0.7240303146073102, 'Bleu_3': 0.6016212730439606, 'Bleu_4': 0.48333788902229724, 'METEOR': 0.3127829286391608, 'ROUGE_L': 0.6427138027107906, 'CIDEr': 0.6122904051607987}
>> Saving checkpoint to 4.ckpt
>> New best model at epoch 4 | CIDEr: 0.6122904051607987


[EPOCH 5 TRAIN]
time: 197.87 seconds | lr: 0.000100
loss:2.625081 = (1-reg):0.50 * r2l_loss:2.607719 + (reg):0.50 * l2r_loss:2.642444
{'testlen': 3145, 'reflen': 3344, 'guess': [3145, 2648, 2151, 1656], 'correct': [2679, 1617, 817, 334]}
ratio: 0.9404904306217283
{'testlen': 3111, 'reflen': 3300, 'guess': [3111, 2614, 2117, 1620], 'correct': [2751, 1723, 935, 427]}
ratio: 0.9427272727269871
[EPOCH 5 VAL]
time: 80.50 seconds
loss:2.841808 = (1-reg):0.50 * r2l_loss:2.827129 + (reg):0.50 * l2r_loss:2.856487
r2l_scores: {'Bleu_1': 0.7995986702820547, 'Bleu_2': 0.6770052723534842, 'Bleu_3': 0.5467161658895963, 'Bleu_4': 0.41939473128135607, 'METEOR': 0.29368152309369056, 'ROUGE_L': 0.6200527584518634, 'CIDEr': 0.5904253782011945}
l2r_scores: {'Bleu_1': 0.8321588709787721, 'Bleu_2': 0.7184570399616965, 'Bleu_3': 0.598644977710587, 'Bleu_4': 0.480296187860542, 'METEOR': 0.3127581914815468, 'ROUGE_L': 0.6440561174226929, 'CIDEr': 0.613088929698747}
>> Saving checkpoint to 5.ckpt
>> New best model at epoch 5 | CIDEr: 0.613088929698747


[EPOCH 6 TRAIN]
time: 194.79 seconds | lr: 0.000100
loss:2.518469 = (1-reg):0.50 * r2l_loss:2.499502 + (reg):0.50 * l2r_loss:2.537435
{'testlen': 3091, 'reflen': 3300, 'guess': [3091, 2594, 2097, 1604], 'correct': [2692, 1661, 870, 378]}
ratio: 0.9366666666663829
{'testlen': 3263, 'reflen': 3402, 'guess': [3263, 2766, 2269, 1772], 'correct': [2901, 1842, 1009, 481]}
ratio: 0.9591416813636217
[EPOCH 6 VAL]
time: 81.46 seconds
loss:2.822285 = (1-reg):0.50 * r2l_loss:2.818495 + (reg):0.50 * l2r_loss:2.826075
r2l_scores: {'Bleu_1': 0.8139747690352895, 'Bleu_2': 0.6979474876249004, 'Bleu_3': 0.5737645833510993, 'Bleu_4': 0.4516280265650883, 'METEOR': 0.30033525251711307, 'ROUGE_L': 0.6344920061548813, 'CIDEr': 0.6211182170648348}
l2r_scores: {'Bleu_1': 0.851981600622036, 'Bleu_2': 0.7373668574267107, 'Bleu_3': 0.6141971817157914, 'Bleu_4': 0.49547996062231137, 'METEOR': 0.320909408921247, 'ROUGE_L': 0.6543415199993199, 'CIDEr': 0.651181651077652}
>> Saving checkpoint to 6.ckpt
>> New best model at epoch 6 | CIDEr: 0.651181651077652


[EPOCH 7 TRAIN]
time: 197.00 seconds | lr: 0.000100
loss:2.434524 = (1-reg):0.50 * r2l_loss:2.415192 + (reg):0.50 * l2r_loss:2.453857
{'testlen': 3299, 'reflen': 3450, 'guess': [3299, 2802, 2305, 1808], 'correct': [2824, 1714, 924, 440]}
ratio: 0.9562318840576939
{'testlen': 3288, 'reflen': 3408, 'guess': [3288, 2791, 2294, 1797], 'correct': [2876, 1812, 980, 443]}
ratio: 0.9647887323940831
[EPOCH 7 VAL]
time: 81.68 seconds
loss:2.792298 = (1-reg):0.50 * r2l_loss:2.793989 + (reg):0.50 * l2r_loss:2.790608
r2l_scores: {'Bleu_1': 0.8177190030008785, 'Bleu_2': 0.6912485691657738, 'Bleu_3': 0.5677150602574885, 'Bleu_4': 0.4541421403640061, 'METEOR': 0.3039178545958887, 'ROUGE_L': 0.6347908188821852, 'CIDEr': 0.6273407891688926}
l2r_scores: {'Bleu_1': 0.843348174636183, 'Bleu_2': 0.7265701494838946, 'Bleu_3': 0.6013295328571205, 'Bleu_4': 0.47679947843229487, 'METEOR': 0.3178576800304592, 'ROUGE_L': 0.6465196688361328, 'CIDEr': 0.6323061255491244}


[EPOCH 8 TRAIN]
time: 195.81 seconds | lr: 0.000100
loss:2.364097 = (1-reg):0.50 * r2l_loss:2.343703 + (reg):0.50 * l2r_loss:2.384491
{'testlen': 3216, 'reflen': 3386, 'guess': [3216, 2719, 2222, 1725], 'correct': [2795, 1719, 924, 425]}
ratio: 0.9497932663907414
{'testlen': 3243, 'reflen': 3404, 'guess': [3243, 2746, 2249, 1752], 'correct': [2831, 1791, 966, 436]}
ratio: 0.9527027027024229
[EPOCH 8 VAL]
time: 80.93 seconds
loss:2.780299 = (1-reg):0.50 * r2l_loss:2.780016 + (reg):0.50 * l2r_loss:2.780581
r2l_scores: {'Bleu_1': 0.8243443455943941, 'Bleu_2': 0.7030870710093632, 'Bleu_3': 0.5798687133500411, 'Bleu_4': 0.46201698140745373, 'METEOR': 0.3065763558794344, 'ROUGE_L': 0.6387762111425176, 'CIDEr': 0.6383628506853677}
l2r_scores: {'Bleu_1': 0.8306770305240044, 'Bleu_2': 0.7180145878482741, 'Bleu_3': 0.5950651217290538, 'Bleu_4': 0.47263000458655174, 'METEOR': 0.3138478855796153, 'ROUGE_L': 0.638994522957584, 'CIDEr': 0.6078875273600577}


[EPOCH 9 TRAIN]
time: 197.54 seconds | lr: 0.000100
loss:2.303611 = (1-reg):0.50 * r2l_loss:2.282563 + (reg):0.50 * l2r_loss:2.324659
{'testlen': 3203, 'reflen': 3401, 'guess': [3203, 2706, 2209, 1714], 'correct': [2768, 1688, 883, 396]}
ratio: 0.9417818288735837
{'testlen': 3211, 'reflen': 3364, 'guess': [3211, 2714, 2217, 1720], 'correct': [2808, 1774, 956, 454]}
ratio: 0.9545184304396687
[EPOCH 9 VAL]
time: 80.14 seconds
loss:2.776215 = (1-reg):0.50 * r2l_loss:2.777410 + (reg):0.50 * l2r_loss:2.775020
r2l_scores: {'Bleu_1': 0.8123858398978152, 'Bleu_2': 0.6902081710331616, 'Bleu_3': 0.5635850437670609, 'Bleu_4': 0.4440470468404354, 'METEOR': 0.30436978201280757, 'ROUGE_L': 0.6317094822504055, 'CIDEr': 0.6164213972478559}
l2r_scores: {'Bleu_1': 0.8338025656259495, 'Bleu_2': 0.720869605167308, 'Bleu_3': 0.5978203378322574, 'Bleu_4': 0.48154455115136197, 'METEOR': 0.31852040611365123, 'ROUGE_L': 0.6525494158729779, 'CIDEr': 0.6274589921602514}


[EPOCH 10 TRAIN]
time: 189.01 seconds | lr: 0.000100
loss:2.251004 = (1-reg):0.50 * r2l_loss:2.228413 + (reg):0.50 * l2r_loss:2.273595
{'testlen': 3242, 'reflen': 3430, 'guess': [3242, 2745, 2248, 1752], 'correct': [2796, 1699, 883, 414]}
ratio: 0.9451895043729023
{'testlen': 3290, 'reflen': 3418, 'guess': [3290, 2793, 2296, 1799], 'correct': [2880, 1797, 983, 470]}
ratio: 0.9625511995316084
[EPOCH 10 VAL]
time: 82.06 seconds
loss:2.776480 = (1-reg):0.50 * r2l_loss:2.779071 + (reg):0.50 * l2r_loss:2.773889
r2l_scores: {'Bleu_1': 0.8138416258999155, 'Bleu_2': 0.6894508889384933, 'Bleu_3': 0.560611845958008, 'Bleu_4': 0.4452123451277827, 'METEOR': 0.29973187714354893, 'ROUGE_L': 0.6233280950186442, 'CIDEr': 0.6085792179852806}
l2r_scores: {'Bleu_1': 0.8419766087513672, 'Bleu_2': 0.7218389326331227, 'Bleu_3': 0.5986714648098492, 'Bleu_4': 0.48187450752660244, 'METEOR': 0.3159618579584828, 'ROUGE_L': 0.6390640590949802, 'CIDEr': 0.6030268435614674}


[EPOCH 11 TRAIN]
time: 190.54 seconds | lr: 0.000100
loss:2.203560 = (1-reg):0.50 * r2l_loss:2.180404 + (reg):0.50 * l2r_loss:2.226715
{'testlen': 3172, 'reflen': 3357, 'guess': [3172, 2675, 2178, 1681], 'correct': [2752, 1676, 879, 402]}
ratio: 0.9448912719687385
{'testlen': 3291, 'reflen': 3407, 'guess': [3291, 2794, 2297, 1800], 'correct': [2877, 1798, 974, 450]}
ratio: 0.9659524508362295
[EPOCH 11 VAL]
time: 79.80 seconds
loss:2.768746 = (1-reg):0.50 * r2l_loss:2.782000 + (reg):0.50 * l2r_loss:2.755493
r2l_scores: {'Bleu_1': 0.8184383477885023, 'Bleu_2': 0.695510127880004, 'Bleu_3': 0.5689440307196468, 'Bleu_4': 0.451475745286509, 'METEOR': 0.29907979966962006, 'ROUGE_L': 0.6203132574471891, 'CIDEr': 0.6118002227773508}
l2r_scores: {'Bleu_1': 0.8439255235787062, 'Bleu_2': 0.7240687010234738, 'Bleu_3': 0.5987100539834208, 'Bleu_4': 0.47705719592655793, 'METEOR': 0.31354241263598714, 'ROUGE_L': 0.6431020159706495, 'CIDEr': 0.584084094631194}


[EPOCH 12 TRAIN]
time: 189.30 seconds | lr: 0.000100
loss:2.160878 = (1-reg):0.50 * r2l_loss:2.137426 + (reg):0.50 * l2r_loss:2.184330
{'testlen': 3152, 'reflen': 3331, 'guess': [3152, 2655, 2158, 1661], 'correct': [2725, 1651, 860, 376]}
ratio: 0.946262383668284
{'testlen': 3304, 'reflen': 3417, 'guess': [3304, 2807, 2310, 1813], 'correct': [2902, 1829, 1007, 468]}
ratio: 0.9669300556040483
[EPOCH 12 VAL]
time: 81.31 seconds
loss:2.775645 = (1-reg):0.50 * r2l_loss:2.780689 + (reg):0.50 * l2r_loss:2.770602
r2l_scores: {'Bleu_1': 0.8168023917156855, 'Bleu_2': 0.6927365873251217, 'Bleu_3': 0.5653360174258479, 'Bleu_4': 0.44337246686331866, 'METEOR': 0.2952392252174964, 'ROUGE_L': 0.6232356577536582, 'CIDEr': 0.6183226627188863}
l2r_scores: {'Bleu_1': 0.8487974722451268, 'Bleu_2': 0.7310734956016833, 'Bleu_3': 0.6083620188252993, 'Bleu_4': 0.4868220698920106, 'METEOR': 0.31975526067979504, 'ROUGE_L': 0.6448104337474152, 'CIDEr': 0.6178221729149124}


[EPOCH 13 TRAIN]
time: 190.38 seconds | lr: 0.000100
loss:2.121850 = (1-reg):0.50 * r2l_loss:2.098119 + (reg):0.50 * l2r_loss:2.145580
{'testlen': 3240, 'reflen': 3384, 'guess': [3240, 2743, 2246, 1750], 'correct': [2765, 1665, 868, 391]}
ratio: 0.9574468085103554
{'testlen': 3362, 'reflen': 3460, 'guess': [3362, 2865, 2368, 1871], 'correct': [2936, 1871, 1026, 483]}
ratio: 0.9716763005777539
[EPOCH 13 VAL]
time: 82.33 seconds
loss:2.768606 = (1-reg):0.50 * r2l_loss:2.780630 + (reg):0.50 * l2r_loss:2.756582
r2l_scores: {'Bleu_1': 0.8162969023513096, 'Bleu_2': 0.6884419100510438, 'Bleu_3': 0.5595611224403063, 'Bleu_4': 0.43989075271800226, 'METEOR': 0.292790622569655, 'ROUGE_L': 0.6174068953783738, 'CIDEr': 0.6014280429660804}
l2r_scores: {'Bleu_1': 0.8482013417037491, 'Bleu_2': 0.7334902826274863, 'Bleu_3': 0.6094877786618004, 'Bleu_4': 0.48812071672347246, 'METEOR': 0.3152681484445705, 'ROUGE_L': 0.6444766356713296, 'CIDEr': 0.6273754871795844}


[EPOCH 14 TRAIN]
time: 198.27 seconds | lr: 0.000100
loss:2.084887 = (1-reg):0.50 * r2l_loss:2.060283 + (reg):0.50 * l2r_loss:2.109491
{'testlen': 3346, 'reflen': 3493, 'guess': [3346, 2849, 2352, 1855], 'correct': [2861, 1737, 912, 403]}
ratio: 0.9579158316630524
{'testlen': 3421, 'reflen': 3495, 'guess': [3421, 2924, 2427, 1930], 'correct': [2982, 1881, 1020, 479]}
ratio: 0.978826895564813
[EPOCH 14 VAL]
time: 83.22 seconds
loss:2.774376 = (1-reg):0.50 * r2l_loss:2.787536 + (reg):0.50 * l2r_loss:2.761215
r2l_scores: {'Bleu_1': 0.818299033226778, 'Bleu_2': 0.6909868175344155, 'Bleu_3': 0.561658566688897, 'Bleu_4': 0.43810136142859857, 'METEOR': 0.29985474871570356, 'ROUGE_L': 0.6179753617666484, 'CIDEr': 0.619813603340722}
l2r_scores: {'Bleu_1': 0.8530221269534419, 'Bleu_2': 0.732805512870647, 'Bleu_3': 0.6044650488323844, 'Bleu_4': 0.4812540305207787, 'METEOR': 0.317652531886277, 'ROUGE_L': 0.6459438236692195, 'CIDEr': 0.6175631717991681}


[EPOCH 15 TRAIN]
time: 198.66 seconds | lr: 0.000100
loss:2.050848 = (1-reg):0.50 * r2l_loss:2.026532 + (reg):0.50 * l2r_loss:2.075164
{'testlen': 3261, 'reflen': 3420, 'guess': [3261, 2764, 2267, 1771], 'correct': [2786, 1652, 860, 382]}
ratio: 0.9535087719295458
{'testlen': 3583, 'reflen': 3630, 'guess': [3583, 3086, 2589, 2092], 'correct': [3092, 1939, 1062, 504]}
ratio: 0.9870523415975242
[EPOCH 15 VAL]
time: 86.21 seconds
loss:2.786671 = (1-reg):0.50 * r2l_loss:2.798105 + (reg):0.50 * l2r_loss:2.775236
r2l_scores: {'Bleu_1': 0.813682473213901, 'Bleu_2': 0.680574710128371, 'Bleu_3': 0.5510712207896465, 'Bleu_4': 0.43059914254708515, 'METEOR': 0.2911332377916079, 'ROUGE_L': 0.6171153499601747, 'CIDEr': 0.5784418343938931}
l2r_scores: {'Bleu_1': 0.8517179880382868, 'Bleu_2': 0.7267590100125688, 'Bleu_3': 0.5979875645116267, 'Bleu_4': 0.4748562015363708, 'METEOR': 0.3190723905067494, 'ROUGE_L': 0.6474129891189497, 'CIDEr': 0.6105813515211388}


[EPOCH 16 TRAIN]
time: 192.42 seconds | lr: 0.000050
loss:1.971701 = (1-reg):0.50 * r2l_loss:1.945324 + (reg):0.50 * l2r_loss:1.998078
{'testlen': 3332, 'reflen': 3481, 'guess': [3332, 2835, 2338, 1842], 'correct': [2786, 1668, 875, 392]}
ratio: 0.9571962079859359
{'testlen': 3512, 'reflen': 3595, 'guess': [3512, 3015, 2518, 2021], 'correct': [3011, 1859, 996, 473]}
ratio: 0.9769123783029271
[EPOCH 16 VAL]
time: 83.89 seconds
loss:2.783304 = (1-reg):0.50 * r2l_loss:2.796042 + (reg):0.50 * l2r_loss:2.770566
r2l_scores: {'Bleu_1': 0.7995679688682404, 'Bleu_2': 0.6707162362512012, 'Bleu_3': 0.5440099184883604, 'Bleu_4': 0.4254505023753452, 'METEOR': 0.2908940015622164, 'ROUGE_L': 0.6096545774104032, 'CIDEr': 0.5757641668468559}
l2r_scores: {'Bleu_1': 0.8373219091577453, 'Bleu_2': 0.7100850472506495, 'Bleu_3': 0.5796780442715465, 'Bleu_4': 0.4593544173374029, 'METEOR': 0.3145395716504923, 'ROUGE_L': 0.6355532323132344, 'CIDEr': 0.5902797656019845}



[BEST: 6 | SEED: 904666 | VAL-CIDEr: 0.651181651077652]
{'testlen': 19173, 'reflen': 20396, 'guess': [19173, 16183, 13193, 10216], 'correct': [16394, 10054, 5278, 2386]}
ratio: 0.94003726220823
{'testlen': 19852, 'reflen': 20771, 'guess': [19852, 16862, 13872, 10882], 'correct': [17482, 11136, 6065, 2825]}
ratio: 0.9557556208174399
time: 410.84 seconds
r2l_scores: {'Bleu_1': 0.8022177148061161, 'Bleu_2': 0.6838088891756768, 'Bleu_3': 0.5598833670509917, 'Bleu_4': 0.4428380303295844, 'METEOR': 0.2951757419180257, 'ROUGE_L': 0.6270495411989833, 'CIDEr': 0.6154071881490211}
l2r_scores: {'Bleu_1': 0.8407797511494183, 'Bleu_2': 0.7281131720763871, 'Bleu_3': 0.6048694241963238, 'Bleu_4': 0.4839466691096127, 'METEOR': 0.3128675839975397, 'ROUGE_L': 0.6517129654230649, 'CIDEr': 0.642593622873999}
----------------------------------------
>> [Train time] Total: 3098.50 seconds => Per epoch: 193.66 seconds
>> [Val time] Total: 1311.98 seconds => Per epoch: 82.00 seconds
