MODEL ID: 2025-04-13 01_32_53 _ Transformer _ MSVD _ FEAT MSVD_ResNet152+I3D+OFeat fsl-50 mcl-10 _ EMB 512 _ Transformer d-640-N-4-h-10-h_big-128-dp-0.1-sn-0 _ OPTIM Adam lr-0.0001-dc-12-0.5-5-wd-5e-06-rg-0.6 _ bs-32 gc-5.0
Enter the load3 method. data_loader_fusion.py--row215
Enter the load3 method. data_loader_fusion.py--row215
Enter the load3 method. data_loader_fusion.py--row215
#vocabs: 3891 (9158), #words: 323223 (329680). Trim words which appear less than 3 times.
{'Total': 93012411, 'Trainable': 93012411}


loss: 2.764492486422179 = (1-reg): 0.4 * r2l_loss: 2.7792707479195515 + (reg):0.6 * l2r_loos: 2.7546401741465583 
{'testlen': 538, 'reflen': 536, 'guess': [538, 438, 338, 242], 'correct': [407, 237, 126, 57]}
ratio: 1.0037313432817094
{'testlen': 502, 'reflen': 500, 'guess': [502, 402, 302, 202], 'correct': [416, 259, 153, 73]}
ratio: 1.003999999997992
loss: 2.5676418004212556 = (1-reg): 0.4 * r2l_loss: 2.6240544831311263 + (reg):0.6 * l2r_loos: 2.530033219302142 
r2l_scores: {'Bleu_1': 0.7565055762067723, 'Bleu_2': 0.639798451355991, 'Bleu_3': 0.534375745520298, 'Bleu_4': 0.43541153062244053, 'METEOR': 0.31242381093310057, 'ROUGE_L': 0.6762506595440998, 'CIDEr': 0.914916274908168}
l2r_scores: {'Bleu_1': 0.8286852589624927, 'Bleu_2': 0.7306874737229325, 'Bleu_3': 0.6467194722681734, 'Bleu_4': 0.5591519267550749, 'METEOR': 0.3564616548668574, 'ROUGE_L': 0.7375124385067346, 'CIDEr': 1.0221010115442508}
Saving checkpoint at epoch=1 to ./checkpoints/checkpoints_MSVD_ResNet152+I3D+OFeat/2025-04-13 01_32_53 _ Transformer _ MSVD _ FEAT MSVD_ResNet152+I3D+OFeat fsl-50 mcl-10 _ EMB 512 _ Transformer d-640-N-4-h-10-h_big-128-dp-0.1-sn-0 _ OPTIM Adam lr-0.0001-dc-12-0.5-5-wd-5e-06-rg-0.6 _ bs-32 gc-5.0/1.ckpt


loss: 2.069783874574255 = (1-reg): 0.4 * r2l_loss: 2.0908586349643645 + (reg):0.6 * l2r_loos: 2.0557339301656503 
{'testlen': 561, 'reflen': 562, 'guess': [561, 461, 361, 263], 'correct': [450, 276, 153, 72]}
ratio: 0.9982206405676188
{'testlen': 489, 'reflen': 488, 'guess': [489, 389, 289, 189], 'correct': [399, 250, 145, 70]}
ratio: 1.0020491803258156
loss: 2.4794692816557706 = (1-reg): 0.4 * r2l_loss: 2.520320450818097 + (reg):0.6 * l2r_loos: 2.452235030244898 
r2l_scores: {'Bleu_1': 0.8007104731823429, 'Bleu_2': 0.6917589091735044, 'Bleu_3': 0.5871826337135108, 'Bleu_4': 0.4849875086516723, 'METEOR': 0.34865152716732417, 'ROUGE_L': 0.7161287934491072, 'CIDEr': 0.9903531649573886}
l2r_scores: {'Bleu_1': 0.8159509202437302, 'Bleu_2': 0.7241478105809426, 'Bleu_3': 0.6407788978727703, 'Bleu_4': 0.5587148438800571, 'METEOR': 0.35815889808654444, 'ROUGE_L': 0.7305524166605813, 'CIDEr': 1.0365878403649538}
Saving checkpoint at epoch=2 to ./checkpoints/checkpoints_MSVD_ResNet152+I3D+OFeat/2025-04-13 01_32_53 _ Transformer _ MSVD _ FEAT MSVD_ResNet152+I3D+OFeat fsl-50 mcl-10 _ EMB 512 _ Transformer d-640-N-4-h-10-h_big-128-dp-0.1-sn-0 _ OPTIM Adam lr-0.0001-dc-12-0.5-5-wd-5e-06-rg-0.6 _ bs-32 gc-5.0/2.ckpt


loss: 1.8697869218763759 = (1-reg): 0.4 * r2l_loss: 1.8883878900965707 + (reg):0.6 * l2r_loos: 1.8573861809245875 
{'testlen': 544, 'reflen': 546, 'guess': [544, 444, 344, 245], 'correct': [449, 280, 158, 80]}
ratio: 0.9963369963351716
{'testlen': 549, 'reflen': 549, 'guess': [549, 449, 349, 249], 'correct': [460, 293, 180, 90]}
ratio: 0.9999999999981786
loss: 2.428227595929746 = (1-reg): 0.4 * r2l_loss: 2.4634697057582713 + (reg):0.6 * l2r_loos: 2.4047327209402014 
r2l_scores: {'Bleu_1': 0.822338778361867, 'Bleu_2': 0.7188107779780966, 'Bleu_3': 0.6183633074230825, 'Bleu_4': 0.5266409087608607, 'METEOR': 0.3554805308028473, 'ROUGE_L': 0.7235504835850086, 'CIDEr': 1.059415025314194}
l2r_scores: {'Bleu_1': 0.8378870673922119, 'Bleu_2': 0.7394407547068491, 'Bleu_3': 0.6557696025467058, 'Bleu_4': 0.5650335709139056, 'METEOR': 0.35716876876285014, 'ROUGE_L': 0.7370703576254175, 'CIDEr': 1.0491558072391722}
Saving checkpoint at epoch=3 to ./checkpoints/checkpoints_MSVD_ResNet152+I3D+OFeat/2025-04-13 01_32_53 _ Transformer _ MSVD _ FEAT MSVD_ResNet152+I3D+OFeat fsl-50 mcl-10 _ EMB 512 _ Transformer d-640-N-4-h-10-h_big-128-dp-0.1-sn-0 _ OPTIM Adam lr-0.0001-dc-12-0.5-5-wd-5e-06-rg-0.6 _ bs-32 gc-5.0/3.ckpt


loss: 1.760175687211459 = (1-reg): 0.4 * r2l_loss: 1.7753414844294064 + (reg):0.6 * l2r_loos: 1.7500650616942859 
{'testlen': 532, 'reflen': 533, 'guess': [532, 432, 332, 233], 'correct': [447, 275, 157, 77]}
ratio: 0.9981238273902474
{'testlen': 522, 'reflen': 522, 'guess': [522, 422, 322, 222], 'correct': [433, 265, 160, 77]}
ratio: 0.9999999999980843
loss: 2.4094797964449284 = (1-reg): 0.4 * r2l_loss: 2.4529153558943007 + (reg):0.6 * l2r_loos: 2.3805226537916395 
r2l_scores: {'Bleu_1': 0.8386476759878481, 'Bleu_2': 0.7299717881875563, 'Bleu_3': 0.6312273277055328, 'Bleu_4': 0.5366843851553491, 'METEOR': 0.3549139347341967, 'ROUGE_L': 0.737477770420431, 'CIDEr': 1.0513665854264886}
l2r_scores: {'Bleu_1': 0.829501915705634, 'Bleu_2': 0.7217310806327422, 'Bleu_3': 0.6372917686294282, 'Bleu_4': 0.5473790474649487, 'METEOR': 0.34590563722300216, 'ROUGE_L': 0.74609126382147, 'CIDEr': 1.1303377460082296}
Saving checkpoint at epoch=4 to ./checkpoints/checkpoints_MSVD_ResNet152+I3D+OFeat/2025-04-13 01_32_53 _ Transformer _ MSVD _ FEAT MSVD_ResNet152+I3D+OFeat fsl-50 mcl-10 _ EMB 512 _ Transformer d-640-N-4-h-10-h_big-128-dp-0.1-sn-0 _ OPTIM Adam lr-0.0001-dc-12-0.5-5-wd-5e-06-rg-0.6 _ bs-32 gc-5.0/4.ckpt


loss: 1.6866444692455353 = (1-reg): 0.4 * r2l_loss: 1.6992521384504975 + (reg):0.6 * l2r_loos: 1.6782392687875716 
{'testlen': 538, 'reflen': 539, 'guess': [538, 438, 338, 239], 'correct': [445, 274, 154, 74]}
ratio: 0.9981447124285749
{'testlen': 542, 'reflen': 540, 'guess': [542, 442, 342, 242], 'correct': [443, 277, 165, 84]}
ratio: 1.003703703701845
loss: 2.3828366297262686 = (1-reg): 0.4 * r2l_loss: 2.4284472359551326 + (reg):0.6 * l2r_loos: 2.352429442052488 
r2l_scores: {'Bleu_1': 0.825601544035342, 'Bleu_2': 0.7179924128468815, 'Bleu_3': 0.6166122719719349, 'Bleu_4': 0.5188188753407965, 'METEOR': 0.35665649007992634, 'ROUGE_L': 0.7330467162778141, 'CIDEr': 1.0355735789099023}
l2r_scores: {'Bleu_1': 0.8173431734302263, 'Bleu_2': 0.7156999216974833, 'Bleu_3': 0.6275378505766389, 'Bleu_4': 0.5411852163728414, 'METEOR': 0.36618796801394426, 'ROUGE_L': 0.7470846294897612, 'CIDEr': 1.0750485036031614}
Saving checkpoint at epoch=5 to ./checkpoints/checkpoints_MSVD_ResNet152+I3D+OFeat/2025-04-13 01_32_53 _ Transformer _ MSVD _ FEAT MSVD_ResNet152+I3D+OFeat fsl-50 mcl-10 _ EMB 512 _ Transformer d-640-N-4-h-10-h_big-128-dp-0.1-sn-0 _ OPTIM Adam lr-0.0001-dc-12-0.5-5-wd-5e-06-rg-0.6 _ bs-32 gc-5.0/5.ckpt


loss: 1.631075982422125 = (1-reg): 0.4 * r2l_loss: 1.6430019550636166 + (reg):0.6 * l2r_loos: 1.6231252438904809 
{'testlen': 525, 'reflen': 526, 'guess': [525, 425, 325, 226], 'correct': [438, 271, 149, 72]}
ratio: 0.9980988593136918
{'testlen': 530, 'reflen': 530, 'guess': [530, 430, 330, 230], 'correct': [435, 267, 162, 80]}
ratio: 0.9999999999981132
loss: 2.3942117991270844 = (1-reg): 0.4 * r2l_loss: 2.4280517057136253 + (reg):0.6 * l2r_loos: 2.371651758088006 
r2l_scores: {'Bleu_1': 0.8326981111192971, 'Bleu_2': 0.7279815226820937, 'Bleu_3': 0.6235990777012792, 'Bleu_4': 0.52696079492766, 'METEOR': 0.36456246820013866, 'ROUGE_L': 0.7496177796521422, 'CIDEr': 0.9509624542502028}
l2r_scores: {'Bleu_1': 0.8207547169780347, 'Bleu_2': 0.7138847366936867, 'Bleu_3': 0.6301139424014193, 'Bleu_4': 0.5431313291551233, 'METEOR': 0.35470754004067634, 'ROUGE_L': 0.7375771163555939, 'CIDEr': 1.0059639956969237}
Saving checkpoint at epoch=6 to ./checkpoints/checkpoints_MSVD_ResNet152+I3D+OFeat/2025-04-13 01_32_53 _ Transformer _ MSVD _ FEAT MSVD_ResNet152+I3D+OFeat fsl-50 mcl-10 _ EMB 512 _ Transformer d-640-N-4-h-10-h_big-128-dp-0.1-sn-0 _ OPTIM Adam lr-0.0001-dc-12-0.5-5-wd-5e-06-rg-0.6 _ bs-32 gc-5.0/6.ckpt


loss: 1.5850447088773134 = (1-reg): 0.4 * r2l_loss: 1.5938849934593575 + (reg):0.6 * l2r_loos: 1.5791511025975962 
{'testlen': 539, 'reflen': 539, 'guess': [539, 439, 339, 241], 'correct': [455, 273, 148, 73]}
ratio: 0.9999999999981447
{'testlen': 560, 'reflen': 560, 'guess': [560, 460, 360, 260], 'correct': [458, 281, 160, 77]}
ratio: 0.9999999999982143
loss: 2.3651930773699723 = (1-reg): 0.4 * r2l_loss: 2.4048214762299147 + (reg):0.6 * l2r_loos: 2.3387740320629544 
r2l_scores: {'Bleu_1': 0.8441558441527117, 'Bleu_2': 0.7245366840252216, 'Bleu_3': 0.6119664196514749, 'Bleu_4': 0.5133010448024257, 'METEOR': 0.351504632848837, 'ROUGE_L': 0.739455167478211, 'CIDEr': 1.0029470388188289}
l2r_scores: {'Bleu_1': 0.8178571428542221, 'Bleu_2': 0.7068267377959879, 'Bleu_3': 0.6055469304854075, 'Bleu_4': 0.5063959219073855, 'METEOR': 0.35339849231812664, 'ROUGE_L': 0.7260291864097655, 'CIDEr': 1.0089974438381464}
Saving checkpoint at epoch=7 to ./checkpoints/checkpoints_MSVD_ResNet152+I3D+OFeat/2025-04-13 01_32_53 _ Transformer _ MSVD _ FEAT MSVD_ResNet152+I3D+OFeat fsl-50 mcl-10 _ EMB 512 _ Transformer d-640-N-4-h-10-h_big-128-dp-0.1-sn-0 _ OPTIM Adam lr-0.0001-dc-12-0.5-5-wd-5e-06-rg-0.6 _ bs-32 gc-5.0/7.ckpt


loss: 1.5474959199154963 = (1-reg): 0.4 * r2l_loss: 1.5561432315091617 + (reg):0.6 * l2r_loos: 1.5417309585164805 
{'testlen': 530, 'reflen': 534, 'guess': [530, 430, 330, 231], 'correct': [439, 274, 159, 83]}
ratio: 0.9925093632940215
{'testlen': 546, 'reflen': 546, 'guess': [546, 446, 346, 246], 'correct': [450, 280, 168, 80]}
ratio: 0.9999999999981685
loss: 2.3456001776236075 = (1-reg): 0.4 * r2l_loss: 2.39091781951763 + (reg):0.6 * l2r_loos: 2.315388278607969 
r2l_scores: {'Bleu_1': 0.8220740825041016, 'Bleu_2': 0.7210372218623162, 'Bleu_3': 0.628791921259623, 'Bleu_4': 0.54566653449476, 'METEOR': 0.3638996731441372, 'ROUGE_L': 0.7221771749876348, 'CIDEr': 1.0700615226808627}
l2r_scores: {'Bleu_1': 0.8241758241728051, 'Bleu_2': 0.7193189834329464, 'Bleu_3': 0.6309942604131891, 'Bleu_4': 0.5346354802199453, 'METEOR': 0.3661611135259283, 'ROUGE_L': 0.7458464756791399, 'CIDEr': 1.0660709216473243}
Saving checkpoint at epoch=8 to ./checkpoints/checkpoints_MSVD_ResNet152+I3D+OFeat/2025-04-13 01_32_53 _ Transformer _ MSVD _ FEAT MSVD_ResNet152+I3D+OFeat fsl-50 mcl-10 _ EMB 512 _ Transformer d-640-N-4-h-10-h_big-128-dp-0.1-sn-0 _ OPTIM Adam lr-0.0001-dc-12-0.5-5-wd-5e-06-rg-0.6 _ bs-32 gc-5.0/8.ckpt


loss: 1.5151047155505322 = (1-reg): 0.4 * r2l_loss: 1.5243342565317624 + (reg):0.6 * l2r_loos: 1.508951608548399 
{'testlen': 547, 'reflen': 550, 'guess': [547, 447, 347, 248], 'correct': [457, 282, 162, 82]}
ratio: 0.9945454545436463
{'testlen': 539, 'reflen': 539, 'guess': [539, 439, 339, 239], 'correct': [448, 282, 167, 85]}
ratio: 0.9999999999981447
loss: 2.3518400969328703 = (1-reg): 0.4 * r2l_loss: 2.3796494007110596 + (reg):0.6 * l2r_loos: 2.333300456294307 
r2l_scores: {'Bleu_1': 0.8308966399178788, 'Bleu_2': 0.7220268674116451, 'Bleu_3': 0.6232134179027222, 'Bleu_4': 0.5311567091851122, 'METEOR': 0.36730750570931026, 'ROUGE_L': 0.7372135864325782, 'CIDEr': 1.054653929855423}
l2r_scores: {'Bleu_1': 0.831168831165747, 'Bleu_2': 0.7306963171830078, 'Bleu_3': 0.6407130010890364, 'Bleu_4': 0.5530353708431077, 'METEOR': 0.36569769339979075, 'ROUGE_L': 0.7440969971773984, 'CIDEr': 1.041919702919231}
Saving checkpoint at epoch=9 to ./checkpoints/checkpoints_MSVD_ResNet152+I3D+OFeat/2025-04-13 01_32_53 _ Transformer _ MSVD _ FEAT MSVD_ResNet152+I3D+OFeat fsl-50 mcl-10 _ EMB 512 _ Transformer d-640-N-4-h-10-h_big-128-dp-0.1-sn-0 _ OPTIM Adam lr-0.0001-dc-12-0.5-5-wd-5e-06-rg-0.6 _ bs-32 gc-5.0/9.ckpt


loss: 1.4858641626014084 = (1-reg): 0.4 * r2l_loss: 1.4943355742438895 + (reg):0.6 * l2r_loos: 1.4802164750802713 
{'testlen': 540, 'reflen': 540, 'guess': [540, 440, 340, 240], 'correct': [454, 286, 166, 82]}
ratio: 0.9999999999981481
{'testlen': 522, 'reflen': 522, 'guess': [522, 422, 322, 222], 'correct': [433, 276, 164, 82]}
ratio: 0.9999999999980843
loss: 2.340124255639535 = (1-reg): 0.4 * r2l_loss: 2.366817527347141 + (reg):0.6 * l2r_loos: 2.322328631083171 
r2l_scores: {'Bleu_1': 0.8407407407376268, 'Bleu_2': 0.7392438579232183, 'Bleu_3': 0.6437761355223903, 'Bleu_4': 0.5494798965797775, 'METEOR': 0.3754741579940019, 'ROUGE_L': 0.7428882973350192, 'CIDEr': 1.0348847245095816}
l2r_scores: {'Bleu_1': 0.829501915705634, 'Bleu_2': 0.736558104022595, 'Bleu_3': 0.6513293774094274, 'Bleu_4': 0.565217656013186, 'METEOR': 0.37795527499709475, 'ROUGE_L': 0.736620125277075, 'CIDEr': 1.1580695054828893}
Saving checkpoint at epoch=10 to ./checkpoints/checkpoints_MSVD_ResNet152+I3D+OFeat/2025-04-13 01_32_53 _ Transformer _ MSVD _ FEAT MSVD_ResNet152+I3D+OFeat fsl-50 mcl-10 _ EMB 512 _ Transformer d-640-N-4-h-10-h_big-128-dp-0.1-sn-0 _ OPTIM Adam lr-0.0001-dc-12-0.5-5-wd-5e-06-rg-0.6 _ bs-32 gc-5.0/10.ckpt


loss: 1.459947729736078 = (1-reg): 0.4 * r2l_loss: 1.4673266440532247 + (reg):0.6 * l2r_loos: 1.4550283747813741 
{'testlen': 529, 'reflen': 530, 'guess': [529, 429, 329, 230], 'correct': [441, 276, 158, 78]}
ratio: 0.9981132075452867
{'testlen': 547, 'reflen': 547, 'guess': [547, 447, 347, 247], 'correct': [453, 283, 169, 88]}
ratio: 0.9999999999981719
loss: 2.335986543584753 = (1-reg): 0.4 * r2l_loss: 2.375629856851366 + (reg):0.6 * l2r_loos: 2.309557554456923 
r2l_scores: {'Bleu_1': 0.8320739868739434, 'Bleu_2': 0.7309646608412247, 'Bleu_3': 0.6350544928289038, 'Bleu_4': 0.5426186208244601, 'METEOR': 0.3551854855562178, 'ROUGE_L': 0.7310777472964, 'CIDEr': 1.0173809971545875}
l2r_scores: {'Bleu_1': 0.8281535648964237, 'Bleu_2': 0.7240939086276805, 'Bleu_3': 0.6344279960635623, 'Bleu_4': 0.5492033582655866, 'METEOR': 0.35987477893928405, 'ROUGE_L': 0.7442372635607382, 'CIDEr': 1.0528720901416835}
Saving checkpoint at epoch=11 to ./checkpoints/checkpoints_MSVD_ResNet152+I3D+OFeat/2025-04-13 01_32_53 _ Transformer _ MSVD _ FEAT MSVD_ResNet152+I3D+OFeat fsl-50 mcl-10 _ EMB 512 _ Transformer d-640-N-4-h-10-h_big-128-dp-0.1-sn-0 _ OPTIM Adam lr-0.0001-dc-12-0.5-5-wd-5e-06-rg-0.6 _ bs-32 gc-5.0/11.ckpt


loss: 1.4366830768741545 = (1-reg): 0.4 * r2l_loss: 1.4439845538530194 + (reg):0.6 * l2r_loos: 1.431815348257784 
{'testlen': 505, 'reflen': 504, 'guess': [505, 405, 305, 205], 'correct': [420, 266, 151, 70]}
ratio: 1.001984126982139
{'testlen': 514, 'reflen': 513, 'guess': [514, 414, 314, 214], 'correct': [420, 252, 145, 73]}
ratio: 1.0019493177368384
loss: 2.3546148582741067 = (1-reg): 0.4 * r2l_loss: 2.3795455146718907 + (reg):0.6 * l2r_loos: 2.337994286749098 
r2l_scores: {'Bleu_1': 0.8316831683151849, 'Bleu_2': 0.7390813830650288, 'Bleu_3': 0.6466766966857724, 'Bleu_4': 0.5512536183710385, 'METEOR': 0.3602046964559518, 'ROUGE_L': 0.7360259727740508, 'CIDEr': 0.9565622248094635}
l2r_scores: {'Bleu_1': 0.8171206225665036, 'Bleu_2': 0.7052501472929094, 'Bleu_3': 0.6124090149227941, 'Bleu_4': 0.5290642946827365, 'METEOR': 0.3450254296919343, 'ROUGE_L': 0.7227999296487636, 'CIDEr': 0.9544663712694831}
Saving checkpoint at epoch=12 to ./checkpoints/checkpoints_MSVD_ResNet152+I3D+OFeat/2025-04-13 01_32_53 _ Transformer _ MSVD _ FEAT MSVD_ResNet152+I3D+OFeat fsl-50 mcl-10 _ EMB 512 _ Transformer d-640-N-4-h-10-h_big-128-dp-0.1-sn-0 _ OPTIM Adam lr-0.0001-dc-12-0.5-5-wd-5e-06-rg-0.6 _ bs-32 gc-5.0/12.ckpt


loss: 1.4148159712650736 = (1-reg): 0.4 * r2l_loss: 1.4214356180097236 + (reg):0.6 * l2r_loos: 1.4104027978709486 
{'testlen': 530, 'reflen': 533, 'guess': [530, 431, 332, 233], 'correct': [431, 257, 145, 71]}
ratio: 0.9943714821744947
{'testlen': 516, 'reflen': 516, 'guess': [516, 416, 316, 216], 'correct': [428, 261, 150, 72]}
ratio: 0.999999999998062
loss: 2.33658436316031 = (1-reg): 0.4 * r2l_loss: 2.3708928214179146 + (reg):0.6 * l2r_loos: 2.3137119408007023 
r2l_scores: {'Bleu_1': 0.8086174885662953, 'Bleu_2': 0.6924211998760914, 'Bleu_3': 0.592703447613522, 'Bleu_4': 0.5011746887506404, 'METEOR': 0.348503969823823, 'ROUGE_L': 0.6962061881283652, 'CIDEr': 0.9211914828272576}
l2r_scores: {'Bleu_1': 0.8294573643378703, 'Bleu_2': 0.7213908376212942, 'Bleu_3': 0.6274538765936615, 'Bleu_4': 0.535680751756073, 'METEOR': 0.36559273051155977, 'ROUGE_L': 0.7306957151107053, 'CIDEr': 0.9875758384539597}
Saving checkpoint at epoch=13 to ./checkpoints/checkpoints_MSVD_ResNet152+I3D+OFeat/2025-04-13 01_32_53 _ Transformer _ MSVD _ FEAT MSVD_ResNet152+I3D+OFeat fsl-50 mcl-10 _ EMB 512 _ Transformer d-640-N-4-h-10-h_big-128-dp-0.1-sn-0 _ OPTIM Adam lr-0.0001-dc-12-0.5-5-wd-5e-06-rg-0.6 _ bs-32 gc-5.0/13.ckpt


loss: 1.3944938944206864 = (1-reg): 0.4 * r2l_loss: 1.4012440671295416 + (reg):0.6 * l2r_loos: 1.3899937028181357 
{'testlen': 546, 'reflen': 545, 'guess': [546, 446, 346, 246], 'correct': [457, 277, 164, 86]}
ratio: 1.001834862383483
{'testlen': 536, 'reflen': 535, 'guess': [536, 436, 336, 236], 'correct': [450, 281, 167, 82]}
ratio: 1.001869158876632
loss: 2.320933191864579 = (1-reg): 0.4 * r2l_loss: 2.3600962347454493 + (reg):0.6 * l2r_loos: 2.294824371514497 
r2l_scores: {'Bleu_1': 0.836996336994804, 'Bleu_2': 0.7209982886028601, 'Bleu_3': 0.6269199240726563, 'Bleu_4': 0.5417512103596772, 'METEOR': 0.36773959960242697, 'ROUGE_L': 0.7479727270734352, 'CIDEr': 1.0191112237683384}
l2r_scores: {'Bleu_1': 0.8395522388044039, 'Bleu_2': 0.7355865460645257, 'Bleu_3': 0.6454782053210153, 'Bleu_4': 0.5528873449428042, 'METEOR': 0.3745801099750852, 'ROUGE_L': 0.7552263253843879, 'CIDEr': 1.070922269271379}
Saving checkpoint at epoch=14 to ./checkpoints/checkpoints_MSVD_ResNet152+I3D+OFeat/2025-04-13 01_32_53 _ Transformer _ MSVD _ FEAT MSVD_ResNet152+I3D+OFeat fsl-50 mcl-10 _ EMB 512 _ Transformer d-640-N-4-h-10-h_big-128-dp-0.1-sn-0 _ OPTIM Adam lr-0.0001-dc-12-0.5-5-wd-5e-06-rg-0.6 _ bs-32 gc-5.0/14.ckpt


loss: 1.3773508053138608 = (1-reg): 0.4 * r2l_loss: 1.3831849120874873 + (reg):0.6 * l2r_loos: 1.3734613291552809 
{'testlen': 532, 'reflen': 532, 'guess': [532, 432, 332, 232], 'correct': [453, 284, 163, 91]}
ratio: 0.9999999999981203
{'testlen': 547, 'reflen': 546, 'guess': [547, 447, 347, 247], 'correct': [457, 288, 172, 85]}
ratio: 1.001831501829667
loss: 2.3104224496417576 = (1-reg): 0.4 * r2l_loss: 2.3526407683337176 + (reg):0.6 * l2r_loos: 2.282276799943712 
r2l_scores: {'Bleu_1': 0.851503759395295, 'Bleu_2': 0.7481877296904659, 'Bleu_3': 0.6501649619419834, 'Bleu_4': 0.5730018481929721, 'METEOR': 0.38341807255431565, 'ROUGE_L': 0.7648410804622727, 'CIDEr': 1.0560662732340607}
l2r_scores: {'Bleu_1': 0.835466179157522, 'Bleu_2': 0.7336804033236078, 'Bleu_3': 0.6437801822539482, 'Bleu_4': 0.5504700511360779, 'METEOR': 0.36981297339951563, 'ROUGE_L': 0.7497064496361296, 'CIDEr': 0.9920168986688894}
Saving checkpoint at epoch=15 to ./checkpoints/checkpoints_MSVD_ResNet152+I3D+OFeat/2025-04-13 01_32_53 _ Transformer _ MSVD _ FEAT MSVD_ResNet152+I3D+OFeat fsl-50 mcl-10 _ EMB 512 _ Transformer d-640-N-4-h-10-h_big-128-dp-0.1-sn-0 _ OPTIM Adam lr-0.0001-dc-12-0.5-5-wd-5e-06-rg-0.6 _ bs-32 gc-5.0/15.ckpt


loss: 1.3583332014083862 = (1-reg): 0.4 * r2l_loss: 1.3653217618582678 + (reg):0.6 * l2r_loos: 1.353674087837094 
{'testlen': 536, 'reflen': 537, 'guess': [536, 436, 336, 236], 'correct': [451, 277, 158, 81]}
ratio: 0.9981378026052177
{'testlen': 556, 'reflen': 556, 'guess': [556, 456, 356, 256], 'correct': [463, 292, 174, 89]}
ratio: 0.9999999999982014
loss: 2.3487432409215856 = (1-reg): 0.4 * r2l_loss: 2.382808454831441 + (reg):0.6 * l2r_loos: 2.3260329776340063 
r2l_scores: {'Bleu_1': 0.8398495643745196, 'Bleu_2': 0.7297805174967351, 'Bleu_3': 0.6299373555337113, 'Bleu_4': 0.5409582063804472, 'METEOR': 0.3637147004970873, 'ROUGE_L': 0.7407241249529197, 'CIDEr': 1.0165388488405602}
l2r_scores: {'Bleu_1': 0.8327338129466448, 'Bleu_2': 0.7302340909506434, 'Bleu_3': 0.6387650604829277, 'Bleu_4': 0.5486474625500988, 'METEOR': 0.36939212989237197, 'ROUGE_L': 0.7460282405502121, 'CIDEr': 1.06712227576013}
Saving checkpoint at epoch=16 to ./checkpoints/checkpoints_MSVD_ResNet152+I3D+OFeat/2025-04-13 01_32_53 _ Transformer _ MSVD _ FEAT MSVD_ResNet152+I3D+OFeat fsl-50 mcl-10 _ EMB 512 _ Transformer d-640-N-4-h-10-h_big-128-dp-0.1-sn-0 _ OPTIM Adam lr-0.0001-dc-12-0.5-5-wd-5e-06-rg-0.6 _ bs-32 gc-5.0/16.ckpt


loss: 1.3430673253731649 = (1-reg): 0.4 * r2l_loss: 1.3495448360677624 + (reg):0.6 * l2r_loos: 1.33874891460919 
{'testlen': 537, 'reflen': 538, 'guess': [537, 437, 337, 237], 'correct': [442, 266, 150, 73]}
ratio: 0.9981412639386652
{'testlen': 541, 'reflen': 542, 'guess': [541, 441, 341, 241], 'correct': [452, 285, 161, 74]}
ratio: 0.9981549815479739
loss: 2.342056005972403 = (1-reg): 0.4 * r2l_loss: 2.374969070929068 + (reg):0.6 * l2r_loos: 2.3201138381604793 
r2l_scores: {'Bleu_1': 0.8215599155574997, 'Bleu_2': 0.7065051787262688, 'Bleu_3': 0.6052866635842981, 'Bleu_4': 0.5109898478767387, 'METEOR': 0.35307244961155987, 'ROUGE_L': 0.7377454021987522, 'CIDEr': 0.9961004738266392}
l2r_scores: {'Bleu_1': 0.8339469165635721, 'Bleu_2': 0.7334507511358784, 'Bleu_3': 0.6329026051466686, 'Bleu_4': 0.5279656176228825, 'METEOR': 0.3671827999104934, 'ROUGE_L': 0.7424802602920137, 'CIDEr': 1.0106549990361011}
Saving checkpoint at epoch=17 to ./checkpoints/checkpoints_MSVD_ResNet152+I3D+OFeat/2025-04-13 01_32_53 _ Transformer _ MSVD _ FEAT MSVD_ResNet152+I3D+OFeat fsl-50 mcl-10 _ EMB 512 _ Transformer d-640-N-4-h-10-h_big-128-dp-0.1-sn-0 _ OPTIM Adam lr-0.0001-dc-12-0.5-5-wd-5e-06-rg-0.6 _ bs-32 gc-5.0/17.ckpt


loss: 1.3264491325128274 = (1-reg): 0.4 * r2l_loss: 1.3341560099554843 + (reg):0.6 * l2r_loos: 1.321311144125266 
{'testlen': 530, 'reflen': 532, 'guess': [530, 430, 330, 231], 'correct': [443, 274, 159, 80]}
ratio: 0.9962406015018868
{'testlen': 526, 'reflen': 525, 'guess': [526, 426, 326, 226], 'correct': [437, 275, 164, 81]}
ratio: 1.0019047619028536
loss: 2.3269252715287387 = (1-reg): 0.4 * r2l_loss: 2.3655654306764955 + (reg):0.6 * l2r_loos: 2.3011650571116693 
r2l_scores: {'Bleu_1': 0.8327008529599427, 'Bleu_2': 0.7270531072094613, 'Bleu_3': 0.6330804013265091, 'Bleu_4': 0.5439436883032267, 'METEOR': 0.35991538439600823, 'ROUGE_L': 0.7340242944129147, 'CIDEr': 1.014500791843033}
l2r_scores: {'Bleu_1': 0.830798479085873, 'Bleu_2': 0.7323343308753104, 'Bleu_3': 0.6461723124267723, 'Bleu_4': 0.5576419071306647, 'METEOR': 0.3739162860868423, 'ROUGE_L': 0.7506168483498628, 'CIDEr': 1.0918263127572703}
Saving checkpoint at epoch=18 to ./checkpoints/checkpoints_MSVD_ResNet152+I3D+OFeat/2025-04-13 01_32_53 _ Transformer _ MSVD _ FEAT MSVD_ResNet152+I3D+OFeat fsl-50 mcl-10 _ EMB 512 _ Transformer d-640-N-4-h-10-h_big-128-dp-0.1-sn-0 _ OPTIM Adam lr-0.0001-dc-12-0.5-5-wd-5e-06-rg-0.6 _ bs-32 gc-5.0/18.ckpt


loss: 1.3120620257346356 = (1-reg): 0.4 * r2l_loss: 1.3190766914555283 + (reg):0.6 * l2r_loos: 1.3073855137825012 
{'testlen': 527, 'reflen': 526, 'guess': [527, 427, 327, 227], 'correct': [440, 271, 159, 89]}
ratio: 1.001901140682506
{'testlen': 542, 'reflen': 540, 'guess': [542, 442, 342, 242], 'correct': [455, 290, 168, 83]}
ratio: 1.003703703701845
loss: 2.3507808526357015 = (1-reg): 0.4 * r2l_loss: 2.3787136501736112 + (reg):0.6 * l2r_loos: 2.332158883412679 
r2l_scores: {'Bleu_1': 0.8349146110041084, 'Bleu_2': 0.7279335539547984, 'Bleu_3': 0.6363229928121605, 'Bleu_4': 0.5637664789697524, 'METEOR': 0.36713233540031065, 'ROUGE_L': 0.7246482337985863, 'CIDEr': 0.935234602586084}
l2r_scores: {'Bleu_1': 0.8394833948323995, 'Bleu_2': 0.742153806583478, 'Bleu_3': 0.6467806296186497, 'Bleu_4': 0.5519292813525032, 'METEOR': 0.367709167212377, 'ROUGE_L': 0.7481087078436771, 'CIDEr': 1.0225019936828845}
Saving checkpoint at epoch=19 to ./checkpoints/checkpoints_MSVD_ResNet152+I3D+OFeat/2025-04-13 01_32_53 _ Transformer _ MSVD _ FEAT MSVD_ResNet152+I3D+OFeat fsl-50 mcl-10 _ EMB 512 _ Transformer d-640-N-4-h-10-h_big-128-dp-0.1-sn-0 _ OPTIM Adam lr-0.0001-dc-12-0.5-5-wd-5e-06-rg-0.6 _ bs-32 gc-5.0/19.ckpt


loss: 1.2985759029622939 = (1-reg): 0.4 * r2l_loss: 1.3067732732804096 + (reg):0.6 * l2r_loos: 1.2931109210702239 
{'testlen': 532, 'reflen': 534, 'guess': [532, 432, 332, 232], 'correct': [431, 265, 145, 70]}
ratio: 0.9962546816460744
{'testlen': 526, 'reflen': 525, 'guess': [526, 426, 326, 226], 'correct': [436, 273, 164, 80]}
ratio: 1.0019047619028536
loss: 2.352459928724501 = (1-reg): 0.4 * r2l_loss: 2.386485297591598 + (reg):0.6 * l2r_loos: 2.329776242927269 
r2l_scores: {'Bleu_1': 0.807110415623226, 'Bleu_2': 0.702313790897848, 'Bleu_3': 0.5987146363302293, 'Bleu_4': 0.5039752960412955, 'METEOR': 0.3468189325053422, 'ROUGE_L': 0.7035838824854898, 'CIDEr': 0.9224215663211646}
l2r_scores: {'Bleu_1': 0.828897338401466, 'Bleu_2': 0.7288311005985492, 'Bleu_3': 0.6441099583492695, 'Bleu_4': 0.5545815244432236, 'METEOR': 0.35537704751918453, 'ROUGE_L': 0.7331829215274006, 'CIDEr': 0.9900867688725051}
Saving checkpoint at epoch=20 to ./checkpoints/checkpoints_MSVD_ResNet152+I3D+OFeat/2025-04-13 01_32_53 _ Transformer _ MSVD _ FEAT MSVD_ResNet152+I3D+OFeat fsl-50 mcl-10 _ EMB 512 _ Transformer d-640-N-4-h-10-h_big-128-dp-0.1-sn-0 _ OPTIM Adam lr-0.0001-dc-12-0.5-5-wd-5e-06-rg-0.6 _ bs-32 gc-5.0/20.ckpt


loss: 1.2858784415291957 = (1-reg): 0.4 * r2l_loss: 1.2932074852849615 + (reg):0.6 * l2r_loos: 1.2809923461617017 
{'testlen': 551, 'reflen': 549, 'guess': [551, 451, 351, 251], 'correct': [457, 267, 150, 75]}
ratio: 1.0036429872477166
{'testlen': 558, 'reflen': 558, 'guess': [558, 458, 358, 258], 'correct': [465, 302, 181, 94]}
ratio: 0.9999999999982079
loss: 2.353110451168484 = (1-reg): 0.4 * r2l_loss: 2.38309925838753 + (reg):0.6 * l2r_loos: 2.3331177949905397 
r2l_scores: {'Bleu_1': 0.8294010889277144, 'Bleu_2': 0.7007283045935535, 'Bleu_3': 0.5942390043944514, 'Bleu_4': 0.5004005188175455, 'METEOR': 0.35467564919587036, 'ROUGE_L': 0.7185127278018504, 'CIDEr': 0.8969174311826518}
l2r_scores: {'Bleu_1': 0.8333333333303464, 'Bleu_2': 0.7412762903056822, 'Bleu_3': 0.6525071211357962, 'Bleu_4': 0.5640478896654813, 'METEOR': 0.37648852156306706, 'ROUGE_L': 0.7532015638957297, 'CIDEr': 1.021135639354369}
Saving checkpoint at epoch=21 to ./checkpoints/checkpoints_MSVD_ResNet152+I3D+OFeat/2025-04-13 01_32_53 _ Transformer _ MSVD _ FEAT MSVD_ResNet152+I3D+OFeat fsl-50 mcl-10 _ EMB 512 _ Transformer d-640-N-4-h-10-h_big-128-dp-0.1-sn-0 _ OPTIM Adam lr-0.0001-dc-12-0.5-5-wd-5e-06-rg-0.6 _ bs-32 gc-5.0/21.ckpt
Epoch 00010: reducing learning rate of group 0 to 5.0000e-05.


loss: 1.223815037852428 = (1-reg): 0.4 * r2l_loss: 1.2356584274964255 + (reg):0.6 * l2r_loos: 1.215919382298579 
{'testlen': 526, 'reflen': 526, 'guess': [526, 426, 326, 227], 'correct': [434, 273, 157, 81]}
ratio: 0.9999999999980989
{'testlen': 542, 'reflen': 542, 'guess': [542, 442, 342, 242], 'correct': [449, 293, 178, 92]}
ratio: 0.999999999998155
loss: 2.333089248339335 = (1-reg): 0.4 * r2l_loss: 2.3755017236427025 + (reg):0.6 * l2r_loos: 2.3048141558965045 
r2l_scores: {'Bleu_1': 0.8250950570310833, 'Bleu_2': 0.7271575482150507, 'Bleu_3': 0.6338400763190558, 'Bleu_4': 0.549034407089588, 'METEOR': 0.35352693059025775, 'ROUGE_L': 0.7074090240036598, 'CIDEr': 0.9551734376569384}
l2r_scores: {'Bleu_1': 0.8284132841297844, 'Bleu_2': 0.7410477666241359, 'Bleu_3': 0.6587117856680129, 'Bleu_4': 0.5741358830286193, 'METEOR': 0.3811109869705255, 'ROUGE_L': 0.7602545236667055, 'CIDEr': 1.0252130419710423}
Saving checkpoint at epoch=22 to ./checkpoints/checkpoints_MSVD_ResNet152+I3D+OFeat/2025-04-13 01_32_53 _ Transformer _ MSVD _ FEAT MSVD_ResNet152+I3D+OFeat fsl-50 mcl-10 _ EMB 512 _ Transformer d-640-N-4-h-10-h_big-128-dp-0.1-sn-0 _ OPTIM Adam lr-0.0001-dc-12-0.5-5-wd-5e-06-rg-0.6 _ bs-32 gc-5.0/22.ckpt


loss: 1.2067067635254782 = (1-reg): 0.4 * r2l_loss: 1.218677936577406 + (reg):0.6 * l2r_loos: 1.1987259190590656 
{'testlen': 540, 'reflen': 539, 'guess': [540, 440, 340, 240], 'correct': [445, 274, 158, 84]}
ratio: 1.0018552875677145
{'testlen': 551, 'reflen': 550, 'guess': [551, 451, 351, 251], 'correct': [460, 296, 180, 95]}
ratio: 1.0018181818163603
loss: 2.343832508722941 = (1-reg): 0.4 * r2l_loss: 2.3873425748613144 + (reg):0.6 * l2r_loos: 2.314825674339577 
r2l_scores: {'Bleu_1': 0.8240740740725481, 'Bleu_2': 0.7163612221995856, 'Bleu_3': 0.6201271833763553, 'Bleu_4': 0.5374989100736296, 'METEOR': 0.36760278367836224, 'ROUGE_L': 0.7281786710955093, 'CIDEr': 1.0369770452562033}
l2r_scores: {'Bleu_1': 0.8348457350257081, 'Bleu_2': 0.740219805503147, 'Bleu_3': 0.6549813442521393, 'Bleu_4': 0.5710631921177526, 'METEOR': 0.37636910259104217, 'ROUGE_L': 0.756597039216109, 'CIDEr': 1.0758637421300028}
Saving checkpoint at epoch=23 to ./checkpoints/checkpoints_MSVD_ResNet152+I3D+OFeat/2025-04-13 01_32_53 _ Transformer _ MSVD _ FEAT MSVD_ResNet152+I3D+OFeat fsl-50 mcl-10 _ EMB 512 _ Transformer d-640-N-4-h-10-h_big-128-dp-0.1-sn-0 _ OPTIM Adam lr-0.0001-dc-12-0.5-5-wd-5e-06-rg-0.6 _ bs-32 gc-5.0/23.ckpt


loss: 1.1966669380469401 = (1-reg): 0.4 * r2l_loss: 1.209642773964366 + (reg):0.6 * l2r_loos: 1.188016318610457 
{'testlen': 534, 'reflen': 532, 'guess': [534, 434, 334, 234], 'correct': [449, 280, 162, 85]}
ratio: 1.0037593984943538
{'testlen': 536, 'reflen': 536, 'guess': [536, 436, 336, 236], 'correct': [452, 287, 167, 80]}
ratio: 0.9999999999981344
loss: 2.3433475856427792 = (1-reg): 0.4 * r2l_loss: 2.3750306217758745 + (reg):0.6 * l2r_loos: 2.3222254514694214 
r2l_scores: {'Bleu_1': 0.8408239700358786, 'Bleu_2': 0.7365236435045738, 'Bleu_3': 0.640787421173192, 'Bleu_4': 0.5560146702749399, 'METEOR': 0.3698254435419677, 'ROUGE_L': 0.7379145614513913, 'CIDEr': 0.9923219120834312}
l2r_scores: {'Bleu_1': 0.8432835820864056, 'Bleu_2': 0.7450484684341256, 'Bleu_3': 0.6510016392056416, 'Bleu_4': 0.5530075461642613, 'METEOR': 0.36809284979934725, 'ROUGE_L': 0.7462097663476018, 'CIDEr': 1.0265650127985042}
Saving checkpoint at epoch=24 to ./checkpoints/checkpoints_MSVD_ResNet152+I3D+OFeat/2025-04-13 01_32_53 _ Transformer _ MSVD _ FEAT MSVD_ResNet152+I3D+OFeat fsl-50 mcl-10 _ EMB 512 _ Transformer d-640-N-4-h-10-h_big-128-dp-0.1-sn-0 _ OPTIM Adam lr-0.0001-dc-12-0.5-5-wd-5e-06-rg-0.6 _ bs-32 gc-5.0/24.ckpt


loss: 1.1878972357609232 = (1-reg): 0.4 * r2l_loss: 1.2002259555801016 + (reg):0.6 * l2r_loos: 1.179678026809067 
{'testlen': 512, 'reflen': 510, 'guess': [512, 412, 312, 212], 'correct': [423, 258, 143, 73]}
ratio: 1.0039215686254825
{'testlen': 550, 'reflen': 549, 'guess': [550, 450, 350, 250], 'correct': [455, 281, 164, 82]}
ratio: 1.0018214936229475
loss: 2.350447671501725 = (1-reg): 0.4 * r2l_loss: 2.381468242186087 + (reg):0.6 * l2r_loos: 2.329767159179405 
r2l_scores: {'Bleu_1': 0.8261718749983864, 'Bleu_2': 0.7192774552586539, 'Bleu_3': 0.6189536285090022, 'Bleu_4': 0.5345524627555508, 'METEOR': 0.35948075377843197, 'ROUGE_L': 0.7288545792433596, 'CIDEr': 0.9529059105340013}
l2r_scores: {'Bleu_1': 0.8272727272712231, 'Bleu_2': 0.7187390754535135, 'Bleu_3': 0.6232172117554271, 'Bleu_4': 0.5308209319961033, 'METEOR': 0.35942259854779474, 'ROUGE_L': 0.7396766810676517, 'CIDEr': 0.9263904147378693}
Saving checkpoint at epoch=25 to ./checkpoints/checkpoints_MSVD_ResNet152+I3D+OFeat/2025-04-13 01_32_53 _ Transformer _ MSVD _ FEAT MSVD_ResNet152+I3D+OFeat fsl-50 mcl-10 _ EMB 512 _ Transformer d-640-N-4-h-10-h_big-128-dp-0.1-sn-0 _ OPTIM Adam lr-0.0001-dc-12-0.5-5-wd-5e-06-rg-0.6 _ bs-32 gc-5.0/25.ckpt



[BEST: 10 SEED: 904666]
{'testlen': 3649, 'reflen': 3653, 'guess': [3649, 2979, 2309, 1642], 'correct': [2985, 1815, 1034, 492]}
ratio: 0.9989050095808927
{'testlen': 3601, 'reflen': 3608, 'guess': [3601, 2931, 2261, 1592], 'correct': [2964, 1840, 1095, 528]}
ratio: 0.9980598669620294
r2l scores: {'Bleu_1': 0.8171361094633225, 'Bleu_2': 0.7051998796989667, 'Bleu_3': 0.6059195963286221, 'Bleu_4': 0.507972520258844, 'METEOR': 0.3733744418104284, 'ROUGE_L': 0.7289424317222607, 'CIDEr': 0.8974701592220481}
l2r scores: {'Bleu_1': 0.8215062103994877, 'Bleu_2': 0.7174378981883077, 'Bleu_3': 0.6289449766611513, 'Bleu_4': 0.5356993848062197, 'METEOR': 0.37380406767615876, 'ROUGE_L': 0.7358187192272063, 'CIDEr': 0.9412098520706393}
./checkpoints/checkpoints_MSVD_ResNet152+I3D+OFeat/2025-04-13 01_32_53 _ Transformer _ MSVD _ FEAT MSVD_ResNet152+I3D+OFeat fsl-50 mcl-10 _ EMB 512 _ Transformer d-640-N-4-h-10-h_big-128-dp-0.1-sn-0 _ OPTIM Adam lr-0.0001-dc-12-0.5-5-wd-5e-06-rg-0.6 _ bs-32 gc-5.0
['19.ckpt', '2.ckpt', 'best.ckpt', '22.ckpt', '4.ckpt', '10.ckpt', '21.ckpt', '11.ckpt', '5.ckpt', '8.ckpt', '3.ckpt', '13.ckpt', '6.ckpt', '9.ckpt', '20.ckpt', '16.ckpt', '15.ckpt', '12.ckpt', '7.ckpt', '23.ckpt', '14.ckpt', '24.ckpt', '17.ckpt', '1.ckpt', '18.ckpt', '25.ckpt']
Build data_loader according to 19.ckpt
Enter the load3 method. data_loader_fusion.py--row215
Enter the load3 method. data_loader_fusion.py--row215
Enter the load3 method. data_loader_fusion.py--row215
#vocabs: 3891 (9158), #words: 323223 (329680). Trim words which appear less than 3 times.
Now is test in the ./checkpoints/checkpoints_MSVD_ResNet152+I3D+OFeat/2025-04-13 01_32_53 _ Transformer _ MSVD _ FEAT MSVD_ResNet152+I3D+OFeat fsl-50 mcl-10 _ EMB 512 _ Transformer d-640-N-4-h-10-h_big-128-dp-0.1-sn-0 _ OPTIM Adam lr-0.0001-dc-12-0.5-5-wd-5e-06-rg-0.6 _ bs-32 gc-5.0/0.ckpt
Now is test in the ./checkpoints/checkpoints_MSVD_ResNet152+I3D+OFeat/2025-04-13 01_32_53 _ Transformer _ MSVD _ FEAT MSVD_ResNet152+I3D+OFeat fsl-50 mcl-10 _ EMB 512 _ Transformer d-640-N-4-h-10-h_big-128-dp-0.1-sn-0 _ OPTIM Adam lr-0.0001-dc-12-0.5-5-wd-5e-06-rg-0.6 _ bs-32 gc-5.0/1.ckpt
Now is test in the ./checkpoints/checkpoints_MSVD_ResNet152+I3D+OFeat/2025-04-13 01_32_53 _ Transformer _ MSVD _ FEAT MSVD_ResNet152+I3D+OFeat fsl-50 mcl-10 _ EMB 512 _ Transformer d-640-N-4-h-10-h_big-128-dp-0.1-sn-0 _ OPTIM Adam lr-0.0001-dc-12-0.5-5-wd-5e-06-rg-0.6 _ bs-32 gc-5.0/2.ckpt
Now is test in the ./checkpoints/checkpoints_MSVD_ResNet152+I3D+OFeat/2025-04-13 01_32_53 _ Transformer _ MSVD _ FEAT MSVD_ResNet152+I3D+OFeat fsl-50 mcl-10 _ EMB 512 _ Transformer d-640-N-4-h-10-h_big-128-dp-0.1-sn-0 _ OPTIM Adam lr-0.0001-dc-12-0.5-5-wd-5e-06-rg-0.6 _ bs-32 gc-5.0/3.ckpt
Finish build data_loader.
Finish the model load in CUDA. Try to enter Test Set.
{'testlen': 3536, 'reflen': 3541, 'guess': [3536, 2866, 2196, 1526], 'correct': [2870, 1734, 1023, 465]}
ratio: 0.9985879694998592
[TEST L2R] in 4.ckpt is {'Bleu_1': 0.8105046973900866, 'Bleu_2': 0.6997729804548728, 'Bleu_3': 0.6107280179464321, 'Bleu_4': 0.5131058450825418, 'METEOR': 0.3606235034566614, 'ROUGE_L': 0.7359344807385306, 'CIDEr': 0.8972832400067495}
Now is test in the ./checkpoints/checkpoints_MSVD_ResNet152+I3D+OFeat/2025-04-13 01_32_53 _ Transformer _ MSVD _ FEAT MSVD_ResNet152+I3D+OFeat fsl-50 mcl-10 _ EMB 512 _ Transformer d-640-N-4-h-10-h_big-128-dp-0.1-sn-0 _ OPTIM Adam lr-0.0001-dc-12-0.5-5-wd-5e-06-rg-0.6 _ bs-32 gc-5.0/4.ckpt
Finish build data_loader.
Finish the model load in CUDA. Try to enter Test Set.
{'testlen': 3549, 'reflen': 3549, 'guess': [3549, 2879, 2209, 1539], 'correct': [2947, 1822, 1063, 500]}
ratio: 0.9999999999997182
[TEST L2R] in 5.ckpt is {'Bleu_1': 0.8303747534512086, 'Bleu_2': 0.7249205681144836, 'Bleu_3': 0.6323722410232314, 'Bleu_4': 0.5353803710411283, 'METEOR': 0.37373954245199126, 'ROUGE_L': 0.7476090969126606, 'CIDEr': 0.9010692185655755}
Now is test in the ./checkpoints/checkpoints_MSVD_ResNet152+I3D+OFeat/2025-04-13 01_32_53 _ Transformer _ MSVD _ FEAT MSVD_ResNet152+I3D+OFeat fsl-50 mcl-10 _ EMB 512 _ Transformer d-640-N-4-h-10-h_big-128-dp-0.1-sn-0 _ OPTIM Adam lr-0.0001-dc-12-0.5-5-wd-5e-06-rg-0.6 _ bs-32 gc-5.0/5.ckpt
Finish build data_loader.
Finish the model load in CUDA. Try to enter Test Set.
{'testlen': 3676, 'reflen': 3678, 'guess': [3676, 3006, 2336, 1666], 'correct': [2988, 1820, 1097, 528]}
ratio: 0.9994562262096249
[TEST L2R] in 6.ckpt is {'Bleu_1': 0.8123979222178243, 'Bleu_2': 0.7011443918289397, 'Bleu_3': 0.6133440322250653, 'Bleu_4': 0.5199466300562354, 'METEOR': 0.3724489695606022, 'ROUGE_L': 0.7414408474639196, 'CIDEr': 0.9056102254888971}
Now is test in the ./checkpoints/checkpoints_MSVD_ResNet152+I3D+OFeat/2025-04-13 01_32_53 _ Transformer _ MSVD _ FEAT MSVD_ResNet152+I3D+OFeat fsl-50 mcl-10 _ EMB 512 _ Transformer d-640-N-4-h-10-h_big-128-dp-0.1-sn-0 _ OPTIM Adam lr-0.0001-dc-12-0.5-5-wd-5e-06-rg-0.6 _ bs-32 gc-5.0/6.ckpt
Finish build data_loader.
Finish the model load in CUDA. Try to enter Test Set.
{'testlen': 3687, 'reflen': 3683, 'guess': [3687, 3017, 2347, 1677], 'correct': [3048, 1863, 1111, 539]}
ratio: 1.0010860711373877
[TEST L2R] in 7.ckpt is {'Bleu_1': 0.826688364523779, 'Bleu_2': 0.7144793559777816, 'Bleu_3': 0.6228643096765295, 'Bleu_4': 0.5279089323412617, 'METEOR': 0.37407646030048386, 'ROUGE_L': 0.7442898342874809, 'CIDEr': 0.9650404346088869}
Now is test in the ./checkpoints/checkpoints_MSVD_ResNet152+I3D+OFeat/2025-04-13 01_32_53 _ Transformer _ MSVD _ FEAT MSVD_ResNet152+I3D+OFeat fsl-50 mcl-10 _ EMB 512 _ Transformer d-640-N-4-h-10-h_big-128-dp-0.1-sn-0 _ OPTIM Adam lr-0.0001-dc-12-0.5-5-wd-5e-06-rg-0.6 _ bs-32 gc-5.0/7.ckpt
Finish build data_loader.
Finish the model load in CUDA. Try to enter Test Set.
{'testlen': 3760, 'reflen': 3763, 'guess': [3760, 3090, 2420, 1750], 'correct': [3084, 1910, 1148, 572]}
ratio: 0.9992027637520597
[TEST L2R] in 8.ckpt is {'Bleu_1': 0.8195586018822038, 'Bleu_2': 0.7114660721027866, 'Bleu_3': 0.6213879110340079, 'Bleu_4': 0.529084412753531, 'METEOR': 0.3733743301120124, 'ROUGE_L': 0.7416643998697879, 'CIDEr': 0.9388101298906963}
Now is test in the ./checkpoints/checkpoints_MSVD_ResNet152+I3D+OFeat/2025-04-13 01_32_53 _ Transformer _ MSVD _ FEAT MSVD_ResNet152+I3D+OFeat fsl-50 mcl-10 _ EMB 512 _ Transformer d-640-N-4-h-10-h_big-128-dp-0.1-sn-0 _ OPTIM Adam lr-0.0001-dc-12-0.5-5-wd-5e-06-rg-0.6 _ bs-32 gc-5.0/8.ckpt
Finish build data_loader.
Finish the model load in CUDA. Try to enter Test Set.
{'testlen': 3512, 'reflen': 3511, 'guess': [3512, 2842, 2172, 1502], 'correct': [2919, 1799, 1065, 507]}
ratio: 1.0002848191395612
[TEST L2R] in 9.ckpt is {'Bleu_1': 0.8311503416854126, 'Bleu_2': 0.7253428572911844, 'Bleu_3': 0.6365885478565171, 'Bleu_4': 0.5432235917831145, 'METEOR': 0.3739278380145955, 'ROUGE_L': 0.7443937845259465, 'CIDEr': 0.9153625946752668}
Now is test in the ./checkpoints/checkpoints_MSVD_ResNet152+I3D+OFeat/2025-04-13 01_32_53 _ Transformer _ MSVD _ FEAT MSVD_ResNet152+I3D+OFeat fsl-50 mcl-10 _ EMB 512 _ Transformer d-640-N-4-h-10-h_big-128-dp-0.1-sn-0 _ OPTIM Adam lr-0.0001-dc-12-0.5-5-wd-5e-06-rg-0.6 _ bs-32 gc-5.0/9.ckpt
Finish build data_loader.
Finish the model load in CUDA. Try to enter Test Set.
{'testlen': 3601, 'reflen': 3608, 'guess': [3601, 2931, 2261, 1592], 'correct': [2964, 1840, 1095, 528]}
ratio: 0.9980598669620294
[TEST L2R] in 10.ckpt is {'Bleu_1': 0.8215062103994877, 'Bleu_2': 0.7174378981883077, 'Bleu_3': 0.6289449766611513, 'Bleu_4': 0.5356993848062197, 'METEOR': 0.37380406767615876, 'ROUGE_L': 0.7358187192272064, 'CIDEr': 0.9412098520706393}
Now is test in the ./checkpoints/checkpoints_MSVD_ResNet152+I3D+OFeat/2025-04-13 01_32_53 _ Transformer _ MSVD _ FEAT MSVD_ResNet152+I3D+OFeat fsl-50 mcl-10 _ EMB 512 _ Transformer d-640-N-4-h-10-h_big-128-dp-0.1-sn-0 _ OPTIM Adam lr-0.0001-dc-12-0.5-5-wd-5e-06-rg-0.6 _ bs-32 gc-5.0/10.ckpt
Finish build data_loader.
Finish the model load in CUDA. Try to enter Test Set.
{'testlen': 3608, 'reflen': 3609, 'guess': [3608, 2938, 2268, 1598], 'correct': [2978, 1814, 1074, 511]}
ratio: 0.999722914934608
[TEST L2R] in 11.ckpt is {'Bleu_1': 0.8251592922240067, 'Bleu_2': 0.713676601117688, 'Bleu_3': 0.6224167322016688, 'Bleu_4': 0.5269166028431704, 'METEOR': 0.3751287943162965, 'ROUGE_L': 0.7414466113103815, 'CIDEr': 0.933377924300022}
Now is test in the ./checkpoints/checkpoints_MSVD_ResNet152+I3D+OFeat/2025-04-13 01_32_53 _ Transformer _ MSVD _ FEAT MSVD_ResNet152+I3D+OFeat fsl-50 mcl-10 _ EMB 512 _ Transformer d-640-N-4-h-10-h_big-128-dp-0.1-sn-0 _ OPTIM Adam lr-0.0001-dc-12-0.5-5-wd-5e-06-rg-0.6 _ bs-32 gc-5.0/11.ckpt
Finish build data_loader.
Finish the model load in CUDA. Try to enter Test Set.
{'testlen': 3431, 'reflen': 3431, 'guess': [3431, 2761, 2091, 1421], 'correct': [2851, 1759, 1041, 495]}
ratio: 0.9999999999997086
[TEST L2R] in 12.ckpt is {'Bleu_1': 0.830953074904791, 'Bleu_2': 0.7275920850417125, 'Bleu_3': 0.6411468943361195, 'Bleu_4': 0.5504538801879428, 'METEOR': 0.3725600275082511, 'ROUGE_L': 0.7431796100122142, 'CIDEr': 0.9073971360194409}
Now is test in the ./checkpoints/checkpoints_MSVD_ResNet152+I3D+OFeat/2025-04-13 01_32_53 _ Transformer _ MSVD _ FEAT MSVD_ResNet152+I3D+OFeat fsl-50 mcl-10 _ EMB 512 _ Transformer d-640-N-4-h-10-h_big-128-dp-0.1-sn-0 _ OPTIM Adam lr-0.0001-dc-12-0.5-5-wd-5e-06-rg-0.6 _ bs-32 gc-5.0/12.ckpt
Finish build data_loader.
Finish the model load in CUDA. Try to enter Test Set.
{'testlen': 3527, 'reflen': 3532, 'guess': [3527, 2857, 2187, 1517], 'correct': [2917, 1781, 1035, 482]}
ratio: 0.9985843714606459
[TEST L2R] in 13.ckpt is {'Bleu_1': 0.8258768605985487, 'Bleu_2': 0.7170123779237845, 'Bleu_3': 0.6239882338414899, 'Bleu_4': 0.5269188641405632, 'METEOR': 0.37071257416558806, 'ROUGE_L': 0.7349415338804582, 'CIDEr': 0.9285904910177836}
Now is test in the ./checkpoints/checkpoints_MSVD_ResNet152+I3D+OFeat/2025-04-13 01_32_53 _ Transformer _ MSVD _ FEAT MSVD_ResNet152+I3D+OFeat fsl-50 mcl-10 _ EMB 512 _ Transformer d-640-N-4-h-10-h_big-128-dp-0.1-sn-0 _ OPTIM Adam lr-0.0001-dc-12-0.5-5-wd-5e-06-rg-0.6 _ bs-32 gc-5.0/13.ckpt
Finish build data_loader.
Finish the model load in CUDA. Try to enter Test Set.
{'testlen': 3650, 'reflen': 3650, 'guess': [3650, 2980, 2310, 1640], 'correct': [2991, 1822, 1069, 510]}
ratio: 0.999999999999726
[TEST L2R] in 14.ckpt is {'Bleu_1': 0.8194520547940716, 'Bleu_2': 0.7078281471164438, 'Bleu_3': 0.6143376434747669, 'Bleu_4': 0.5181874941967207, 'METEOR': 0.3686514316705256, 'ROUGE_L': 0.7387059148357507, 'CIDEr': 0.9341678832572357}
Now is test in the ./checkpoints/checkpoints_MSVD_ResNet152+I3D+OFeat/2025-04-13 01_32_53 _ Transformer _ MSVD _ FEAT MSVD_ResNet152+I3D+OFeat fsl-50 mcl-10 _ EMB 512 _ Transformer d-640-N-4-h-10-h_big-128-dp-0.1-sn-0 _ OPTIM Adam lr-0.0001-dc-12-0.5-5-wd-5e-06-rg-0.6 _ bs-32 gc-5.0/14.ckpt
Finish build data_loader.
Finish the model load in CUDA. Try to enter Test Set.
{'testlen': 3639, 'reflen': 3643, 'guess': [3639, 2969, 2299, 1629], 'correct': [2983, 1833, 1097, 547]}
ratio: 0.9989020038427123
[TEST L2R] in 15.ckpt is {'Bleu_1': 0.8188301397796852, 'Bleu_2': 0.7106149741385038, 'Bleu_3': 0.6220419335401992, 'Bleu_4': 0.5330426545335639, 'METEOR': 0.3771516891873915, 'ROUGE_L': 0.7414776466647981, 'CIDEr': 0.9340240964313099}
Now is test in the ./checkpoints/checkpoints_MSVD_ResNet152+I3D+OFeat/2025-04-13 01_32_53 _ Transformer _ MSVD _ FEAT MSVD_ResNet152+I3D+OFeat fsl-50 mcl-10 _ EMB 512 _ Transformer d-640-N-4-h-10-h_big-128-dp-0.1-sn-0 _ OPTIM Adam lr-0.0001-dc-12-0.5-5-wd-5e-06-rg-0.6 _ bs-32 gc-5.0/15.ckpt
Finish build data_loader.
Finish the model load in CUDA. Try to enter Test Set.
{'testlen': 3757, 'reflen': 3755, 'guess': [3757, 3087, 2417, 1747], 'correct': [3081, 1899, 1137, 552]}
ratio: 1.0005326231688414
[TEST L2R] in 16.ckpt is {'Bleu_1': 0.8200692041520309, 'Bleu_2': 0.7102633726517775, 'Bleu_3': 0.6191191217662471, 'Bleu_4': 0.5232897239197619, 'METEOR': 0.37309038170055664, 'ROUGE_L': 0.7386778169714563, 'CIDEr': 0.9377458520323074}
Now is test in the ./checkpoints/checkpoints_MSVD_ResNet152+I3D+OFeat/2025-04-13 01_32_53 _ Transformer _ MSVD _ FEAT MSVD_ResNet152+I3D+OFeat fsl-50 mcl-10 _ EMB 512 _ Transformer d-640-N-4-h-10-h_big-128-dp-0.1-sn-0 _ OPTIM Adam lr-0.0001-dc-12-0.5-5-wd-5e-06-rg-0.6 _ bs-32 gc-5.0/16.ckpt
Finish build data_loader.
Finish the model load in CUDA. Try to enter Test Set.
{'testlen': 3697, 'reflen': 3698, 'guess': [3697, 3027, 2357, 1687], 'correct': [3045, 1894, 1147, 580]}
ratio: 0.99972958355841
[TEST L2R] in 17.ckpt is {'Bleu_1': 0.8234180337007327, 'Bleu_2': 0.7176872450952743, 'Bleu_3': 0.630452357457299, 'Bleu_4': 0.5417364587263854, 'METEOR': 0.3769468525026515, 'ROUGE_L': 0.7367131679548313, 'CIDEr': 0.9556862777977113}
Now is test in the ./checkpoints/checkpoints_MSVD_ResNet152+I3D+OFeat/2025-04-13 01_32_53 _ Transformer _ MSVD _ FEAT MSVD_ResNet152+I3D+OFeat fsl-50 mcl-10 _ EMB 512 _ Transformer d-640-N-4-h-10-h_big-128-dp-0.1-sn-0 _ OPTIM Adam lr-0.0001-dc-12-0.5-5-wd-5e-06-rg-0.6 _ bs-32 gc-5.0/17.ckpt
Finish build data_loader.
Finish the model load in CUDA. Try to enter Test Set.
{'testlen': 3532, 'reflen': 3529, 'guess': [3532, 2862, 2192, 1522], 'correct': [2915, 1792, 1070, 513]}
ratio: 1.0008500991779539
[TEST L2R] in 18.ckpt is {'Bleu_1': 0.8253114382783621, 'Bleu_2': 0.7188580161946776, 'Bleu_3': 0.6318439372595319, 'Bleu_4': 0.5399866775961822, 'METEOR': 0.3733744527214436, 'ROUGE_L': 0.7409227312691078, 'CIDEr': 0.9503679000845473}
Now is test in the ./checkpoints/checkpoints_MSVD_ResNet152+I3D+OFeat/2025-04-13 01_32_53 _ Transformer _ MSVD _ FEAT MSVD_ResNet152+I3D+OFeat fsl-50 mcl-10 _ EMB 512 _ Transformer d-640-N-4-h-10-h_big-128-dp-0.1-sn-0 _ OPTIM Adam lr-0.0001-dc-12-0.5-5-wd-5e-06-rg-0.6 _ bs-32 gc-5.0/18.ckpt
Finish build data_loader.
Finish the model load in CUDA. Try to enter Test Set.
{'testlen': 3648, 'reflen': 3647, 'guess': [3648, 2978, 2308, 1638], 'correct': [3012, 1844, 1086, 524]}
ratio: 1.0002741979706606
[TEST L2R] in 19.ckpt is {'Bleu_1': 0.8256578947366158, 'Bleu_2': 0.7150199849489263, 'Bleu_3': 0.6219327986436183, 'Bleu_4': 0.5266983318570448, 'METEOR': 0.3741032543074211, 'ROUGE_L': 0.736483082475003, 'CIDEr': 0.9057053774776593}
Now is test in the ./checkpoints/checkpoints_MSVD_ResNet152+I3D+OFeat/2025-04-13 01_32_53 _ Transformer _ MSVD _ FEAT MSVD_ResNet152+I3D+OFeat fsl-50 mcl-10 _ EMB 512 _ Transformer d-640-N-4-h-10-h_big-128-dp-0.1-sn-0 _ OPTIM Adam lr-0.0001-dc-12-0.5-5-wd-5e-06-rg-0.6 _ bs-32 gc-5.0/19.ckpt
Finish build data_loader.
Finish the model load in CUDA. Try to enter Test Set.
{'testlen': 3522, 'reflen': 3518, 'guess': [3522, 2852, 2182, 1512], 'correct': [2910, 1799, 1070, 521]}
ratio: 1.0011370096642975
[TEST L2R] in 20.ckpt is {'Bleu_1': 0.8262350936965286, 'Bleu_2': 0.7219259279369362, 'Bleu_3': 0.6346068715043427, 'Bleu_4': 0.5447535395560065, 'METEOR': 0.3785528815628579, 'ROUGE_L': 0.7453332214750202, 'CIDEr': 0.9709316222610952}
Now is test in the ./checkpoints/checkpoints_MSVD_ResNet152+I3D+OFeat/2025-04-13 01_32_53 _ Transformer _ MSVD _ FEAT MSVD_ResNet152+I3D+OFeat fsl-50 mcl-10 _ EMB 512 _ Transformer d-640-N-4-h-10-h_big-128-dp-0.1-sn-0 _ OPTIM Adam lr-0.0001-dc-12-0.5-5-wd-5e-06-rg-0.6 _ bs-32 gc-5.0/20.ckpt
Finish build data_loader.
Finish the model load in CUDA. Try to enter Test Set.
{'testlen': 3752, 'reflen': 3748, 'guess': [3752, 3082, 2412, 1742], 'correct': [3089, 1903, 1140, 554]}
ratio: 1.0010672358588577
[TEST L2R] in 21.ckpt is {'Bleu_1': 0.8232942430701431, 'Bleu_2': 0.7129853663041837, 'Bleu_3': 0.6216743182836556, 'Bleu_4': 0.5257600688241193, 'METEOR': 0.37607461826115035, 'ROUGE_L': 0.7364724699654265, 'CIDEr': 0.9189109111690869}
Now is test in the ./checkpoints/checkpoints_MSVD_ResNet152+I3D+OFeat/2025-04-13 01_32_53 _ Transformer _ MSVD _ FEAT MSVD_ResNet152+I3D+OFeat fsl-50 mcl-10 _ EMB 512 _ Transformer d-640-N-4-h-10-h_big-128-dp-0.1-sn-0 _ OPTIM Adam lr-0.0001-dc-12-0.5-5-wd-5e-06-rg-0.6 _ bs-32 gc-5.0/21.ckpt
Finish build data_loader.
Finish the model load in CUDA. Try to enter Test Set.
{'testlen': 3644, 'reflen': 3641, 'guess': [3644, 2974, 2304, 1634], 'correct': [3000, 1835, 1107, 550]}
ratio: 1.000823949464158
[TEST L2R] in 22.ckpt is {'Bleu_1': 0.8232711306254601, 'Bleu_2': 0.7127200812065569, 'Bleu_3': 0.6249343245691817, 'Bleu_4': 0.5353692753491353, 'METEOR': 0.3778881685453724, 'ROUGE_L': 0.7377073129697086, 'CIDEr': 0.9369704540647876}
Now is test in the ./checkpoints/checkpoints_MSVD_ResNet152+I3D+OFeat/2025-04-13 01_32_53 _ Transformer _ MSVD _ FEAT MSVD_ResNet152+I3D+OFeat fsl-50 mcl-10 _ EMB 512 _ Transformer d-640-N-4-h-10-h_big-128-dp-0.1-sn-0 _ OPTIM Adam lr-0.0001-dc-12-0.5-5-wd-5e-06-rg-0.6 _ bs-32 gc-5.0/22.ckpt
Finish build data_loader.
Finish the model load in CUDA. Try to enter Test Set.
{'testlen': 3621, 'reflen': 3622, 'guess': [3621, 2951, 2281, 1611], 'correct': [2974, 1837, 1092, 531]}
ratio: 0.999723909442021
[TEST L2R] in 23.ckpt is {'Bleu_1': 0.821093287302199, 'Bleu_2': 0.7148357356429413, 'Bleu_3': 0.625359822051995, 'Bleu_4': 0.5328037124852953, 'METEOR': 0.37569005451017184, 'ROUGE_L': 0.7368670073875069, 'CIDEr': 0.9488146526672023}
Now is test in the ./checkpoints/checkpoints_MSVD_ResNet152+I3D+OFeat/2025-04-13 01_32_53 _ Transformer _ MSVD _ FEAT MSVD_ResNet152+I3D+OFeat fsl-50 mcl-10 _ EMB 512 _ Transformer d-640-N-4-h-10-h_big-128-dp-0.1-sn-0 _ OPTIM Adam lr-0.0001-dc-12-0.5-5-wd-5e-06-rg-0.6 _ bs-32 gc-5.0/23.ckpt
Finish build data_loader.
Finish the model load in CUDA. Try to enter Test Set.
{'testlen': 3586, 'reflen': 3587, 'guess': [3586, 2916, 2246, 1577], 'correct': [2996, 1844, 1089, 519]}
ratio: 0.9997212155001395
[TEST L2R] in 24.ckpt is {'Bleu_1': 0.8352383282769129, 'Bleu_2': 0.726660163286691, 'Bleu_3': 0.6349213162330264, 'Bleu_4': 0.5386957757343891, 'METEOR': 0.37565171222379246, 'ROUGE_L': 0.7430180487399575, 'CIDEr': 0.96049610875304}
Now is test in the ./checkpoints/checkpoints_MSVD_ResNet152+I3D+OFeat/2025-04-13 01_32_53 _ Transformer _ MSVD _ FEAT MSVD_ResNet152+I3D+OFeat fsl-50 mcl-10 _ EMB 512 _ Transformer d-640-N-4-h-10-h_big-128-dp-0.1-sn-0 _ OPTIM Adam lr-0.0001-dc-12-0.5-5-wd-5e-06-rg-0.6 _ bs-32 gc-5.0/24.ckpt
Finish build data_loader.
Finish the model load in CUDA. Try to enter Test Set.
{'testlen': 3693, 'reflen': 3690, 'guess': [3693, 3023, 2353, 1684], 'correct': [3054, 1903, 1157, 578]}
ratio: 1.0008130081298101
[TEST L2R] in 25.ckpt is {'Bleu_1': 0.8269699431354381, 'Bleu_2': 0.7215146989007298, 'Bleu_3': 0.6349418201927536, 'Bleu_4': 0.544436066142652, 'METEOR': 0.3765595859848698, 'ROUGE_L': 0.742276828605454, 'CIDEr': 0.9609846214478831}
