Found 1 CUDA device(s)

Device 0: NVIDIA A100-SXM4-40GB
  Total memory bytes: 42296475648
  MultiProcessor count: 108
  Major.Minor: 8.0
  Max threads per block: 2048
  Memory reserved bytes: 0
  Memory allocated bytes: 0
  Free inside reserved bytes: 0
  Active allocations: 0
========================================
MODEL ID: MSVD = FEAT newBlip2ClsKF+newMViTv2+newImgCapBlip2KF fsl-10 mcl-20 = Transformer d-512 N_enc-0 N_dec-3 h-128 h_big-128 dp-0.1 = OPTIM lr-0.0001 warmup-3 gamma-0.5 pat-3 wd-5e-06 rg-0.5 = bs-64-gc-5.0-ls-0.15 = 1764630478
Enter the load_video_feats method.
Enter the load_video_feats method.
Enter the load_video_feats method.
#vocabs: 4116 (9614), #words: 339057 (345799). Trim words which appear less than 3 times.
{'Total': 40142376, 'Trainable': 40142376}


[EPOCH 1 TRAIN]
time: 76.77 seconds | lr: 0.000033
loss:3.424377 = (1-reg):0.50 * r2l_loss:3.412567 + (reg):0.50 * l2r_loss:3.436187
{'testlen': 523, 'reflen': 521, 'guess': [523, 423, 323, 226], 'correct': [430, 281, 160, 72]}
ratio: 1.0038387715911634
{'testlen': 515, 'reflen': 514, 'guess': [515, 415, 315, 215], 'correct': [433, 285, 171, 79]}
ratio: 1.0019455252898795
[EPOCH 1 VAL]
time: 30.05 seconds
loss:3.009451 = (1-reg):0.50 * r2l_loss:2.958209 + (reg):0.50 * l2r_loss:3.060693
r2l_scores: {'Bleu_1': 0.8221797323120035, 'Bleu_2': 0.7390373023262183, 'Bleu_3': 0.6467702868525375, 'Bleu_4': 0.5418368767017201, 'METEOR': 0.3722298600306299, 'ROUGE_L': 0.7564515120341223, 'CIDEr': 1.1391401648981914}
l2r_scores: {'Bleu_1': 0.8407766990274936, 'Bleu_2': 0.7598689792298426, 'Bleu_3': 0.6792886044759822, 'Bleu_4': 0.5825563018627432, 'METEOR': 0.3773240530680111, 'ROUGE_L': 0.7668657080664986, 'CIDEr': 1.0141999310997267}
>> Saving checkpoint to 1.ckpt
>> New best model at epoch 1 | CIDEr: 1.0141999310997267


[EPOCH 2 TRAIN]
time: 69.63 seconds | lr: 0.000056
loss:2.564655 = (1-reg):0.50 * r2l_loss:2.542585 + (reg):0.50 * l2r_loss:2.586725
{'testlen': 555, 'reflen': 551, 'guess': [555, 455, 355, 255], 'correct': [487, 338, 210, 110]}
ratio: 1.0072595281288435
{'testlen': 552, 'reflen': 552, 'guess': [552, 452, 352, 252], 'correct': [487, 335, 205, 104]}
ratio: 0.9999999999981884
[EPOCH 2 VAL]
time: 29.67 seconds
loss:2.727030 = (1-reg):0.50 * r2l_loss:2.675185 + (reg):0.50 * l2r_loss:2.778876
r2l_scores: {'Bleu_1': 0.8774774774758964, 'Bleu_2': 0.8073663430177188, 'Bleu_3': 0.7278536671644884, 'Bleu_4': 0.6386253916461979, 'METEOR': 0.43910738635818375, 'ROUGE_L': 0.8118859197283161, 'CIDEr': 1.4344980195383499}
l2r_scores: {'Bleu_1': 0.8822463768083977, 'Bleu_2': 0.8086267943516439, 'Bleu_3': 0.7248294287063084, 'Bleu_4': 0.6296294929595553, 'METEOR': 0.4213679272954636, 'ROUGE_L': 0.8013890793279623, 'CIDEr': 1.315784755304457}
>> Saving checkpoint to 2.ckpt
>> New best model at epoch 2 | CIDEr: 1.315784755304457


[EPOCH 3 TRAIN]
time: 71.11 seconds | lr: 0.000078
loss:2.189562 = (1-reg):0.50 * r2l_loss:2.166365 + (reg):0.50 * l2r_loss:2.212759
{'testlen': 549, 'reflen': 547, 'guess': [549, 449, 349, 249], 'correct': [499, 358, 223, 116]}
ratio: 1.003656307127964
{'testlen': 580, 'reflen': 578, 'guess': [580, 480, 380, 280], 'correct': [520, 371, 227, 123]}
ratio: 1.0034602076107206
[EPOCH 3 VAL]
time: 30.39 seconds
loss:2.555721 = (1-reg):0.50 * r2l_loss:2.522460 + (reg):0.50 * l2r_loss:2.588981
r2l_scores: {'Bleu_1': 0.9089253187597287, 'Bleu_2': 0.8512996275906545, 'Bleu_3': 0.7736563734298877, 'Bleu_4': 0.6815155056935354, 'METEOR': 0.4466842027384726, 'ROUGE_L': 0.829748909559756, 'CIDEr': 1.5559444022849902}
l2r_scores: {'Bleu_1': 0.8965517241363853, 'Bleu_2': 0.832442052104712, 'Bleu_3': 0.7452753565110366, 'Bleu_4': 0.6530167794615537, 'METEOR': 0.4405204909541208, 'ROUGE_L': 0.8200873588898635, 'CIDEr': 1.4735915514303068}
>> Saving checkpoint to 3.ckpt
>> New best model at epoch 3 | CIDEr: 1.4735915514303068


[EPOCH 4 TRAIN]
time: 72.81 seconds | lr: 0.000100
loss:1.957533 = (1-reg):0.50 * r2l_loss:1.935711 + (reg):0.50 * l2r_loss:1.979354
{'testlen': 570, 'reflen': 566, 'guess': [570, 470, 370, 270], 'correct': [517, 362, 228, 117]}
ratio: 1.007067137807408
{'testlen': 556, 'reflen': 554, 'guess': [556, 456, 356, 256], 'correct': [509, 372, 239, 136]}
ratio: 1.0036101083014375
[EPOCH 4 VAL]
time: 30.84 seconds
loss:2.446845 = (1-reg):0.50 * r2l_loss:2.439896 + (reg):0.50 * l2r_loss:2.453793
r2l_scores: {'Bleu_1': 0.9070175438580579, 'Bleu_2': 0.8358208487620767, 'Bleu_3': 0.7550687693648704, 'Bleu_4': 0.6571967470623944, 'METEOR': 0.43955786298710775, 'ROUGE_L': 0.8227824309014093, 'CIDEr': 1.5755955323463084}
l2r_scores: {'Bleu_1': 0.9154676258976341, 'Bleu_2': 0.8641926016255443, 'Bleu_3': 0.7944312700225483, 'Bleu_4': 0.7184010914947845, 'METEOR': 0.4652469285368374, 'ROUGE_L': 0.8417144499501208, 'CIDEr': 1.6715009095616034}
>> Saving checkpoint to 4.ckpt
>> New best model at epoch 4 | CIDEr: 1.6715009095616034


[EPOCH 5 TRAIN]
time: 74.96 seconds | lr: 0.000100
loss:1.795488 = (1-reg):0.50 * r2l_loss:1.774968 + (reg):0.50 * l2r_loss:1.816007
{'testlen': 540, 'reflen': 536, 'guess': [540, 440, 340, 240], 'correct': [493, 353, 224, 119]}
ratio: 1.0074626865652847
{'testlen': 591, 'reflen': 586, 'guess': [591, 491, 391, 291], 'correct': [532, 381, 247, 133]}
ratio: 1.00853242320647
[EPOCH 5 VAL]
time: 30.51 seconds
loss:2.408422 = (1-reg):0.50 * r2l_loss:2.377771 + (reg):0.50 * l2r_loss:2.439074
r2l_scores: {'Bleu_1': 0.9129629629612723, 'Bleu_2': 0.8558301736865003, 'Bleu_3': 0.7843587815749694, 'Bleu_4': 0.6993909403667795, 'METEOR': 0.4435735458587631, 'ROUGE_L': 0.8190086473014422, 'CIDEr': 1.5587426162131266}
l2r_scores: {'Bleu_1': 0.9001692047362095, 'Bleu_2': 0.8357643025744972, 'Bleu_3': 0.7613118859940855, 'Bleu_4': 0.6701339502976228, 'METEOR': 0.4456247422484709, 'ROUGE_L': 0.838921913262041, 'CIDEr': 1.6258614344526037}


[EPOCH 6 TRAIN]
time: 70.25 seconds | lr: 0.000100
loss:1.688644 = (1-reg):0.50 * r2l_loss:1.666926 + (reg):0.50 * l2r_loss:1.710362
{'testlen': 556, 'reflen': 552, 'guess': [556, 456, 356, 256], 'correct': [507, 356, 223, 119]}
ratio: 1.0072463768097695
{'testlen': 564, 'reflen': 561, 'guess': [564, 464, 364, 264], 'correct': [511, 363, 231, 128]}
ratio: 1.0053475935810956
[EPOCH 6 VAL]
time: 30.41 seconds
loss:2.362642 = (1-reg):0.50 * r2l_loss:2.365217 + (reg):0.50 * l2r_loss:2.360066
r2l_scores: {'Bleu_1': 0.9118705035954823, 'Bleu_2': 0.8437410159096481, 'Bleu_3': 0.7639959611823276, 'Bleu_4': 0.6747533447851469, 'METEOR': 0.44981451602122147, 'ROUGE_L': 0.8283367816474481, 'CIDEr': 1.529549799126324}
l2r_scores: {'Bleu_1': 0.9060283687927199, 'Bleu_2': 0.8419091321461318, 'Bleu_3': 0.7662085824507677, 'Bleu_4': 0.6833792218115398, 'METEOR': 0.4411953185739023, 'ROUGE_L': 0.8267586201845465, 'CIDEr': 1.5462539019400776}


[EPOCH 7 TRAIN]
time: 73.77 seconds | lr: 0.000100
loss:1.610447 = (1-reg):0.50 * r2l_loss:1.590678 + (reg):0.50 * l2r_loss:1.630216
{'testlen': 566, 'reflen': 563, 'guess': [566, 466, 366, 266], 'correct': [516, 365, 225, 121]}
ratio: 1.0053285968010564
{'testlen': 573, 'reflen': 568, 'guess': [573, 473, 373, 273], 'correct': [520, 377, 244, 141]}
ratio: 1.0088028168996324
[EPOCH 7 VAL]
time: 29.99 seconds
loss:2.334269 = (1-reg):0.50 * r2l_loss:2.322329 + (reg):0.50 * l2r_loss:2.346210
r2l_scores: {'Bleu_1': 0.9116607773835483, 'Bleu_2': 0.8450260728693105, 'Bleu_3': 0.7600005098681896, 'Bleu_4': 0.6684768104887614, 'METEOR': 0.440947601732671, 'ROUGE_L': 0.8171182084380979, 'CIDEr': 1.6382634790527677}
l2r_scores: {'Bleu_1': 0.9075043630001615, 'Bleu_2': 0.8504807058206727, 'Bleu_3': 0.7792377348219799, 'Bleu_4': 0.7030991903381536, 'METEOR': 0.4580879814367243, 'ROUGE_L': 0.8401868335503014, 'CIDEr': 1.6396810826705785}


[EPOCH 8 TRAIN]
time: 71.07 seconds | lr: 0.000100
loss:1.546476 = (1-reg):0.50 * r2l_loss:1.524817 + (reg):0.50 * l2r_loss:1.568134
{'testlen': 568, 'reflen': 564, 'guess': [568, 468, 368, 268], 'correct': [524, 368, 230, 119]}
ratio: 1.0070921985797747
{'testlen': 581, 'reflen': 579, 'guess': [581, 481, 381, 281], 'correct': [533, 381, 243, 129]}
ratio: 1.003454231431773
[EPOCH 8 VAL]
time: 31.64 seconds
loss:2.317811 = (1-reg):0.50 * r2l_loss:2.306442 + (reg):0.50 * l2r_loss:2.329180
r2l_scores: {'Bleu_1': 0.9225352112659815, 'Bleu_2': 0.851711396468466, 'Bleu_3': 0.7682247794101413, 'Bleu_4': 0.6698372194228341, 'METEOR': 0.43474575625253975, 'ROUGE_L': 0.8136587441443087, 'CIDEr': 1.537108060810134}
l2r_scores: {'Bleu_1': 0.9173838209966999, 'Bleu_2': 0.8524432731189144, 'Bleu_3': 0.7738748947454022, 'Bleu_4': 0.6791628405423767, 'METEOR': 0.45319641839340197, 'ROUGE_L': 0.831297895106802, 'CIDEr': 1.5716313851034363}


[EPOCH 9 TRAIN]
time: 69.53 seconds | lr: 0.000100
loss:1.494293 = (1-reg):0.50 * r2l_loss:1.471006 + (reg):0.50 * l2r_loss:1.517580
{'testlen': 584, 'reflen': 582, 'guess': [584, 484, 384, 284], 'correct': [528, 363, 228, 122]}
ratio: 1.0034364261151143
{'testlen': 575, 'reflen': 571, 'guess': [575, 475, 375, 275], 'correct': [516, 368, 235, 131]}
ratio: 1.0070052539386918
[EPOCH 9 VAL]
time: 30.67 seconds
loss:2.314837 = (1-reg):0.50 * r2l_loss:2.305313 + (reg):0.50 * l2r_loss:2.324361
r2l_scores: {'Bleu_1': 0.9041095890395477, 'Bleu_2': 0.8234574620332612, 'Bleu_3': 0.7384061760445496, 'Bleu_4': 0.6448843876788578, 'METEOR': 0.43904723446625393, 'ROUGE_L': 0.8237141178003908, 'CIDEr': 1.4818590708937045}
l2r_scores: {'Bleu_1': 0.8973913043462655, 'Bleu_2': 0.833811792469071, 'Bleu_3': 0.7580960262385712, 'Bleu_4': 0.674959657291804, 'METEOR': 0.4450469459796397, 'ROUGE_L': 0.8128221954264457, 'CIDEr': 1.4806775531347673}


[EPOCH 10 TRAIN]
time: 71.10 seconds | lr: 0.000100
loss:1.448435 = (1-reg):0.50 * r2l_loss:1.424302 + (reg):0.50 * l2r_loss:1.472569
{'testlen': 584, 'reflen': 581, 'guess': [584, 484, 384, 284], 'correct': [530, 370, 234, 126]}
ratio: 1.0051635111858774
{'testlen': 566, 'reflen': 562, 'guess': [566, 466, 366, 266], 'correct': [520, 381, 251, 144]}
ratio: 1.007117437720628
[EPOCH 10 VAL]
time: 29.79 seconds
loss:2.290312 = (1-reg):0.50 * r2l_loss:2.287920 + (reg):0.50 * l2r_loss:2.292705
r2l_scores: {'Bleu_1': 0.9075342465737885, 'Bleu_2': 0.8329322782979388, 'Bleu_3': 0.7505299128065503, 'Bleu_4': 0.6580957039816728, 'METEOR': 0.44118188376386686, 'ROUGE_L': 0.8148859293407787, 'CIDEr': 1.5024470856635852}
l2r_scores: {'Bleu_1': 0.9187279151927231, 'Bleu_2': 0.866688403654594, 'Bleu_3': 0.8016279832894488, 'Bleu_4': 0.7266911409134986, 'METEOR': 0.4697821074313862, 'ROUGE_L': 0.8432916499266309, 'CIDEr': 1.61990735740645}


[EPOCH 11 TRAIN]
time: 71.30 seconds | lr: 0.000100
loss:1.409247 = (1-reg):0.50 * r2l_loss:1.384503 + (reg):0.50 * l2r_loss:1.433992
{'testlen': 556, 'reflen': 551, 'guess': [556, 456, 356, 256], 'correct': [510, 364, 238, 133]}
ratio: 1.0090744101615081
{'testlen': 574, 'reflen': 572, 'guess': [574, 474, 374, 274], 'correct': [534, 390, 249, 133]}
ratio: 1.0034965034947492
[EPOCH 11 VAL]
time: 31.04 seconds
loss:2.308595 = (1-reg):0.50 * r2l_loss:2.302479 + (reg):0.50 * l2r_loss:2.314711
r2l_scores: {'Bleu_1': 0.91726618704871, 'Bleu_2': 0.8556890268740831, 'Bleu_3': 0.7881090141476814, 'Bleu_4': 0.710137815841018, 'METEOR': 0.4489955628556896, 'ROUGE_L': 0.8145173309525875, 'CIDEr': 1.5723886094915847}
l2r_scores: {'Bleu_1': 0.9303135888485535, 'Bleu_2': 0.8748987881791366, 'Bleu_3': 0.7987565974317553, 'Bleu_4': 0.7052386627289244, 'METEOR': 0.45264684694524016, 'ROUGE_L': 0.8259670297432983, 'CIDEr': 1.4922621254832587}


[EPOCH 12 TRAIN]
time: 72.82 seconds | lr: 0.000100
loss:1.370843 = (1-reg):0.50 * r2l_loss:1.346427 + (reg):0.50 * l2r_loss:1.395259
{'testlen': 559, 'reflen': 554, 'guess': [559, 459, 359, 259], 'correct': [511, 358, 221, 119]}
ratio: 1.0090252707563014
{'testlen': 570, 'reflen': 567, 'guess': [570, 470, 370, 270], 'correct': [517, 371, 235, 127]}
ratio: 1.0052910052892323
[EPOCH 12 VAL]
time: 30.22 seconds
loss:2.309874 = (1-reg):0.50 * r2l_loss:2.297653 + (reg):0.50 * l2r_loss:2.322095
r2l_scores: {'Bleu_1': 0.9141323792470231, 'Bleu_2': 0.8443834581130215, 'Bleu_3': 0.7599629492607389, 'Bleu_4': 0.6701254531985461, 'METEOR': 0.43998350044666273, 'ROUGE_L': 0.8055596636456482, 'CIDEr': 1.4675734752196572}
l2r_scores: {'Bleu_1': 0.9070175438580579, 'Bleu_2': 0.8461470984869726, 'Bleu_3': 0.7689875214131422, 'Bleu_4': 0.6800634878973516, 'METEOR': 0.4482185997995046, 'ROUGE_L': 0.8047511861277725, 'CIDEr': 1.5845974279615798}


[EPOCH 13 TRAIN]
time: 72.09 seconds | lr: 0.000100
loss:1.338292 = (1-reg):0.50 * r2l_loss:1.312725 + (reg):0.50 * l2r_loss:1.363858
{'testlen': 563, 'reflen': 558, 'guess': [563, 463, 363, 263], 'correct': [518, 357, 226, 116]}
ratio: 1.0089605734748943
{'testlen': 602, 'reflen': 599, 'guess': [602, 502, 402, 302], 'correct': [529, 378, 243, 135]}
ratio: 1.0050083472437312
[EPOCH 13 VAL]
time: 30.77 seconds
loss:2.308226 = (1-reg):0.50 * r2l_loss:2.321613 + (reg):0.50 * l2r_loss:2.294839
r2l_scores: {'Bleu_1': 0.920071047955737, 'Bleu_2': 0.842275745954683, 'Bleu_3': 0.7615588476316155, 'Bleu_4': 0.6643595177984019, 'METEOR': 0.44196571941275525, 'ROUGE_L': 0.8172114149611839, 'CIDEr': 1.496527111899155}
l2r_scores: {'Bleu_1': 0.8787375415267795, 'Bleu_2': 0.813436454757964, 'Bleu_3': 0.7367879164110582, 'Bleu_4': 0.6502623023369816, 'METEOR': 0.44152444194927265, 'ROUGE_L': 0.8036044523105494, 'CIDEr': 1.5470227076220189}


[EPOCH 14 TRAIN]
time: 71.98 seconds | lr: 0.000100
loss:1.307411 = (1-reg):0.50 * r2l_loss:1.280800 + (reg):0.50 * l2r_loss:1.334023
{'testlen': 590, 'reflen': 586, 'guess': [590, 490, 390, 290], 'correct': [530, 349, 223, 122]}
ratio: 1.0068259385648348
{'testlen': 577, 'reflen': 573, 'guess': [577, 477, 377, 277], 'correct': [517, 370, 236, 129]}
ratio: 1.0069808027905638
[EPOCH 14 VAL]
time: 30.60 seconds
loss:2.314966 = (1-reg):0.50 * r2l_loss:2.304961 + (reg):0.50 * l2r_loss:2.324971
r2l_scores: {'Bleu_1': 0.8983050847442402, 'Bleu_2': 0.7998832498674863, 'Bleu_3': 0.7152060073339885, 'Bleu_4': 0.6263453007627587, 'METEOR': 0.4244794176524204, 'ROUGE_L': 0.7953203708743942, 'CIDEr': 1.386905886908385}
l2r_scores: {'Bleu_1': 0.8960138648164714, 'Bleu_2': 0.8336793369505326, 'Bleu_3': 0.7577447032081147, 'Bleu_4': 0.6709183453647838, 'METEOR': 0.4417564926193961, 'ROUGE_L': 0.8136724962645653, 'CIDEr': 1.4933092159277956}


[EPOCH 15 TRAIN]
time: 71.27 seconds | lr: 0.000050
loss:1.241307 = (1-reg):0.50 * r2l_loss:1.213683 + (reg):0.50 * l2r_loss:1.268931
{'testlen': 567, 'reflen': 563, 'guess': [567, 467, 367, 267], 'correct': [516, 352, 224, 121]}
ratio: 1.0071047957353338
{'testlen': 574, 'reflen': 570, 'guess': [574, 474, 374, 274], 'correct': [518, 374, 246, 133]}
ratio: 1.0070175438578823
[EPOCH 15 VAL]
time: 30.49 seconds
loss:2.303397 = (1-reg):0.50 * r2l_loss:2.301355 + (reg):0.50 * l2r_loss:2.305440
r2l_scores: {'Bleu_1': 0.9100529100513051, 'Bleu_2': 0.8282209518286221, 'Bleu_3': 0.7480973676372781, 'Bleu_4': 0.6599896457564037, 'METEOR': 0.4371882084305105, 'ROUGE_L': 0.8068143104864501, 'CIDEr': 1.48059538308081}
l2r_scores: {'Bleu_1': 0.9024390243886717, 'Bleu_2': 0.8438311706486883, 'Bleu_3': 0.7765895535640139, 'Bleu_4': 0.6905083389654176, 'METEOR': 0.44645332165689955, 'ROUGE_L': 0.8256801773686037, 'CIDEr': 1.5079266494862176}


[EPOCH 16 TRAIN]
time: 72.59 seconds | lr: 0.000050
loss:1.219260 = (1-reg):0.50 * r2l_loss:1.190811 + (reg):0.50 * l2r_loss:1.247709
{'testlen': 562, 'reflen': 558, 'guess': [562, 462, 362, 262], 'correct': [512, 348, 210, 109]}
ratio: 1.007168458779557
{'testlen': 579, 'reflen': 573, 'guess': [579, 479, 379, 279], 'correct': [529, 386, 251, 134]}
ratio: 1.0104712041867183
[EPOCH 16 VAL]
time: 30.33 seconds
loss:2.327330 = (1-reg):0.50 * r2l_loss:2.327413 + (reg):0.50 * l2r_loss:2.327247
r2l_scores: {'Bleu_1': 0.9110320284681298, 'Bleu_2': 0.8283911621606891, 'Bleu_3': 0.7356318868618602, 'Bleu_4': 0.6379354127455092, 'METEOR': 0.42082000615897774, 'ROUGE_L': 0.7899851748209562, 'CIDEr': 1.463610218735673}
l2r_scores: {'Bleu_1': 0.9136442141607709, 'Bleu_2': 0.8580536632819955, 'Bleu_3': 0.7870840959874666, 'Bleu_4': 0.6956503397007763, 'METEOR': 0.44700998441954315, 'ROUGE_L': 0.8288399216416754, 'CIDEr': 1.5333129366788925}


[EPOCH 17 TRAIN]
time: 71.56 seconds | lr: 0.000050
loss:1.200445 = (1-reg):0.50 * r2l_loss:1.172805 + (reg):0.50 * l2r_loss:1.228085
{'testlen': 541, 'reflen': 536, 'guess': [541, 441, 341, 241], 'correct': [494, 346, 221, 117]}
ratio: 1.0093283582070722
{'testlen': 576, 'reflen': 571, 'guess': [576, 476, 376, 276], 'correct': [518, 373, 238, 128]}
ratio: 1.0087565674238026
[EPOCH 17 VAL]
time: 31.29 seconds
loss:2.349816 = (1-reg):0.50 * r2l_loss:2.344794 + (reg):0.50 * l2r_loss:2.354838
r2l_scores: {'Bleu_1': 0.91312384473029, 'Bleu_2': 0.846415478133228, 'Bleu_3': 0.7743459465050143, 'Bleu_4': 0.6890384809246827, 'METEOR': 0.4338963830814387, 'ROUGE_L': 0.8017261747462487, 'CIDEr': 1.5530658183541655}
l2r_scores: {'Bleu_1': 0.8993055555539943, 'Bleu_2': 0.839468834939033, 'Bleu_3': 0.7640693098360968, 'Bleu_4': 0.6744112228896413, 'METEOR': 0.4476238674740249, 'ROUGE_L': 0.8246396295941842, 'CIDEr': 1.4700016845447021}


[EPOCH 18 TRAIN]
time: 70.68 seconds | lr: 0.000050
loss:1.183603 = (1-reg):0.50 * r2l_loss:1.154245 + (reg):0.50 * l2r_loss:1.212961
{'testlen': 556, 'reflen': 550, 'guess': [556, 456, 356, 256], 'correct': [501, 352, 225, 124]}
ratio: 1.010909090907253
{'testlen': 583, 'reflen': 579, 'guess': [583, 483, 383, 283], 'correct': [527, 383, 246, 136]}
ratio: 1.0069084628652731
[EPOCH 18 VAL]
time: 30.64 seconds
loss:2.316966 = (1-reg):0.50 * r2l_loss:2.308386 + (reg):0.50 * l2r_loss:2.325546
r2l_scores: {'Bleu_1': 0.9010791366890268, 'Bleu_2': 0.8340083092504391, 'Bleu_3': 0.7603690395165771, 'Bleu_4': 0.6793033381775049, 'METEOR': 0.43820794820156656, 'ROUGE_L': 0.8091547311210835, 'CIDEr': 1.573224497760481}
l2r_scores: {'Bleu_1': 0.9039451114907309, 'Bleu_2': 0.8466362350462189, 'Bleu_3': 0.7721648219227812, 'Bleu_4': 0.6858365521195422, 'METEOR': 0.44830401403874337, 'ROUGE_L': 0.825924486369735, 'CIDEr': 1.516724005998833}


[EPOCH 19 TRAIN]
time: 73.34 seconds | lr: 0.000025
loss:1.148154 = (1-reg):0.50 * r2l_loss:1.119681 + (reg):0.50 * l2r_loss:1.176628
{'testlen': 549, 'reflen': 544, 'guess': [549, 449, 349, 249], 'correct': [494, 340, 216, 117]}
ratio: 1.0091911764687331
{'testlen': 554, 'reflen': 549, 'guess': [554, 454, 354, 254], 'correct': [507, 365, 233, 124]}
ratio: 1.0091074681220236
[EPOCH 19 VAL]
time: 30.48 seconds
loss:2.334503 = (1-reg):0.50 * r2l_loss:2.326657 + (reg):0.50 * l2r_loss:2.342349
r2l_scores: {'Bleu_1': 0.8998178506358838, 'Bleu_2': 0.8254553568407038, 'Bleu_3': 0.7499031333500985, 'Bleu_4': 0.6671915001097236, 'METEOR': 0.4331377687866252, 'ROUGE_L': 0.7995567534354885, 'CIDEr': 1.542933584360779}
l2r_scores: {'Bleu_1': 0.9151624548719943, 'Bleu_2': 0.857763581235614, 'Bleu_3': 0.7852885919287375, 'Bleu_4': 0.6972988652172373, 'METEOR': 0.44465635131460884, 'ROUGE_L': 0.8220312571326568, 'CIDEr': 1.5173800613349453}


[EPOCH 20 TRAIN]
time: 71.94 seconds | lr: 0.000025
loss:1.135548 = (1-reg):0.50 * r2l_loss:1.106393 + (reg):0.50 * l2r_loss:1.164703
{'testlen': 553, 'reflen': 548, 'guess': [553, 453, 353, 253], 'correct': [497, 338, 213, 116]}
ratio: 1.0091240875893994
{'testlen': 561, 'reflen': 557, 'guess': [561, 461, 361, 261], 'correct': [509, 366, 236, 129]}
ratio: 1.0071813285439728
[EPOCH 20 VAL]
time: 30.38 seconds
loss:2.335564 = (1-reg):0.50 * r2l_loss:2.336225 + (reg):0.50 * l2r_loss:2.334903
r2l_scores: {'Bleu_1': 0.8987341772135647, 'Bleu_2': 0.8188886992507085, 'Bleu_3': 0.7396363008905219, 'Bleu_4': 0.6562933903914022, 'METEOR': 0.4315695338448303, 'ROUGE_L': 0.8032246982611199, 'CIDEr': 1.4989387836411188}
l2r_scores: {'Bleu_1': 0.9073083778949959, 'Bleu_2': 0.8487260662864259, 'Bleu_3': 0.7780006515829978, 'Bleu_4': 0.6945799957806871, 'METEOR': 0.4441385381632409, 'ROUGE_L': 0.8160659253582029, 'CIDEr': 1.4898038263930737}



[BEST: 4 | SEED: 904666 | VAL-CIDEr: 1.6715009095616034]
{'testlen': 3919, 'reflen': 3914, 'guess': [3919, 3249, 2579, 1910], 'correct': [3451, 2345, 1444, 740]}
ratio: 1.0012774655081755
{'testlen': 3753, 'reflen': 3754, 'guess': [3753, 3083, 2413, 1743], 'correct': [3328, 2299, 1446, 762]}
ratio: 0.9997336174744273
time: 107.45 seconds
r2l_scores: {'Bleu_1': 0.880581781066374, 'Bleu_2': 0.7972259299081706, 'Bleu_3': 0.7086409212566629, 'Bleu_4': 0.6093534281651601, 'METEOR': 0.43155365357024766, 'ROUGE_L': 0.8032027734325375, 'CIDEr': 1.2740686892269546}
l2r_scores: {'Bleu_1': 0.8865210127542409, 'Bleu_2': 0.8129603800376255, 'Bleu_3': 0.7343075681844642, 'Bleu_4': 0.6449766162182992, 'METEOR': 0.43711147003722395, 'ROUGE_L': 0.8051550004134898, 'CIDEr': 1.2936027500708802}
----------------------------------------
>> [Train time] Total: 1440.57 seconds => Per epoch: 72.03 seconds
>> [Val time] Total: 610.19 seconds => Per epoch: 30.51 seconds
