Found 1 CUDA device(s)

Device 0: NVIDIA A100-SXM4-40GB
  Total memory bytes: 42296475648
  MultiProcessor count: 108
  Major.Minor: 8.0
  Max threads per block: 2048
  Memory reserved bytes: 0
  Memory allocated bytes: 0
  Free inside reserved bytes: 0
  Active allocations: 0
========================================
MODEL ID: MSRVTT = FEAT newBlip2ClsKF+newMViTv2+newImgCapBlip2KF fsl-13 mcl-20 = Transformer d-512 N_enc-0 N_dec-3 h-4 h_big-4 dp-0.1 = OPTIM lr-0.0001 warmup-3 gamma-0.5 pat-3 wd-5e-06 rg-0.6 = bs-64-gc-5.0-ls-0.3 = 1764756810
Enter the load_video_feats method.
Enter the load_video_feats method.
Enter the load_video_feats method.
#vocabs: 10444 (23046), #words: 1178850 (1194458). Trim words which appear less than 3 times.
{'Total': 53114776, 'Trainable': 53114776}


[EPOCH 1 TRAIN]
time: 205.27 seconds | lr: 0.000033
loss:3.140448 = (1-reg):0.40 * r2l_loss:3.143281 + (reg):0.60 * l2r_loss:3.138559
{'testlen': 2835, 'reflen': 3142, 'guess': [2835, 2338, 1841, 1354], 'correct': [2427, 1410, 692, 284]}
ratio: 0.9022915340544551
{'testlen': 2857, 'reflen': 3131, 'guess': [2857, 2360, 1863, 1366], 'correct': [2494, 1496, 761, 330]}
ratio: 0.9124880229955565
[EPOCH 1 VAL]
time: 77.70 seconds
loss:2.903342 = (1-reg):0.40 * r2l_loss:2.860540 + (reg):0.60 * l2r_loss:2.931877
r2l_scores: {'Bleu_1': 0.7682229779829113, 'Bleu_2': 0.6447869504239022, 'Bleu_3': 0.5195393598063301, 'Bleu_4': 0.4030708628608514, 'METEOR': 0.27946040908684894, 'ROUGE_L': 0.6021821405467341, 'CIDEr': 0.4582163438287095}
l2r_scores: {'Bleu_1': 0.7931133960968568, 'Bleu_2': 0.6758525804500967, 'Bleu_3': 0.5534456059037399, 'Bleu_4': 0.43919692125158133, 'METEOR': 0.28700990505146307, 'ROUGE_L': 0.6203531123776425, 'CIDEr': 0.45147811319436126}
>> Saving checkpoint to 1.ckpt
>> New best model at epoch 1 | CIDEr: 0.45147811319436126


[EPOCH 2 TRAIN]
time: 201.32 seconds | lr: 0.000056
loss:2.623979 = (1-reg):0.40 * r2l_loss:2.615163 + (reg):0.60 * l2r_loss:2.629855
{'testlen': 2914, 'reflen': 3166, 'guess': [2914, 2417, 1920, 1424], 'correct': [2557, 1551, 794, 331]}
ratio: 0.9204042956408969
{'testlen': 2970, 'reflen': 3203, 'guess': [2970, 2473, 1976, 1479], 'correct': [2633, 1652, 876, 392]}
ratio: 0.9272556977830386
[EPOCH 2 VAL]
time: 78.22 seconds
loss:2.644130 = (1-reg):0.40 * r2l_loss:2.596880 + (reg):0.60 * l2r_loss:2.675630
r2l_scores: {'Bleu_1': 0.8047922752422241, 'Bleu_2': 0.688225535823284, 'Bleu_3': 0.564253791276217, 'Bleu_4': 0.4423805458248904, 'METEOR': 0.2923558542082201, 'ROUGE_L': 0.632930837004686, 'CIDEr': 0.5694307127969952}
l2r_scores: {'Bleu_1': 0.8196406628933125, 'Bleu_2': 0.7114907435376224, 'Bleu_3': 0.5920089242356448, 'Bleu_4': 0.47485163198295816, 'METEOR': 0.30547062514461387, 'ROUGE_L': 0.6400353520906498, 'CIDEr': 0.5334924262890739}
>> Saving checkpoint to 2.ckpt
>> New best model at epoch 2 | CIDEr: 0.5334924262890739


[EPOCH 3 TRAIN]
time: 192.48 seconds | lr: 0.000078
loss:2.409703 = (1-reg):0.40 * r2l_loss:2.399277 + (reg):0.60 * l2r_loss:2.416653
{'testlen': 2931, 'reflen': 3171, 'guess': [2931, 2434, 1937, 1440], 'correct': [2556, 1560, 792, 331]}
ratio: 0.9243140964992355
{'testlen': 3059, 'reflen': 3278, 'guess': [3059, 2562, 2065, 1568], 'correct': [2709, 1679, 877, 393]}
ratio: 0.9331909701034371
[EPOCH 3 VAL]
time: 80.51 seconds
loss:2.478671 = (1-reg):0.40 * r2l_loss:2.462558 + (reg):0.60 * l2r_loss:2.489412
r2l_scores: {'Bleu_1': 0.8034957031474844, 'Bleu_2': 0.6888315893230298, 'Bleu_3': 0.5633177029775743, 'Bleu_4': 0.44110406200731517, 'METEOR': 0.2998866570817426, 'ROUGE_L': 0.6370245486416378, 'CIDEr': 0.5972832567999515}
l2r_scores: {'Bleu_1': 0.824399096756748, 'Bleu_2': 0.7091833464220102, 'Bleu_3': 0.5836711015796991, 'Bleu_4': 0.46410341199214356, 'METEOR': 0.3089035109416828, 'ROUGE_L': 0.6390407429997412, 'CIDEr': 0.5843252554830773}
>> Saving checkpoint to 3.ckpt
>> New best model at epoch 3 | CIDEr: 0.5843252554830773


[EPOCH 4 TRAIN]
time: 198.15 seconds | lr: 0.000100
loss:2.269498 = (1-reg):0.40 * r2l_loss:2.257529 + (reg):0.60 * l2r_loss:2.277476
{'testlen': 3082, 'reflen': 3283, 'guess': [3082, 2585, 2088, 1592], 'correct': [2644, 1565, 798, 333]}
ratio: 0.9387755102037957
{'testlen': 3113, 'reflen': 3309, 'guess': [3113, 2616, 2119, 1622], 'correct': [2751, 1743, 937, 441]}
ratio: 0.9407676035053065
[EPOCH 4 VAL]
time: 81.97 seconds
loss:2.416794 = (1-reg):0.40 * r2l_loss:2.401302 + (reg):0.60 * l2r_loss:2.427121
r2l_scores: {'Bleu_1': 0.8037209025397324, 'Bleu_2': 0.6751771752207525, 'Bleu_3': 0.5465058092806885, 'Bleu_4': 0.4229027325709303, 'METEOR': 0.2887527129066646, 'ROUGE_L': 0.6123496889588665, 'CIDEr': 0.5870673491264458}
l2r_scores: {'Bleu_1': 0.829788705135153, 'Bleu_2': 0.7205126463599207, 'Bleu_3': 0.5995829847981453, 'Bleu_4': 0.4843373062933154, 'METEOR': 0.3120087038020593, 'ROUGE_L': 0.6444958175793771, 'CIDEr': 0.6107586386377999}
>> Saving checkpoint to 4.ckpt
>> New best model at epoch 4 | CIDEr: 0.6107586386377999


[EPOCH 5 TRAIN]
time: 194.47 seconds | lr: 0.000100
loss:2.158870 = (1-reg):0.40 * r2l_loss:2.144846 + (reg):0.60 * l2r_loss:2.168219
{'testlen': 3082, 'reflen': 3295, 'guess': [3082, 2585, 2088, 1593], 'correct': [2613, 1542, 779, 328]}
ratio: 0.9353566009101866
{'testlen': 3168, 'reflen': 3327, 'guess': [3168, 2671, 2174, 1677], 'correct': [2802, 1745, 925, 414]}
ratio: 0.9522091974749167
[EPOCH 5 VAL]
time: 82.60 seconds
loss:2.361999 = (1-reg):0.40 * r2l_loss:2.342980 + (reg):0.60 * l2r_loss:2.374679
r2l_scores: {'Bleu_1': 0.7912109039258808, 'Bleu_2': 0.6636678646467478, 'Bleu_3': 0.5352598607358393, 'Bleu_4': 0.41431856769907155, 'METEOR': 0.2876253308589859, 'ROUGE_L': 0.615657437688626, 'CIDEr': 0.5838040927090502}
l2r_scores: {'Bleu_1': 0.8411742724396605, 'Bleu_2': 0.7229450256241204, 'Bleu_3': 0.595797378408127, 'Bleu_4': 0.47205381993568546, 'METEOR': 0.3134667040184888, 'ROUGE_L': 0.6467641005604597, 'CIDEr': 0.61356549223156}
>> Saving checkpoint to 5.ckpt
>> New best model at epoch 5 | CIDEr: 0.61356549223156


[EPOCH 6 TRAIN]
time: 198.59 seconds | lr: 0.000100
loss:2.077431 = (1-reg):0.40 * r2l_loss:2.062201 + (reg):0.60 * l2r_loss:2.087585
{'testlen': 3073, 'reflen': 3291, 'guess': [3073, 2576, 2079, 1583], 'correct': [2645, 1612, 849, 376]}
ratio: 0.933758735946237
{'testlen': 3245, 'reflen': 3382, 'guess': [3245, 2748, 2251, 1754], 'correct': [2877, 1814, 992, 478]}
ratio: 0.9594914251919102
[EPOCH 6 VAL]
time: 81.75 seconds
loss:2.343873 = (1-reg):0.40 * r2l_loss:2.337244 + (reg):0.60 * l2r_loss:2.348292
r2l_scores: {'Bleu_1': 0.8017778801364184, 'Bleu_2': 0.6836472983271322, 'Bleu_3': 0.5623017731764188, 'Bleu_4': 0.445350106894044, 'METEOR': 0.2971787847249605, 'ROUGE_L': 0.6264892371197304, 'CIDEr': 0.610148723395461}
l2r_scores: {'Bleu_1': 0.8499429378110221, 'Bleu_2': 0.7333941922770678, 'Bleu_3': 0.6102276841343918, 'Bleu_4': 0.4936108063353366, 'METEOR': 0.31936379536587073, 'ROUGE_L': 0.652405207674047, 'CIDEr': 0.6390023055267408}
>> Saving checkpoint to 6.ckpt
>> New best model at epoch 6 | CIDEr: 0.6390023055267408


[EPOCH 7 TRAIN]
time: 197.98 seconds | lr: 0.000100
loss:2.012880 = (1-reg):0.40 * r2l_loss:1.997803 + (reg):0.60 * l2r_loss:2.022931
{'testlen': 3231, 'reflen': 3416, 'guess': [3231, 2734, 2237, 1741], 'correct': [2784, 1716, 929, 446]}
ratio: 0.9458430913346177
{'testlen': 3269, 'reflen': 3388, 'guess': [3269, 2772, 2275, 1778], 'correct': [2855, 1784, 955, 448]}
ratio: 0.9648760330575664
[EPOCH 7 VAL]
time: 83.63 seconds
loss:2.316279 = (1-reg):0.40 * r2l_loss:2.317671 + (reg):0.60 * l2r_loss:2.315350
r2l_scores: {'Bleu_1': 0.8137022555719884, 'Bleu_2': 0.6944784437948947, 'Bleu_3': 0.5740285665764436, 'Bleu_4': 0.4625060976879694, 'METEOR': 0.3060798681307174, 'ROUGE_L': 0.6357369663128379, 'CIDEr': 0.6303740010793935}
l2r_scores: {'Bleu_1': 0.8421350764846167, 'Bleu_2': 0.7229145618684479, 'Bleu_3': 0.5958388642328691, 'Bleu_4': 0.4761357881613815, 'METEOR': 0.3184041324598257, 'ROUGE_L': 0.6448537195635397, 'CIDEr': 0.6380136178883563}


[EPOCH 8 TRAIN]
time: 192.64 seconds | lr: 0.000100
loss:1.958767 = (1-reg):0.40 * r2l_loss:1.943232 + (reg):0.60 * l2r_loss:1.969124
{'testlen': 3267, 'reflen': 3431, 'guess': [3267, 2770, 2273, 1776], 'correct': [2801, 1709, 917, 424]}
ratio: 0.9522005246281107
{'testlen': 3246, 'reflen': 3394, 'guess': [3246, 2749, 2252, 1755], 'correct': [2816, 1753, 930, 421]}
ratio: 0.9563936358276499
[EPOCH 8 VAL]
time: 83.70 seconds
loss:2.301073 = (1-reg):0.40 * r2l_loss:2.295236 + (reg):0.60 * l2r_loss:2.304965
r2l_scores: {'Bleu_1': 0.8153852356577723, 'Bleu_2': 0.6916908059028851, 'Bleu_3': 0.5683260874939055, 'Bleu_4': 0.4518337157382028, 'METEOR': 0.3082760818646919, 'ROUGE_L': 0.6351147743413214, 'CIDEr': 0.6305611695765667}
l2r_scores: {'Bleu_1': 0.8288628243747106, 'Bleu_2': 0.7106310542056409, 'Bleu_3': 0.5840730274350963, 'Bleu_4': 0.4622758848431142, 'METEOR': 0.31061096474499766, 'ROUGE_L': 0.6366992341863729, 'CIDEr': 0.6090033035506422}


[EPOCH 9 TRAIN]
time: 197.74 seconds | lr: 0.000100
loss:1.912245 = (1-reg):0.40 * r2l_loss:1.896566 + (reg):0.60 * l2r_loss:1.922697
{'testlen': 3197, 'reflen': 3368, 'guess': [3197, 2700, 2203, 1707], 'correct': [2738, 1653, 850, 381]}
ratio: 0.9492280285032811
{'testlen': 3162, 'reflen': 3321, 'guess': [3162, 2665, 2168, 1671], 'correct': [2816, 1808, 997, 473]}
ratio: 0.9521228545615923
[EPOCH 9 VAL]
time: 83.95 seconds
loss:2.295063 = (1-reg):0.40 * r2l_loss:2.291172 + (reg):0.60 * l2r_loss:2.297657
r2l_scores: {'Bleu_1': 0.8118231258311421, 'Bleu_2': 0.6863893865873465, 'Bleu_3': 0.5564661094578237, 'Bleu_4': 0.43696289093560464, 'METEOR': 0.30214960967749893, 'ROUGE_L': 0.6257767003803922, 'CIDEr': 0.6062185991696978}
l2r_scores: {'Bleu_1': 0.8469006136482459, 'Bleu_2': 0.7391756663825021, 'Bleu_3': 0.6205321519019368, 'Bleu_4': 0.5035989372137785, 'METEOR': 0.3239952626793425, 'ROUGE_L': 0.6604936224332582, 'CIDEr': 0.6445729365525038}
>> Saving checkpoint to 9.ckpt
>> New best model at epoch 9 | CIDEr: 0.6445729365525038


[EPOCH 10 TRAIN]
time: 191.24 seconds | lr: 0.000100
loss:1.872088 = (1-reg):0.40 * r2l_loss:1.855660 + (reg):0.60 * l2r_loss:1.883040
{'testlen': 3246, 'reflen': 3433, 'guess': [3246, 2749, 2252, 1755], 'correct': [2797, 1705, 889, 404]}
ratio: 0.9455286921057543
{'testlen': 3264, 'reflen': 3431, 'guess': [3264, 2767, 2270, 1773], 'correct': [2852, 1776, 959, 456]}
ratio: 0.9513261439810693
[EPOCH 10 VAL]
time: 85.40 seconds
loss:2.290615 = (1-reg):0.40 * r2l_loss:2.291177 + (reg):0.60 * l2r_loss:2.290240
r2l_scores: {'Bleu_1': 0.8134381210982384, 'Bleu_2': 0.6901243763649714, 'Bleu_3': 0.5619826314858789, 'Bleu_4': 0.443162877759649, 'METEOR': 0.29907290556719646, 'ROUGE_L': 0.6282039155455159, 'CIDEr': 0.6097444003591176}
l2r_scores: {'Bleu_1': 0.8301929376236601, 'Bleu_2': 0.7115349713498131, 'Bleu_3': 0.5879246075171265, 'Bleu_4': 0.4720632272068736, 'METEOR': 0.3167261354482455, 'ROUGE_L': 0.6373927108350224, 'CIDEr': 0.5975350091182263}


[EPOCH 11 TRAIN]
time: 195.79 seconds | lr: 0.000100
loss:1.835879 = (1-reg):0.40 * r2l_loss:1.819493 + (reg):0.60 * l2r_loss:1.846803
{'testlen': 3099, 'reflen': 3287, 'guess': [3099, 2602, 2105, 1608], 'correct': [2702, 1659, 862, 384]}
ratio: 0.9428049893517059
{'testlen': 3268, 'reflen': 3383, 'guess': [3268, 2771, 2274, 1777], 'correct': [2876, 1819, 982, 449]}
ratio: 0.9660065031034685
[EPOCH 11 VAL]
time: 84.09 seconds
loss:2.279892 = (1-reg):0.40 * r2l_loss:2.289112 + (reg):0.60 * l2r_loss:2.273745
r2l_scores: {'Bleu_1': 0.8205733548510833, 'Bleu_2': 0.701705811566737, 'Bleu_3': 0.5746538467626575, 'Bleu_4': 0.45444302727714836, 'METEOR': 0.29806879881341464, 'ROUGE_L': 0.6221758201292288, 'CIDEr': 0.6258533501105843}
l2r_scores: {'Bleu_1': 0.8496188382814455, 'Bleu_2': 0.7337849549326086, 'Bleu_3': 0.6077504806228893, 'Bleu_4': 0.48374115407943985, 'METEOR': 0.3194924065923654, 'ROUGE_L': 0.6463872754102715, 'CIDEr': 0.6106591398767098}


[EPOCH 12 TRAIN]
time: 201.48 seconds | lr: 0.000100
loss:1.802816 = (1-reg):0.40 * r2l_loss:1.786494 + (reg):0.60 * l2r_loss:1.813697
{'testlen': 3099, 'reflen': 3296, 'guess': [3099, 2602, 2105, 1608], 'correct': [2664, 1625, 848, 377]}
ratio: 0.9402305825239866
{'testlen': 3228, 'reflen': 3365, 'guess': [3228, 2731, 2234, 1737], 'correct': [2872, 1799, 966, 439]}
ratio: 0.9592867756312157
[EPOCH 12 VAL]
time: 82.06 seconds
loss:2.283377 = (1-reg):0.40 * r2l_loss:2.284532 + (reg):0.60 * l2r_loss:2.282606
r2l_scores: {'Bleu_1': 0.8066869377932699, 'Bleu_2': 0.6875776307166471, 'Bleu_3': 0.5632828607142892, 'Bleu_4': 0.4453042337986983, 'METEOR': 0.2932110701582575, 'ROUGE_L': 0.6209078483683379, 'CIDEr': 0.6159917872015532}
l2r_scores: {'Bleu_1': 0.8527445581388798, 'Bleu_2': 0.7337502013718097, 'Bleu_3': 0.606530750239782, 'Bleu_4': 0.48216735707036423, 'METEOR': 0.3248710346474247, 'ROUGE_L': 0.6512734715728361, 'CIDEr': 0.6295590808635226}


[EPOCH 13 TRAIN]
time: 194.56 seconds | lr: 0.000100
loss:1.772972 = (1-reg):0.40 * r2l_loss:1.757006 + (reg):0.60 * l2r_loss:1.783616
{'testlen': 3243, 'reflen': 3392, 'guess': [3243, 2746, 2249, 1753], 'correct': [2747, 1674, 885, 396]}
ratio: 0.9560731132072653
{'testlen': 3319, 'reflen': 3442, 'guess': [3319, 2822, 2325, 1828], 'correct': [2895, 1845, 1030, 481]}
ratio: 0.9642649622309808
[EPOCH 13 VAL]
time: 84.62 seconds
loss:2.275128 = (1-reg):0.40 * r2l_loss:2.279397 + (reg):0.60 * l2r_loss:2.272283
r2l_scores: {'Bleu_1': 0.8090176599838997, 'Bleu_2': 0.6863246652221143, 'Bleu_3': 0.5615043262462615, 'Bleu_4': 0.44208392181032186, 'METEOR': 0.2953987343672981, 'ROUGE_L': 0.6173731995246282, 'CIDEr': 0.6222527198194959}
l2r_scores: {'Bleu_1': 0.8405172717737621, 'Bleu_2': 0.7276887568129358, 'Bleu_3': 0.609167850064574, 'Bleu_4': 0.4892955700786946, 'METEOR': 0.3207227214294946, 'ROUGE_L': 0.654028685589978, 'CIDEr': 0.6252262504517605}


[EPOCH 14 TRAIN]
time: 194.43 seconds | lr: 0.000100
loss:1.744792 = (1-reg):0.40 * r2l_loss:1.728732 + (reg):0.60 * l2r_loss:1.755498
{'testlen': 3252, 'reflen': 3395, 'guess': [3252, 2755, 2258, 1761], 'correct': [2786, 1655, 847, 372]}
ratio: 0.9578792341676118
{'testlen': 3368, 'reflen': 3455, 'guess': [3368, 2871, 2374, 1877], 'correct': [2959, 1872, 1030, 482]}
ratio: 0.974819102749356
[EPOCH 14 VAL]
time: 84.04 seconds
loss:2.275599 = (1-reg):0.40 * r2l_loss:2.282040 + (reg):0.60 * l2r_loss:2.271305
r2l_scores: {'Bleu_1': 0.8198480538655792, 'Bleu_2': 0.6865248785189084, 'Bleu_3': 0.5530846547470574, 'Bleu_4': 0.43004638529804484, 'METEOR': 0.2957631288609155, 'ROUGE_L': 0.6150331500876184, 'CIDEr': 0.613645385661966}
l2r_scores: {'Bleu_1': 0.856159081800828, 'Bleu_2': 0.7375718830742752, 'Bleu_3': 0.6127014860036255, 'Bleu_4': 0.4898101585143823, 'METEOR': 0.32667386882158267, 'ROUGE_L': 0.6535372968366951, 'CIDEr': 0.6384199061395949}


[EPOCH 15 TRAIN]
time: 199.23 seconds | lr: 0.000100
loss:1.718406 = (1-reg):0.40 * r2l_loss:1.703086 + (reg):0.60 * l2r_loss:1.728619
{'testlen': 3325, 'reflen': 3474, 'guess': [3325, 2828, 2331, 1834], 'correct': [2841, 1709, 884, 396]}
ratio: 0.9571099597003577
{'testlen': 3573, 'reflen': 3625, 'guess': [3573, 3076, 2579, 2082], 'correct': [3077, 1928, 1057, 501]}
ratio: 0.9856551724135212
[EPOCH 15 VAL]
time: 88.08 seconds
loss:2.283303 = (1-reg):0.40 * r2l_loss:2.288063 + (reg):0.60 * l2r_loss:2.280130
r2l_scores: {'Bleu_1': 0.8169923061924693, 'Bleu_2': 0.6870834749634176, 'Bleu_3': 0.5552507156918919, 'Bleu_4': 0.43358615342476936, 'METEOR': 0.2920818736437058, 'ROUGE_L': 0.6162856109689236, 'CIDEr': 0.5872562492579256}
l2r_scores: {'Bleu_1': 0.8487385597671325, 'Bleu_2': 0.7240808181868642, 'Bleu_3': 0.5960633161108434, 'Bleu_4': 0.47340016991258665, 'METEOR': 0.32076651928073835, 'ROUGE_L': 0.6467353139317175, 'CIDEr': 0.6158321182916178}


[EPOCH 16 TRAIN]
time: 198.84 seconds | lr: 0.000100
loss:1.694979 = (1-reg):0.40 * r2l_loss:1.679411 + (reg):0.60 * l2r_loss:1.705358
{'testlen': 3216, 'reflen': 3384, 'guess': [3216, 2719, 2222, 1725], 'correct': [2740, 1628, 825, 350]}
ratio: 0.9503546099287972
{'testlen': 3443, 'reflen': 3529, 'guess': [3443, 2946, 2449, 1952], 'correct': [2935, 1798, 972, 459]}
ratio: 0.975630490223583
[EPOCH 16 VAL]
time: 84.68 seconds
loss:2.274241 = (1-reg):0.40 * r2l_loss:2.282855 + (reg):0.60 * l2r_loss:2.268499
r2l_scores: {'Bleu_1': 0.808625620806294, 'Bleu_2': 0.6778800185690338, 'Bleu_3': 0.5450581586345695, 'Bleu_4': 0.42022328503728185, 'METEOR': 0.2912735309130241, 'ROUGE_L': 0.6142729228362408, 'CIDEr': 0.5784064926370821}
l2r_scores: {'Bleu_1': 0.8314251954725496, 'Bleu_2': 0.7035032566651529, 'Bleu_3': 0.5764840123861631, 'Bleu_4': 0.457837849801251, 'METEOR': 0.31633253217567076, 'ROUGE_L': 0.6348811302938291, 'CIDEr': 0.5984114462034139}



[BEST: 9 | SEED: 904666 | VAL-CIDEr: 0.6445729365525038]
{'testlen': 19087, 'reflen': 20231, 'guess': [19087, 16097, 13107, 10123], 'correct': [16402, 10048, 5320, 2463]}
ratio: 0.9434531165043278
{'testlen': 19108, 'reflen': 20194, 'guess': [19108, 16118, 13128, 10138], 'correct': [16853, 10749, 5878, 2779]}
ratio: 0.9462216499950011
time: 411.53 seconds
r2l_scores: {'Bleu_1': 0.8093366814608548, 'Bleu_2': 0.6897901658420639, 'Bleu_3': 0.5665924807184264, 'Bleu_4': 0.4518397360322445, 'METEOR': 0.2988683096516381, 'ROUGE_L': 0.6308325695777044, 'CIDEr': 0.619720339463014}
l2r_scores: {'Bleu_1': 0.8332569286548677, 'Bleu_2': 0.7245634042554594, 'Bleu_3': 0.6055735758477758, 'Bleu_4': 0.4897094544547679, 'METEOR': 0.3128618303844459, 'ROUGE_L': 0.6522762767417016, 'CIDEr': 0.6287083138401609}
----------------------------------------
>> [Train time] Total: 3154.20 seconds => Per epoch: 197.14 seconds
>> [Val time] Total: 1327.01 seconds => Per epoch: 82.94 seconds
