Found 1 CUDA device(s)

Device 0: NVIDIA A100-SXM4-40GB
  Total memory bytes: 42296475648
  MultiProcessor count: 108
  Major.Minor: 8.0
  Max threads per block: 2048
  Memory reserved bytes: 0
  Memory allocated bytes: 0
  Free inside reserved bytes: 0
  Active allocations: 0
========================================
MODEL ID: MSVD = FEAT newBlip2ClsKF+newMViTv2+newImgCapBlip2KF fsl-10 mcl-20 = Transformer d-512 N_enc-0 N_dec-1 h-8 h_big-8 dp-0.1 = OPTIM lr-0.0001 warmup-3 gamma-0.5 pat-3 wd-5e-06 rg-0.5 = bs-64-gc-5.0-ls-0.15 = 1764631525
Enter the load_video_feats method.
Enter the load_video_feats method.
Enter the load_video_feats method.
#vocabs: 4116 (9614), #words: 339057 (345799). Trim words which appear less than 3 times.
{'Total': 21208616, 'Trainable': 21208616}


[EPOCH 1 TRAIN]
time: 38.60 seconds | lr: 0.000033
loss:3.364241 = (1-reg):0.50 * r2l_loss:3.382654 + (reg):0.50 * l2r_loss:3.345829
{'testlen': 495, 'reflen': 498, 'guess': [495, 395, 295, 203], 'correct': [422, 278, 155, 76]}
ratio: 0.9939759036124619
{'testlen': 485, 'reflen': 485, 'guess': [485, 385, 285, 185], 'correct': [424, 292, 174, 86]}
ratio: 0.9999999999979382
[EPOCH 1 VAL]
time: 23.38 seconds
loss:2.783200 = (1-reg):0.50 * r2l_loss:2.789382 + (reg):0.50 * l2r_loss:2.777017
r2l_scores: {'Bleu_1': 0.84737405825649, 'Bleu_2': 0.76991962250785, 'Bleu_3': 0.6764818106826366, 'Bleu_4': 0.5825905817127713, 'METEOR': 0.39167854677781033, 'ROUGE_L': 0.755925354940838, 'CIDEr': 1.1843737648042612}
l2r_scores: {'Bleu_1': 0.8742268041201062, 'Bleu_2': 0.8142787850270613, 'Bleu_3': 0.7397475623581048, 'Bleu_4': 0.6586342906602322, 'METEOR': 0.39980660691176456, 'ROUGE_L': 0.7750800071786935, 'CIDEr': 1.1017562431760366}
>> Saving checkpoint to 1.ckpt
>> New best model at epoch 1 | CIDEr: 1.1017562431760366


[EPOCH 2 TRAIN]
time: 35.96 seconds | lr: 0.000056
loss:2.492931 = (1-reg):0.50 * r2l_loss:2.499288 + (reg):0.50 * l2r_loss:2.486574
{'testlen': 540, 'reflen': 540, 'guess': [540, 440, 340, 243], 'correct': [491, 350, 217, 116]}
ratio: 0.9999999999981481
{'testlen': 537, 'reflen': 535, 'guess': [537, 437, 337, 237], 'correct': [485, 344, 209, 110]}
ratio: 1.0037383177551331
[EPOCH 2 VAL]
time: 24.67 seconds
loss:2.505870 = (1-reg):0.50 * r2l_loss:2.512935 + (reg):0.50 * l2r_loss:2.498804
r2l_scores: {'Bleu_1': 0.9092592592558917, 'Bleu_2': 0.8504554137453348, 'Bleu_3': 0.7728489816101495, 'Bleu_4': 0.6851472330006843, 'METEOR': 0.4401052356690604, 'ROUGE_L': 0.814179279692901, 'CIDEr': 1.4511762938364225}
l2r_scores: {'Bleu_1': 0.9031657355662883, 'Bleu_2': 0.8431837521530807, 'Bleu_3': 0.7611208421052208, 'Bleu_4': 0.6725913779401547, 'METEOR': 0.42069597556798144, 'ROUGE_L': 0.8167770704721333, 'CIDEr': 1.3620817752550325}
>> Saving checkpoint to 2.ckpt
>> New best model at epoch 2 | CIDEr: 1.3620817752550325


[EPOCH 3 TRAIN]
time: 34.53 seconds | lr: 0.000078
loss:2.123933 = (1-reg):0.50 * r2l_loss:2.127718 + (reg):0.50 * l2r_loss:2.120149
{'testlen': 531, 'reflen': 530, 'guess': [531, 431, 331, 235], 'correct': [491, 357, 226, 124]}
ratio: 1.0018867924509398
{'testlen': 550, 'reflen': 549, 'guess': [550, 450, 350, 250], 'correct': [503, 366, 234, 128]}
ratio: 1.0018214936229475
[EPOCH 3 VAL]
time: 24.32 seconds
loss:2.377158 = (1-reg):0.50 * r2l_loss:2.386795 + (reg):0.50 * l2r_loss:2.367522
r2l_scores: {'Bleu_1': 0.924670433143268, 'Bleu_2': 0.8751630204537855, 'Bleu_3': 0.8056618281041401, 'Bleu_4': 0.724774735830609, 'METEOR': 0.4366066616680583, 'ROUGE_L': 0.817068043317733, 'CIDEr': 1.579983317487723}
l2r_scores: {'Bleu_1': 0.9145454545437918, 'Bleu_2': 0.8624559716456821, 'Bleu_3': 0.7922712443658234, 'Bleu_4': 0.7103508595394954, 'METEOR': 0.458068407096761, 'ROUGE_L': 0.8409308109217299, 'CIDEr': 1.5306598001852796}
>> Saving checkpoint to 3.ckpt
>> New best model at epoch 3 | CIDEr: 1.5306598001852796


[EPOCH 4 TRAIN]
time: 34.26 seconds | lr: 0.000100
loss:1.901126 = (1-reg):0.50 * r2l_loss:1.901637 + (reg):0.50 * l2r_loss:1.900614
{'testlen': 576, 'reflen': 575, 'guess': [576, 476, 376, 277], 'correct': [529, 375, 237, 130]}
ratio: 1.0017391304330405
{'testlen': 530, 'reflen': 527, 'guess': [530, 430, 330, 230], 'correct': [490, 360, 235, 128]}
ratio: 1.005692599618585
[EPOCH 4 VAL]
time: 24.39 seconds
loss:2.286394 = (1-reg):0.50 * r2l_loss:2.296325 + (reg):0.50 * l2r_loss:2.276464
r2l_scores: {'Bleu_1': 0.9184027777761834, 'Bleu_2': 0.8506066071559049, 'Bleu_3': 0.7697316332586921, 'Bleu_4': 0.6801745797924966, 'METEOR': 0.4426320122749476, 'ROUGE_L': 0.8295792560736523, 'CIDEr': 1.6141879453368093}
l2r_scores: {'Bleu_1': 0.9245283018850481, 'Bleu_2': 0.8797861641328736, 'Bleu_3': 0.8199160590295359, 'Bleu_4': 0.7442135583810638, 'METEOR': 0.4559703468549689, 'ROUGE_L': 0.8414265015704051, 'CIDEr': 1.5419655115834896}
>> Saving checkpoint to 4.ckpt
>> New best model at epoch 4 | CIDEr: 1.5419655115834896


[EPOCH 5 TRAIN]
time: 34.11 seconds | lr: 0.000100
loss:1.748013 = (1-reg):0.50 * r2l_loss:1.746092 + (reg):0.50 * l2r_loss:1.749935
{'testlen': 564, 'reflen': 563, 'guess': [564, 464, 364, 264], 'correct': [522, 376, 238, 132]}
ratio: 1.0017761989325014
{'testlen': 569, 'reflen': 568, 'guess': [569, 469, 369, 269], 'correct': [520, 384, 249, 142]}
ratio: 1.001760563378518
[EPOCH 5 VAL]
time: 25.36 seconds
loss:2.263172 = (1-reg):0.50 * r2l_loss:2.281407 + (reg):0.50 * l2r_loss:2.244937
r2l_scores: {'Bleu_1': 0.9255319148919761, 'Bleu_2': 0.8660254037827377, 'Bleu_3': 0.7885797348680861, 'Bleu_4': 0.703682434644743, 'METEOR': 0.4497866033533307, 'ROUGE_L': 0.833453719741462, 'CIDEr': 1.647941801298692}
l2r_scores: {'Bleu_1': 0.9138840070282709, 'Bleu_2': 0.8650171728801853, 'Bleu_3': 0.7962952894121994, 'Bleu_4': 0.7185212653740911, 'METEOR': 0.4599030512697543, 'ROUGE_L': 0.8409147466656745, 'CIDEr': 1.615435555146517}
>> Saving checkpoint to 5.ckpt
>> New best model at epoch 5 | CIDEr: 1.615435555146517


[EPOCH 6 TRAIN]
time: 33.63 seconds | lr: 0.000100
loss:1.645970 = (1-reg):0.50 * r2l_loss:1.642833 + (reg):0.50 * l2r_loss:1.649106
{'testlen': 549, 'reflen': 547, 'guess': [549, 449, 349, 249], 'correct': [505, 363, 219, 114]}
ratio: 1.003656307127964
{'testlen': 562, 'reflen': 561, 'guess': [562, 462, 362, 262], 'correct': [516, 380, 248, 139]}
ratio: 1.0017825311925102
[EPOCH 6 VAL]
time: 25.30 seconds
loss:2.263430 = (1-reg):0.50 * r2l_loss:2.276798 + (reg):0.50 * l2r_loss:2.250063
r2l_scores: {'Bleu_1': 0.9198542805083427, 'Bleu_2': 0.8623620948772245, 'Bleu_3': 0.7756503661872893, 'Bleu_4': 0.679869999329963, 'METEOR': 0.4428802330697363, 'ROUGE_L': 0.8278820503450822, 'CIDEr': 1.5475525710090738}
l2r_scores: {'Bleu_1': 0.9181494661905372, 'Bleu_2': 0.8690154616706292, 'Bleu_3': 0.8027852280108463, 'Bleu_4': 0.7238155460039356, 'METEOR': 0.4651185156848548, 'ROUGE_L': 0.8472826775318546, 'CIDEr': 1.5758400078154384}


[EPOCH 7 TRAIN]
time: 36.40 seconds | lr: 0.000100
loss:1.568512 = (1-reg):0.50 * r2l_loss:1.564810 + (reg):0.50 * l2r_loss:1.572215
{'testlen': 555, 'reflen': 553, 'guess': [555, 455, 355, 255], 'correct': [506, 357, 221, 122]}
ratio: 1.003616636526214
{'testlen': 561, 'reflen': 559, 'guess': [561, 461, 361, 261], 'correct': [516, 377, 244, 131]}
ratio: 1.0035778175295107
[EPOCH 7 VAL]
time: 24.72 seconds
loss:2.248960 = (1-reg):0.50 * r2l_loss:2.251430 + (reg):0.50 * l2r_loss:2.246491
r2l_scores: {'Bleu_1': 0.911711711710069, 'Bleu_2': 0.8457795429898823, 'Bleu_3': 0.7636471898501178, 'Bleu_4': 0.6793983393783694, 'METEOR': 0.437950502135316, 'ROUGE_L': 0.8090052299698962, 'CIDEr': 1.5075226475502042}
l2r_scores: {'Bleu_1': 0.9197860962550449, 'Bleu_2': 0.8672885894381586, 'Bleu_3': 0.7981232515627339, 'Bleu_4': 0.7107390369510523, 'METEOR': 0.4592670022732265, 'ROUGE_L': 0.8387070823304259, 'CIDEr': 1.606030174674814}


[EPOCH 8 TRAIN]
time: 35.83 seconds | lr: 0.000100
loss:1.508317 = (1-reg):0.50 * r2l_loss:1.503326 + (reg):0.50 * l2r_loss:1.513307
{'testlen': 557, 'reflen': 553, 'guess': [557, 457, 357, 258], 'correct': [511, 359, 223, 122]}
ratio: 1.0072332730542364
{'testlen': 566, 'reflen': 566, 'guess': [566, 466, 366, 266], 'correct': [525, 383, 247, 138]}
ratio: 0.9999999999982332
[EPOCH 8 VAL]
time: 24.42 seconds
loss:2.225711 = (1-reg):0.50 * r2l_loss:2.224035 + (reg):0.50 * l2r_loss:2.227387
r2l_scores: {'Bleu_1': 0.9174147217218718, 'Bleu_2': 0.8489301867173654, 'Bleu_3': 0.7664083013118328, 'Bleu_4': 0.6792508354872979, 'METEOR': 0.45065797869968893, 'ROUGE_L': 0.8164556073537311, 'CIDEr': 1.5985193590802154}
l2r_scores: {'Bleu_1': 0.9275618374525528, 'Bleu_2': 0.8731278976350612, 'Bleu_3': 0.8012914937788769, 'Bleu_4': 0.7187738389089122, 'METEOR': 0.4631122900752968, 'ROUGE_L': 0.8477145706629683, 'CIDEr': 1.6648711302845172}
>> Saving checkpoint to 8.ckpt
>> New best model at epoch 8 | CIDEr: 1.6648711302845172


[EPOCH 9 TRAIN]
time: 36.46 seconds | lr: 0.000100
loss:1.455824 = (1-reg):0.50 * r2l_loss:1.450836 + (reg):0.50 * l2r_loss:1.460812
{'testlen': 559, 'reflen': 558, 'guess': [559, 459, 359, 260], 'correct': [509, 359, 221, 116]}
ratio: 1.0017921146935451
{'testlen': 570, 'reflen': 569, 'guess': [570, 470, 370, 270], 'correct': [523, 378, 242, 130]}
ratio: 1.0017574692425277
[EPOCH 9 VAL]
time: 24.25 seconds
loss:2.240032 = (1-reg):0.50 * r2l_loss:2.256610 + (reg):0.50 * l2r_loss:2.223453
r2l_scores: {'Bleu_1': 0.9105545617157236, 'Bleu_2': 0.8439055999092795, 'Bleu_3': 0.7596762005582418, 'Bleu_4': 0.6650320119150411, 'METEOR': 0.43932505971190533, 'ROUGE_L': 0.8122174698361374, 'CIDEr': 1.5582634205206014}
l2r_scores: {'Bleu_1': 0.9175438596475131, 'Bleu_2': 0.8590340678182602, 'Bleu_3': 0.7844130417110653, 'Bleu_4': 0.6943101293916896, 'METEOR': 0.4519470284404803, 'ROUGE_L': 0.8319735017736902, 'CIDEr': 1.606477444249872}


[EPOCH 10 TRAIN]
time: 36.33 seconds | lr: 0.000100
loss:1.410878 = (1-reg):0.50 * r2l_loss:1.405758 + (reg):0.50 * l2r_loss:1.415998
{'testlen': 548, 'reflen': 544, 'guess': [548, 448, 348, 248], 'correct': [513, 364, 222, 117]}
ratio: 1.007352941174619
{'testlen': 558, 'reflen': 556, 'guess': [558, 458, 358, 258], 'correct': [521, 380, 252, 140]}
ratio: 1.0035971223003533
[EPOCH 10 VAL]
time: 24.69 seconds
loss:2.241866 = (1-reg):0.50 * r2l_loss:2.246725 + (reg):0.50 * l2r_loss:2.237008
r2l_scores: {'Bleu_1': 0.9361313868596056, 'Bleu_2': 0.8721277153156709, 'Bleu_3': 0.7857986932441632, 'Bleu_4': 0.6916987994980244, 'METEOR': 0.44346268505694225, 'ROUGE_L': 0.8134011329544211, 'CIDEr': 1.5472904555954492}
l2r_scores: {'Bleu_1': 0.9336917562707282, 'Bleu_2': 0.8801583662856253, 'Bleu_3': 0.8169830614367778, 'Bleu_4': 0.737542195396053, 'METEOR': 0.4683954443181723, 'ROUGE_L': 0.8458080848562163, 'CIDEr': 1.640307142103396}


[EPOCH 11 TRAIN]
time: 34.09 seconds | lr: 0.000100
loss:1.370812 = (1-reg):0.50 * r2l_loss:1.364945 + (reg):0.50 * l2r_loss:1.376679
{'testlen': 547, 'reflen': 543, 'guess': [547, 447, 347, 247], 'correct': [497, 351, 218, 118]}
ratio: 1.0073664825027489
{'testlen': 568, 'reflen': 567, 'guess': [568, 468, 368, 268], 'correct': [531, 389, 257, 140]}
ratio: 1.0017636684285682
[EPOCH 11 VAL]
time: 25.07 seconds
loss:2.232258 = (1-reg):0.50 * r2l_loss:2.235363 + (reg):0.50 * l2r_loss:2.229153
r2l_scores: {'Bleu_1': 0.9085923217533663, 'Bleu_2': 0.8446646673688812, 'Bleu_3': 0.7653003139927086, 'Bleu_4': 0.6802525557841492, 'METEOR': 0.4375034461349435, 'ROUGE_L': 0.8009709003713817, 'CIDEr': 1.5068820447270495}
l2r_scores: {'Bleu_1': 0.9348591549279316, 'Bleu_2': 0.8815053791524822, 'Bleu_3': 0.8156648476134811, 'Bleu_4': 0.7296794577525401, 'METEOR': 0.4724069759173302, 'ROUGE_L': 0.8513520560638184, 'CIDEr': 1.6494541656481458}


[EPOCH 12 TRAIN]
time: 35.44 seconds | lr: 0.000100
loss:1.335010 = (1-reg):0.50 * r2l_loss:1.329575 + (reg):0.50 * l2r_loss:1.340444
{'testlen': 564, 'reflen': 561, 'guess': [564, 464, 364, 264], 'correct': [514, 361, 226, 124]}
ratio: 1.0053475935810956
{'testlen': 569, 'reflen': 566, 'guess': [569, 469, 369, 269], 'correct': [530, 390, 254, 141]}
ratio: 1.0053003533551144
[EPOCH 12 VAL]
time: 24.45 seconds
loss:2.236238 = (1-reg):0.50 * r2l_loss:2.247310 + (reg):0.50 * l2r_loss:2.225165
r2l_scores: {'Bleu_1': 0.9113475177288806, 'Bleu_2': 0.8420475530988601, 'Bleu_3': 0.760723379872635, 'Bleu_4': 0.6743331539737624, 'METEOR': 0.44009688142334835, 'ROUGE_L': 0.810907341792011, 'CIDEr': 1.581688301067886}
l2r_scores: {'Bleu_1': 0.9314586994711223, 'Bleu_2': 0.8800912106163689, 'Bleu_3': 0.8108756131340141, 'Bleu_4': 0.7270803166052785, 'METEOR': 0.4648831165290403, 'ROUGE_L': 0.846050056400943, 'CIDEr': 1.5710297777348938}


[EPOCH 13 TRAIN]
time: 36.21 seconds | lr: 0.000050
loss:1.265038 = (1-reg):0.50 * r2l_loss:1.260914 + (reg):0.50 * l2r_loss:1.269161
{'testlen': 556, 'reflen': 555, 'guess': [556, 456, 356, 256], 'correct': [504, 362, 231, 124]}
ratio: 1.0018018017999968
{'testlen': 575, 'reflen': 573, 'guess': [575, 475, 375, 275], 'correct': [525, 372, 241, 125]}
ratio: 1.0034904013944093
[EPOCH 13 VAL]
time: 24.26 seconds
loss:2.254165 = (1-reg):0.50 * r2l_loss:2.246566 + (reg):0.50 * l2r_loss:2.261764
r2l_scores: {'Bleu_1': 0.9064748201422546, 'Bleu_2': 0.848300526143425, 'Bleu_3': 0.7758072221430283, 'Bleu_4': 0.6896215012783083, 'METEOR': 0.4418005369926164, 'ROUGE_L': 0.8012842587781661, 'CIDEr': 1.498277632703216}
l2r_scores: {'Bleu_1': 0.9130434782592817, 'Bleu_2': 0.8456105535264076, 'Bleu_3': 0.7716887837055482, 'Bleu_4': 0.676045569163905, 'METEOR': 0.45423835347490465, 'ROUGE_L': 0.8277871350665781, 'CIDEr': 1.5810930994417474}


[EPOCH 14 TRAIN]
time: 35.08 seconds | lr: 0.000050
loss:1.241767 = (1-reg):0.50 * r2l_loss:1.238288 + (reg):0.50 * l2r_loss:1.245245
{'testlen': 557, 'reflen': 557, 'guess': [557, 457, 357, 257], 'correct': [511, 366, 231, 124]}
ratio: 0.9999999999982047
{'testlen': 565, 'reflen': 563, 'guess': [565, 465, 365, 265], 'correct': [517, 375, 244, 135]}
ratio: 1.0035523978667789
[EPOCH 14 VAL]
time: 24.00 seconds
loss:2.255334 = (1-reg):0.50 * r2l_loss:2.263174 + (reg):0.50 * l2r_loss:2.247494
r2l_scores: {'Bleu_1': 0.9174147217202246, 'Bleu_2': 0.8571667085163555, 'Bleu_3': 0.7804734214599659, 'Bleu_4': 0.6920551884524534, 'METEOR': 0.4380706590355901, 'ROUGE_L': 0.8112348957526546, 'CIDEr': 1.4871640430648718}
l2r_scores: {'Bleu_1': 0.9150442477859911, 'Bleu_2': 0.8590337068492974, 'Bleu_3': 0.7901431704549504, 'Bleu_4': 0.7080294408541661, 'METEOR': 0.460662592776475, 'ROUGE_L': 0.8402962064839542, 'CIDEr': 1.5811286437287126}


[EPOCH 15 TRAIN]
time: 38.63 seconds | lr: 0.000050
loss:1.224124 = (1-reg):0.50 * r2l_loss:1.220703 + (reg):0.50 * l2r_loss:1.227545
{'testlen': 571, 'reflen': 572, 'guess': [571, 471, 371, 271], 'correct': [518, 363, 228, 122]}
ratio: 0.9982517482500031
{'testlen': 571, 'reflen': 571, 'guess': [571, 471, 371, 271], 'correct': [533, 389, 254, 139]}
ratio: 0.9999999999982487
[EPOCH 15 VAL]
time: 24.53 seconds
loss:2.262290 = (1-reg):0.50 * r2l_loss:2.265116 + (reg):0.50 * l2r_loss:2.259464
r2l_scores: {'Bleu_1': 0.9055930184378084, 'Bleu_2': 0.8346974734191733, 'Bleu_3': 0.7532737783804889, 'Bleu_4': 0.6620215486617619, 'METEOR': 0.43586008246124563, 'ROUGE_L': 0.8014814685377353, 'CIDEr': 1.4644170514716537}
l2r_scores: {'Bleu_1': 0.9334500875624048, 'Bleu_2': 0.8780310970272379, 'Bleu_3': 0.8081522765321509, 'Bleu_4': 0.7213254873417624, 'METEOR': 0.4587516923716366, 'ROUGE_L': 0.8480193326533457, 'CIDEr': 1.6249790512380877}


[EPOCH 16 TRAIN]
time: 37.67 seconds | lr: 0.000050
loss:1.206862 = (1-reg):0.50 * r2l_loss:1.203415 + (reg):0.50 * l2r_loss:1.210308
{'testlen': 559, 'reflen': 559, 'guess': [559, 459, 359, 259], 'correct': [510, 361, 228, 122]}
ratio: 0.9999999999982111
{'testlen': 559, 'reflen': 556, 'guess': [559, 459, 359, 259], 'correct': [517, 375, 243, 133]}
ratio: 1.0053956834514293
[EPOCH 16 VAL]
time: 25.06 seconds
loss:2.271601 = (1-reg):0.50 * r2l_loss:2.282419 + (reg):0.50 * l2r_loss:2.260782
r2l_scores: {'Bleu_1': 0.9123434704797411, 'Bleu_2': 0.8470839289362344, 'Bleu_3': 0.7695398145493929, 'Bleu_4': 0.680672707613588, 'METEOR': 0.4470495520653379, 'ROUGE_L': 0.812260840605948, 'CIDEr': 1.570456118332305}
l2r_scores: {'Bleu_1': 0.9248658318409215, 'Bleu_2': 0.8692579247482698, 'Bleu_3': 0.7997170969801444, 'Bleu_4': 0.715880041871605, 'METEOR': 0.45168409398445303, 'ROUGE_L': 0.8340791424926699, 'CIDEr': 1.596565510273863}


[EPOCH 17 TRAIN]
time: 35.63 seconds | lr: 0.000025
loss:1.169841 = (1-reg):0.50 * r2l_loss:1.167266 + (reg):0.50 * l2r_loss:1.172415
{'testlen': 555, 'reflen': 556, 'guess': [555, 455, 355, 256], 'correct': [500, 340, 205, 109]}
ratio: 0.9982014388471255
{'testlen': 564, 'reflen': 561, 'guess': [564, 464, 364, 264], 'correct': [525, 381, 249, 133]}
ratio: 1.0053475935810956
[EPOCH 17 VAL]
time: 24.57 seconds
loss:2.287734 = (1-reg):0.50 * r2l_loss:2.296990 + (reg):0.50 * l2r_loss:2.278478
r2l_scores: {'Bleu_1': 0.8992791175360222, 'Bleu_2': 0.8190110442820712, 'Bleu_3': 0.7285189236697472, 'Bleu_4': 0.6366952838785481, 'METEOR': 0.42924083506326144, 'ROUGE_L': 0.7858572375733814, 'CIDEr': 1.4127223629314782}
l2r_scores: {'Bleu_1': 0.9308510638281368, 'Bleu_2': 0.8742660164361664, 'Bleu_3': 0.8056165621109113, 'Bleu_4': 0.7164043562749516, 'METEOR': 0.4597308833005112, 'ROUGE_L': 0.8452212305726752, 'CIDEr': 1.5853235747826218}


[EPOCH 18 TRAIN]
time: 35.87 seconds | lr: 0.000025
loss:1.158622 = (1-reg):0.50 * r2l_loss:1.157568 + (reg):0.50 * l2r_loss:1.159676
{'testlen': 563, 'reflen': 565, 'guess': [563, 463, 363, 264], 'correct': [515, 363, 231, 125]}
ratio: 0.9964601769893868
{'testlen': 569, 'reflen': 566, 'guess': [569, 469, 369, 269], 'correct': [526, 373, 240, 128]}
ratio: 1.0053003533551144
[EPOCH 18 VAL]
time: 24.43 seconds
loss:2.273928 = (1-reg):0.50 * r2l_loss:2.281598 + (reg):0.50 * l2r_loss:2.266258
r2l_scores: {'Bleu_1': 0.9114986869991887, 'Bleu_2': 0.8438581463804519, 'Bleu_3': 0.7671856794712075, 'Bleu_4': 0.6793853700677069, 'METEOR': 0.44487029363162095, 'ROUGE_L': 0.8081040525922368, 'CIDEr': 1.5034970766264335}
l2r_scores: {'Bleu_1': 0.9244288224939817, 'Bleu_2': 0.8574419619433854, 'Bleu_3': 0.7819844447186954, 'Bleu_4': 0.6906579385083808, 'METEOR': 0.4549801544793187, 'ROUGE_L': 0.8385362019962918, 'CIDEr': 1.5694799590125599}


[EPOCH 19 TRAIN]
time: 35.36 seconds | lr: 0.000025
loss:1.149036 = (1-reg):0.50 * r2l_loss:1.147686 + (reg):0.50 * l2r_loss:1.150387
{'testlen': 579, 'reflen': 579, 'guess': [579, 479, 379, 279], 'correct': [521, 362, 223, 119]}
ratio: 0.9999999999982729
{'testlen': 591, 'reflen': 590, 'guess': [591, 491, 391, 291], 'correct': [537, 389, 254, 140]}
ratio: 1.0016949152525396
[EPOCH 19 VAL]
time: 25.02 seconds
loss:2.297252 = (1-reg):0.50 * r2l_loss:2.306932 + (reg):0.50 * l2r_loss:2.287572
r2l_scores: {'Bleu_1': 0.8998272884252165, 'Bleu_2': 0.8246432497577068, 'Bleu_3': 0.7368842768314486, 'Bleu_4': 0.6427397462252691, 'METEOR': 0.43686708891230747, 'ROUGE_L': 0.7982566148351385, 'CIDEr': 1.4893536908613156}
l2r_scores: {'Bleu_1': 0.9086294416228281, 'Bleu_2': 0.8484523502307828, 'Bleu_3': 0.7761946132154193, 'Bleu_4': 0.688710540825949, 'METEOR': 0.456651344867345, 'ROUGE_L': 0.8412001962170259, 'CIDEr': 1.5631281636315}


[EPOCH 20 TRAIN]
time: 35.57 seconds | lr: 0.000025
loss:1.141908 = (1-reg):0.50 * r2l_loss:1.140582 + (reg):0.50 * l2r_loss:1.143234
{'testlen': 569, 'reflen': 568, 'guess': [569, 469, 369, 269], 'correct': [513, 357, 225, 124]}
ratio: 1.001760563378518
{'testlen': 559, 'reflen': 556, 'guess': [559, 459, 359, 259], 'correct': [516, 372, 249, 137]}
ratio: 1.0053956834514293
[EPOCH 20 VAL]
time: 24.17 seconds
loss:2.283130 = (1-reg):0.50 * r2l_loss:2.286955 + (reg):0.50 * l2r_loss:2.279305
r2l_scores: {'Bleu_1': 0.9015817223182749, 'Bleu_2': 0.8284193530149817, 'Bleu_3': 0.7479723458436898, 'Bleu_4': 0.6627221822799544, 'METEOR': 0.44146192105814225, 'ROUGE_L': 0.8021097530677754, 'CIDEr': 1.5088165271671956}
l2r_scores: {'Bleu_1': 0.9230769230752718, 'Bleu_2': 0.864936200227857, 'Bleu_3': 0.8035711734116198, 'Bleu_4': 0.7238081391846242, 'METEOR': 0.4556018729722506, 'ROUGE_L': 0.8424049491792246, 'CIDEr': 1.572589315209076}



[BEST: 8 | SEED: 904666 | VAL-CIDEr: 1.6648711302845172]
{'testlen': 3802, 'reflen': 3813, 'guess': [3802, 3132, 2462, 1801], 'correct': [3388, 2321, 1437, 766]}
ratio: 0.9971151324413855
{'testlen': 3848, 'reflen': 3841, 'guess': [3848, 3178, 2508, 1838], 'correct': [3482, 2448, 1576, 873]}
ratio: 1.0018224420721162
time: 74.13 seconds
r2l_scores: {'Bleu_1': 0.8885354962952579, 'Bleu_2': 0.8102813279542258, 'Bleu_3': 0.7256512677416337, 'Bleu_4': 0.634469290420265, 'METEOR': 0.4343043617124929, 'ROUGE_L': 0.7984411456419397, 'CIDEr': 1.2919122682451682}
l2r_scores: {'Bleu_1': 0.9048856548854197, 'Bleu_2': 0.8348829885188648, 'Bleu_3': 0.75943970937956, 'Bleu_4': 0.6753628389589462, 'METEOR': 0.45275843908527713, 'ROUGE_L': 0.8294118254023912, 'CIDEr': 1.3867630872383334}
----------------------------------------
>> [Train time] Total: 715.70 seconds => Per epoch: 35.78 seconds
>> [Val time] Total: 491.06 seconds => Per epoch: 24.55 seconds
