Found 1 CUDA device(s)

Device 0: NVIDIA A100-SXM4-40GB
  Total memory bytes: 42296475648
  MultiProcessor count: 108
  Major.Minor: 8.0
  Max threads per block: 2048
  Memory reserved bytes: 0
  Memory allocated bytes: 0
  Free inside reserved bytes: 0
  Active allocations: 0
========================================
MODEL ID: MSVD = FEAT newBlip2ClsKF+newMViTv2+newImgCapBlip2KF fsl-10 mcl-20 = Transformer d-512 N_enc-0 N_dec-3 h-64 h_big-64 dp-0.1 = OPTIM lr-0.0001 warmup-3 gamma-0.5 pat-3 wd-5e-06 rg-0.5 = bs-64-gc-5.0-ls-0.15 = 1764629030
Enter the load_video_feats method.
Enter the load_video_feats method.
Enter the load_video_feats method.
#vocabs: 4116 (9614), #words: 339057 (345799). Trim words which appear less than 3 times.
{'Total': 40142376, 'Trainable': 40142376}


[EPOCH 1 TRAIN]
time: 74.71 seconds | lr: 0.000033
loss:3.421320 = (1-reg):0.50 * r2l_loss:3.410434 + (reg):0.50 * l2r_loss:3.432206
{'testlen': 538, 'reflen': 535, 'guess': [538, 438, 338, 241], 'correct': [431, 282, 166, 74]}
ratio: 1.0056074766336345
{'testlen': 507, 'reflen': 507, 'guess': [507, 407, 307, 207], 'correct': [428, 283, 174, 79]}
ratio: 0.9999999999980277
[EPOCH 1 VAL]
time: 28.18 seconds
loss:3.000864 = (1-reg):0.50 * r2l_loss:2.938958 + (reg):0.50 * l2r_loss:3.062770
r2l_scores: {'Bleu_1': 0.8011152416341987, 'Bleu_2': 0.7181827938864446, 'Bleu_3': 0.6327329628114708, 'Bleu_4': 0.5281034617274971, 'METEOR': 0.3685924034197473, 'ROUGE_L': 0.7460822724029785, 'CIDEr': 1.1437763112826922}
l2r_scores: {'Bleu_1': 0.8441814595627448, 'Bleu_2': 0.7661501977045679, 'Bleu_3': 0.692914372477501, 'Bleu_4': 0.5969306292513924, 'METEOR': 0.3789116926369154, 'ROUGE_L': 0.7598638228195242, 'CIDEr': 0.9612817114038194}
>> Saving checkpoint to 1.ckpt
>> New best model at epoch 1 | CIDEr: 0.9612817114038194


[EPOCH 2 TRAIN]
time: 70.19 seconds | lr: 0.000056
loss:2.562319 = (1-reg):0.50 * r2l_loss:2.539030 + (reg):0.50 * l2r_loss:2.585608
{'testlen': 553, 'reflen': 549, 'guess': [553, 453, 353, 253], 'correct': [485, 339, 211, 110]}
ratio: 1.0072859744972544
{'testlen': 535, 'reflen': 533, 'guess': [535, 435, 335, 235], 'correct': [478, 334, 199, 101]}
ratio: 1.0037523452138766
[EPOCH 2 VAL]
time: 29.94 seconds
loss:2.721954 = (1-reg):0.50 * r2l_loss:2.669847 + (reg):0.50 * l2r_loss:2.774062
r2l_scores: {'Bleu_1': 0.8770343580454303, 'Bleu_2': 0.8101380900151997, 'Bleu_3': 0.7320520331195352, 'Bleu_4': 0.6426499888521777, 'METEOR': 0.4274610720585399, 'ROUGE_L': 0.8031225862317415, 'CIDEr': 1.3929296693405036}
l2r_scores: {'Bleu_1': 0.8934579439235637, 'Bleu_2': 0.8282580436235378, 'Bleu_3': 0.7413896711768518, 'Bleu_4': 0.6469165716550599, 'METEOR': 0.42067072446922316, 'ROUGE_L': 0.8025002053071799, 'CIDEr': 1.313900317564845}
>> Saving checkpoint to 2.ckpt
>> New best model at epoch 2 | CIDEr: 1.313900317564845


[EPOCH 3 TRAIN]
time: 68.80 seconds | lr: 0.000078
loss:2.188205 = (1-reg):0.50 * r2l_loss:2.164782 + (reg):0.50 * l2r_loss:2.211629
{'testlen': 550, 'reflen': 548, 'guess': [550, 450, 350, 251], 'correct': [500, 358, 223, 118]}
ratio: 1.0036496350346649
{'testlen': 592, 'reflen': 591, 'guess': [592, 492, 392, 292], 'correct': [525, 367, 226, 122]}
ratio: 1.0016920473756317
[EPOCH 3 VAL]
time: 30.21 seconds
loss:2.544553 = (1-reg):0.50 * r2l_loss:2.511909 + (reg):0.50 * l2r_loss:2.577196
r2l_scores: {'Bleu_1': 0.9090909090892562, 'Bleu_2': 0.8504306692666963, 'Bleu_3': 0.7723927976829579, 'Bleu_4': 0.6822298745540196, 'METEOR': 0.44089116023192804, 'ROUGE_L': 0.8235409643546742, 'CIDEr': 1.5526870960912962}
l2r_scores: {'Bleu_1': 0.8868243243228263, 'Bleu_2': 0.813334658251223, 'Bleu_3': 0.7251930668914354, 'Bleu_4': 0.6318070641421557, 'METEOR': 0.4234895831969046, 'ROUGE_L': 0.8042963216162672, 'CIDEr': 1.4099257308242712}
>> Saving checkpoint to 3.ckpt
>> New best model at epoch 3 | CIDEr: 1.4099257308242712


[EPOCH 4 TRAIN]
time: 70.09 seconds | lr: 0.000100
loss:1.954875 = (1-reg):0.50 * r2l_loss:1.933843 + (reg):0.50 * l2r_loss:1.975907
{'testlen': 560, 'reflen': 556, 'guess': [560, 460, 360, 260], 'correct': [508, 358, 221, 110]}
ratio: 1.007194244602505
{'testlen': 562, 'reflen': 558, 'guess': [562, 462, 362, 262], 'correct': [514, 380, 248, 142]}
ratio: 1.007168458779557
[EPOCH 4 VAL]
time: 29.22 seconds
loss:2.435054 = (1-reg):0.50 * r2l_loss:2.421517 + (reg):0.50 * l2r_loss:2.448591
r2l_scores: {'Bleu_1': 0.9071428571412372, 'Bleu_2': 0.8402343654106753, 'Bleu_3': 0.7567693791194422, 'Bleu_4': 0.6543762032380603, 'METEOR': 0.441229441341513, 'ROUGE_L': 0.823520170292881, 'CIDEr': 1.550972645070134}
l2r_scores: {'Bleu_1': 0.9145907473293334, 'Bleu_2': 0.867329688091564, 'Bleu_3': 0.8017466948617328, 'Bleu_4': 0.7269836556176937, 'METEOR': 0.46899520640798364, 'ROUGE_L': 0.8414218265004226, 'CIDEr': 1.6514029293946095}
>> Saving checkpoint to 4.ckpt
>> New best model at epoch 4 | CIDEr: 1.6514029293946095


[EPOCH 5 TRAIN]
time: 68.91 seconds | lr: 0.000100
loss:1.793871 = (1-reg):0.50 * r2l_loss:1.774359 + (reg):0.50 * l2r_loss:1.813383
{'testlen': 548, 'reflen': 545, 'guess': [548, 448, 348, 248], 'correct': [499, 357, 222, 117]}
ratio: 1.0055045871541184
{'testlen': 561, 'reflen': 557, 'guess': [561, 461, 361, 261], 'correct': [508, 368, 240, 133]}
ratio: 1.0071813285439728
[EPOCH 5 VAL]
time: 28.87 seconds
loss:2.400391 = (1-reg):0.50 * r2l_loss:2.382658 + (reg):0.50 * l2r_loss:2.418124
r2l_scores: {'Bleu_1': 0.9105839416041778, 'Bleu_2': 0.8518342435381484, 'Bleu_3': 0.7735611313898673, 'Bleu_4': 0.6836038896695299, 'METEOR': 0.44589116580480814, 'ROUGE_L': 0.820231150630343, 'CIDEr': 1.548552620716892}
l2r_scores: {'Bleu_1': 0.9055258467007031, 'Bleu_2': 0.8502054257127261, 'Bleu_3': 0.7832804036606896, 'Bleu_4': 0.7034621409063488, 'METEOR': 0.45402976940042455, 'ROUGE_L': 0.8358095512042893, 'CIDEr': 1.6272730123052623}


[EPOCH 6 TRAIN]
time: 68.78 seconds | lr: 0.000100
loss:1.689161 = (1-reg):0.50 * r2l_loss:1.668779 + (reg):0.50 * l2r_loss:1.709543
{'testlen': 556, 'reflen': 552, 'guess': [556, 456, 356, 256], 'correct': [503, 358, 220, 117]}
ratio: 1.0072463768097695
{'testlen': 560, 'reflen': 557, 'guess': [560, 460, 360, 260], 'correct': [511, 366, 233, 126]}
ratio: 1.0053859964075307
[EPOCH 6 VAL]
time: 30.12 seconds
loss:2.361787 = (1-reg):0.50 * r2l_loss:2.361460 + (reg):0.50 * l2r_loss:2.362114
r2l_scores: {'Bleu_1': 0.9046762589911787, 'Bleu_2': 0.8427634430094223, 'Bleu_3': 0.7599669167381065, 'Bleu_4': 0.6692409225001229, 'METEOR': 0.44617114497578425, 'ROUGE_L': 0.8281777614447741, 'CIDEr': 1.5572575665133792}
l2r_scores: {'Bleu_1': 0.9124999999983705, 'Bleu_2': 0.852075471242294, 'Bleu_3': 0.7774453118705134, 'Bleu_4': 0.6907989774910486, 'METEOR': 0.45745526839708606, 'ROUGE_L': 0.8408399453216334, 'CIDEr': 1.6117728829756326}


[EPOCH 7 TRAIN]
time: 68.94 seconds | lr: 0.000100
loss:1.609597 = (1-reg):0.50 * r2l_loss:1.588361 + (reg):0.50 * l2r_loss:1.630834
{'testlen': 573, 'reflen': 571, 'guess': [573, 473, 373, 273], 'correct': [527, 370, 227, 121]}
ratio: 1.0035026269684701
{'testlen': 578, 'reflen': 576, 'guess': [578, 478, 378, 278], 'correct': [535, 390, 254, 141]}
ratio: 1.0034722222204802
[EPOCH 7 VAL]
time: 30.26 seconds
loss:2.346777 = (1-reg):0.50 * r2l_loss:2.345056 + (reg):0.50 * l2r_loss:2.348498
r2l_scores: {'Bleu_1': 0.9197207678867021, 'Bleu_2': 0.8482000393787013, 'Bleu_3': 0.7593427789250373, 'Bleu_4': 0.6637187419136811, 'METEOR': 0.4408729065031986, 'ROUGE_L': 0.8165191942306872, 'CIDEr': 1.5220114617204046}
l2r_scores: {'Bleu_1': 0.9256055363305785, 'Bleu_2': 0.8690231123554125, 'Bleu_3': 0.797630079991222, 'Bleu_4': 0.7122701133957763, 'METEOR': 0.461212638505791, 'ROUGE_L': 0.8479750374383462, 'CIDEr': 1.736826757071106}
>> Saving checkpoint to 7.ckpt
>> New best model at epoch 7 | CIDEr: 1.736826757071106


[EPOCH 8 TRAIN]
time: 69.97 seconds | lr: 0.000100
loss:1.546100 = (1-reg):0.50 * r2l_loss:1.524560 + (reg):0.50 * l2r_loss:1.567640
{'testlen': 562, 'reflen': 557, 'guess': [562, 462, 362, 262], 'correct': [515, 366, 231, 122]}
ratio: 1.0089766606804147
{'testlen': 594, 'reflen': 592, 'guess': [594, 494, 394, 294], 'correct': [543, 383, 250, 140]}
ratio: 1.0033783783766834
[EPOCH 8 VAL]
time: 30.30 seconds
loss:2.331623 = (1-reg):0.50 * r2l_loss:2.316847 + (reg):0.50 * l2r_loss:2.346400
r2l_scores: {'Bleu_1': 0.9163701067599354, 'Bleu_2': 0.8520302454255576, 'Bleu_3': 0.773756797869545, 'Bleu_4': 0.6815033468767872, 'METEOR': 0.4417505422732153, 'ROUGE_L': 0.8203732927037946, 'CIDEr': 1.486407145490609}
l2r_scores: {'Bleu_1': 0.9141414141398752, 'Bleu_2': 0.841865291635697, 'Bleu_3': 0.7661426958150633, 'Bleu_4': 0.680263901333846, 'METEOR': 0.45526185078343007, 'ROUGE_L': 0.8286261105495997, 'CIDEr': 1.6025221573080564}


[EPOCH 9 TRAIN]
time: 68.33 seconds | lr: 0.000100
loss:1.493215 = (1-reg):0.50 * r2l_loss:1.470626 + (reg):0.50 * l2r_loss:1.515803
{'testlen': 559, 'reflen': 558, 'guess': [559, 459, 359, 259], 'correct': [501, 345, 212, 108]}
ratio: 1.0017921146935451
{'testlen': 560, 'reflen': 556, 'guess': [560, 460, 360, 260], 'correct': [517, 379, 250, 138]}
ratio: 1.007194244602505
[EPOCH 9 VAL]
time: 29.45 seconds
loss:2.327894 = (1-reg):0.50 * r2l_loss:2.323787 + (reg):0.50 * l2r_loss:2.332001
r2l_scores: {'Bleu_1': 0.8962432915905255, 'Bleu_2': 0.8207599640054861, 'Bleu_3': 0.7354580624706912, 'Bleu_4': 0.6381891741537055, 'METEOR': 0.43893672401390593, 'ROUGE_L': 0.8148251417751191, 'CIDEr': 1.4873236321228425}
l2r_scores: {'Bleu_1': 0.9232142857126371, 'Bleu_2': 0.8721515303675469, 'Bleu_3': 0.8083643161635559, 'Bleu_4': 0.7276655008224276, 'METEOR': 0.46652091313215344, 'ROUGE_L': 0.8480050973768136, 'CIDEr': 1.5658246219491674}


[EPOCH 10 TRAIN]
time: 68.87 seconds | lr: 0.000100
loss:1.448620 = (1-reg):0.50 * r2l_loss:1.425490 + (reg):0.50 * l2r_loss:1.471750
{'testlen': 564, 'reflen': 562, 'guess': [564, 464, 364, 264], 'correct': [515, 368, 225, 116]}
ratio: 1.0035587188594244
{'testlen': 569, 'reflen': 564, 'guess': [569, 469, 369, 269], 'correct': [520, 380, 243, 134]}
ratio: 1.0088652482251617
[EPOCH 10 VAL]
time: 30.50 seconds
loss:2.294666 = (1-reg):0.50 * r2l_loss:2.299967 + (reg):0.50 * l2r_loss:2.289365
r2l_scores: {'Bleu_1': 0.9131205673742675, 'Bleu_2': 0.8509988664355449, 'Bleu_3': 0.7649734562702346, 'Bleu_4': 0.6659602229047675, 'METEOR': 0.44194987132310387, 'ROUGE_L': 0.8179288039142881, 'CIDEr': 1.4798099669004252}
l2r_scores: {'Bleu_1': 0.9138840070282709, 'Bleu_2': 0.8605000810507099, 'Bleu_3': 0.7870951678814492, 'Bleu_4': 0.7020346763548017, 'METEOR': 0.4533516064474775, 'ROUGE_L': 0.8254562780176455, 'CIDEr': 1.6107733077054192}


[EPOCH 11 TRAIN]
time: 69.09 seconds | lr: 0.000100
loss:1.408817 = (1-reg):0.50 * r2l_loss:1.384680 + (reg):0.50 * l2r_loss:1.432954
{'testlen': 560, 'reflen': 555, 'guess': [560, 460, 360, 260], 'correct': [505, 357, 231, 124]}
ratio: 1.009009009007191
{'testlen': 587, 'reflen': 584, 'guess': [587, 487, 387, 287], 'correct': [532, 373, 233, 125]}
ratio: 1.0051369862996486
[EPOCH 11 VAL]
time: 29.80 seconds
loss:2.314508 = (1-reg):0.50 * r2l_loss:2.316952 + (reg):0.50 * l2r_loss:2.312065
r2l_scores: {'Bleu_1': 0.9017857142841039, 'Bleu_2': 0.8365788249961933, 'Bleu_3': 0.7657865569391729, 'Bleu_4': 0.6802881217285633, 'METEOR': 0.4464928872687192, 'ROUGE_L': 0.8116445883619418, 'CIDEr': 1.491879857023965}
l2r_scores: {'Bleu_1': 0.9063032367957303, 'Bleu_2': 0.8331567185761941, 'Bleu_3': 0.7476519193349535, 'Bleu_4': 0.6531781050518257, 'METEOR': 0.4467279695544022, 'ROUGE_L': 0.8243166772317322, 'CIDEr': 1.5169808047978477}


[EPOCH 12 TRAIN]
time: 67.98 seconds | lr: 0.000100
loss:1.371405 = (1-reg):0.50 * r2l_loss:1.346794 + (reg):0.50 * l2r_loss:1.396015
{'testlen': 567, 'reflen': 566, 'guess': [567, 467, 367, 268], 'correct': [515, 366, 236, 136]}
ratio: 1.001766784450527
{'testlen': 569, 'reflen': 566, 'guess': [569, 469, 369, 269], 'correct': [523, 378, 245, 131]}
ratio: 1.0053003533551144
[EPOCH 12 VAL]
time: 29.85 seconds
loss:2.322145 = (1-reg):0.50 * r2l_loss:2.306647 + (reg):0.50 * l2r_loss:2.337644
r2l_scores: {'Bleu_1': 0.908289241620973, 'Bleu_2': 0.8437119250605808, 'Bleu_3': 0.7706871263931473, 'Bleu_4': 0.6942399587938569, 'METEOR': 0.445726718335454, 'ROUGE_L': 0.8097356144096767, 'CIDEr': 1.5183892833275499}
l2r_scores: {'Bleu_1': 0.9191564147611263, 'Bleu_2': 0.8607047303175288, 'Bleu_3': 0.7893737846901434, 'Bleu_4': 0.69958707685558, 'METEOR': 0.44805769549779223, 'ROUGE_L': 0.821633239374394, 'CIDEr': 1.5379187186846748}


[EPOCH 13 TRAIN]
time: 68.78 seconds | lr: 0.000100
loss:1.338778 = (1-reg):0.50 * r2l_loss:1.313545 + (reg):0.50 * l2r_loss:1.364010
{'testlen': 559, 'reflen': 554, 'guess': [559, 459, 359, 259], 'correct': [509, 356, 218, 115]}
ratio: 1.0090252707563014
{'testlen': 561, 'reflen': 557, 'guess': [561, 461, 361, 261], 'correct': [513, 377, 243, 128]}
ratio: 1.0071813285439728
[EPOCH 13 VAL]
time: 30.27 seconds
loss:2.317493 = (1-reg):0.50 * r2l_loss:2.328818 + (reg):0.50 * l2r_loss:2.306168
r2l_scores: {'Bleu_1': 0.9105545617157236, 'Bleu_2': 0.8403721345651436, 'Bleu_3': 0.7541107132735548, 'Bleu_4': 0.6605806561386383, 'METEOR': 0.4411293263238512, 'ROUGE_L': 0.8233140422778173, 'CIDEr': 1.4268000234452065}
l2r_scores: {'Bleu_1': 0.9144385026721668, 'Bleu_2': 0.8647637264695378, 'Bleu_3': 0.7954837885946556, 'Bleu_4': 0.7048810995058329, 'METEOR': 0.4517799640956501, 'ROUGE_L': 0.8309000795146929, 'CIDEr': 1.5669607634046736}


[EPOCH 14 TRAIN]
time: 68.53 seconds | lr: 0.000100
loss:1.307888 = (1-reg):0.50 * r2l_loss:1.282238 + (reg):0.50 * l2r_loss:1.333538
{'testlen': 570, 'reflen': 566, 'guess': [570, 470, 370, 270], 'correct': [523, 372, 233, 120]}
ratio: 1.007067137807408
{'testlen': 563, 'reflen': 558, 'guess': [563, 463, 363, 263], 'correct': [517, 373, 239, 135]}
ratio: 1.0089605734748943
[EPOCH 14 VAL]
time: 29.36 seconds
loss:2.321397 = (1-reg):0.50 * r2l_loss:2.307949 + (reg):0.50 * l2r_loss:2.334846
r2l_scores: {'Bleu_1': 0.9175438596475131, 'Bleu_2': 0.8521890657621533, 'Bleu_3': 0.770445703081109, 'Bleu_4': 0.6714457024527501, 'METEOR': 0.4487516016349833, 'ROUGE_L': 0.8192439343244565, 'CIDEr': 1.503935594386619}
l2r_scores: {'Bleu_1': 0.9182948490214595, 'Bleu_2': 0.8601119755875788, 'Bleu_3': 0.7868049586883421, 'Bleu_4': 0.7071227685147369, 'METEOR': 0.4508704476251055, 'ROUGE_L': 0.8177010465965218, 'CIDEr': 1.5656499429003603}


[EPOCH 15 TRAIN]
time: 68.13 seconds | lr: 0.000050
loss:1.243559 = (1-reg):0.50 * r2l_loss:1.216182 + (reg):0.50 * l2r_loss:1.270937
{'testlen': 553, 'reflen': 547, 'guess': [553, 453, 353, 253], 'correct': [496, 344, 215, 111]}
ratio: 1.0109689213875486
{'testlen': 558, 'reflen': 554, 'guess': [558, 458, 358, 258], 'correct': [516, 370, 242, 128]}
ratio: 1.0072202166046802
[EPOCH 15 VAL]
time: 29.41 seconds
loss:2.313076 = (1-reg):0.50 * r2l_loss:2.309583 + (reg):0.50 * l2r_loss:2.316569
r2l_scores: {'Bleu_1': 0.8969258589495535, 'Bleu_2': 0.8252934396569273, 'Bleu_3': 0.7458076723308551, 'Bleu_4': 0.6531617582851562, 'METEOR': 0.43582309604388036, 'ROUGE_L': 0.806065437940587, 'CIDEr': 1.3793090071318943}
l2r_scores: {'Bleu_1': 0.9247311827940418, 'Bleu_2': 0.8643226108450535, 'Bleu_3': 0.7963329684393795, 'Bleu_4': 0.7074872016577242, 'METEOR': 0.4536513107062649, 'ROUGE_L': 0.8330096545364968, 'CIDEr': 1.5700230380912727}


[EPOCH 16 TRAIN]
time: 70.34 seconds | lr: 0.000050
loss:1.219485 = (1-reg):0.50 * r2l_loss:1.192228 + (reg):0.50 * l2r_loss:1.246742
{'testlen': 553, 'reflen': 550, 'guess': [553, 453, 353, 253], 'correct': [496, 351, 217, 117]}
ratio: 1.0054545454527173
{'testlen': 581, 'reflen': 577, 'guess': [581, 481, 381, 281], 'correct': [535, 389, 252, 134]}
ratio: 1.0069324090103866
[EPOCH 16 VAL]
time: 29.69 seconds
loss:2.338870 = (1-reg):0.50 * r2l_loss:2.344531 + (reg):0.50 * l2r_loss:2.333210
r2l_scores: {'Bleu_1': 0.8969258589495535, 'Bleu_2': 0.8336480330604776, 'Bleu_3': 0.7531534954489806, 'Bleu_4': 0.666697700436412, 'METEOR': 0.43822165330639634, 'ROUGE_L': 0.793701149595319, 'CIDEr': 1.4613975058334552}
l2r_scores: {'Bleu_1': 0.9208261617884324, 'Bleu_2': 0.8629608376683033, 'Bleu_3': 0.7897432328810317, 'Bleu_4': 0.6961679965900595, 'METEOR': 0.45613967235492575, 'ROUGE_L': 0.834192565228085, 'CIDEr': 1.5750088842824927}


[EPOCH 17 TRAIN]
time: 72.02 seconds | lr: 0.000050
loss:1.200470 = (1-reg):0.50 * r2l_loss:1.172575 + (reg):0.50 * l2r_loss:1.228364
{'testlen': 547, 'reflen': 544, 'guess': [547, 447, 347, 249], 'correct': [493, 341, 214, 112]}
ratio: 1.0055147058805045
{'testlen': 566, 'reflen': 563, 'guess': [566, 466, 366, 266], 'correct': [523, 376, 245, 134]}
ratio: 1.0053285968010564
[EPOCH 17 VAL]
time: 29.73 seconds
loss:2.359755 = (1-reg):0.50 * r2l_loss:2.356917 + (reg):0.50 * l2r_loss:2.362594
r2l_scores: {'Bleu_1': 0.901279707493782, 'Bleu_2': 0.8291884124784745, 'Bleu_3': 0.7512715032756058, 'Bleu_4': 0.6608491804305882, 'METEOR': 0.4281117900775573, 'ROUGE_L': 0.7946872454912639, 'CIDEr': 1.4855238531527142}
l2r_scores: {'Bleu_1': 0.9240282685496042, 'Bleu_2': 0.8634627226085452, 'Bleu_3': 0.7932146529909104, 'Bleu_4': 0.708106916883066, 'METEOR': 0.4614010967957835, 'ROUGE_L': 0.8293854691704101, 'CIDEr': 1.5696797991832654}


[EPOCH 18 TRAIN]
time: 70.30 seconds | lr: 0.000050
loss:1.185684 = (1-reg):0.50 * r2l_loss:1.157595 + (reg):0.50 * l2r_loss:1.213773
{'testlen': 547, 'reflen': 541, 'guess': [547, 447, 347, 247], 'correct': [496, 355, 219, 114]}
ratio: 1.0110905730110702
{'testlen': 572, 'reflen': 569, 'guess': [572, 472, 372, 272], 'correct': [525, 379, 243, 133]}
ratio: 1.005272407731098
[EPOCH 18 VAL]
time: 29.64 seconds
loss:2.330974 = (1-reg):0.50 * r2l_loss:2.320751 + (reg):0.50 * l2r_loss:2.341196
r2l_scores: {'Bleu_1': 0.9067641681884703, 'Bleu_2': 0.848608915263854, 'Bleu_3': 0.7688529293468367, 'Bleu_4': 0.6767596069981586, 'METEOR': 0.4445899341219251, 'ROUGE_L': 0.8110002550511077, 'CIDEr': 1.451127510222}
l2r_scores: {'Bleu_1': 0.9178321678305632, 'Bleu_2': 0.8584801208016054, 'Bleu_3': 0.7837446811965274, 'Bleu_4': 0.6965489456001922, 'METEOR': 0.4564683222823656, 'ROUGE_L': 0.8268748552043503, 'CIDEr': 1.5479772169944959}


[EPOCH 19 TRAIN]
time: 69.93 seconds | lr: 0.000025
loss:1.149369 = (1-reg):0.50 * r2l_loss:1.120535 + (reg):0.50 * l2r_loss:1.178202
{'testlen': 549, 'reflen': 545, 'guess': [549, 449, 349, 250], 'correct': [487, 342, 212, 110]}
ratio: 1.007339449539436
{'testlen': 554, 'reflen': 550, 'guess': [554, 454, 354, 254], 'correct': [511, 375, 240, 131]}
ratio: 1.007272727270896
[EPOCH 19 VAL]
time: 30.31 seconds
loss:2.349755 = (1-reg):0.50 * r2l_loss:2.337642 + (reg):0.50 * l2r_loss:2.361869
r2l_scores: {'Bleu_1': 0.8870673952625008, 'Bleu_2': 0.8219931358113245, 'Bleu_3': 0.7431599073746695, 'Bleu_4': 0.6518908316595637, 'METEOR': 0.43603216926938815, 'ROUGE_L': 0.7924688885898392, 'CIDEr': 1.4439263394290947}
l2r_scores: {'Bleu_1': 0.9223826714784795, 'Bleu_2': 0.8728573537067632, 'Bleu_3': 0.8023518222986332, 'Bleu_4': 0.7184276312266523, 'METEOR': 0.45195624333073, 'ROUGE_L': 0.8291112639139097, 'CIDEr': 1.596808594868099}


[EPOCH 20 TRAIN]
time: 68.97 seconds | lr: 0.000025
loss:1.137254 = (1-reg):0.50 * r2l_loss:1.108298 + (reg):0.50 * l2r_loss:1.166211
{'testlen': 552, 'reflen': 547, 'guess': [552, 452, 352, 252], 'correct': [490, 348, 219, 112]}
ratio: 1.0091407678226525
{'testlen': 567, 'reflen': 563, 'guess': [567, 467, 367, 267], 'correct': [524, 379, 242, 127]}
ratio: 1.0071047957353338
[EPOCH 20 VAL]
time: 30.07 seconds
loss:2.342387 = (1-reg):0.50 * r2l_loss:2.347440 + (reg):0.50 * l2r_loss:2.337335
r2l_scores: {'Bleu_1': 0.8876811594186818, 'Bleu_2': 0.826701842804319, 'Bleu_3': 0.7519686833810478, 'Bleu_4': 0.6593320483979976, 'METEOR': 0.43630793142107477, 'ROUGE_L': 0.805050060930902, 'CIDEr': 1.4209261965919249}
l2r_scores: {'Bleu_1': 0.924162257493961, 'Bleu_2': 0.8660346705027259, 'Bleu_3': 0.7908120648424324, 'Bleu_4': 0.6964309763013737, 'METEOR': 0.4537466310428026, 'ROUGE_L': 0.8292178718973393, 'CIDEr': 1.5060320379584677}



[BEST: 7 | SEED: 904666 | VAL-CIDEr: 1.736826757071106]
{'testlen': 3927, 'reflen': 3929, 'guess': [3927, 3257, 2587, 1918], 'correct': [3485, 2381, 1477, 791]}
ratio: 0.9994909646217869
{'testlen': 3723, 'reflen': 3718, 'guess': [3723, 3053, 2383, 1713], 'correct': [3355, 2353, 1477, 802]}
ratio: 1.0013448090368473
time: 105.26 seconds
r2l_scores: {'Bleu_1': 0.8869940310970302, 'Bleu_2': 0.8050457750904392, 'Bleu_3': 0.7177965131982926, 'Bleu_4': 0.6248527456262982, 'METEOR': 0.4343012075905872, 'ROUGE_L': 0.8051109891098106, 'CIDEr': 1.3042248582244098}
l2r_scores: {'Bleu_1': 0.9011549825407196, 'Bleu_2': 0.833388120597934, 'Bleu_3': 0.755063867183905, 'Bleu_4': 0.6700265581350088, 'METEOR': 0.4534778622584959, 'ROUGE_L': 0.826452207711676, 'CIDEr': 1.3511654919356764}
----------------------------------------
>> [Train time] Total: 1391.68 seconds => Per epoch: 69.58 seconds
>> [Val time] Total: 595.18 seconds => Per epoch: 29.76 seconds
