Found 1 CUDA device(s)

Device 0: NVIDIA A100-SXM4-40GB
  Total memory bytes: 42296475648
  MultiProcessor count: 108
  Major.Minor: 8.0
  Max threads per block: 2048
  Memory reserved bytes: 0
  Memory allocated bytes: 0
  Free inside reserved bytes: 0
  Active allocations: 0
========================================
MODEL ID: MSRVTT = FEAT newBlip2ClsKF+newMViTv2+newImgCapBlip2KF fsl-13 mcl-20 = Transformer d-512 N_enc-0 N_dec-3 h-4 h_big-4 dp-0.1 = OPTIM lr-0.0001 warmup-3 gamma-0.5 pat-3 wd-5e-06 rg-0.4 = bs-64-gc-5.0-ls-0.15 = 1764745176
Enter the load_video_feats method.
Enter the load_video_feats method.
Enter the load_video_feats method.
#vocabs: 10444 (23046), #words: 1178850 (1194458). Trim words which appear less than 3 times.
{'Total': 53114776, 'Trainable': 53114776}


[EPOCH 1 TRAIN]
time: 201.67 seconds | lr: 0.000033
loss:3.909724 = (1-reg):0.60 * r2l_loss:3.902604 + (reg):0.40 * l2r_loss:3.920403
{'testlen': 2789, 'reflen': 3102, 'guess': [2789, 2292, 1795, 1310], 'correct': [2394, 1401, 686, 279]}
ratio: 0.8990973565438752
{'testlen': 2901, 'reflen': 3156, 'guess': [2901, 2404, 1907, 1410], 'correct': [2525, 1528, 776, 332]}
ratio: 0.9192015209122563
[EPOCH 1 VAL]
time: 75.87 seconds
loss:3.489691 = (1-reg):0.60 * r2l_loss:3.454136 + (reg):0.40 * l2r_loss:3.543023
r2l_scores: {'Bleu_1': 0.7672488333621645, 'Bleu_2': 0.6474558836931201, 'Bleu_3': 0.5231748724860236, 'Bleu_4': 0.40633434856085654, 'METEOR': 0.2785361188864007, 'ROUGE_L': 0.603230692718855, 'CIDEr': 0.46068275189526114}
l2r_scores: {'Bleu_1': 0.7971478045146662, 'Bleu_2': 0.6812028761239407, 'Bleu_3': 0.5571383558802303, 'Bleu_4': 0.4394488543680653, 'METEOR': 0.28979491225766824, 'ROUGE_L': 0.6208919670465636, 'CIDEr': 0.4499329681928166}
>> Saving checkpoint to 1.ckpt
>> New best model at epoch 1 | CIDEr: 0.4499329681928166


[EPOCH 2 TRAIN]
time: 197.65 seconds | lr: 0.000056
loss:3.232433 = (1-reg):0.60 * r2l_loss:3.218355 + (reg):0.40 * l2r_loss:3.253551
{'testlen': 2918, 'reflen': 3163, 'guess': [2918, 2421, 1924, 1428], 'correct': [2577, 1568, 808, 340]}
ratio: 0.9225418906098886
{'testlen': 2926, 'reflen': 3168, 'guess': [2926, 2429, 1932, 1435], 'correct': [2599, 1632, 872, 390]}
ratio: 0.9236111111108196
[EPOCH 2 VAL]
time: 78.58 seconds
loss:3.172779 = (1-reg):0.60 * r2l_loss:3.133457 + (reg):0.40 * l2r_loss:3.231762
r2l_scores: {'Bleu_1': 0.8120168920843335, 'Bleu_2': 0.6953863039762145, 'Bleu_3': 0.571563952034872, 'Bleu_4': 0.4496455331817861, 'METEOR': 0.294896211905499, 'ROUGE_L': 0.6362633193230767, 'CIDEr': 0.5773339730020054}
l2r_scores: {'Bleu_1': 0.8177355248958353, 'Bleu_2': 0.7112023879690137, 'Bleu_3': 0.5945552626353073, 'Bleu_4': 0.4788699378178903, 'METEOR': 0.3031547278310884, 'ROUGE_L': 0.6381464958718579, 'CIDEr': 0.5323068950304098}
>> Saving checkpoint to 2.ckpt
>> New best model at epoch 2 | CIDEr: 0.5323068950304098


[EPOCH 3 TRAIN]
time: 197.02 seconds | lr: 0.000078
loss:2.951255 = (1-reg):0.60 * r2l_loss:2.937542 + (reg):0.40 * l2r_loss:2.971825
{'testlen': 2930, 'reflen': 3192, 'guess': [2930, 2433, 1936, 1441], 'correct': [2574, 1598, 831, 337]}
ratio: 0.9179197994984593
{'testlen': 3113, 'reflen': 3311, 'guess': [3113, 2616, 2119, 1622], 'correct': [2761, 1727, 907, 410]}
ratio: 0.9401993355478888
[EPOCH 3 VAL]
time: 79.69 seconds
loss:2.981475 = (1-reg):0.60 * r2l_loss:2.968510 + (reg):0.40 * l2r_loss:3.000922
r2l_scores: {'Bleu_1': 0.8033529606837776, 'Bleu_2': 0.69462957551225, 'Bleu_3': 0.5742785071049333, 'Bleu_4': 0.4486160128107632, 'METEOR': 0.3016569065447935, 'ROUGE_L': 0.6394821543031689, 'CIDEr': 0.6035050477182912}
l2r_scores: {'Bleu_1': 0.8322701437999175, 'Bleu_2': 0.718038897396557, 'Bleu_3': 0.5916294274071412, 'Bleu_4': 0.47077656382721483, 'METEOR': 0.30933416309872996, 'ROUGE_L': 0.6421671000095599, 'CIDEr': 0.5835013819365857}
>> Saving checkpoint to 3.ckpt
>> New best model at epoch 3 | CIDEr: 0.5835013819365857


[EPOCH 4 TRAIN]
time: 196.77 seconds | lr: 0.000100
loss:2.766575 = (1-reg):0.60 * r2l_loss:2.752260 + (reg):0.40 * l2r_loss:2.788047
{'testlen': 3134, 'reflen': 3342, 'guess': [3134, 2637, 2140, 1645], 'correct': [2669, 1590, 812, 357]}
ratio: 0.9377618192696177
{'testlen': 3149, 'reflen': 3340, 'guess': [3149, 2652, 2155, 1658], 'correct': [2784, 1774, 959, 458]}
ratio: 0.9428143712572028
[EPOCH 4 VAL]
time: 81.97 seconds
loss:2.900444 = (1-reg):0.60 * r2l_loss:2.888104 + (reg):0.40 * l2r_loss:2.918952
r2l_scores: {'Bleu_1': 0.7969406009985821, 'Bleu_2': 0.6705708328432342, 'Bleu_3': 0.5425036302641366, 'Bleu_4': 0.4243475096646523, 'METEOR': 0.2950047115845417, 'ROUGE_L': 0.6165864140140628, 'CIDEr': 0.594168538650312}
l2r_scores: {'Bleu_1': 0.8320602910548773, 'Bleu_2': 0.7237633027369466, 'Bleu_3': 0.6031253170710575, 'Bleu_4': 0.48869788977195794, 'METEOR': 0.31642809825011403, 'ROUGE_L': 0.6460564528279914, 'CIDEr': 0.6193133903461595}
>> Saving checkpoint to 4.ckpt
>> New best model at epoch 4 | CIDEr: 0.6193133903461595


[EPOCH 5 TRAIN]
time: 198.86 seconds | lr: 0.000100
loss:2.621462 = (1-reg):0.60 * r2l_loss:2.605415 + (reg):0.40 * l2r_loss:2.645533
{'testlen': 3130, 'reflen': 3329, 'guess': [3130, 2633, 2136, 1641], 'correct': [2677, 1619, 827, 347]}
ratio: 0.940222288975386
{'testlen': 3071, 'reflen': 3264, 'guess': [3071, 2574, 2077, 1580], 'correct': [2724, 1703, 915, 415]}
ratio: 0.9408700980389274
[EPOCH 5 VAL]
time: 79.49 seconds
loss:2.836757 = (1-reg):0.60 * r2l_loss:2.823007 + (reg):0.40 * l2r_loss:2.857381
r2l_scores: {'Bleu_1': 0.8025874043949708, 'Bleu_2': 0.6805159641819059, 'Bleu_3': 0.5520643895766586, 'Bleu_4': 0.42745913309716144, 'METEOR': 0.2954012923342567, 'ROUGE_L': 0.6192128352432239, 'CIDEr': 0.5958956881042398}
l2r_scores: {'Bleu_1': 0.832978179962905, 'Bleu_2': 0.719404308412382, 'Bleu_3': 0.5982448953115709, 'Bleu_4': 0.4793840588768066, 'METEOR': 0.3118792251494972, 'ROUGE_L': 0.6450205688009675, 'CIDEr': 0.610833743932099}


[EPOCH 6 TRAIN]
time: 195.14 seconds | lr: 0.000100
loss:2.514795 = (1-reg):0.60 * r2l_loss:2.497188 + (reg):0.40 * l2r_loss:2.541206
{'testlen': 3093, 'reflen': 3290, 'guess': [3093, 2596, 2099, 1603], 'correct': [2703, 1662, 854, 357]}
ratio: 0.9401215805468267
{'testlen': 3298, 'reflen': 3440, 'guess': [3298, 2801, 2304, 1807], 'correct': [2926, 1837, 1008, 479]}
ratio: 0.9587209302322794
[EPOCH 6 VAL]
time: 83.10 seconds
loss:2.816646 = (1-reg):0.60 * r2l_loss:2.810828 + (reg):0.40 * l2r_loss:2.825373
r2l_scores: {'Bleu_1': 0.8199831935362641, 'Bleu_2': 0.7018350510212078, 'Bleu_3': 0.5729078704043733, 'Bleu_4': 0.44522748969955306, 'METEOR': 0.297333041625481, 'ROUGE_L': 0.6311509601869135, 'CIDEr': 0.6121546439190421}
l2r_scores: {'Bleu_1': 0.8498152387030538, 'Bleu_2': 0.730652211280321, 'Bleu_3': 0.6070625415306158, 'Bleu_4': 0.4881964623780152, 'METEOR': 0.3220883366544521, 'ROUGE_L': 0.650535316871944, 'CIDEr': 0.6376112930372279}
>> Saving checkpoint to 6.ckpt
>> New best model at epoch 6 | CIDEr: 0.6376112930372279


[EPOCH 7 TRAIN]
time: 196.66 seconds | lr: 0.000100
loss:2.431130 = (1-reg):0.60 * r2l_loss:2.413063 + (reg):0.40 * l2r_loss:2.458230
{'testlen': 3236, 'reflen': 3382, 'guess': [3236, 2739, 2242, 1745], 'correct': [2811, 1710, 910, 429]}
ratio: 0.9568302779417632
{'testlen': 3307, 'reflen': 3431, 'guess': [3307, 2810, 2313, 1816], 'correct': [2885, 1810, 965, 435]}
ratio: 0.9638589332553297
[EPOCH 7 VAL]
time: 83.21 seconds
loss:2.789432 = (1-reg):0.60 * r2l_loss:2.789291 + (reg):0.40 * l2r_loss:2.789643
r2l_scores: {'Bleu_1': 0.8303440581465218, 'Bleu_2': 0.703937262582945, 'Bleu_3': 0.5771559109751674, 'Bleu_4': 0.46103804344786, 'METEOR': 0.30705401807606786, 'ROUGE_L': 0.6362297141982018, 'CIDEr': 0.6284986099113395}
l2r_scores: {'Bleu_1': 0.8402861804294812, 'Bleu_2': 0.7220338148646196, 'Bleu_3': 0.5939193175969645, 'Bleu_4': 0.46888662129160624, 'METEOR': 0.3181365045128596, 'ROUGE_L': 0.644944876754835, 'CIDEr': 0.6335100074549372}


[EPOCH 8 TRAIN]
time: 196.28 seconds | lr: 0.000100
loss:2.360682 = (1-reg):0.60 * r2l_loss:2.341450 + (reg):0.40 * l2r_loss:2.389531
{'testlen': 3205, 'reflen': 3372, 'guess': [3205, 2708, 2211, 1714], 'correct': [2766, 1697, 892, 400]}
ratio: 0.9504744958478795
{'testlen': 3221, 'reflen': 3371, 'guess': [3221, 2724, 2227, 1730], 'correct': [2831, 1765, 941, 433]}
ratio: 0.9555028181545667
[EPOCH 8 VAL]
time: 81.47 seconds
loss:2.776286 = (1-reg):0.60 * r2l_loss:2.775232 + (reg):0.40 * l2r_loss:2.777868
r2l_scores: {'Bleu_1': 0.8192090795083803, 'Bleu_2': 0.6980704869089831, 'Bleu_3': 0.57145463618846, 'Bleu_4': 0.4509114542441924, 'METEOR': 0.304791946295317, 'ROUGE_L': 0.6321444326182283, 'CIDEr': 0.6268185522445859}
l2r_scores: {'Bleu_1': 0.8389272785531917, 'Bleu_2': 0.7203085122940981, 'Bleu_3': 0.5936911258652112, 'Bleu_4': 0.4728513782701645, 'METEOR': 0.3155094853402501, 'ROUGE_L': 0.645645490271886, 'CIDEr': 0.6206872449058982}


[EPOCH 9 TRAIN]
time: 197.76 seconds | lr: 0.000100
loss:2.300171 = (1-reg):0.60 * r2l_loss:2.280084 + (reg):0.40 * l2r_loss:2.330303
{'testlen': 3213, 'reflen': 3390, 'guess': [3213, 2716, 2219, 1723], 'correct': [2784, 1716, 903, 396]}
ratio: 0.9477876106191895
{'testlen': 3203, 'reflen': 3353, 'guess': [3203, 2706, 2209, 1712], 'correct': [2836, 1827, 995, 472]}
ratio: 0.9552639427375618
[EPOCH 9 VAL]
time: 82.90 seconds
loss:2.773920 = (1-reg):0.60 * r2l_loss:2.774625 + (reg):0.40 * l2r_loss:2.772861
r2l_scores: {'Bleu_1': 0.8200376379733609, 'Bleu_2': 0.7002422199489473, 'Bleu_3': 0.5737210322027448, 'Bleu_4': 0.4501910695121089, 'METEOR': 0.3059346201945969, 'ROUGE_L': 0.6358069946867623, 'CIDEr': 0.6256885481021551}
l2r_scores: {'Bleu_1': 0.8449106829982873, 'Bleu_2': 0.7378048996105587, 'Bleu_3': 0.6162032474528693, 'Bleu_4': 0.49810158651709147, 'METEOR': 0.3212063435718601, 'ROUGE_L': 0.6582587282617869, 'CIDEr': 0.6412546245420295}
>> Saving checkpoint to 9.ckpt
>> New best model at epoch 9 | CIDEr: 0.6412546245420295


[EPOCH 10 TRAIN]
time: 197.07 seconds | lr: 0.000100
loss:2.247312 = (1-reg):0.60 * r2l_loss:2.225785 + (reg):0.40 * l2r_loss:2.279601
{'testlen': 3238, 'reflen': 3427, 'guess': [3238, 2741, 2244, 1748], 'correct': [2796, 1694, 887, 410]}
ratio: 0.9448497227893362
{'testlen': 3283, 'reflen': 3426, 'guess': [3283, 2786, 2289, 1792], 'correct': [2836, 1735, 931, 432]}
ratio: 0.9582603619378406
[EPOCH 10 VAL]
time: 83.65 seconds
loss:2.772287 = (1-reg):0.60 * r2l_loss:2.772645 + (reg):0.40 * l2r_loss:2.771749
r2l_scores: {'Bleu_1': 0.8145370249577147, 'Bleu_2': 0.6891009584189861, 'Bleu_3': 0.5615291775495945, 'Bleu_4': 0.44488983155227296, 'METEOR': 0.2970848884680603, 'ROUGE_L': 0.6248303652244089, 'CIDEr': 0.6075457673883599}
l2r_scores: {'Bleu_1': 0.827024671855567, 'Bleu_2': 0.7021986291292006, 'Bleu_3': 0.5769023679646947, 'Bleu_4': 0.45881114309645693, 'METEOR': 0.31003975442208964, 'ROUGE_L': 0.6311793260902117, 'CIDEr': 0.579495948114}


[EPOCH 11 TRAIN]
time: 198.30 seconds | lr: 0.000100
loss:2.199913 = (1-reg):0.60 * r2l_loss:2.177787 + (reg):0.40 * l2r_loss:2.233103
{'testlen': 3128, 'reflen': 3309, 'guess': [3128, 2631, 2134, 1637], 'correct': [2739, 1666, 857, 378]}
ratio: 0.9453006950737548
{'testlen': 3264, 'reflen': 3400, 'guess': [3264, 2767, 2270, 1773], 'correct': [2844, 1777, 963, 450]}
ratio: 0.9599999999997176
[EPOCH 11 VAL]
time: 82.64 seconds
loss:2.769410 = (1-reg):0.60 * r2l_loss:2.780467 + (reg):0.40 * l2r_loss:2.752823
r2l_scores: {'Bleu_1': 0.8264090728029143, 'Bleu_2': 0.7027640015260753, 'Bleu_3': 0.5720382506217717, 'Bleu_4': 0.44941444739489395, 'METEOR': 0.2991460679668904, 'ROUGE_L': 0.627485155423439, 'CIDEr': 0.598849012935979}
l2r_scores: {'Bleu_1': 0.8357643431423765, 'Bleu_2': 0.7175187458539956, 'Bleu_3': 0.5939142926543104, 'Bleu_4': 0.4752201819688072, 'METEOR': 0.3152148832042657, 'ROUGE_L': 0.6423095177902406, 'CIDEr': 0.5870010607194757}


[EPOCH 12 TRAIN]
time: 198.29 seconds | lr: 0.000100
loss:2.157115 = (1-reg):0.60 * r2l_loss:2.134457 + (reg):0.40 * l2r_loss:2.191102
{'testlen': 3124, 'reflen': 3300, 'guess': [3124, 2627, 2130, 1633], 'correct': [2714, 1651, 866, 375]}
ratio: 0.9466666666663798
{'testlen': 3329, 'reflen': 3430, 'guess': [3329, 2832, 2335, 1838], 'correct': [2919, 1839, 1006, 465]}
ratio: 0.9705539358597753
[EPOCH 12 VAL]
time: 84.49 seconds
loss:2.772538 = (1-reg):0.60 * r2l_loss:2.777294 + (reg):0.40 * l2r_loss:2.765405
r2l_scores: {'Bleu_1': 0.8211670665189374, 'Bleu_2': 0.6984343887509977, 'Bleu_3': 0.5723223960100864, 'Bleu_4': 0.4491330380669302, 'METEOR': 0.30071691496283076, 'ROUGE_L': 0.6305165615749987, 'CIDEr': 0.6153718191807833}
l2r_scores: {'Bleu_1': 0.8506365665211804, 'Bleu_2': 0.7320287500705961, 'Bleu_3': 0.6072912727648092, 'Bleu_4': 0.4842064591637682, 'METEOR': 0.3214700822107597, 'ROUGE_L': 0.6487934404110361, 'CIDEr': 0.6266479758850185}


[EPOCH 13 TRAIN]
time: 198.19 seconds | lr: 0.000100
loss:2.117865 = (1-reg):0.60 * r2l_loss:2.094637 + (reg):0.40 * l2r_loss:2.152706
{'testlen': 3271, 'reflen': 3419, 'guess': [3271, 2774, 2277, 1780], 'correct': [2769, 1668, 879, 387]}
ratio: 0.9567124890316009
{'testlen': 3380, 'reflen': 3498, 'guess': [3380, 2883, 2386, 1889], 'correct': [2912, 1829, 998, 458]}
ratio: 0.9662664379642749
[EPOCH 13 VAL]
time: 84.35 seconds
loss:2.769289 = (1-reg):0.60 * r2l_loss:2.780987 + (reg):0.40 * l2r_loss:2.751741
r2l_scores: {'Bleu_1': 0.8090815152624321, 'Bleu_2': 0.6818924283496961, 'Bleu_3': 0.5556514893327341, 'Bleu_4': 0.43452229994947855, 'METEOR': 0.29749164503746, 'ROUGE_L': 0.6182467532112125, 'CIDEr': 0.6052901907038474}
l2r_scores: {'Bleu_1': 0.8319800458810072, 'Bleu_2': 0.713937356269968, 'Bleu_3': 0.5904813498376416, 'Bleu_4': 0.4685679492163784, 'METEOR': 0.310404183005264, 'ROUGE_L': 0.6390885162473064, 'CIDEr': 0.6365962186508354}


[EPOCH 14 TRAIN]
time: 196.01 seconds | lr: 0.000100
loss:2.080817 = (1-reg):0.60 * r2l_loss:2.056696 + (reg):0.40 * l2r_loss:2.116999
{'testlen': 3357, 'reflen': 3487, 'guess': [3357, 2860, 2363, 1866], 'correct': [2857, 1724, 900, 400]}
ratio: 0.962718669342999
{'testlen': 3376, 'reflen': 3463, 'guess': [3376, 2879, 2382, 1885], 'correct': [2927, 1836, 1008, 475]}
ratio: 0.9748772740395684
[EPOCH 14 VAL]
time: 84.17 seconds
loss:2.775892 = (1-reg):0.60 * r2l_loss:2.788228 + (reg):0.40 * l2r_loss:2.757387
r2l_scores: {'Bleu_1': 0.8187302234578203, 'Bleu_2': 0.6890440506720148, 'Bleu_3': 0.5582364992948777, 'Bleu_4': 0.4352073690578694, 'METEOR': 0.30279750469459005, 'ROUGE_L': 0.621985104947556, 'CIDEr': 0.6082699525880184}
l2r_scores: {'Bleu_1': 0.8449450264434631, 'Bleu_2': 0.7246592124652016, 'Bleu_3': 0.6005256010826121, 'Bleu_4': 0.4802266430117765, 'METEOR': 0.3162872106456494, 'ROUGE_L': 0.6405658450041717, 'CIDEr': 0.6212299958054895}


[EPOCH 15 TRAIN]
time: 197.63 seconds | lr: 0.000100
loss:2.046824 = (1-reg):0.60 * r2l_loss:2.022926 + (reg):0.40 * l2r_loss:2.082670
{'testlen': 3210, 'reflen': 3365, 'guess': [3210, 2713, 2216, 1720], 'correct': [2742, 1654, 872, 383]}
ratio: 0.9539375928674728
{'testlen': 3545, 'reflen': 3600, 'guess': [3545, 3048, 2551, 2054], 'correct': [3076, 1933, 1032, 475]}
ratio: 0.9847222222219487
[EPOCH 15 VAL]
time: 86.03 seconds
loss:2.786519 = (1-reg):0.60 * r2l_loss:2.798577 + (reg):0.40 * l2r_loss:2.768432
r2l_scores: {'Bleu_1': 0.8139389137214734, 'Bleu_2': 0.6876278515083597, 'Bleu_3': 0.5617731958158485, 'Bleu_4': 0.44039835746783024, 'METEOR': 0.29420179109705336, 'ROUGE_L': 0.6217061192597789, 'CIDEr': 0.5803980254517764}
l2r_scores: {'Bleu_1': 0.85434266556969, 'Bleu_2': 0.7303911382130847, 'Bleu_3': 0.596733946542044, 'Bleu_4': 0.4690016296938636, 'METEOR': 0.3174210730284807, 'ROUGE_L': 0.6477973061807173, 'CIDEr': 0.6274293419162376}


[EPOCH 16 TRAIN]
time: 196.41 seconds | lr: 0.000050
loss:1.966950 = (1-reg):0.60 * r2l_loss:1.940699 + (reg):0.40 * l2r_loss:2.006328
{'testlen': 3212, 'reflen': 3370, 'guess': [3212, 2715, 2218, 1722], 'correct': [2701, 1576, 808, 355]}
ratio: 0.9531157270026845
{'testlen': 3416, 'reflen': 3523, 'guess': [3416, 2919, 2422, 1925], 'correct': [2958, 1812, 974, 473]}
ratio: 0.9696281578197645
[EPOCH 16 VAL]
time: 90.04 seconds
loss:2.782758 = (1-reg):0.60 * r2l_loss:2.794958 + (reg):0.40 * l2r_loss:2.764458
r2l_scores: {'Bleu_1': 0.8005452213451917, 'Bleu_2': 0.6651269348254482, 'Bleu_3': 0.535342723222909, 'Bleu_4': 0.4165641916991693, 'METEOR': 0.2909906953696944, 'ROUGE_L': 0.6098059190453446, 'CIDEr': 0.5790138897448831}
l2r_scores: {'Bleu_1': 0.8392219245962245, 'Bleu_2': 0.7105566635602591, 'Bleu_3': 0.5816471283548211, 'Bleu_4': 0.46526611179344235, 'METEOR': 0.3136591886545952, 'ROUGE_L': 0.6373291901794345, 'CIDEr': 0.6137936981718455}



[BEST: 9 | SEED: 904666 | VAL-CIDEr: 0.6412546245420295]
{'testlen': 19540, 'reflen': 20571, 'guess': [19540, 16550, 13560, 10575], 'correct': [16759, 10268, 5517, 2582]}
ratio: 0.9498809002964878
{'testlen': 19377, 'reflen': 20453, 'guess': [19377, 16387, 13397, 10407], 'correct': [17096, 10958, 6013, 2855]}
ratio: 0.9473915806971619
time: 404.71 seconds
r2l_scores: {'Bleu_1': 0.8135956497831677, 'Bleu_2': 0.6919755952698781, 'Bleu_3': 0.5695999932847893, 'Bleu_4': 0.4548494942528871, 'METEOR': 0.30201605014982125, 'ROUGE_L': 0.6340269448443199, 'CIDEr': 0.6290588974243276}
l2r_scores: {'Bleu_1': 0.8346256070520637, 'Bleu_2': 0.7266137992478588, 'Bleu_3': 0.6074700741961166, 'Bleu_4': 0.49111674209829387, 'METEOR': 0.31553874598139275, 'ROUGE_L': 0.653584640805023, 'CIDEr': 0.6385133509415449}
----------------------------------------
>> [Train time] Total: 3159.70 seconds => Per epoch: 197.48 seconds
>> [Val time] Total: 1321.66 seconds => Per epoch: 82.60 seconds
