Found 1 CUDA device(s)

Device 0: NVIDIA A100-SXM4-40GB
  Total memory bytes: 42296475648
  MultiProcessor count: 108
  Major.Minor: 8.0
  Max threads per block: 2048
  Memory reserved bytes: 0
  Memory allocated bytes: 0
  Free inside reserved bytes: 0
  Active allocations: 0
========================================
MODEL ID: MSRVTT = FEAT newBlip2ClsKF+newMViTv2+newImgCapBlip2KF fsl-13 mcl-20 = Transformer d-512 N_enc-0 N_dec-3 h-128 h_big-128 dp-0.1 = OPTIM lr-0.0001 warmup-3 gamma-0.5 pat-3 wd-5e-06 rg-0.5 = bs-64-gc-5.0-ls-0.15 = 1764682472
Enter the load_video_feats method.
Enter the load_video_feats method.
Enter the load_video_feats method.
#vocabs: 10444 (23046), #words: 1178850 (1194458). Trim words which appear less than 3 times.
{'Total': 53114776, 'Trainable': 53114776}


[EPOCH 1 TRAIN]
time: 208.71 seconds | lr: 0.000033
loss:3.921212 = (1-reg):0.50 * r2l_loss:3.916108 + (reg):0.50 * l2r_loss:3.926317
{'testlen': 2791, 'reflen': 3101, 'guess': [2791, 2294, 1797, 1310], 'correct': [2409, 1414, 702, 274]}
ratio: 0.9000322476617543
{'testlen': 3281, 'reflen': 3438, 'guess': [3281, 2784, 2287, 1790], 'correct': [2831, 1703, 854, 378]}
ratio: 0.9543339150666218
[EPOCH 1 VAL]
time: 77.34 seconds
loss:3.503670 = (1-reg):0.50 * r2l_loss:3.454038 + (reg):0.50 * l2r_loss:3.553303
r2l_scores: {'Bleu_1': 0.772394745300738, 'Bleu_2': 0.6527228655610627, 'Bleu_3': 0.5300738077387774, 'Bleu_4': 0.40861345431990087, 'METEOR': 0.2770323520014706, 'ROUGE_L': 0.6072375215940296, 'CIDEr': 0.47265954579941855}
l2r_scores: {'Bleu_1': 0.8225306663610689, 'Bleu_2': 0.6925609300361901, 'Bleu_3': 0.5547645657176522, 'Bleu_4': 0.4305720576235926, 'METEOR': 0.29644237975837856, 'ROUGE_L': 0.6264350044445818, 'CIDEr': 0.4667586814059541}
>> Saving checkpoint to 1.ckpt
>> New best model at epoch 1 | CIDEr: 0.4667586814059541


[EPOCH 2 TRAIN]
time: 213.86 seconds | lr: 0.000056
loss:3.238942 = (1-reg):0.50 * r2l_loss:3.227810 + (reg):0.50 * l2r_loss:3.250074
{'testlen': 3051, 'reflen': 3279, 'guess': [3051, 2554, 2057, 1560], 'correct': [2635, 1611, 834, 345]}
ratio: 0.9304666056721773
{'testlen': 3120, 'reflen': 3301, 'guess': [3120, 2623, 2126, 1629], 'correct': [2766, 1745, 942, 440]}
ratio: 0.9451681308691472
[EPOCH 2 VAL]
time: 78.75 seconds
loss:3.191928 = (1-reg):0.50 * r2l_loss:3.145301 + (reg):0.50 * l2r_loss:3.238555
r2l_scores: {'Bleu_1': 0.8014635216293853, 'Bleu_2': 0.684938972840491, 'Bleu_3': 0.5609536194405627, 'Bleu_4': 0.4362698265714051, 'METEOR': 0.29407248103605466, 'ROUGE_L': 0.634582200084392, 'CIDEr': 0.5662177024640265}
l2r_scores: {'Bleu_1': 0.83657124728978, 'Bleu_2': 0.7246907423418942, 'Bleu_3': 0.6032992802496469, 'Bleu_4': 0.48638910858528017, 'METEOR': 0.31195610690631403, 'ROUGE_L': 0.6478229668630145, 'CIDEr': 0.557799272021331}
>> Saving checkpoint to 2.ckpt
>> New best model at epoch 2 | CIDEr: 0.557799272021331


[EPOCH 3 TRAIN]
time: 213.96 seconds | lr: 0.000078
loss:2.950912 = (1-reg):0.50 * r2l_loss:2.938651 + (reg):0.50 * l2r_loss:2.963172
{'testlen': 3032, 'reflen': 3269, 'guess': [3032, 2535, 2038, 1541], 'correct': [2601, 1602, 834, 339]}
ratio: 0.9275007647595817
{'testlen': 3181, 'reflen': 3361, 'guess': [3181, 2684, 2187, 1690], 'correct': [2823, 1779, 959, 454]}
ratio: 0.946444510562051
[EPOCH 3 VAL]
time: 81.67 seconds
loss:2.998322 = (1-reg):0.50 * r2l_loss:2.982877 + (reg):0.50 * l2r_loss:3.013766
r2l_scores: {'Bleu_1': 0.7933484803989042, 'Bleu_2': 0.6809272125245431, 'Bleu_3': 0.5598504484311261, 'Bleu_4': 0.4346768362388693, 'METEOR': 0.29765296383651074, 'ROUGE_L': 0.6327389024279034, 'CIDEr': 0.5946194518645118}
l2r_scores: {'Bleu_1': 0.8386335459266452, 'Bleu_2': 0.7247618823498911, 'Bleu_3': 0.6015363062782823, 'Bleu_4': 0.4848360741353363, 'METEOR': 0.3155433865536103, 'ROUGE_L': 0.650285385944225, 'CIDEr': 0.5788460377058344}
>> Saving checkpoint to 3.ckpt
>> New best model at epoch 3 | CIDEr: 0.5788460377058344


[EPOCH 4 TRAIN]
time: 213.84 seconds | lr: 0.000100
loss:2.758926 = (1-reg):0.50 * r2l_loss:2.744893 + (reg):0.50 * l2r_loss:2.772958
{'testlen': 3196, 'reflen': 3375, 'guess': [3196, 2699, 2202, 1705], 'correct': [2677, 1561, 781, 329]}
ratio: 0.9469629629626823
{'testlen': 3352, 'reflen': 3459, 'guess': [3352, 2855, 2358, 1861], 'correct': [2934, 1842, 978, 467]}
ratio: 0.9690662041049526
[EPOCH 4 VAL]
time: 83.89 seconds
loss:2.906773 = (1-reg):0.50 * r2l_loss:2.892356 + (reg):0.50 * l2r_loss:2.921189
r2l_scores: {'Bleu_1': 0.7919866267292229, 'Bleu_2': 0.6581078289347887, 'Bleu_3': 0.5256556786989878, 'Bleu_4': 0.4034715910972495, 'METEOR': 0.29001235601158637, 'ROUGE_L': 0.6098899182790172, 'CIDEr': 0.5752173329075054}
l2r_scores: {'Bleu_1': 0.8477989623899466, 'Bleu_2': 0.7278746387463801, 'Bleu_3': 0.5970559125396998, 'Bleu_4': 0.476911807271986, 'METEOR': 0.3184738959031941, 'ROUGE_L': 0.6424856886537443, 'CIDEr': 0.6062271343009809}
>> Saving checkpoint to 4.ckpt
>> New best model at epoch 4 | CIDEr: 0.6062271343009809


[EPOCH 5 TRAIN]
time: 214.48 seconds | lr: 0.000100
loss:2.607287 = (1-reg):0.50 * r2l_loss:2.590162 + (reg):0.50 * l2r_loss:2.624412
{'testlen': 3242, 'reflen': 3381, 'guess': [3242, 2745, 2248, 1751], 'correct': [2736, 1657, 850, 362]}
ratio: 0.9588879029869982
{'testlen': 3284, 'reflen': 3405, 'guess': [3284, 2787, 2290, 1793], 'correct': [2864, 1772, 934, 442]}
ratio: 0.9644640234945773
[EPOCH 5 VAL]
time: 85.40 seconds
loss:2.839832 = (1-reg):0.50 * r2l_loss:2.824661 + (reg):0.50 * l2r_loss:2.855003
r2l_scores: {'Bleu_1': 0.8085051806823585, 'Bleu_2': 0.6837877963848981, 'Bleu_3': 0.5532842975040377, 'Bleu_4': 0.42796849146747173, 'METEOR': 0.295837162747206, 'ROUGE_L': 0.6217818119536357, 'CIDEr': 0.5992200738041805}
l2r_scores: {'Bleu_1': 0.8405588984572585, 'Bleu_2': 0.7177060247897241, 'Bleu_3': 0.5872201562061002, 'Bleu_4': 0.46833949341882514, 'METEOR': 0.3139808556041947, 'ROUGE_L': 0.6481081519918508, 'CIDEr': 0.610390053219179}
>> Saving checkpoint to 5.ckpt
>> New best model at epoch 5 | CIDEr: 0.610390053219179


[EPOCH 6 TRAIN]
time: 208.81 seconds | lr: 0.000100
loss:2.493578 = (1-reg):0.50 * r2l_loss:2.474304 + (reg):0.50 * l2r_loss:2.512852
{'testlen': 3211, 'reflen': 3363, 'guess': [3211, 2714, 2217, 1720], 'correct': [2728, 1638, 833, 350]}
ratio: 0.9548022598867217
{'testlen': 3393, 'reflen': 3489, 'guess': [3393, 2896, 2399, 1902], 'correct': [2979, 1905, 1030, 489]}
ratio: 0.9724849527082338
[EPOCH 6 VAL]
time: 85.55 seconds
loss:2.817852 = (1-reg):0.50 * r2l_loss:2.807639 + (reg):0.50 * l2r_loss:2.828064
r2l_scores: {'Bleu_1': 0.8102998187214583, 'Bleu_2': 0.6829607393858352, 'Bleu_3': 0.550855244981652, 'Bleu_4': 0.4243981053403251, 'METEOR': 0.29548045040426285, 'ROUGE_L': 0.6247957643594249, 'CIDEr': 0.5938792211203738}
l2r_scores: {'Bleu_1': 0.8534909351451351, 'Bleu_2': 0.7387607309524146, 'Bleu_3': 0.6107201982228823, 'Bleu_4': 0.48846603023077556, 'METEOR': 0.3242883606056942, 'ROUGE_L': 0.6535086193712627, 'CIDEr': 0.6335320003045161}
>> Saving checkpoint to 6.ckpt
>> New best model at epoch 6 | CIDEr: 0.6335320003045161


[EPOCH 7 TRAIN]
time: 206.43 seconds | lr: 0.000100
loss:2.402675 = (1-reg):0.50 * r2l_loss:2.381872 + (reg):0.50 * l2r_loss:2.423477
{'testlen': 3407, 'reflen': 3529, 'guess': [3407, 2910, 2413, 1916], 'correct': [2863, 1701, 892, 408]}
ratio: 0.9654293000847364
{'testlen': 3447, 'reflen': 3547, 'guess': [3447, 2950, 2453, 1956], 'correct': [2955, 1849, 992, 468]}
ratio: 0.9718071609808369
[EPOCH 7 VAL]
time: 85.76 seconds
loss:2.794559 = (1-reg):0.50 * r2l_loss:2.789922 + (reg):0.50 * l2r_loss:2.799196
r2l_scores: {'Bleu_1': 0.8107701003134129, 'Bleu_2': 0.6762056254994673, 'Bleu_3': 0.5463503182742395, 'Bleu_4': 0.4278403022259364, 'METEOR': 0.2969802105713381, 'ROUGE_L': 0.6203671818656338, 'CIDEr': 0.6093390660347873}
l2r_scores: {'Bleu_1': 0.8327545228936575, 'Bleu_2': 0.7120596013703037, 'Bleu_3': 0.5840040675640602, 'Bleu_4': 0.4638540514422649, 'METEOR': 0.31542411077853, 'ROUGE_L': 0.6387489157096925, 'CIDEr': 0.595238981926699}


[EPOCH 8 TRAIN]
time: 206.44 seconds | lr: 0.000100
loss:2.327598 = (1-reg):0.50 * r2l_loss:2.305732 + (reg):0.50 * l2r_loss:2.349464
{'testlen': 3339, 'reflen': 3458, 'guess': [3339, 2842, 2345, 1848], 'correct': [2869, 1744, 931, 430]}
ratio: 0.9655870445341337
{'testlen': 3529, 'reflen': 3600, 'guess': [3529, 3032, 2535, 2038], 'correct': [3068, 1964, 1068, 503]}
ratio: 0.9802777777775055
[EPOCH 8 VAL]
time: 85.79 seconds
loss:2.776591 = (1-reg):0.50 * r2l_loss:2.773094 + (reg):0.50 * l2r_loss:2.780088
r2l_scores: {'Bleu_1': 0.8291557728619159, 'Bleu_2': 0.7007131498323005, 'Bleu_3': 0.572976033067329, 'Bleu_4': 0.45334044260983164, 'METEOR': 0.3022151532113751, 'ROUGE_L': 0.6282750524957292, 'CIDEr': 0.6253824871448246}
l2r_scores: {'Bleu_1': 0.8520520392606467, 'Bleu_2': 0.7354792338457098, 'Bleu_3': 0.6067347193814474, 'Bleu_4': 0.48212060485384667, 'METEOR': 0.32722597855006674, 'ROUGE_L': 0.6541404508352191, 'CIDEr': 0.6216383707598667}


[EPOCH 9 TRAIN]
time: 210.91 seconds | lr: 0.000100
loss:2.262225 = (1-reg):0.50 * r2l_loss:2.238864 + (reg):0.50 * l2r_loss:2.285586
{'testlen': 3383, 'reflen': 3511, 'guess': [3383, 2886, 2389, 1892], 'correct': [2854, 1691, 862, 368]}
ratio: 0.9635431500994123
{'testlen': 3433, 'reflen': 3516, 'guess': [3433, 2936, 2439, 1942], 'correct': [3011, 1897, 1030, 482]}
ratio: 0.9763936291237268
[EPOCH 9 VAL]
time: 85.83 seconds
loss:2.777198 = (1-reg):0.50 * r2l_loss:2.778999 + (reg):0.50 * l2r_loss:2.775396
r2l_scores: {'Bleu_1': 0.8123064481905758, 'Bleu_2': 0.6769670887537124, 'Bleu_3': 0.5419984597670586, 'Bleu_4': 0.4155489539114205, 'METEOR': 0.29534755170121313, 'ROUGE_L': 0.6187618865245813, 'CIDEr': 0.6062461307510207}
l2r_scores: {'Bleu_1': 0.8561245855622025, 'Bleu_2': 0.7348084345821969, 'Bleu_3': 0.606025970332803, 'Bleu_4': 0.48188441879600125, 'METEOR': 0.32355204492588774, 'ROUGE_L': 0.6549603326431366, 'CIDEr': 0.6290656502756168}


[EPOCH 10 TRAIN]
time: 212.28 seconds | lr: 0.000100
loss:2.204598 = (1-reg):0.50 * r2l_loss:2.180742 + (reg):0.50 * l2r_loss:2.228453
{'testlen': 3390, 'reflen': 3523, 'guess': [3390, 2893, 2396, 1900], 'correct': [2882, 1734, 899, 410]}
ratio: 0.9622480840190286
{'testlen': 3575, 'reflen': 3625, 'guess': [3575, 3078, 2581, 2084], 'correct': [3034, 1840, 976, 460]}
ratio: 0.9862068965514521
[EPOCH 10 VAL]
time: 87.68 seconds
loss:2.779590 = (1-reg):0.50 * r2l_loss:2.774188 + (reg):0.50 * l2r_loss:2.784991
r2l_scores: {'Bleu_1': 0.8174394369769072, 'Bleu_2': 0.6863707646050765, 'Bleu_3': 0.5539245070294597, 'Bleu_4': 0.43334703140465375, 'METEOR': 0.2986128112250818, 'ROUGE_L': 0.6160212307764048, 'CIDEr': 0.6028335413831535}
l2r_scores: {'Bleu_1': 0.8368844176839491, 'Bleu_2': 0.7023770622149859, 'Bleu_3': 0.5687343618403702, 'Bleu_4': 0.44733061118595796, 'METEOR': 0.31325290894437857, 'ROUGE_L': 0.6296616598996884, 'CIDEr': 0.5693147687911498}


[EPOCH 11 TRAIN]
time: 217.69 seconds | lr: 0.000100
loss:2.153190 = (1-reg):0.50 * r2l_loss:2.128875 + (reg):0.50 * l2r_loss:2.177505
{'testlen': 3240, 'reflen': 3384, 'guess': [3240, 2743, 2246, 1749], 'correct': [2780, 1664, 843, 365]}
ratio: 0.9574468085103554
{'testlen': 3523, 'reflen': 3584, 'guess': [3523, 3026, 2529, 2032], 'correct': [3039, 1890, 999, 455]}
ratio: 0.9829799107140115
[EPOCH 11 VAL]
time: 89.14 seconds
loss:2.780393 = (1-reg):0.50 * r2l_loss:2.784472 + (reg):0.50 * l2r_loss:2.776315
r2l_scores: {'Bleu_1': 0.8207252761434505, 'Bleu_2': 0.6900994369348179, 'Bleu_3': 0.5550256625754412, 'Bleu_4': 0.42981846362929643, 'METEOR': 0.2944852099188423, 'ROUGE_L': 0.6164158234103612, 'CIDEr': 0.591924341341131}
l2r_scores: {'Bleu_1': 0.8478096192833116, 'Bleu_2': 0.7214159691737714, 'Bleu_3': 0.5867991575123042, 'Bleu_4': 0.45920764026606004, 'METEOR': 0.3147745386423431, 'ROUGE_L': 0.6373620178396514, 'CIDEr': 0.5908521762099692}


[EPOCH 12 TRAIN]
time: 210.91 seconds | lr: 0.000100
loss:2.106236 = (1-reg):0.50 * r2l_loss:2.082011 + (reg):0.50 * l2r_loss:2.130461
{'testlen': 3313, 'reflen': 3466, 'guess': [3313, 2816, 2319, 1822], 'correct': [2793, 1681, 879, 390]}
ratio: 0.9558568955565621
{'testlen': 3464, 'reflen': 3540, 'guess': [3464, 2967, 2470, 1973], 'correct': [3010, 1893, 1044, 496]}
ratio: 0.9785310734460513
[EPOCH 12 VAL]
time: 86.20 seconds
loss:2.776137 = (1-reg):0.50 * r2l_loss:2.780826 + (reg):0.50 * l2r_loss:2.771449
r2l_scores: {'Bleu_1': 0.8049947327306712, 'Bleu_2': 0.6773853819093856, 'Bleu_3': 0.5496688195707359, 'Bleu_4': 0.4292306932670532, 'METEOR': 0.2988524936064994, 'ROUGE_L': 0.6242575961537586, 'CIDEr': 0.6093605339223129}
l2r_scores: {'Bleu_1': 0.8500808080259903, 'Bleu_2': 0.7284209686120324, 'Bleu_3': 0.603133346711174, 'Bleu_4': 0.4819661675568786, 'METEOR': 0.3209815913652757, 'ROUGE_L': 0.6485831332132601, 'CIDEr': 0.6324094837696749}


[EPOCH 13 TRAIN]
time: 213.66 seconds | lr: 0.000100
loss:2.063317 = (1-reg):0.50 * r2l_loss:2.038456 + (reg):0.50 * l2r_loss:2.088178
{'testlen': 3308, 'reflen': 3454, 'guess': [3308, 2811, 2314, 1817], 'correct': [2797, 1672, 856, 379]}
ratio: 0.9577301679209734
{'testlen': 3632, 'reflen': 3655, 'guess': [3632, 3135, 2638, 2141], 'correct': [3109, 1930, 1036, 482]}
ratio: 0.9937072503417254
[EPOCH 13 VAL]
time: 87.96 seconds
loss:2.781878 = (1-reg):0.50 * r2l_loss:2.786965 + (reg):0.50 * l2r_loss:2.776791
r2l_scores: {'Bleu_1': 0.8090198771468776, 'Bleu_2': 0.6785524503095288, 'Bleu_3': 0.546222804366645, 'Bleu_4': 0.42467480695611204, 'METEOR': 0.2951807095470374, 'ROUGE_L': 0.6131929277413308, 'CIDEr': 0.5949341172759197}
l2r_scores: {'Bleu_1': 0.8505986112951405, 'Bleu_2': 0.721351783940849, 'Bleu_3': 0.5877730335977789, 'Bleu_4': 0.46166535251238183, 'METEOR': 0.3197085141139994, 'ROUGE_L': 0.6459302409934946, 'CIDEr': 0.6223066261839022}


[EPOCH 14 TRAIN]
time: 208.17 seconds | lr: 0.000100
loss:2.022909 = (1-reg):0.50 * r2l_loss:1.997496 + (reg):0.50 * l2r_loss:2.048321
{'testlen': 3493, 'reflen': 3581, 'guess': [3493, 2996, 2499, 2002], 'correct': [2941, 1735, 891, 406]}
ratio: 0.9754258586984151
{'testlen': 3576, 'reflen': 3625, 'guess': [3576, 3079, 2582, 2085], 'correct': [3061, 1897, 1037, 515]}
ratio: 0.9864827586204176
[EPOCH 14 VAL]
time: 88.96 seconds
loss:2.794498 = (1-reg):0.50 * r2l_loss:2.802194 + (reg):0.50 * l2r_loss:2.786802
r2l_scores: {'Bleu_1': 0.8210226760426661, 'Bleu_2': 0.6809038155073833, 'Bleu_3': 0.5442276034552784, 'Bleu_4': 0.42253782516797334, 'METEOR': 0.30030280246328417, 'ROUGE_L': 0.6164979364033434, 'CIDEr': 0.590906128897181}
l2r_scores: {'Bleu_1': 0.844335241064361, 'Bleu_2': 0.7163261861447769, 'Bleu_3': 0.5879825312075236, 'Bleu_4': 0.47174888707786317, 'METEOR': 0.31929356056023417, 'ROUGE_L': 0.6479728351272707, 'CIDEr': 0.6372128407451757}
>> Saving checkpoint to 14.ckpt
>> New best model at epoch 14 | CIDEr: 0.6372128407451757


[EPOCH 15 TRAIN]
time: 203.89 seconds | lr: 0.000100
loss:1.985777 = (1-reg):0.50 * r2l_loss:1.960895 + (reg):0.50 * l2r_loss:2.010659
{'testlen': 3353, 'reflen': 3472, 'guess': [3353, 2856, 2359, 1862], 'correct': [2869, 1718, 889, 403]}
ratio: 0.9657258064513348
{'testlen': 3670, 'reflen': 3718, 'guess': [3670, 3173, 2676, 2179], 'correct': [3164, 1989, 1070, 520]}
ratio: 0.9870898332434139
[EPOCH 15 VAL]
time: 88.65 seconds
loss:2.801489 = (1-reg):0.50 * r2l_loss:2.809239 + (reg):0.50 * l2r_loss:2.793740
r2l_scores: {'Bleu_1': 0.8258166232047897, 'Bleu_2': 0.6924168079034021, 'Bleu_3': 0.5586826909918517, 'Bleu_4': 0.436869686657786, 'METEOR': 0.3020374782577256, 'ROUGE_L': 0.6256357800622208, 'CIDEr': 0.5885410451012331}
l2r_scores: {'Bleu_1': 0.8509230043000838, 'Bleu_2': 0.7255835280960621, 'Bleu_3': 0.5922850685406883, 'Bleu_4': 0.4703428864696111, 'METEOR': 0.3243767542218657, 'ROUGE_L': 0.651339541660236, 'CIDEr': 0.6304379003619878}


[EPOCH 16 TRAIN]
time: 207.42 seconds | lr: 0.000100
loss:1.950795 = (1-reg):0.50 * r2l_loss:1.925873 + (reg):0.50 * l2r_loss:1.975717
{'testlen': 3340, 'reflen': 3443, 'guess': [3340, 2843, 2346, 1849], 'correct': [2855, 1694, 894, 415]}
ratio: 0.9700842288698897
{'testlen': 3538, 'reflen': 3590, 'guess': [3538, 3041, 2544, 2047], 'correct': [3038, 1882, 1023, 488]}
ratio: 0.9855153203339874
[EPOCH 16 VAL]
time: 87.92 seconds
loss:2.805826 = (1-reg):0.50 * r2l_loss:2.814195 + (reg):0.50 * l2r_loss:2.797457
r2l_scores: {'Bleu_1': 0.8288324234910969, 'Bleu_2': 0.6919985466982322, 'Bleu_3': 0.5614041956838023, 'Bleu_4': 0.44298223348864973, 'METEOR': 0.29550818396123996, 'ROUGE_L': 0.6203174032429918, 'CIDEr': 0.583442829330361}
l2r_scores: {'Bleu_1': 0.8461490432716835, 'Bleu_2': 0.7183457004931795, 'Bleu_3': 0.5891340835653105, 'Bleu_4': 0.468155724570988, 'METEOR': 0.31877553389620317, 'ROUGE_L': 0.6450660868159428, 'CIDEr': 0.5987034778648732}



[BEST: 14 | SEED: 904666 | VAL-CIDEr: 0.6372128407451757]
{'testlen': 20780, 'reflen': 21488, 'guess': [20780, 17790, 14800, 11810], 'correct': [17511, 10444, 5488, 2605]}
ratio: 0.9670513775129855
{'testlen': 21548, 'reflen': 22059, 'guess': [21548, 18558, 15568, 12578], 'correct': [18515, 11547, 6268, 3004]}
ratio: 0.9768348519878065
time: 443.20 seconds
r2l_scores: {'Bleu_1': 0.8144575638876121, 'Bleu_2': 0.6798000874085326, 'Bleu_3': 0.5491689301284324, 'Bleu_4': 0.4334806245822391, 'METEOR': 0.2992251212877194, 'ROUGE_L': 0.6229480057733969, 'CIDEr': 0.6011853560878274}
l2r_scores: {'Bleu_1': 0.839107637345133, 'Bleu_2': 0.7140494630423688, 'Bleu_3': 0.5852632137039049, 'Bleu_4': 0.46500833386681467, 'METEOR': 0.3152377102226541, 'ROUGE_L': 0.6473730150265469, 'CIDEr': 0.6240002050972717}
----------------------------------------
>> [Train time] Total: 3371.45 seconds => Per epoch: 210.72 seconds
>> [Val time] Total: 1366.50 seconds => Per epoch: 85.41 seconds
