Found 1 CUDA device(s)

Device 0: NVIDIA A100-SXM4-40GB
  Total memory bytes: 42296475648
  MultiProcessor count: 108
  Major.Minor: 8.0
  Max threads per block: 2048
  Memory reserved bytes: 0
  Memory allocated bytes: 0
  Free inside reserved bytes: 0
  Active allocations: 0
========================================
MODEL ID: MSRVTT = FEAT newBlip2ClsKF+newMViTv2+newImgCapBlip2KF fsl-9 mcl-20 = Transformer d-512 N_enc-0 N_dec-3 h-4 h_big-4 dp-0.1 = OPTIM lr-0.0001 warmup-3 gamma-0.5 pat-3 wd-5e-06 rg-0.6 = bs-64-gc-5.0-ls-0.15 = 1764762365
Enter the load_video_feats method.
Enter the load_video_feats method.
Enter the load_video_feats method.
#vocabs: 10444 (23046), #words: 1178850 (1194458). Trim words which appear less than 3 times.
{'Total': 53114776, 'Trainable': 53114776}


[EPOCH 1 TRAIN]
time: 187.02 seconds | lr: 0.000033
loss:3.918807 = (1-reg):0.40 * r2l_loss:3.920561 + (reg):0.60 * l2r_loss:3.917638
{'testlen': 2755, 'reflen': 3079, 'guess': [2755, 2258, 1761, 1274], 'correct': [2364, 1402, 696, 292]}
ratio: 0.8947710295547597
{'testlen': 2938, 'reflen': 3195, 'guess': [2938, 2441, 1944, 1447], 'correct': [2559, 1515, 766, 321]}
ratio: 0.9195618153361754
[EPOCH 1 VAL]
time: 76.89 seconds
loss:3.523098 = (1-reg):0.40 * r2l_loss:3.478701 + (reg):0.60 * l2r_loss:3.552696
r2l_scores: {'Bleu_1': 0.7628707197788808, 'Bleu_2': 0.6489332839399394, 'Bleu_3': 0.5289220674446964, 'Bleu_4': 0.41670469177068925, 'METEOR': 0.278175191787246, 'ROUGE_L': 0.606892940748505, 'CIDEr': 0.45233363358206025}
l2r_scores: {'Bleu_1': 0.7980476328664102, 'Bleu_2': 0.6736619114751926, 'Bleu_3': 0.5471951905754759, 'Bleu_4': 0.42718737469807216, 'METEOR': 0.2899920973810622, 'ROUGE_L': 0.6182818461756507, 'CIDEr': 0.44952029541663396}
>> Saving checkpoint to 1.ckpt
>> New best model at epoch 1 | CIDEr: 0.44952029541663396


[EPOCH 2 TRAIN]
time: 184.63 seconds | lr: 0.000056
loss:3.242647 = (1-reg):0.40 * r2l_loss:3.232000 + (reg):0.60 * l2r_loss:3.249744
{'testlen': 2915, 'reflen': 3172, 'guess': [2915, 2418, 1921, 1427], 'correct': [2533, 1524, 773, 323]}
ratio: 0.9189785624208957
{'testlen': 3037, 'reflen': 3234, 'guess': [3037, 2540, 2043, 1546], 'correct': [2658, 1658, 893, 419]}
ratio: 0.9390847247987202
[EPOCH 2 VAL]
time: 78.55 seconds
loss:3.188761 = (1-reg):0.40 * r2l_loss:3.142837 + (reg):0.60 * l2r_loss:3.219377
r2l_scores: {'Bleu_1': 0.795622768564378, 'Bleu_2': 0.6775997277843394, 'Bleu_3': 0.5530567735098595, 'Bleu_4': 0.43271262558731505, 'METEOR': 0.2951783990666596, 'ROUGE_L': 0.6317316196092236, 'CIDEr': 0.5658574258431194}
l2r_scores: {'Bleu_1': 0.8202362499794863, 'Bleu_2': 0.7083685500848144, 'Bleu_3': 0.5901695565460268, 'Bleu_4': 0.4780143442594116, 'METEOR': 0.307291919089963, 'ROUGE_L': 0.6421547956938491, 'CIDEr': 0.5556745859939907}
>> Saving checkpoint to 2.ckpt
>> New best model at epoch 2 | CIDEr: 0.5556745859939907


[EPOCH 3 TRAIN]
time: 181.25 seconds | lr: 0.000078
loss:2.960722 = (1-reg):0.40 * r2l_loss:2.949106 + (reg):0.60 * l2r_loss:2.968465
{'testlen': 3010, 'reflen': 3261, 'guess': [3010, 2513, 2016, 1521], 'correct': [2620, 1606, 831, 347]}
ratio: 0.9230297454765646
{'testlen': 3135, 'reflen': 3334, 'guess': [3135, 2638, 2141, 1644], 'correct': [2782, 1728, 905, 408]}
ratio: 0.9403119376121954
[EPOCH 3 VAL]
time: 79.57 seconds
loss:2.991464 = (1-reg):0.40 * r2l_loss:2.976310 + (reg):0.60 * l2r_loss:3.001566
r2l_scores: {'Bleu_1': 0.8007916602509623, 'Bleu_2': 0.68616517089929, 'Bleu_3': 0.5630982710688952, 'Bleu_4': 0.43998148082575766, 'METEOR': 0.3021371782103324, 'ROUGE_L': 0.6376530798769687, 'CIDEr': 0.6023295510720189}
l2r_scores: {'Bleu_1': 0.8328214924251417, 'Bleu_2': 0.7155279578024002, 'Bleu_3': 0.5878129598776449, 'Bleu_4': 0.46636617197193914, 'METEOR': 0.31151585362557577, 'ROUGE_L': 0.6447005670112959, 'CIDEr': 0.5861212051290711}
>> Saving checkpoint to 3.ckpt
>> New best model at epoch 3 | CIDEr: 0.5861212051290711


[EPOCH 4 TRAIN]
time: 189.71 seconds | lr: 0.000100
loss:2.776031 = (1-reg):0.40 * r2l_loss:2.763250 + (reg):0.60 * l2r_loss:2.784551
{'testlen': 3080, 'reflen': 3298, 'guess': [3080, 2583, 2086, 1591], 'correct': [2646, 1600, 825, 375]}
ratio: 0.9338993329287647
{'testlen': 3260, 'reflen': 3413, 'guess': [3260, 2763, 2266, 1769], 'correct': [2858, 1791, 956, 449]}
ratio: 0.9551714034570891
[EPOCH 4 VAL]
time: 81.67 seconds
loss:2.915720 = (1-reg):0.40 * r2l_loss:2.904092 + (reg):0.60 * l2r_loss:2.923472
r2l_scores: {'Bleu_1': 0.8003871330330791, 'Bleu_2': 0.6796390511582039, 'Bleu_3': 0.5541820094698099, 'Bleu_4': 0.43968822282701575, 'METEOR': 0.2968362289422764, 'ROUGE_L': 0.619997082528749, 'CIDEr': 0.5871958938073023}
l2r_scores: {'Bleu_1': 0.8364925780580903, 'Bleu_2': 0.7192785848904469, 'Bleu_3': 0.5927477374430644, 'Bleu_4': 0.47389968781777353, 'METEOR': 0.31417911675730126, 'ROUGE_L': 0.640938244608577, 'CIDEr': 0.6106191649090408}
>> Saving checkpoint to 4.ckpt
>> New best model at epoch 4 | CIDEr: 0.6106191649090408


[EPOCH 5 TRAIN]
time: 188.23 seconds | lr: 0.000100
loss:2.631366 = (1-reg):0.40 * r2l_loss:2.616826 + (reg):0.60 * l2r_loss:2.641060
{'testlen': 3129, 'reflen': 3326, 'guess': [3129, 2632, 2135, 1638], 'correct': [2675, 1602, 822, 361]}
ratio: 0.9407696933250328
{'testlen': 3261, 'reflen': 3396, 'guess': [3261, 2764, 2267, 1770], 'correct': [2893, 1819, 971, 447]}
ratio: 0.9602473498230388
[EPOCH 5 VAL]
time: 79.88 seconds
loss:2.847507 = (1-reg):0.40 * r2l_loss:2.833780 + (reg):0.60 * l2r_loss:2.856658
r2l_scores: {'Bleu_1': 0.802740728066597, 'Bleu_2': 0.6773365319938165, 'Bleu_3': 0.549431225182988, 'Bleu_4': 0.43042510885688384, 'METEOR': 0.2975730221232853, 'ROUGE_L': 0.6213688836960862, 'CIDEr': 0.6031217838428566}
l2r_scores: {'Bleu_1': 0.8511744180065606, 'Bleu_2': 0.7331065085599014, 'Bleu_3': 0.6044693194178358, 'Bleu_4': 0.4809716661929126, 'METEOR': 0.32359521707536504, 'ROUGE_L': 0.6563206009637085, 'CIDEr': 0.6286015376969558}
>> Saving checkpoint to 5.ckpt
>> New best model at epoch 5 | CIDEr: 0.6286015376969558


[EPOCH 6 TRAIN]
time: 194.83 seconds | lr: 0.000100
loss:2.525607 = (1-reg):0.40 * r2l_loss:2.510895 + (reg):0.60 * l2r_loss:2.535414
{'testlen': 3054, 'reflen': 3291, 'guess': [3054, 2557, 2060, 1565], 'correct': [2652, 1628, 868, 385]}
ratio: 0.9279854147672659
{'testlen': 3330, 'reflen': 3467, 'guess': [3330, 2833, 2336, 1839], 'correct': [2927, 1860, 1010, 474]}
ratio: 0.9604845687911854
[EPOCH 6 VAL]
time: 80.46 seconds
loss:2.823318 = (1-reg):0.40 * r2l_loss:2.818480 + (reg):0.60 * l2r_loss:2.826543
r2l_scores: {'Bleu_1': 0.8035295821303357, 'Bleu_2': 0.6880364759947646, 'Bleu_3': 0.5693652243557435, 'Bleu_4': 0.45274550378314726, 'METEOR': 0.29992785402585054, 'ROUGE_L': 0.6295660998800556, 'CIDEr': 0.6130396369426708}
l2r_scores: {'Bleu_1': 0.8435505605440605, 'Bleu_2': 0.729046213597627, 'Bleu_3': 0.6041764050700444, 'Bleu_4': 0.48328701988765854, 'METEOR': 0.3191958796820686, 'ROUGE_L': 0.6521636783854113, 'CIDEr': 0.6312265712404829}
>> Saving checkpoint to 6.ckpt
>> New best model at epoch 6 | CIDEr: 0.6312265712404829


[EPOCH 7 TRAIN]
time: 194.75 seconds | lr: 0.000100
loss:2.441387 = (1-reg):0.40 * r2l_loss:2.425611 + (reg):0.60 * l2r_loss:2.451905
{'testlen': 3154, 'reflen': 3377, 'guess': [3154, 2657, 2160, 1663], 'correct': [2700, 1629, 848, 386]}
ratio: 0.9339650577432828
{'testlen': 3244, 'reflen': 3396, 'guess': [3244, 2747, 2250, 1753], 'correct': [2863, 1820, 986, 450]}
ratio: 0.9552414605415326
[EPOCH 7 VAL]
time: 82.57 seconds
loss:2.805905 = (1-reg):0.40 * r2l_loss:2.810273 + (reg):0.60 * l2r_loss:2.802993
r2l_scores: {'Bleu_1': 0.7976195228543012, 'Bleu_2': 0.6750089057797781, 'Bleu_3': 0.5503237666605942, 'Bleu_4': 0.4357234068371755, 'METEOR': 0.2993578533308787, 'ROUGE_L': 0.6248177953831442, 'CIDEr': 0.6063436539485927}
l2r_scores: {'Bleu_1': 0.842153612441999, 'Bleu_2': 0.7296715761605502, 'Bleu_3': 0.6060847491660303, 'Bleu_4': 0.4832483388320631, 'METEOR': 0.31898084460314613, 'ROUGE_L': 0.6441165622253863, 'CIDEr': 0.6255110249885243}


[EPOCH 8 TRAIN]
time: 185.42 seconds | lr: 0.000100
loss:2.371355 = (1-reg):0.40 * r2l_loss:2.354663 + (reg):0.60 * l2r_loss:2.382483
{'testlen': 3292, 'reflen': 3432, 'guess': [3292, 2795, 2298, 1801], 'correct': [2814, 1707, 908, 414]}
ratio: 0.9592074592071798
{'testlen': 3257, 'reflen': 3403, 'guess': [3257, 2760, 2263, 1766], 'correct': [2839, 1794, 938, 411]}
ratio: 0.9570966794002477
[EPOCH 8 VAL]
time: 80.70 seconds
loss:2.786237 = (1-reg):0.40 * r2l_loss:2.787645 + (reg):0.60 * l2r_loss:2.785298
r2l_scores: {'Bleu_1': 0.8192093074510298, 'Bleu_2': 0.6924502861414761, 'Bleu_3': 0.5662582527418368, 'Bleu_4': 0.44721382254759856, 'METEOR': 0.30238268266013346, 'ROUGE_L': 0.633093308109014, 'CIDEr': 0.6300061858990562}
l2r_scores: {'Bleu_1': 0.8334503253038399, 'Bleu_2': 0.7197183601702599, 'Bleu_3': 0.5899182675109407, 'Bleu_4': 0.4623168111333413, 'METEOR': 0.3110440796867544, 'ROUGE_L': 0.6342394286469296, 'CIDEr': 0.5956035005211637}


[EPOCH 9 TRAIN]
time: 187.53 seconds | lr: 0.000100
loss:2.311738 = (1-reg):0.40 * r2l_loss:2.296214 + (reg):0.60 * l2r_loss:2.322087
{'testlen': 3164, 'reflen': 3367, 'guess': [3164, 2667, 2170, 1673], 'correct': [2733, 1674, 884, 397]}
ratio: 0.9397089397086607
{'testlen': 3300, 'reflen': 3439, 'guess': [3300, 2803, 2306, 1809], 'correct': [2916, 1852, 1000, 470]}
ratio: 0.959581273625775
[EPOCH 9 VAL]
time: 80.89 seconds
loss:2.781876 = (1-reg):0.40 * r2l_loss:2.784527 + (reg):0.60 * l2r_loss:2.780108
r2l_scores: {'Bleu_1': 0.8101009293068976, 'Bleu_2': 0.6905637402697663, 'Bleu_3': 0.5669072557727775, 'Bleu_4': 0.44873675851238615, 'METEOR': 0.3009678760104348, 'ROUGE_L': 0.6269831970453129, 'CIDEr': 0.6176000220529837}
l2r_scores: {'Bleu_1': 0.8471895102438834, 'Bleu_2': 0.7325760600291966, 'Bleu_3': 0.6065282642250909, 'Bleu_4': 0.48554541017297453, 'METEOR': 0.3222867780845626, 'ROUGE_L': 0.6569473184092786, 'CIDEr': 0.6493836129926961}
>> Saving checkpoint to 9.ckpt
>> New best model at epoch 9 | CIDEr: 0.6493836129926961


[EPOCH 10 TRAIN]
time: 189.21 seconds | lr: 0.000100
loss:2.259611 = (1-reg):0.40 * r2l_loss:2.242653 + (reg):0.60 * l2r_loss:2.270917
{'testlen': 3247, 'reflen': 3421, 'guess': [3247, 2750, 2253, 1756], 'correct': [2814, 1702, 892, 405]}
ratio: 0.9491376790409386
{'testlen': 3221, 'reflen': 3408, 'guess': [3221, 2724, 2227, 1730], 'correct': [2822, 1802, 995, 474]}
ratio: 0.9451291079809433
[EPOCH 10 VAL]
time: 81.13 seconds
loss:2.782155 = (1-reg):0.40 * r2l_loss:2.783640 + (reg):0.60 * l2r_loss:2.781166
r2l_scores: {'Bleu_1': 0.8214267909835818, 'Bleu_2': 0.6941628892393413, 'Bleu_3': 0.565480762868332, 'Bleu_4': 0.4458900375041791, 'METEOR': 0.30136557720770696, 'ROUGE_L': 0.6241733872854303, 'CIDEr': 0.5990016159815925}
l2r_scores: {'Bleu_1': 0.8267089991854145, 'Bleu_2': 0.7183620226387621, 'Bleu_3': 0.6014395607093227, 'Bleu_4': 0.48699404218986647, 'METEOR': 0.31694172713386143, 'ROUGE_L': 0.6492555786863925, 'CIDEr': 0.6349457941954012}


[EPOCH 11 TRAIN]
time: 187.26 seconds | lr: 0.000100
loss:2.212640 = (1-reg):0.40 * r2l_loss:2.195613 + (reg):0.60 * l2r_loss:2.223991
{'testlen': 3255, 'reflen': 3415, 'guess': [3255, 2758, 2261, 1764], 'correct': [2809, 1732, 923, 427]}
ratio: 0.953147877012898
{'testlen': 3373, 'reflen': 3490, 'guess': [3373, 2876, 2379, 1882], 'correct': [2968, 1893, 1033, 488]}
ratio: 0.9664756446988635
[EPOCH 11 VAL]
time: 81.29 seconds
loss:2.776475 = (1-reg):0.40 * r2l_loss:2.795332 + (reg):0.60 * l2r_loss:2.763904
r2l_scores: {'Bleu_1': 0.8215858249748361, 'Bleu_2': 0.7008569388407336, 'Bleu_3': 0.5757987198210074, 'Bleu_4': 0.4579819823904164, 'METEOR': 0.3058547416085859, 'ROUGE_L': 0.6334583994612135, 'CIDEr': 0.6254486458167879}
l2r_scores: {'Bleu_1': 0.8499298580597073, 'Bleu_2': 0.7350894244430163, 'Bleu_3': 0.6096874469023803, 'Bleu_4': 0.48810625531513907, 'METEOR': 0.32143140114961005, 'ROUGE_L': 0.6495696876057717, 'CIDEr': 0.6185537584847575}


[EPOCH 12 TRAIN]
time: 195.16 seconds | lr: 0.000100
loss:2.169876 = (1-reg):0.40 * r2l_loss:2.152643 + (reg):0.60 * l2r_loss:2.181364
{'testlen': 3123, 'reflen': 3333, 'guess': [3123, 2626, 2129, 1632], 'correct': [2688, 1628, 860, 373]}
ratio: 0.9369936993696558
{'testlen': 3377, 'reflen': 3502, 'guess': [3377, 2880, 2383, 1886], 'correct': [2952, 1824, 980, 447]}
ratio: 0.9643061107935568
[EPOCH 12 VAL]
time: 81.10 seconds
loss:2.777617 = (1-reg):0.40 * r2l_loss:2.786174 + (reg):0.60 * l2r_loss:2.771911
r2l_scores: {'Bleu_1': 0.8047370578085996, 'Bleu_2': 0.6829756186313718, 'Bleu_3': 0.5605873631977171, 'Bleu_4': 0.4404826707166152, 'METEOR': 0.29409590386777545, 'ROUGE_L': 0.6204486975222235, 'CIDEr': 0.6120172300608636}
l2r_scores: {'Bleu_1': 0.8423834733986291, 'Bleu_2': 0.7170234589314644, 'Bleu_3': 0.5884340147558055, 'Bleu_4': 0.4644574378512674, 'METEOR': 0.3148848480581753, 'ROUGE_L': 0.6425626061600261, 'CIDEr': 0.6274455449633921}


[EPOCH 13 TRAIN]
time: 194.73 seconds | lr: 0.000100
loss:2.131136 = (1-reg):0.40 * r2l_loss:2.114749 + (reg):0.60 * l2r_loss:2.142060
{'testlen': 3209, 'reflen': 3393, 'guess': [3209, 2712, 2215, 1718], 'correct': [2761, 1666, 867, 386]}
ratio: 0.9457707043911153
{'testlen': 3491, 'reflen': 3589, 'guess': [3491, 2994, 2497, 2000], 'correct': [3000, 1860, 998, 477]}
ratio: 0.9726943438280934
[EPOCH 13 VAL]
time: 82.95 seconds
loss:2.773435 = (1-reg):0.40 * r2l_loss:2.784146 + (reg):0.60 * l2r_loss:2.766294
r2l_scores: {'Bleu_1': 0.812446539900359, 'Bleu_2': 0.6864977285183986, 'Bleu_3': 0.5584794877476643, 'Bleu_4': 0.4384509165258174, 'METEOR': 0.2925179252019289, 'ROUGE_L': 0.6162545686213247, 'CIDEr': 0.6165336796338275}
l2r_scores: {'Bleu_1': 0.835564173769784, 'Bleu_2': 0.7104355442044065, 'Bleu_3': 0.5810184485598598, 'Bleu_4': 0.46181351539987286, 'METEOR': 0.31319812755983245, 'ROUGE_L': 0.6437157551684483, 'CIDEr': 0.6170140651495691}


[EPOCH 14 TRAIN]
time: 190.49 seconds | lr: 0.000100
loss:2.095050 = (1-reg):0.40 * r2l_loss:2.078271 + (reg):0.60 * l2r_loss:2.106236
{'testlen': 3290, 'reflen': 3426, 'guess': [3290, 2793, 2296, 1799], 'correct': [2855, 1737, 926, 420]}
ratio: 0.9603035610038061
{'testlen': 3484, 'reflen': 3568, 'guess': [3484, 2987, 2490, 1993], 'correct': [3071, 1956, 1093, 530]}
ratio: 0.9764573991028653
[EPOCH 14 VAL]
time: 82.40 seconds
loss:2.781338 = (1-reg):0.40 * r2l_loss:2.791942 + (reg):0.60 * l2r_loss:2.774269
r2l_scores: {'Bleu_1': 0.8326406622903619, 'Bleu_2': 0.7048828595052553, 'Bleu_3': 0.5771740562172692, 'Bleu_4': 0.4555609429405154, 'METEOR': 0.30065403336546664, 'ROUGE_L': 0.6291762989187452, 'CIDEr': 0.6140746645877205}
l2r_scores: {'Bleu_1': 0.8604600975251849, 'Bleu_2': 0.7416460948487872, 'Bleu_3': 0.617704980325906, 'Bleu_4': 0.497347840121832, 'METEOR': 0.32769050901372454, 'ROUGE_L': 0.6594977551636748, 'CIDEr': 0.6491115121411453}


[EPOCH 15 TRAIN]
time: 189.71 seconds | lr: 0.000100
loss:2.061174 = (1-reg):0.40 * r2l_loss:2.045036 + (reg):0.60 * l2r_loss:2.071932
{'testlen': 3289, 'reflen': 3442, 'guess': [3289, 2792, 2295, 1798], 'correct': [2806, 1663, 859, 374]}
ratio: 0.9555490993605591
{'testlen': 3541, 'reflen': 3613, 'guess': [3541, 3044, 2547, 2050], 'correct': [3025, 1897, 1034, 496]}
ratio: 0.9800719623578799
[EPOCH 15 VAL]
time: 83.17 seconds
loss:2.783374 = (1-reg):0.40 * r2l_loss:2.798696 + (reg):0.60 * l2r_loss:2.773159
r2l_scores: {'Bleu_1': 0.8143685232062263, 'Bleu_2': 0.6804520081296996, 'Bleu_3': 0.5489518082622042, 'Bleu_4': 0.4257164580371537, 'METEOR': 0.2969658480568484, 'ROUGE_L': 0.6228587215122163, 'CIDEr': 0.5927034061411264}
l2r_scores: {'Bleu_1': 0.8370836101364202, 'Bleu_2': 0.7149578746870983, 'Bleu_3': 0.5880405783099388, 'Bleu_4': 0.4685757106111294, 'METEOR': 0.3167406030574499, 'ROUGE_L': 0.6453002694875295, 'CIDEr': 0.6175627271426942}


[EPOCH 16 TRAIN]
time: 189.39 seconds | lr: 0.000100
loss:2.030332 = (1-reg):0.40 * r2l_loss:2.013943 + (reg):0.60 * l2r_loss:2.041258
{'testlen': 3308, 'reflen': 3455, 'guess': [3308, 2811, 2314, 1817], 'correct': [2834, 1716, 908, 417]}
ratio: 0.9574529667146288
{'testlen': 3489, 'reflen': 3574, 'guess': [3489, 2992, 2495, 1998], 'correct': [2990, 1841, 985, 480]}
ratio: 0.9762171236706838
[EPOCH 16 VAL]
time: 82.20 seconds
loss:2.792096 = (1-reg):0.40 * r2l_loss:2.802823 + (reg):0.60 * l2r_loss:2.784945
r2l_scores: {'Bleu_1': 0.8194742010559191, 'Bleu_2': 0.6917454830363781, 'Bleu_3': 0.5642072980057068, 'Bleu_4': 0.4456044729641328, 'METEOR': 0.3005526435563924, 'ROUGE_L': 0.624717057315962, 'CIDEr': 0.5994168859105489}
l2r_scores: {'Bleu_1': 0.8363533763229106, 'Bleu_2': 0.7086810250791713, 'Bleu_3': 0.5784009023752666, 'Bleu_4': 0.46151737803431964, 'METEOR': 0.31773135331707647, 'ROUGE_L': 0.6362910210445776, 'CIDEr': 0.615308870391955}



[BEST: 9 | SEED: 904666 | VAL-CIDEr: 0.6493836129926961]
{'testlen': 19664, 'reflen': 20642, 'guess': [19664, 16674, 13684, 10696], 'correct': [16777, 10138, 5345, 2482]}
ratio: 0.9526208700706834
{'testlen': 19875, 'reflen': 20792, 'guess': [19875, 16885, 13895, 10905], 'correct': [17471, 11104, 6060, 2848]}
ratio: 0.9558964986532822
time: 405.96 seconds
r2l_scores: {'Bleu_1': 0.8117878760021264, 'Bleu_2': 0.6852950364172837, 'Bleu_3': 0.558851789766199, 'Bleu_4': 0.44306516994509565, 'METEOR': 0.2986007373109715, 'ROUGE_L': 0.6282418317150148, 'CIDEr': 0.6228841309424248}
l2r_scores: {'Bleu_1': 0.8394077781301346, 'Bleu_2': 0.7260338511321419, 'Bleu_3': 0.6032491592423376, 'Bleu_4': 0.48371740397871205, 'METEOR': 0.31448011541839077, 'ROUGE_L': 0.655167029287911, 'CIDEr': 0.6346388420577386}
----------------------------------------
>> [Train time] Total: 3029.33 seconds => Per epoch: 189.33 seconds
>> [Val time] Total: 1295.41 seconds => Per epoch: 80.96 seconds
