Found 1 CUDA device(s)

Device 0: NVIDIA A100-SXM4-40GB
  Total memory bytes: 42296475648
  MultiProcessor count: 108
  Major.Minor: 8.0
  Max threads per block: 2048
  Memory reserved bytes: 0
  Memory allocated bytes: 0
  Free inside reserved bytes: 0
  Active allocations: 0
========================================
MODEL ID: MSRVTT = FEAT newBlip2ClsKF+newMViTv2+newImgCapBlip2KF fsl-13 mcl-20 = Transformer d-512 N_enc-0 N_dec-3 h-8 h_big-8 dp-0.1 = OPTIM lr-0.0001 warmup-3 gamma-0.5 pat-3 wd-5e-06 rg-0.5 = bs-64-gc-5.0-ls-0.15 = 1764637452
Enter the load_video_feats method.
Enter the load_video_feats method.
Enter the load_video_feats method.
#vocabs: 10444 (23046), #words: 1178850 (1194458). Trim words which appear less than 3 times.
{'Total': 53114776, 'Trainable': 53114776}


[EPOCH 1 TRAIN]
time: 195.10 seconds | lr: 0.000033
loss:3.912392 = (1-reg):0.50 * r2l_loss:3.907914 + (reg):0.50 * l2r_loss:3.916871
{'testlen': 2860, 'reflen': 3159, 'guess': [2860, 2363, 1866, 1381], 'correct': [2464, 1452, 727, 305]}
ratio: 0.9053497942383966
{'testlen': 3061, 'reflen': 3290, 'guess': [3061, 2564, 2067, 1570], 'correct': [2648, 1588, 795, 340]}
ratio: 0.9303951367778327
[EPOCH 1 VAL]
time: 75.90 seconds
loss:3.501235 = (1-reg):0.50 * r2l_loss:3.463722 + (reg):0.50 * l2r_loss:3.538748
r2l_scores: {'Bleu_1': 0.776016858854736, 'Bleu_2': 0.6553680550685049, 'Bleu_3': 0.5321857785359212, 'Bleu_4': 0.41612433134219934, 'METEOR': 0.27958460323449474, 'ROUGE_L': 0.6080222927928515, 'CIDEr': 0.47302740522571224}
l2r_scores: {'Bleu_1': 0.8027201151628874, 'Bleu_2': 0.6792084167203564, 'Bleu_3': 0.5480843755296014, 'Bleu_4': 0.4264889231660301, 'METEOR': 0.29110310713042525, 'ROUGE_L': 0.6226447024558655, 'CIDEr': 0.45462611441039263}
>> Saving checkpoint to 1.ckpt
>> New best model at epoch 1 | CIDEr: 0.45462611441039263


[EPOCH 2 TRAIN]
time: 193.14 seconds | lr: 0.000056
loss:3.232806 = (1-reg):0.50 * r2l_loss:3.218767 + (reg):0.50 * l2r_loss:3.246845
{'testlen': 3014, 'reflen': 3249, 'guess': [3014, 2517, 2020, 1523], 'correct': [2612, 1588, 840, 353]}
ratio: 0.9276700523235064
{'testlen': 3077, 'reflen': 3275, 'guess': [3077, 2580, 2083, 1586], 'correct': [2722, 1695, 893, 414]}
ratio: 0.9395419847325376
[EPOCH 2 VAL]
time: 79.05 seconds
loss:3.180128 = (1-reg):0.50 * r2l_loss:3.135646 + (reg):0.50 * l2r_loss:3.224610
r2l_scores: {'Bleu_1': 0.8016193861937949, 'Bleu_2': 0.6839697436009009, 'Bleu_3': 0.56456419071642, 'Bleu_4': 0.44318828133045574, 'METEOR': 0.2978761339782789, 'ROUGE_L': 0.6385023013572116, 'CIDEr': 0.5802482770344153}
l2r_scores: {'Bleu_1': 0.8294963385537218, 'Bleu_2': 0.7148405155118915, 'Bleu_3': 0.5900354682824137, 'Bleu_4': 0.47352873774025855, 'METEOR': 0.307000927147713, 'ROUGE_L': 0.6402676008857104, 'CIDEr': 0.5332192763790639}
>> Saving checkpoint to 2.ckpt
>> New best model at epoch 2 | CIDEr: 0.5332192763790639


[EPOCH 3 TRAIN]
time: 197.50 seconds | lr: 0.000078
loss:2.948854 = (1-reg):0.50 * r2l_loss:2.934139 + (reg):0.50 * l2r_loss:2.963568
{'testlen': 2987, 'reflen': 3226, 'guess': [2987, 2490, 1993, 1497], 'correct': [2597, 1601, 837, 344]}
ratio: 0.925914445133005
{'testlen': 3150, 'reflen': 3335, 'guess': [3150, 2653, 2156, 1659], 'correct': [2814, 1794, 968, 444]}
ratio: 0.9445277361316509
[EPOCH 3 VAL]
time: 78.35 seconds
loss:2.983848 = (1-reg):0.50 * r2l_loss:2.969393 + (reg):0.50 * l2r_loss:2.998302
r2l_scores: {'Bleu_1': 0.802578188222968, 'Bleu_2': 0.690184150047693, 'Bleu_3': 0.5694639672530281, 'Bleu_4': 0.44488371022267387, 'METEOR': 0.30272057334236824, 'ROUGE_L': 0.6383816784235097, 'CIDEr': 0.6031991795312904}
l2r_scores: {'Bleu_1': 0.842378658307467, 'Bleu_2': 0.732897398566787, 'Bleu_3': 0.6103827605995465, 'Bleu_4': 0.48945108364353057, 'METEOR': 0.3159441722344833, 'ROUGE_L': 0.654602599616548, 'CIDEr': 0.5919419141203037}
>> Saving checkpoint to 3.ckpt
>> New best model at epoch 3 | CIDEr: 0.5919419141203037


[EPOCH 4 TRAIN]
time: 192.85 seconds | lr: 0.000100
loss:2.761877 = (1-reg):0.50 * r2l_loss:2.745367 + (reg):0.50 * l2r_loss:2.778388
{'testlen': 3227, 'reflen': 3405, 'guess': [3227, 2730, 2233, 1738], 'correct': [2717, 1580, 807, 353]}
ratio: 0.9477239353888552
{'testlen': 3222, 'reflen': 3385, 'guess': [3222, 2725, 2228, 1731], 'correct': [2844, 1789, 965, 461]}
ratio: 0.9518463810927764
[EPOCH 4 VAL]
time: 81.53 seconds
loss:2.900708 = (1-reg):0.50 * r2l_loss:2.885158 + (reg):0.50 * l2r_loss:2.916257
r2l_scores: {'Bleu_1': 0.7967740240535254, 'Bleu_2': 0.6605976896755367, 'Bleu_3': 0.5304378045678952, 'Bleu_4': 0.41154583278923706, 'METEOR': 0.29380537914905597, 'ROUGE_L': 0.6126452832255848, 'CIDEr': 0.5884239217166797}
l2r_scores: {'Bleu_1': 0.8391376944358464, 'Bleu_2': 0.7236909126047202, 'Bleu_3': 0.5996748656578618, 'Bleu_4': 0.4833871962563076, 'METEOR': 0.3158617216794887, 'ROUGE_L': 0.6401694680088148, 'CIDEr': 0.6247336916342526}
>> Saving checkpoint to 4.ckpt
>> New best model at epoch 4 | CIDEr: 0.6247336916342526


[EPOCH 5 TRAIN]
time: 194.94 seconds | lr: 0.000100
loss:2.614366 = (1-reg):0.50 * r2l_loss:2.595418 + (reg):0.50 * l2r_loss:2.633314
{'testlen': 3192, 'reflen': 3384, 'guess': [3192, 2695, 2198, 1701], 'correct': [2724, 1647, 862, 380]}
ratio: 0.943262411347239
{'testlen': 3178, 'reflen': 3344, 'guess': [3178, 2681, 2184, 1687], 'correct': [2809, 1768, 949, 426]}
ratio: 0.950358851674357
[EPOCH 5 VAL]
time: 82.18 seconds
loss:2.836079 = (1-reg):0.50 * r2l_loss:2.816136 + (reg):0.50 * l2r_loss:2.856023
r2l_scores: {'Bleu_1': 0.8035654289078005, 'Bleu_2': 0.6800119562993613, 'Bleu_3': 0.5547916290626845, 'Bleu_4': 0.43534794761546186, 'METEOR': 0.2940903922186053, 'ROUGE_L': 0.6202714324030407, 'CIDEr': 0.6085708265075493}
l2r_scores: {'Bleu_1': 0.8389051505547817, 'Bleu_2': 0.7246139004990787, 'Bleu_3': 0.600501327224576, 'Bleu_4': 0.4772960733053947, 'METEOR': 0.31573395755321043, 'ROUGE_L': 0.6505946706441409, 'CIDEr': 0.6250492766740094}
>> Saving checkpoint to 5.ckpt
>> New best model at epoch 5 | CIDEr: 0.6250492766740094


[EPOCH 6 TRAIN]
time: 184.80 seconds | lr: 0.000100
loss:2.506086 = (1-reg):0.50 * r2l_loss:2.485163 + (reg):0.50 * l2r_loss:2.527009
{'testlen': 3168, 'reflen': 3369, 'guess': [3168, 2671, 2174, 1678], 'correct': [2700, 1645, 860, 370]}
ratio: 0.9403383793407717
{'testlen': 3301, 'reflen': 3417, 'guess': [3301, 2804, 2307, 1810], 'correct': [2933, 1904, 1054, 496]}
ratio: 0.9660520924784999
[EPOCH 6 VAL]
time: 87.23 seconds
loss:2.811676 = (1-reg):0.50 * r2l_loss:2.804251 + (reg):0.50 * l2r_loss:2.819100
r2l_scores: {'Bleu_1': 0.7998783137954166, 'Bleu_2': 0.679955723709476, 'Bleu_3': 0.5557530269996349, 'Bleu_4': 0.43413535207345266, 'METEOR': 0.2952282825629975, 'ROUGE_L': 0.6251092402973207, 'CIDEr': 0.6204385077647231}
l2r_scores: {'Bleu_1': 0.8578375532634734, 'Bleu_2': 0.749922272683648, 'Bleu_3': 0.6283303130131953, 'Bleu_4': 0.506146704448322, 'METEOR': 0.32649660410543646, 'ROUGE_L': 0.6611995238057538, 'CIDEr': 0.6542378049127082}
>> Saving checkpoint to 6.ckpt
>> New best model at epoch 6 | CIDEr: 0.6542378049127082


[EPOCH 7 TRAIN]
time: 191.05 seconds | lr: 0.000100
loss:2.420073 = (1-reg):0.50 * r2l_loss:2.398357 + (reg):0.50 * l2r_loss:2.441789
{'testlen': 3367, 'reflen': 3507, 'guess': [3367, 2870, 2373, 1876], 'correct': [2835, 1730, 914, 414]}
ratio: 0.9600798403190876
{'testlen': 3324, 'reflen': 3436, 'guess': [3324, 2827, 2330, 1833], 'correct': [2885, 1803, 967, 436]}
ratio: 0.9674039580905217
[EPOCH 7 VAL]
time: 83.72 seconds
loss:2.790984 = (1-reg):0.50 * r2l_loss:2.784807 + (reg):0.50 * l2r_loss:2.797162
r2l_scores: {'Bleu_1': 0.8077034989268478, 'Bleu_2': 0.6834064824827818, 'Bleu_3': 0.5567363198090004, 'Bleu_4': 0.43718428943607157, 'METEOR': 0.3040243882548416, 'ROUGE_L': 0.6323122852516541, 'CIDEr': 0.6249261064303657}
l2r_scores: {'Bleu_1': 0.8391730627020011, 'Bleu_2': 0.7193563681266486, 'Bleu_3': 0.5921637574467525, 'Bleu_4': 0.46747033540561217, 'METEOR': 0.31646963182143606, 'ROUGE_L': 0.6424731560592626, 'CIDEr': 0.6316497491997024}


[EPOCH 8 TRAIN]
time: 193.04 seconds | lr: 0.000100
loss:2.348489 = (1-reg):0.50 * r2l_loss:2.325732 + (reg):0.50 * l2r_loss:2.371246
{'testlen': 3310, 'reflen': 3465, 'guess': [3310, 2813, 2316, 1819], 'correct': [2828, 1713, 913, 411]}
ratio: 0.9552669552666796
{'testlen': 3280, 'reflen': 3419, 'guess': [3280, 2783, 2286, 1789], 'correct': [2833, 1763, 939, 435]}
ratio: 0.9593448376715533
[EPOCH 8 VAL]
time: 82.69 seconds
loss:2.774017 = (1-reg):0.50 * r2l_loss:2.769013 + (reg):0.50 * l2r_loss:2.779021
r2l_scores: {'Bleu_1': 0.8152942108981844, 'Bleu_2': 0.6883074469335448, 'Bleu_3': 0.5627558721917881, 'Bleu_4': 0.4427494639834882, 'METEOR': 0.3017629365084511, 'ROUGE_L': 0.6286355408366948, 'CIDEr': 0.6311139256225126}
l2r_scores: {'Bleu_1': 0.8278815003743678, 'Bleu_2': 0.7090083757011784, 'Bleu_3': 0.5827682036525009, 'Bleu_4': 0.4634367577165151, 'METEOR': 0.3111297866861861, 'ROUGE_L': 0.6312773930123033, 'CIDEr': 0.5885628403088918}


[EPOCH 9 TRAIN]
time: 188.74 seconds | lr: 0.000100
loss:2.286389 = (1-reg):0.50 * r2l_loss:2.262982 + (reg):0.50 * l2r_loss:2.309797
{'testlen': 3230, 'reflen': 3403, 'guess': [3230, 2733, 2236, 1739], 'correct': [2769, 1685, 870, 388]}
ratio: 0.9491625036729506
{'testlen': 3309, 'reflen': 3449, 'guess': [3309, 2812, 2315, 1818], 'correct': [2946, 1892, 1044, 494]}
ratio: 0.9594085242096377
[EPOCH 9 VAL]
time: 86.21 seconds
loss:2.771255 = (1-reg):0.50 * r2l_loss:2.772402 + (reg):0.50 * l2r_loss:2.770109
r2l_scores: {'Bleu_1': 0.8125675217300677, 'Bleu_2': 0.689095445758405, 'Bleu_3': 0.5594763672794822, 'Bleu_4': 0.43868633071843677, 'METEOR': 0.300438689900535, 'ROUGE_L': 0.6244325271923528, 'CIDEr': 0.5952620597297976}
l2r_scores: {'Bleu_1': 0.8534173606279982, 'Bleu_2': 0.7419017464630538, 'Bleu_3': 0.6196635195058706, 'Bleu_4': 0.49894949683461737, 'METEOR': 0.3279754604540228, 'ROUGE_L': 0.6600687581260838, 'CIDEr': 0.6422174664670242}


[EPOCH 10 TRAIN]
time: 190.12 seconds | lr: 0.000100
loss:2.232405 = (1-reg):0.50 * r2l_loss:2.207997 + (reg):0.50 * l2r_loss:2.256812
{'testlen': 3350, 'reflen': 3506, 'guess': [3350, 2853, 2356, 1860], 'correct': [2844, 1717, 870, 381]}
ratio: 0.9555048488303036
{'testlen': 3327, 'reflen': 3466, 'guess': [3327, 2830, 2333, 1836], 'correct': [2882, 1790, 939, 432]}
ratio: 0.9598961338716215
[EPOCH 10 VAL]
time: 85.21 seconds
loss:2.773026 = (1-reg):0.50 * r2l_loss:2.768545 + (reg):0.50 * l2r_loss:2.777507
r2l_scores: {'Bleu_1': 0.8103281433743772, 'Bleu_2': 0.6822645273775712, 'Bleu_3': 0.5474467677030573, 'Bleu_4': 0.42320760583118455, 'METEOR': 0.2961279715626765, 'ROUGE_L': 0.6231378453340446, 'CIDEr': 0.5984851877161591}
l2r_scores: {'Bleu_1': 0.8308002548039104, 'Bleu_2': 0.709919868591406, 'Bleu_3': 0.5794397973385509, 'Bleu_4': 0.45774421995880854, 'METEOR': 0.3136169927081796, 'ROUGE_L': 0.6396605675660003, 'CIDEr': 0.6020285881913333}


[EPOCH 11 TRAIN]
time: 199.58 seconds | lr: 0.000100
loss:2.183291 = (1-reg):0.50 * r2l_loss:2.158024 + (reg):0.50 * l2r_loss:2.208557
{'testlen': 3267, 'reflen': 3420, 'guess': [3267, 2770, 2273, 1776], 'correct': [2773, 1666, 877, 392]}
ratio: 0.9552631578944575
{'testlen': 3421, 'reflen': 3512, 'guess': [3421, 2924, 2427, 1930], 'correct': [2954, 1833, 995, 452]}
ratio: 0.9740888382685153
[EPOCH 11 VAL]
time: 84.02 seconds
loss:2.772253 = (1-reg):0.50 * r2l_loss:2.779016 + (reg):0.50 * l2r_loss:2.765491
r2l_scores: {'Bleu_1': 0.8099568357697093, 'Bleu_2': 0.6818033354657237, 'Bleu_3': 0.5552132819637657, 'Bleu_4': 0.43573349594923727, 'METEOR': 0.2991771251994024, 'ROUGE_L': 0.621866297993964, 'CIDEr': 0.6081722436039311}
l2r_scores: {'Bleu_1': 0.840823818768199, 'Bleu_2': 0.7164218878586435, 'Bleu_3': 0.5895394360820231, 'Bleu_4': 0.46493455481860746, 'METEOR': 0.31424081565535383, 'ROUGE_L': 0.6402253856326225, 'CIDEr': 0.6131549871632396}


[EPOCH 12 TRAIN]
time: 193.10 seconds | lr: 0.000100
loss:2.139572 = (1-reg):0.50 * r2l_loss:2.113915 + (reg):0.50 * l2r_loss:2.165228
{'testlen': 3276, 'reflen': 3433, 'guess': [3276, 2779, 2282, 1785], 'correct': [2772, 1671, 872, 384]}
ratio: 0.9542674046021106
{'testlen': 3367, 'reflen': 3473, 'guess': [3367, 2870, 2373, 1876], 'correct': [2913, 1813, 949, 417]}
ratio: 0.969478836740291
[EPOCH 12 VAL]
time: 83.87 seconds
loss:2.778485 = (1-reg):0.50 * r2l_loss:2.776956 + (reg):0.50 * l2r_loss:2.780015
r2l_scores: {'Bleu_1': 0.8065588757043288, 'Bleu_2': 0.6799161543573093, 'Bleu_3': 0.552203856644535, 'Bleu_4': 0.43106673795933026, 'METEOR': 0.2977954877263571, 'ROUGE_L': 0.6164695928978492, 'CIDEr': 0.6094895982990776}
l2r_scores: {'Bleu_1': 0.838349086965295, 'Bleu_2': 0.7163646803538649, 'Bleu_3': 0.5836978729704957, 'Bleu_4': 0.4549343924110356, 'METEOR': 0.3145691711852309, 'ROUGE_L': 0.6427225431035122, 'CIDEr': 0.6287732762961465}


[EPOCH 13 TRAIN]
time: 194.78 seconds | lr: 0.000100
loss:2.098974 = (1-reg):0.50 * r2l_loss:2.074103 + (reg):0.50 * l2r_loss:2.123844
{'testlen': 3249, 'reflen': 3414, 'guess': [3249, 2752, 2255, 1759], 'correct': [2760, 1660, 866, 380]}
ratio: 0.9516695957817951
{'testlen': 3440, 'reflen': 3526, 'guess': [3440, 2943, 2446, 1949], 'correct': [2991, 1892, 1036, 488]}
ratio: 0.9756097560972843
[EPOCH 13 VAL]
time: 84.93 seconds
loss:2.775282 = (1-reg):0.50 * r2l_loss:2.777709 + (reg):0.50 * l2r_loss:2.772854
r2l_scores: {'Bleu_1': 0.8074279661766854, 'Bleu_2': 0.6803837483301137, 'Bleu_3': 0.5528507145235437, 'Bleu_4': 0.4315900759923395, 'METEOR': 0.2948466780080944, 'ROUGE_L': 0.615030861738137, 'CIDEr': 0.5975399906525518}
l2r_scores: {'Bleu_1': 0.848009286882281, 'Bleu_2': 0.7291838782935589, 'Bleu_3': 0.603355606072447, 'Bleu_4': 0.4812465946962649, 'METEOR': 0.31923492427490485, 'ROUGE_L': 0.6449770757179714, 'CIDEr': 0.6275057477196007}


[EPOCH 14 TRAIN]
time: 188.87 seconds | lr: 0.000050
loss:2.014457 = (1-reg):0.50 * r2l_loss:1.986776 + (reg):0.50 * l2r_loss:2.042137
{'testlen': 3258, 'reflen': 3421, 'guess': [3258, 2761, 2264, 1767], 'correct': [2760, 1636, 855, 376]}
ratio: 0.952353113124539
{'testlen': 3499, 'reflen': 3587, 'guess': [3499, 3002, 2505, 2008], 'correct': [3008, 1876, 1009, 472]}
ratio: 0.9754669640365277
[EPOCH 14 VAL]
time: 87.65 seconds
loss:2.779883 = (1-reg):0.50 * r2l_loss:2.785731 + (reg):0.50 * l2r_loss:2.774034
r2l_scores: {'Bleu_1': 0.8058049815486605, 'Bleu_2': 0.6739216262987708, 'Bleu_3': 0.5464202782890732, 'Bleu_4': 0.426285849376692, 'METEOR': 0.2917380345400399, 'ROUGE_L': 0.6175798414583233, 'CIDEr': 0.5962144372224649}
l2r_scores: {'Bleu_1': 0.8383229673625695, 'Bleu_2': 0.7147521871005589, 'Bleu_3': 0.5854511081333169, 'Bleu_4': 0.46310760789069616, 'METEOR': 0.3139646230624982, 'ROUGE_L': 0.6432077245985616, 'CIDEr': 0.6291207577827862}


[EPOCH 15 TRAIN]
time: 192.73 seconds | lr: 0.000050
loss:1.984039 = (1-reg):0.50 * r2l_loss:1.956910 + (reg):0.50 * l2r_loss:2.011168
{'testlen': 3258, 'reflen': 3421, 'guess': [3258, 2761, 2264, 1768], 'correct': [2781, 1674, 885, 395]}
ratio: 0.952353113124539
{'testlen': 3534, 'reflen': 3617, 'guess': [3534, 3037, 2540, 2043], 'correct': [3042, 1889, 1027, 500]}
ratio: 0.9770528061927075
[EPOCH 15 VAL]
time: 89.25 seconds
loss:2.780435 = (1-reg):0.50 * r2l_loss:2.788134 + (reg):0.50 * l2r_loss:2.772735
r2l_scores: {'Bleu_1': 0.8119361064082699, 'Bleu_2': 0.6842919386113444, 'Bleu_3': 0.5583937480852355, 'Bleu_4': 0.43858331475206547, 'METEOR': 0.29518868049516295, 'ROUGE_L': 0.61462929831689, 'CIDEr': 0.5848176285678568}
l2r_scores: {'Bleu_1': 0.8408001216359036, 'Bleu_2': 0.7147267168871078, 'Bleu_3': 0.5865057674544242, 'Bleu_4': 0.4686295284449838, 'METEOR': 0.3188422246880053, 'ROUGE_L': 0.6467864596583464, 'CIDEr': 0.6121239003835077}


[EPOCH 16 TRAIN]
time: 197.60 seconds | lr: 0.000050
loss:1.960065 = (1-reg):0.50 * r2l_loss:1.932940 + (reg):0.50 * l2r_loss:1.987190
{'testlen': 3258, 'reflen': 3411, 'guess': [3258, 2761, 2264, 1768], 'correct': [2745, 1624, 835, 364]}
ratio: 0.9551451187332293
{'testlen': 3523, 'reflen': 3586, 'guess': [3523, 3026, 2529, 2032], 'correct': [3022, 1874, 1012, 475]}
ratio: 0.9824316787504231
[EPOCH 16 VAL]
time: 88.19 seconds
loss:2.788996 = (1-reg):0.50 * r2l_loss:2.796332 + (reg):0.50 * l2r_loss:2.781660
r2l_scores: {'Bleu_1': 0.8038892555161247, 'Bleu_2': 0.6716768788237596, 'Bleu_3': 0.5414752393634156, 'Bleu_4': 0.4202328233092452, 'METEOR': 0.28727188523694847, 'ROUGE_L': 0.6060989482331204, 'CIDEr': 0.5627799647519122}
l2r_scores: {'Bleu_1': 0.8425885469622859, 'Bleu_2': 0.7159372754013601, 'Bleu_3': 0.586235061412881, 'Bleu_4': 0.4637722426356388, 'METEOR': 0.31724515633846456, 'ROUGE_L': 0.6510928244681317, 'CIDEr': 0.640559126104004}



[BEST: 6 | SEED: 904666 | VAL-CIDEr: 0.6542378049127082]
{'testlen': 19325, 'reflen': 20453, 'guess': [19325, 16335, 13345, 10362], 'correct': [16405, 9928, 5187, 2348]}
ratio: 0.9448491663814137
{'testlen': 20250, 'reflen': 21061, 'guess': [20250, 17260, 14270, 11280], 'correct': [17732, 11324, 6161, 2878]}
ratio: 0.9614928066093271
time: 439.16 seconds
r2l_scores: {'Bleu_1': 0.8007684778148819, 'Bleu_2': 0.6775633672070767, 'Bleu_3': 0.5521400462199718, 'Bleu_4': 0.43552503144975, 'METEOR': 0.29379701305724093, 'ROUGE_L': 0.6246707808389297, 'CIDEr': 0.6124084501923309}
l2r_scores: {'Bleu_1': 0.8412778783405598, 'Bleu_2': 0.7282033227746899, 'Bleu_3': 0.6036424513900774, 'Bleu_4': 0.4818722829141631, 'METEOR': 0.31532386886278296, 'ROUGE_L': 0.6515939887785006, 'CIDEr': 0.6410259584349473}
----------------------------------------
>> [Train time] Total: 3087.96 seconds => Per epoch: 193.00 seconds
>> [Val time] Total: 1339.96 seconds => Per epoch: 83.75 seconds
