Found 1 CUDA device(s)

Device 0: NVIDIA A100-SXM4-40GB
  Total memory bytes: 42296475648
  MultiProcessor count: 108
  Major.Minor: 8.0
  Max threads per block: 2048
  Memory reserved bytes: 0
  Memory allocated bytes: 0
  Free inside reserved bytes: 0
  Active allocations: 0
========================================
MODEL ID: MSRVTT = FEAT newBlip2ClsKF+newMViTv2+newImgCapBlip2KF fsl-16 mcl-20 = Transformer d-512 N_enc-0 N_dec-3 h-4 h_big-4 dp-0.1 = OPTIM lr-0.0001 warmup-3 gamma-0.5 pat-3 wd-5e-06 rg-0.6 = bs-64-gc-5.0-ls-0.15 = 1764762756
Enter the load_video_feats method.
Enter the load_video_feats method.
Enter the load_video_feats method.
#vocabs: 10444 (23046), #words: 1178850 (1194458). Trim words which appear less than 3 times.
{'Total': 53114776, 'Trainable': 53114776}


[EPOCH 1 TRAIN]
time: 200.51 seconds | lr: 0.000033
loss:3.917343 = (1-reg):0.40 * r2l_loss:3.918482 + (reg):0.60 * l2r_loss:3.916584
{'testlen': 2875, 'reflen': 3161, 'guess': [2875, 2378, 1881, 1390], 'correct': [2463, 1423, 716, 297]}
ratio: 0.9095223030683615
{'testlen': 3114, 'reflen': 3322, 'guess': [3114, 2617, 2120, 1623], 'correct': [2688, 1604, 814, 359]}
ratio: 0.937387116194781
[EPOCH 1 VAL]
time: 76.49 seconds
loss:3.521014 = (1-reg):0.40 * r2l_loss:3.470442 + (reg):0.60 * l2r_loss:3.554729
r2l_scores: {'Bleu_1': 0.7755748241475521, 'Bleu_2': 0.6481968953034765, 'Bleu_3': 0.5251037099831902, 'Bleu_4': 0.40908966920702144, 'METEOR': 0.28014985158014477, 'ROUGE_L': 0.6060886764036154, 'CIDEr': 0.45248062176582}
l2r_scores: {'Bleu_1': 0.8074244653928214, 'Bleu_2': 0.6803727282191252, 'Bleu_3': 0.5498672605573884, 'Bleu_4': 0.43066064947821603, 'METEOR': 0.29186721847936953, 'ROUGE_L': 0.622852518039183, 'CIDEr': 0.4489488081374489}
>> Saving checkpoint to 1.ckpt
>> New best model at epoch 1 | CIDEr: 0.4489488081374489


[EPOCH 2 TRAIN]
time: 198.11 seconds | lr: 0.000056
loss:3.241423 = (1-reg):0.40 * r2l_loss:3.230031 + (reg):0.60 * l2r_loss:3.249018
{'testlen': 2860, 'reflen': 3125, 'guess': [2860, 2363, 1866, 1370], 'correct': [2494, 1527, 798, 333]}
ratio: 0.9151999999997071
{'testlen': 3024, 'reflen': 3237, 'guess': [3024, 2527, 2030, 1534], 'correct': [2634, 1626, 871, 403]}
ratio: 0.9341983317884046
[EPOCH 2 VAL]
time: 77.70 seconds
loss:3.189102 = (1-reg):0.40 * r2l_loss:3.139029 + (reg):0.60 * l2r_loss:3.222485
r2l_scores: {'Bleu_1': 0.7948585376436023, 'Bleu_2': 0.6842460406892701, 'Bleu_3': 0.5672289940800699, 'Bleu_4': 0.44842476560988664, 'METEOR': 0.29459222064517565, 'ROUGE_L': 0.6311369497044322, 'CIDEr': 0.5678939606443653}
l2r_scores: {'Bleu_1': 0.8117901867318905, 'Bleu_2': 0.6977252739156451, 'Bleu_3': 0.5795625038624703, 'Bleu_4': 0.4672481440161488, 'METEOR': 0.3072074205730914, 'ROUGE_L': 0.6353775398550753, 'CIDEr': 0.5408839155090113}
>> Saving checkpoint to 2.ckpt
>> New best model at epoch 2 | CIDEr: 0.5408839155090113


[EPOCH 3 TRAIN]
time: 199.99 seconds | lr: 0.000078
loss:2.959323 = (1-reg):0.40 * r2l_loss:2.946584 + (reg):0.60 * l2r_loss:2.967815
{'testlen': 2954, 'reflen': 3206, 'guess': [2954, 2457, 1960, 1465], 'correct': [2589, 1569, 805, 326]}
ratio: 0.9213973799123764
{'testlen': 3220, 'reflen': 3396, 'guess': [3220, 2723, 2226, 1729], 'correct': [2852, 1778, 939, 425]}
ratio: 0.9481743227323475
[EPOCH 3 VAL]
time: 80.21 seconds
loss:2.994024 = (1-reg):0.40 * r2l_loss:2.981337 + (reg):0.60 * l2r_loss:3.002483
r2l_scores: {'Bleu_1': 0.8047717837432058, 'Bleu_2': 0.6869432412527338, 'Bleu_3': 0.5624849413562643, 'Bleu_4': 0.43668267737739613, 'METEOR': 0.2989142907768419, 'ROUGE_L': 0.6344112028323773, 'CIDEr': 0.595672644897876}
l2r_scores: {'Bleu_1': 0.8386018467228588, 'Bleu_2': 0.7200307555116713, 'Bleu_3': 0.5916091704475916, 'Bleu_4': 0.46853301470073516, 'METEOR': 0.3168511009766555, 'ROUGE_L': 0.6518665515514219, 'CIDEr': 0.5974778881317554}
>> Saving checkpoint to 3.ckpt
>> New best model at epoch 3 | CIDEr: 0.5974778881317554


[EPOCH 4 TRAIN]
time: 199.49 seconds | lr: 0.000100
loss:2.773962 = (1-reg):0.40 * r2l_loss:2.761430 + (reg):0.60 * l2r_loss:2.782316
{'testlen': 3120, 'reflen': 3341, 'guess': [3120, 2623, 2126, 1631], 'correct': [2671, 1581, 807, 348]}
ratio: 0.9338521400775415
{'testlen': 3299, 'reflen': 3428, 'guess': [3299, 2802, 2305, 1808], 'correct': [2900, 1843, 999, 473]}
ratio: 0.9623687281210728
[EPOCH 4 VAL]
time: 80.78 seconds
loss:2.915712 = (1-reg):0.40 * r2l_loss:2.900597 + (reg):0.60 * l2r_loss:2.925788
r2l_scores: {'Bleu_1': 0.7975478859658389, 'Bleu_2': 0.6692122942270284, 'Bleu_3': 0.5410347873141497, 'Bleu_4': 0.42122058009503716, 'METEOR': 0.29408818123249697, 'ROUGE_L': 0.6175712511551772, 'CIDEr': 0.5950265503015952}
l2r_scores: {'Bleu_1': 0.8453441861531789, 'Bleu_2': 0.7312305561624926, 'Bleu_3': 0.6062806434161594, 'Bleu_4': 0.4866037233750051, 'METEOR': 0.31905883026520626, 'ROUGE_L': 0.6444852849800605, 'CIDEr': 0.6265987048081794}
>> Saving checkpoint to 4.ckpt
>> New best model at epoch 4 | CIDEr: 0.6265987048081794


[EPOCH 5 TRAIN]
time: 197.18 seconds | lr: 0.000100
loss:2.628357 = (1-reg):0.40 * r2l_loss:2.614427 + (reg):0.60 * l2r_loss:2.637644
{'testlen': 3081, 'reflen': 3307, 'guess': [3081, 2584, 2087, 1590], 'correct': [2638, 1569, 820, 354]}
ratio: 0.9316601149074897
{'testlen': 3251, 'reflen': 3383, 'guess': [3251, 2754, 2257, 1760], 'correct': [2865, 1792, 975, 443]}
ratio: 0.9609813774753293
[EPOCH 5 VAL]
time: 81.37 seconds
loss:2.849839 = (1-reg):0.40 * r2l_loss:2.836450 + (reg):0.60 * l2r_loss:2.858766
r2l_scores: {'Bleu_1': 0.7956578892874843, 'Bleu_2': 0.6700389417473746, 'Bleu_3': 0.5472825369566494, 'Bleu_4': 0.4291370856503484, 'METEOR': 0.2882766722311588, 'ROUGE_L': 0.613888599795197, 'CIDEr': 0.593026646742073}
l2r_scores: {'Bleu_1': 0.846201995445582, 'Bleu_2': 0.7271219438114465, 'Bleu_3': 0.6030472146941839, 'Bleu_4': 0.4798194500366986, 'METEOR': 0.3162742427320687, 'ROUGE_L': 0.6456522454676061, 'CIDEr': 0.6108826819907905}


[EPOCH 6 TRAIN]
time: 200.30 seconds | lr: 0.000100
loss:2.521813 = (1-reg):0.40 * r2l_loss:2.506624 + (reg):0.60 * l2r_loss:2.531939
{'testlen': 3168, 'reflen': 3361, 'guess': [3168, 2671, 2174, 1679], 'correct': [2721, 1662, 891, 389]}
ratio: 0.9425766141026651
{'testlen': 3357, 'reflen': 3465, 'guess': [3357, 2860, 2363, 1866], 'correct': [2963, 1913, 1067, 513]}
ratio: 0.9688311688308893
[EPOCH 6 VAL]
time: 81.76 seconds
loss:2.821284 = (1-reg):0.40 * r2l_loss:2.814227 + (reg):0.60 * l2r_loss:2.825988
r2l_scores: {'Bleu_1': 0.8081377669667513, 'Bleu_2': 0.6878476922533201, 'Bleu_3': 0.5671721828722913, 'Bleu_4': 0.44657707706800426, 'METEOR': 0.3004956601840776, 'ROUGE_L': 0.6336298007675499, 'CIDEr': 0.6238054824600444}
l2r_scores: {'Bleu_1': 0.8546895023259595, 'Bleu_2': 0.7440338308129092, 'Bleu_3': 0.6232152059126204, 'Bleu_4': 0.5038334266357934, 'METEOR': 0.32516358964433556, 'ROUGE_L': 0.6584971396508454, 'CIDEr': 0.6545458498973478}
>> Saving checkpoint to 6.ckpt
>> New best model at epoch 6 | CIDEr: 0.6545458498973478


[EPOCH 7 TRAIN]
time: 200.75 seconds | lr: 0.000100
loss:2.437767 = (1-reg):0.40 * r2l_loss:2.421878 + (reg):0.60 * l2r_loss:2.448360
{'testlen': 3164, 'reflen': 3371, 'guess': [3164, 2667, 2170, 1673], 'correct': [2737, 1639, 875, 395]}
ratio: 0.9385938890534148
{'testlen': 3339, 'reflen': 3457, 'guess': [3339, 2842, 2345, 1848], 'correct': [2885, 1777, 929, 406]}
ratio: 0.9658663581136923
[EPOCH 7 VAL]
time: 82.06 seconds
loss:2.799722 = (1-reg):0.40 * r2l_loss:2.798511 + (reg):0.60 * l2r_loss:2.800529
r2l_scores: {'Bleu_1': 0.8102615887438013, 'Bleu_2': 0.6829423724140957, 'Bleu_3': 0.5605759417458462, 'Bleu_4': 0.444270894466748, 'METEOR': 0.2996402760020558, 'ROUGE_L': 0.6277471605348357, 'CIDEr': 0.6204044321109105}
l2r_scores: {'Bleu_1': 0.8340296020951319, 'Bleu_2': 0.7094935361276475, 'Bleu_3': 0.5773962248345701, 'Bleu_4': 0.4494946100305335, 'METEOR': 0.3112151500273247, 'ROUGE_L': 0.6327057160320835, 'CIDEr': 0.6062987827289117}


[EPOCH 8 TRAIN]
time: 200.92 seconds | lr: 0.000100
loss:2.368395 = (1-reg):0.40 * r2l_loss:2.351497 + (reg):0.60 * l2r_loss:2.379659
{'testlen': 3300, 'reflen': 3470, 'guess': [3300, 2803, 2306, 1809], 'correct': [2804, 1720, 907, 409]}
ratio: 0.9510086455328671
{'testlen': 3371, 'reflen': 3496, 'guess': [3371, 2874, 2377, 1880], 'correct': [2907, 1820, 996, 461]}
ratio: 0.9642448512583054
[EPOCH 8 VAL]
time: 83.83 seconds
loss:2.781629 = (1-reg):0.40 * r2l_loss:2.777860 + (reg):0.60 * l2r_loss:2.784141
r2l_scores: {'Bleu_1': 0.8070330553133127, 'Bleu_2': 0.6858228698285633, 'Bleu_3': 0.5601010517530981, 'Bleu_4': 0.4407352531957001, 'METEOR': 0.30036582207739, 'ROUGE_L': 0.6246241039883244, 'CIDEr': 0.6185493533051685}
l2r_scores: {'Bleu_1': 0.8309640056655012, 'Bleu_2': 0.7120842574238518, 'Bleu_3': 0.5893812103064658, 'Bleu_4': 0.46898285587889416, 'METEOR': 0.32079847646684456, 'ROUGE_L': 0.6434683914314139, 'CIDEr': 0.5959432078105796}


[EPOCH 9 TRAIN]
time: 199.06 seconds | lr: 0.000100
loss:2.308226 = (1-reg):0.40 * r2l_loss:2.291519 + (reg):0.60 * l2r_loss:2.319364
{'testlen': 3121, 'reflen': 3339, 'guess': [3121, 2624, 2127, 1630], 'correct': [2728, 1669, 872, 380]}
ratio: 0.934710991314485
{'testlen': 3266, 'reflen': 3405, 'guess': [3266, 2769, 2272, 1775], 'correct': [2873, 1815, 997, 457]}
ratio: 0.959177679882244
[EPOCH 9 VAL]
time: 80.95 seconds
loss:2.779096 = (1-reg):0.40 * r2l_loss:2.781877 + (reg):0.60 * l2r_loss:2.777241
r2l_scores: {'Bleu_1': 0.815108430893832, 'Bleu_2': 0.6953225905113178, 'Bleu_3': 0.5696334543358809, 'Bleu_4': 0.44772547976759086, 'METEOR': 0.300597136120712, 'ROUGE_L': 0.6331525990996055, 'CIDEr': 0.6157038433623176}
l2r_scores: {'Bleu_1': 0.8430163546672539, 'Bleu_2': 0.7277012385860621, 'Bleu_3': 0.6061357106422263, 'Bleu_4': 0.4841567630814564, 'METEOR': 0.3213802691337109, 'ROUGE_L': 0.6532216537581312, 'CIDEr': 0.6286737008896723}


[EPOCH 10 TRAIN]
time: 199.90 seconds | lr: 0.000100
loss:2.254951 = (1-reg):0.40 * r2l_loss:2.237761 + (reg):0.60 * l2r_loss:2.266410
{'testlen': 3183, 'reflen': 3375, 'guess': [3183, 2686, 2189, 1694], 'correct': [2762, 1708, 893, 393]}
ratio: 0.9431111111108317
{'testlen': 3136, 'reflen': 3320, 'guess': [3136, 2639, 2142, 1645], 'correct': [2760, 1713, 920, 413]}
ratio: 0.9445783132527276
[EPOCH 10 VAL]
time: 81.56 seconds
loss:2.780586 = (1-reg):0.40 * r2l_loss:2.776415 + (reg):0.60 * l2r_loss:2.783366
r2l_scores: {'Bleu_1': 0.8169400657755574, 'Bleu_2': 0.6993387729553127, 'Bleu_3': 0.572701108908787, 'Bleu_4': 0.4500560396511046, 'METEOR': 0.30201935333328556, 'ROUGE_L': 0.6298519127327233, 'CIDEr': 0.6170159033261747}
l2r_scores: {'Bleu_1': 0.8299491109766378, 'Bleu_2': 0.7127610130218084, 'Bleu_3': 0.5903708284701055, 'Bleu_4': 0.4698068165343152, 'METEOR': 0.31333392172299973, 'ROUGE_L': 0.6446314215749956, 'CIDEr': 0.5988272387869962}


[EPOCH 11 TRAIN]
time: 199.37 seconds | lr: 0.000100
loss:2.207843 = (1-reg):0.40 * r2l_loss:2.189531 + (reg):0.60 * l2r_loss:2.220051
{'testlen': 3173, 'reflen': 3347, 'guess': [3173, 2676, 2179, 1682], 'correct': [2799, 1747, 926, 416]}
ratio: 0.9480131461007028
{'testlen': 3363, 'reflen': 3483, 'guess': [3363, 2866, 2369, 1872], 'correct': [2937, 1862, 1013, 468]}
ratio: 0.9655469422908511
[EPOCH 11 VAL]
time: 82.96 seconds
loss:2.773093 = (1-reg):0.40 * r2l_loss:2.783923 + (reg):0.60 * l2r_loss:2.765873
r2l_scores: {'Bleu_1': 0.8350589188669232, 'Bleu_2': 0.7183797862092711, 'Bleu_3': 0.5921277554852399, 'Bleu_4': 0.4695420286383698, 'METEOR': 0.3042092288511351, 'ROUGE_L': 0.6321967313998549, 'CIDEr': 0.6203135491140096}
l2r_scores: {'Bleu_1': 0.8427143675310056, 'Bleu_2': 0.7268480070947363, 'Bleu_3': 0.6018361961767312, 'Bleu_4': 0.47887212748887276, 'METEOR': 0.31616603624580597, 'ROUGE_L': 0.6452831729781666, 'CIDEr': 0.6112675735400053}


[EPOCH 12 TRAIN]
time: 200.62 seconds | lr: 0.000100
loss:2.165080 = (1-reg):0.40 * r2l_loss:2.148211 + (reg):0.60 * l2r_loss:2.176325
{'testlen': 3200, 'reflen': 3400, 'guess': [3200, 2703, 2206, 1709], 'correct': [2769, 1714, 912, 409]}
ratio: 0.9411764705879585
{'testlen': 3346, 'reflen': 3460, 'guess': [3346, 2849, 2352, 1855], 'correct': [2938, 1852, 1012, 463]}
ratio: 0.9670520231211078
[EPOCH 12 VAL]
time: 82.56 seconds
loss:2.782023 = (1-reg):0.40 * r2l_loss:2.788687 + (reg):0.60 * l2r_loss:2.777581
r2l_scores: {'Bleu_1': 0.8128858659152778, 'Bleu_2': 0.6958657630931167, 'Bleu_3': 0.5729265583930763, 'Bleu_4': 0.45345445820671004, 'METEOR': 0.3018472964454881, 'ROUGE_L': 0.6323826367951108, 'CIDEr': 0.6366314131090193}
l2r_scores: {'Bleu_1': 0.8486511631456956, 'Bleu_2': 0.7301978500965756, 'Bleu_3': 0.605260803865143, 'Bleu_4': 0.48091355804205776, 'METEOR': 0.31924532254403093, 'ROUGE_L': 0.6493926580321515, 'CIDEr': 0.6394309174080212}


[EPOCH 13 TRAIN]
time: 199.41 seconds | lr: 0.000100
loss:2.126396 = (1-reg):0.40 * r2l_loss:2.109176 + (reg):0.60 * l2r_loss:2.137876
{'testlen': 3197, 'reflen': 3370, 'guess': [3197, 2700, 2203, 1706], 'correct': [2711, 1615, 813, 347]}
ratio: 0.9486646884270182
{'testlen': 3389, 'reflen': 3489, 'guess': [3389, 2892, 2395, 1898], 'correct': [2972, 1901, 1025, 461]}
ratio: 0.971338492404422
[EPOCH 13 VAL]
time: 82.48 seconds
loss:2.773372 = (1-reg):0.40 * r2l_loss:2.780430 + (reg):0.60 * l2r_loss:2.768667
r2l_scores: {'Bleu_1': 0.8033148652734156, 'Bleu_2': 0.6746783035118799, 'Bleu_3': 0.5419045777402023, 'Bleu_4': 0.4184604881765774, 'METEOR': 0.2883132700031105, 'ROUGE_L': 0.6125256779176107, 'CIDEr': 0.5940789795107311}
l2r_scores: {'Bleu_1': 0.8514563905550172, 'Bleu_2': 0.7371666945243904, 'Bleu_3': 0.6089453388505512, 'Bleu_4': 0.4803758937740312, 'METEOR': 0.32158752949005365, 'ROUGE_L': 0.653992259887017, 'CIDEr': 0.6236083790188962}


[EPOCH 14 TRAIN]
time: 198.00 seconds | lr: 0.000100
loss:2.089977 = (1-reg):0.40 * r2l_loss:2.073445 + (reg):0.60 * l2r_loss:2.100998
{'testlen': 3312, 'reflen': 3471, 'guess': [3312, 2815, 2318, 1821], 'correct': [2817, 1713, 901, 398]}
ratio: 0.9541918755399152
{'testlen': 3388, 'reflen': 3489, 'guess': [3388, 2891, 2394, 1897], 'correct': [2978, 1904, 1036, 484]}
ratio: 0.9710518773284692
[EPOCH 14 VAL]
time: 84.51 seconds
loss:2.780427 = (1-reg):0.40 * r2l_loss:2.796701 + (reg):0.60 * l2r_loss:2.769578
r2l_scores: {'Bleu_1': 0.8106758520243862, 'Bleu_2': 0.6857068044921033, 'Bleu_3': 0.5584869100520727, 'Bleu_4': 0.43645624292506985, 'METEOR': 0.2978221371127756, 'ROUGE_L': 0.622167647682193, 'CIDEr': 0.6088452739030727}
l2r_scores: {'Bleu_1': 0.8531678792145383, 'Bleu_2': 0.7385047222947538, 'Bleu_3': 0.6118784001212929, 'Bleu_4': 0.4880413847441722, 'METEOR': 0.3179841386924137, 'ROUGE_L': 0.6461746413243181, 'CIDEr': 0.642337964823241}


[EPOCH 15 TRAIN]
time: 200.28 seconds | lr: 0.000100
loss:2.054935 = (1-reg):0.40 * r2l_loss:2.038566 + (reg):0.60 * l2r_loss:2.065848
{'testlen': 3237, 'reflen': 3386, 'guess': [3237, 2740, 2243, 1746], 'correct': [2775, 1663, 855, 378]}
ratio: 0.9559952746600838
{'testlen': 3508, 'reflen': 3572, 'guess': [3508, 3011, 2514, 2017], 'correct': [2998, 1862, 1017, 480]}
ratio: 0.9820828667410465
[EPOCH 15 VAL]
time: 84.59 seconds
loss:2.781472 = (1-reg):0.40 * r2l_loss:2.797119 + (reg):0.60 * l2r_loss:2.771041
r2l_scores: {'Bleu_1': 0.8187090547963178, 'Bleu_2': 0.6888747918665802, 'Bleu_3': 0.5569406415947925, 'Bleu_4': 0.4347312897305972, 'METEOR': 0.2939059413772884, 'ROUGE_L': 0.6171475171123667, 'CIDEr': 0.5999936070201539}
l2r_scores: {'Bleu_1': 0.8391677194391848, 'Bleu_2': 0.713833964486551, 'Bleu_3': 0.5871408181978506, 'Bleu_4': 0.46634757357259643, 'METEOR': 0.3167299281379369, 'ROUGE_L': 0.6448903447544435, 'CIDEr': 0.6055226344417911}


[EPOCH 16 TRAIN]
time: 195.81 seconds | lr: 0.000050
loss:1.976376 = (1-reg):0.40 * r2l_loss:1.960337 + (reg):0.60 * l2r_loss:1.987069
{'testlen': 3205, 'reflen': 3358, 'guess': [3205, 2708, 2211, 1714], 'correct': [2724, 1658, 850, 377]}
ratio: 0.95443716497887
{'testlen': 3460, 'reflen': 3564, 'guess': [3460, 2963, 2466, 1969], 'correct': [2962, 1802, 953, 449]}
ratio: 0.9708193041523651
[EPOCH 16 VAL]
time: 82.55 seconds
loss:2.785776 = (1-reg):0.40 * r2l_loss:2.797379 + (reg):0.60 * l2r_loss:2.778041
r2l_scores: {'Bleu_1': 0.8103017161467904, 'Bleu_2': 0.687741382167731, 'Bleu_3': 0.5575913941165003, 'Bleu_4': 0.43665315468931387, 'METEOR': 0.29588986704933384, 'ROUGE_L': 0.6180380236474108, 'CIDEr': 0.603271605061316}
l2r_scores: {'Bleu_1': 0.8307206709343603, 'Bleu_2': 0.7001838785554042, 'Bleu_3': 0.5686216197561836, 'Bleu_4': 0.4491115227157234, 'METEOR': 0.3169449569129662, 'ROUGE_L': 0.6380859344404095, 'CIDEr': 0.6065588347055869}



[BEST: 6 | SEED: 904666 | VAL-CIDEr: 0.6545458498973478]
{'testlen': 19220, 'reflen': 20384, 'guess': [19220, 16230, 13240, 10258], 'correct': [16160, 9687, 5069, 2253]}
ratio: 0.9428963893249145
{'testlen': 20405, 'reflen': 21150, 'guess': [20405, 17415, 14425, 11435], 'correct': [17942, 11515, 6234, 2882]}
ratio: 0.9647754137115383
time: 414.40 seconds
r2l_scores: {'Bleu_1': 0.791382181757807, 'Bleu_2': 0.6667724868442869, 'Bleu_3': 0.5431202318035102, 'Bleu_4': 0.4266003266715407, 'METEOR': 0.2913695444622313, 'ROUGE_L': 0.6221884982331104, 'CIDEr': 0.605603185296951}
l2r_scores: {'Bleu_1': 0.847769670659155, 'Bleu_2': 0.7351584959373979, 'Bleu_3': 0.608394836940593, 'Bleu_4': 0.4836592491199722, 'METEOR': 0.3160876994883366, 'ROUGE_L': 0.6547059871524324, 'CIDEr': 0.6407953332380326}
----------------------------------------
>> [Train time] Total: 3189.69 seconds => Per epoch: 199.36 seconds
>> [Val time] Total: 1306.36 seconds => Per epoch: 81.65 seconds
