Found 1 CUDA device(s)

Device 0: NVIDIA A100-SXM4-40GB
  Total memory bytes: 42296475648
  MultiProcessor count: 108
  Major.Minor: 8.0
  Max threads per block: 2048
  Memory reserved bytes: 0
  Memory allocated bytes: 0
  Free inside reserved bytes: 0
  Active allocations: 0
========================================
MODEL ID: MSVD = FEAT newBlip2ClsKF+newMViTv2+newImgCapBlip2KF fsl-10 mcl-20 = Transformer d-512 N_enc-0 N_dec-4 h-8 h_big-8 dp-0.1 = OPTIM lr-0.0001 warmup-3 gamma-0.5 pat-3 wd-5e-06 rg-0.5 = bs-64-gc-5.0-ls-0.15 = 1764634056
Enter the load_video_feats method.
Enter the load_video_feats method.
Enter the load_video_feats method.
#vocabs: 4116 (9614), #words: 339057 (345799). Trim words which appear less than 3 times.
{'Total': 49609256, 'Trainable': 49609256}


[EPOCH 1 TRAIN]
time: 91.89 seconds | lr: 0.000033
loss:3.465044 = (1-reg):0.50 * r2l_loss:3.444052 + (reg):0.50 * l2r_loss:3.486036
{'testlen': 503, 'reflen': 507, 'guess': [503, 403, 303, 214], 'correct': [393, 254, 147, 75]}
ratio: 0.9921104536469584
{'testlen': 481, 'reflen': 481, 'guess': [481, 381, 281, 181], 'correct': [404, 266, 163, 74]}
ratio: 0.999999999997921
[EPOCH 1 VAL]
time: 30.69 seconds
loss:3.120999 = (1-reg):0.50 * r2l_loss:3.017892 + (reg):0.50 * l2r_loss:3.224106
r2l_scores: {'Bleu_1': 0.7751235488087173, 'Bleu_2': 0.6961823102972042, 'Bleu_3': 0.615586395452368, 'Bleu_4': 0.5336607029869577, 'METEOR': 0.34956397873189027, 'ROUGE_L': 0.7309261126618763, 'CIDEr': 1.004350124283}
l2r_scores: {'Bleu_1': 0.8399168399133475, 'Bleu_2': 0.7657666966103525, 'Bleu_3': 0.698057843708801, 'Bleu_4': 0.610670364961353, 'METEOR': 0.3661848550556451, 'ROUGE_L': 0.7489764965592258, 'CIDEr': 0.8306573250382365}
>> Saving checkpoint to 1.ckpt
>> New best model at epoch 1 | CIDEr: 0.8306573250382365


[EPOCH 2 TRAIN]
time: 87.78 seconds | lr: 0.000056
loss:2.612425 = (1-reg):0.50 * r2l_loss:2.576992 + (reg):0.50 * l2r_loss:2.647858
{'testlen': 578, 'reflen': 577, 'guess': [578, 478, 378, 279], 'correct': [487, 331, 194, 90]}
ratio: 1.0017331022512967
{'testlen': 509, 'reflen': 508, 'guess': [509, 409, 309, 209], 'correct': [457, 322, 194, 98]}
ratio: 1.0019685039350354
[EPOCH 2 VAL]
time: 31.61 seconds
loss:2.824260 = (1-reg):0.50 * r2l_loss:2.733727 + (reg):0.50 * l2r_loss:2.914794
r2l_scores: {'Bleu_1': 0.8425605536317603, 'Bleu_2': 0.7638368564058925, 'Bleu_3': 0.6690168405687025, 'Bleu_4': 0.5574903625570884, 'METEOR': 0.4059996482267018, 'ROUGE_L': 0.7865684248548468, 'CIDEr': 1.2887539389981655}
l2r_scores: {'Bleu_1': 0.8978388998017724, 'Bleu_2': 0.8407473182490346, 'Bleu_3': 0.7627661481374352, 'Bleu_4': 0.6754038087309578, 'METEOR': 0.41268565588278733, 'ROUGE_L': 0.806229741195359, 'CIDEr': 1.2519156913361058}
>> Saving checkpoint to 2.ckpt
>> New best model at epoch 2 | CIDEr: 1.2519156913361058


[EPOCH 3 TRAIN]
time: 88.31 seconds | lr: 0.000078
loss:2.234590 = (1-reg):0.50 * r2l_loss:2.197836 + (reg):0.50 * l2r_loss:2.271344
{'testlen': 562, 'reflen': 558, 'guess': [562, 462, 362, 262], 'correct': [505, 359, 224, 111]}
ratio: 1.007168458779557
{'testlen': 522, 'reflen': 521, 'guess': [522, 422, 322, 222], 'correct': [475, 345, 217, 114]}
ratio: 1.001919385794622
[EPOCH 3 VAL]
time: 31.98 seconds
loss:2.639465 = (1-reg):0.50 * r2l_loss:2.580737 + (reg):0.50 * l2r_loss:2.698193
r2l_scores: {'Bleu_1': 0.8985765124539171, 'Bleu_2': 0.8356102676584, 'Bleu_3': 0.7559893216304988, 'Bleu_4': 0.6540970157439229, 'METEOR': 0.4345387641505867, 'ROUGE_L': 0.8150476445654772, 'CIDEr': 1.4514416407382134}
l2r_scores: {'Bleu_1': 0.9099616858220115, 'Bleu_2': 0.8625114623976989, 'Bleu_3': 0.7944096985947515, 'Bleu_4': 0.7123138233208702, 'METEOR': 0.4429589196108888, 'ROUGE_L': 0.8329205388074964, 'CIDEr': 1.5043325641994465}
>> Saving checkpoint to 3.ckpt
>> New best model at epoch 3 | CIDEr: 1.5043325641994465


[EPOCH 4 TRAIN]
time: 87.76 seconds | lr: 0.000100
loss:1.998488 = (1-reg):0.50 * r2l_loss:1.965871 + (reg):0.50 * l2r_loss:2.031105
{'testlen': 558, 'reflen': 555, 'guess': [558, 458, 358, 258], 'correct': [510, 367, 234, 124]}
ratio: 1.005405405403594
{'testlen': 571, 'reflen': 569, 'guess': [571, 471, 371, 271], 'correct': [522, 378, 242, 132]}
ratio: 1.0035149384868127
[EPOCH 4 VAL]
time: 31.96 seconds
loss:2.521488 = (1-reg):0.50 * r2l_loss:2.488037 + (reg):0.50 * l2r_loss:2.554939
r2l_scores: {'Bleu_1': 0.913978494622018, 'Bleu_2': 0.855792116951129, 'Bleu_3': 0.7822696205172536, 'Bleu_4': 0.6925766467809771, 'METEOR': 0.45312137294948035, 'ROUGE_L': 0.8373379027125523, 'CIDEr': 1.606440548020355}
l2r_scores: {'Bleu_1': 0.914185639227821, 'Bleu_2': 0.8565498507193068, 'Bleu_3': 0.7821959829843171, 'Bleu_4': 0.694844854876047, 'METEOR': 0.453709557335394, 'ROUGE_L': 0.840125381250473, 'CIDEr': 1.575604233931102}
>> Saving checkpoint to 4.ckpt
>> New best model at epoch 4 | CIDEr: 1.575604233931102


[EPOCH 5 TRAIN]
time: 86.15 seconds | lr: 0.000100
loss:1.834110 = (1-reg):0.50 * r2l_loss:1.805367 + (reg):0.50 * l2r_loss:1.862854
{'testlen': 566, 'reflen': 563, 'guess': [566, 466, 366, 266], 'correct': [521, 374, 237, 130]}
ratio: 1.0053285968010564
{'testlen': 573, 'reflen': 573, 'guess': [573, 473, 373, 273], 'correct': [523, 380, 245, 129]}
ratio: 0.9999999999982548
[EPOCH 5 VAL]
time: 37.68 seconds
loss:2.488008 = (1-reg):0.50 * r2l_loss:2.456643 + (reg):0.50 * l2r_loss:2.519373
r2l_scores: {'Bleu_1': 0.9204946996450168, 'Bleu_2': 0.859515056489146, 'Bleu_3': 0.7820924247959439, 'Bleu_4': 0.6953588533336356, 'METEOR': 0.45037884798656547, 'ROUGE_L': 0.8327076388679534, 'CIDEr': 1.5781109204417445}
l2r_scores: {'Bleu_1': 0.9127399650928002, 'Bleu_2': 0.8563173854090279, 'Bleu_3': 0.7838667779324348, 'Bleu_4': 0.6906984153957988, 'METEOR': 0.45358927013136163, 'ROUGE_L': 0.8366995170743797, 'CIDEr': 1.5592143268182672}


[EPOCH 6 TRAIN]
time: 86.62 seconds | lr: 0.000100
loss:1.728740 = (1-reg):0.50 * r2l_loss:1.701071 + (reg):0.50 * l2r_loss:1.756409
{'testlen': 571, 'reflen': 568, 'guess': [571, 471, 371, 271], 'correct': [527, 375, 234, 125]}
ratio: 1.0052816901390753
{'testlen': 549, 'reflen': 547, 'guess': [549, 449, 349, 249], 'correct': [500, 365, 236, 130]}
ratio: 1.003656307127964
[EPOCH 6 VAL]
time: 32.04 seconds
loss:2.422189 = (1-reg):0.50 * r2l_loss:2.400196 + (reg):0.50 * l2r_loss:2.444182
r2l_scores: {'Bleu_1': 0.9229422066533749, 'Bleu_2': 0.8572202737058899, 'Bleu_3': 0.7738835320218134, 'Bleu_4': 0.679973338275177, 'METEOR': 0.4509722597403058, 'ROUGE_L': 0.8342397431164588, 'CIDEr': 1.4792257604049408}
l2r_scores: {'Bleu_1': 0.9107468123844977, 'Bleu_2': 0.8604429719984196, 'Bleu_3': 0.7940422045438682, 'Bleu_4': 0.7150208255199346, 'METEOR': 0.46177994878781314, 'ROUGE_L': 0.8377329598488934, 'CIDEr': 1.5224034780172198}


[EPOCH 7 TRAIN]
time: 90.24 seconds | lr: 0.000100
loss:1.652025 = (1-reg):0.50 * r2l_loss:1.626178 + (reg):0.50 * l2r_loss:1.677872
{'testlen': 569, 'reflen': 565, 'guess': [569, 469, 369, 269], 'correct': [519, 368, 233, 125]}
ratio: 1.0070796460159166
{'testlen': 575, 'reflen': 572, 'guess': [575, 475, 375, 275], 'correct': [528, 384, 251, 131]}
ratio: 1.005244755242998
[EPOCH 7 VAL]
time: 32.37 seconds
loss:2.403978 = (1-reg):0.50 * r2l_loss:2.384324 + (reg):0.50 * l2r_loss:2.423632
r2l_scores: {'Bleu_1': 0.9121265377839858, 'Bleu_2': 0.8459896185904888, 'Bleu_3': 0.767396605999039, 'Bleu_4': 0.6769464870010538, 'METEOR': 0.44374304862058633, 'ROUGE_L': 0.8221474300291794, 'CIDEr': 1.5869515699083905}
l2r_scores: {'Bleu_1': 0.9182608695636204, 'Bleu_2': 0.8615923738993099, 'Bleu_3': 0.7920429186185197, 'Bleu_4': 0.6975031721141511, 'METEOR': 0.45454092892098524, 'ROUGE_L': 0.8360912234254261, 'CIDEr': 1.6247772213460387}
>> Saving checkpoint to 7.ckpt
>> New best model at epoch 7 | CIDEr: 1.6247772213460387


[EPOCH 8 TRAIN]
time: 88.52 seconds | lr: 0.000100
loss:1.589319 = (1-reg):0.50 * r2l_loss:1.562105 + (reg):0.50 * l2r_loss:1.616533
{'testlen': 575, 'reflen': 573, 'guess': [575, 475, 375, 276], 'correct': [528, 373, 233, 133]}
ratio: 1.0034904013944093
{'testlen': 571, 'reflen': 569, 'guess': [571, 471, 371, 271], 'correct': [527, 384, 251, 140]}
ratio: 1.0035149384868127
[EPOCH 8 VAL]
time: 31.23 seconds
loss:2.394822 = (1-reg):0.50 * r2l_loss:2.365123 + (reg):0.50 * l2r_loss:2.424521
r2l_scores: {'Bleu_1': 0.9182608695636204, 'Bleu_2': 0.8491621931075226, 'Bleu_3': 0.7651888818153172, 'Bleu_4': 0.6816510814399186, 'METEOR': 0.4447821889555669, 'ROUGE_L': 0.817036225594501, 'CIDEr': 1.5450275393665367}
l2r_scores: {'Bleu_1': 0.9229422066533749, 'Bleu_2': 0.8674459268427389, 'Bleu_3': 0.7984754086962043, 'Bleu_4': 0.716120069624164, 'METEOR': 0.45961728096428356, 'ROUGE_L': 0.8466587845794987, 'CIDEr': 1.5985438727567685}


[EPOCH 9 TRAIN]
time: 87.93 seconds | lr: 0.000100
loss:1.538935 = (1-reg):0.50 * r2l_loss:1.511590 + (reg):0.50 * l2r_loss:1.566280
{'testlen': 587, 'reflen': 583, 'guess': [587, 487, 387, 287], 'correct': [543, 394, 251, 143]}
ratio: 1.00686106346311
{'testlen': 604, 'reflen': 601, 'guess': [604, 504, 404, 304], 'correct': [553, 402, 262, 142]}
ratio: 1.0049916805307737
[EPOCH 9 VAL]
time: 32.00 seconds
loss:2.378816 = (1-reg):0.50 * r2l_loss:2.350093 + (reg):0.50 * l2r_loss:2.407540
r2l_scores: {'Bleu_1': 0.9250425894362435, 'Bleu_2': 0.8650963795247324, 'Bleu_3': 0.7858938950861996, 'Bleu_4': 0.7012719556913439, 'METEOR': 0.45232436074394433, 'ROUGE_L': 0.833123076954899, 'CIDEr': 1.6449576382376816}
l2r_scores: {'Bleu_1': 0.9155629139057689, 'Bleu_2': 0.8545586108766271, 'Bleu_3': 0.7794732431816354, 'Bleu_4': 0.685811240685708, 'METEOR': 0.4426829548395619, 'ROUGE_L': 0.822577587855599, 'CIDEr': 1.5086533537308182}


[EPOCH 10 TRAIN]
time: 87.70 seconds | lr: 0.000100
loss:1.496133 = (1-reg):0.50 * r2l_loss:1.468278 + (reg):0.50 * l2r_loss:1.523988
{'testlen': 563, 'reflen': 559, 'guess': [563, 463, 363, 263], 'correct': [506, 357, 226, 121]}
ratio: 1.0071556350608102
{'testlen': 586, 'reflen': 580, 'guess': [586, 486, 386, 286], 'correct': [527, 376, 245, 134]}
ratio: 1.0103448275844649
[EPOCH 10 VAL]
time: 31.87 seconds
loss:2.378873 = (1-reg):0.50 * r2l_loss:2.348965 + (reg):0.50 * l2r_loss:2.408782
r2l_scores: {'Bleu_1': 0.8987566607444072, 'Bleu_2': 0.8324624896822632, 'Bleu_3': 0.7556320794034813, 'Bleu_4': 0.66748297931545, 'METEOR': 0.44503726633999297, 'ROUGE_L': 0.8247575860449701, 'CIDEr': 1.490980056414026}
l2r_scores: {'Bleu_1': 0.8993174061418101, 'Bleu_2': 0.834127207917917, 'Bleu_3': 0.7615196569720107, 'Bleu_4': 0.6744434323931097, 'METEOR': 0.44599117616476514, 'ROUGE_L': 0.8147731550735979, 'CIDEr': 1.4747260224413388}


[EPOCH 11 TRAIN]
time: 88.20 seconds | lr: 0.000100
loss:1.460221 = (1-reg):0.50 * r2l_loss:1.432224 + (reg):0.50 * l2r_loss:1.488218
{'testlen': 579, 'reflen': 576, 'guess': [579, 479, 379, 279], 'correct': [533, 375, 236, 131]}
ratio: 1.0052083333315882
{'testlen': 590, 'reflen': 587, 'guess': [590, 490, 390, 290], 'correct': [542, 395, 255, 137]}
ratio: 1.0051107325366182
[EPOCH 11 VAL]
time: 32.04 seconds
loss:2.383699 = (1-reg):0.50 * r2l_loss:2.354607 + (reg):0.50 * l2r_loss:2.412790
r2l_scores: {'Bleu_1': 0.9205526770277711, 'Bleu_2': 0.8489306227628355, 'Bleu_3': 0.7656067096506346, 'Bleu_4': 0.6775183641198486, 'METEOR': 0.4474761388511619, 'ROUGE_L': 0.8267507433519374, 'CIDEr': 1.5206404332085786}
l2r_scores: {'Bleu_1': 0.9186440677950531, 'Bleu_2': 0.8605461089738371, 'Bleu_3': 0.7852500172898724, 'Bleu_4': 0.6915707369311793, 'METEOR': 0.4532739468226905, 'ROUGE_L': 0.8319545829631622, 'CIDEr': 1.5399790346210651}


[EPOCH 12 TRAIN]
time: 87.91 seconds | lr: 0.000100
loss:1.423708 = (1-reg):0.50 * r2l_loss:1.395179 + (reg):0.50 * l2r_loss:1.452236
{'testlen': 580, 'reflen': 578, 'guess': [580, 480, 380, 280], 'correct': [535, 370, 224, 119]}
ratio: 1.0034602076107206
{'testlen': 595, 'reflen': 592, 'guess': [595, 495, 395, 295], 'correct': [545, 391, 251, 136]}
ratio: 1.0050675675658698
[EPOCH 12 VAL]
time: 32.46 seconds
loss:2.378698 = (1-reg):0.50 * r2l_loss:2.354629 + (reg):0.50 * l2r_loss:2.402767
r2l_scores: {'Bleu_1': 0.9224137931018579, 'Bleu_2': 0.8432243466882746, 'Bleu_3': 0.7483709122446996, 'Bleu_4': 0.6496581734235, 'METEOR': 0.4387177068394354, 'ROUGE_L': 0.8199339214288542, 'CIDEr': 1.498197806529925}
l2r_scores: {'Bleu_1': 0.9159663865530824, 'Bleu_2': 0.8506003312474348, 'Bleu_3': 0.7718079368189867, 'Bleu_4': 0.6785176563230304, 'METEOR': 0.44285845631735365, 'ROUGE_L': 0.8191860788823041, 'CIDEr': 1.4879931903538395}


[EPOCH 13 TRAIN]
time: 87.45 seconds | lr: 0.000100
loss:1.393762 = (1-reg):0.50 * r2l_loss:1.364423 + (reg):0.50 * l2r_loss:1.423101
{'testlen': 572, 'reflen': 569, 'guess': [572, 472, 372, 272], 'correct': [524, 371, 236, 129]}
ratio: 1.005272407731098
{'testlen': 567, 'reflen': 560, 'guess': [567, 467, 367, 267], 'correct': [522, 384, 252, 140]}
ratio: 1.012499999998192
[EPOCH 13 VAL]
time: 32.26 seconds
loss:2.355442 = (1-reg):0.50 * r2l_loss:2.328993 + (reg):0.50 * l2r_loss:2.381891
r2l_scores: {'Bleu_1': 0.9160839160823145, 'Bleu_2': 0.8485620100412279, 'Bleu_3': 0.770156072513967, 'Bleu_4': 0.682243269013682, 'METEOR': 0.45102802768105316, 'ROUGE_L': 0.8220971305473435, 'CIDEr': 1.5775642074249046}
l2r_scores: {'Bleu_1': 0.920634920633297, 'Bleu_2': 0.8700633877846092, 'Bleu_3': 0.8040420363450411, 'Bleu_4': 0.722542270866265, 'METEOR': 0.4551578974313833, 'ROUGE_L': 0.837135792612949, 'CIDEr': 1.535080039397228}


[EPOCH 14 TRAIN]
time: 88.25 seconds | lr: 0.000100
loss:1.366056 = (1-reg):0.50 * r2l_loss:1.337209 + (reg):0.50 * l2r_loss:1.394903
{'testlen': 568, 'reflen': 568, 'guess': [568, 468, 368, 269], 'correct': [523, 366, 224, 126]}
ratio: 0.9999999999982394
{'testlen': 573, 'reflen': 570, 'guess': [573, 473, 373, 273], 'correct': [524, 372, 234, 126]}
ratio: 1.0052631578929732
[EPOCH 14 VAL]
time: 32.73 seconds
loss:2.384833 = (1-reg):0.50 * r2l_loss:2.355046 + (reg):0.50 * l2r_loss:2.414619
r2l_scores: {'Bleu_1': 0.9207746478840817, 'Bleu_2': 0.8485829328093145, 'Bleu_3': 0.759619774325042, 'Bleu_4': 0.6731343646023197, 'METEOR': 0.4405270566262718, 'ROUGE_L': 0.8155609508003522, 'CIDEr': 1.5574710316174278}
l2r_scores: {'Bleu_1': 0.9144851657924704, 'Bleu_2': 0.8480651796848083, 'Bleu_3': 0.7669878717650902, 'Bleu_4': 0.6755279877581968, 'METEOR': 0.45330424322489055, 'ROUGE_L': 0.8320758287667387, 'CIDEr': 1.4748357923435962}


[EPOCH 15 TRAIN]
time: 87.90 seconds | lr: 0.000100
loss:1.340160 = (1-reg):0.50 * r2l_loss:1.310325 + (reg):0.50 * l2r_loss:1.369995
{'testlen': 553, 'reflen': 551, 'guess': [553, 453, 353, 253], 'correct': [506, 348, 207, 107]}
ratio: 1.0036297640635143
{'testlen': 581, 'reflen': 580, 'guess': [581, 481, 381, 281], 'correct': [534, 385, 243, 132]}
ratio: 1.0017241379293074
[EPOCH 15 VAL]
time: 32.82 seconds
loss:2.363963 = (1-reg):0.50 * r2l_loss:2.354283 + (reg):0.50 * l2r_loss:2.373644
r2l_scores: {'Bleu_1': 0.9150090415896655, 'Bleu_2': 0.8384037530570686, 'Bleu_3': 0.7442188899187206, 'Bleu_4': 0.6461618763713395, 'METEOR': 0.4316894711102344, 'ROUGE_L': 0.8139694157983429, 'CIDEr': 1.5001011305855214}
l2r_scores: {'Bleu_1': 0.9191049913925661, 'Bleu_2': 0.8577098328398182, 'Bleu_3': 0.77705905433241, 'Bleu_4': 0.6851843292912699, 'METEOR': 0.4422993900869506, 'ROUGE_L': 0.82671411022615, 'CIDEr': 1.5266575325930947}


[EPOCH 16 TRAIN]
time: 88.62 seconds | lr: 0.000100
loss:1.314870 = (1-reg):0.50 * r2l_loss:1.284761 + (reg):0.50 * l2r_loss:1.344979
{'testlen': 578, 'reflen': 574, 'guess': [578, 478, 378, 278], 'correct': [523, 367, 230, 127]}
ratio: 1.0069686411132284
{'testlen': 582, 'reflen': 578, 'guess': [582, 482, 382, 282], 'correct': [523, 377, 248, 135]}
ratio: 1.0069204152231714
[EPOCH 16 VAL]
time: 32.18 seconds
loss:2.369918 = (1-reg):0.50 * r2l_loss:2.337424 + (reg):0.50 * l2r_loss:2.402412
r2l_scores: {'Bleu_1': 0.904844290655874, 'Bleu_2': 0.8335007770450794, 'Bleu_3': 0.750497675449595, 'Bleu_4': 0.6629056870362559, 'METEOR': 0.44124278751416207, 'ROUGE_L': 0.8245419728711029, 'CIDEr': 1.478780391205261}
l2r_scores: {'Bleu_1': 0.8986254295517206, 'Bleu_2': 0.8383715035021355, 'Bleu_3': 0.769875403467902, 'Bleu_4': 0.6836542194474703, 'METEOR': 0.4562476914394883, 'ROUGE_L': 0.8368854042860104, 'CIDEr': 1.5098408235438021}


[EPOCH 17 TRAIN]
time: 87.64 seconds | lr: 0.000100
loss:1.292420 = (1-reg):0.50 * r2l_loss:1.262086 + (reg):0.50 * l2r_loss:1.322754
{'testlen': 574, 'reflen': 571, 'guess': [574, 474, 374, 274], 'correct': [528, 371, 230, 124]}
ratio: 1.005253940453581
{'testlen': 586, 'reflen': 582, 'guess': [586, 486, 386, 286], 'correct': [532, 381, 248, 131]}
ratio: 1.006872852231947
[EPOCH 17 VAL]
time: 33.27 seconds
loss:2.355224 = (1-reg):0.50 * r2l_loss:2.343404 + (reg):0.50 * l2r_loss:2.367045
r2l_scores: {'Bleu_1': 0.9198606271760978, 'Bleu_2': 0.8485135832831787, 'Bleu_3': 0.7621806940813952, 'Bleu_4': 0.6690541032860406, 'METEOR': 0.4440258053920031, 'ROUGE_L': 0.8172218874892381, 'CIDEr': 1.5338865588190793}
l2r_scores: {'Bleu_1': 0.9078498293499866, 'Bleu_2': 0.8436287300220322, 'Bleu_3': 0.770410807036243, 'Bleu_4': 0.6765004508108906, 'METEOR': 0.45930903127095124, 'ROUGE_L': 0.8307139459910589, 'CIDEr': 1.5325276926363869}


[EPOCH 18 TRAIN]
time: 86.56 seconds | lr: 0.000050
loss:1.232983 = (1-reg):0.50 * r2l_loss:1.200889 + (reg):0.50 * l2r_loss:1.265078
{'testlen': 560, 'reflen': 556, 'guess': [560, 460, 360, 260], 'correct': [511, 354, 223, 124]}
ratio: 1.007194244602505
{'testlen': 581, 'reflen': 576, 'guess': [581, 481, 381, 281], 'correct': [534, 377, 246, 135]}
ratio: 1.0086805555538043
[EPOCH 18 VAL]
time: 32.60 seconds
loss:2.383876 = (1-reg):0.50 * r2l_loss:2.373603 + (reg):0.50 * l2r_loss:2.394150
r2l_scores: {'Bleu_1': 0.9124999999983705, 'Bleu_2': 0.8379906090564407, 'Bleu_3': 0.7576934889256828, 'Bleu_4': 0.6748888462974423, 'METEOR': 0.44064081742030103, 'ROUGE_L': 0.8174979165521208, 'CIDEr': 1.5500618469364473}
l2r_scores: {'Bleu_1': 0.9191049913925661, 'Bleu_2': 0.8487517822347885, 'Bleu_3': 0.7748016019258781, 'Bleu_4': 0.6875428097434536, 'METEOR': 0.4497816943694623, 'ROUGE_L': 0.8281750238262708, 'CIDEr': 1.4936639820533362}


[EPOCH 19 TRAIN]
time: 86.82 seconds | lr: 0.000050
loss:1.212886 = (1-reg):0.50 * r2l_loss:1.180525 + (reg):0.50 * l2r_loss:1.245248
{'testlen': 555, 'reflen': 552, 'guess': [555, 455, 355, 255], 'correct': [507, 360, 225, 121]}
ratio: 1.0054347826068741
{'testlen': 554, 'reflen': 551, 'guess': [554, 454, 354, 254], 'correct': [502, 354, 230, 125]}
ratio: 1.0054446460961788
[EPOCH 19 VAL]
time: 32.58 seconds
loss:2.370004 = (1-reg):0.50 * r2l_loss:2.364826 + (reg):0.50 * l2r_loss:2.375183
r2l_scores: {'Bleu_1': 0.9135135135118676, 'Bleu_2': 0.8501646445113041, 'Bleu_3': 0.7708799469976422, 'Bleu_4': 0.6828123362160121, 'METEOR': 0.4398525826357102, 'ROUGE_L': 0.8184942219517322, 'CIDEr': 1.576011584049551}
l2r_scores: {'Bleu_1': 0.9061371841138879, 'Bleu_2': 0.8405637964970413, 'Bleu_3': 0.7714160050301367, 'Bleu_4': 0.689422666758261, 'METEOR': 0.44952383243792826, 'ROUGE_L': 0.824246385227556, 'CIDEr': 1.471804193897431}


[EPOCH 20 TRAIN]
time: 87.18 seconds | lr: 0.000050
loss:1.198656 = (1-reg):0.50 * r2l_loss:1.166584 + (reg):0.50 * l2r_loss:1.230728
{'testlen': 557, 'reflen': 553, 'guess': [557, 457, 357, 257], 'correct': [512, 359, 224, 120]}
ratio: 1.0072332730542364
{'testlen': 564, 'reflen': 560, 'guess': [564, 464, 364, 264], 'correct': [512, 367, 235, 129]}
ratio: 1.0071428571410588
[EPOCH 20 VAL]
time: 32.39 seconds
loss:2.403075 = (1-reg):0.50 * r2l_loss:2.397066 + (reg):0.50 * l2r_loss:2.409084
r2l_scores: {'Bleu_1': 0.9192100538583138, 'Bleu_2': 0.8497604364871584, 'Bleu_3': 0.7680525561094363, 'Bleu_4': 0.6781960169126189, 'METEOR': 0.4404622558659191, 'ROUGE_L': 0.8211657346967587, 'CIDEr': 1.553683862464286}
l2r_scores: {'Bleu_1': 0.9078014184381068, 'Bleu_2': 0.8473629486455103, 'Bleu_3': 0.7739302224137967, 'Bleu_4': 0.6898788022517047, 'METEOR': 0.44549691966381566, 'ROUGE_L': 0.816592881630251, 'CIDEr': 1.473327361274078}



[BEST: 7 | SEED: 904666 | VAL-CIDEr: 1.6247772213460387]
{'testlen': 3844, 'reflen': 3835, 'guess': [3844, 3174, 2504, 1834], 'correct': [3457, 2420, 1528, 847]}
ratio: 1.002346805736375
{'testlen': 3830, 'reflen': 3828, 'guess': [3830, 3160, 2490, 1820], 'correct': [3476, 2446, 1557, 857]}
ratio: 1.000522466039446
time: 123.57 seconds
r2l_scores: {'Bleu_1': 0.8993236212276536, 'Bleu_2': 0.828060792786477, 'Bleu_3': 0.7479475741244257, 'Bleu_4': 0.6630165789236488, 'METEOR': 0.45011969799568935, 'ROUGE_L': 0.8187683475697325, 'CIDEr': 1.3501761988580265}
l2r_scores: {'Bleu_1': 0.9075718015663427, 'Bleu_2': 0.8381566246321376, 'Bleu_3': 0.7601743471118415, 'Bleu_4': 0.674391776409015, 'METEOR': 0.4570230413239539, 'ROUGE_L': 0.8277161905983006, 'CIDEr': 1.3691117439817868}
----------------------------------------
>> [Train time] Total: 1759.41 seconds => Per epoch: 87.97 seconds
>> [Val time] Total: 648.78 seconds => Per epoch: 32.44 seconds
