Found 1 CUDA device(s)

Device 0: NVIDIA A100-SXM4-40GB
  Total memory bytes: 42296475648
  MultiProcessor count: 108
  Major.Minor: 8.0
  Max threads per block: 2048
  Memory reserved bytes: 0
  Memory allocated bytes: 0
  Free inside reserved bytes: 0
  Active allocations: 0
========================================
MODEL ID: MSRVTT = FEAT newBlip2ClsKF+newMViTv2+newImgCapBlip2KF fsl-13 mcl-20 = Transformer d-512 N_enc-0 N_dec-3 h-4 h_big-4 dp-0.1 = OPTIM lr-0.0001 warmup-3 gamma-0.5 pat-3 wd-5e-06 rg-1.0 = bs-64-gc-5.0-ls-0.15 = 1764739668
Enter the load_video_feats method.
Enter the load_video_feats method.
Enter the load_video_feats method.
#vocabs: 10444 (23046), #words: 1178850 (1194458). Trim words which appear less than 3 times.
{'Total': 53114776, 'Trainable': 53114776}


[EPOCH 1 TRAIN]
time: 198.22 seconds | lr: 0.000033
loss:3.900087 = (1-reg):0.00 * r2l_loss:7.481700 + (reg):1.00 * l2r_loss:3.900087
{'testlen': 10223, 'reflen': 7608, 'guess': [10223, 9726, 9229, 8735], 'correct': [10, 0, 0, 0]}
ratio: 1.3437171398526098
{'testlen': 3241, 'reflen': 3411, 'guess': [3241, 2744, 2247, 1750], 'correct': [2789, 1678, 854, 380]}
ratio: 0.9501612430369539
[EPOCH 1 VAL]
time: 108.27 seconds
loss:3.538497 = (1-reg):0.00 * r2l_loss:7.444819 + (reg):1.00 * l2r_loss:3.538497
r2l_scores: {'Bleu_1': 0.0009781864423358136, 'Bleu_2': 1.002867799407446e-11, 'Bleu_3': 2.2170606609305946e-14, 'Bleu_4': 1.0568599844671197e-15, 'METEOR': 0.005397570926500822, 'ROUGE_L': 0.0014681444123974521, 'CIDEr': 6.333887259462372e-05}
l2r_scores: {'Bleu_1': 0.8165625499173791, 'Bleu_2': 0.6883489290554301, 'Bleu_3': 0.5549203928304325, 'Bleu_4': 0.4331760077747701, 'METEOR': 0.29276234401897433, 'ROUGE_L': 0.6257918663960712, 'CIDEr': 0.4812373396307641}
>> Saving checkpoint to 1.ckpt
>> New best model at epoch 1 | CIDEr: 0.4812373396307641


[EPOCH 2 TRAIN]
time: 193.94 seconds | lr: 0.000056
loss:3.234765 = (1-reg):0.00 * r2l_loss:7.443188 + (reg):1.00 * l2r_loss:3.234765
{'testlen': 9911, 'reflen': 7421, 'guess': [9911, 9414, 8924, 8438], 'correct': [16, 0, 0, 0]}
ratio: 1.335534294569285
{'testlen': 3218, 'reflen': 3378, 'guess': [3218, 2721, 2224, 1727], 'correct': [2789, 1713, 904, 407]}
ratio: 0.9526346950855676
[EPOCH 2 VAL]
time: 107.58 seconds
loss:3.217048 = (1-reg):0.00 * r2l_loss:7.443029 + (reg):1.00 * l2r_loss:3.217048
r2l_scores: {'Bleu_1': 0.0016143678740791428, 'Bleu_2': 1.3095260926359676e-11, 'Bleu_3': 2.6784872514695615e-14, 'Bleu_4': 1.2284494988247538e-15, 'METEOR': 0.0068989385837485775, 'ROUGE_L': 0.0020994684030389956, 'CIDEr': 6.712879460769709e-05}
l2r_scores: {'Bleu_1': 0.8246491439975927, 'Bleu_2': 0.7028333903253166, 'Bleu_3': 0.5759459372473329, 'Bleu_4': 0.4549498139163947, 'METEOR': 0.29982707542094467, 'ROUGE_L': 0.6279403555527576, 'CIDEr': 0.5414540256759331}
>> Saving checkpoint to 2.ckpt
>> New best model at epoch 2 | CIDEr: 0.5414540256759331


[EPOCH 3 TRAIN]
time: 197.04 seconds | lr: 0.000078
loss:2.955505 = (1-reg):0.00 * r2l_loss:7.443036 + (reg):1.00 * l2r_loss:2.955505
{'testlen': 1118, 'reflen': 2530, 'guess': [1118, 636, 167, 89], 'correct': [43, 0, 0, 0]}
ratio: 0.4418972332014064
{'testlen': 3016, 'reflen': 3209, 'guess': [3016, 2519, 2022, 1525], 'correct': [2611, 1608, 831, 368]}
ratio: 0.9398566531626863
[EPOCH 3 VAL]
time: 101.32 seconds
loss:2.995256 = (1-reg):0.00 * r2l_loss:7.443036 + (reg):1.00 * l2r_loss:2.995256
r2l_scores: {'Bleu_1': 0.010877420777228114, 'Bleu_2': 6.954790385508552e-11, 'Bleu_3': 2.0158132644699627e-13, 'Bleu_4': 1.2701793313625715e-14, 'METEOR': 0.01883541840816284, 'ROUGE_L': 0.014079976855884076, 'CIDEr': 0.0005196503218893483}
l2r_scores: {'Bleu_1': 0.8120525672934957, 'Bleu_2': 0.6973090710903258, 'Bleu_3': 0.5723034585358485, 'Bleu_4': 0.4538542679838906, 'METEOR': 0.30104736349047206, 'ROUGE_L': 0.6260157282195669, 'CIDEr': 0.5563814844293232}
>> Saving checkpoint to 3.ckpt
>> New best model at epoch 3 | CIDEr: 0.5563814844293232


[EPOCH 4 TRAIN]
time: 198.51 seconds | lr: 0.000100
loss:2.772019 = (1-reg):0.00 * r2l_loss:7.443036 + (reg):1.00 * l2r_loss:2.772019
{'testlen': 0, 'reflen': 2481, 'guess': [0, 0, 0, 0], 'correct': [0, 0, 0, 0]}
ratio: 4.030632809349444e-19
{'testlen': 3133, 'reflen': 3303, 'guess': [3133, 2636, 2139, 1642], 'correct': [2765, 1765, 978, 471]}
ratio: 0.9485316379046478
[EPOCH 4 VAL]
time: 101.53 seconds
loss:2.927041 = (1-reg):0.00 * r2l_loss:7.443036 + (reg):1.00 * l2r_loss:2.927041
r2l_scores: {'Bleu_1': 0.0, 'Bleu_2': 0.0, 'Bleu_3': 0.0, 'Bleu_4': 0.0, 'METEOR': 0.0, 'ROUGE_L': 0.0, 'CIDEr': 0.0}
l2r_scores: {'Bleu_1': 0.8359291079450418, 'Bleu_2': 0.7281179364911134, 'Bleu_3': 0.6123345233407269, 'Bleu_4': 0.49976078443240474, 'METEOR': 0.3153265080016108, 'ROUGE_L': 0.6447405221920546, 'CIDEr': 0.613789357072436}
>> Saving checkpoint to 4.ckpt
>> New best model at epoch 4 | CIDEr: 0.613789357072436


[EPOCH 5 TRAIN]
time: 199.69 seconds | lr: 0.000100
loss:2.626262 = (1-reg):0.00 * r2l_loss:7.443036 + (reg):1.00 * l2r_loss:2.626262
{'testlen': 0, 'reflen': 2481, 'guess': [0, 0, 0, 0], 'correct': [0, 0, 0, 0]}
ratio: 4.030632809349444e-19
{'testlen': 3149, 'reflen': 3282, 'guess': [3149, 2652, 2155, 1658], 'correct': [2760, 1702, 902, 405]}
ratio: 0.9594759293111031
[EPOCH 5 VAL]
time: 102.47 seconds
loss:2.863737 = (1-reg):0.00 * r2l_loss:7.443036 + (reg):1.00 * l2r_loss:2.863737
r2l_scores: {'Bleu_1': 0.0, 'Bleu_2': 0.0, 'Bleu_3': 0.0, 'Bleu_4': 0.0, 'METEOR': 0.0, 'ROUGE_L': 0.0, 'CIDEr': 0.0}
l2r_scores: {'Bleu_1': 0.8402213644550603, 'Bleu_2': 0.7189828438727889, 'Bleu_3': 0.5919493376590991, 'Bleu_4': 0.4694564962994144, 'METEOR': 0.3058530129968937, 'ROUGE_L': 0.641320872632626, 'CIDEr': 0.5890483849624214}


[EPOCH 6 TRAIN]
time: 198.05 seconds | lr: 0.000100
loss:2.519090 = (1-reg):0.00 * r2l_loss:7.443036 + (reg):1.00 * l2r_loss:2.519090
{'testlen': 0, 'reflen': 2481, 'guess': [0, 0, 0, 0], 'correct': [0, 0, 0, 0]}
ratio: 4.030632809349444e-19
{'testlen': 3054, 'reflen': 3240, 'guess': [3054, 2557, 2060, 1563], 'correct': [2706, 1705, 925, 420]}
ratio: 0.9425925925923017
[EPOCH 6 VAL]
time: 101.10 seconds
loss:2.835340 = (1-reg):0.00 * r2l_loss:7.443036 + (reg):1.00 * l2r_loss:2.835340
r2l_scores: {'Bleu_1': 0.0, 'Bleu_2': 0.0, 'Bleu_3': 0.0, 'Bleu_4': 0.0, 'METEOR': 0.0, 'ROUGE_L': 0.0, 'CIDEr': 0.0}
l2r_scores: {'Bleu_1': 0.8336977020822262, 'Bleu_2': 0.723229366698741, 'Bleu_3': 0.6045870223171006, 'Bleu_4': 0.4861879097083155, 'METEOR': 0.3105809115615287, 'ROUGE_L': 0.6476490189204454, 'CIDEr': 0.6296260575000304}
>> Saving checkpoint to 6.ckpt
>> New best model at epoch 6 | CIDEr: 0.6296260575000304


[EPOCH 7 TRAIN]
time: 196.28 seconds | lr: 0.000100
loss:2.433810 = (1-reg):0.00 * r2l_loss:7.443036 + (reg):1.00 * l2r_loss:2.433810
{'testlen': 0, 'reflen': 2481, 'guess': [0, 0, 0, 0], 'correct': [0, 0, 0, 0]}
ratio: 4.030632809349444e-19
{'testlen': 3195, 'reflen': 3322, 'guess': [3195, 2698, 2201, 1704], 'correct': [2780, 1761, 939, 422]}
ratio: 0.9617700180611193
[EPOCH 7 VAL]
time: 102.14 seconds
loss:2.811297 = (1-reg):0.00 * r2l_loss:7.443036 + (reg):1.00 * l2r_loss:2.811297
r2l_scores: {'Bleu_1': 0.0, 'Bleu_2': 0.0, 'Bleu_3': 0.0, 'Bleu_4': 0.0, 'METEOR': 0.0, 'ROUGE_L': 0.0, 'CIDEr': 0.0}
l2r_scores: {'Bleu_1': 0.8362014141562124, 'Bleu_2': 0.7242402149916756, 'Bleu_3': 0.5991229125517276, 'Bleu_4': 0.4756438686959096, 'METEOR': 0.30629593454910664, 'ROUGE_L': 0.6355272056707015, 'CIDEr': 0.5996167697799046}


[EPOCH 8 TRAIN]
time: 196.17 seconds | lr: 0.000100
loss:2.363224 = (1-reg):0.00 * r2l_loss:7.443036 + (reg):1.00 * l2r_loss:2.363224
{'testlen': 0, 'reflen': 2481, 'guess': [0, 0, 0, 0], 'correct': [0, 0, 0, 0]}
ratio: 4.030632809349444e-19
{'testlen': 3248, 'reflen': 3370, 'guess': [3248, 2751, 2254, 1757], 'correct': [2728, 1701, 899, 402]}
ratio: 0.9637982195842837
[EPOCH 8 VAL]
time: 102.54 seconds
loss:2.798506 = (1-reg):0.00 * r2l_loss:7.443036 + (reg):1.00 * l2r_loss:2.798506
r2l_scores: {'Bleu_1': 0.0, 'Bleu_2': 0.0, 'Bleu_3': 0.0, 'Bleu_4': 0.0, 'METEOR': 0.0, 'ROUGE_L': 0.0, 'CIDEr': 0.0}
l2r_scores: {'Bleu_1': 0.8089386018593475, 'Bleu_2': 0.694077952164985, 'Bleu_3': 0.5698621744054598, 'Bleu_4': 0.44937897542055033, 'METEOR': 0.30301510953859206, 'ROUGE_L': 0.6286249432815906, 'CIDEr': 0.5575387776594654}


[EPOCH 9 TRAIN]
time: 198.79 seconds | lr: 0.000100
loss:2.302898 = (1-reg):0.00 * r2l_loss:7.443036 + (reg):1.00 * l2r_loss:2.302898
{'testlen': 0, 'reflen': 2481, 'guess': [0, 0, 0, 0], 'correct': [0, 0, 0, 0]}
ratio: 4.030632809349444e-19
{'testlen': 3080, 'reflen': 3259, 'guess': [3080, 2583, 2086, 1589], 'correct': [2703, 1750, 977, 465]}
ratio: 0.9450751764341991
[EPOCH 9 VAL]
time: 102.00 seconds
loss:2.796841 = (1-reg):0.00 * r2l_loss:7.443036 + (reg):1.00 * l2r_loss:2.796841
r2l_scores: {'Bleu_1': 0.0, 'Bleu_2': 0.0, 'Bleu_3': 0.0, 'Bleu_4': 0.0, 'METEOR': 0.0, 'ROUGE_L': 0.0, 'CIDEr': 0.0}
l2r_scores: {'Bleu_1': 0.8280479523490964, 'Bleu_2': 0.7275530140447685, 'Bleu_3': 0.6161548936991691, 'Bleu_4': 0.5041267354970351, 'METEOR': 0.31768609418242155, 'ROUGE_L': 0.6530022267953706, 'CIDEr': 0.6198143273504302}


[EPOCH 10 TRAIN]
time: 192.13 seconds | lr: 0.000100
loss:2.249748 = (1-reg):0.00 * r2l_loss:7.443036 + (reg):1.00 * l2r_loss:2.249748
{'testlen': 0, 'reflen': 2481, 'guess': [0, 0, 0, 0], 'correct': [0, 0, 0, 0]}
ratio: 4.030632809349444e-19
{'testlen': 3157, 'reflen': 3319, 'guess': [3157, 2660, 2163, 1666], 'correct': [2704, 1656, 889, 418]}
ratio: 0.951190117504986
[EPOCH 10 VAL]
time: 102.48 seconds
loss:2.802534 = (1-reg):0.00 * r2l_loss:7.443036 + (reg):1.00 * l2r_loss:2.802534
r2l_scores: {'Bleu_1': 0.0, 'Bleu_2': 0.0, 'Bleu_3': 0.0, 'Bleu_4': 0.0, 'METEOR': 0.0, 'ROUGE_L': 0.0, 'CIDEr': 0.0}
l2r_scores: {'Bleu_1': 0.8136665907858247, 'Bleu_2': 0.6936969410380632, 'Bleu_3': 0.5727517081187684, 'Bleu_4': 0.4600221153361701, 'METEOR': 0.3048245469865683, 'ROUGE_L': 0.631118169985397, 'CIDEr': 0.5675907623470491}


[EPOCH 11 TRAIN]
time: 195.11 seconds | lr: 0.000100
loss:2.201057 = (1-reg):0.00 * r2l_loss:7.443036 + (reg):1.00 * l2r_loss:2.201057
{'testlen': 0, 'reflen': 2481, 'guess': [0, 0, 0, 0], 'correct': [0, 0, 0, 0]}
ratio: 4.030632809349444e-19
{'testlen': 3207, 'reflen': 3333, 'guess': [3207, 2710, 2213, 1716], 'correct': [2790, 1754, 942, 435]}
ratio: 0.9621962196216736
[EPOCH 11 VAL]
time: 101.98 seconds
loss:2.793547 = (1-reg):0.00 * r2l_loss:7.443036 + (reg):1.00 * l2r_loss:2.793547
r2l_scores: {'Bleu_1': 0.0, 'Bleu_2': 0.0, 'Bleu_3': 0.0, 'Bleu_4': 0.0, 'METEOR': 0.0, 'ROUGE_L': 0.0, 'CIDEr': 0.0}
l2r_scores: {'Bleu_1': 0.8364543103506359, 'Bleu_2': 0.7214724483646638, 'Bleu_3': 0.5972396838808723, 'Bleu_4': 0.4773519830507598, 'METEOR': 0.30853951100935384, 'ROUGE_L': 0.635532637862184, 'CIDEr': 0.5916680175365808}


[EPOCH 12 TRAIN]
time: 194.29 seconds | lr: 0.000100
loss:2.155703 = (1-reg):0.00 * r2l_loss:7.443036 + (reg):1.00 * l2r_loss:2.155703
{'testlen': 0, 'reflen': 2481, 'guess': [0, 0, 0, 0], 'correct': [0, 0, 0, 0]}
ratio: 4.030632809349444e-19
{'testlen': 3059, 'reflen': 3237, 'guess': [3059, 2562, 2065, 1568], 'correct': [2662, 1648, 865, 374]}
ratio: 0.9450108124804001
[EPOCH 12 VAL]
time: 101.87 seconds
loss:2.810441 = (1-reg):0.00 * r2l_loss:7.443036 + (reg):1.00 * l2r_loss:2.810441
r2l_scores: {'Bleu_1': 0.0, 'Bleu_2': 0.0, 'Bleu_3': 0.0, 'Bleu_4': 0.0, 'METEOR': 0.0, 'ROUGE_L': 0.0, 'CIDEr': 0.0}
l2r_scores: {'Bleu_1': 0.8210269897478308, 'Bleu_2': 0.7058821306154556, 'Bleu_3': 0.5817857715184631, 'Bleu_4': 0.45881321973392514, 'METEOR': 0.3008424436261334, 'ROUGE_L': 0.629908054136453, 'CIDEr': 0.5555660596689986}


[EPOCH 13 TRAIN]
time: 197.07 seconds | lr: 0.000100
loss:2.113879 = (1-reg):0.00 * r2l_loss:7.443036 + (reg):1.00 * l2r_loss:2.113879
{'testlen': 0, 'reflen': 2481, 'guess': [0, 0, 0, 0], 'correct': [0, 0, 0, 0]}
ratio: 4.030632809349444e-19
{'testlen': 3307, 'reflen': 3433, 'guess': [3307, 2810, 2313, 1816], 'correct': [2834, 1764, 963, 436]}
ratio: 0.9632974075150121
[EPOCH 13 VAL]
time: 102.87 seconds
loss:2.812054 = (1-reg):0.00 * r2l_loss:7.443036 + (reg):1.00 * l2r_loss:2.812054
r2l_scores: {'Bleu_1': 0.0, 'Bleu_2': 0.0, 'Bleu_3': 0.0, 'Bleu_4': 0.0, 'METEOR': 0.0, 'ROUGE_L': 0.0, 'CIDEr': 0.0}
l2r_scores: {'Bleu_1': 0.8249328494097332, 'Bleu_2': 0.7060442212422356, 'Bleu_3': 0.5845959499710176, 'Bleu_4': 0.46355124271465264, 'METEOR': 0.3097156329942066, 'ROUGE_L': 0.6327695277890512, 'CIDEr': 0.5712987929157883}


[EPOCH 14 TRAIN]
time: 196.30 seconds | lr: 0.000100
loss:2.073581 = (1-reg):0.00 * r2l_loss:7.443036 + (reg):1.00 * l2r_loss:2.073581
{'testlen': 0, 'reflen': 2481, 'guess': [0, 0, 0, 0], 'correct': [0, 0, 0, 0]}
ratio: 4.030632809349444e-19
{'testlen': 3209, 'reflen': 3357, 'guess': [3209, 2712, 2215, 1718], 'correct': [2758, 1700, 906, 419]}
ratio: 0.9559130175749312
[EPOCH 14 VAL]
time: 103.90 seconds
loss:2.821589 = (1-reg):0.00 * r2l_loss:7.443036 + (reg):1.00 * l2r_loss:2.821589
r2l_scores: {'Bleu_1': 0.0, 'Bleu_2': 0.0, 'Bleu_3': 0.0, 'Bleu_4': 0.0, 'METEOR': 0.0, 'ROUGE_L': 0.0, 'CIDEr': 0.0}
l2r_scores: {'Bleu_1': 0.8207195122887398, 'Bleu_2': 0.7009097551206576, 'Bleu_3': 0.5767881066493311, 'Bleu_4': 0.45978255770331167, 'METEOR': 0.30428818598122154, 'ROUGE_L': 0.6239393806286718, 'CIDEr': 0.5849548582508823}


[EPOCH 15 TRAIN]
time: 196.91 seconds | lr: 0.000100
loss:2.035080 = (1-reg):0.00 * r2l_loss:7.443036 + (reg):1.00 * l2r_loss:2.035080
{'testlen': 0, 'reflen': 2481, 'guess': [0, 0, 0, 0], 'correct': [0, 0, 0, 0]}
ratio: 4.030632809349444e-19
{'testlen': 3513, 'reflen': 3584, 'guess': [3513, 3016, 2519, 2022], 'correct': [2916, 1753, 913, 424]}
ratio: 0.9801897321425836
[EPOCH 15 VAL]
time: 123.84 seconds
loss:2.844113 = (1-reg):0.00 * r2l_loss:7.443036 + (reg):1.00 * l2r_loss:2.844113
r2l_scores: {'Bleu_1': 0.0, 'Bleu_2': 0.0, 'Bleu_3': 0.0, 'Bleu_4': 0.0, 'METEOR': 0.0, 'ROUGE_L': 0.0, 'CIDEr': 0.0}
l2r_scores: {'Bleu_1': 0.8134521245045752, 'Bleu_2': 0.6806950654087095, 'Bleu_3': 0.5480120996968142, 'Bleu_4': 0.4288391671761928, 'METEOR': 0.3033798743190002, 'ROUGE_L': 0.6177303912899021, 'CIDEr': 0.5586354171710578}


[EPOCH 16 TRAIN]
time: 188.00 seconds | lr: 0.000050
loss:1.942038 = (1-reg):0.00 * r2l_loss:7.443036 + (reg):1.00 * l2r_loss:1.942038
{'testlen': 0, 'reflen': 2481, 'guess': [0, 0, 0, 0], 'correct': [0, 0, 0, 0]}
ratio: 4.030632809349444e-19
{'testlen': 3267, 'reflen': 3402, 'guess': [3267, 2770, 2273, 1776], 'correct': [2765, 1641, 849, 405]}
ratio: 0.960317460317178
[EPOCH 16 VAL]
time: 100.96 seconds
loss:2.844397 = (1-reg):0.00 * r2l_loss:7.443036 + (reg):1.00 * l2r_loss:2.844397
r2l_scores: {'Bleu_1': 0.0, 'Bleu_2': 0.0, 'Bleu_3': 0.0, 'Bleu_4': 0.0, 'METEOR': 0.0, 'ROUGE_L': 0.0, 'CIDEr': 0.0}
l2r_scores: {'Bleu_1': 0.812082119378186, 'Bleu_2': 0.6794247349159235, 'Bleu_3': 0.5489696094803354, 'Bleu_4': 0.43619203341785645, 'METEOR': 0.300588896948435, 'ROUGE_L': 0.6157329055908884, 'CIDEr': 0.5399276825968278}



[BEST: 6 | SEED: 904666 | VAL-CIDEr: 0.6296260575000304]
{'testlen': 0, 'reflen': 15259, 'guess': [0, 0, 0, 0], 'correct': [0, 0, 0, 0]}
ratio: 6.553509404285566e-20
{'testlen': 18594, 'reflen': 19836, 'guess': [18594, 15604, 12614, 9624], 'correct': [16339, 10374, 5604, 2595]}
ratio: 0.937386569872911
time: 517.99 seconds
r2l_scores: {'Bleu_1': 0.0, 'Bleu_2': 0.0, 'Bleu_3': 0.0, 'Bleu_4': 0.0, 'METEOR': 0.0, 'ROUGE_L': 0.0, 'CIDEr': 0.0}
l2r_scores: {'Bleu_1': 0.821946640269851, 'Bleu_2': 0.7149447025201048, 'Bleu_3': 0.5966601887504414, 'Bleu_4': 0.4811034568769807, 'METEOR': 0.30590486484695684, 'ROUGE_L': 0.6432891250510334, 'CIDEr': 0.6144959486449173}
----------------------------------------
>> [Train time] Total: 3136.52 seconds => Per epoch: 196.03 seconds
>> [Val time] Total: 1666.86 seconds => Per epoch: 104.18 seconds
